86,86,2023-10-18 05:43:49.0084644,4717,LogAlways,Microsoft-Windows-Security-Auditing,Security,656,772,WIN-FUDU2CKJOE8,0,,System security access was granted to an account,\MINWINPC$ (S-1-5-18),,TargetSID: S-1-5-80-0,AccessGranted: SeServiceLogonRight,,,,,,False,C:\Users\BRIANNA\OneDrive\Documents\GitHub\NSSECU3_MP2\Test Files\EvtLogs\APTSimulatorVM_EventLogs_Server2022\logs\Security.evtx,Audit success,0,"{""EventData"":{""Data"":[{""@Name"":""SubjectUserSid"",""#text"":""S-1-5-18""},{""@Name"":""SubjectUserName"",""#text"":""MINWINPC$""},{""@Name"":""SubjectDomainName""},{""@Name"":""SubjectLogonId"",""#text"":""0x3E7""},{""@Name"":""TargetSid"",""#text"":""S-1-5-80-0""},{""@Name"":""AccessGranted"",""#text"":""SeServiceLogonRight""}]}}"
87,87,2023-10-18 05:43:49.0120582,4799,LogAlways,Microsoft-Windows-Security-Auditing,Security,656,772,WIN-FUDU2CKJOE8,0,,A security-enabled local group membership was enumerated,\MINWINPC$ (S-1-5-18),,Target: Builtin\Users (S-1-5-32-545),SubjectLogonId: 0x3E7,CallerProcessName: C:\Windows\System32\services.exe,CallerProcessId: 0x270,,,,False,C:\Users\BRIANNA\OneDrive\Documents\GitHub\NSSECU3_MP2\Test Files\EvtLogs\APTSimulatorVM_EventLogs_Server2022\logs\Security.evtx,Audit success,0,"{""EventData"":{""Data"":[{""@Name"":""TargetUserName"",""#text"":""Users""},{""@Name"":""TargetDomainName"",""#text"":""Builtin""},{""@Name"":""TargetSid"",""#text"":""S-1-5-32-545""},{""@Name"":""SubjectUserSid"",""#text"":""S-1-5-18""},{""@Name"":""SubjectUserName"",""#text"":""MINWINPC$""},{""@Name"":""SubjectDomainName""},{""@Name"":""SubjectLogonId"",""#text"":""0x3E7""},{""@Name"":""CallerProcessId"",""#text"":""0x270""},{""@Name"":""CallerProcessName"",""#text"":""C:\\Windows\\System32\\services.exe""}]}}"
88,88,2023-10-18 05:43:49.0121904,4732,LogAlways,Microsoft-Windows-Security-Auditing,Security,656,772,WIN-FUDU2CKJOE8,0,,A member was added to a security-enabled local group,\MINWINPC$ (S-1-5-18),,Target: Builtin\Users (S-1-5-32-545),SubjectLogonId: 0x3E7,MemberName: -,MemberSid: S-1-5-4,PrivilegeList: -,,,False,C:\Users\BRIANNA\OneDrive\Documents\GitHub\NSSECU3_MP2\Test Files\EvtLogs\APTSimulatorVM_EventLogs_Server2022\logs\Security.evtx,Audit success,0,"{""EventData"":{""Data"":[{""@Name"":""MemberName"",""#text"":""-""},{""@Name"":""MemberSid"",""#text"":""S-1-5-4""},{""@Name"":""TargetUserName"",""#text"":""Users""},{""@Name"":""TargetDomainName"",""#text"":""Builtin""},{""@Name"":""TargetSid"",""#text"":""S-1-5-32-545""},{""@Name"":""SubjectUserSid"",""#text"":""S-1-5-18""},{""@Name"":""SubjectUserName"",""#text"":""MINWINPC$""},{""@Name"":""SubjectDomainName""},{""@Name"":""SubjectLogonId"",""#text"":""0x3E7""},{""@Name"":""PrivilegeList"",""#text"":""-""}]}}"
89,89,2023-10-18 05:43:49.0124796,4732,LogAlways,Microsoft-Windows-Security-Auditing,Security,656,772,WIN-FUDU2CKJOE8,0,,A member was added to a security-enabled local group,\MINWINPC$ (S-1-5-18),,Target: Builtin\Users (S-1-5-32-545),SubjectLogonId: 0x3E7,MemberName: -,MemberSid: S-1-5-11,PrivilegeList: -,,,False,C:\Users\BRIANNA\OneDrive\Documents\GitHub\NSSECU3_MP2\Test Files\EvtLogs\APTSimulatorVM_EventLogs_Server2022\logs\Security.evtx,Audit success,0,"{""EventData"":{""Data"":[{""@Name"":""MemberName"",""#text"":""-""},{""@Name"":""MemberSid"",""#text"":""S-1-5-11""},{""@Name"":""TargetUserName"",""#text"":""Users""},{""@Name"":""TargetDomainName"",""#text"":""Builtin""},{""@Name"":""TargetSid"",""#text"":""S-1-5-32-545""},{""@Name"":""SubjectUserSid"",""#text"":""S-1-5-18""},{""@Name"":""SubjectUserName"",""#text"":""MINWINPC$""},{""@Name"":""SubjectDomainName""},{""@Name"":""SubjectLogonId"",""#text"":""0x3E7""},{""@Name"":""PrivilegeList"",""#text"":""-""}]}}"
90,90,2023-10-18 05:43:49.2008877,4739,LogAlways,Microsoft-Windows-Security-Auditing,Security,656,772,WIN-FUDU2CKJOE8,0,,,,,,,,,,,,False,C:\Users\BRIANNA\OneDrive\Documents\GitHub\NSSECU3_MP2\Test Files\EvtLogs\APTSimulatorVM_EventLogs_Server2022\logs\Security.evtx,Audit success,0,"{""EventData"":{""Data"":[{""@Name"":""DomainPolicyChanged"",""#text"":""Password Policy""},{""@Name"":""DomainName"",""#text"":""MINWINPC""},{""@Name"":""DomainSid"",""#text"":""S-1-5-21-3275454858-3348516582-95323724""},{""@Name"":""SubjectUserSid"",""#text"":""S-1-5-18""},{""@Name"":""SubjectUserName"",""#text"":""MINWINPC$""},{""@Name"":""SubjectDomainName""},{""@Name"":""SubjectLogonId"",""#text"":""0x3E7""},{""@Name"":""PrivilegeList"",""#text"":""-""},{""@Name"":""MinPasswordAge"",""#text"":""unavailable""},{""@Name"":""MaxPasswordAge"",""#text"":""42:00:00:00""},{""@Name"":""ForceLogoff"",""#text"":""-""},{""@Name"":""LockoutThreshold"",""#text"":""-""},{""@Name"":""LockoutObservationWindow"",""#text"":""-""},{""@Name"":""LockoutDuration"",""#text"":""-""},{""@Name"":""PasswordProperties"",""#text"":""9""},{""@Name"":""MinPasswordLength"",""#text"":""0""},{""@Name"":""PasswordHistoryLength"",""#text"":""0""},{""@Name"":""MachineAccountQuota"",""#text"":""-""},{""@Name"":""MixedDomainMode"",""#text"":""-""},{""@Name"":""DomainBehaviorVersion"",""#text"":""-""},{""@Name"":""OemInformation"",""#text"":""-""}]}}"
91,91,2023-10-18 05:43:49.7070191,4624,LogAlways,Microsoft-Windows-Security-Auditing,Security,656,720,WIN-FUDU2CKJOE8,0,,Successful logon,\MINWINPC$,- (-),Target: NT AUTHORITY\SYSTEM,LogonType 5,LogonId: 0x3E7,AuthenticationPackageName: Negotiate,"LogonProcessName: Advapi  ",,C:\Windows\System32\services.exe,False,C:\Users\BRIANNA\OneDrive\Documents\GitHub\NSSECU3_MP2\Test Files\EvtLogs\APTSimulatorVM_EventLogs_Server2022\logs\Security.evtx,Audit success,0,"{""EventData"":{""Data"":[{""@Name"":""SubjectUserSid"",""#text"":""S-1-5-18""},{""@Name"":""SubjectUserName"",""#text"":""MINWINPC$""},{""@Name"":""SubjectDomainName""},{""@Name"":""SubjectLogonId"",""#text"":""0x3E7""},{""@Name"":""TargetUserSid"",""#text"":""S-1-5-18""},{""@Name"":""TargetUserName"",""#text"":""SYSTEM""},{""@Name"":""TargetDomainName"",""#text"":""NT AUTHORITY""},{""@Name"":""TargetLogonId"",""#text"":""0x3E7""},{""@Name"":""LogonType"",""#text"":""5""},{""@Name"":""LogonProcessName"",""#text"":""Advapi  ""},{""@Name"":""AuthenticationPackageName"",""#text"":""Negotiate""},{""@Name"":""WorkstationName"",""#text"":""-""},{""@Name"":""LogonGuid"",""#text"":""00000000-0000-0000-0000-000000000000""},{""@Name"":""TransmittedServices"",""#text"":""-""},{""@Name"":""LmPackageName"",""#text"":""-""},{""@Name"":""KeyLength"",""#text"":""0""},{""@Name"":""ProcessId"",""#text"":""0x270""},{""@Name"":""ProcessName"",""#text"":""C:\\Windows\\System32\\services.exe""},{""@Name"":""IpAddress"",""#text"":""-""},{""@Name"":""IpPort"",""#text"":""-""},{""@Name"":""ImpersonationLevel"",""#text"":""%%1833""},{""@Name"":""RestrictedAdminMode"",""#text"":""-""},{""@Name"":""TargetOutboundUserName"",""#text"":""-""},{""@Name"":""TargetOutboundDomainName"",""#text"":""-""},{""@Name"":""VirtualAccount"",""#text"":""%%1843""},{""@Name"":""TargetLinkedLogonId"",""#text"":""0x0""},{""@Name"":""ElevatedToken"",""#text"":""%%1842""}]}}"
92,92,2023-10-18 05:43:49.7070259,4672,LogAlways,Microsoft-Windows-Security-Auditing,Security,656,720,WIN-FUDU2CKJOE8,0,,Administrative logon,NT AUTHORITY\SYSTEM (S-1-5-18),,"PrivilegeList: SeAssignPrimaryTokenPrivilege, SeTcbPrivilege, SeSecurityPrivilege, SeTakeOwnershipPrivilege, SeLoadDriverPrivilege, SeBackupPrivilege, SeRestorePrivilege, SeDebugPrivilege, SeAuditPrivilege, SeSystemEnvironmentPrivilege, SeImpersonatePrivilege, SeDelegateSessionUserImpersonatePrivilege",LogonId: 0x3E7,,,,,,False,C:\Users\BRIANNA\OneDrive\Documents\GitHub\NSSECU3_MP2\Test Files\EvtLogs\APTSimulatorVM_EventLogs_Server2022\logs\Security.evtx,Audit success,0,"{""EventData"":{""Data"":[{""@Name"":""SubjectUserSid"",""#text"":""S-1-5-18""},{""@Name"":""SubjectUserName"",""#text"":""SYSTEM""},{""@Name"":""SubjectDomainName"",""#text"":""NT AUTHORITY""},{""@Name"":""SubjectLogonId"",""#text"":""0x3E7""},{""@Name"":""PrivilegeList"",""#text"":""SeAssignPrimaryTokenPrivilege, SeTcbPrivilege, SeSecurityPrivilege, SeTakeOwnershipPrivilege, SeLoadDriverPrivilege, SeBackupPrivilege, SeRestorePrivilege, SeDebugPrivilege, SeAuditPrivilege, SeSystemEnvironmentPrivilege, SeImpersonatePrivilege, SeDelegateSessionUserImpersonatePrivilege""}]}}"
93,93,2023-10-18 05:43:49.7417780,4624,LogAlways,Microsoft-Windows-Security-Auditing,Security,656,772,WIN-FUDU2CKJOE8,0,,Successful logon,\MINWINPC$,- (-),Target: NT AUTHORITY\SYSTEM,LogonType 5,LogonId: 0x3E7,AuthenticationPackageName: Negotiate,"LogonProcessName: Advapi  ",,C:\Windows\System32\services.exe,False,C:\Users\BRIANNA\OneDrive\Documents\GitHub\NSSECU3_MP2\Test Files\EvtLogs\APTSimulatorVM_EventLogs_Server2022\logs\Security.evtx,Audit success,0,"{""EventData"":{""Data"":[{""@Name"":""SubjectUserSid"",""#text"":""S-1-5-18""},{""@Name"":""SubjectUserName"",""#text"":""MINWINPC$""},{""@Name"":""SubjectDomainName""},{""@Name"":""SubjectLogonId"",""#text"":""0x3E7""},{""@Name"":""TargetUserSid"",""#text"":""S-1-5-18""},{""@Name"":""TargetUserName"",""#text"":""SYSTEM""},{""@Name"":""TargetDomainName"",""#text"":""NT AUTHORITY""},{""@Name"":""TargetLogonId"",""#text"":""0x3E7""},{""@Name"":""LogonType"",""#text"":""5""},{""@Name"":""LogonProcessName"",""#text"":""Advapi  ""},{""@Name"":""AuthenticationPackageName"",""#text"":""Negotiate""},{""@Name"":""WorkstationName"",""#text"":""-""},{""@Name"":""LogonGuid"",""#text"":""00000000-0000-0000-0000-000000000000""},{""@Name"":""TransmittedServices"",""#text"":""-""},{""@Name"":""LmPackageName"",""#text"":""-""},{""@Name"":""KeyLength"",""#text"":""0""},{""@Name"":""ProcessId"",""#text"":""0x270""},{""@Name"":""ProcessName"",""#text"":""C:\\Windows\\System32\\services.exe""},{""@Name"":""IpAddress"",""#text"":""-""},{""@Name"":""IpPort"",""#text"":""-""},{""@Name"":""ImpersonationLevel"",""#text"":""%%1833""},{""@Name"":""RestrictedAdminMode"",""#text"":""-""},{""@Name"":""TargetOutboundUserName"",""#text"":""-""},{""@Name"":""TargetOutboundDomainName"",""#text"":""-""},{""@Name"":""VirtualAccount"",""#text"":""%%1843""},{""@Name"":""TargetLinkedLogonId"",""#text"":""0x0""},{""@Name"":""ElevatedToken"",""#text"":""%%1842""}]}}"
94,94,2023-10-18 05:43:49.7417913,4672,LogAlways,Microsoft-Windows-Security-Auditing,Security,656,772,WIN-FUDU2CKJOE8,1,,Administrative logon,NT AUTHORITY\SYSTEM (S-1-5-18),,"PrivilegeList: SeAssignPrimaryTokenPrivilege, SeTcbPrivilege, SeSecurityPrivilege, SeTakeOwnershipPrivilege, SeLoadDriverPrivilege, SeBackupPrivilege, SeRestorePrivilege, SeDebugPrivilege, SeAuditPrivilege, SeSystemEnvironmentPrivilege, SeImpersonatePrivilege, SeDelegateSessionUserImpersonatePrivilege",LogonId: 0x3E7,,,,,,False,C:\Users\BRIANNA\OneDrive\Documents\GitHub\NSSECU3_MP2\Test Files\EvtLogs\APTSimulatorVM_EventLogs_Server2022\logs\Security.evtx,Audit success,0,"{""EventData"":{""Data"":[{""@Name"":""SubjectUserSid"",""#text"":""S-1-5-18""},{""@Name"":""SubjectUserName"",""#text"":""SYSTEM""},{""@Name"":""SubjectDomainName"",""#text"":""NT AUTHORITY""},{""@Name"":""SubjectLogonId"",""#text"":""0x3E7""},{""@Name"":""PrivilegeList"",""#text"":""SeAssignPrimaryTokenPrivilege, SeTcbPrivilege, SeSecurityPrivilege, SeTakeOwnershipPrivilege, SeLoadDriverPrivilege, SeBackupPrivilege, SeRestorePrivilege, SeDebugPrivilege, SeAuditPrivilege, SeSystemEnvironmentPrivilege, SeImpersonatePrivilege, SeDelegateSessionUserImpersonatePrivilege""}]}}"
95,95,2023-10-18 05:43:49.7910008,5379,LogAlways,Microsoft-Windows-Security-Auditing,Security,656,772,WIN-FUDU2CKJOE8,1,,Credential Manager credentials were read,MINWINPC$,,SID: S-1-5-18,"Domain: ",LogonID: 0x3E7,CountOfCredentialsReturned: 0,,ActivityID: 05d46084-0186-0000-7f61-d4058601da01,WindowsLive:name=*,False,C:\Users\BRIANNA\OneDrive\Documents\GitHub\NSSECU3_MP2\Test Files\EvtLogs\APTSimulatorVM_EventLogs_Server2022\logs\Security.evtx,Audit success,0,"{""EventData"":{""Data"":[{""@Name"":""SubjectUserSid"",""#text"":""S-1-5-18""},{""@Name"":""SubjectUserName"",""#text"":""MINWINPC$""},{""@Name"":""SubjectDomainName""},{""@Name"":""SubjectLogonId"",""#text"":""0x3E7""},{""@Name"":""TargetName"",""#text"":""WindowsLive:name=*""},{""@Name"":""Type"",""#text"":""0""},{""@Name"":""CountOfCredentialsReturned"",""#text"":""0""},{""@Name"":""ReadOperation"",""#text"":""%%8100""},{""@Name"":""ReturnCode"",""#text"":""3221226021""},{""@Name"":""ProcessCreationTime"",""#text"":""2023-10-18 05:43:42.7801622""},{""@Name"":""ClientProcessId"",""#text"":""364""}]}}"
96,96,2023-10-18 05:43:49.7911413,5379,LogAlways,Microsoft-Windows-Security-Auditing,Security,656,772,WIN-FUDU2CKJOE8,1,,Credential Manager credentials were read,MINWINPC$,,SID: S-1-5-18,"Domain: ",LogonID: 0x3E7,CountOfCredentialsReturned: 0,,ActivityID: 05d46084-0186-0000-7f61-d4058601da01,WindowsLive:user=*,False,C:\Users\BRIANNA\OneDrive\Documents\GitHub\NSSECU3_MP2\Test Files\EvtLogs\APTSimulatorVM_EventLogs_Server2022\logs\Security.evtx,Audit success,0,"{""EventData"":{""Data"":[{""@Name"":""SubjectUserSid"",""#text"":""S-1-5-18""},{""@Name"":""SubjectUserName"",""#text"":""MINWINPC$""},{""@Name"":""SubjectDomainName""},{""@Name"":""SubjectLogonId"",""#text"":""0x3E7""},{""@Name"":""TargetName"",""#text"":""WindowsLive:user=*""},{""@Name"":""Type"",""#text"":""0""},{""@Name"":""CountOfCredentialsReturned"",""#text"":""0""},{""@Name"":""ReadOperation"",""#text"":""%%8100""},{""@Name"":""ReturnCode"",""#text"":""3221226021""},{""@Name"":""ProcessCreationTime"",""#text"":""2023-10-18 05:43:42.7801622""},{""@Name"":""ClientProcessId"",""#text"":""364""}]}}"
97,97,2023-10-18 05:43:49.8227724,4624,LogAlways,Microsoft-Windows-Security-Auditing,Security,656,772,WIN-FUDU2CKJOE8,1,,Successful logon,\MINWINPC$,- (-),Target: NT AUTHORITY\SYSTEM,LogonType 5,LogonId: 0x3E7,AuthenticationPackageName: Negotiate,"LogonProcessName: Advapi  ",,C:\Windows\System32\services.exe,False,C:\Users\BRIANNA\OneDrive\Documents\GitHub\NSSECU3_MP2\Test Files\EvtLogs\APTSimulatorVM_EventLogs_Server2022\logs\Security.evtx,Audit success,0,"{""EventData"":{""Data"":[{""@Name"":""SubjectUserSid"",""#text"":""S-1-5-18""},{""@Name"":""SubjectUserName"",""#text"":""MINWINPC$""},{""@Name"":""SubjectDomainName""},{""@Name"":""SubjectLogonId"",""#text"":""0x3E7""},{""@Name"":""TargetUserSid"",""#text"":""S-1-5-18""},{""@Name"":""TargetUserName"",""#text"":""SYSTEM""},{""@Name"":""TargetDomainName"",""#text"":""NT AUTHORITY""},{""@Name"":""TargetLogonId"",""#text"":""0x3E7""},{""@Name"":""LogonType"",""#text"":""5""},{""@Name"":""LogonProcessName"",""#text"":""Advapi  ""},{""@Name"":""AuthenticationPackageName"",""#text"":""Negotiate""},{""@Name"":""WorkstationName"",""#text"":""-""},{""@Name"":""LogonGuid"",""#text"":""00000000-0000-0000-0000-000000000000""},{""@Name"":""TransmittedServices"",""#text"":""-""},{""@Name"":""LmPackageName"",""#text"":""-""},{""@Name"":""KeyLength"",""#text"":""0""},{""@Name"":""ProcessId"",""#text"":""0x270""},{""@Name"":""ProcessName"",""#text"":""C:\\Windows\\System32\\services.exe""},{""@Name"":""IpAddress"",""#text"":""-""},{""@Name"":""IpPort"",""#text"":""-""},{""@Name"":""ImpersonationLevel"",""#text"":""%%1833""},{""@Name"":""RestrictedAdminMode"",""#text"":""-""},{""@Name"":""TargetOutboundUserName"",""#text"":""-""},{""@Name"":""TargetOutboundDomainName"",""#text"":""-""},{""@Name"":""VirtualAccount"",""#text"":""%%1843""},{""@Name"":""TargetLinkedLogonId"",""#text"":""0x0""},{""@Name"":""ElevatedToken"",""#text"":""%%1842""}]}}"
98,98,2023-10-18 05:43:49.8227789,4672,LogAlways,Microsoft-Windows-Security-Auditing,Security,656,772,WIN-FUDU2CKJOE8,1,,Administrative logon,NT AUTHORITY\SYSTEM (S-1-5-18),,"PrivilegeList: SeAssignPrimaryTokenPrivilege, SeTcbPrivilege, SeSecurityPrivilege, SeTakeOwnershipPrivilege, SeLoadDriverPrivilege, SeBackupPrivilege, SeRestorePrivilege, SeDebugPrivilege, SeAuditPrivilege, SeSystemEnvironmentPrivilege, SeImpersonatePrivilege, SeDelegateSessionUserImpersonatePrivilege",LogonId: 0x3E7,,,,,,False,C:\Users\BRIANNA\OneDrive\Documents\GitHub\NSSECU3_MP2\Test Files\EvtLogs\APTSimulatorVM_EventLogs_Server2022\logs\Security.evtx,Audit success,0,"{""EventData"":{""Data"":[{""@Name"":""SubjectUserSid"",""#text"":""S-1-5-18""},{""@Name"":""SubjectUserName"",""#text"":""SYSTEM""},{""@Name"":""SubjectDomainName"",""#text"":""NT AUTHORITY""},{""@Name"":""SubjectLogonId"",""#text"":""0x3E7""},{""@Name"":""PrivilegeList"",""#text"":""SeAssignPrimaryTokenPrivilege, SeTcbPrivilege, SeSecurityPrivilege, SeTakeOwnershipPrivilege, SeLoadDriverPrivilege, SeBackupPrivilege, SeRestorePrivilege, SeDebugPrivilege, SeAuditPrivilege, SeSystemEnvironmentPrivilege, SeImpersonatePrivilege, SeDelegateSessionUserImpersonatePrivilege""}]}}"
99,99,2023-10-18 05:43:49.8976943,4624,LogAlways,Microsoft-Windows-Security-Auditing,Security,656,772,WIN-FUDU2CKJOE8,1,,Successful logon,\MINWINPC$,- (-),Target: NT AUTHORITY\SYSTEM,LogonType 5,LogonId: 0x3E7,AuthenticationPackageName: Negotiate,"LogonProcessName: Advapi  ",,C:\Windows\System32\services.exe,False,C:\Users\BRIANNA\OneDrive\Documents\GitHub\NSSECU3_MP2\Test Files\EvtLogs\APTSimulatorVM_EventLogs_Server2022\logs\Security.evtx,Audit success,0,"{""EventData"":{""Data"":[{""@Name"":""SubjectUserSid"",""#text"":""S-1-5-18""},{""@Name"":""SubjectUserName"",""#text"":""MINWINPC$""},{""@Name"":""SubjectDomainName""},{""@Name"":""SubjectLogonId"",""#text"":""0x3E7""},{""@Name"":""TargetUserSid"",""#text"":""S-1-5-18""},{""@Name"":""TargetUserName"",""#text"":""SYSTEM""},{""@Name"":""TargetDomainName"",""#text"":""NT AUTHORITY""},{""@Name"":""TargetLogonId"",""#text"":""0x3E7""},{""@Name"":""LogonType"",""#text"":""5""},{""@Name"":""LogonProcessName"",""#text"":""Advapi  ""},{""@Name"":""AuthenticationPackageName"",""#text"":""Negotiate""},{""@Name"":""WorkstationName"",""#text"":""-""},{""@Name"":""LogonGuid"",""#text"":""00000000-0000-0000-0000-000000000000""},{""@Name"":""TransmittedServices"",""#text"":""-""},{""@Name"":""LmPackageName"",""#text"":""-""},{""@Name"":""KeyLength"",""#text"":""0""},{""@Name"":""ProcessId"",""#text"":""0x270""},{""@Name"":""ProcessName"",""#text"":""C:\\Windows\\System32\\services.exe""},{""@Name"":""IpAddress"",""#text"":""-""},{""@Name"":""IpPort"",""#text"":""-""},{""@Name"":""ImpersonationLevel"",""#text"":""%%1833""},{""@Name"":""RestrictedAdminMode"",""#text"":""-""},{""@Name"":""TargetOutboundUserName"",""#text"":""-""},{""@Name"":""TargetOutboundDomainName"",""#text"":""-""},{""@Name"":""VirtualAccount"",""#text"":""%%1843""},{""@Name"":""TargetLinkedLogonId"",""#text"":""0x0""},{""@Name"":""ElevatedToken"",""#text"":""%%1842""}]}}"
100,100,2023-10-18 05:43:49.8977014,4672,LogAlways,Microsoft-Windows-Security-Auditing,Security,656,772,WIN-FUDU2CKJOE8,1,,Administrative logon,NT AUTHORITY\SYSTEM (S-1-5-18),,"PrivilegeList: SeAssignPrimaryTokenPrivilege, SeTcbPrivilege, SeSecurityPrivilege, SeTakeOwnershipPrivilege, SeLoadDriverPrivilege, SeBackupPrivilege, SeRestorePrivilege, SeDebugPrivilege, SeAuditPrivilege, SeSystemEnvironmentPrivilege, SeImpersonatePrivilege, SeDelegateSessionUserImpersonatePrivilege",LogonId: 0x3E7,,,,,,False,C:\Users\BRIANNA\OneDrive\Documents\GitHub\NSSECU3_MP2\Test Files\EvtLogs\APTSimulatorVM_EventLogs_Server2022\logs\Security.evtx,Audit success,0,"{""EventData"":{""Data"":[{""@Name"":""SubjectUserSid"",""#text"":""S-1-5-18""},{""@Name"":""SubjectUserName"",""#text"":""SYSTEM""},{""@Name"":""SubjectDomainName"",""#text"":""NT AUTHORITY""},{""@Name"":""SubjectLogonId"",""#text"":""0x3E7""},{""@Name"":""PrivilegeList"",""#text"":""SeAssignPrimaryTokenPrivilege, SeTcbPrivilege, SeSecurityPrivilege, SeTakeOwnershipPrivilege, SeLoadDriverPrivilege, SeBackupPrivilege, SeRestorePrivilege, SeDebugPrivilege, SeAuditPrivilege, SeSystemEnvironmentPrivilege, SeImpersonatePrivilege, SeDelegateSessionUserImpersonatePrivilege""}]}}"
101,101,2023-10-18 05:43:49.9766245,5379,LogAlways,Microsoft-Windows-Security-Auditing,Security,656,720,WIN-FUDU2CKJOE8,1,,Credential Manager credentials were read,MINWINPC$,,SID: S-1-5-18,"Domain: ",LogonID: 0x3E7,CountOfCredentialsReturned: 0,,ActivityID: 05d46084-0186-0000-7f61-d4058601da01,,False,C:\Users\BRIANNA\OneDrive\Documents\GitHub\NSSECU3_MP2\Test Files\EvtLogs\APTSimulatorVM_EventLogs_Server2022\logs\Security.evtx,Audit success,0,"{""EventData"":{""Data"":[{""@Name"":""SubjectUserSid"",""#text"":""S-1-5-18""},{""@Name"":""SubjectUserName"",""#text"":""MINWINPC$""},{""@Name"":""SubjectDomainName""},{""@Name"":""SubjectLogonId"",""#text"":""0x3E7""},{""@Name"":""TargetName""},{""@Name"":""Type"",""#text"":""0""},{""@Name"":""CountOfCredentialsReturned"",""#text"":""0""},{""@Name"":""ReadOperation"",""#text"":""%%8100""},{""@Name"":""ReturnCode"",""#text"":""3221226021""},{""@Name"":""ProcessCreationTime"",""#text"":""2023-10-18 05:43:42.7801622""},{""@Name"":""ClientProcessId"",""#text"":""364""}]}}"
102,102,2023-10-18 05:43:50.0145343,5379,LogAlways,Microsoft-Windows-Security-Auditing,Security,656,772,WIN-FUDU2CKJOE8,1,,Credential Manager credentials were read,MINWINPC$,,SID: S-1-5-18,"Domain: ",LogonID: 0x3E7,CountOfCredentialsReturned: 0,,ActivityID: 05d46084-0186-0000-7f61-d4058601da01,,False,C:\Users\BRIANNA\OneDrive\Documents\GitHub\NSSECU3_MP2\Test Files\EvtLogs\APTSimulatorVM_EventLogs_Server2022\logs\Security.evtx,Audit success,0,"{""EventData"":{""Data"":[{""@Name"":""SubjectUserSid"",""#text"":""S-1-5-18""},{""@Name"":""SubjectUserName"",""#text"":""MINWINPC$""},{""@Name"":""SubjectDomainName""},{""@Name"":""SubjectLogonId"",""#text"":""0x3E7""},{""@Name"":""TargetName""},{""@Name"":""Type"",""#text"":""0""},{""@Name"":""CountOfCredentialsReturned"",""#text"":""0""},{""@Name"":""ReadOperation"",""#text"":""%%8100""},{""@Name"":""ReturnCode"",""#text"":""3221226021""},{""@Name"":""ProcessCreationTime"",""#text"":""2023-10-18 05:43:42.7801622""},{""@Name"":""ClientProcessId"",""#text"":""364""}]}}"
103,103,2023-10-18 05:43:50.0450918,5033,LogAlways,Microsoft-Windows-Security-Auditing,Security,4,32,WIN-FUDU2CKJOE8,1,,,,,,,,,,,,False,C:\Users\BRIANNA\OneDrive\Documents\GitHub\NSSECU3_MP2\Test Files\EvtLogs\APTSimulatorVM_EventLogs_Server2022\logs\Security.evtx,Audit success,0,"{""EventData"":""""}"
104,104,2023-10-18 05:43:50.3416295,4624,LogAlways,Microsoft-Windows-Security-Auditing,Security,656,772,WIN-FUDU2CKJOE8,1,,Successful logon,\MINWINPC$,- (-),Target: NT AUTHORITY\SYSTEM,LogonType 5,LogonId: 0x3E7,AuthenticationPackageName: Negotiate,"LogonProcessName: Advapi  ",,C:\Windows\System32\services.exe,False,C:\Users\BRIANNA\OneDrive\Documents\GitHub\NSSECU3_MP2\Test Files\EvtLogs\APTSimulatorVM_EventLogs_Server2022\logs\Security.evtx,Audit success,0,"{""EventData"":{""Data"":[{""@Name"":""SubjectUserSid"",""#text"":""S-1-5-18""},{""@Name"":""SubjectUserName"",""#text"":""MINWINPC$""},{""@Name"":""SubjectDomainName""},{""@Name"":""SubjectLogonId"",""#text"":""0x3E7""},{""@Name"":""TargetUserSid"",""#text"":""S-1-5-18""},{""@Name"":""TargetUserName"",""#text"":""SYSTEM""},{""@Name"":""TargetDomainName"",""#text"":""NT AUTHORITY""},{""@Name"":""TargetLogonId"",""#text"":""0x3E7""},{""@Name"":""LogonType"",""#text"":""5""},{""@Name"":""LogonProcessName"",""#text"":""Advapi  ""},{""@Name"":""AuthenticationPackageName"",""#text"":""Negotiate""},{""@Name"":""WorkstationName"",""#text"":""-""},{""@Name"":""LogonGuid"",""#text"":""00000000-0000-0000-0000-000000000000""},{""@Name"":""TransmittedServices"",""#text"":""-""},{""@Name"":""LmPackageName"",""#text"":""-""},{""@Name"":""KeyLength"",""#text"":""0""},{""@Name"":""ProcessId"",""#text"":""0x270""},{""@Name"":""ProcessName"",""#text"":""C:\\Windows\\System32\\services.exe""},{""@Name"":""IpAddress"",""#text"":""-""},{""@Name"":""IpPort"",""#text"":""-""},{""@Name"":""ImpersonationLevel"",""#text"":""%%1833""},{""@Name"":""RestrictedAdminMode"",""#text"":""-""},{""@Name"":""TargetOutboundUserName"",""#text"":""-""},{""@Name"":""TargetOutboundDomainName"",""#text"":""-""},{""@Name"":""VirtualAccount"",""#text"":""%%1843""},{""@Name"":""TargetLinkedLogonId"",""#text"":""0x0""},{""@Name"":""ElevatedToken"",""#text"":""%%1842""}]}}"
105,105,2023-10-18 05:43:50.3416359,4672,LogAlways,Microsoft-Windows-Security-Auditing,Security,656,772,WIN-FUDU2CKJOE8,1,,Administrative logon,NT AUTHORITY\SYSTEM (S-1-5-18),,"PrivilegeList: SeAssignPrimaryTokenPrivilege, SeTcbPrivilege, SeSecurityPrivilege, SeTakeOwnershipPrivilege, SeLoadDriverPrivilege, SeBackupPrivilege, SeRestorePrivilege, SeDebugPrivilege, SeAuditPrivilege, SeSystemEnvironmentPrivilege, SeImpersonatePrivilege, SeDelegateSessionUserImpersonatePrivilege",LogonId: 0x3E7,,,,,,False,C:\Users\BRIANNA\OneDrive\Documents\GitHub\NSSECU3_MP2\Test Files\EvtLogs\APTSimulatorVM_EventLogs_Server2022\logs\Security.evtx,Audit success,0,"{""EventData"":{""Data"":[{""@Name"":""SubjectUserSid"",""#text"":""S-1-5-18""},{""@Name"":""SubjectUserName"",""#text"":""SYSTEM""},{""@Name"":""SubjectDomainName"",""#text"":""NT AUTHORITY""},{""@Name"":""SubjectLogonId"",""#text"":""0x3E7""},{""@Name"":""PrivilegeList"",""#text"":""SeAssignPrimaryTokenPrivilege, SeTcbPrivilege, SeSecurityPrivilege, SeTakeOwnershipPrivilege, SeLoadDriverPrivilege, SeBackupPrivilege, SeRestorePrivilege, SeDebugPrivilege, SeAuditPrivilege, SeSystemEnvironmentPrivilege, SeImpersonatePrivilege, SeDelegateSessionUserImpersonatePrivilege""}]}}"
106,106,2023-10-18 05:43:50.3718167,4624,LogAlways,Microsoft-Windows-Security-Auditing,Security,656,772,WIN-FUDU2CKJOE8,1,,Successful logon,\MINWINPC$,- (-),Target: NT AUTHORITY\SYSTEM,LogonType 5,LogonId: 0x3E7,AuthenticationPackageName: Negotiate,"LogonProcessName: Advapi  ",,C:\Windows\System32\services.exe,False,C:\Users\BRIANNA\OneDrive\Documents\GitHub\NSSECU3_MP2\Test Files\EvtLogs\APTSimulatorVM_EventLogs_Server2022\logs\Security.evtx,Audit success,0,"{""EventData"":{""Data"":[{""@Name"":""SubjectUserSid"",""#text"":""S-1-5-18""},{""@Name"":""SubjectUserName"",""#text"":""MINWINPC$""},{""@Name"":""SubjectDomainName""},{""@Name"":""SubjectLogonId"",""#text"":""0x3E7""},{""@Name"":""TargetUserSid"",""#text"":""S-1-5-18""},{""@Name"":""TargetUserName"",""#text"":""SYSTEM""},{""@Name"":""TargetDomainName"",""#text"":""NT AUTHORITY""},{""@Name"":""TargetLogonId"",""#text"":""0x3E7""},{""@Name"":""LogonType"",""#text"":""5""},{""@Name"":""LogonProcessName"",""#text"":""Advapi  ""},{""@Name"":""AuthenticationPackageName"",""#text"":""Negotiate""},{""@Name"":""WorkstationName"",""#text"":""-""},{""@Name"":""LogonGuid"",""#text"":""00000000-0000-0000-0000-000000000000""},{""@Name"":""TransmittedServices"",""#text"":""-""},{""@Name"":""LmPackageName"",""#text"":""-""},{""@Name"":""KeyLength"",""#text"":""0""},{""@Name"":""ProcessId"",""#text"":""0x270""},{""@Name"":""ProcessName"",""#text"":""C:\\Windows\\System32\\services.exe""},{""@Name"":""IpAddress"",""#text"":""-""},{""@Name"":""IpPort"",""#text"":""-""},{""@Name"":""ImpersonationLevel"",""#text"":""%%1833""},{""@Name"":""RestrictedAdminMode"",""#text"":""-""},{""@Name"":""TargetOutboundUserName"",""#text"":""-""},{""@Name"":""TargetOutboundDomainName"",""#text"":""-""},{""@Name"":""VirtualAccount"",""#text"":""%%1843""},{""@Name"":""TargetLinkedLogonId"",""#text"":""0x0""},{""@Name"":""ElevatedToken"",""#text"":""%%1842""}]}}"
107,107,2023-10-18 05:43:50.3718229,4672,LogAlways,Microsoft-Windows-Security-Auditing,Security,656,772,WIN-FUDU2CKJOE8,1,,Administrative logon,NT AUTHORITY\SYSTEM (S-1-5-18),,"PrivilegeList: SeAssignPrimaryTokenPrivilege, SeTcbPrivilege, SeSecurityPrivilege, SeTakeOwnershipPrivilege, SeLoadDriverPrivilege, SeBackupPrivilege, SeRestorePrivilege, SeDebugPrivilege, SeAuditPrivilege, SeSystemEnvironmentPrivilege, SeImpersonatePrivilege, SeDelegateSessionUserImpersonatePrivilege",LogonId: 0x3E7,,,,,,False,C:\Users\BRIANNA\OneDrive\Documents\GitHub\NSSECU3_MP2\Test Files\EvtLogs\APTSimulatorVM_EventLogs_Server2022\logs\Security.evtx,Audit success,0,"{""EventData"":{""Data"":[{""@Name"":""SubjectUserSid"",""#text"":""S-1-5-18""},{""@Name"":""SubjectUserName"",""#text"":""SYSTEM""},{""@Name"":""SubjectDomainName"",""#text"":""NT AUTHORITY""},{""@Name"":""SubjectLogonId"",""#text"":""0x3E7""},{""@Name"":""PrivilegeList"",""#text"":""SeAssignPrimaryTokenPrivilege, SeTcbPrivilege, SeSecurityPrivilege, SeTakeOwnershipPrivilege, SeLoadDriverPrivilege, SeBackupPrivilege, SeRestorePrivilege, SeDebugPrivilege, SeAuditPrivilege, SeSystemEnvironmentPrivilege, SeImpersonatePrivilege, SeDelegateSessionUserImpersonatePrivilege""}]}}"
108,108,2023-10-18 05:43:50.3756320,4624,LogAlways,Microsoft-Windows-Security-Auditing,Security,656,772,WIN-FUDU2CKJOE8,1,,Successful logon,\MINWINPC$,- (-),Target: NT AUTHORITY\SYSTEM,LogonType 5,LogonId: 0x3E7,AuthenticationPackageName: Negotiate,"LogonProcessName: Advapi  ",,C:\Windows\System32\services.exe,False,C:\Users\BRIANNA\OneDrive\Documents\GitHub\NSSECU3_MP2\Test Files\EvtLogs\APTSimulatorVM_EventLogs_Server2022\logs\Security.evtx,Audit success,0,"{""EventData"":{""Data"":[{""@Name"":""SubjectUserSid"",""#text"":""S-1-5-18""},{""@Name"":""SubjectUserName"",""#text"":""MINWINPC$""},{""@Name"":""SubjectDomainName""},{""@Name"":""SubjectLogonId"",""#text"":""0x3E7""},{""@Name"":""TargetUserSid"",""#text"":""S-1-5-18""},{""@Name"":""TargetUserName"",""#text"":""SYSTEM""},{""@Name"":""TargetDomainName"",""#text"":""NT AUTHORITY""},{""@Name"":""TargetLogonId"",""#text"":""0x3E7""},{""@Name"":""LogonType"",""#text"":""5""},{""@Name"":""LogonProcessName"",""#text"":""Advapi  ""},{""@Name"":""AuthenticationPackageName"",""#text"":""Negotiate""},{""@Name"":""WorkstationName"",""#text"":""-""},{""@Name"":""LogonGuid"",""#text"":""00000000-0000-0000-0000-000000000000""},{""@Name"":""TransmittedServices"",""#text"":""-""},{""@Name"":""LmPackageName"",""#text"":""-""},{""@Name"":""KeyLength"",""#text"":""0""},{""@Name"":""ProcessId"",""#text"":""0x270""},{""@Name"":""ProcessName"",""#text"":""C:\\Windows\\System32\\services.exe""},{""@Name"":""IpAddress"",""#text"":""-""},{""@Name"":""IpPort"",""#text"":""-""},{""@Name"":""ImpersonationLevel"",""#text"":""%%1833""},{""@Name"":""RestrictedAdminMode"",""#text"":""-""},{""@Name"":""TargetOutboundUserName"",""#text"":""-""},{""@Name"":""TargetOutboundDomainName"",""#text"":""-""},{""@Name"":""VirtualAccount"",""#text"":""%%1843""},{""@Name"":""TargetLinkedLogonId"",""#text"":""0x0""},{""@Name"":""ElevatedToken"",""#text"":""%%1842""}]}}"
109,109,2023-10-18 05:43:50.3756390,4672,LogAlways,Microsoft-Windows-Security-Auditing,Security,656,772,WIN-FUDU2CKJOE8,1,,Administrative logon,NT AUTHORITY\SYSTEM (S-1-5-18),,"PrivilegeList: SeAssignPrimaryTokenPrivilege, SeTcbPrivilege, SeSecurityPrivilege, SeTakeOwnershipPrivilege, SeLoadDriverPrivilege, SeBackupPrivilege, SeRestorePrivilege, SeDebugPrivilege, SeAuditPrivilege, SeSystemEnvironmentPrivilege, SeImpersonatePrivilege, SeDelegateSessionUserImpersonatePrivilege",LogonId: 0x3E7,,,,,,False,C:\Users\BRIANNA\OneDrive\Documents\GitHub\NSSECU3_MP2\Test Files\EvtLogs\APTSimulatorVM_EventLogs_Server2022\logs\Security.evtx,Audit success,0,"{""EventData"":{""Data"":[{""@Name"":""SubjectUserSid"",""#text"":""S-1-5-18""},{""@Name"":""SubjectUserName"",""#text"":""SYSTEM""},{""@Name"":""SubjectDomainName"",""#text"":""NT AUTHORITY""},{""@Name"":""SubjectLogonId"",""#text"":""0x3E7""},{""@Name"":""PrivilegeList"",""#text"":""SeAssignPrimaryTokenPrivilege, SeTcbPrivilege, SeSecurityPrivilege, SeTakeOwnershipPrivilege, SeLoadDriverPrivilege, SeBackupPrivilege, SeRestorePrivilege, SeDebugPrivilege, SeAuditPrivilege, SeSystemEnvironmentPrivilege, SeImpersonatePrivilege, SeDelegateSessionUserImpersonatePrivilege""}]}}"
110,110,2023-10-18 05:43:50.3818408,4624,LogAlways,Microsoft-Windows-Security-Auditing,Security,656,772,WIN-FUDU2CKJOE8,1,,Successful logon,\MINWINPC$,- (-),Target: NT AUTHORITY\SYSTEM,LogonType 5,LogonId: 0x3E7,AuthenticationPackageName: Negotiate,"LogonProcessName: Advapi  ",,C:\Windows\System32\services.exe,False,C:\Users\BRIANNA\OneDrive\Documents\GitHub\NSSECU3_MP2\Test Files\EvtLogs\APTSimulatorVM_EventLogs_Server2022\logs\Security.evtx,Audit success,0,"{""EventData"":{""Data"":[{""@Name"":""SubjectUserSid"",""#text"":""S-1-5-18""},{""@Name"":""SubjectUserName"",""#text"":""MINWINPC$""},{""@Name"":""SubjectDomainName""},{""@Name"":""SubjectLogonId"",""#text"":""0x3E7""},{""@Name"":""TargetUserSid"",""#text"":""S-1-5-18""},{""@Name"":""TargetUserName"",""#text"":""SYSTEM""},{""@Name"":""TargetDomainName"",""#text"":""NT AUTHORITY""},{""@Name"":""TargetLogonId"",""#text"":""0x3E7""},{""@Name"":""LogonType"",""#text"":""5""},{""@Name"":""LogonProcessName"",""#text"":""Advapi  ""},{""@Name"":""AuthenticationPackageName"",""#text"":""Negotiate""},{""@Name"":""WorkstationName"",""#text"":""-""},{""@Name"":""LogonGuid"",""#text"":""00000000-0000-0000-0000-000000000000""},{""@Name"":""TransmittedServices"",""#text"":""-""},{""@Name"":""LmPackageName"",""#text"":""-""},{""@Name"":""KeyLength"",""#text"":""0""},{""@Name"":""ProcessId"",""#text"":""0x270""},{""@Name"":""ProcessName"",""#text"":""C:\\Windows\\System32\\services.exe""},{""@Name"":""IpAddress"",""#text"":""-""},{""@Name"":""IpPort"",""#text"":""-""},{""@Name"":""ImpersonationLevel"",""#text"":""%%1833""},{""@Name"":""RestrictedAdminMode"",""#text"":""-""},{""@Name"":""TargetOutboundUserName"",""#text"":""-""},{""@Name"":""TargetOutboundDomainName"",""#text"":""-""},{""@Name"":""VirtualAccount"",""#text"":""%%1843""},{""@Name"":""TargetLinkedLogonId"",""#text"":""0x0""},{""@Name"":""ElevatedToken"",""#text"":""%%1842""}]}}"
111,111,2023-10-18 05:43:50.3818491,4672,LogAlways,Microsoft-Windows-Security-Auditing,Security,656,772,WIN-FUDU2CKJOE8,1,,Administrative logon,NT AUTHORITY\SYSTEM (S-1-5-18),,"PrivilegeList: SeAssignPrimaryTokenPrivilege, SeTcbPrivilege, SeSecurityPrivilege, SeTakeOwnershipPrivilege, SeLoadDriverPrivilege, SeBackupPrivilege, SeRestorePrivilege, SeDebugPrivilege, SeAuditPrivilege, SeSystemEnvironmentPrivilege, SeImpersonatePrivilege, SeDelegateSessionUserImpersonatePrivilege",LogonId: 0x3E7,,,,,,False,C:\Users\BRIANNA\OneDrive\Documents\GitHub\NSSECU3_MP2\Test Files\EvtLogs\APTSimulatorVM_EventLogs_Server2022\logs\Security.evtx,Audit success,0,"{""EventData"":{""Data"":[{""@Name"":""SubjectUserSid"",""#text"":""S-1-5-18""},{""@Name"":""SubjectUserName"",""#text"":""SYSTEM""},{""@Name"":""SubjectDomainName"",""#text"":""NT AUTHORITY""},{""@Name"":""SubjectLogonId"",""#text"":""0x3E7""},{""@Name"":""PrivilegeList"",""#text"":""SeAssignPrimaryTokenPrivilege, SeTcbPrivilege, SeSecurityPrivilege, SeTakeOwnershipPrivilege, SeLoadDriverPrivilege, SeBackupPrivilege, SeRestorePrivilege, SeDebugPrivilege, SeAuditPrivilege, SeSystemEnvironmentPrivilege, SeImpersonatePrivilege, SeDelegateSessionUserImpersonatePrivilege""}]}}"
112,112,2023-10-18 05:43:50.4273815,4624,LogAlways,Microsoft-Windows-Security-Auditing,Security,656,772,WIN-FUDU2CKJOE8,1,,Successful logon,\MINWINPC$,- (-),Target: NT AUTHORITY\SYSTEM,LogonType 5,LogonId: 0x3E7,AuthenticationPackageName: Negotiate,"LogonProcessName: Advapi  ",,C:\Windows\System32\services.exe,False,C:\Users\BRIANNA\OneDrive\Documents\GitHub\NSSECU3_MP2\Test Files\EvtLogs\APTSimulatorVM_EventLogs_Server2022\logs\Security.evtx,Audit success,0,"{""EventData"":{""Data"":[{""@Name"":""SubjectUserSid"",""#text"":""S-1-5-18""},{""@Name"":""SubjectUserName"",""#text"":""MINWINPC$""},{""@Name"":""SubjectDomainName""},{""@Name"":""SubjectLogonId"",""#text"":""0x3E7""},{""@Name"":""TargetUserSid"",""#text"":""S-1-5-18""},{""@Name"":""TargetUserName"",""#text"":""SYSTEM""},{""@Name"":""TargetDomainName"",""#text"":""NT AUTHORITY""},{""@Name"":""TargetLogonId"",""#text"":""0x3E7""},{""@Name"":""LogonType"",""#text"":""5""},{""@Name"":""LogonProcessName"",""#text"":""Advapi  ""},{""@Name"":""AuthenticationPackageName"",""#text"":""Negotiate""},{""@Name"":""WorkstationName"",""#text"":""-""},{""@Name"":""LogonGuid"",""#text"":""00000000-0000-0000-0000-000000000000""},{""@Name"":""TransmittedServices"",""#text"":""-""},{""@Name"":""LmPackageName"",""#text"":""-""},{""@Name"":""KeyLength"",""#text"":""0""},{""@Name"":""ProcessId"",""#text"":""0x270""},{""@Name"":""ProcessName"",""#text"":""C:\\Windows\\System32\\services.exe""},{""@Name"":""IpAddress"",""#text"":""-""},{""@Name"":""IpPort"",""#text"":""-""},{""@Name"":""ImpersonationLevel"",""#text"":""%%1833""},{""@Name"":""RestrictedAdminMode"",""#text"":""-""},{""@Name"":""TargetOutboundUserName"",""#text"":""-""},{""@Name"":""TargetOutboundDomainName"",""#text"":""-""},{""@Name"":""VirtualAccount"",""#text"":""%%1843""},{""@Name"":""TargetLinkedLogonId"",""#text"":""0x0""},{""@Name"":""ElevatedToken"",""#text"":""%%1842""}]}}"
113,113,2023-10-18 05:43:50.4273877,4672,LogAlways,Microsoft-Windows-Security-Auditing,Security,656,772,WIN-FUDU2CKJOE8,1,,Administrative logon,NT AUTHORITY\SYSTEM (S-1-5-18),,"PrivilegeList: SeAssignPrimaryTokenPrivilege, SeTcbPrivilege, SeSecurityPrivilege, SeTakeOwnershipPrivilege, SeLoadDriverPrivilege, SeBackupPrivilege, SeRestorePrivilege, SeDebugPrivilege, SeAuditPrivilege, SeSystemEnvironmentPrivilege, SeImpersonatePrivilege, SeDelegateSessionUserImpersonatePrivilege",LogonId: 0x3E7,,,,,,False,C:\Users\BRIANNA\OneDrive\Documents\GitHub\NSSECU3_MP2\Test Files\EvtLogs\APTSimulatorVM_EventLogs_Server2022\logs\Security.evtx,Audit success,0,"{""EventData"":{""Data"":[{""@Name"":""SubjectUserSid"",""#text"":""S-1-5-18""},{""@Name"":""SubjectUserName"",""#text"":""SYSTEM""},{""@Name"":""SubjectDomainName"",""#text"":""NT AUTHORITY""},{""@Name"":""SubjectLogonId"",""#text"":""0x3E7""},{""@Name"":""PrivilegeList"",""#text"":""SeAssignPrimaryTokenPrivilege, SeTcbPrivilege, SeSecurityPrivilege, SeTakeOwnershipPrivilege, SeLoadDriverPrivilege, SeBackupPrivilege, SeRestorePrivilege, SeDebugPrivilege, SeAuditPrivilege, SeSystemEnvironmentPrivilege, SeImpersonatePrivilege, SeDelegateSessionUserImpersonatePrivilege""}]}}"
114,114,2023-10-18 05:43:51.8866146,5024,LogAlways,Microsoft-Windows-Security-Auditing,Security,656,720,WIN-FUDU2CKJOE8,1,,,,,,,,,,,,False,C:\Users\BRIANNA\OneDrive\Documents\GitHub\NSSECU3_MP2\Test Files\EvtLogs\APTSimulatorVM_EventLogs_Server2022\logs\Security.evtx,Audit success,0,"{""EventData"":""""}"
115,115,2023-10-18 05:44:01.9630092,4907,LogAlways,Microsoft-Windows-Security-Auditing,Security,4,308,WIN-FUDU2CKJOE8,1,,,,,,,,,,,,False,C:\Users\BRIANNA\OneDrive\Documents\GitHub\NSSECU3_MP2\Test Files\EvtLogs\APTSimulatorVM_EventLogs_Server2022\logs\Security.evtx,Audit success,0,"{""EventData"":{""Data"":[{""@Name"":""SubjectUserSid"",""#text"":""S-1-5-18""},{""@Name"":""SubjectUserName"",""#text"":""MINWINPC$""},{""@Name"":""SubjectDomainName""},{""@Name"":""SubjectLogonId"",""#text"":""0x3E7""},{""@Name"":""ObjectServer"",""#text"":""Security""},{""@Name"":""ObjectType"",""#text"":""File""},{""@Name"":""ObjectName"",""#text"":""C:\\Windows\\Temp\\winre\\ExtractedFromWim""},{""@Name"":""HandleId"",""#text"":""0x488""},{""@Name"":""OldSd""},{""@Name"":""NewSd"",""#text"":""S:ARAI(AU;SAFA;DCLCRPCRSDWDWO;;;WD)""},{""@Name"":""ProcessId"",""#text"":""0x438""},{""@Name"":""ProcessName"",""#text"":""C:\\Windows\\System32\\oobe\\Setup.exe""}]}}"
116,116,2023-10-18 05:44:08.1356344,4624,LogAlways,Microsoft-Windows-Security-Auditing,Security,656,724,WIN-FUDU2CKJOE8,1,,Successful logon,\MINWINPC$,- (-),Target: NT AUTHORITY\SYSTEM,LogonType 5,LogonId: 0x3E7,AuthenticationPackageName: Negotiate,"LogonProcessName: Advapi  ",,C:\Windows\System32\services.exe,False,C:\Users\BRIANNA\OneDrive\Documents\GitHub\NSSECU3_MP2\Test Files\EvtLogs\APTSimulatorVM_EventLogs_Server2022\logs\Security.evtx,Audit success,0,"{""EventData"":{""Data"":[{""@Name"":""SubjectUserSid"",""#text"":""S-1-5-18""},{""@Name"":""SubjectUserName"",""#text"":""MINWINPC$""},{""@Name"":""SubjectDomainName""},{""@Name"":""SubjectLogonId"",""#text"":""0x3E7""},{""@Name"":""TargetUserSid"",""#text"":""S-1-5-18""},{""@Name"":""TargetUserName"",""#text"":""SYSTEM""},{""@Name"":""TargetDomainName"",""#text"":""NT AUTHORITY""},{""@Name"":""TargetLogonId"",""#text"":""0x3E7""},{""@Name"":""LogonType"",""#text"":""5""},{""@Name"":""LogonProcessName"",""#text"":""Advapi  ""},{""@Name"":""AuthenticationPackageName"",""#text"":""Negotiate""},{""@Name"":""WorkstationName"",""#text"":""-""},{""@Name"":""LogonGuid"",""#text"":""00000000-0000-0000-0000-000000000000""},{""@Name"":""TransmittedServices"",""#text"":""-""},{""@Name"":""LmPackageName"",""#text"":""-""},{""@Name"":""KeyLength"",""#text"":""0""},{""@Name"":""ProcessId"",""#text"":""0x270""},{""@Name"":""ProcessName"",""#text"":""C:\\Windows\\System32\\services.exe""},{""@Name"":""IpAddress"",""#text"":""-""},{""@Name"":""IpPort"",""#text"":""-""},{""@Name"":""ImpersonationLevel"",""#text"":""%%1833""},{""@Name"":""RestrictedAdminMode"",""#text"":""-""},{""@Name"":""TargetOutboundUserName"",""#text"":""-""},{""@Name"":""TargetOutboundDomainName"",""#text"":""-""},{""@Name"":""VirtualAccount"",""#text"":""%%1843""},{""@Name"":""TargetLinkedLogonId"",""#text"":""0x0""},{""@Name"":""ElevatedToken"",""#text"":""%%1842""}]}}"
117,117,2023-10-18 05:44:08.1356412,4672,LogAlways,Microsoft-Windows-Security-Auditing,Security,656,724,WIN-FUDU2CKJOE8,1,,Administrative logon,NT AUTHORITY\SYSTEM (S-1-5-18),,"PrivilegeList: SeAssignPrimaryTokenPrivilege, SeTcbPrivilege, SeSecurityPrivilege, SeTakeOwnershipPrivilege, SeLoadDriverPrivilege, SeBackupPrivilege, SeRestorePrivilege, SeDebugPrivilege, SeAuditPrivilege, SeSystemEnvironmentPrivilege, SeImpersonatePrivilege, SeDelegateSessionUserImpersonatePrivilege",LogonId: 0x3E7,,,,,,False,C:\Users\BRIANNA\OneDrive\Documents\GitHub\NSSECU3_MP2\Test Files\EvtLogs\APTSimulatorVM_EventLogs_Server2022\logs\Security.evtx,Audit success,0,"{""EventData"":{""Data"":[{""@Name"":""SubjectUserSid"",""#text"":""S-1-5-18""},{""@Name"":""SubjectUserName"",""#text"":""SYSTEM""},{""@Name"":""SubjectDomainName"",""#text"":""NT AUTHORITY""},{""@Name"":""SubjectLogonId"",""#text"":""0x3E7""},{""@Name"":""PrivilegeList"",""#text"":""SeAssignPrimaryTokenPrivilege, SeTcbPrivilege, SeSecurityPrivilege, SeTakeOwnershipPrivilege, SeLoadDriverPrivilege, SeBackupPrivilege, SeRestorePrivilege, SeDebugPrivilege, SeAuditPrivilege, SeSystemEnvironmentPrivilege, SeImpersonatePrivilege, SeDelegateSessionUserImpersonatePrivilege""}]}}"
118,118,2023-10-18 05:44:12.1764990,1100,Info,Microsoft-Windows-Eventlog,Security,1304,1388,WIN-FUDU2CKJOE8,1,,The event logging service has shut down,,,,,,,,,,False,C:\Users\BRIANNA\OneDrive\Documents\GitHub\NSSECU3_MP2\Test Files\EvtLogs\APTSimulatorVM_EventLogs_Server2022\logs\Security.evtx,0x4020000000000000,0,"{""UserData"":{""ServiceShutdown"":""""}}"
119,119,2023-10-18 05:44:33.4677324,4688,LogAlways,Microsoft-Windows-Security-Auditing,Security,4,104,WIN-FUDU2CKJOE8,1,,A new process has been created,-\-,,"Parent process: ",PID: 0x64,Parent PID: 0x4,Mandatory label: SECURITY_MANDATORY_SYSTEM_RID,Target User: -\-,,"Registry ",False,C:\Users\BRIANNA\OneDrive\Documents\GitHub\NSSECU3_MP2\Test Files\EvtLogs\APTSimulatorVM_EventLogs_Server2022\logs\Security.evtx,Audit success,0,"{""EventData"":{""Data"":[{""@Name"":""SubjectUserSid"",""#text"":""S-1-5-18""},{""@Name"":""SubjectUserName"",""#text"":""-""},{""@Name"":""SubjectDomainName"",""#text"":""-""},{""@Name"":""SubjectLogonId"",""#text"":""0x3E7""},{""@Name"":""NewProcessId"",""#text"":""0x64""},{""@Name"":""NewProcessName"",""#text"":""Registry""},{""@Name"":""TokenElevationType"",""#text"":""%%1936""},{""@Name"":""ProcessId"",""#text"":""0x4""},{""@Name"":""CommandLine""},{""@Name"":""TargetUserSid"",""#text"":""S-1-0-0""},{""@Name"":""TargetUserName"",""#text"":""-""},{""@Name"":""TargetDomainName"",""#text"":""-""},{""@Name"":""TargetLogonId"",""#text"":""0x0""},{""@Name"":""ParentProcessName""},{""@Name"":""MandatoryLabel"",""#text"":""S-1-16-16384""}]}}"
120,120,2023-10-18 05:44:33.4679985,4696,LogAlways,Microsoft-Windows-Security-Auditing,Security,4,104,WIN-FUDU2CKJOE8,1,,A privileged service was called,-\- (S-1-5-18),,Target: -\- (S-1-0-0),,,,,Registry (PID: 0x64)," (PID: 0x4)",False,C:\Users\BRIANNA\OneDrive\Documents\GitHub\NSSECU3_MP2\Test Files\EvtLogs\APTSimulatorVM_EventLogs_Server2022\logs\Security.evtx,Audit success,0,"{""EventData"":{""Data"":[{""@Name"":""SubjectUserSid"",""#text"":""S-1-5-18""},{""@Name"":""SubjectUserName"",""#text"":""-""},{""@Name"":""SubjectDomainName"",""#text"":""-""},{""@Name"":""SubjectLogonId"",""#text"":""0x3E7""},{""@Name"":""TargetUserSid"",""#text"":""S-1-0-0""},{""@Name"":""TargetUserName"",""#text"":""-""},{""@Name"":""TargetDomainName"",""#text"":""-""},{""@Name"":""TargetLogonId"",""#text"":""0x3E7""},{""@Name"":""TargetProcessId"",""#text"":""0x64""},{""@Name"":""TargetProcessName"",""#text"":""Registry""},{""@Name"":""ProcessId"",""#text"":""0x4""},{""@Name"":""ProcessName""}]}}"
121,121,2023-10-18 05:44:33.4680078,4826,LogAlways,Microsoft-Windows-Security-Auditing,Security,4,104,WIN-FUDU2CKJOE8,1,,,,,,,,,,,,False,C:\Users\BRIANNA\OneDrive\Documents\GitHub\NSSECU3_MP2\Test Files\EvtLogs\APTSimulatorVM_EventLogs_Server2022\logs\Security.evtx,Audit success,0,"{""EventData"":{""Data"":[{""@Name"":""SubjectUserSid"",""#text"":""S-1-5-18""},{""@Name"":""SubjectUserName"",""#text"":""-""},{""@Name"":""SubjectDomainName"",""#text"":""-""},{""@Name"":""SubjectLogonId"",""#text"":""0x3E7""},{""@Name"":""LoadOptions"",""#text"":""-""},{""@Name"":""AdvancedOptions"",""#text"":""%%1843""},{""@Name"":""ConfigAccessPolicy"",""#text"":""%%1846""},{""@Name"":""RemoteEventLogging"",""#text"":""%%1843""},{""@Name"":""KernelDebug"",""#text"":""%%1843""},{""@Name"":""VsmLaunchType"",""#text"":""%%1848""},{""@Name"":""TestSigning"",""#text"":""%%1843""},{""@Name"":""FlightSigning"",""#text"":""%%1843""},{""@Name"":""DisableIntegrityChecks"",""#text"":""%%1843""},{""@Name"":""HypervisorLoadOptions"",""#text"":""-""},{""@Name"":""HypervisorLaunchType"",""#text"":""%%1848""},{""@Name"":""HypervisorDebug"",""#text"":""%%1843""}]}}"
122,122,2023-10-18 05:44:33.4735873,4688,LogAlways,Microsoft-Windows-Security-Auditing,Security,4,104,WIN-FUDU2CKJOE8,1,,A new process has been created,-\-,,"Parent process: ",PID: 0x134,Parent PID: 0x4,Mandatory label: SECURITY_MANDATORY_SYSTEM_RID,Target User: -\-,,"C:\Windows\System32\smss.exe ",False,C:\Users\BRIANNA\OneDrive\Documents\GitHub\NSSECU3_MP2\Test Files\EvtLogs\APTSimulatorVM_EventLogs_Server2022\logs\Security.evtx,Audit success,0,"{""EventData"":{""Data"":[{""@Name"":""SubjectUserSid"",""#text"":""S-1-5-18""},{""@Name"":""SubjectUserName"",""#text"":""-""},{""@Name"":""SubjectDomainName"",""#text"":""-""},{""@Name"":""SubjectLogonId"",""#text"":""0x3E7""},{""@Name"":""NewProcessId"",""#text"":""0x134""},{""@Name"":""NewProcessName"",""#text"":""C:\\Windows\\System32\\smss.exe""},{""@Name"":""TokenElevationType"",""#text"":""%%1936""},{""@Name"":""ProcessId"",""#text"":""0x4""},{""@Name"":""CommandLine""},{""@Name"":""TargetUserSid"",""#text"":""S-1-0-0""},{""@Name"":""TargetUserName"",""#text"":""-""},{""@Name"":""TargetDomainName"",""#text"":""-""},{""@Name"":""TargetLogonId"",""#text"":""0x0""},{""@Name"":""ParentProcessName""},{""@Name"":""MandatoryLabel"",""#text"":""S-1-16-16384""}]}}"
123,123,2023-10-18 05:44:34.1637459,4688,LogAlways,Microsoft-Windows-Security-Auditing,Security,4,276,WIN-FUDU2CKJOE8,1,,A new process has been created,-\-,,Parent process: C:\Windows\System32\smss.exe,PID: 0x168,Parent PID: 0x134,Mandatory label: SECURITY_MANDATORY_SYSTEM_RID,Target User: -\-,,"C:\Windows\System32\autochk.exe ",False,C:\Users\BRIANNA\OneDrive\Documents\GitHub\NSSECU3_MP2\Test Files\EvtLogs\APTSimulatorVM_EventLogs_Server2022\logs\Security.evtx,Audit success,0,"{""EventData"":{""Data"":[{""@Name"":""SubjectUserSid"",""#text"":""S-1-5-18""},{""@Name"":""SubjectUserName"",""#text"":""-""},{""@Name"":""SubjectDomainName"",""#text"":""-""},{""@Name"":""SubjectLogonId"",""#text"":""0x3E7""},{""@Name"":""NewProcessId"",""#text"":""0x168""},{""@Name"":""NewProcessName"",""#text"":""C:\\Windows\\System32\\autochk.exe""},{""@Name"":""TokenElevationType"",""#text"":""%%1936""},{""@Name"":""ProcessId"",""#text"":""0x134""},{""@Name"":""CommandLine""},{""@Name"":""TargetUserSid"",""#text"":""S-1-0-0""},{""@Name"":""TargetUserName"",""#text"":""-""},{""@Name"":""TargetDomainName"",""#text"":""-""},{""@Name"":""TargetLogonId"",""#text"":""0x0""},{""@Name"":""ParentProcessName"",""#text"":""C:\\Windows\\System32\\smss.exe""},{""@Name"":""MandatoryLabel"",""#text"":""S-1-16-16384""}]}}"
124,124,2023-10-18 05:44:34.5237762,4688,LogAlways,Microsoft-Windows-Security-Auditing,Security,4,352,WIN-FUDU2CKJOE8,1,,A new process has been created,-\-,,Parent process: C:\Windows\System32\smss.exe,PID: 0x1A0,Parent PID: 0x134,Mandatory label: SECURITY_MANDATORY_SYSTEM_RID,Target User: -\-,,"C:\Windows\System32\smss.exe ",False,C:\Users\BRIANNA\OneDrive\Documents\GitHub\NSSECU3_MP2\Test Files\EvtLogs\APTSimulatorVM_EventLogs_Server2022\logs\Security.evtx,Audit success,0,"{""EventData"":{""Data"":[{""@Name"":""SubjectUserSid"",""#text"":""S-1-5-18""},{""@Name"":""SubjectUserName"",""#text"":""-""},{""@Name"":""SubjectDomainName"",""#text"":""-""},{""@Name"":""SubjectLogonId"",""#text"":""0x3E7""},{""@Name"":""NewProcessId"",""#text"":""0x1A0""},{""@Name"":""NewProcessName"",""#text"":""C:\\Windows\\System32\\smss.exe""},{""@Name"":""TokenElevationType"",""#text"":""%%1936""},{""@Name"":""ProcessId"",""#text"":""0x134""},{""@Name"":""CommandLine""},{""@Name"":""TargetUserSid"",""#text"":""S-1-0-0""},{""@Name"":""TargetUserName"",""#text"":""-""},{""@Name"":""TargetDomainName"",""#text"":""-""},{""@Name"":""TargetLogonId"",""#text"":""0x0""},{""@Name"":""ParentProcessName"",""#text"":""C:\\Windows\\System32\\smss.exe""},{""@Name"":""MandatoryLabel"",""#text"":""S-1-16-16384""}]}}"
