366,366,2023-10-18 02:45:04.5304559,5379,LogAlways,Microsoft-Windows-Security-Auditing,Security,644,700,WIN-FUDU2CKJOE8,4,,Credential Manager credentials were read,LOCAL SERVICE,,SID: S-1-5-19,Domain: NT AUTHORITY,LogonID: 0x3E5,CountOfCredentialsReturned: 0,,ActivityID: 27de5d04-0186-0000-535e-de278601da01,WindowsLive:target=virtualapp/didlogical,False,C:\Users\BRIANNA\OneDrive\Documents\GitHub\NSSECU3_MP2\Test Files\EvtLogs\APTSimulatorVM_EventLogs_Server2022\logs\Security.evtx,Audit success,0,"{""EventData"":{""Data"":[{""@Name"":""SubjectUserSid"",""#text"":""S-1-5-19""},{""@Name"":""SubjectUserName"",""#text"":""LOCAL SERVICE""},{""@Name"":""SubjectDomainName"",""#text"":""NT AUTHORITY""},{""@Name"":""SubjectLogonId"",""#text"":""0x3E5""},{""@Name"":""TargetName"",""#text"":""WindowsLive:target=virtualapp/didlogical""},{""@Name"":""Type"",""#text"":""0""},{""@Name"":""CountOfCredentialsReturned"",""#text"":""0""},{""@Name"":""ReadOperation"",""#text"":""%%8100""},{""@Name"":""ReturnCode"",""#text"":""3221226021""},{""@Name"":""ProcessCreationTime"",""#text"":""2023-10-18 05:44:35.4284357""},{""@Name"":""ClientProcessId"",""#text"":""1016""}]}}"
367,367,2023-10-18 02:45:05.1381041,5379,LogAlways,Microsoft-Windows-Security-Auditing,Security,644,708,WIN-FUDU2CKJOE8,4,,Credential Manager credentials were read,LOCAL SERVICE,,SID: S-1-5-19,Domain: NT AUTHORITY,LogonID: 0x3E5,CountOfCredentialsReturned: 0,,ActivityID: 27de5d04-0186-0000-535e-de278601da01,MicrosoftAccount:user=02stgolllxrqrgsk,False,C:\Users\BRIANNA\OneDrive\Documents\GitHub\NSSECU3_MP2\Test Files\EvtLogs\APTSimulatorVM_EventLogs_Server2022\logs\Security.evtx,Audit success,0,"{""EventData"":{""Data"":[{""@Name"":""SubjectUserSid"",""#text"":""S-1-5-19""},{""@Name"":""SubjectUserName"",""#text"":""LOCAL SERVICE""},{""@Name"":""SubjectDomainName"",""#text"":""NT AUTHORITY""},{""@Name"":""SubjectLogonId"",""#text"":""0x3E5""},{""@Name"":""TargetName"",""#text"":""MicrosoftAccount:user=02stgolllxrqrgsk""},{""@Name"":""Type"",""#text"":""0""},{""@Name"":""CountOfCredentialsReturned"",""#text"":""0""},{""@Name"":""ReadOperation"",""#text"":""%%8100""},{""@Name"":""ReturnCode"",""#text"":""3221226021""},{""@Name"":""ProcessCreationTime"",""#text"":""2023-10-18 05:44:35.4284357""},{""@Name"":""ClientProcessId"",""#text"":""1016""}]}}"
368,368,2023-10-18 02:45:05.1395081,5058,LogAlways,Microsoft-Windows-Security-Auditing,Security,644,708,WIN-FUDU2CKJOE8,4,,,,,,,,,,,,False,C:\Users\BRIANNA\OneDrive\Documents\GitHub\NSSECU3_MP2\Test Files\EvtLogs\APTSimulatorVM_EventLogs_Server2022\logs\Security.evtx,Audit success,0,"{""EventData"":{""Data"":[{""@Name"":""SubjectUserSid"",""#text"":""S-1-5-18""},{""@Name"":""SubjectUserName"",""#text"":""WIN-FUDU2CKJOE8$""},{""@Name"":""SubjectDomainName"",""#text"":""WORKGROUP""},{""@Name"":""SubjectLogonId"",""#text"":""0x3E7""},{""@Name"":""ClientProcessId"",""#text"":""1016""},{""@Name"":""ClientCreationTime"",""#text"":""2023-10-18 05:44:35.4284357""},{""@Name"":""ProviderName"",""#text"":""Microsoft Software Key Storage Provider""},{""@Name"":""AlgorithmName"",""#text"":""UNKNOWN""},{""@Name"":""KeyName"",""#text"":""60367196-9850-ee19-1bb1-ce2b8ef33446""},{""@Name"":""KeyType"",""#text"":""%%2500""},{""@Name"":""KeyFilePath"",""#text"":""C:\\ProgramData\\Microsoft\\Crypto\\SystemKeys\\cb2b80b91316b16eee63fdc7eb49f6ab_ac061c88-d5aa-458b-bac4-8fcb480c1f22""},{""@Name"":""Operation"",""#text"":""%%2458""},{""@Name"":""ReturnCode"",""#text"":""0x0""}]}}"
369,369,2023-10-18 02:45:05.1397276,5061,LogAlways,Microsoft-Windows-Security-Auditing,Security,644,708,WIN-FUDU2CKJOE8,4,,,,,,,,,,,,False,C:\Users\BRIANNA\OneDrive\Documents\GitHub\NSSECU3_MP2\Test Files\EvtLogs\APTSimulatorVM_EventLogs_Server2022\logs\Security.evtx,Audit success,0,"{""EventData"":{""Data"":[{""@Name"":""SubjectUserSid"",""#text"":""S-1-5-18""},{""@Name"":""SubjectUserName"",""#text"":""WIN-FUDU2CKJOE8$""},{""@Name"":""SubjectDomainName"",""#text"":""WORKGROUP""},{""@Name"":""SubjectLogonId"",""#text"":""0x3E7""},{""@Name"":""ProviderName"",""#text"":""Microsoft Software Key Storage Provider""},{""@Name"":""AlgorithmName"",""#text"":""RSA""},{""@Name"":""KeyName"",""#text"":""60367196-9850-ee19-1bb1-ce2b8ef33446""},{""@Name"":""KeyType"",""#text"":""%%2500""},{""@Name"":""Operation"",""#text"":""%%2480""},{""@Name"":""ReturnCode"",""#text"":""0x0""}]}}"
370,370,2023-10-18 02:45:05.1427414,5379,LogAlways,Microsoft-Windows-Security-Auditing,Security,644,708,WIN-FUDU2CKJOE8,4,,Credential Manager credentials were read,LOCAL SERVICE,,SID: S-1-5-19,Domain: NT AUTHORITY,LogonID: 0x3E5,CountOfCredentialsReturned: 1,,ActivityID: 27de5d04-0186-0000-535e-de278601da01,MicrosoftAccount:user=02stgolllxrqrgsk,False,C:\Users\BRIANNA\OneDrive\Documents\GitHub\NSSECU3_MP2\Test Files\EvtLogs\APTSimulatorVM_EventLogs_Server2022\logs\Security.evtx,Audit success,0,"{""EventData"":{""Data"":[{""@Name"":""SubjectUserSid"",""#text"":""S-1-5-19""},{""@Name"":""SubjectUserName"",""#text"":""LOCAL SERVICE""},{""@Name"":""SubjectDomainName"",""#text"":""NT AUTHORITY""},{""@Name"":""SubjectLogonId"",""#text"":""0x3E5""},{""@Name"":""TargetName"",""#text"":""MicrosoftAccount:user=02stgolllxrqrgsk""},{""@Name"":""Type"",""#text"":""1""},{""@Name"":""CountOfCredentialsReturned"",""#text"":""1""},{""@Name"":""ReadOperation"",""#text"":""%%8099""},{""@Name"":""ReturnCode"",""#text"":""3221226021""},{""@Name"":""ProcessCreationTime"",""#text"":""2023-10-18 05:44:35.4284357""},{""@Name"":""ClientProcessId"",""#text"":""1016""}]}}"
371,371,2023-10-18 02:45:05.1459195,5379,LogAlways,Microsoft-Windows-Security-Auditing,Security,644,708,WIN-FUDU2CKJOE8,4,,Credential Manager credentials were read,LOCAL SERVICE,,SID: S-1-5-19,Domain: NT AUTHORITY,LogonID: 0x3E5,CountOfCredentialsReturned: 0,,ActivityID: 27de5d04-0186-0000-535e-de278601da01,MicrosoftAccount:user=02stgolllxrqrgsk,False,C:\Users\BRIANNA\OneDrive\Documents\GitHub\NSSECU3_MP2\Test Files\EvtLogs\APTSimulatorVM_EventLogs_Server2022\logs\Security.evtx,Audit success,0,"{""EventData"":{""Data"":[{""@Name"":""SubjectUserSid"",""#text"":""S-1-5-19""},{""@Name"":""SubjectUserName"",""#text"":""LOCAL SERVICE""},{""@Name"":""SubjectDomainName"",""#text"":""NT AUTHORITY""},{""@Name"":""SubjectLogonId"",""#text"":""0x3E5""},{""@Name"":""TargetName"",""#text"":""MicrosoftAccount:user=02stgolllxrqrgsk""},{""@Name"":""Type"",""#text"":""0""},{""@Name"":""CountOfCredentialsReturned"",""#text"":""0""},{""@Name"":""ReadOperation"",""#text"":""%%8100""},{""@Name"":""ReturnCode"",""#text"":""3221226021""},{""@Name"":""ProcessCreationTime"",""#text"":""2023-10-18 05:44:35.4284357""},{""@Name"":""ClientProcessId"",""#text"":""1016""}]}}"
372,372,2023-10-18 02:45:05.1462291,5379,LogAlways,Microsoft-Windows-Security-Auditing,Security,644,708,WIN-FUDU2CKJOE8,4,,Credential Manager credentials were read,LOCAL SERVICE,,SID: S-1-5-19,Domain: NT AUTHORITY,LogonID: 0x3E5,CountOfCredentialsReturned: 0,,ActivityID: 27de5d04-0186-0000-535e-de278601da01,WindowsLive:target=virtualapp/didlogical,False,C:\Users\BRIANNA\OneDrive\Documents\GitHub\NSSECU3_MP2\Test Files\EvtLogs\APTSimulatorVM_EventLogs_Server2022\logs\Security.evtx,Audit success,0,"{""EventData"":{""Data"":[{""@Name"":""SubjectUserSid"",""#text"":""S-1-5-19""},{""@Name"":""SubjectUserName"",""#text"":""LOCAL SERVICE""},{""@Name"":""SubjectDomainName"",""#text"":""NT AUTHORITY""},{""@Name"":""SubjectLogonId"",""#text"":""0x3E5""},{""@Name"":""TargetName"",""#text"":""WindowsLive:target=virtualapp/didlogical""},{""@Name"":""Type"",""#text"":""0""},{""@Name"":""CountOfCredentialsReturned"",""#text"":""0""},{""@Name"":""ReadOperation"",""#text"":""%%8100""},{""@Name"":""ReturnCode"",""#text"":""3221226021""},{""@Name"":""ProcessCreationTime"",""#text"":""2023-10-18 05:44:35.4284357""},{""@Name"":""ClientProcessId"",""#text"":""1016""}]}}"
373,373,2023-10-18 02:45:05.1626582,5379,LogAlways,Microsoft-Windows-Security-Auditing,Security,644,708,WIN-FUDU2CKJOE8,4,,Credential Manager credentials were read,LOCAL SERVICE,,SID: S-1-5-19,Domain: NT AUTHORITY,LogonID: 0x3E5,CountOfCredentialsReturned: 0,,ActivityID: 27de5d04-0186-0000-535e-de278601da01,MicrosoftAccount:user=02stgolllxrqrgsk,False,C:\Users\BRIANNA\OneDrive\Documents\GitHub\NSSECU3_MP2\Test Files\EvtLogs\APTSimulatorVM_EventLogs_Server2022\logs\Security.evtx,Audit success,0,"{""EventData"":{""Data"":[{""@Name"":""SubjectUserSid"",""#text"":""S-1-5-19""},{""@Name"":""SubjectUserName"",""#text"":""LOCAL SERVICE""},{""@Name"":""SubjectDomainName"",""#text"":""NT AUTHORITY""},{""@Name"":""SubjectLogonId"",""#text"":""0x3E5""},{""@Name"":""TargetName"",""#text"":""MicrosoftAccount:user=02stgolllxrqrgsk""},{""@Name"":""Type"",""#text"":""0""},{""@Name"":""CountOfCredentialsReturned"",""#text"":""0""},{""@Name"":""ReadOperation"",""#text"":""%%8100""},{""@Name"":""ReturnCode"",""#text"":""3221226021""},{""@Name"":""ProcessCreationTime"",""#text"":""2023-10-18 05:44:35.4284357""},{""@Name"":""ClientProcessId"",""#text"":""1016""}]}}"
374,374,2023-10-18 02:45:05.1627504,5379,LogAlways,Microsoft-Windows-Security-Auditing,Security,644,708,WIN-FUDU2CKJOE8,4,,Credential Manager credentials were read,LOCAL SERVICE,,SID: S-1-5-19,Domain: NT AUTHORITY,LogonID: 0x3E5,CountOfCredentialsReturned: 0,,ActivityID: 27de5d04-0186-0000-535e-de278601da01,WindowsLive:(token):name=02stgolllxrqrgsk;serviceuri=*,False,C:\Users\BRIANNA\OneDrive\Documents\GitHub\NSSECU3_MP2\Test Files\EvtLogs\APTSimulatorVM_EventLogs_Server2022\logs\Security.evtx,Audit success,0,"{""EventData"":{""Data"":[{""@Name"":""SubjectUserSid"",""#text"":""S-1-5-19""},{""@Name"":""SubjectUserName"",""#text"":""LOCAL SERVICE""},{""@Name"":""SubjectDomainName"",""#text"":""NT AUTHORITY""},{""@Name"":""SubjectLogonId"",""#text"":""0x3E5""},{""@Name"":""TargetName"",""#text"":""WindowsLive:(token):name=02stgolllxrqrgsk;serviceuri=*""},{""@Name"":""Type"",""#text"":""0""},{""@Name"":""CountOfCredentialsReturned"",""#text"":""0""},{""@Name"":""ReadOperation"",""#text"":""%%8100""},{""@Name"":""ReturnCode"",""#text"":""3221226021""},{""@Name"":""ProcessCreationTime"",""#text"":""2023-10-18 05:44:35.4284357""},{""@Name"":""ClientProcessId"",""#text"":""1016""}]}}"
375,375,2023-10-18 02:45:05.1630634,5379,LogAlways,Microsoft-Windows-Security-Auditing,Security,644,708,WIN-FUDU2CKJOE8,4,,Credential Manager credentials were read,LOCAL SERVICE,,SID: S-1-5-19,Domain: NT AUTHORITY,LogonID: 0x3E5,CountOfCredentialsReturned: 0,,ActivityID: 27de5d04-0186-0000-535e-de278601da01,WindowsLive:(cert):name=02stgolllxrqrgsk;serviceuri=*,False,C:\Users\BRIANNA\OneDrive\Documents\GitHub\NSSECU3_MP2\Test Files\EvtLogs\APTSimulatorVM_EventLogs_Server2022\logs\Security.evtx,Audit success,0,"{""EventData"":{""Data"":[{""@Name"":""SubjectUserSid"",""#text"":""S-1-5-19""},{""@Name"":""SubjectUserName"",""#text"":""LOCAL SERVICE""},{""@Name"":""SubjectDomainName"",""#text"":""NT AUTHORITY""},{""@Name"":""SubjectLogonId"",""#text"":""0x3E5""},{""@Name"":""TargetName"",""#text"":""WindowsLive:(cert):name=02stgolllxrqrgsk;serviceuri=*""},{""@Name"":""Type"",""#text"":""0""},{""@Name"":""CountOfCredentialsReturned"",""#text"":""0""},{""@Name"":""ReadOperation"",""#text"":""%%8100""},{""@Name"":""ReturnCode"",""#text"":""3221226021""},{""@Name"":""ProcessCreationTime"",""#text"":""2023-10-18 05:44:35.4284357""},{""@Name"":""ClientProcessId"",""#text"":""1016""}]}}"
376,376,2023-10-18 02:45:05.5410647,4624,LogAlways,Microsoft-Windows-Security-Auditing,Security,644,708,WIN-FUDU2CKJOE8,4,,Successful logon,WORKGROUP\WIN-FUDU2CKJOE8$,- (-),Target: NT AUTHORITY\SYSTEM,LogonType 5,LogonId: 0x3E7,AuthenticationPackageName: Negotiate,"LogonProcessName: Advapi  ",,C:\Windows\System32\services.exe,False,C:\Users\BRIANNA\OneDrive\Documents\GitHub\NSSECU3_MP2\Test Files\EvtLogs\APTSimulatorVM_EventLogs_Server2022\logs\Security.evtx,Audit success,0,"{""EventData"":{""Data"":[{""@Name"":""SubjectUserSid"",""#text"":""S-1-5-18""},{""@Name"":""SubjectUserName"",""#text"":""WIN-FUDU2CKJOE8$""},{""@Name"":""SubjectDomainName"",""#text"":""WORKGROUP""},{""@Name"":""SubjectLogonId"",""#text"":""0x3E7""},{""@Name"":""TargetUserSid"",""#text"":""S-1-5-18""},{""@Name"":""TargetUserName"",""#text"":""SYSTEM""},{""@Name"":""TargetDomainName"",""#text"":""NT AUTHORITY""},{""@Name"":""TargetLogonId"",""#text"":""0x3E7""},{""@Name"":""LogonType"",""#text"":""5""},{""@Name"":""LogonProcessName"",""#text"":""Advapi  ""},{""@Name"":""AuthenticationPackageName"",""#text"":""Negotiate""},{""@Name"":""WorkstationName"",""#text"":""-""},{""@Name"":""LogonGuid"",""#text"":""00000000-0000-0000-0000-000000000000""},{""@Name"":""TransmittedServices"",""#text"":""-""},{""@Name"":""LmPackageName"",""#text"":""-""},{""@Name"":""KeyLength"",""#text"":""0""},{""@Name"":""ProcessId"",""#text"":""0x264""},{""@Name"":""ProcessName"",""#text"":""C:\\Windows\\System32\\services.exe""},{""@Name"":""IpAddress"",""#text"":""-""},{""@Name"":""IpPort"",""#text"":""-""},{""@Name"":""ImpersonationLevel"",""#text"":""%%1833""},{""@Name"":""RestrictedAdminMode"",""#text"":""-""},{""@Name"":""TargetOutboundUserName"",""#text"":""-""},{""@Name"":""TargetOutboundDomainName"",""#text"":""-""},{""@Name"":""VirtualAccount"",""#text"":""%%1843""},{""@Name"":""TargetLinkedLogonId"",""#text"":""0x0""},{""@Name"":""ElevatedToken"",""#text"":""%%1842""}]}}"
377,377,2023-10-18 02:45:05.5410711,4672,LogAlways,Microsoft-Windows-Security-Auditing,Security,644,708,WIN-FUDU2CKJOE8,4,,Administrative logon,NT AUTHORITY\SYSTEM (S-1-5-18),,"PrivilegeList: SeAssignPrimaryTokenPrivilege, SeTcbPrivilege, SeSecurityPrivilege, SeTakeOwnershipPrivilege, SeLoadDriverPrivilege, SeBackupPrivilege, SeRestorePrivilege, SeDebugPrivilege, SeAuditPrivilege, SeSystemEnvironmentPrivilege, SeImpersonatePrivilege, SeDelegateSessionUserImpersonatePrivilege",LogonId: 0x3E7,,,,,,False,C:\Users\BRIANNA\OneDrive\Documents\GitHub\NSSECU3_MP2\Test Files\EvtLogs\APTSimulatorVM_EventLogs_Server2022\logs\Security.evtx,Audit success,0,"{""EventData"":{""Data"":[{""@Name"":""SubjectUserSid"",""#text"":""S-1-5-18""},{""@Name"":""SubjectUserName"",""#text"":""SYSTEM""},{""@Name"":""SubjectDomainName"",""#text"":""NT AUTHORITY""},{""@Name"":""SubjectLogonId"",""#text"":""0x3E7""},{""@Name"":""PrivilegeList"",""#text"":""SeAssignPrimaryTokenPrivilege, SeTcbPrivilege, SeSecurityPrivilege, SeTakeOwnershipPrivilege, SeLoadDriverPrivilege, SeBackupPrivilege, SeRestorePrivilege, SeDebugPrivilege, SeAuditPrivilege, SeSystemEnvironmentPrivilege, SeImpersonatePrivilege, SeDelegateSessionUserImpersonatePrivilege""}]}}"
378,378,2023-10-18 02:45:05.6081875,5379,LogAlways,Microsoft-Windows-Security-Auditing,Security,644,708,WIN-FUDU2CKJOE8,4,,Credential Manager credentials were read,LOCAL SERVICE,,SID: S-1-5-19,Domain: NT AUTHORITY,LogonID: 0x3E5,CountOfCredentialsReturned: 0,,ActivityID: 27de5d04-0186-0000-535e-de278601da01,MicrosoftAccount:user=02stgolllxrqrgsk,False,C:\Users\BRIANNA\OneDrive\Documents\GitHub\NSSECU3_MP2\Test Files\EvtLogs\APTSimulatorVM_EventLogs_Server2022\logs\Security.evtx,Audit success,0,"{""EventData"":{""Data"":[{""@Name"":""SubjectUserSid"",""#text"":""S-1-5-19""},{""@Name"":""SubjectUserName"",""#text"":""LOCAL SERVICE""},{""@Name"":""SubjectDomainName"",""#text"":""NT AUTHORITY""},{""@Name"":""SubjectLogonId"",""#text"":""0x3E5""},{""@Name"":""TargetName"",""#text"":""MicrosoftAccount:user=02stgolllxrqrgsk""},{""@Name"":""Type"",""#text"":""0""},{""@Name"":""CountOfCredentialsReturned"",""#text"":""0""},{""@Name"":""ReadOperation"",""#text"":""%%8100""},{""@Name"":""ReturnCode"",""#text"":""3221226021""},{""@Name"":""ProcessCreationTime"",""#text"":""2023-10-18 05:44:35.4284357""},{""@Name"":""ClientProcessId"",""#text"":""1016""}]}}"
379,379,2023-10-18 02:45:05.6125451,5379,LogAlways,Microsoft-Windows-Security-Auditing,Security,644,708,WIN-FUDU2CKJOE8,4,,Credential Manager credentials were read,LOCAL SERVICE,,SID: S-1-5-19,Domain: NT AUTHORITY,LogonID: 0x3E5,CountOfCredentialsReturned: 0,,ActivityID: 27de5d04-0186-0000-535e-de278601da01,MicrosoftAccount:user=02stgolllxrqrgsk,False,C:\Users\BRIANNA\OneDrive\Documents\GitHub\NSSECU3_MP2\Test Files\EvtLogs\APTSimulatorVM_EventLogs_Server2022\logs\Security.evtx,Audit success,0,"{""EventData"":{""Data"":[{""@Name"":""SubjectUserSid"",""#text"":""S-1-5-19""},{""@Name"":""SubjectUserName"",""#text"":""LOCAL SERVICE""},{""@Name"":""SubjectDomainName"",""#text"":""NT AUTHORITY""},{""@Name"":""SubjectLogonId"",""#text"":""0x3E5""},{""@Name"":""TargetName"",""#text"":""MicrosoftAccount:user=02stgolllxrqrgsk""},{""@Name"":""Type"",""#text"":""0""},{""@Name"":""CountOfCredentialsReturned"",""#text"":""0""},{""@Name"":""ReadOperation"",""#text"":""%%8100""},{""@Name"":""ReturnCode"",""#text"":""3221226021""},{""@Name"":""ProcessCreationTime"",""#text"":""2023-10-18 05:44:35.4284357""},{""@Name"":""ClientProcessId"",""#text"":""1016""}]}}"
380,380,2023-10-18 02:45:05.6214099,5379,LogAlways,Microsoft-Windows-Security-Auditing,Security,644,708,WIN-FUDU2CKJOE8,4,,Credential Manager credentials were read,LOCAL SERVICE,,SID: S-1-5-19,Domain: NT AUTHORITY,LogonID: 0x3E5,CountOfCredentialsReturned: 0,,ActivityID: 27de5d04-0186-0000-535e-de278601da01,MicrosoftAccount:user=02stgolllxrqrgsk,False,C:\Users\BRIANNA\OneDrive\Documents\GitHub\NSSECU3_MP2\Test Files\EvtLogs\APTSimulatorVM_EventLogs_Server2022\logs\Security.evtx,Audit success,0,"{""EventData"":{""Data"":[{""@Name"":""SubjectUserSid"",""#text"":""S-1-5-19""},{""@Name"":""SubjectUserName"",""#text"":""LOCAL SERVICE""},{""@Name"":""SubjectDomainName"",""#text"":""NT AUTHORITY""},{""@Name"":""SubjectLogonId"",""#text"":""0x3E5""},{""@Name"":""TargetName"",""#text"":""MicrosoftAccount:user=02stgolllxrqrgsk""},{""@Name"":""Type"",""#text"":""0""},{""@Name"":""CountOfCredentialsReturned"",""#text"":""0""},{""@Name"":""ReadOperation"",""#text"":""%%8100""},{""@Name"":""ReturnCode"",""#text"":""3221226021""},{""@Name"":""ProcessCreationTime"",""#text"":""2023-10-18 05:44:35.4284357""},{""@Name"":""ClientProcessId"",""#text"":""1016""}]}}"
381,381,2023-10-18 02:45:05.6214837,5379,LogAlways,Microsoft-Windows-Security-Auditing,Security,644,708,WIN-FUDU2CKJOE8,4,,Credential Manager credentials were read,LOCAL SERVICE,,SID: S-1-5-19,Domain: NT AUTHORITY,LogonID: 0x3E5,CountOfCredentialsReturned: 0,,ActivityID: 27de5d04-0186-0000-535e-de278601da01,MicrosoftAccount:user=02stgolllxrqrgsk,False,C:\Users\BRIANNA\OneDrive\Documents\GitHub\NSSECU3_MP2\Test Files\EvtLogs\APTSimulatorVM_EventLogs_Server2022\logs\Security.evtx,Audit success,0,"{""EventData"":{""Data"":[{""@Name"":""SubjectUserSid"",""#text"":""S-1-5-19""},{""@Name"":""SubjectUserName"",""#text"":""LOCAL SERVICE""},{""@Name"":""SubjectDomainName"",""#text"":""NT AUTHORITY""},{""@Name"":""SubjectLogonId"",""#text"":""0x3E5""},{""@Name"":""TargetName"",""#text"":""MicrosoftAccount:user=02stgolllxrqrgsk""},{""@Name"":""Type"",""#text"":""0""},{""@Name"":""CountOfCredentialsReturned"",""#text"":""0""},{""@Name"":""ReadOperation"",""#text"":""%%8100""},{""@Name"":""ReturnCode"",""#text"":""3221226021""},{""@Name"":""ProcessCreationTime"",""#text"":""2023-10-18 05:44:35.4284357""},{""@Name"":""ClientProcessId"",""#text"":""1016""}]}}"
382,382,2023-10-18 02:45:35.1100651,4616,LogAlways,Microsoft-Windows-Security-Auditing,Security,4,124,WIN-FUDU2CKJOE8,4,,The system time was changed,WORKGROUP\WIN-FUDU2CKJOE8$ (S-1-5-18),,PreviousTime: 2023-10-18 02:45:31.5467068,NewTime: 2023-10-18 02:45:35.1090000,LogonId: 0x3E7,,,,C:\Program Files\VMware\VMware Tools\vmtoolsd.exe,False,C:\Users\BRIANNA\OneDrive\Documents\GitHub\NSSECU3_MP2\Test Files\EvtLogs\APTSimulatorVM_EventLogs_Server2022\logs\Security.evtx,Audit success,0,"{""EventData"":{""Data"":[{""@Name"":""SubjectUserSid"",""#text"":""S-1-5-18""},{""@Name"":""SubjectUserName"",""#text"":""WIN-FUDU2CKJOE8$""},{""@Name"":""SubjectDomainName"",""#text"":""WORKGROUP""},{""@Name"":""SubjectLogonId"",""#text"":""0x3E7""},{""@Name"":""PreviousTime"",""#text"":""2023-10-18 02:45:31.5467068""},{""@Name"":""NewTime"",""#text"":""2023-10-18 02:45:35.1090000""},{""@Name"":""ProcessId"",""#text"":""0xDCC""},{""@Name"":""ProcessName"",""#text"":""C:\\Program Files\\VMware\\VMware Tools\\vmtoolsd.exe""}]}}"
383,383,2023-10-18 02:45:35.2728169,4624,LogAlways,Microsoft-Windows-Security-Auditing,Security,644,708,WIN-FUDU2CKJOE8,4,,Successful logon,WORKGROUP\WIN-FUDU2CKJOE8$,- (-),Target: NT AUTHORITY\SYSTEM,LogonType 5,LogonId: 0x3E7,AuthenticationPackageName: Negotiate,"LogonProcessName: Advapi  ",,C:\Windows\System32\services.exe,False,C:\Users\BRIANNA\OneDrive\Documents\GitHub\NSSECU3_MP2\Test Files\EvtLogs\APTSimulatorVM_EventLogs_Server2022\logs\Security.evtx,Audit success,0,"{""EventData"":{""Data"":[{""@Name"":""SubjectUserSid"",""#text"":""S-1-5-18""},{""@Name"":""SubjectUserName"",""#text"":""WIN-FUDU2CKJOE8$""},{""@Name"":""SubjectDomainName"",""#text"":""WORKGROUP""},{""@Name"":""SubjectLogonId"",""#text"":""0x3E7""},{""@Name"":""TargetUserSid"",""#text"":""S-1-5-18""},{""@Name"":""TargetUserName"",""#text"":""SYSTEM""},{""@Name"":""TargetDomainName"",""#text"":""NT AUTHORITY""},{""@Name"":""TargetLogonId"",""#text"":""0x3E7""},{""@Name"":""LogonType"",""#text"":""5""},{""@Name"":""LogonProcessName"",""#text"":""Advapi  ""},{""@Name"":""AuthenticationPackageName"",""#text"":""Negotiate""},{""@Name"":""WorkstationName"",""#text"":""-""},{""@Name"":""LogonGuid"",""#text"":""00000000-0000-0000-0000-000000000000""},{""@Name"":""TransmittedServices"",""#text"":""-""},{""@Name"":""LmPackageName"",""#text"":""-""},{""@Name"":""KeyLength"",""#text"":""0""},{""@Name"":""ProcessId"",""#text"":""0x264""},{""@Name"":""ProcessName"",""#text"":""C:\\Windows\\System32\\services.exe""},{""@Name"":""IpAddress"",""#text"":""-""},{""@Name"":""IpPort"",""#text"":""-""},{""@Name"":""ImpersonationLevel"",""#text"":""%%1833""},{""@Name"":""RestrictedAdminMode"",""#text"":""-""},{""@Name"":""TargetOutboundUserName"",""#text"":""-""},{""@Name"":""TargetOutboundDomainName"",""#text"":""-""},{""@Name"":""VirtualAccount"",""#text"":""%%1843""},{""@Name"":""TargetLinkedLogonId"",""#text"":""0x0""},{""@Name"":""ElevatedToken"",""#text"":""%%1842""}]}}"
384,384,2023-10-18 02:45:35.2728241,4672,LogAlways,Microsoft-Windows-Security-Auditing,Security,644,708,WIN-FUDU2CKJOE8,4,,Administrative logon,NT AUTHORITY\SYSTEM (S-1-5-18),,"PrivilegeList: SeAssignPrimaryTokenPrivilege, SeTcbPrivilege, SeSecurityPrivilege, SeTakeOwnershipPrivilege, SeLoadDriverPrivilege, SeBackupPrivilege, SeRestorePrivilege, SeDebugPrivilege, SeAuditPrivilege, SeSystemEnvironmentPrivilege, SeImpersonatePrivilege, SeDelegateSessionUserImpersonatePrivilege",LogonId: 0x3E7,,,,,,False,C:\Users\BRIANNA\OneDrive\Documents\GitHub\NSSECU3_MP2\Test Files\EvtLogs\APTSimulatorVM_EventLogs_Server2022\logs\Security.evtx,Audit success,0,"{""EventData"":{""Data"":[{""@Name"":""SubjectUserSid"",""#text"":""S-1-5-18""},{""@Name"":""SubjectUserName"",""#text"":""SYSTEM""},{""@Name"":""SubjectDomainName"",""#text"":""NT AUTHORITY""},{""@Name"":""SubjectLogonId"",""#text"":""0x3E7""},{""@Name"":""PrivilegeList"",""#text"":""SeAssignPrimaryTokenPrivilege, SeTcbPrivilege, SeSecurityPrivilege, SeTakeOwnershipPrivilege, SeLoadDriverPrivilege, SeBackupPrivilege, SeRestorePrivilege, SeDebugPrivilege, SeAuditPrivilege, SeSystemEnvironmentPrivilege, SeImpersonatePrivilege, SeDelegateSessionUserImpersonatePrivilege""}]}}"
385,385,2023-10-18 02:45:37.2295397,5890,LogAlways,Microsoft-Windows-Security-Auditing,Security,644,708,WIN-FUDU2CKJOE8,4,,,,,,,,,,,,False,C:\Users\BRIANNA\OneDrive\Documents\GitHub\NSSECU3_MP2\Test Files\EvtLogs\APTSimulatorVM_EventLogs_Server2022\logs\Security.evtx,Audit success,0,"{""EventData"":{""Data"":[{""@Name"":""SubjectUserSid"",""#text"":""S-1-5-18""},{""@Name"":""SubjectUserName"",""#text"":""SYSTEM""},{""@Name"":""SubjectUserDomainName"",""#text"":""NT AUTHORITY""},{""@Name"":""SubjectLogonId"",""#text"":""999""},{""@Name"":""ObjectCollectionName"",""#text"":""Applications""},{""@Name"":""ObjectIdentifyingProperties"",""#text"":"", ID = {B2B2B3FB-2845-4F5F-B126-602A371411F9}, AppPartitionID = {41E90F3E-56C1-4633-81C3-6E8BAC8BDD70}""},{""@Name"":""ObjectProperties"",""#text"":"", Name = VMware Snapshot Provider, ApplicationProxyServerName = , ProcessType = 2, CommandLine = , ServiceName = , RunAsUserType = 1, Identity = Interactive User, Description = VMware Snapshot Provider, IsSystem = N, Authentication = 6, ShutdownAfter = 3, RunForever = N, Password = ********, Activation = Local, Changeable = Y, Deleteable = Y, CreatedBy = , AccessChecksLevel = 1, ApplicationAccessChecksEnabled = 0, cCOL_SecurityDescriptor = &lt;Opaque&gt;, ImpersonationLevel = 2, AuthenticationCapability = 2, CRMEnabled = 0, 3GigSupportEnabled = 0, QueuingEnabled = 0, QueueListenerEnabled = N, EventsEnabled = 1, ProcessFlags = 0, ThreadMax = 0, ApplicationProxy = 0, CRMLogFile = , DumpEnabled = 0, DumpOnException = 0, DumpOnFailfast = 0, MaxDumpCount = 5, DumpPath = %systemroot%\\system32\\com\\dmp, IsEnabled = 1, ConcurrentApps = 1, RecycleLifetimeLimit = 0, RecycleCallLimit = 0, RecycleActivationLimit = 0, RecycleMemoryLimit = 0, RecycleExpirationTimeout = 15, QCListenerMaxThreads = 0, QCAuthenticateMsgs = 0, ApplicationDirectory = , SRPTrustLevel = 262144, SRPEnabled = 0, SoapActivated = 0, SoapVRoot = , SoapMailTo = , SoapBaseUrl = , Replicable = 1""}]}}"
386,386,2023-10-18 02:45:37.4793966,5890,LogAlways,Microsoft-Windows-Security-Auditing,Security,644,708,WIN-FUDU2CKJOE8,4,,,,,,,,,,,,False,C:\Users\BRIANNA\OneDrive\Documents\GitHub\NSSECU3_MP2\Test Files\EvtLogs\APTSimulatorVM_EventLogs_Server2022\logs\Security.evtx,Audit success,0,"{""EventData"":{""Data"":[{""@Name"":""SubjectUserSid"",""#text"":""S-1-5-18""},{""@Name"":""SubjectUserName"",""#text"":""SYSTEM""},{""@Name"":""SubjectUserDomainName"",""#text"":""NT AUTHORITY""},{""@Name"":""SubjectLogonId"",""#text"":""999""},{""@Name"":""ObjectCollectionName"",""#text"":""Roles""},{""@Name"":""ObjectIdentifyingProperties"",""#text"":"", ApplId = {B2B2B3FB-2845-4F5F-B126-602A371411F9}, Name = Administrators""},{""@Name"":""ObjectProperties"",""#text"":"", Description = Administrators group""}]}}"
387,387,2023-10-18 02:45:37.5285556,4798,LogAlways,Microsoft-Windows-Security-Auditing,Security,644,700,WIN-FUDU2CKJOE8,4,,A user's local group membership was enumerated,WORKGROUP\WIN-FUDU2CKJOE8$ (S-1-5-18),,Target: WIN-FUDU2CKJOE8\Administrator (S-1-5-21-3275454858-3348516582-95323724-500),SubjectLogonId: 0x3E7,CallerProcessName: C:\Windows\System32\wbem\WmiPrvSE.exe,CallerProcessId: 0x484,,,,False,C:\Users\BRIANNA\OneDrive\Documents\GitHub\NSSECU3_MP2\Test Files\EvtLogs\APTSimulatorVM_EventLogs_Server2022\logs\Security.evtx,Audit success,0,"{""EventData"":{""Data"":[{""@Name"":""TargetUserName"",""#text"":""Administrator""},{""@Name"":""TargetDomainName"",""#text"":""WIN-FUDU2CKJOE8""},{""@Name"":""TargetSid"",""#text"":""S-1-5-21-3275454858-3348516582-95323724-500""},{""@Name"":""SubjectUserSid"",""#text"":""S-1-5-18""},{""@Name"":""SubjectUserName"",""#text"":""WIN-FUDU2CKJOE8$""},{""@Name"":""SubjectDomainName"",""#text"":""WORKGROUP""},{""@Name"":""SubjectLogonId"",""#text"":""0x3E7""},{""@Name"":""CallerProcessId"",""#text"":""0x484""},{""@Name"":""CallerProcessName"",""#text"":""C:\\Windows\\System32\\wbem\\WmiPrvSE.exe""}]}}"
388,388,2023-10-18 02:45:37.5287862,4798,LogAlways,Microsoft-Windows-Security-Auditing,Security,644,700,WIN-FUDU2CKJOE8,4,,A user's local group membership was enumerated,WORKGROUP\WIN-FUDU2CKJOE8$ (S-1-5-18),,Target: WIN-FUDU2CKJOE8\DefaultAccount (S-1-5-21-3275454858-3348516582-95323724-503),SubjectLogonId: 0x3E7,CallerProcessName: C:\Windows\System32\wbem\WmiPrvSE.exe,CallerProcessId: 0x484,,,,False,C:\Users\BRIANNA\OneDrive\Documents\GitHub\NSSECU3_MP2\Test Files\EvtLogs\APTSimulatorVM_EventLogs_Server2022\logs\Security.evtx,Audit success,0,"{""EventData"":{""Data"":[{""@Name"":""TargetUserName"",""#text"":""DefaultAccount""},{""@Name"":""TargetDomainName"",""#text"":""WIN-FUDU2CKJOE8""},{""@Name"":""TargetSid"",""#text"":""S-1-5-21-3275454858-3348516582-95323724-503""},{""@Name"":""SubjectUserSid"",""#text"":""S-1-5-18""},{""@Name"":""SubjectUserName"",""#text"":""WIN-FUDU2CKJOE8$""},{""@Name"":""SubjectDomainName"",""#text"":""WORKGROUP""},{""@Name"":""SubjectLogonId"",""#text"":""0x3E7""},{""@Name"":""CallerProcessId"",""#text"":""0x484""},{""@Name"":""CallerProcessName"",""#text"":""C:\\Windows\\System32\\wbem\\WmiPrvSE.exe""}]}}"
389,389,2023-10-18 02:45:37.5290021,4798,LogAlways,Microsoft-Windows-Security-Auditing,Security,644,700,WIN-FUDU2CKJOE8,4,,A user's local group membership was enumerated,WORKGROUP\WIN-FUDU2CKJOE8$ (S-1-5-18),,Target: WIN-FUDU2CKJOE8\Guest (S-1-5-21-3275454858-3348516582-95323724-501),SubjectLogonId: 0x3E7,CallerProcessName: C:\Windows\System32\wbem\WmiPrvSE.exe,CallerProcessId: 0x484,,,,False,C:\Users\BRIANNA\OneDrive\Documents\GitHub\NSSECU3_MP2\Test Files\EvtLogs\APTSimulatorVM_EventLogs_Server2022\logs\Security.evtx,Audit success,0,"{""EventData"":{""Data"":[{""@Name"":""TargetUserName"",""#text"":""Guest""},{""@Name"":""TargetDomainName"",""#text"":""WIN-FUDU2CKJOE8""},{""@Name"":""TargetSid"",""#text"":""S-1-5-21-3275454858-3348516582-95323724-501""},{""@Name"":""SubjectUserSid"",""#text"":""S-1-5-18""},{""@Name"":""SubjectUserName"",""#text"":""WIN-FUDU2CKJOE8$""},{""@Name"":""SubjectDomainName"",""#text"":""WORKGROUP""},{""@Name"":""SubjectLogonId"",""#text"":""0x3E7""},{""@Name"":""CallerProcessId"",""#text"":""0x484""},{""@Name"":""CallerProcessName"",""#text"":""C:\\Windows\\System32\\wbem\\WmiPrvSE.exe""}]}}"
390,390,2023-10-18 02:45:37.5292719,4798,LogAlways,Microsoft-Windows-Security-Auditing,Security,644,700,WIN-FUDU2CKJOE8,4,,A user's local group membership was enumerated,WORKGROUP\WIN-FUDU2CKJOE8$ (S-1-5-18),,Target: WIN-FUDU2CKJOE8\Test (S-1-5-21-3275454858-3348516582-95323724-1000),SubjectLogonId: 0x3E7,CallerProcessName: C:\Windows\System32\wbem\WmiPrvSE.exe,CallerProcessId: 0x484,,,,False,C:\Users\BRIANNA\OneDrive\Documents\GitHub\NSSECU3_MP2\Test Files\EvtLogs\APTSimulatorVM_EventLogs_Server2022\logs\Security.evtx,Audit success,0,"{""EventData"":{""Data"":[{""@Name"":""TargetUserName"",""#text"":""Test""},{""@Name"":""TargetDomainName"",""#text"":""WIN-FUDU2CKJOE8""},{""@Name"":""TargetSid"",""#text"":""S-1-5-21-3275454858-3348516582-95323724-1000""},{""@Name"":""SubjectUserSid"",""#text"":""S-1-5-18""},{""@Name"":""SubjectUserName"",""#text"":""WIN-FUDU2CKJOE8$""},{""@Name"":""SubjectDomainName"",""#text"":""WORKGROUP""},{""@Name"":""SubjectLogonId"",""#text"":""0x3E7""},{""@Name"":""CallerProcessId"",""#text"":""0x484""},{""@Name"":""CallerProcessName"",""#text"":""C:\\Windows\\System32\\wbem\\WmiPrvSE.exe""}]}}"
391,391,2023-10-18 02:45:37.5295280,4798,LogAlways,Microsoft-Windows-Security-Auditing,Security,644,700,WIN-FUDU2CKJOE8,4,,A user's local group membership was enumerated,WORKGROUP\WIN-FUDU2CKJOE8$ (S-1-5-18),,Target: WIN-FUDU2CKJOE8\WDAGUtilityAccount (S-1-5-21-3275454858-3348516582-95323724-504),SubjectLogonId: 0x3E7,CallerProcessName: C:\Windows\System32\wbem\WmiPrvSE.exe,CallerProcessId: 0x484,,,,False,C:\Users\BRIANNA\OneDrive\Documents\GitHub\NSSECU3_MP2\Test Files\EvtLogs\APTSimulatorVM_EventLogs_Server2022\logs\Security.evtx,Audit success,0,"{""EventData"":{""Data"":[{""@Name"":""TargetUserName"",""#text"":""WDAGUtilityAccount""},{""@Name"":""TargetDomainName"",""#text"":""WIN-FUDU2CKJOE8""},{""@Name"":""TargetSid"",""#text"":""S-1-5-21-3275454858-3348516582-95323724-504""},{""@Name"":""SubjectUserSid"",""#text"":""S-1-5-18""},{""@Name"":""SubjectUserName"",""#text"":""WIN-FUDU2CKJOE8$""},{""@Name"":""SubjectDomainName"",""#text"":""WORKGROUP""},{""@Name"":""SubjectLogonId"",""#text"":""0x3E7""},{""@Name"":""CallerProcessId"",""#text"":""0x484""},{""@Name"":""CallerProcessName"",""#text"":""C:\\Windows\\System32\\wbem\\WmiPrvSE.exe""}]}}"
392,392,2023-10-18 02:45:37.5703697,4798,LogAlways,Microsoft-Windows-Security-Auditing,Security,644,700,WIN-FUDU2CKJOE8,4,,A user's local group membership was enumerated,WORKGROUP\WIN-FUDU2CKJOE8$ (S-1-5-18),,Target: WIN-FUDU2CKJOE8\Administrator (S-1-5-21-3275454858-3348516582-95323724-500),SubjectLogonId: 0x3E7,CallerProcessName: C:\Windows\System32\wbem\WmiPrvSE.exe,CallerProcessId: 0x484,,,,False,C:\Users\BRIANNA\OneDrive\Documents\GitHub\NSSECU3_MP2\Test Files\EvtLogs\APTSimulatorVM_EventLogs_Server2022\logs\Security.evtx,Audit success,0,"{""EventData"":{""Data"":[{""@Name"":""TargetUserName"",""#text"":""Administrator""},{""@Name"":""TargetDomainName"",""#text"":""WIN-FUDU2CKJOE8""},{""@Name"":""TargetSid"",""#text"":""S-1-5-21-3275454858-3348516582-95323724-500""},{""@Name"":""SubjectUserSid"",""#text"":""S-1-5-18""},{""@Name"":""SubjectUserName"",""#text"":""WIN-FUDU2CKJOE8$""},{""@Name"":""SubjectDomainName"",""#text"":""WORKGROUP""},{""@Name"":""SubjectLogonId"",""#text"":""0x3E7""},{""@Name"":""CallerProcessId"",""#text"":""0x484""},{""@Name"":""CallerProcessName"",""#text"":""C:\\Windows\\System32\\wbem\\WmiPrvSE.exe""}]}}"
393,393,2023-10-18 02:45:37.5706434,4798,LogAlways,Microsoft-Windows-Security-Auditing,Security,644,700,WIN-FUDU2CKJOE8,4,,A user's local group membership was enumerated,WORKGROUP\WIN-FUDU2CKJOE8$ (S-1-5-18),,Target: WIN-FUDU2CKJOE8\DefaultAccount (S-1-5-21-3275454858-3348516582-95323724-503),SubjectLogonId: 0x3E7,CallerProcessName: C:\Windows\System32\wbem\WmiPrvSE.exe,CallerProcessId: 0x484,,,,False,C:\Users\BRIANNA\OneDrive\Documents\GitHub\NSSECU3_MP2\Test Files\EvtLogs\APTSimulatorVM_EventLogs_Server2022\logs\Security.evtx,Audit success,0,"{""EventData"":{""Data"":[{""@Name"":""TargetUserName"",""#text"":""DefaultAccount""},{""@Name"":""TargetDomainName"",""#text"":""WIN-FUDU2CKJOE8""},{""@Name"":""TargetSid"",""#text"":""S-1-5-21-3275454858-3348516582-95323724-503""},{""@Name"":""SubjectUserSid"",""#text"":""S-1-5-18""},{""@Name"":""SubjectUserName"",""#text"":""WIN-FUDU2CKJOE8$""},{""@Name"":""SubjectDomainName"",""#text"":""WORKGROUP""},{""@Name"":""SubjectLogonId"",""#text"":""0x3E7""},{""@Name"":""CallerProcessId"",""#text"":""0x484""},{""@Name"":""CallerProcessName"",""#text"":""C:\\Windows\\System32\\wbem\\WmiPrvSE.exe""}]}}"
394,394,2023-10-18 02:45:37.5709610,4798,LogAlways,Microsoft-Windows-Security-Auditing,Security,644,700,WIN-FUDU2CKJOE8,4,,A user's local group membership was enumerated,WORKGROUP\WIN-FUDU2CKJOE8$ (S-1-5-18),,Target: WIN-FUDU2CKJOE8\Guest (S-1-5-21-3275454858-3348516582-95323724-501),SubjectLogonId: 0x3E7,CallerProcessName: C:\Windows\System32\wbem\WmiPrvSE.exe,CallerProcessId: 0x484,,,,False,C:\Users\BRIANNA\OneDrive\Documents\GitHub\NSSECU3_MP2\Test Files\EvtLogs\APTSimulatorVM_EventLogs_Server2022\logs\Security.evtx,Audit success,0,"{""EventData"":{""Data"":[{""@Name"":""TargetUserName"",""#text"":""Guest""},{""@Name"":""TargetDomainName"",""#text"":""WIN-FUDU2CKJOE8""},{""@Name"":""TargetSid"",""#text"":""S-1-5-21-3275454858-3348516582-95323724-501""},{""@Name"":""SubjectUserSid"",""#text"":""S-1-5-18""},{""@Name"":""SubjectUserName"",""#text"":""WIN-FUDU2CKJOE8$""},{""@Name"":""SubjectDomainName"",""#text"":""WORKGROUP""},{""@Name"":""SubjectLogonId"",""#text"":""0x3E7""},{""@Name"":""CallerProcessId"",""#text"":""0x484""},{""@Name"":""CallerProcessName"",""#text"":""C:\\Windows\\System32\\wbem\\WmiPrvSE.exe""}]}}"
395,395,2023-10-18 02:45:37.5713086,4798,LogAlways,Microsoft-Windows-Security-Auditing,Security,644,700,WIN-FUDU2CKJOE8,4,,A user's local group membership was enumerated,WORKGROUP\WIN-FUDU2CKJOE8$ (S-1-5-18),,Target: WIN-FUDU2CKJOE8\Test (S-1-5-21-3275454858-3348516582-95323724-1000),SubjectLogonId: 0x3E7,CallerProcessName: C:\Windows\System32\wbem\WmiPrvSE.exe,CallerProcessId: 0x484,,,,False,C:\Users\BRIANNA\OneDrive\Documents\GitHub\NSSECU3_MP2\Test Files\EvtLogs\APTSimulatorVM_EventLogs_Server2022\logs\Security.evtx,Audit success,0,"{""EventData"":{""Data"":[{""@Name"":""TargetUserName"",""#text"":""Test""},{""@Name"":""TargetDomainName"",""#text"":""WIN-FUDU2CKJOE8""},{""@Name"":""TargetSid"",""#text"":""S-1-5-21-3275454858-3348516582-95323724-1000""},{""@Name"":""SubjectUserSid"",""#text"":""S-1-5-18""},{""@Name"":""SubjectUserName"",""#text"":""WIN-FUDU2CKJOE8$""},{""@Name"":""SubjectDomainName"",""#text"":""WORKGROUP""},{""@Name"":""SubjectLogonId"",""#text"":""0x3E7""},{""@Name"":""CallerProcessId"",""#text"":""0x484""},{""@Name"":""CallerProcessName"",""#text"":""C:\\Windows\\System32\\wbem\\WmiPrvSE.exe""}]}}"
396,396,2023-10-18 02:45:37.5715985,4798,LogAlways,Microsoft-Windows-Security-Auditing,Security,644,700,WIN-FUDU2CKJOE8,4,,A user's local group membership was enumerated,WORKGROUP\WIN-FUDU2CKJOE8$ (S-1-5-18),,Target: WIN-FUDU2CKJOE8\WDAGUtilityAccount (S-1-5-21-3275454858-3348516582-95323724-504),SubjectLogonId: 0x3E7,CallerProcessName: C:\Windows\System32\wbem\WmiPrvSE.exe,CallerProcessId: 0x484,,,,False,C:\Users\BRIANNA\OneDrive\Documents\GitHub\NSSECU3_MP2\Test Files\EvtLogs\APTSimulatorVM_EventLogs_Server2022\logs\Security.evtx,Audit success,0,"{""EventData"":{""Data"":[{""@Name"":""TargetUserName"",""#text"":""WDAGUtilityAccount""},{""@Name"":""TargetDomainName"",""#text"":""WIN-FUDU2CKJOE8""},{""@Name"":""TargetSid"",""#text"":""S-1-5-21-3275454858-3348516582-95323724-504""},{""@Name"":""SubjectUserSid"",""#text"":""S-1-5-18""},{""@Name"":""SubjectUserName"",""#text"":""WIN-FUDU2CKJOE8$""},{""@Name"":""SubjectDomainName"",""#text"":""WORKGROUP""},{""@Name"":""SubjectLogonId"",""#text"":""0x3E7""},{""@Name"":""CallerProcessId"",""#text"":""0x484""},{""@Name"":""CallerProcessName"",""#text"":""C:\\Windows\\System32\\wbem\\WmiPrvSE.exe""}]}}"
397,397,2023-10-18 02:45:37.5981875,5890,LogAlways,Microsoft-Windows-Security-Auditing,Security,644,700,WIN-FUDU2CKJOE8,4,,,,,,,,,,,,False,C:\Users\BRIANNA\OneDrive\Documents\GitHub\NSSECU3_MP2\Test Files\EvtLogs\APTSimulatorVM_EventLogs_Server2022\logs\Security.evtx,Audit success,0,"{""EventData"":{""Data"":[{""@Name"":""SubjectUserSid"",""#text"":""S-1-5-18""},{""@Name"":""SubjectUserName"",""#text"":""SYSTEM""},{""@Name"":""SubjectUserDomainName"",""#text"":""NT AUTHORITY""},{""@Name"":""SubjectLogonId"",""#text"":""999""},{""@Name"":""ObjectCollectionName"",""#text"":""UsersInRole""},{""@Name"":""ObjectIdentifyingProperties"",""#text"":"", ApplId = {B2B2B3FB-2845-4F5F-B126-602A371411F9}, Name = Administrators, User = .\\Administrators""},{""@Name"":""ObjectProperties"",""#text"":"", &lt;null&gt;""}]}}"
398,398,2023-10-18 02:45:37.5982971,5890,LogAlways,Microsoft-Windows-Security-Auditing,Security,644,700,WIN-FUDU2CKJOE8,4,,,,,,,,,,,,False,C:\Users\BRIANNA\OneDrive\Documents\GitHub\NSSECU3_MP2\Test Files\EvtLogs\APTSimulatorVM_EventLogs_Server2022\logs\Security.evtx,Audit success,0,"{""EventData"":{""Data"":[{""@Name"":""SubjectUserSid"",""#text"":""S-1-5-18""},{""@Name"":""SubjectUserName"",""#text"":""SYSTEM""},{""@Name"":""SubjectUserDomainName"",""#text"":""NT AUTHORITY""},{""@Name"":""SubjectLogonId"",""#text"":""999""},{""@Name"":""ObjectCollectionName"",""#text"":""UsersInRole""},{""@Name"":""ObjectIdentifyingProperties"",""#text"":"", ApplId = {B2B2B3FB-2845-4F5F-B126-602A371411F9}, Name = Administrators, User = SYSTEM""},{""@Name"":""ObjectProperties"",""#text"":"", &lt;null&gt;""}]}}"
399,399,2023-10-18 02:45:38.9401380,5379,LogAlways,Microsoft-Windows-Security-Auditing,Security,644,700,WIN-FUDU2CKJOE8,4,,Credential Manager credentials were read,Test,,SID: S-1-5-21-3275454858-3348516582-95323724-1000,Domain: WIN-FUDU2CKJOE8,LogonID: 0x408BA,CountOfCredentialsReturned: 0,,ActivityID: 27de5d04-0186-0000-535e-de278601da01,MicrosoftAccount:user=02oeqehagmqtjxao,False,C:\Users\BRIANNA\OneDrive\Documents\GitHub\NSSECU3_MP2\Test Files\EvtLogs\APTSimulatorVM_EventLogs_Server2022\logs\Security.evtx,Audit success,0,"{""EventData"":{""Data"":[{""@Name"":""SubjectUserSid"",""#text"":""S-1-5-21-3275454858-3348516582-95323724-1000""},{""@Name"":""SubjectUserName"",""#text"":""Test""},{""@Name"":""SubjectDomainName"",""#text"":""WIN-FUDU2CKJOE8""},{""@Name"":""SubjectLogonId"",""#text"":""0x408BA""},{""@Name"":""TargetName"",""#text"":""MicrosoftAccount:user=02oeqehagmqtjxao""},{""@Name"":""Type"",""#text"":""0""},{""@Name"":""CountOfCredentialsReturned"",""#text"":""0""},{""@Name"":""ReadOperation"",""#text"":""%%8100""},{""@Name"":""ReturnCode"",""#text"":""3221226021""},{""@Name"":""ProcessCreationTime"",""#text"":""2023-10-18 05:44:35.4284357""},{""@Name"":""ClientProcessId"",""#text"":""1016""}]}}"
400,400,2023-10-18 02:45:38.9403269,5379,LogAlways,Microsoft-Windows-Security-Auditing,Security,644,700,WIN-FUDU2CKJOE8,4,,Credential Manager credentials were read,Test,,SID: S-1-5-21-3275454858-3348516582-95323724-1000,Domain: WIN-FUDU2CKJOE8,LogonID: 0x408BA,CountOfCredentialsReturned: 0,,ActivityID: 27de5d04-0186-0000-535e-de278601da01,WindowsLive:(token):name=02oeqehagmqtjxao;serviceuri=*,False,C:\Users\BRIANNA\OneDrive\Documents\GitHub\NSSECU3_MP2\Test Files\EvtLogs\APTSimulatorVM_EventLogs_Server2022\logs\Security.evtx,Audit success,0,"{""EventData"":{""Data"":[{""@Name"":""SubjectUserSid"",""#text"":""S-1-5-21-3275454858-3348516582-95323724-1000""},{""@Name"":""SubjectUserName"",""#text"":""Test""},{""@Name"":""SubjectDomainName"",""#text"":""WIN-FUDU2CKJOE8""},{""@Name"":""SubjectLogonId"",""#text"":""0x408BA""},{""@Name"":""TargetName"",""#text"":""WindowsLive:(token):name=02oeqehagmqtjxao;serviceuri=*""},{""@Name"":""Type"",""#text"":""0""},{""@Name"":""CountOfCredentialsReturned"",""#text"":""0""},{""@Name"":""ReadOperation"",""#text"":""%%8100""},{""@Name"":""ReturnCode"",""#text"":""3221226021""},{""@Name"":""ProcessCreationTime"",""#text"":""2023-10-18 05:44:35.4284357""},{""@Name"":""ClientProcessId"",""#text"":""1016""}]}}"
401,401,2023-10-18 02:45:38.9414600,5379,LogAlways,Microsoft-Windows-Security-Auditing,Security,644,700,WIN-FUDU2CKJOE8,4,,Credential Manager credentials were read,Test,,SID: S-1-5-21-3275454858-3348516582-95323724-1000,Domain: WIN-FUDU2CKJOE8,LogonID: 0x408BA,CountOfCredentialsReturned: 0,,ActivityID: 27de5d04-0186-0000-535e-de278601da01,WindowsLive:(cert):name=02oeqehagmqtjxao;serviceuri=*,False,C:\Users\BRIANNA\OneDrive\Documents\GitHub\NSSECU3_MP2\Test Files\EvtLogs\APTSimulatorVM_EventLogs_Server2022\logs\Security.evtx,Audit success,0,"{""EventData"":{""Data"":[{""@Name"":""SubjectUserSid"",""#text"":""S-1-5-21-3275454858-3348516582-95323724-1000""},{""@Name"":""SubjectUserName"",""#text"":""Test""},{""@Name"":""SubjectDomainName"",""#text"":""WIN-FUDU2CKJOE8""},{""@Name"":""SubjectLogonId"",""#text"":""0x408BA""},{""@Name"":""TargetName"",""#text"":""WindowsLive:(cert):name=02oeqehagmqtjxao;serviceuri=*""},{""@Name"":""Type"",""#text"":""0""},{""@Name"":""CountOfCredentialsReturned"",""#text"":""0""},{""@Name"":""ReadOperation"",""#text"":""%%8100""},{""@Name"":""ReturnCode"",""#text"":""3221226021""},{""@Name"":""ProcessCreationTime"",""#text"":""2023-10-18 05:44:35.4284357""},{""@Name"":""ClientProcessId"",""#text"":""1016""}]}}"
402,402,2023-10-18 02:45:39.3416048,5379,LogAlways,Microsoft-Windows-Security-Auditing,Security,644,700,WIN-FUDU2CKJOE8,4,,Credential Manager credentials were read,Test,,SID: S-1-5-21-3275454858-3348516582-95323724-1000,Domain: WIN-FUDU2CKJOE8,LogonID: 0x408BA,CountOfCredentialsReturned: 0,,ActivityID: 27de5d04-0186-0000-535e-de278601da01,MicrosoftAccount:user=02oeqehagmqtjxao,False,C:\Users\BRIANNA\OneDrive\Documents\GitHub\NSSECU3_MP2\Test Files\EvtLogs\APTSimulatorVM_EventLogs_Server2022\logs\Security.evtx,Audit success,0,"{""EventData"":{""Data"":[{""@Name"":""SubjectUserSid"",""#text"":""S-1-5-21-3275454858-3348516582-95323724-1000""},{""@Name"":""SubjectUserName"",""#text"":""Test""},{""@Name"":""SubjectDomainName"",""#text"":""WIN-FUDU2CKJOE8""},{""@Name"":""SubjectLogonId"",""#text"":""0x408BA""},{""@Name"":""TargetName"",""#text"":""MicrosoftAccount:user=02oeqehagmqtjxao""},{""@Name"":""Type"",""#text"":""0""},{""@Name"":""CountOfCredentialsReturned"",""#text"":""0""},{""@Name"":""ReadOperation"",""#text"":""%%8100""},{""@Name"":""ReturnCode"",""#text"":""3221226021""},{""@Name"":""ProcessCreationTime"",""#text"":""2023-10-18 05:44:35.4284357""},{""@Name"":""ClientProcessId"",""#text"":""1016""}]}}"
403,403,2023-10-18 02:45:39.3481001,5379,LogAlways,Microsoft-Windows-Security-Auditing,Security,644,700,WIN-FUDU2CKJOE8,4,,Credential Manager credentials were read,Test,,SID: S-1-5-21-3275454858-3348516582-95323724-1000,Domain: WIN-FUDU2CKJOE8,LogonID: 0x408BA,CountOfCredentialsReturned: 0,,ActivityID: 27de5d04-0186-0000-535e-de278601da01,MicrosoftAccount:user=02oeqehagmqtjxao,False,C:\Users\BRIANNA\OneDrive\Documents\GitHub\NSSECU3_MP2\Test Files\EvtLogs\APTSimulatorVM_EventLogs_Server2022\logs\Security.evtx,Audit success,0,"{""EventData"":{""Data"":[{""@Name"":""SubjectUserSid"",""#text"":""S-1-5-21-3275454858-3348516582-95323724-1000""},{""@Name"":""SubjectUserName"",""#text"":""Test""},{""@Name"":""SubjectDomainName"",""#text"":""WIN-FUDU2CKJOE8""},{""@Name"":""SubjectLogonId"",""#text"":""0x408BA""},{""@Name"":""TargetName"",""#text"":""MicrosoftAccount:user=02oeqehagmqtjxao""},{""@Name"":""Type"",""#text"":""0""},{""@Name"":""CountOfCredentialsReturned"",""#text"":""0""},{""@Name"":""ReadOperation"",""#text"":""%%8100""},{""@Name"":""ReturnCode"",""#text"":""3221226021""},{""@Name"":""ProcessCreationTime"",""#text"":""2023-10-18 05:44:35.4284357""},{""@Name"":""ClientProcessId"",""#text"":""1016""}]}}"
404,404,2023-10-18 02:45:39.3524392,5379,LogAlways,Microsoft-Windows-Security-Auditing,Security,644,708,WIN-FUDU2CKJOE8,4,,Credential Manager credentials were read,Test,,SID: S-1-5-21-3275454858-3348516582-95323724-1000,Domain: WIN-FUDU2CKJOE8,LogonID: 0x408BA,CountOfCredentialsReturned: 0,,ActivityID: 27de5d04-0186-0000-535e-de278601da01,MicrosoftAccount:user=02oeqehagmqtjxao,False,C:\Users\BRIANNA\OneDrive\Documents\GitHub\NSSECU3_MP2\Test Files\EvtLogs\APTSimulatorVM_EventLogs_Server2022\logs\Security.evtx,Audit success,0,"{""EventData"":{""Data"":[{""@Name"":""SubjectUserSid"",""#text"":""S-1-5-21-3275454858-3348516582-95323724-1000""},{""@Name"":""SubjectUserName"",""#text"":""Test""},{""@Name"":""SubjectDomainName"",""#text"":""WIN-FUDU2CKJOE8""},{""@Name"":""SubjectLogonId"",""#text"":""0x408BA""},{""@Name"":""TargetName"",""#text"":""MicrosoftAccount:user=02oeqehagmqtjxao""},{""@Name"":""Type"",""#text"":""0""},{""@Name"":""CountOfCredentialsReturned"",""#text"":""0""},{""@Name"":""ReadOperation"",""#text"":""%%8100""},{""@Name"":""ReturnCode"",""#text"":""3221226021""},{""@Name"":""ProcessCreationTime"",""#text"":""2023-10-18 05:44:35.4284357""},{""@Name"":""ClientProcessId"",""#text"":""1016""}]}}"
405,405,2023-10-18 02:45:39.3525567,5379,LogAlways,Microsoft-Windows-Security-Auditing,Security,644,700,WIN-FUDU2CKJOE8,4,,Credential Manager credentials were read,Test,,SID: S-1-5-21-3275454858-3348516582-95323724-1000,Domain: WIN-FUDU2CKJOE8,LogonID: 0x408BA,CountOfCredentialsReturned: 0,,ActivityID: 27de5d04-0186-0000-535e-de278601da01,MicrosoftAccount:user=02oeqehagmqtjxao,False,C:\Users\BRIANNA\OneDrive\Documents\GitHub\NSSECU3_MP2\Test Files\EvtLogs\APTSimulatorVM_EventLogs_Server2022\logs\Security.evtx,Audit success,0,"{""EventData"":{""Data"":[{""@Name"":""SubjectUserSid"",""#text"":""S-1-5-21-3275454858-3348516582-95323724-1000""},{""@Name"":""SubjectUserName"",""#text"":""Test""},{""@Name"":""SubjectDomainName"",""#text"":""WIN-FUDU2CKJOE8""},{""@Name"":""SubjectLogonId"",""#text"":""0x408BA""},{""@Name"":""TargetName"",""#text"":""MicrosoftAccount:user=02oeqehagmqtjxao""},{""@Name"":""Type"",""#text"":""0""},{""@Name"":""CountOfCredentialsReturned"",""#text"":""0""},{""@Name"":""ReadOperation"",""#text"":""%%8100""},{""@Name"":""ReturnCode"",""#text"":""3221226021""},{""@Name"":""ProcessCreationTime"",""#text"":""2023-10-18 05:44:35.4284357""},{""@Name"":""ClientProcessId"",""#text"":""1016""}]}}"
406,406,2023-10-18 02:45:44.2737549,4616,LogAlways,Microsoft-Windows-Security-Auditing,Security,4,2296,WIN-FUDU2CKJOE8,4,,The system time was changed,NT AUTHORITY\LOCAL SERVICE (S-1-5-19),,PreviousTime: 2023-10-18 02:45:44.2596923,NewTime: 2023-10-18 02:45:44.2732604,LogonId: 0x3E5,,,,C:\Windows\System32\svchost.exe,False,C:\Users\BRIANNA\OneDrive\Documents\GitHub\NSSECU3_MP2\Test Files\EvtLogs\APTSimulatorVM_EventLogs_Server2022\logs\Security.evtx,Audit success,0,"{""EventData"":{""Data"":[{""@Name"":""SubjectUserSid"",""#text"":""S-1-5-19""},{""@Name"":""SubjectUserName"",""#text"":""LOCAL SERVICE""},{""@Name"":""SubjectDomainName"",""#text"":""NT AUTHORITY""},{""@Name"":""SubjectLogonId"",""#text"":""0x3E5""},{""@Name"":""PreviousTime"",""#text"":""2023-10-18 02:45:44.2596923""},{""@Name"":""NewTime"",""#text"":""2023-10-18 02:45:44.2732604""},{""@Name"":""ProcessId"",""#text"":""0x4A0""},{""@Name"":""ProcessName"",""#text"":""C:\\Windows\\System32\\svchost.exe""}]}}"
