161,161,2023-10-18 02:44:40.6360042,4738,LogAlways,Microsoft-Windows-Security-Auditing,Security,644,700,WIN-FUDU2CKJOE8,1,,A user account was changed,WORKGROUP\WIN-FUDU2CKJOE8$,,Target: WIN-FUDU2CKJOE8\Test,Changed Attribute SamAccountName: Test DisplayName: %%1793 UserPrincipalName: - HomeDirectory: %%1793 HomePath: %%1793 ScriptPath: %%1793 ProfilePath: %%1793 UserWorkstations: %%1793 PasswordLastSet: 10/17/2023 10:44:40 PM AccountExpires: %%1794 PrimaryGroupId: 513 AllowedToDelegateTo: - OldUacValue: 0x14 NewUacValue: 0x14 UserAccountControl: - UserParameters: - SidHistory: - LogonHours: %%1797,,,,,,False,C:\Users\BRIANNA\OneDrive\Documents\GitHub\NSSECU3_MP2\Test Files\EvtLogs\APTSimulatorVM_EventLogs_Server2022\logs\Security.evtx,Audit success,0,"{""EventData"":{""Data"":[{""@Name"":""Dummy"",""#text"":""-""},{""@Name"":""TargetUserName"",""#text"":""Test""},{""@Name"":""TargetDomainName"",""#text"":""WIN-FUDU2CKJOE8""},{""@Name"":""TargetSid"",""#text"":""S-1-5-21-3275454858-3348516582-95323724-1000""},{""@Name"":""SubjectUserSid"",""#text"":""S-1-5-18""},{""@Name"":""SubjectUserName"",""#text"":""WIN-FUDU2CKJOE8$""},{""@Name"":""SubjectDomainName"",""#text"":""WORKGROUP""},{""@Name"":""SubjectLogonId"",""#text"":""0x3E7""},{""@Name"":""PrivilegeList"",""#text"":""-""},{""@Name"":""SamAccountName"",""#text"":""Test""},{""@Name"":""DisplayName"",""#text"":""%%1793""},{""@Name"":""UserPrincipalName"",""#text"":""-""},{""@Name"":""HomeDirectory"",""#text"":""%%1793""},{""@Name"":""HomePath"",""#text"":""%%1793""},{""@Name"":""ScriptPath"",""#text"":""%%1793""},{""@Name"":""ProfilePath"",""#text"":""%%1793""},{""@Name"":""UserWorkstations"",""#text"":""%%1793""},{""@Name"":""PasswordLastSet"",""#text"":""10/17/2023 10:44:40 PM""},{""@Name"":""AccountExpires"",""#text"":""%%1794""},{""@Name"":""PrimaryGroupId"",""#text"":""513""},{""@Name"":""AllowedToDelegateTo"",""#text"":""-""},{""@Name"":""OldUacValue"",""#text"":""0x14""},{""@Name"":""NewUacValue"",""#text"":""0x14""},{""@Name"":""UserAccountControl"",""#text"":""-""},{""@Name"":""UserParameters"",""#text"":""-""},{""@Name"":""SidHistory"",""#text"":""-""},{""@Name"":""LogonHours"",""#text"":""%%1797""}]}}"
162,162,2023-10-18 02:44:40.6360232,4724,LogAlways,Microsoft-Windows-Security-Auditing,Security,644,700,WIN-FUDU2CKJOE8,1,,An attempt was made to reset an account's password,WORKGROUP\WIN-FUDU2CKJOE8$ (S-1-5-18),,Target: WIN-FUDU2CKJOE8\Test (S-1-5-21-3275454858-3348516582-95323724-1000),SubjectLogonId: 0x3E7,,,,,,False,C:\Users\BRIANNA\OneDrive\Documents\GitHub\NSSECU3_MP2\Test Files\EvtLogs\APTSimulatorVM_EventLogs_Server2022\logs\Security.evtx,Audit success,0,"{""EventData"":{""Data"":[{""@Name"":""TargetUserName"",""#text"":""Test""},{""@Name"":""TargetDomainName"",""#text"":""WIN-FUDU2CKJOE8""},{""@Name"":""TargetSid"",""#text"":""S-1-5-21-3275454858-3348516582-95323724-1000""},{""@Name"":""SubjectUserSid"",""#text"":""S-1-5-18""},{""@Name"":""SubjectUserName"",""#text"":""WIN-FUDU2CKJOE8$""},{""@Name"":""SubjectDomainName"",""#text"":""WORKGROUP""},{""@Name"":""SubjectLogonId"",""#text"":""0x3E7""}]}}"
163,163,2023-10-18 02:44:40.6401895,4739,LogAlways,Microsoft-Windows-Security-Auditing,Security,644,700,WIN-FUDU2CKJOE8,1,,,,,,,,,,,,False,C:\Users\BRIANNA\OneDrive\Documents\GitHub\NSSECU3_MP2\Test Files\EvtLogs\APTSimulatorVM_EventLogs_Server2022\logs\Security.evtx,Audit success,0,"{""EventData"":{""Data"":[{""@Name"":""DomainPolicyChanged"",""#text"":""Password Policy""},{""@Name"":""DomainName"",""#text"":""WIN-FUDU2CKJOE8""},{""@Name"":""DomainSid"",""#text"":""S-1-5-21-3275454858-3348516582-95323724""},{""@Name"":""SubjectUserSid"",""#text"":""S-1-5-18""},{""@Name"":""SubjectUserName"",""#text"":""WIN-FUDU2CKJOE8$""},{""@Name"":""SubjectDomainName"",""#text"":""WORKGROUP""},{""@Name"":""SubjectLogonId"",""#text"":""0x3E7""},{""@Name"":""PrivilegeList"",""#text"":""-""},{""@Name"":""MinPasswordAge"",""#text"":""unavailable""},{""@Name"":""MaxPasswordAge"",""#text"":""42:00:00:00""},{""@Name"":""ForceLogoff"",""#text"":""-""},{""@Name"":""LockoutThreshold"",""#text"":""-""},{""@Name"":""LockoutObservationWindow"",""#text"":""-""},{""@Name"":""LockoutDuration"",""#text"":""-""},{""@Name"":""PasswordProperties"",""#text"":""9""},{""@Name"":""MinPasswordLength"",""#text"":""0""},{""@Name"":""PasswordHistoryLength"",""#text"":""0""},{""@Name"":""MachineAccountQuota"",""#text"":""-""},{""@Name"":""MixedDomainMode"",""#text"":""-""},{""@Name"":""DomainBehaviorVersion"",""#text"":""-""},{""@Name"":""OemInformation"",""#text"":""-""}]}}"
164,164,2023-10-18 02:44:40.6427548,4732,LogAlways,Microsoft-Windows-Security-Auditing,Security,644,700,WIN-FUDU2CKJOE8,1,,A member was added to a security-enabled local group,WORKGROUP\WIN-FUDU2CKJOE8$ (S-1-5-18),,Target: Builtin\Administrators (S-1-5-32-544),SubjectLogonId: 0x3E7,MemberName: -,MemberSid: S-1-5-21-3275454858-3348516582-95323724-1000,PrivilegeList: -,,,False,C:\Users\BRIANNA\OneDrive\Documents\GitHub\NSSECU3_MP2\Test Files\EvtLogs\APTSimulatorVM_EventLogs_Server2022\logs\Security.evtx,Audit success,0,"{""EventData"":{""Data"":[{""@Name"":""MemberName"",""#text"":""-""},{""@Name"":""MemberSid"",""#text"":""S-1-5-21-3275454858-3348516582-95323724-1000""},{""@Name"":""TargetUserName"",""#text"":""Administrators""},{""@Name"":""TargetDomainName"",""#text"":""Builtin""},{""@Name"":""TargetSid"",""#text"":""S-1-5-32-544""},{""@Name"":""SubjectUserSid"",""#text"":""S-1-5-18""},{""@Name"":""SubjectUserName"",""#text"":""WIN-FUDU2CKJOE8$""},{""@Name"":""SubjectDomainName"",""#text"":""WORKGROUP""},{""@Name"":""SubjectLogonId"",""#text"":""0x3E7""},{""@Name"":""PrivilegeList"",""#text"":""-""}]}}"
165,165,2023-10-18 02:44:41.1098797,4735,LogAlways,Microsoft-Windows-Security-Auditing,Security,644,700,WIN-FUDU2CKJOE8,1,,A security-enabled local group was changed,WORKGROUP\WIN-FUDU2CKJOE8$ (S-1-5-18),,Target: Builtin\Print Operators (S-1-5-32-550),SubjectLogonId: 0x3E7,SamAccountName: -,SidHistory: -,PrivilegeList: -,,,False,C:\Users\BRIANNA\OneDrive\Documents\GitHub\NSSECU3_MP2\Test Files\EvtLogs\APTSimulatorVM_EventLogs_Server2022\logs\Security.evtx,Audit success,0,"{""EventData"":{""Data"":[{""@Name"":""TargetUserName"",""#text"":""Print Operators""},{""@Name"":""TargetDomainName"",""#text"":""Builtin""},{""@Name"":""TargetSid"",""#text"":""S-1-5-32-550""},{""@Name"":""SubjectUserSid"",""#text"":""S-1-5-18""},{""@Name"":""SubjectUserName"",""#text"":""WIN-FUDU2CKJOE8$""},{""@Name"":""SubjectDomainName"",""#text"":""WORKGROUP""},{""@Name"":""SubjectLogonId"",""#text"":""0x3E7""},{""@Name"":""PrivilegeList"",""#text"":""-""},{""@Name"":""SamAccountName"",""#text"":""-""},{""@Name"":""SidHistory"",""#text"":""-""}]}}"
166,166,2023-10-18 02:44:41.1103781,4781,LogAlways,Microsoft-Windows-Security-Auditing,Security,644,700,WIN-FUDU2CKJOE8,1,,The name of an account was changed,WORKGROUP\WIN-FUDU2CKJOE8$ (S-1-5-18),,OldTargetUserName: Print Operators,NewTargetUserName: Print Operators,TargetDomainName: Builtin,TargetSid: S-1-5-32-550,,,,False,C:\Users\BRIANNA\OneDrive\Documents\GitHub\NSSECU3_MP2\Test Files\EvtLogs\APTSimulatorVM_EventLogs_Server2022\logs\Security.evtx,Audit success,0,"{""EventData"":{""Data"":[{""@Name"":""OldTargetUserName"",""#text"":""Print Operators""},{""@Name"":""NewTargetUserName"",""#text"":""Print Operators""},{""@Name"":""TargetDomainName"",""#text"":""Builtin""},{""@Name"":""TargetSid"",""#text"":""S-1-5-32-550""},{""@Name"":""SubjectUserSid"",""#text"":""S-1-5-18""},{""@Name"":""SubjectUserName"",""#text"":""WIN-FUDU2CKJOE8$""},{""@Name"":""SubjectDomainName"",""#text"":""WORKGROUP""},{""@Name"":""SubjectLogonId"",""#text"":""0x3E7""},{""@Name"":""PrivilegeList"",""#text"":""-""}]}}"
167,167,2023-10-18 02:44:41.1103891,4735,LogAlways,Microsoft-Windows-Security-Auditing,Security,644,700,WIN-FUDU2CKJOE8,1,,A security-enabled local group was changed,WORKGROUP\WIN-FUDU2CKJOE8$ (S-1-5-18),,Target: Builtin\Print Operators (S-1-5-32-550),SubjectLogonId: 0x3E7,SamAccountName: Print Operators,SidHistory: -,PrivilegeList: -,,,False,C:\Users\BRIANNA\OneDrive\Documents\GitHub\NSSECU3_MP2\Test Files\EvtLogs\APTSimulatorVM_EventLogs_Server2022\logs\Security.evtx,Audit success,0,"{""EventData"":{""Data"":[{""@Name"":""TargetUserName"",""#text"":""Print Operators""},{""@Name"":""TargetDomainName"",""#text"":""Builtin""},{""@Name"":""TargetSid"",""#text"":""S-1-5-32-550""},{""@Name"":""SubjectUserSid"",""#text"":""S-1-5-18""},{""@Name"":""SubjectUserName"",""#text"":""WIN-FUDU2CKJOE8$""},{""@Name"":""SubjectDomainName"",""#text"":""WORKGROUP""},{""@Name"":""SubjectLogonId"",""#text"":""0x3E7""},{""@Name"":""PrivilegeList"",""#text"":""-""},{""@Name"":""SamAccountName"",""#text"":""Print Operators""},{""@Name"":""SidHistory"",""#text"":""-""}]}}"
168,168,2023-10-18 02:44:41.1105522,4735,LogAlways,Microsoft-Windows-Security-Auditing,Security,644,700,WIN-FUDU2CKJOE8,2,,A security-enabled local group was changed,WORKGROUP\WIN-FUDU2CKJOE8$ (S-1-5-18),,Target: Builtin\Administrators (S-1-5-32-544),SubjectLogonId: 0x3E7,SamAccountName: -,SidHistory: -,PrivilegeList: -,,,False,C:\Users\BRIANNA\OneDrive\Documents\GitHub\NSSECU3_MP2\Test Files\EvtLogs\APTSimulatorVM_EventLogs_Server2022\logs\Security.evtx,Audit success,0,"{""EventData"":{""Data"":[{""@Name"":""TargetUserName"",""#text"":""Administrators""},{""@Name"":""TargetDomainName"",""#text"":""Builtin""},{""@Name"":""TargetSid"",""#text"":""S-1-5-32-544""},{""@Name"":""SubjectUserSid"",""#text"":""S-1-5-18""},{""@Name"":""SubjectUserName"",""#text"":""WIN-FUDU2CKJOE8$""},{""@Name"":""SubjectDomainName"",""#text"":""WORKGROUP""},{""@Name"":""SubjectLogonId"",""#text"":""0x3E7""},{""@Name"":""PrivilegeList"",""#text"":""-""},{""@Name"":""SamAccountName"",""#text"":""-""},{""@Name"":""SidHistory"",""#text"":""-""}]}}"
169,169,2023-10-18 02:44:41.1106698,4781,LogAlways,Microsoft-Windows-Security-Auditing,Security,644,700,WIN-FUDU2CKJOE8,2,,The name of an account was changed,WORKGROUP\WIN-FUDU2CKJOE8$ (S-1-5-18),,OldTargetUserName: Administrators,NewTargetUserName: Administrators,TargetDomainName: Builtin,TargetSid: S-1-5-32-544,,,,False,C:\Users\BRIANNA\OneDrive\Documents\GitHub\NSSECU3_MP2\Test Files\EvtLogs\APTSimulatorVM_EventLogs_Server2022\logs\Security.evtx,Audit success,0,"{""EventData"":{""Data"":[{""@Name"":""OldTargetUserName"",""#text"":""Administrators""},{""@Name"":""NewTargetUserName"",""#text"":""Administrators""},{""@Name"":""TargetDomainName"",""#text"":""Builtin""},{""@Name"":""TargetSid"",""#text"":""S-1-5-32-544""},{""@Name"":""SubjectUserSid"",""#text"":""S-1-5-18""},{""@Name"":""SubjectUserName"",""#text"":""WIN-FUDU2CKJOE8$""},{""@Name"":""SubjectDomainName"",""#text"":""WORKGROUP""},{""@Name"":""SubjectLogonId"",""#text"":""0x3E7""},{""@Name"":""PrivilegeList"",""#text"":""-""}]}}"
170,170,2023-10-18 02:44:41.1106783,4735,LogAlways,Microsoft-Windows-Security-Auditing,Security,644,700,WIN-FUDU2CKJOE8,2,,A security-enabled local group was changed,WORKGROUP\WIN-FUDU2CKJOE8$ (S-1-5-18),,Target: Builtin\Administrators (S-1-5-32-544),SubjectLogonId: 0x3E7,SamAccountName: Administrators,SidHistory: -,PrivilegeList: -,,,False,C:\Users\BRIANNA\OneDrive\Documents\GitHub\NSSECU3_MP2\Test Files\EvtLogs\APTSimulatorVM_EventLogs_Server2022\logs\Security.evtx,Audit success,0,"{""EventData"":{""Data"":[{""@Name"":""TargetUserName"",""#text"":""Administrators""},{""@Name"":""TargetDomainName"",""#text"":""Builtin""},{""@Name"":""TargetSid"",""#text"":""S-1-5-32-544""},{""@Name"":""SubjectUserSid"",""#text"":""S-1-5-18""},{""@Name"":""SubjectUserName"",""#text"":""WIN-FUDU2CKJOE8$""},{""@Name"":""SubjectDomainName"",""#text"":""WORKGROUP""},{""@Name"":""SubjectLogonId"",""#text"":""0x3E7""},{""@Name"":""PrivilegeList"",""#text"":""-""},{""@Name"":""SamAccountName"",""#text"":""Administrators""},{""@Name"":""SidHistory"",""#text"":""-""}]}}"
171,171,2023-10-18 02:44:41.1108101,4735,LogAlways,Microsoft-Windows-Security-Auditing,Security,644,700,WIN-FUDU2CKJOE8,2,,A security-enabled local group was changed,WORKGROUP\WIN-FUDU2CKJOE8$ (S-1-5-18),,Target: Builtin\Users (S-1-5-32-545),SubjectLogonId: 0x3E7,SamAccountName: -,SidHistory: -,PrivilegeList: -,,,False,C:\Users\BRIANNA\OneDrive\Documents\GitHub\NSSECU3_MP2\Test Files\EvtLogs\APTSimulatorVM_EventLogs_Server2022\logs\Security.evtx,Audit success,0,"{""EventData"":{""Data"":[{""@Name"":""TargetUserName"",""#text"":""Users""},{""@Name"":""TargetDomainName"",""#text"":""Builtin""},{""@Name"":""TargetSid"",""#text"":""S-1-5-32-545""},{""@Name"":""SubjectUserSid"",""#text"":""S-1-5-18""},{""@Name"":""SubjectUserName"",""#text"":""WIN-FUDU2CKJOE8$""},{""@Name"":""SubjectDomainName"",""#text"":""WORKGROUP""},{""@Name"":""SubjectLogonId"",""#text"":""0x3E7""},{""@Name"":""PrivilegeList"",""#text"":""-""},{""@Name"":""SamAccountName"",""#text"":""-""},{""@Name"":""SidHistory"",""#text"":""-""}]}}"
172,172,2023-10-18 02:44:41.1109337,4781,LogAlways,Microsoft-Windows-Security-Auditing,Security,644,700,WIN-FUDU2CKJOE8,2,,The name of an account was changed,WORKGROUP\WIN-FUDU2CKJOE8$ (S-1-5-18),,OldTargetUserName: Users,NewTargetUserName: Users,TargetDomainName: Builtin,TargetSid: S-1-5-32-545,,,,False,C:\Users\BRIANNA\OneDrive\Documents\GitHub\NSSECU3_MP2\Test Files\EvtLogs\APTSimulatorVM_EventLogs_Server2022\logs\Security.evtx,Audit success,0,"{""EventData"":{""Data"":[{""@Name"":""OldTargetUserName"",""#text"":""Users""},{""@Name"":""NewTargetUserName"",""#text"":""Users""},{""@Name"":""TargetDomainName"",""#text"":""Builtin""},{""@Name"":""TargetSid"",""#text"":""S-1-5-32-545""},{""@Name"":""SubjectUserSid"",""#text"":""S-1-5-18""},{""@Name"":""SubjectUserName"",""#text"":""WIN-FUDU2CKJOE8$""},{""@Name"":""SubjectDomainName"",""#text"":""WORKGROUP""},{""@Name"":""SubjectLogonId"",""#text"":""0x3E7""},{""@Name"":""PrivilegeList"",""#text"":""-""}]}}"
173,173,2023-10-18 02:44:41.1109421,4735,LogAlways,Microsoft-Windows-Security-Auditing,Security,644,700,WIN-FUDU2CKJOE8,2,,A security-enabled local group was changed,WORKGROUP\WIN-FUDU2CKJOE8$ (S-1-5-18),,Target: Builtin\Users (S-1-5-32-545),SubjectLogonId: 0x3E7,SamAccountName: Users,SidHistory: -,PrivilegeList: -,,,False,C:\Users\BRIANNA\OneDrive\Documents\GitHub\NSSECU3_MP2\Test Files\EvtLogs\APTSimulatorVM_EventLogs_Server2022\logs\Security.evtx,Audit success,0,"{""EventData"":{""Data"":[{""@Name"":""TargetUserName"",""#text"":""Users""},{""@Name"":""TargetDomainName"",""#text"":""Builtin""},{""@Name"":""TargetSid"",""#text"":""S-1-5-32-545""},{""@Name"":""SubjectUserSid"",""#text"":""S-1-5-18""},{""@Name"":""SubjectUserName"",""#text"":""WIN-FUDU2CKJOE8$""},{""@Name"":""SubjectDomainName"",""#text"":""WORKGROUP""},{""@Name"":""SubjectLogonId"",""#text"":""0x3E7""},{""@Name"":""PrivilegeList"",""#text"":""-""},{""@Name"":""SamAccountName"",""#text"":""Users""},{""@Name"":""SidHistory"",""#text"":""-""}]}}"
174,174,2023-10-18 02:44:41.1111059,4735,LogAlways,Microsoft-Windows-Security-Auditing,Security,644,700,WIN-FUDU2CKJOE8,2,,A security-enabled local group was changed,WORKGROUP\WIN-FUDU2CKJOE8$ (S-1-5-18),,Target: Builtin\Guests (S-1-5-32-546),SubjectLogonId: 0x3E7,SamAccountName: -,SidHistory: -,PrivilegeList: -,,,False,C:\Users\BRIANNA\OneDrive\Documents\GitHub\NSSECU3_MP2\Test Files\EvtLogs\APTSimulatorVM_EventLogs_Server2022\logs\Security.evtx,Audit success,0,"{""EventData"":{""Data"":[{""@Name"":""TargetUserName"",""#text"":""Guests""},{""@Name"":""TargetDomainName"",""#text"":""Builtin""},{""@Name"":""TargetSid"",""#text"":""S-1-5-32-546""},{""@Name"":""SubjectUserSid"",""#text"":""S-1-5-18""},{""@Name"":""SubjectUserName"",""#text"":""WIN-FUDU2CKJOE8$""},{""@Name"":""SubjectDomainName"",""#text"":""WORKGROUP""},{""@Name"":""SubjectLogonId"",""#text"":""0x3E7""},{""@Name"":""PrivilegeList"",""#text"":""-""},{""@Name"":""SamAccountName"",""#text"":""-""},{""@Name"":""SidHistory"",""#text"":""-""}]}}"
175,175,2023-10-18 02:44:41.1112144,4781,LogAlways,Microsoft-Windows-Security-Auditing,Security,644,700,WIN-FUDU2CKJOE8,2,,The name of an account was changed,WORKGROUP\WIN-FUDU2CKJOE8$ (S-1-5-18),,OldTargetUserName: Guests,NewTargetUserName: Guests,TargetDomainName: Builtin,TargetSid: S-1-5-32-546,,,,False,C:\Users\BRIANNA\OneDrive\Documents\GitHub\NSSECU3_MP2\Test Files\EvtLogs\APTSimulatorVM_EventLogs_Server2022\logs\Security.evtx,Audit success,0,"{""EventData"":{""Data"":[{""@Name"":""OldTargetUserName"",""#text"":""Guests""},{""@Name"":""NewTargetUserName"",""#text"":""Guests""},{""@Name"":""TargetDomainName"",""#text"":""Builtin""},{""@Name"":""TargetSid"",""#text"":""S-1-5-32-546""},{""@Name"":""SubjectUserSid"",""#text"":""S-1-5-18""},{""@Name"":""SubjectUserName"",""#text"":""WIN-FUDU2CKJOE8$""},{""@Name"":""SubjectDomainName"",""#text"":""WORKGROUP""},{""@Name"":""SubjectLogonId"",""#text"":""0x3E7""},{""@Name"":""PrivilegeList"",""#text"":""-""}]}}"
176,176,2023-10-18 02:44:41.1112237,4735,LogAlways,Microsoft-Windows-Security-Auditing,Security,644,700,WIN-FUDU2CKJOE8,2,,A security-enabled local group was changed,WORKGROUP\WIN-FUDU2CKJOE8$ (S-1-5-18),,Target: Builtin\Guests (S-1-5-32-546),SubjectLogonId: 0x3E7,SamAccountName: Guests,SidHistory: -,PrivilegeList: -,,,False,C:\Users\BRIANNA\OneDrive\Documents\GitHub\NSSECU3_MP2\Test Files\EvtLogs\APTSimulatorVM_EventLogs_Server2022\logs\Security.evtx,Audit success,0,"{""EventData"":{""Data"":[{""@Name"":""TargetUserName"",""#text"":""Guests""},{""@Name"":""TargetDomainName"",""#text"":""Builtin""},{""@Name"":""TargetSid"",""#text"":""S-1-5-32-546""},{""@Name"":""SubjectUserSid"",""#text"":""S-1-5-18""},{""@Name"":""SubjectUserName"",""#text"":""WIN-FUDU2CKJOE8$""},{""@Name"":""SubjectDomainName"",""#text"":""WORKGROUP""},{""@Name"":""SubjectLogonId"",""#text"":""0x3E7""},{""@Name"":""PrivilegeList"",""#text"":""-""},{""@Name"":""SamAccountName"",""#text"":""Guests""},{""@Name"":""SidHistory"",""#text"":""-""}]}}"
177,177,2023-10-18 02:44:41.1114101,4735,LogAlways,Microsoft-Windows-Security-Auditing,Security,644,700,WIN-FUDU2CKJOE8,2,,A security-enabled local group was changed,WORKGROUP\WIN-FUDU2CKJOE8$ (S-1-5-18),,Target: Builtin\Backup Operators (S-1-5-32-551),SubjectLogonId: 0x3E7,SamAccountName: -,SidHistory: -,PrivilegeList: -,,,False,C:\Users\BRIANNA\OneDrive\Documents\GitHub\NSSECU3_MP2\Test Files\EvtLogs\APTSimulatorVM_EventLogs_Server2022\logs\Security.evtx,Audit success,0,"{""EventData"":{""Data"":[{""@Name"":""TargetUserName"",""#text"":""Backup Operators""},{""@Name"":""TargetDomainName"",""#text"":""Builtin""},{""@Name"":""TargetSid"",""#text"":""S-1-5-32-551""},{""@Name"":""SubjectUserSid"",""#text"":""S-1-5-18""},{""@Name"":""SubjectUserName"",""#text"":""WIN-FUDU2CKJOE8$""},{""@Name"":""SubjectDomainName"",""#text"":""WORKGROUP""},{""@Name"":""SubjectLogonId"",""#text"":""0x3E7""},{""@Name"":""PrivilegeList"",""#text"":""-""},{""@Name"":""SamAccountName"",""#text"":""-""},{""@Name"":""SidHistory"",""#text"":""-""}]}}"
178,178,2023-10-18 02:44:41.1115594,4781,LogAlways,Microsoft-Windows-Security-Auditing,Security,644,700,WIN-FUDU2CKJOE8,2,,The name of an account was changed,WORKGROUP\WIN-FUDU2CKJOE8$ (S-1-5-18),,OldTargetUserName: Backup Operators,NewTargetUserName: Backup Operators,TargetDomainName: Builtin,TargetSid: S-1-5-32-551,,,,False,C:\Users\BRIANNA\OneDrive\Documents\GitHub\NSSECU3_MP2\Test Files\EvtLogs\APTSimulatorVM_EventLogs_Server2022\logs\Security.evtx,Audit success,0,"{""EventData"":{""Data"":[{""@Name"":""OldTargetUserName"",""#text"":""Backup Operators""},{""@Name"":""NewTargetUserName"",""#text"":""Backup Operators""},{""@Name"":""TargetDomainName"",""#text"":""Builtin""},{""@Name"":""TargetSid"",""#text"":""S-1-5-32-551""},{""@Name"":""SubjectUserSid"",""#text"":""S-1-5-18""},{""@Name"":""SubjectUserName"",""#text"":""WIN-FUDU2CKJOE8$""},{""@Name"":""SubjectDomainName"",""#text"":""WORKGROUP""},{""@Name"":""SubjectLogonId"",""#text"":""0x3E7""},{""@Name"":""PrivilegeList"",""#text"":""-""}]}}"
179,179,2023-10-18 02:44:41.1115694,4735,LogAlways,Microsoft-Windows-Security-Auditing,Security,644,700,WIN-FUDU2CKJOE8,2,,A security-enabled local group was changed,WORKGROUP\WIN-FUDU2CKJOE8$ (S-1-5-18),,Target: Builtin\Backup Operators (S-1-5-32-551),SubjectLogonId: 0x3E7,SamAccountName: Backup Operators,SidHistory: -,PrivilegeList: -,,,False,C:\Users\BRIANNA\OneDrive\Documents\GitHub\NSSECU3_MP2\Test Files\EvtLogs\APTSimulatorVM_EventLogs_Server2022\logs\Security.evtx,Audit success,0,"{""EventData"":{""Data"":[{""@Name"":""TargetUserName"",""#text"":""Backup Operators""},{""@Name"":""TargetDomainName"",""#text"":""Builtin""},{""@Name"":""TargetSid"",""#text"":""S-1-5-32-551""},{""@Name"":""SubjectUserSid"",""#text"":""S-1-5-18""},{""@Name"":""SubjectUserName"",""#text"":""WIN-FUDU2CKJOE8$""},{""@Name"":""SubjectDomainName"",""#text"":""WORKGROUP""},{""@Name"":""SubjectLogonId"",""#text"":""0x3E7""},{""@Name"":""PrivilegeList"",""#text"":""-""},{""@Name"":""SamAccountName"",""#text"":""Backup Operators""},{""@Name"":""SidHistory"",""#text"":""-""}]}}"
180,180,2023-10-18 02:44:41.1118282,4735,LogAlways,Microsoft-Windows-Security-Auditing,Security,644,700,WIN-FUDU2CKJOE8,2,,A security-enabled local group was changed,WORKGROUP\WIN-FUDU2CKJOE8$ (S-1-5-18),,Target: Builtin\Replicator (S-1-5-32-552),SubjectLogonId: 0x3E7,SamAccountName: -,SidHistory: -,PrivilegeList: -,,,False,C:\Users\BRIANNA\OneDrive\Documents\GitHub\NSSECU3_MP2\Test Files\EvtLogs\APTSimulatorVM_EventLogs_Server2022\logs\Security.evtx,Audit success,0,"{""EventData"":{""Data"":[{""@Name"":""TargetUserName"",""#text"":""Replicator""},{""@Name"":""TargetDomainName"",""#text"":""Builtin""},{""@Name"":""TargetSid"",""#text"":""S-1-5-32-552""},{""@Name"":""SubjectUserSid"",""#text"":""S-1-5-18""},{""@Name"":""SubjectUserName"",""#text"":""WIN-FUDU2CKJOE8$""},{""@Name"":""SubjectDomainName"",""#text"":""WORKGROUP""},{""@Name"":""SubjectLogonId"",""#text"":""0x3E7""},{""@Name"":""PrivilegeList"",""#text"":""-""},{""@Name"":""SamAccountName"",""#text"":""-""},{""@Name"":""SidHistory"",""#text"":""-""}]}}"
181,181,2023-10-18 02:44:41.1121235,4781,LogAlways,Microsoft-Windows-Security-Auditing,Security,644,700,WIN-FUDU2CKJOE8,2,,The name of an account was changed,WORKGROUP\WIN-FUDU2CKJOE8$ (S-1-5-18),,OldTargetUserName: Replicator,NewTargetUserName: Replicator,TargetDomainName: Builtin,TargetSid: S-1-5-32-552,,,,False,C:\Users\BRIANNA\OneDrive\Documents\GitHub\NSSECU3_MP2\Test Files\EvtLogs\APTSimulatorVM_EventLogs_Server2022\logs\Security.evtx,Audit success,0,"{""EventData"":{""Data"":[{""@Name"":""OldTargetUserName"",""#text"":""Replicator""},{""@Name"":""NewTargetUserName"",""#text"":""Replicator""},{""@Name"":""TargetDomainName"",""#text"":""Builtin""},{""@Name"":""TargetSid"",""#text"":""S-1-5-32-552""},{""@Name"":""SubjectUserSid"",""#text"":""S-1-5-18""},{""@Name"":""SubjectUserName"",""#text"":""WIN-FUDU2CKJOE8$""},{""@Name"":""SubjectDomainName"",""#text"":""WORKGROUP""},{""@Name"":""SubjectLogonId"",""#text"":""0x3E7""},{""@Name"":""PrivilegeList"",""#text"":""-""}]}}"
182,182,2023-10-18 02:44:41.1121322,4735,LogAlways,Microsoft-Windows-Security-Auditing,Security,644,700,WIN-FUDU2CKJOE8,2,,A security-enabled local group was changed,WORKGROUP\WIN-FUDU2CKJOE8$ (S-1-5-18),,Target: Builtin\Replicator (S-1-5-32-552),SubjectLogonId: 0x3E7,SamAccountName: Replicator,SidHistory: -,PrivilegeList: -,,,False,C:\Users\BRIANNA\OneDrive\Documents\GitHub\NSSECU3_MP2\Test Files\EvtLogs\APTSimulatorVM_EventLogs_Server2022\logs\Security.evtx,Audit success,0,"{""EventData"":{""Data"":[{""@Name"":""TargetUserName"",""#text"":""Replicator""},{""@Name"":""TargetDomainName"",""#text"":""Builtin""},{""@Name"":""TargetSid"",""#text"":""S-1-5-32-552""},{""@Name"":""SubjectUserSid"",""#text"":""S-1-5-18""},{""@Name"":""SubjectUserName"",""#text"":""WIN-FUDU2CKJOE8$""},{""@Name"":""SubjectDomainName"",""#text"":""WORKGROUP""},{""@Name"":""SubjectLogonId"",""#text"":""0x3E7""},{""@Name"":""PrivilegeList"",""#text"":""-""},{""@Name"":""SamAccountName"",""#text"":""Replicator""},{""@Name"":""SidHistory"",""#text"":""-""}]}}"
183,183,2023-10-18 02:44:41.1127190,4735,LogAlways,Microsoft-Windows-Security-Auditing,Security,644,700,WIN-FUDU2CKJOE8,2,,A security-enabled local group was changed,WORKGROUP\WIN-FUDU2CKJOE8$ (S-1-5-18),,Target: Builtin\Remote Desktop Users (S-1-5-32-555),SubjectLogonId: 0x3E7,SamAccountName: -,SidHistory: -,PrivilegeList: -,,,False,C:\Users\BRIANNA\OneDrive\Documents\GitHub\NSSECU3_MP2\Test Files\EvtLogs\APTSimulatorVM_EventLogs_Server2022\logs\Security.evtx,Audit success,0,"{""EventData"":{""Data"":[{""@Name"":""TargetUserName"",""#text"":""Remote Desktop Users""},{""@Name"":""TargetDomainName"",""#text"":""Builtin""},{""@Name"":""TargetSid"",""#text"":""S-1-5-32-555""},{""@Name"":""SubjectUserSid"",""#text"":""S-1-5-18""},{""@Name"":""SubjectUserName"",""#text"":""WIN-FUDU2CKJOE8$""},{""@Name"":""SubjectDomainName"",""#text"":""WORKGROUP""},{""@Name"":""SubjectLogonId"",""#text"":""0x3E7""},{""@Name"":""PrivilegeList"",""#text"":""-""},{""@Name"":""SamAccountName"",""#text"":""-""},{""@Name"":""SidHistory"",""#text"":""-""}]}}"
184,184,2023-10-18 02:44:41.1128574,4781,LogAlways,Microsoft-Windows-Security-Auditing,Security,644,700,WIN-FUDU2CKJOE8,2,,The name of an account was changed,WORKGROUP\WIN-FUDU2CKJOE8$ (S-1-5-18),,OldTargetUserName: Remote Desktop Users,NewTargetUserName: Remote Desktop Users,TargetDomainName: Builtin,TargetSid: S-1-5-32-555,,,,False,C:\Users\BRIANNA\OneDrive\Documents\GitHub\NSSECU3_MP2\Test Files\EvtLogs\APTSimulatorVM_EventLogs_Server2022\logs\Security.evtx,Audit success,0,"{""EventData"":{""Data"":[{""@Name"":""OldTargetUserName"",""#text"":""Remote Desktop Users""},{""@Name"":""NewTargetUserName"",""#text"":""Remote Desktop Users""},{""@Name"":""TargetDomainName"",""#text"":""Builtin""},{""@Name"":""TargetSid"",""#text"":""S-1-5-32-555""},{""@Name"":""SubjectUserSid"",""#text"":""S-1-5-18""},{""@Name"":""SubjectUserName"",""#text"":""WIN-FUDU2CKJOE8$""},{""@Name"":""SubjectDomainName"",""#text"":""WORKGROUP""},{""@Name"":""SubjectLogonId"",""#text"":""0x3E7""},{""@Name"":""PrivilegeList"",""#text"":""-""}]}}"
185,185,2023-10-18 02:44:41.1128665,4735,LogAlways,Microsoft-Windows-Security-Auditing,Security,644,700,WIN-FUDU2CKJOE8,2,,A security-enabled local group was changed,WORKGROUP\WIN-FUDU2CKJOE8$ (S-1-5-18),,Target: Builtin\Remote Desktop Users (S-1-5-32-555),SubjectLogonId: 0x3E7,SamAccountName: Remote Desktop Users,SidHistory: -,PrivilegeList: -,,,False,C:\Users\BRIANNA\OneDrive\Documents\GitHub\NSSECU3_MP2\Test Files\EvtLogs\APTSimulatorVM_EventLogs_Server2022\logs\Security.evtx,Audit success,0,"{""EventData"":{""Data"":[{""@Name"":""TargetUserName"",""#text"":""Remote Desktop Users""},{""@Name"":""TargetDomainName"",""#text"":""Builtin""},{""@Name"":""TargetSid"",""#text"":""S-1-5-32-555""},{""@Name"":""SubjectUserSid"",""#text"":""S-1-5-18""},{""@Name"":""SubjectUserName"",""#text"":""WIN-FUDU2CKJOE8$""},{""@Name"":""SubjectDomainName"",""#text"":""WORKGROUP""},{""@Name"":""SubjectLogonId"",""#text"":""0x3E7""},{""@Name"":""PrivilegeList"",""#text"":""-""},{""@Name"":""SamAccountName"",""#text"":""Remote Desktop Users""},{""@Name"":""SidHistory"",""#text"":""-""}]}}"
186,186,2023-10-18 02:44:41.1134381,4735,LogAlways,Microsoft-Windows-Security-Auditing,Security,644,700,WIN-FUDU2CKJOE8,2,,A security-enabled local group was changed,WORKGROUP\WIN-FUDU2CKJOE8$ (S-1-5-18),,Target: Builtin\Network Configuration Operators (S-1-5-32-556),SubjectLogonId: 0x3E7,SamAccountName: -,SidHistory: -,PrivilegeList: -,,,False,C:\Users\BRIANNA\OneDrive\Documents\GitHub\NSSECU3_MP2\Test Files\EvtLogs\APTSimulatorVM_EventLogs_Server2022\logs\Security.evtx,Audit success,0,"{""EventData"":{""Data"":[{""@Name"":""TargetUserName"",""#text"":""Network Configuration Operators""},{""@Name"":""TargetDomainName"",""#text"":""Builtin""},{""@Name"":""TargetSid"",""#text"":""S-1-5-32-556""},{""@Name"":""SubjectUserSid"",""#text"":""S-1-5-18""},{""@Name"":""SubjectUserName"",""#text"":""WIN-FUDU2CKJOE8$""},{""@Name"":""SubjectDomainName"",""#text"":""WORKGROUP""},{""@Name"":""SubjectLogonId"",""#text"":""0x3E7""},{""@Name"":""PrivilegeList"",""#text"":""-""},{""@Name"":""SamAccountName"",""#text"":""-""},{""@Name"":""SidHistory"",""#text"":""-""}]}}"
187,187,2023-10-18 02:44:41.1136835,4781,LogAlways,Microsoft-Windows-Security-Auditing,Security,644,700,WIN-FUDU2CKJOE8,2,,The name of an account was changed,WORKGROUP\WIN-FUDU2CKJOE8$ (S-1-5-18),,OldTargetUserName: Network Configuration Operators,NewTargetUserName: Network Configuration Operators,TargetDomainName: Builtin,TargetSid: S-1-5-32-556,,,,False,C:\Users\BRIANNA\OneDrive\Documents\GitHub\NSSECU3_MP2\Test Files\EvtLogs\APTSimulatorVM_EventLogs_Server2022\logs\Security.evtx,Audit success,0,"{""EventData"":{""Data"":[{""@Name"":""OldTargetUserName"",""#text"":""Network Configuration Operators""},{""@Name"":""NewTargetUserName"",""#text"":""Network Configuration Operators""},{""@Name"":""TargetDomainName"",""#text"":""Builtin""},{""@Name"":""TargetSid"",""#text"":""S-1-5-32-556""},{""@Name"":""SubjectUserSid"",""#text"":""S-1-5-18""},{""@Name"":""SubjectUserName"",""#text"":""WIN-FUDU2CKJOE8$""},{""@Name"":""SubjectDomainName"",""#text"":""WORKGROUP""},{""@Name"":""SubjectLogonId"",""#text"":""0x3E7""},{""@Name"":""PrivilegeList"",""#text"":""-""}]}}"
188,188,2023-10-18 02:44:41.1136929,4735,LogAlways,Microsoft-Windows-Security-Auditing,Security,644,700,WIN-FUDU2CKJOE8,2,,A security-enabled local group was changed,WORKGROUP\WIN-FUDU2CKJOE8$ (S-1-5-18),,Target: Builtin\Network Configuration Operators (S-1-5-32-556),SubjectLogonId: 0x3E7,SamAccountName: Network Configuration Operators,SidHistory: -,PrivilegeList: -,,,False,C:\Users\BRIANNA\OneDrive\Documents\GitHub\NSSECU3_MP2\Test Files\EvtLogs\APTSimulatorVM_EventLogs_Server2022\logs\Security.evtx,Audit success,0,"{""EventData"":{""Data"":[{""@Name"":""TargetUserName"",""#text"":""Network Configuration Operators""},{""@Name"":""TargetDomainName"",""#text"":""Builtin""},{""@Name"":""TargetSid"",""#text"":""S-1-5-32-556""},{""@Name"":""SubjectUserSid"",""#text"":""S-1-5-18""},{""@Name"":""SubjectUserName"",""#text"":""WIN-FUDU2CKJOE8$""},{""@Name"":""SubjectDomainName"",""#text"":""WORKGROUP""},{""@Name"":""SubjectLogonId"",""#text"":""0x3E7""},{""@Name"":""PrivilegeList"",""#text"":""-""},{""@Name"":""SamAccountName"",""#text"":""Network Configuration Operators""},{""@Name"":""SidHistory"",""#text"":""-""}]}}"
189,189,2023-10-18 02:44:41.1148375,4735,LogAlways,Microsoft-Windows-Security-Auditing,Security,644,700,WIN-FUDU2CKJOE8,2,,A security-enabled local group was changed,WORKGROUP\WIN-FUDU2CKJOE8$ (S-1-5-18),,Target: Builtin\Power Users (S-1-5-32-547),SubjectLogonId: 0x3E7,SamAccountName: -,SidHistory: -,PrivilegeList: -,,,False,C:\Users\BRIANNA\OneDrive\Documents\GitHub\NSSECU3_MP2\Test Files\EvtLogs\APTSimulatorVM_EventLogs_Server2022\logs\Security.evtx,Audit success,0,"{""EventData"":{""Data"":[{""@Name"":""TargetUserName"",""#text"":""Power Users""},{""@Name"":""TargetDomainName"",""#text"":""Builtin""},{""@Name"":""TargetSid"",""#text"":""S-1-5-32-547""},{""@Name"":""SubjectUserSid"",""#text"":""S-1-5-18""},{""@Name"":""SubjectUserName"",""#text"":""WIN-FUDU2CKJOE8$""},{""@Name"":""SubjectDomainName"",""#text"":""WORKGROUP""},{""@Name"":""SubjectLogonId"",""#text"":""0x3E7""},{""@Name"":""PrivilegeList"",""#text"":""-""},{""@Name"":""SamAccountName"",""#text"":""-""},{""@Name"":""SidHistory"",""#text"":""-""}]}}"
190,190,2023-10-18 02:44:41.1151769,4781,LogAlways,Microsoft-Windows-Security-Auditing,Security,644,700,WIN-FUDU2CKJOE8,2,,The name of an account was changed,WORKGROUP\WIN-FUDU2CKJOE8$ (S-1-5-18),,OldTargetUserName: Power Users,NewTargetUserName: Power Users,TargetDomainName: Builtin,TargetSid: S-1-5-32-547,,,,False,C:\Users\BRIANNA\OneDrive\Documents\GitHub\NSSECU3_MP2\Test Files\EvtLogs\APTSimulatorVM_EventLogs_Server2022\logs\Security.evtx,Audit success,0,"{""EventData"":{""Data"":[{""@Name"":""OldTargetUserName"",""#text"":""Power Users""},{""@Name"":""NewTargetUserName"",""#text"":""Power Users""},{""@Name"":""TargetDomainName"",""#text"":""Builtin""},{""@Name"":""TargetSid"",""#text"":""S-1-5-32-547""},{""@Name"":""SubjectUserSid"",""#text"":""S-1-5-18""},{""@Name"":""SubjectUserName"",""#text"":""WIN-FUDU2CKJOE8$""},{""@Name"":""SubjectDomainName"",""#text"":""WORKGROUP""},{""@Name"":""SubjectLogonId"",""#text"":""0x3E7""},{""@Name"":""PrivilegeList"",""#text"":""-""}]}}"
191,191,2023-10-18 02:44:41.1151863,4735,LogAlways,Microsoft-Windows-Security-Auditing,Security,644,700,WIN-FUDU2CKJOE8,2,,A security-enabled local group was changed,WORKGROUP\WIN-FUDU2CKJOE8$ (S-1-5-18),,Target: Builtin\Power Users (S-1-5-32-547),SubjectLogonId: 0x3E7,SamAccountName: Power Users,SidHistory: -,PrivilegeList: -,,,False,C:\Users\BRIANNA\OneDrive\Documents\GitHub\NSSECU3_MP2\Test Files\EvtLogs\APTSimulatorVM_EventLogs_Server2022\logs\Security.evtx,Audit success,0,"{""EventData"":{""Data"":[{""@Name"":""TargetUserName"",""#text"":""Power Users""},{""@Name"":""TargetDomainName"",""#text"":""Builtin""},{""@Name"":""TargetSid"",""#text"":""S-1-5-32-547""},{""@Name"":""SubjectUserSid"",""#text"":""S-1-5-18""},{""@Name"":""SubjectUserName"",""#text"":""WIN-FUDU2CKJOE8$""},{""@Name"":""SubjectDomainName"",""#text"":""WORKGROUP""},{""@Name"":""SubjectLogonId"",""#text"":""0x3E7""},{""@Name"":""PrivilegeList"",""#text"":""-""},{""@Name"":""SamAccountName"",""#text"":""Power Users""},{""@Name"":""SidHistory"",""#text"":""-""}]}}"
192,192,2023-10-18 02:44:41.1158318,4735,LogAlways,Microsoft-Windows-Security-Auditing,Security,644,700,WIN-FUDU2CKJOE8,2,,A security-enabled local group was changed,WORKGROUP\WIN-FUDU2CKJOE8$ (S-1-5-18),,Target: Builtin\Performance Monitor Users (S-1-5-32-558),SubjectLogonId: 0x3E7,SamAccountName: -,SidHistory: -,PrivilegeList: -,,,False,C:\Users\BRIANNA\OneDrive\Documents\GitHub\NSSECU3_MP2\Test Files\EvtLogs\APTSimulatorVM_EventLogs_Server2022\logs\Security.evtx,Audit success,0,"{""EventData"":{""Data"":[{""@Name"":""TargetUserName"",""#text"":""Performance Monitor Users""},{""@Name"":""TargetDomainName"",""#text"":""Builtin""},{""@Name"":""TargetSid"",""#text"":""S-1-5-32-558""},{""@Name"":""SubjectUserSid"",""#text"":""S-1-5-18""},{""@Name"":""SubjectUserName"",""#text"":""WIN-FUDU2CKJOE8$""},{""@Name"":""SubjectDomainName"",""#text"":""WORKGROUP""},{""@Name"":""SubjectLogonId"",""#text"":""0x3E7""},{""@Name"":""PrivilegeList"",""#text"":""-""},{""@Name"":""SamAccountName"",""#text"":""-""},{""@Name"":""SidHistory"",""#text"":""-""}]}}"
193,193,2023-10-18 02:44:41.1160556,4781,LogAlways,Microsoft-Windows-Security-Auditing,Security,644,700,WIN-FUDU2CKJOE8,2,,The name of an account was changed,WORKGROUP\WIN-FUDU2CKJOE8$ (S-1-5-18),,OldTargetUserName: Performance Monitor Users,NewTargetUserName: Performance Monitor Users,TargetDomainName: Builtin,TargetSid: S-1-5-32-558,,,,False,C:\Users\BRIANNA\OneDrive\Documents\GitHub\NSSECU3_MP2\Test Files\EvtLogs\APTSimulatorVM_EventLogs_Server2022\logs\Security.evtx,Audit success,0,"{""EventData"":{""Data"":[{""@Name"":""OldTargetUserName"",""#text"":""Performance Monitor Users""},{""@Name"":""NewTargetUserName"",""#text"":""Performance Monitor Users""},{""@Name"":""TargetDomainName"",""#text"":""Builtin""},{""@Name"":""TargetSid"",""#text"":""S-1-5-32-558""},{""@Name"":""SubjectUserSid"",""#text"":""S-1-5-18""},{""@Name"":""SubjectUserName"",""#text"":""WIN-FUDU2CKJOE8$""},{""@Name"":""SubjectDomainName"",""#text"":""WORKGROUP""},{""@Name"":""SubjectLogonId"",""#text"":""0x3E7""},{""@Name"":""PrivilegeList"",""#text"":""-""}]}}"
194,194,2023-10-18 02:44:41.1160650,4735,LogAlways,Microsoft-Windows-Security-Auditing,Security,644,700,WIN-FUDU2CKJOE8,2,,A security-enabled local group was changed,WORKGROUP\WIN-FUDU2CKJOE8$ (S-1-5-18),,Target: Builtin\Performance Monitor Users (S-1-5-32-558),SubjectLogonId: 0x3E7,SamAccountName: Performance Monitor Users,SidHistory: -,PrivilegeList: -,,,False,C:\Users\BRIANNA\OneDrive\Documents\GitHub\NSSECU3_MP2\Test Files\EvtLogs\APTSimulatorVM_EventLogs_Server2022\logs\Security.evtx,Audit success,0,"{""EventData"":{""Data"":[{""@Name"":""TargetUserName"",""#text"":""Performance Monitor Users""},{""@Name"":""TargetDomainName"",""#text"":""Builtin""},{""@Name"":""TargetSid"",""#text"":""S-1-5-32-558""},{""@Name"":""SubjectUserSid"",""#text"":""S-1-5-18""},{""@Name"":""SubjectUserName"",""#text"":""WIN-FUDU2CKJOE8$""},{""@Name"":""SubjectDomainName"",""#text"":""WORKGROUP""},{""@Name"":""SubjectLogonId"",""#text"":""0x3E7""},{""@Name"":""PrivilegeList"",""#text"":""-""},{""@Name"":""SamAccountName"",""#text"":""Performance Monitor Users""},{""@Name"":""SidHistory"",""#text"":""-""}]}}"
195,195,2023-10-18 02:44:41.1165584,4735,LogAlways,Microsoft-Windows-Security-Auditing,Security,644,700,WIN-FUDU2CKJOE8,2,,A security-enabled local group was changed,WORKGROUP\WIN-FUDU2CKJOE8$ (S-1-5-18),,Target: Builtin\Performance Log Users (S-1-5-32-559),SubjectLogonId: 0x3E7,SamAccountName: -,SidHistory: -,PrivilegeList: -,,,False,C:\Users\BRIANNA\OneDrive\Documents\GitHub\NSSECU3_MP2\Test Files\EvtLogs\APTSimulatorVM_EventLogs_Server2022\logs\Security.evtx,Audit success,0,"{""EventData"":{""Data"":[{""@Name"":""TargetUserName"",""#text"":""Performance Log Users""},{""@Name"":""TargetDomainName"",""#text"":""Builtin""},{""@Name"":""TargetSid"",""#text"":""S-1-5-32-559""},{""@Name"":""SubjectUserSid"",""#text"":""S-1-5-18""},{""@Name"":""SubjectUserName"",""#text"":""WIN-FUDU2CKJOE8$""},{""@Name"":""SubjectDomainName"",""#text"":""WORKGROUP""},{""@Name"":""SubjectLogonId"",""#text"":""0x3E7""},{""@Name"":""PrivilegeList"",""#text"":""-""},{""@Name"":""SamAccountName"",""#text"":""-""},{""@Name"":""SidHistory"",""#text"":""-""}]}}"
196,196,2023-10-18 02:44:41.1168010,4781,LogAlways,Microsoft-Windows-Security-Auditing,Security,644,700,WIN-FUDU2CKJOE8,2,,The name of an account was changed,WORKGROUP\WIN-FUDU2CKJOE8$ (S-1-5-18),,OldTargetUserName: Performance Log Users,NewTargetUserName: Performance Log Users,TargetDomainName: Builtin,TargetSid: S-1-5-32-559,,,,False,C:\Users\BRIANNA\OneDrive\Documents\GitHub\NSSECU3_MP2\Test Files\EvtLogs\APTSimulatorVM_EventLogs_Server2022\logs\Security.evtx,Audit success,0,"{""EventData"":{""Data"":[{""@Name"":""OldTargetUserName"",""#text"":""Performance Log Users""},{""@Name"":""NewTargetUserName"",""#text"":""Performance Log Users""},{""@Name"":""TargetDomainName"",""#text"":""Builtin""},{""@Name"":""TargetSid"",""#text"":""S-1-5-32-559""},{""@Name"":""SubjectUserSid"",""#text"":""S-1-5-18""},{""@Name"":""SubjectUserName"",""#text"":""WIN-FUDU2CKJOE8$""},{""@Name"":""SubjectDomainName"",""#text"":""WORKGROUP""},{""@Name"":""SubjectLogonId"",""#text"":""0x3E7""},{""@Name"":""PrivilegeList"",""#text"":""-""}]}}"
197,197,2023-10-18 02:44:41.1168106,4735,LogAlways,Microsoft-Windows-Security-Auditing,Security,644,700,WIN-FUDU2CKJOE8,2,,A security-enabled local group was changed,WORKGROUP\WIN-FUDU2CKJOE8$ (S-1-5-18),,Target: Builtin\Performance Log Users (S-1-5-32-559),SubjectLogonId: 0x3E7,SamAccountName: Performance Log Users,SidHistory: -,PrivilegeList: -,,,False,C:\Users\BRIANNA\OneDrive\Documents\GitHub\NSSECU3_MP2\Test Files\EvtLogs\APTSimulatorVM_EventLogs_Server2022\logs\Security.evtx,Audit success,0,"{""EventData"":{""Data"":[{""@Name"":""TargetUserName"",""#text"":""Performance Log Users""},{""@Name"":""TargetDomainName"",""#text"":""Builtin""},{""@Name"":""TargetSid"",""#text"":""S-1-5-32-559""},{""@Name"":""SubjectUserSid"",""#text"":""S-1-5-18""},{""@Name"":""SubjectUserName"",""#text"":""WIN-FUDU2CKJOE8$""},{""@Name"":""SubjectDomainName"",""#text"":""WORKGROUP""},{""@Name"":""SubjectLogonId"",""#text"":""0x3E7""},{""@Name"":""PrivilegeList"",""#text"":""-""},{""@Name"":""SamAccountName"",""#text"":""Performance Log Users""},{""@Name"":""SidHistory"",""#text"":""-""}]}}"
198,198,2023-10-18 02:44:41.1173656,4735,LogAlways,Microsoft-Windows-Security-Auditing,Security,644,700,WIN-FUDU2CKJOE8,2,,A security-enabled local group was changed,WORKGROUP\WIN-FUDU2CKJOE8$ (S-1-5-18),,Target: Builtin\Distributed COM Users (S-1-5-32-562),SubjectLogonId: 0x3E7,SamAccountName: -,SidHistory: -,PrivilegeList: -,,,False,C:\Users\BRIANNA\OneDrive\Documents\GitHub\NSSECU3_MP2\Test Files\EvtLogs\APTSimulatorVM_EventLogs_Server2022\logs\Security.evtx,Audit success,0,"{""EventData"":{""Data"":[{""@Name"":""TargetUserName"",""#text"":""Distributed COM Users""},{""@Name"":""TargetDomainName"",""#text"":""Builtin""},{""@Name"":""TargetSid"",""#text"":""S-1-5-32-562""},{""@Name"":""SubjectUserSid"",""#text"":""S-1-5-18""},{""@Name"":""SubjectUserName"",""#text"":""WIN-FUDU2CKJOE8$""},{""@Name"":""SubjectDomainName"",""#text"":""WORKGROUP""},{""@Name"":""SubjectLogonId"",""#text"":""0x3E7""},{""@Name"":""PrivilegeList"",""#text"":""-""},{""@Name"":""SamAccountName"",""#text"":""-""},{""@Name"":""SidHistory"",""#text"":""-""}]}}"
199,199,2023-10-18 02:44:41.1177963,4781,LogAlways,Microsoft-Windows-Security-Auditing,Security,644,700,WIN-FUDU2CKJOE8,2,,The name of an account was changed,WORKGROUP\WIN-FUDU2CKJOE8$ (S-1-5-18),,OldTargetUserName: Distributed COM Users,NewTargetUserName: Distributed COM Users,TargetDomainName: Builtin,TargetSid: S-1-5-32-562,,,,False,C:\Users\BRIANNA\OneDrive\Documents\GitHub\NSSECU3_MP2\Test Files\EvtLogs\APTSimulatorVM_EventLogs_Server2022\logs\Security.evtx,Audit success,0,"{""EventData"":{""Data"":[{""@Name"":""OldTargetUserName"",""#text"":""Distributed COM Users""},{""@Name"":""NewTargetUserName"",""#text"":""Distributed COM Users""},{""@Name"":""TargetDomainName"",""#text"":""Builtin""},{""@Name"":""TargetSid"",""#text"":""S-1-5-32-562""},{""@Name"":""SubjectUserSid"",""#text"":""S-1-5-18""},{""@Name"":""SubjectUserName"",""#text"":""WIN-FUDU2CKJOE8$""},{""@Name"":""SubjectDomainName"",""#text"":""WORKGROUP""},{""@Name"":""SubjectLogonId"",""#text"":""0x3E7""},{""@Name"":""PrivilegeList"",""#text"":""-""}]}}"
200,200,2023-10-18 02:44:41.1178059,4735,LogAlways,Microsoft-Windows-Security-Auditing,Security,644,700,WIN-FUDU2CKJOE8,2,,A security-enabled local group was changed,WORKGROUP\WIN-FUDU2CKJOE8$ (S-1-5-18),,Target: Builtin\Distributed COM Users (S-1-5-32-562),SubjectLogonId: 0x3E7,SamAccountName: Distributed COM Users,SidHistory: -,PrivilegeList: -,,,False,C:\Users\BRIANNA\OneDrive\Documents\GitHub\NSSECU3_MP2\Test Files\EvtLogs\APTSimulatorVM_EventLogs_Server2022\logs\Security.evtx,Audit success,0,"{""EventData"":{""Data"":[{""@Name"":""TargetUserName"",""#text"":""Distributed COM Users""},{""@Name"":""TargetDomainName"",""#text"":""Builtin""},{""@Name"":""TargetSid"",""#text"":""S-1-5-32-562""},{""@Name"":""SubjectUserSid"",""#text"":""S-1-5-18""},{""@Name"":""SubjectUserName"",""#text"":""WIN-FUDU2CKJOE8$""},{""@Name"":""SubjectDomainName"",""#text"":""WORKGROUP""},{""@Name"":""SubjectLogonId"",""#text"":""0x3E7""},{""@Name"":""PrivilegeList"",""#text"":""-""},{""@Name"":""SamAccountName"",""#text"":""Distributed COM Users""},{""@Name"":""SidHistory"",""#text"":""-""}]}}"
201,201,2023-10-18 02:44:41.1184887,4735,LogAlways,Microsoft-Windows-Security-Auditing,Security,644,700,WIN-FUDU2CKJOE8,2,,A security-enabled local group was changed,WORKGROUP\WIN-FUDU2CKJOE8$ (S-1-5-18),,Target: Builtin\IIS_IUSRS (S-1-5-32-568),SubjectLogonId: 0x3E7,SamAccountName: -,SidHistory: -,PrivilegeList: -,,,False,C:\Users\BRIANNA\OneDrive\Documents\GitHub\NSSECU3_MP2\Test Files\EvtLogs\APTSimulatorVM_EventLogs_Server2022\logs\Security.evtx,Audit success,0,"{""EventData"":{""Data"":[{""@Name"":""TargetUserName"",""#text"":""IIS_IUSRS""},{""@Name"":""TargetDomainName"",""#text"":""Builtin""},{""@Name"":""TargetSid"",""#text"":""S-1-5-32-568""},{""@Name"":""SubjectUserSid"",""#text"":""S-1-5-18""},{""@Name"":""SubjectUserName"",""#text"":""WIN-FUDU2CKJOE8$""},{""@Name"":""SubjectDomainName"",""#text"":""WORKGROUP""},{""@Name"":""SubjectLogonId"",""#text"":""0x3E7""},{""@Name"":""PrivilegeList"",""#text"":""-""},{""@Name"":""SamAccountName"",""#text"":""-""},{""@Name"":""SidHistory"",""#text"":""-""}]}}"
202,202,2023-10-18 02:44:41.1187894,4781,LogAlways,Microsoft-Windows-Security-Auditing,Security,644,700,WIN-FUDU2CKJOE8,2,,The name of an account was changed,WORKGROUP\WIN-FUDU2CKJOE8$ (S-1-5-18),,OldTargetUserName: IIS_IUSRS,NewTargetUserName: IIS_IUSRS,TargetDomainName: Builtin,TargetSid: S-1-5-32-568,,,,False,C:\Users\BRIANNA\OneDrive\Documents\GitHub\NSSECU3_MP2\Test Files\EvtLogs\APTSimulatorVM_EventLogs_Server2022\logs\Security.evtx,Audit success,0,"{""EventData"":{""Data"":[{""@Name"":""OldTargetUserName"",""#text"":""IIS_IUSRS""},{""@Name"":""NewTargetUserName"",""#text"":""IIS_IUSRS""},{""@Name"":""TargetDomainName"",""#text"":""Builtin""},{""@Name"":""TargetSid"",""#text"":""S-1-5-32-568""},{""@Name"":""SubjectUserSid"",""#text"":""S-1-5-18""},{""@Name"":""SubjectUserName"",""#text"":""WIN-FUDU2CKJOE8$""},{""@Name"":""SubjectDomainName"",""#text"":""WORKGROUP""},{""@Name"":""SubjectLogonId"",""#text"":""0x3E7""},{""@Name"":""PrivilegeList"",""#text"":""-""}]}}"
203,203,2023-10-18 02:44:41.1188003,4735,LogAlways,Microsoft-Windows-Security-Auditing,Security,644,700,WIN-FUDU2CKJOE8,2,,A security-enabled local group was changed,WORKGROUP\WIN-FUDU2CKJOE8$ (S-1-5-18),,Target: Builtin\IIS_IUSRS (S-1-5-32-568),SubjectLogonId: 0x3E7,SamAccountName: IIS_IUSRS,SidHistory: -,PrivilegeList: -,,,False,C:\Users\BRIANNA\OneDrive\Documents\GitHub\NSSECU3_MP2\Test Files\EvtLogs\APTSimulatorVM_EventLogs_Server2022\logs\Security.evtx,Audit success,0,"{""EventData"":{""Data"":[{""@Name"":""TargetUserName"",""#text"":""IIS_IUSRS""},{""@Name"":""TargetDomainName"",""#text"":""Builtin""},{""@Name"":""TargetSid"",""#text"":""S-1-5-32-568""},{""@Name"":""SubjectUserSid"",""#text"":""S-1-5-18""},{""@Name"":""SubjectUserName"",""#text"":""WIN-FUDU2CKJOE8$""},{""@Name"":""SubjectDomainName"",""#text"":""WORKGROUP""},{""@Name"":""SubjectLogonId"",""#text"":""0x3E7""},{""@Name"":""PrivilegeList"",""#text"":""-""},{""@Name"":""SamAccountName"",""#text"":""IIS_IUSRS""},{""@Name"":""SidHistory"",""#text"":""-""}]}}"
204,204,2023-10-18 02:44:41.1196374,4735,LogAlways,Microsoft-Windows-Security-Auditing,Security,644,700,WIN-FUDU2CKJOE8,2,,A security-enabled local group was changed,WORKGROUP\WIN-FUDU2CKJOE8$ (S-1-5-18),,Target: Builtin\Cryptographic Operators (S-1-5-32-569),SubjectLogonId: 0x3E7,SamAccountName: -,SidHistory: -,PrivilegeList: -,,,False,C:\Users\BRIANNA\OneDrive\Documents\GitHub\NSSECU3_MP2\Test Files\EvtLogs\APTSimulatorVM_EventLogs_Server2022\logs\Security.evtx,Audit success,0,"{""EventData"":{""Data"":[{""@Name"":""TargetUserName"",""#text"":""Cryptographic Operators""},{""@Name"":""TargetDomainName"",""#text"":""Builtin""},{""@Name"":""TargetSid"",""#text"":""S-1-5-32-569""},{""@Name"":""SubjectUserSid"",""#text"":""S-1-5-18""},{""@Name"":""SubjectUserName"",""#text"":""WIN-FUDU2CKJOE8$""},{""@Name"":""SubjectDomainName"",""#text"":""WORKGROUP""},{""@Name"":""SubjectLogonId"",""#text"":""0x3E7""},{""@Name"":""PrivilegeList"",""#text"":""-""},{""@Name"":""SamAccountName"",""#text"":""-""},{""@Name"":""SidHistory"",""#text"":""-""}]}}"
205,205,2023-10-18 02:44:41.1198288,4781,LogAlways,Microsoft-Windows-Security-Auditing,Security,644,700,WIN-FUDU2CKJOE8,2,,The name of an account was changed,WORKGROUP\WIN-FUDU2CKJOE8$ (S-1-5-18),,OldTargetUserName: Cryptographic Operators,NewTargetUserName: Cryptographic Operators,TargetDomainName: Builtin,TargetSid: S-1-5-32-569,,,,False,C:\Users\BRIANNA\OneDrive\Documents\GitHub\NSSECU3_MP2\Test Files\EvtLogs\APTSimulatorVM_EventLogs_Server2022\logs\Security.evtx,Audit success,0,"{""EventData"":{""Data"":[{""@Name"":""OldTargetUserName"",""#text"":""Cryptographic Operators""},{""@Name"":""NewTargetUserName"",""#text"":""Cryptographic Operators""},{""@Name"":""TargetDomainName"",""#text"":""Builtin""},{""@Name"":""TargetSid"",""#text"":""S-1-5-32-569""},{""@Name"":""SubjectUserSid"",""#text"":""S-1-5-18""},{""@Name"":""SubjectUserName"",""#text"":""WIN-FUDU2CKJOE8$""},{""@Name"":""SubjectDomainName"",""#text"":""WORKGROUP""},{""@Name"":""SubjectLogonId"",""#text"":""0x3E7""},{""@Name"":""PrivilegeList"",""#text"":""-""}]}}"
206,206,2023-10-18 02:44:41.1198388,4735,LogAlways,Microsoft-Windows-Security-Auditing,Security,644,700,WIN-FUDU2CKJOE8,2,,A security-enabled local group was changed,WORKGROUP\WIN-FUDU2CKJOE8$ (S-1-5-18),,Target: Builtin\Cryptographic Operators (S-1-5-32-569),SubjectLogonId: 0x3E7,SamAccountName: Cryptographic Operators,SidHistory: -,PrivilegeList: -,,,False,C:\Users\BRIANNA\OneDrive\Documents\GitHub\NSSECU3_MP2\Test Files\EvtLogs\APTSimulatorVM_EventLogs_Server2022\logs\Security.evtx,Audit success,0,"{""EventData"":{""Data"":[{""@Name"":""TargetUserName"",""#text"":""Cryptographic Operators""},{""@Name"":""TargetDomainName"",""#text"":""Builtin""},{""@Name"":""TargetSid"",""#text"":""S-1-5-32-569""},{""@Name"":""SubjectUserSid"",""#text"":""S-1-5-18""},{""@Name"":""SubjectUserName"",""#text"":""WIN-FUDU2CKJOE8$""},{""@Name"":""SubjectDomainName"",""#text"":""WORKGROUP""},{""@Name"":""SubjectLogonId"",""#text"":""0x3E7""},{""@Name"":""PrivilegeList"",""#text"":""-""},{""@Name"":""SamAccountName"",""#text"":""Cryptographic Operators""},{""@Name"":""SidHistory"",""#text"":""-""}]}}"
