564,564,2023-10-18 03:01:34.0262155,4624,LogAlways,Microsoft-Windows-Security-Auditing,Security,684,740,WIN-FUDU2CKJOE8,6,,Successful logon,WORKGROUP\WIN-FUDU2CKJOE8$,- (-),Target: NT AUTHORITY\SYSTEM,LogonType 5,LogonId: 0x3E7,AuthenticationPackageName: Negotiate,"LogonProcessName: Advapi  ",,C:\Windows\System32\services.exe,False,C:\Users\BRIANNA\OneDrive\Documents\GitHub\NSSECU3_MP2\Test Files\EvtLogs\APTSimulatorVM_EventLogs_Server2022\logs\Security.evtx,Audit success,0,"{""EventData"":{""Data"":[{""@Name"":""SubjectUserSid"",""#text"":""S-1-5-18""},{""@Name"":""SubjectUserName"",""#text"":""WIN-FUDU2CKJOE8$""},{""@Name"":""SubjectDomainName"",""#text"":""WORKGROUP""},{""@Name"":""SubjectLogonId"",""#text"":""0x3E7""},{""@Name"":""TargetUserSid"",""#text"":""S-1-5-18""},{""@Name"":""TargetUserName"",""#text"":""SYSTEM""},{""@Name"":""TargetDomainName"",""#text"":""NT AUTHORITY""},{""@Name"":""TargetLogonId"",""#text"":""0x3E7""},{""@Name"":""LogonType"",""#text"":""5""},{""@Name"":""LogonProcessName"",""#text"":""Advapi  ""},{""@Name"":""AuthenticationPackageName"",""#text"":""Negotiate""},{""@Name"":""WorkstationName"",""#text"":""-""},{""@Name"":""LogonGuid"",""#text"":""00000000-0000-0000-0000-000000000000""},{""@Name"":""TransmittedServices"",""#text"":""-""},{""@Name"":""LmPackageName"",""#text"":""-""},{""@Name"":""KeyLength"",""#text"":""0""},{""@Name"":""ProcessId"",""#text"":""0x2A4""},{""@Name"":""ProcessName"",""#text"":""C:\\Windows\\System32\\services.exe""},{""@Name"":""IpAddress"",""#text"":""-""},{""@Name"":""IpPort"",""#text"":""-""},{""@Name"":""ImpersonationLevel"",""#text"":""%%1833""},{""@Name"":""RestrictedAdminMode"",""#text"":""-""},{""@Name"":""TargetOutboundUserName"",""#text"":""-""},{""@Name"":""TargetOutboundDomainName"",""#text"":""-""},{""@Name"":""VirtualAccount"",""#text"":""%%1843""},{""@Name"":""TargetLinkedLogonId"",""#text"":""0x0""},{""@Name"":""ElevatedToken"",""#text"":""%%1842""}]}}"
565,565,2023-10-18 03:01:34.0262624,4672,LogAlways,Microsoft-Windows-Security-Auditing,Security,684,740,WIN-FUDU2CKJOE8,6,,Administrative logon,NT AUTHORITY\SYSTEM (S-1-5-18),,"PrivilegeList: SeAssignPrimaryTokenPrivilege, SeTcbPrivilege, SeSecurityPrivilege, SeTakeOwnershipPrivilege, SeLoadDriverPrivilege, SeBackupPrivilege, SeRestorePrivilege, SeDebugPrivilege, SeAuditPrivilege, SeSystemEnvironmentPrivilege, SeImpersonatePrivilege, SeDelegateSessionUserImpersonatePrivilege",LogonId: 0x3E7,,,,,,False,C:\Users\BRIANNA\OneDrive\Documents\GitHub\NSSECU3_MP2\Test Files\EvtLogs\APTSimulatorVM_EventLogs_Server2022\logs\Security.evtx,Audit success,0,"{""EventData"":{""Data"":[{""@Name"":""SubjectUserSid"",""#text"":""S-1-5-18""},{""@Name"":""SubjectUserName"",""#text"":""SYSTEM""},{""@Name"":""SubjectDomainName"",""#text"":""NT AUTHORITY""},{""@Name"":""SubjectLogonId"",""#text"":""0x3E7""},{""@Name"":""PrivilegeList"",""#text"":""SeAssignPrimaryTokenPrivilege, SeTcbPrivilege, SeSecurityPrivilege, SeTakeOwnershipPrivilege, SeLoadDriverPrivilege, SeBackupPrivilege, SeRestorePrivilege, SeDebugPrivilege, SeAuditPrivilege, SeSystemEnvironmentPrivilege, SeImpersonatePrivilege, SeDelegateSessionUserImpersonatePrivilege""}]}}"
566,566,2023-10-18 03:01:36.2382571,5379,LogAlways,Microsoft-Windows-Security-Auditing,Security,684,740,WIN-FUDU2CKJOE8,6,,Credential Manager credentials were read,WIN-FUDU2CKJOE8$,,SID: S-1-5-18,Domain: WORKGROUP,LogonID: 0x3E7,CountOfCredentialsReturned: 0,,ActivityID: 42b1999b-016d-0001-7b9a-b1426d01da01,WindowsLive:(token):name=02dbnkbbvqcjxaci;serviceuri=*,False,C:\Users\BRIANNA\OneDrive\Documents\GitHub\NSSECU3_MP2\Test Files\EvtLogs\APTSimulatorVM_EventLogs_Server2022\logs\Security.evtx,Audit success,0,"{""EventData"":{""Data"":[{""@Name"":""SubjectUserSid"",""#text"":""S-1-5-18""},{""@Name"":""SubjectUserName"",""#text"":""WIN-FUDU2CKJOE8$""},{""@Name"":""SubjectDomainName"",""#text"":""WORKGROUP""},{""@Name"":""SubjectLogonId"",""#text"":""0x3E7""},{""@Name"":""TargetName"",""#text"":""WindowsLive:(token):name=02dbnkbbvqcjxaci;serviceuri=*""},{""@Name"":""Type"",""#text"":""0""},{""@Name"":""CountOfCredentialsReturned"",""#text"":""0""},{""@Name"":""ReadOperation"",""#text"":""%%8100""},{""@Name"":""ReturnCode"",""#text"":""3221226021""},{""@Name"":""ProcessCreationTime"",""#text"":""2023-10-18 02:46:27.0045502""},{""@Name"":""ClientProcessId"",""#text"":""848""}]}}"
567,567,2023-10-18 03:01:36.2384555,5379,LogAlways,Microsoft-Windows-Security-Auditing,Security,684,740,WIN-FUDU2CKJOE8,6,,Credential Manager credentials were read,WIN-FUDU2CKJOE8$,,SID: S-1-5-18,Domain: WORKGROUP,LogonID: 0x3E7,CountOfCredentialsReturned: 0,,ActivityID: 42b1999b-016d-0001-7b9a-b1426d01da01,WindowsLive:(cert):name=02dbnkbbvqcjxaci;serviceuri=*,False,C:\Users\BRIANNA\OneDrive\Documents\GitHub\NSSECU3_MP2\Test Files\EvtLogs\APTSimulatorVM_EventLogs_Server2022\logs\Security.evtx,Audit success,0,"{""EventData"":{""Data"":[{""@Name"":""SubjectUserSid"",""#text"":""S-1-5-18""},{""@Name"":""SubjectUserName"",""#text"":""WIN-FUDU2CKJOE8$""},{""@Name"":""SubjectDomainName"",""#text"":""WORKGROUP""},{""@Name"":""SubjectLogonId"",""#text"":""0x3E7""},{""@Name"":""TargetName"",""#text"":""WindowsLive:(cert):name=02dbnkbbvqcjxaci;serviceuri=*""},{""@Name"":""Type"",""#text"":""0""},{""@Name"":""CountOfCredentialsReturned"",""#text"":""0""},{""@Name"":""ReadOperation"",""#text"":""%%8100""},{""@Name"":""ReturnCode"",""#text"":""3221226021""},{""@Name"":""ProcessCreationTime"",""#text"":""2023-10-18 02:46:27.0045502""},{""@Name"":""ClientProcessId"",""#text"":""848""}]}}"
568,568,2023-10-18 03:01:36.2385767,5379,LogAlways,Microsoft-Windows-Security-Auditing,Security,684,740,WIN-FUDU2CKJOE8,6,,Credential Manager credentials were read,WIN-FUDU2CKJOE8$,,SID: S-1-5-18,Domain: WORKGROUP,LogonID: 0x3E7,CountOfCredentialsReturned: 1,,ActivityID: 42b1999b-016d-0001-7b9a-b1426d01da01,WindowsLive:target=virtualapp/didlogical,False,C:\Users\BRIANNA\OneDrive\Documents\GitHub\NSSECU3_MP2\Test Files\EvtLogs\APTSimulatorVM_EventLogs_Server2022\logs\Security.evtx,Audit success,0,"{""EventData"":{""Data"":[{""@Name"":""SubjectUserSid"",""#text"":""S-1-5-18""},{""@Name"":""SubjectUserName"",""#text"":""WIN-FUDU2CKJOE8$""},{""@Name"":""SubjectDomainName"",""#text"":""WORKGROUP""},{""@Name"":""SubjectLogonId"",""#text"":""0x3E7""},{""@Name"":""TargetName"",""#text"":""WindowsLive:target=virtualapp/didlogical""},{""@Name"":""Type"",""#text"":""0""},{""@Name"":""CountOfCredentialsReturned"",""#text"":""1""},{""@Name"":""ReadOperation"",""#text"":""%%8100""},{""@Name"":""ReturnCode"",""#text"":""0""},{""@Name"":""ProcessCreationTime"",""#text"":""2023-10-18 02:46:27.0045502""},{""@Name"":""ClientProcessId"",""#text"":""848""}]}}"
569,569,2023-10-18 03:01:36.2404282,5379,LogAlways,Microsoft-Windows-Security-Auditing,Security,684,740,WIN-FUDU2CKJOE8,6,,Credential Manager credentials were read,WIN-FUDU2CKJOE8$,,SID: S-1-5-18,Domain: WORKGROUP,LogonID: 0x3E7,CountOfCredentialsReturned: 0,,ActivityID: 42b1999b-016d-0001-7b9a-b1426d01da01,MicrosoftAccount:user=02dbnkbbvqcjxaci,False,C:\Users\BRIANNA\OneDrive\Documents\GitHub\NSSECU3_MP2\Test Files\EvtLogs\APTSimulatorVM_EventLogs_Server2022\logs\Security.evtx,Audit success,0,"{""EventData"":{""Data"":[{""@Name"":""SubjectUserSid"",""#text"":""S-1-5-18""},{""@Name"":""SubjectUserName"",""#text"":""WIN-FUDU2CKJOE8$""},{""@Name"":""SubjectDomainName"",""#text"":""WORKGROUP""},{""@Name"":""SubjectLogonId"",""#text"":""0x3E7""},{""@Name"":""TargetName"",""#text"":""MicrosoftAccount:user=02dbnkbbvqcjxaci""},{""@Name"":""Type"",""#text"":""0""},{""@Name"":""CountOfCredentialsReturned"",""#text"":""0""},{""@Name"":""ReadOperation"",""#text"":""%%8100""},{""@Name"":""ReturnCode"",""#text"":""3221226021""},{""@Name"":""ProcessCreationTime"",""#text"":""2023-10-18 02:46:27.0045502""},{""@Name"":""ClientProcessId"",""#text"":""848""}]}}"
570,570,2023-10-18 03:01:36.2404937,5379,LogAlways,Microsoft-Windows-Security-Auditing,Security,684,740,WIN-FUDU2CKJOE8,6,,Credential Manager credentials were read,WIN-FUDU2CKJOE8$,,SID: S-1-5-18,Domain: WORKGROUP,LogonID: 0x3E7,CountOfCredentialsReturned: 0,,ActivityID: 42b1999b-016d-0001-7b9a-b1426d01da01,WindowsLive:(token):name=02dbnkbbvqcjxaci;serviceuri=*,False,C:\Users\BRIANNA\OneDrive\Documents\GitHub\NSSECU3_MP2\Test Files\EvtLogs\APTSimulatorVM_EventLogs_Server2022\logs\Security.evtx,Audit success,0,"{""EventData"":{""Data"":[{""@Name"":""SubjectUserSid"",""#text"":""S-1-5-18""},{""@Name"":""SubjectUserName"",""#text"":""WIN-FUDU2CKJOE8$""},{""@Name"":""SubjectDomainName"",""#text"":""WORKGROUP""},{""@Name"":""SubjectLogonId"",""#text"":""0x3E7""},{""@Name"":""TargetName"",""#text"":""WindowsLive:(token):name=02dbnkbbvqcjxaci;serviceuri=*""},{""@Name"":""Type"",""#text"":""0""},{""@Name"":""CountOfCredentialsReturned"",""#text"":""0""},{""@Name"":""ReadOperation"",""#text"":""%%8100""},{""@Name"":""ReturnCode"",""#text"":""3221226021""},{""@Name"":""ProcessCreationTime"",""#text"":""2023-10-18 02:46:27.0045502""},{""@Name"":""ClientProcessId"",""#text"":""848""}]}}"
571,571,2023-10-18 03:01:36.2406918,5379,LogAlways,Microsoft-Windows-Security-Auditing,Security,684,740,WIN-FUDU2CKJOE8,6,,Credential Manager credentials were read,WIN-FUDU2CKJOE8$,,SID: S-1-5-18,Domain: WORKGROUP,LogonID: 0x3E7,CountOfCredentialsReturned: 0,,ActivityID: 42b1999b-016d-0001-7b9a-b1426d01da01,WindowsLive:(cert):name=02dbnkbbvqcjxaci;serviceuri=*,False,C:\Users\BRIANNA\OneDrive\Documents\GitHub\NSSECU3_MP2\Test Files\EvtLogs\APTSimulatorVM_EventLogs_Server2022\logs\Security.evtx,Audit success,0,"{""EventData"":{""Data"":[{""@Name"":""SubjectUserSid"",""#text"":""S-1-5-18""},{""@Name"":""SubjectUserName"",""#text"":""WIN-FUDU2CKJOE8$""},{""@Name"":""SubjectDomainName"",""#text"":""WORKGROUP""},{""@Name"":""SubjectLogonId"",""#text"":""0x3E7""},{""@Name"":""TargetName"",""#text"":""WindowsLive:(cert):name=02dbnkbbvqcjxaci;serviceuri=*""},{""@Name"":""Type"",""#text"":""0""},{""@Name"":""CountOfCredentialsReturned"",""#text"":""0""},{""@Name"":""ReadOperation"",""#text"":""%%8100""},{""@Name"":""ReturnCode"",""#text"":""3221226021""},{""@Name"":""ProcessCreationTime"",""#text"":""2023-10-18 02:46:27.0045502""},{""@Name"":""ClientProcessId"",""#text"":""848""}]}}"
572,572,2023-10-18 03:01:36.2680765,5379,LogAlways,Microsoft-Windows-Security-Auditing,Security,684,740,WIN-FUDU2CKJOE8,6,,Credential Manager credentials were read,Test,,SID: S-1-5-21-3275454858-3348516582-95323724-1000,Domain: WIN-FUDU2CKJOE8,LogonID: 0x21E94,CountOfCredentialsReturned: 0,,ActivityID: 42b1999b-016d-0001-7b9a-b1426d01da01,WindowsLive:(token):name=02oeqehagmqtjxao;serviceuri=*,False,C:\Users\BRIANNA\OneDrive\Documents\GitHub\NSSECU3_MP2\Test Files\EvtLogs\APTSimulatorVM_EventLogs_Server2022\logs\Security.evtx,Audit success,0,"{""EventData"":{""Data"":[{""@Name"":""SubjectUserSid"",""#text"":""S-1-5-21-3275454858-3348516582-95323724-1000""},{""@Name"":""SubjectUserName"",""#text"":""Test""},{""@Name"":""SubjectDomainName"",""#text"":""WIN-FUDU2CKJOE8""},{""@Name"":""SubjectLogonId"",""#text"":""0x21E94""},{""@Name"":""TargetName"",""#text"":""WindowsLive:(token):name=02oeqehagmqtjxao;serviceuri=*""},{""@Name"":""Type"",""#text"":""0""},{""@Name"":""CountOfCredentialsReturned"",""#text"":""0""},{""@Name"":""ReadOperation"",""#text"":""%%8100""},{""@Name"":""ReturnCode"",""#text"":""3221226021""},{""@Name"":""ProcessCreationTime"",""#text"":""2023-10-18 02:46:27.0045502""},{""@Name"":""ClientProcessId"",""#text"":""848""}]}}"
573,573,2023-10-18 03:01:36.2682779,5379,LogAlways,Microsoft-Windows-Security-Auditing,Security,684,740,WIN-FUDU2CKJOE8,6,,Credential Manager credentials were read,Test,,SID: S-1-5-21-3275454858-3348516582-95323724-1000,Domain: WIN-FUDU2CKJOE8,LogonID: 0x21E94,CountOfCredentialsReturned: 0,,ActivityID: 42b1999b-016d-0001-7b9a-b1426d01da01,WindowsLive:(cert):name=02oeqehagmqtjxao;serviceuri=*,False,C:\Users\BRIANNA\OneDrive\Documents\GitHub\NSSECU3_MP2\Test Files\EvtLogs\APTSimulatorVM_EventLogs_Server2022\logs\Security.evtx,Audit success,0,"{""EventData"":{""Data"":[{""@Name"":""SubjectUserSid"",""#text"":""S-1-5-21-3275454858-3348516582-95323724-1000""},{""@Name"":""SubjectUserName"",""#text"":""Test""},{""@Name"":""SubjectDomainName"",""#text"":""WIN-FUDU2CKJOE8""},{""@Name"":""SubjectLogonId"",""#text"":""0x21E94""},{""@Name"":""TargetName"",""#text"":""WindowsLive:(cert):name=02oeqehagmqtjxao;serviceuri=*""},{""@Name"":""Type"",""#text"":""0""},{""@Name"":""CountOfCredentialsReturned"",""#text"":""0""},{""@Name"":""ReadOperation"",""#text"":""%%8100""},{""@Name"":""ReturnCode"",""#text"":""3221226021""},{""@Name"":""ProcessCreationTime"",""#text"":""2023-10-18 02:46:27.0045502""},{""@Name"":""ClientProcessId"",""#text"":""848""}]}}"
574,574,2023-10-18 03:01:36.2683633,5379,LogAlways,Microsoft-Windows-Security-Auditing,Security,684,740,WIN-FUDU2CKJOE8,6,,Credential Manager credentials were read,Test,,SID: S-1-5-21-3275454858-3348516582-95323724-1000,Domain: WIN-FUDU2CKJOE8,LogonID: 0x21E94,CountOfCredentialsReturned: 1,,ActivityID: 42b1999b-016d-0001-7b9a-b1426d01da01,WindowsLive:target=virtualapp/didlogical,False,C:\Users\BRIANNA\OneDrive\Documents\GitHub\NSSECU3_MP2\Test Files\EvtLogs\APTSimulatorVM_EventLogs_Server2022\logs\Security.evtx,Audit success,0,"{""EventData"":{""Data"":[{""@Name"":""SubjectUserSid"",""#text"":""S-1-5-21-3275454858-3348516582-95323724-1000""},{""@Name"":""SubjectUserName"",""#text"":""Test""},{""@Name"":""SubjectDomainName"",""#text"":""WIN-FUDU2CKJOE8""},{""@Name"":""SubjectLogonId"",""#text"":""0x21E94""},{""@Name"":""TargetName"",""#text"":""WindowsLive:target=virtualapp/didlogical""},{""@Name"":""Type"",""#text"":""0""},{""@Name"":""CountOfCredentialsReturned"",""#text"":""1""},{""@Name"":""ReadOperation"",""#text"":""%%8100""},{""@Name"":""ReturnCode"",""#text"":""0""},{""@Name"":""ProcessCreationTime"",""#text"":""2023-10-18 02:46:27.0045502""},{""@Name"":""ClientProcessId"",""#text"":""848""}]}}"
575,575,2023-10-18 03:01:36.7194047,5379,LogAlways,Microsoft-Windows-Security-Auditing,Security,684,748,WIN-FUDU2CKJOE8,6,,Credential Manager credentials were read,WIN-FUDU2CKJOE8$,,SID: S-1-5-18,Domain: WORKGROUP,LogonID: 0x3E7,CountOfCredentialsReturned: 0,,ActivityID: 42b1999b-016d-0001-7b9a-b1426d01da01,MicrosoftAccount:user=02dbnkbbvqcjxaci,False,C:\Users\BRIANNA\OneDrive\Documents\GitHub\NSSECU3_MP2\Test Files\EvtLogs\APTSimulatorVM_EventLogs_Server2022\logs\Security.evtx,Audit success,0,"{""EventData"":{""Data"":[{""@Name"":""SubjectUserSid"",""#text"":""S-1-5-18""},{""@Name"":""SubjectUserName"",""#text"":""WIN-FUDU2CKJOE8$""},{""@Name"":""SubjectDomainName"",""#text"":""WORKGROUP""},{""@Name"":""SubjectLogonId"",""#text"":""0x3E7""},{""@Name"":""TargetName"",""#text"":""MicrosoftAccount:user=02dbnkbbvqcjxaci""},{""@Name"":""Type"",""#text"":""0""},{""@Name"":""CountOfCredentialsReturned"",""#text"":""0""},{""@Name"":""ReadOperation"",""#text"":""%%8100""},{""@Name"":""ReturnCode"",""#text"":""3221226021""},{""@Name"":""ProcessCreationTime"",""#text"":""2023-10-18 02:46:27.0045502""},{""@Name"":""ClientProcessId"",""#text"":""848""}]}}"
576,576,2023-10-18 03:01:36.7199874,5379,LogAlways,Microsoft-Windows-Security-Auditing,Security,684,748,WIN-FUDU2CKJOE8,6,,Credential Manager credentials were read,WIN-FUDU2CKJOE8$,,SID: S-1-5-18,Domain: WORKGROUP,LogonID: 0x3E7,CountOfCredentialsReturned: 0,,ActivityID: 42b1999b-016d-0001-7b9a-b1426d01da01,MicrosoftAccount:user=02dbnkbbvqcjxaci,False,C:\Users\BRIANNA\OneDrive\Documents\GitHub\NSSECU3_MP2\Test Files\EvtLogs\APTSimulatorVM_EventLogs_Server2022\logs\Security.evtx,Audit success,0,"{""EventData"":{""Data"":[{""@Name"":""SubjectUserSid"",""#text"":""S-1-5-18""},{""@Name"":""SubjectUserName"",""#text"":""WIN-FUDU2CKJOE8$""},{""@Name"":""SubjectDomainName"",""#text"":""WORKGROUP""},{""@Name"":""SubjectLogonId"",""#text"":""0x3E7""},{""@Name"":""TargetName"",""#text"":""MicrosoftAccount:user=02dbnkbbvqcjxaci""},{""@Name"":""Type"",""#text"":""0""},{""@Name"":""CountOfCredentialsReturned"",""#text"":""0""},{""@Name"":""ReadOperation"",""#text"":""%%8100""},{""@Name"":""ReturnCode"",""#text"":""3221226021""},{""@Name"":""ProcessCreationTime"",""#text"":""2023-10-18 02:46:27.0045502""},{""@Name"":""ClientProcessId"",""#text"":""848""}]}}"
577,577,2023-10-18 03:01:36.7233784,5379,LogAlways,Microsoft-Windows-Security-Auditing,Security,684,748,WIN-FUDU2CKJOE8,6,,Credential Manager credentials were read,WIN-FUDU2CKJOE8$,,SID: S-1-5-18,Domain: WORKGROUP,LogonID: 0x3E7,CountOfCredentialsReturned: 0,,ActivityID: 42b1999b-016d-0001-7b9a-b1426d01da01,MicrosoftAccount:user=02dbnkbbvqcjxaci,False,C:\Users\BRIANNA\OneDrive\Documents\GitHub\NSSECU3_MP2\Test Files\EvtLogs\APTSimulatorVM_EventLogs_Server2022\logs\Security.evtx,Audit success,0,"{""EventData"":{""Data"":[{""@Name"":""SubjectUserSid"",""#text"":""S-1-5-18""},{""@Name"":""SubjectUserName"",""#text"":""WIN-FUDU2CKJOE8$""},{""@Name"":""SubjectDomainName"",""#text"":""WORKGROUP""},{""@Name"":""SubjectLogonId"",""#text"":""0x3E7""},{""@Name"":""TargetName"",""#text"":""MicrosoftAccount:user=02dbnkbbvqcjxaci""},{""@Name"":""Type"",""#text"":""0""},{""@Name"":""CountOfCredentialsReturned"",""#text"":""0""},{""@Name"":""ReadOperation"",""#text"":""%%8100""},{""@Name"":""ReturnCode"",""#text"":""3221226021""},{""@Name"":""ProcessCreationTime"",""#text"":""2023-10-18 02:46:27.0045502""},{""@Name"":""ClientProcessId"",""#text"":""848""}]}}"
578,578,2023-10-18 03:01:36.7234419,5379,LogAlways,Microsoft-Windows-Security-Auditing,Security,684,748,WIN-FUDU2CKJOE8,6,,Credential Manager credentials were read,WIN-FUDU2CKJOE8$,,SID: S-1-5-18,Domain: WORKGROUP,LogonID: 0x3E7,CountOfCredentialsReturned: 0,,ActivityID: 42b1999b-016d-0001-7b9a-b1426d01da01,MicrosoftAccount:user=02dbnkbbvqcjxaci,False,C:\Users\BRIANNA\OneDrive\Documents\GitHub\NSSECU3_MP2\Test Files\EvtLogs\APTSimulatorVM_EventLogs_Server2022\logs\Security.evtx,Audit success,0,"{""EventData"":{""Data"":[{""@Name"":""SubjectUserSid"",""#text"":""S-1-5-18""},{""@Name"":""SubjectUserName"",""#text"":""WIN-FUDU2CKJOE8$""},{""@Name"":""SubjectDomainName"",""#text"":""WORKGROUP""},{""@Name"":""SubjectLogonId"",""#text"":""0x3E7""},{""@Name"":""TargetName"",""#text"":""MicrosoftAccount:user=02dbnkbbvqcjxaci""},{""@Name"":""Type"",""#text"":""0""},{""@Name"":""CountOfCredentialsReturned"",""#text"":""0""},{""@Name"":""ReadOperation"",""#text"":""%%8100""},{""@Name"":""ReturnCode"",""#text"":""3221226021""},{""@Name"":""ProcessCreationTime"",""#text"":""2023-10-18 02:46:27.0045502""},{""@Name"":""ClientProcessId"",""#text"":""848""}]}}"
579,579,2023-10-18 03:02:19.0060666,4798,LogAlways,Microsoft-Windows-Security-Auditing,Security,684,740,WIN-FUDU2CKJOE8,6,,A user's local group membership was enumerated,WIN-FUDU2CKJOE8\Test (S-1-5-21-3275454858-3348516582-95323724-1000),,Target: WIN-FUDU2CKJOE8\Guest (S-1-5-21-3275454858-3348516582-95323724-501),SubjectLogonId: 0x21E2B,CallerProcessName: C:\Windows\System32\net1.exe,CallerProcessId: 0xA14,,,,False,C:\Users\BRIANNA\OneDrive\Documents\GitHub\NSSECU3_MP2\Test Files\EvtLogs\APTSimulatorVM_EventLogs_Server2022\logs\Security.evtx,Audit success,0,"{""EventData"":{""Data"":[{""@Name"":""TargetUserName"",""#text"":""Guest""},{""@Name"":""TargetDomainName"",""#text"":""WIN-FUDU2CKJOE8""},{""@Name"":""TargetSid"",""#text"":""S-1-5-21-3275454858-3348516582-95323724-501""},{""@Name"":""SubjectUserSid"",""#text"":""S-1-5-21-3275454858-3348516582-95323724-1000""},{""@Name"":""SubjectUserName"",""#text"":""Test""},{""@Name"":""SubjectDomainName"",""#text"":""WIN-FUDU2CKJOE8""},{""@Name"":""SubjectLogonId"",""#text"":""0x21E2B""},{""@Name"":""CallerProcessId"",""#text"":""0xA14""},{""@Name"":""CallerProcessName"",""#text"":""C:\\Windows\\System32\\net1.exe""}]}}"
580,580,2023-10-18 03:02:19.0072047,4722,LogAlways,Microsoft-Windows-Security-Auditing,Security,684,740,WIN-FUDU2CKJOE8,6,,A user account was enabled,WIN-FUDU2CKJOE8\Test (S-1-5-21-3275454858-3348516582-95323724-1000),,Target: WIN-FUDU2CKJOE8\Guest (S-1-5-21-3275454858-3348516582-95323724-501),SubjectLogonId: 0x21E2B,,,,,,False,C:\Users\BRIANNA\OneDrive\Documents\GitHub\NSSECU3_MP2\Test Files\EvtLogs\APTSimulatorVM_EventLogs_Server2022\logs\Security.evtx,Audit success,0,"{""EventData"":{""Data"":[{""@Name"":""TargetUserName"",""#text"":""Guest""},{""@Name"":""TargetDomainName"",""#text"":""WIN-FUDU2CKJOE8""},{""@Name"":""TargetSid"",""#text"":""S-1-5-21-3275454858-3348516582-95323724-501""},{""@Name"":""SubjectUserSid"",""#text"":""S-1-5-21-3275454858-3348516582-95323724-1000""},{""@Name"":""SubjectUserName"",""#text"":""Test""},{""@Name"":""SubjectDomainName"",""#text"":""WIN-FUDU2CKJOE8""},{""@Name"":""SubjectLogonId"",""#text"":""0x21E2B""}]}}"
581,581,2023-10-18 03:02:19.0073529,4738,LogAlways,Microsoft-Windows-Security-Auditing,Security,684,740,WIN-FUDU2CKJOE8,6,,A user account was changed,WIN-FUDU2CKJOE8\Test,,Target: WIN-FUDU2CKJOE8\Guest,"Changed Attribute SamAccountName: Guest DisplayName: %%1793 UserPrincipalName: - HomeDirectory: %%1793 HomePath: %%1793 ScriptPath: %%1793 ProfilePath: %%1793 UserWorkstations: %%1793 PasswordLastSet: 10/17/2023 11:02:19 PM AccountExpires: %%1794 PrimaryGroupId: 513 AllowedToDelegateTo: - OldUacValue: 0x215 NewUacValue: 0x214 UserAccountControl: , %%2048 UserParameters: %%1793 SidHistory: - LogonHours: %%1797",,,,,,False,C:\Users\BRIANNA\OneDrive\Documents\GitHub\NSSECU3_MP2\Test Files\EvtLogs\APTSimulatorVM_EventLogs_Server2022\logs\Security.evtx,Audit success,0,"{""EventData"":{""Data"":[{""@Name"":""Dummy"",""#text"":""-""},{""@Name"":""TargetUserName"",""#text"":""Guest""},{""@Name"":""TargetDomainName"",""#text"":""WIN-FUDU2CKJOE8""},{""@Name"":""TargetSid"",""#text"":""S-1-5-21-3275454858-3348516582-95323724-501""},{""@Name"":""SubjectUserSid"",""#text"":""S-1-5-21-3275454858-3348516582-95323724-1000""},{""@Name"":""SubjectUserName"",""#text"":""Test""},{""@Name"":""SubjectDomainName"",""#text"":""WIN-FUDU2CKJOE8""},{""@Name"":""SubjectLogonId"",""#text"":""0x21E2B""},{""@Name"":""PrivilegeList"",""#text"":""-""},{""@Name"":""SamAccountName"",""#text"":""Guest""},{""@Name"":""DisplayName"",""#text"":""%%1793""},{""@Name"":""UserPrincipalName"",""#text"":""-""},{""@Name"":""HomeDirectory"",""#text"":""%%1793""},{""@Name"":""HomePath"",""#text"":""%%1793""},{""@Name"":""ScriptPath"",""#text"":""%%1793""},{""@Name"":""ProfilePath"",""#text"":""%%1793""},{""@Name"":""UserWorkstations"",""#text"":""%%1793""},{""@Name"":""PasswordLastSet"",""#text"":""10/17/2023 11:02:19 PM""},{""@Name"":""AccountExpires"",""#text"":""%%1794""},{""@Name"":""PrimaryGroupId"",""#text"":""513""},{""@Name"":""AllowedToDelegateTo"",""#text"":""-""},{""@Name"":""OldUacValue"",""#text"":""0x215""},{""@Name"":""NewUacValue"",""#text"":""0x214""},{""@Name"":""UserAccountControl"",""#text"":"", %%2048""},{""@Name"":""UserParameters"",""#text"":""%%1793""},{""@Name"":""SidHistory"",""#text"":""-""},{""@Name"":""LogonHours"",""#text"":""%%1797""}]}}"
582,582,2023-10-18 03:02:21.0899356,4732,LogAlways,Microsoft-Windows-Security-Auditing,Security,684,740,WIN-FUDU2CKJOE8,6,,A member was added to a security-enabled local group,WIN-FUDU2CKJOE8\Test (S-1-5-21-3275454858-3348516582-95323724-1000),,Target: Builtin\Administrators (S-1-5-32-544),SubjectLogonId: 0x21E2B,MemberName: -,MemberSid: S-1-5-21-3275454858-3348516582-95323724-501,PrivilegeList: -,,,False,C:\Users\BRIANNA\OneDrive\Documents\GitHub\NSSECU3_MP2\Test Files\EvtLogs\APTSimulatorVM_EventLogs_Server2022\logs\Security.evtx,Audit success,0,"{""EventData"":{""Data"":[{""@Name"":""MemberName"",""#text"":""-""},{""@Name"":""MemberSid"",""#text"":""S-1-5-21-3275454858-3348516582-95323724-501""},{""@Name"":""TargetUserName"",""#text"":""Administrators""},{""@Name"":""TargetDomainName"",""#text"":""Builtin""},{""@Name"":""TargetSid"",""#text"":""S-1-5-32-544""},{""@Name"":""SubjectUserSid"",""#text"":""S-1-5-21-3275454858-3348516582-95323724-1000""},{""@Name"":""SubjectUserName"",""#text"":""Test""},{""@Name"":""SubjectDomainName"",""#text"":""WIN-FUDU2CKJOE8""},{""@Name"":""SubjectLogonId"",""#text"":""0x21E2B""},{""@Name"":""PrivilegeList"",""#text"":""-""}]}}"
583,583,2023-10-18 03:03:43.0629712,4799,LogAlways,Microsoft-Windows-Security-Auditing,Security,684,392,WIN-FUDU2CKJOE8,6,,A security-enabled local group membership was enumerated,WIN-FUDU2CKJOE8\Test (S-1-5-21-3275454858-3348516582-95323724-1000),,Target: Builtin\Administrators (S-1-5-32-544),SubjectLogonId: 0x21E2B,CallerProcessName: C:\Windows\System32\net1.exe,CallerProcessId: 0x674,,,,False,C:\Users\BRIANNA\OneDrive\Documents\GitHub\NSSECU3_MP2\Test Files\EvtLogs\APTSimulatorVM_EventLogs_Server2022\logs\Security.evtx,Audit success,0,"{""EventData"":{""Data"":[{""@Name"":""TargetUserName"",""#text"":""Administrators""},{""@Name"":""TargetDomainName"",""#text"":""Builtin""},{""@Name"":""TargetSid"",""#text"":""S-1-5-32-544""},{""@Name"":""SubjectUserSid"",""#text"":""S-1-5-21-3275454858-3348516582-95323724-1000""},{""@Name"":""SubjectUserName"",""#text"":""Test""},{""@Name"":""SubjectDomainName"",""#text"":""WIN-FUDU2CKJOE8""},{""@Name"":""SubjectLogonId"",""#text"":""0x21E2B""},{""@Name"":""CallerProcessId"",""#text"":""0x674""},{""@Name"":""CallerProcessName"",""#text"":""C:\\Windows\\System32\\net1.exe""}]}}"
