207,207,2023-10-18 02:44:41.1226044,4735,LogAlways,Microsoft-Windows-Security-Auditing,Security,644,700,WIN-FUDU2CKJOE8,2,,A security-enabled local group was changed,WORKGROUP\WIN-FUDU2CKJOE8$ (S-1-5-18),,Target: Builtin\Event Log Readers (S-1-5-32-573),SubjectLogonId: 0x3E7,SamAccountName: -,SidHistory: -,PrivilegeList: -,,,False,C:\Users\BRIANNA\OneDrive\Documents\GitHub\NSSECU3_MP2\Test Files\EvtLogs\APTSimulatorVM_EventLogs_Server2022\logs\Security.evtx,Audit success,0,"{""EventData"":{""Data"":[{""@Name"":""TargetUserName"",""#text"":""Event Log Readers""},{""@Name"":""TargetDomainName"",""#text"":""Builtin""},{""@Name"":""TargetSid"",""#text"":""S-1-5-32-573""},{""@Name"":""SubjectUserSid"",""#text"":""S-1-5-18""},{""@Name"":""SubjectUserName"",""#text"":""WIN-FUDU2CKJOE8$""},{""@Name"":""SubjectDomainName"",""#text"":""WORKGROUP""},{""@Name"":""SubjectLogonId"",""#text"":""0x3E7""},{""@Name"":""PrivilegeList"",""#text"":""-""},{""@Name"":""SamAccountName"",""#text"":""-""},{""@Name"":""SidHistory"",""#text"":""-""}]}}"
208,208,2023-10-18 02:44:41.1228924,4781,LogAlways,Microsoft-Windows-Security-Auditing,Security,644,700,WIN-FUDU2CKJOE8,2,,The name of an account was changed,WORKGROUP\WIN-FUDU2CKJOE8$ (S-1-5-18),,OldTargetUserName: Event Log Readers,NewTargetUserName: Event Log Readers,TargetDomainName: Builtin,TargetSid: S-1-5-32-573,,,,False,C:\Users\BRIANNA\OneDrive\Documents\GitHub\NSSECU3_MP2\Test Files\EvtLogs\APTSimulatorVM_EventLogs_Server2022\logs\Security.evtx,Audit success,0,"{""EventData"":{""Data"":[{""@Name"":""OldTargetUserName"",""#text"":""Event Log Readers""},{""@Name"":""NewTargetUserName"",""#text"":""Event Log Readers""},{""@Name"":""TargetDomainName"",""#text"":""Builtin""},{""@Name"":""TargetSid"",""#text"":""S-1-5-32-573""},{""@Name"":""SubjectUserSid"",""#text"":""S-1-5-18""},{""@Name"":""SubjectUserName"",""#text"":""WIN-FUDU2CKJOE8$""},{""@Name"":""SubjectDomainName"",""#text"":""WORKGROUP""},{""@Name"":""SubjectLogonId"",""#text"":""0x3E7""},{""@Name"":""PrivilegeList"",""#text"":""-""}]}}"
209,209,2023-10-18 02:44:41.1229045,4735,LogAlways,Microsoft-Windows-Security-Auditing,Security,644,700,WIN-FUDU2CKJOE8,2,,A security-enabled local group was changed,WORKGROUP\WIN-FUDU2CKJOE8$ (S-1-5-18),,Target: Builtin\Event Log Readers (S-1-5-32-573),SubjectLogonId: 0x3E7,SamAccountName: Event Log Readers,SidHistory: -,PrivilegeList: -,,,False,C:\Users\BRIANNA\OneDrive\Documents\GitHub\NSSECU3_MP2\Test Files\EvtLogs\APTSimulatorVM_EventLogs_Server2022\logs\Security.evtx,Audit success,0,"{""EventData"":{""Data"":[{""@Name"":""TargetUserName"",""#text"":""Event Log Readers""},{""@Name"":""TargetDomainName"",""#text"":""Builtin""},{""@Name"":""TargetSid"",""#text"":""S-1-5-32-573""},{""@Name"":""SubjectUserSid"",""#text"":""S-1-5-18""},{""@Name"":""SubjectUserName"",""#text"":""WIN-FUDU2CKJOE8$""},{""@Name"":""SubjectDomainName"",""#text"":""WORKGROUP""},{""@Name"":""SubjectLogonId"",""#text"":""0x3E7""},{""@Name"":""PrivilegeList"",""#text"":""-""},{""@Name"":""SamAccountName"",""#text"":""Event Log Readers""},{""@Name"":""SidHistory"",""#text"":""-""}]}}"
210,210,2023-10-18 02:44:41.1248979,4735,LogAlways,Microsoft-Windows-Security-Auditing,Security,644,700,WIN-FUDU2CKJOE8,2,,A security-enabled local group was changed,WORKGROUP\WIN-FUDU2CKJOE8$ (S-1-5-18),,Target: Builtin\Certificate Service DCOM Access (S-1-5-32-574),SubjectLogonId: 0x3E7,SamAccountName: -,SidHistory: -,PrivilegeList: -,,,False,C:\Users\BRIANNA\OneDrive\Documents\GitHub\NSSECU3_MP2\Test Files\EvtLogs\APTSimulatorVM_EventLogs_Server2022\logs\Security.evtx,Audit success,0,"{""EventData"":{""Data"":[{""@Name"":""TargetUserName"",""#text"":""Certificate Service DCOM Access""},{""@Name"":""TargetDomainName"",""#text"":""Builtin""},{""@Name"":""TargetSid"",""#text"":""S-1-5-32-574""},{""@Name"":""SubjectUserSid"",""#text"":""S-1-5-18""},{""@Name"":""SubjectUserName"",""#text"":""WIN-FUDU2CKJOE8$""},{""@Name"":""SubjectDomainName"",""#text"":""WORKGROUP""},{""@Name"":""SubjectLogonId"",""#text"":""0x3E7""},{""@Name"":""PrivilegeList"",""#text"":""-""},{""@Name"":""SamAccountName"",""#text"":""-""},{""@Name"":""SidHistory"",""#text"":""-""}]}}"
211,211,2023-10-18 02:44:41.1256652,4781,LogAlways,Microsoft-Windows-Security-Auditing,Security,644,700,WIN-FUDU2CKJOE8,2,,The name of an account was changed,WORKGROUP\WIN-FUDU2CKJOE8$ (S-1-5-18),,OldTargetUserName: Certificate Service DCOM Access,NewTargetUserName: Certificate Service DCOM Access,TargetDomainName: Builtin,TargetSid: S-1-5-32-574,,,,False,C:\Users\BRIANNA\OneDrive\Documents\GitHub\NSSECU3_MP2\Test Files\EvtLogs\APTSimulatorVM_EventLogs_Server2022\logs\Security.evtx,Audit success,0,"{""EventData"":{""Data"":[{""@Name"":""OldTargetUserName"",""#text"":""Certificate Service DCOM Access""},{""@Name"":""NewTargetUserName"",""#text"":""Certificate Service DCOM Access""},{""@Name"":""TargetDomainName"",""#text"":""Builtin""},{""@Name"":""TargetSid"",""#text"":""S-1-5-32-574""},{""@Name"":""SubjectUserSid"",""#text"":""S-1-5-18""},{""@Name"":""SubjectUserName"",""#text"":""WIN-FUDU2CKJOE8$""},{""@Name"":""SubjectDomainName"",""#text"":""WORKGROUP""},{""@Name"":""SubjectLogonId"",""#text"":""0x3E7""},{""@Name"":""PrivilegeList"",""#text"":""-""}]}}"
212,212,2023-10-18 02:44:41.1256786,4735,LogAlways,Microsoft-Windows-Security-Auditing,Security,644,700,WIN-FUDU2CKJOE8,2,,A security-enabled local group was changed,WORKGROUP\WIN-FUDU2CKJOE8$ (S-1-5-18),,Target: Builtin\Certificate Service DCOM Access (S-1-5-32-574),SubjectLogonId: 0x3E7,SamAccountName: Certificate Service DCOM Access,SidHistory: -,PrivilegeList: -,,,False,C:\Users\BRIANNA\OneDrive\Documents\GitHub\NSSECU3_MP2\Test Files\EvtLogs\APTSimulatorVM_EventLogs_Server2022\logs\Security.evtx,Audit success,0,"{""EventData"":{""Data"":[{""@Name"":""TargetUserName"",""#text"":""Certificate Service DCOM Access""},{""@Name"":""TargetDomainName"",""#text"":""Builtin""},{""@Name"":""TargetSid"",""#text"":""S-1-5-32-574""},{""@Name"":""SubjectUserSid"",""#text"":""S-1-5-18""},{""@Name"":""SubjectUserName"",""#text"":""WIN-FUDU2CKJOE8$""},{""@Name"":""SubjectDomainName"",""#text"":""WORKGROUP""},{""@Name"":""SubjectLogonId"",""#text"":""0x3E7""},{""@Name"":""PrivilegeList"",""#text"":""-""},{""@Name"":""SamAccountName"",""#text"":""Certificate Service DCOM Access""},{""@Name"":""SidHistory"",""#text"":""-""}]}}"
213,213,2023-10-18 02:44:41.1260361,4735,LogAlways,Microsoft-Windows-Security-Auditing,Security,644,700,WIN-FUDU2CKJOE8,2,,A security-enabled local group was changed,WORKGROUP\WIN-FUDU2CKJOE8$ (S-1-5-18),,Target: Builtin\RDS Remote Access Servers (S-1-5-32-575),SubjectLogonId: 0x3E7,SamAccountName: -,SidHistory: -,PrivilegeList: -,,,False,C:\Users\BRIANNA\OneDrive\Documents\GitHub\NSSECU3_MP2\Test Files\EvtLogs\APTSimulatorVM_EventLogs_Server2022\logs\Security.evtx,Audit success,0,"{""EventData"":{""Data"":[{""@Name"":""TargetUserName"",""#text"":""RDS Remote Access Servers""},{""@Name"":""TargetDomainName"",""#text"":""Builtin""},{""@Name"":""TargetSid"",""#text"":""S-1-5-32-575""},{""@Name"":""SubjectUserSid"",""#text"":""S-1-5-18""},{""@Name"":""SubjectUserName"",""#text"":""WIN-FUDU2CKJOE8$""},{""@Name"":""SubjectDomainName"",""#text"":""WORKGROUP""},{""@Name"":""SubjectLogonId"",""#text"":""0x3E7""},{""@Name"":""PrivilegeList"",""#text"":""-""},{""@Name"":""SamAccountName"",""#text"":""-""},{""@Name"":""SidHistory"",""#text"":""-""}]}}"
214,214,2023-10-18 02:44:41.1282371,4781,LogAlways,Microsoft-Windows-Security-Auditing,Security,644,700,WIN-FUDU2CKJOE8,2,,The name of an account was changed,WORKGROUP\WIN-FUDU2CKJOE8$ (S-1-5-18),,OldTargetUserName: RDS Remote Access Servers,NewTargetUserName: RDS Remote Access Servers,TargetDomainName: Builtin,TargetSid: S-1-5-32-575,,,,False,C:\Users\BRIANNA\OneDrive\Documents\GitHub\NSSECU3_MP2\Test Files\EvtLogs\APTSimulatorVM_EventLogs_Server2022\logs\Security.evtx,Audit success,0,"{""EventData"":{""Data"":[{""@Name"":""OldTargetUserName"",""#text"":""RDS Remote Access Servers""},{""@Name"":""NewTargetUserName"",""#text"":""RDS Remote Access Servers""},{""@Name"":""TargetDomainName"",""#text"":""Builtin""},{""@Name"":""TargetSid"",""#text"":""S-1-5-32-575""},{""@Name"":""SubjectUserSid"",""#text"":""S-1-5-18""},{""@Name"":""SubjectUserName"",""#text"":""WIN-FUDU2CKJOE8$""},{""@Name"":""SubjectDomainName"",""#text"":""WORKGROUP""},{""@Name"":""SubjectLogonId"",""#text"":""0x3E7""},{""@Name"":""PrivilegeList"",""#text"":""-""}]}}"
215,215,2023-10-18 02:44:41.1282465,4735,LogAlways,Microsoft-Windows-Security-Auditing,Security,644,700,WIN-FUDU2CKJOE8,2,,A security-enabled local group was changed,WORKGROUP\WIN-FUDU2CKJOE8$ (S-1-5-18),,Target: Builtin\RDS Remote Access Servers (S-1-5-32-575),SubjectLogonId: 0x3E7,SamAccountName: RDS Remote Access Servers,SidHistory: -,PrivilegeList: -,,,False,C:\Users\BRIANNA\OneDrive\Documents\GitHub\NSSECU3_MP2\Test Files\EvtLogs\APTSimulatorVM_EventLogs_Server2022\logs\Security.evtx,Audit success,0,"{""EventData"":{""Data"":[{""@Name"":""TargetUserName"",""#text"":""RDS Remote Access Servers""},{""@Name"":""TargetDomainName"",""#text"":""Builtin""},{""@Name"":""TargetSid"",""#text"":""S-1-5-32-575""},{""@Name"":""SubjectUserSid"",""#text"":""S-1-5-18""},{""@Name"":""SubjectUserName"",""#text"":""WIN-FUDU2CKJOE8$""},{""@Name"":""SubjectDomainName"",""#text"":""WORKGROUP""},{""@Name"":""SubjectLogonId"",""#text"":""0x3E7""},{""@Name"":""PrivilegeList"",""#text"":""-""},{""@Name"":""SamAccountName"",""#text"":""RDS Remote Access Servers""},{""@Name"":""SidHistory"",""#text"":""-""}]}}"
216,216,2023-10-18 02:44:41.1302445,4735,LogAlways,Microsoft-Windows-Security-Auditing,Security,644,708,WIN-FUDU2CKJOE8,2,,A security-enabled local group was changed,WORKGROUP\WIN-FUDU2CKJOE8$ (S-1-5-18),,Target: Builtin\RDS Endpoint Servers (S-1-5-32-576),SubjectLogonId: 0x3E7,SamAccountName: -,SidHistory: -,PrivilegeList: -,,,False,C:\Users\BRIANNA\OneDrive\Documents\GitHub\NSSECU3_MP2\Test Files\EvtLogs\APTSimulatorVM_EventLogs_Server2022\logs\Security.evtx,Audit success,0,"{""EventData"":{""Data"":[{""@Name"":""TargetUserName"",""#text"":""RDS Endpoint Servers""},{""@Name"":""TargetDomainName"",""#text"":""Builtin""},{""@Name"":""TargetSid"",""#text"":""S-1-5-32-576""},{""@Name"":""SubjectUserSid"",""#text"":""S-1-5-18""},{""@Name"":""SubjectUserName"",""#text"":""WIN-FUDU2CKJOE8$""},{""@Name"":""SubjectDomainName"",""#text"":""WORKGROUP""},{""@Name"":""SubjectLogonId"",""#text"":""0x3E7""},{""@Name"":""PrivilegeList"",""#text"":""-""},{""@Name"":""SamAccountName"",""#text"":""-""},{""@Name"":""SidHistory"",""#text"":""-""}]}}"
217,217,2023-10-18 02:44:41.1305024,4781,LogAlways,Microsoft-Windows-Security-Auditing,Security,644,708,WIN-FUDU2CKJOE8,2,,The name of an account was changed,WORKGROUP\WIN-FUDU2CKJOE8$ (S-1-5-18),,OldTargetUserName: RDS Endpoint Servers,NewTargetUserName: RDS Endpoint Servers,TargetDomainName: Builtin,TargetSid: S-1-5-32-576,,,,False,C:\Users\BRIANNA\OneDrive\Documents\GitHub\NSSECU3_MP2\Test Files\EvtLogs\APTSimulatorVM_EventLogs_Server2022\logs\Security.evtx,Audit success,0,"{""EventData"":{""Data"":[{""@Name"":""OldTargetUserName"",""#text"":""RDS Endpoint Servers""},{""@Name"":""NewTargetUserName"",""#text"":""RDS Endpoint Servers""},{""@Name"":""TargetDomainName"",""#text"":""Builtin""},{""@Name"":""TargetSid"",""#text"":""S-1-5-32-576""},{""@Name"":""SubjectUserSid"",""#text"":""S-1-5-18""},{""@Name"":""SubjectUserName"",""#text"":""WIN-FUDU2CKJOE8$""},{""@Name"":""SubjectDomainName"",""#text"":""WORKGROUP""},{""@Name"":""SubjectLogonId"",""#text"":""0x3E7""},{""@Name"":""PrivilegeList"",""#text"":""-""}]}}"
218,218,2023-10-18 02:44:41.1305157,4735,LogAlways,Microsoft-Windows-Security-Auditing,Security,644,708,WIN-FUDU2CKJOE8,2,,A security-enabled local group was changed,WORKGROUP\WIN-FUDU2CKJOE8$ (S-1-5-18),,Target: Builtin\RDS Endpoint Servers (S-1-5-32-576),SubjectLogonId: 0x3E7,SamAccountName: RDS Endpoint Servers,SidHistory: -,PrivilegeList: -,,,False,C:\Users\BRIANNA\OneDrive\Documents\GitHub\NSSECU3_MP2\Test Files\EvtLogs\APTSimulatorVM_EventLogs_Server2022\logs\Security.evtx,Audit success,0,"{""EventData"":{""Data"":[{""@Name"":""TargetUserName"",""#text"":""RDS Endpoint Servers""},{""@Name"":""TargetDomainName"",""#text"":""Builtin""},{""@Name"":""TargetSid"",""#text"":""S-1-5-32-576""},{""@Name"":""SubjectUserSid"",""#text"":""S-1-5-18""},{""@Name"":""SubjectUserName"",""#text"":""WIN-FUDU2CKJOE8$""},{""@Name"":""SubjectDomainName"",""#text"":""WORKGROUP""},{""@Name"":""SubjectLogonId"",""#text"":""0x3E7""},{""@Name"":""PrivilegeList"",""#text"":""-""},{""@Name"":""SamAccountName"",""#text"":""RDS Endpoint Servers""},{""@Name"":""SidHistory"",""#text"":""-""}]}}"
219,219,2023-10-18 02:44:41.1313629,4735,LogAlways,Microsoft-Windows-Security-Auditing,Security,644,708,WIN-FUDU2CKJOE8,2,,A security-enabled local group was changed,WORKGROUP\WIN-FUDU2CKJOE8$ (S-1-5-18),,Target: Builtin\RDS Management Servers (S-1-5-32-577),SubjectLogonId: 0x3E7,SamAccountName: -,SidHistory: -,PrivilegeList: -,,,False,C:\Users\BRIANNA\OneDrive\Documents\GitHub\NSSECU3_MP2\Test Files\EvtLogs\APTSimulatorVM_EventLogs_Server2022\logs\Security.evtx,Audit success,0,"{""EventData"":{""Data"":[{""@Name"":""TargetUserName"",""#text"":""RDS Management Servers""},{""@Name"":""TargetDomainName"",""#text"":""Builtin""},{""@Name"":""TargetSid"",""#text"":""S-1-5-32-577""},{""@Name"":""SubjectUserSid"",""#text"":""S-1-5-18""},{""@Name"":""SubjectUserName"",""#text"":""WIN-FUDU2CKJOE8$""},{""@Name"":""SubjectDomainName"",""#text"":""WORKGROUP""},{""@Name"":""SubjectLogonId"",""#text"":""0x3E7""},{""@Name"":""PrivilegeList"",""#text"":""-""},{""@Name"":""SamAccountName"",""#text"":""-""},{""@Name"":""SidHistory"",""#text"":""-""}]}}"
220,220,2023-10-18 02:44:41.1315326,4781,LogAlways,Microsoft-Windows-Security-Auditing,Security,644,708,WIN-FUDU2CKJOE8,2,,The name of an account was changed,WORKGROUP\WIN-FUDU2CKJOE8$ (S-1-5-18),,OldTargetUserName: RDS Management Servers,NewTargetUserName: RDS Management Servers,TargetDomainName: Builtin,TargetSid: S-1-5-32-577,,,,False,C:\Users\BRIANNA\OneDrive\Documents\GitHub\NSSECU3_MP2\Test Files\EvtLogs\APTSimulatorVM_EventLogs_Server2022\logs\Security.evtx,Audit success,0,"{""EventData"":{""Data"":[{""@Name"":""OldTargetUserName"",""#text"":""RDS Management Servers""},{""@Name"":""NewTargetUserName"",""#text"":""RDS Management Servers""},{""@Name"":""TargetDomainName"",""#text"":""Builtin""},{""@Name"":""TargetSid"",""#text"":""S-1-5-32-577""},{""@Name"":""SubjectUserSid"",""#text"":""S-1-5-18""},{""@Name"":""SubjectUserName"",""#text"":""WIN-FUDU2CKJOE8$""},{""@Name"":""SubjectDomainName"",""#text"":""WORKGROUP""},{""@Name"":""SubjectLogonId"",""#text"":""0x3E7""},{""@Name"":""PrivilegeList"",""#text"":""-""}]}}"
221,221,2023-10-18 02:44:41.1315425,4735,LogAlways,Microsoft-Windows-Security-Auditing,Security,644,708,WIN-FUDU2CKJOE8,2,,A security-enabled local group was changed,WORKGROUP\WIN-FUDU2CKJOE8$ (S-1-5-18),,Target: Builtin\RDS Management Servers (S-1-5-32-577),SubjectLogonId: 0x3E7,SamAccountName: RDS Management Servers,SidHistory: -,PrivilegeList: -,,,False,C:\Users\BRIANNA\OneDrive\Documents\GitHub\NSSECU3_MP2\Test Files\EvtLogs\APTSimulatorVM_EventLogs_Server2022\logs\Security.evtx,Audit success,0,"{""EventData"":{""Data"":[{""@Name"":""TargetUserName"",""#text"":""RDS Management Servers""},{""@Name"":""TargetDomainName"",""#text"":""Builtin""},{""@Name"":""TargetSid"",""#text"":""S-1-5-32-577""},{""@Name"":""SubjectUserSid"",""#text"":""S-1-5-18""},{""@Name"":""SubjectUserName"",""#text"":""WIN-FUDU2CKJOE8$""},{""@Name"":""SubjectDomainName"",""#text"":""WORKGROUP""},{""@Name"":""SubjectLogonId"",""#text"":""0x3E7""},{""@Name"":""PrivilegeList"",""#text"":""-""},{""@Name"":""SamAccountName"",""#text"":""RDS Management Servers""},{""@Name"":""SidHistory"",""#text"":""-""}]}}"
222,222,2023-10-18 02:44:41.1323782,4735,LogAlways,Microsoft-Windows-Security-Auditing,Security,644,708,WIN-FUDU2CKJOE8,2,,A security-enabled local group was changed,WORKGROUP\WIN-FUDU2CKJOE8$ (S-1-5-18),,Target: Builtin\Hyper-V Administrators (S-1-5-32-578),SubjectLogonId: 0x3E7,SamAccountName: -,SidHistory: -,PrivilegeList: -,,,False,C:\Users\BRIANNA\OneDrive\Documents\GitHub\NSSECU3_MP2\Test Files\EvtLogs\APTSimulatorVM_EventLogs_Server2022\logs\Security.evtx,Audit success,0,"{""EventData"":{""Data"":[{""@Name"":""TargetUserName"",""#text"":""Hyper-V Administrators""},{""@Name"":""TargetDomainName"",""#text"":""Builtin""},{""@Name"":""TargetSid"",""#text"":""S-1-5-32-578""},{""@Name"":""SubjectUserSid"",""#text"":""S-1-5-18""},{""@Name"":""SubjectUserName"",""#text"":""WIN-FUDU2CKJOE8$""},{""@Name"":""SubjectDomainName"",""#text"":""WORKGROUP""},{""@Name"":""SubjectLogonId"",""#text"":""0x3E7""},{""@Name"":""PrivilegeList"",""#text"":""-""},{""@Name"":""SamAccountName"",""#text"":""-""},{""@Name"":""SidHistory"",""#text"":""-""}]}}"
223,223,2023-10-18 02:44:41.1326514,4781,LogAlways,Microsoft-Windows-Security-Auditing,Security,644,708,WIN-FUDU2CKJOE8,2,,The name of an account was changed,WORKGROUP\WIN-FUDU2CKJOE8$ (S-1-5-18),,OldTargetUserName: Hyper-V Administrators,NewTargetUserName: Hyper-V Administrators,TargetDomainName: Builtin,TargetSid: S-1-5-32-578,,,,False,C:\Users\BRIANNA\OneDrive\Documents\GitHub\NSSECU3_MP2\Test Files\EvtLogs\APTSimulatorVM_EventLogs_Server2022\logs\Security.evtx,Audit success,0,"{""EventData"":{""Data"":[{""@Name"":""OldTargetUserName"",""#text"":""Hyper-V Administrators""},{""@Name"":""NewTargetUserName"",""#text"":""Hyper-V Administrators""},{""@Name"":""TargetDomainName"",""#text"":""Builtin""},{""@Name"":""TargetSid"",""#text"":""S-1-5-32-578""},{""@Name"":""SubjectUserSid"",""#text"":""S-1-5-18""},{""@Name"":""SubjectUserName"",""#text"":""WIN-FUDU2CKJOE8$""},{""@Name"":""SubjectDomainName"",""#text"":""WORKGROUP""},{""@Name"":""SubjectLogonId"",""#text"":""0x3E7""},{""@Name"":""PrivilegeList"",""#text"":""-""}]}}"
224,224,2023-10-18 02:44:41.1326619,4735,LogAlways,Microsoft-Windows-Security-Auditing,Security,644,708,WIN-FUDU2CKJOE8,2,,A security-enabled local group was changed,WORKGROUP\WIN-FUDU2CKJOE8$ (S-1-5-18),,Target: Builtin\Hyper-V Administrators (S-1-5-32-578),SubjectLogonId: 0x3E7,SamAccountName: Hyper-V Administrators,SidHistory: -,PrivilegeList: -,,,False,C:\Users\BRIANNA\OneDrive\Documents\GitHub\NSSECU3_MP2\Test Files\EvtLogs\APTSimulatorVM_EventLogs_Server2022\logs\Security.evtx,Audit success,0,"{""EventData"":{""Data"":[{""@Name"":""TargetUserName"",""#text"":""Hyper-V Administrators""},{""@Name"":""TargetDomainName"",""#text"":""Builtin""},{""@Name"":""TargetSid"",""#text"":""S-1-5-32-578""},{""@Name"":""SubjectUserSid"",""#text"":""S-1-5-18""},{""@Name"":""SubjectUserName"",""#text"":""WIN-FUDU2CKJOE8$""},{""@Name"":""SubjectDomainName"",""#text"":""WORKGROUP""},{""@Name"":""SubjectLogonId"",""#text"":""0x3E7""},{""@Name"":""PrivilegeList"",""#text"":""-""},{""@Name"":""SamAccountName"",""#text"":""Hyper-V Administrators""},{""@Name"":""SidHistory"",""#text"":""-""}]}}"
225,225,2023-10-18 02:44:41.1329566,4735,LogAlways,Microsoft-Windows-Security-Auditing,Security,644,708,WIN-FUDU2CKJOE8,2,,A security-enabled local group was changed,WORKGROUP\WIN-FUDU2CKJOE8$ (S-1-5-18),,Target: Builtin\Access Control Assistance Operators (S-1-5-32-579),SubjectLogonId: 0x3E7,SamAccountName: -,SidHistory: -,PrivilegeList: -,,,False,C:\Users\BRIANNA\OneDrive\Documents\GitHub\NSSECU3_MP2\Test Files\EvtLogs\APTSimulatorVM_EventLogs_Server2022\logs\Security.evtx,Audit success,0,"{""EventData"":{""Data"":[{""@Name"":""TargetUserName"",""#text"":""Access Control Assistance Operators""},{""@Name"":""TargetDomainName"",""#text"":""Builtin""},{""@Name"":""TargetSid"",""#text"":""S-1-5-32-579""},{""@Name"":""SubjectUserSid"",""#text"":""S-1-5-18""},{""@Name"":""SubjectUserName"",""#text"":""WIN-FUDU2CKJOE8$""},{""@Name"":""SubjectDomainName"",""#text"":""WORKGROUP""},{""@Name"":""SubjectLogonId"",""#text"":""0x3E7""},{""@Name"":""PrivilegeList"",""#text"":""-""},{""@Name"":""SamAccountName"",""#text"":""-""},{""@Name"":""SidHistory"",""#text"":""-""}]}}"
226,226,2023-10-18 02:44:41.1334519,4781,LogAlways,Microsoft-Windows-Security-Auditing,Security,644,708,WIN-FUDU2CKJOE8,2,,The name of an account was changed,WORKGROUP\WIN-FUDU2CKJOE8$ (S-1-5-18),,OldTargetUserName: Access Control Assistance Operators,NewTargetUserName: Access Control Assistance Operators,TargetDomainName: Builtin,TargetSid: S-1-5-32-579,,,,False,C:\Users\BRIANNA\OneDrive\Documents\GitHub\NSSECU3_MP2\Test Files\EvtLogs\APTSimulatorVM_EventLogs_Server2022\logs\Security.evtx,Audit success,0,"{""EventData"":{""Data"":[{""@Name"":""OldTargetUserName"",""#text"":""Access Control Assistance Operators""},{""@Name"":""NewTargetUserName"",""#text"":""Access Control Assistance Operators""},{""@Name"":""TargetDomainName"",""#text"":""Builtin""},{""@Name"":""TargetSid"",""#text"":""S-1-5-32-579""},{""@Name"":""SubjectUserSid"",""#text"":""S-1-5-18""},{""@Name"":""SubjectUserName"",""#text"":""WIN-FUDU2CKJOE8$""},{""@Name"":""SubjectDomainName"",""#text"":""WORKGROUP""},{""@Name"":""SubjectLogonId"",""#text"":""0x3E7""},{""@Name"":""PrivilegeList"",""#text"":""-""}]}}"
227,227,2023-10-18 02:44:41.1334607,4735,LogAlways,Microsoft-Windows-Security-Auditing,Security,644,708,WIN-FUDU2CKJOE8,2,,A security-enabled local group was changed,WORKGROUP\WIN-FUDU2CKJOE8$ (S-1-5-18),,Target: Builtin\Access Control Assistance Operators (S-1-5-32-579),SubjectLogonId: 0x3E7,SamAccountName: Access Control Assistance Operators,SidHistory: -,PrivilegeList: -,,,False,C:\Users\BRIANNA\OneDrive\Documents\GitHub\NSSECU3_MP2\Test Files\EvtLogs\APTSimulatorVM_EventLogs_Server2022\logs\Security.evtx,Audit success,0,"{""EventData"":{""Data"":[{""@Name"":""TargetUserName"",""#text"":""Access Control Assistance Operators""},{""@Name"":""TargetDomainName"",""#text"":""Builtin""},{""@Name"":""TargetSid"",""#text"":""S-1-5-32-579""},{""@Name"":""SubjectUserSid"",""#text"":""S-1-5-18""},{""@Name"":""SubjectUserName"",""#text"":""WIN-FUDU2CKJOE8$""},{""@Name"":""SubjectDomainName"",""#text"":""WORKGROUP""},{""@Name"":""SubjectLogonId"",""#text"":""0x3E7""},{""@Name"":""PrivilegeList"",""#text"":""-""},{""@Name"":""SamAccountName"",""#text"":""Access Control Assistance Operators""},{""@Name"":""SidHistory"",""#text"":""-""}]}}"
228,228,2023-10-18 02:44:41.1344208,4735,LogAlways,Microsoft-Windows-Security-Auditing,Security,644,708,WIN-FUDU2CKJOE8,2,,A security-enabled local group was changed,WORKGROUP\WIN-FUDU2CKJOE8$ (S-1-5-18),,Target: Builtin\Remote Management Users (S-1-5-32-580),SubjectLogonId: 0x3E7,SamAccountName: -,SidHistory: -,PrivilegeList: -,,,False,C:\Users\BRIANNA\OneDrive\Documents\GitHub\NSSECU3_MP2\Test Files\EvtLogs\APTSimulatorVM_EventLogs_Server2022\logs\Security.evtx,Audit success,0,"{""EventData"":{""Data"":[{""@Name"":""TargetUserName"",""#text"":""Remote Management Users""},{""@Name"":""TargetDomainName"",""#text"":""Builtin""},{""@Name"":""TargetSid"",""#text"":""S-1-5-32-580""},{""@Name"":""SubjectUserSid"",""#text"":""S-1-5-18""},{""@Name"":""SubjectUserName"",""#text"":""WIN-FUDU2CKJOE8$""},{""@Name"":""SubjectDomainName"",""#text"":""WORKGROUP""},{""@Name"":""SubjectLogonId"",""#text"":""0x3E7""},{""@Name"":""PrivilegeList"",""#text"":""-""},{""@Name"":""SamAccountName"",""#text"":""-""},{""@Name"":""SidHistory"",""#text"":""-""}]}}"
229,229,2023-10-18 02:44:41.1346516,4781,LogAlways,Microsoft-Windows-Security-Auditing,Security,644,708,WIN-FUDU2CKJOE8,2,,The name of an account was changed,WORKGROUP\WIN-FUDU2CKJOE8$ (S-1-5-18),,OldTargetUserName: Remote Management Users,NewTargetUserName: Remote Management Users,TargetDomainName: Builtin,TargetSid: S-1-5-32-580,,,,False,C:\Users\BRIANNA\OneDrive\Documents\GitHub\NSSECU3_MP2\Test Files\EvtLogs\APTSimulatorVM_EventLogs_Server2022\logs\Security.evtx,Audit success,0,"{""EventData"":{""Data"":[{""@Name"":""OldTargetUserName"",""#text"":""Remote Management Users""},{""@Name"":""NewTargetUserName"",""#text"":""Remote Management Users""},{""@Name"":""TargetDomainName"",""#text"":""Builtin""},{""@Name"":""TargetSid"",""#text"":""S-1-5-32-580""},{""@Name"":""SubjectUserSid"",""#text"":""S-1-5-18""},{""@Name"":""SubjectUserName"",""#text"":""WIN-FUDU2CKJOE8$""},{""@Name"":""SubjectDomainName"",""#text"":""WORKGROUP""},{""@Name"":""SubjectLogonId"",""#text"":""0x3E7""},{""@Name"":""PrivilegeList"",""#text"":""-""}]}}"
230,230,2023-10-18 02:44:41.1346606,4735,LogAlways,Microsoft-Windows-Security-Auditing,Security,644,708,WIN-FUDU2CKJOE8,2,,A security-enabled local group was changed,WORKGROUP\WIN-FUDU2CKJOE8$ (S-1-5-18),,Target: Builtin\Remote Management Users (S-1-5-32-580),SubjectLogonId: 0x3E7,SamAccountName: Remote Management Users,SidHistory: -,PrivilegeList: -,,,False,C:\Users\BRIANNA\OneDrive\Documents\GitHub\NSSECU3_MP2\Test Files\EvtLogs\APTSimulatorVM_EventLogs_Server2022\logs\Security.evtx,Audit success,0,"{""EventData"":{""Data"":[{""@Name"":""TargetUserName"",""#text"":""Remote Management Users""},{""@Name"":""TargetDomainName"",""#text"":""Builtin""},{""@Name"":""TargetSid"",""#text"":""S-1-5-32-580""},{""@Name"":""SubjectUserSid"",""#text"":""S-1-5-18""},{""@Name"":""SubjectUserName"",""#text"":""WIN-FUDU2CKJOE8$""},{""@Name"":""SubjectDomainName"",""#text"":""WORKGROUP""},{""@Name"":""SubjectLogonId"",""#text"":""0x3E7""},{""@Name"":""PrivilegeList"",""#text"":""-""},{""@Name"":""SamAccountName"",""#text"":""Remote Management Users""},{""@Name"":""SidHistory"",""#text"":""-""}]}}"
231,231,2023-10-18 02:44:41.1353625,4735,LogAlways,Microsoft-Windows-Security-Auditing,Security,644,700,WIN-FUDU2CKJOE8,2,,A security-enabled local group was changed,WORKGROUP\WIN-FUDU2CKJOE8$ (S-1-5-18),,Target: Builtin\Storage Replica Administrators (S-1-5-32-582),SubjectLogonId: 0x3E7,SamAccountName: -,SidHistory: -,PrivilegeList: -,,,False,C:\Users\BRIANNA\OneDrive\Documents\GitHub\NSSECU3_MP2\Test Files\EvtLogs\APTSimulatorVM_EventLogs_Server2022\logs\Security.evtx,Audit success,0,"{""EventData"":{""Data"":[{""@Name"":""TargetUserName"",""#text"":""Storage Replica Administrators""},{""@Name"":""TargetDomainName"",""#text"":""Builtin""},{""@Name"":""TargetSid"",""#text"":""S-1-5-32-582""},{""@Name"":""SubjectUserSid"",""#text"":""S-1-5-18""},{""@Name"":""SubjectUserName"",""#text"":""WIN-FUDU2CKJOE8$""},{""@Name"":""SubjectDomainName"",""#text"":""WORKGROUP""},{""@Name"":""SubjectLogonId"",""#text"":""0x3E7""},{""@Name"":""PrivilegeList"",""#text"":""-""},{""@Name"":""SamAccountName"",""#text"":""-""},{""@Name"":""SidHistory"",""#text"":""-""}]}}"
232,232,2023-10-18 02:44:41.1356727,4781,LogAlways,Microsoft-Windows-Security-Auditing,Security,644,700,WIN-FUDU2CKJOE8,2,,The name of an account was changed,WORKGROUP\WIN-FUDU2CKJOE8$ (S-1-5-18),,OldTargetUserName: Storage Replica Administrators,NewTargetUserName: Storage Replica Administrators,TargetDomainName: Builtin,TargetSid: S-1-5-32-582,,,,False,C:\Users\BRIANNA\OneDrive\Documents\GitHub\NSSECU3_MP2\Test Files\EvtLogs\APTSimulatorVM_EventLogs_Server2022\logs\Security.evtx,Audit success,0,"{""EventData"":{""Data"":[{""@Name"":""OldTargetUserName"",""#text"":""Storage Replica Administrators""},{""@Name"":""NewTargetUserName"",""#text"":""Storage Replica Administrators""},{""@Name"":""TargetDomainName"",""#text"":""Builtin""},{""@Name"":""TargetSid"",""#text"":""S-1-5-32-582""},{""@Name"":""SubjectUserSid"",""#text"":""S-1-5-18""},{""@Name"":""SubjectUserName"",""#text"":""WIN-FUDU2CKJOE8$""},{""@Name"":""SubjectDomainName"",""#text"":""WORKGROUP""},{""@Name"":""SubjectLogonId"",""#text"":""0x3E7""},{""@Name"":""PrivilegeList"",""#text"":""-""}]}}"
233,233,2023-10-18 02:44:41.1356818,4735,LogAlways,Microsoft-Windows-Security-Auditing,Security,644,700,WIN-FUDU2CKJOE8,2,,A security-enabled local group was changed,WORKGROUP\WIN-FUDU2CKJOE8$ (S-1-5-18),,Target: Builtin\Storage Replica Administrators (S-1-5-32-582),SubjectLogonId: 0x3E7,SamAccountName: Storage Replica Administrators,SidHistory: -,PrivilegeList: -,,,False,C:\Users\BRIANNA\OneDrive\Documents\GitHub\NSSECU3_MP2\Test Files\EvtLogs\APTSimulatorVM_EventLogs_Server2022\logs\Security.evtx,Audit success,0,"{""EventData"":{""Data"":[{""@Name"":""TargetUserName"",""#text"":""Storage Replica Administrators""},{""@Name"":""TargetDomainName"",""#text"":""Builtin""},{""@Name"":""TargetSid"",""#text"":""S-1-5-32-582""},{""@Name"":""SubjectUserSid"",""#text"":""S-1-5-18""},{""@Name"":""SubjectUserName"",""#text"":""WIN-FUDU2CKJOE8$""},{""@Name"":""SubjectDomainName"",""#text"":""WORKGROUP""},{""@Name"":""SubjectLogonId"",""#text"":""0x3E7""},{""@Name"":""PrivilegeList"",""#text"":""-""},{""@Name"":""SamAccountName"",""#text"":""Storage Replica Administrators""},{""@Name"":""SidHistory"",""#text"":""-""}]}}"
234,234,2023-10-18 02:44:41.1363004,4735,LogAlways,Microsoft-Windows-Security-Auditing,Security,644,700,WIN-FUDU2CKJOE8,2,,A security-enabled local group was changed,WORKGROUP\WIN-FUDU2CKJOE8$ (S-1-5-18),,Target: Builtin\System Managed Accounts Group (S-1-5-32-581),SubjectLogonId: 0x3E7,SamAccountName: -,SidHistory: -,PrivilegeList: -,,,False,C:\Users\BRIANNA\OneDrive\Documents\GitHub\NSSECU3_MP2\Test Files\EvtLogs\APTSimulatorVM_EventLogs_Server2022\logs\Security.evtx,Audit success,0,"{""EventData"":{""Data"":[{""@Name"":""TargetUserName"",""#text"":""System Managed Accounts Group""},{""@Name"":""TargetDomainName"",""#text"":""Builtin""},{""@Name"":""TargetSid"",""#text"":""S-1-5-32-581""},{""@Name"":""SubjectUserSid"",""#text"":""S-1-5-18""},{""@Name"":""SubjectUserName"",""#text"":""WIN-FUDU2CKJOE8$""},{""@Name"":""SubjectDomainName"",""#text"":""WORKGROUP""},{""@Name"":""SubjectLogonId"",""#text"":""0x3E7""},{""@Name"":""PrivilegeList"",""#text"":""-""},{""@Name"":""SamAccountName"",""#text"":""-""},{""@Name"":""SidHistory"",""#text"":""-""}]}}"
235,235,2023-10-18 02:44:41.1365209,4781,LogAlways,Microsoft-Windows-Security-Auditing,Security,644,700,WIN-FUDU2CKJOE8,2,,The name of an account was changed,WORKGROUP\WIN-FUDU2CKJOE8$ (S-1-5-18),,OldTargetUserName: System Managed Accounts Group,NewTargetUserName: System Managed Accounts Group,TargetDomainName: Builtin,TargetSid: S-1-5-32-581,,,,False,C:\Users\BRIANNA\OneDrive\Documents\GitHub\NSSECU3_MP2\Test Files\EvtLogs\APTSimulatorVM_EventLogs_Server2022\logs\Security.evtx,Audit success,0,"{""EventData"":{""Data"":[{""@Name"":""OldTargetUserName"",""#text"":""System Managed Accounts Group""},{""@Name"":""NewTargetUserName"",""#text"":""System Managed Accounts Group""},{""@Name"":""TargetDomainName"",""#text"":""Builtin""},{""@Name"":""TargetSid"",""#text"":""S-1-5-32-581""},{""@Name"":""SubjectUserSid"",""#text"":""S-1-5-18""},{""@Name"":""SubjectUserName"",""#text"":""WIN-FUDU2CKJOE8$""},{""@Name"":""SubjectDomainName"",""#text"":""WORKGROUP""},{""@Name"":""SubjectLogonId"",""#text"":""0x3E7""},{""@Name"":""PrivilegeList"",""#text"":""-""}]}}"
236,236,2023-10-18 02:44:41.1365311,4735,LogAlways,Microsoft-Windows-Security-Auditing,Security,644,700,WIN-FUDU2CKJOE8,2,,A security-enabled local group was changed,WORKGROUP\WIN-FUDU2CKJOE8$ (S-1-5-18),,Target: Builtin\System Managed Accounts Group (S-1-5-32-581),SubjectLogonId: 0x3E7,SamAccountName: System Managed Accounts Group,SidHistory: -,PrivilegeList: -,,,False,C:\Users\BRIANNA\OneDrive\Documents\GitHub\NSSECU3_MP2\Test Files\EvtLogs\APTSimulatorVM_EventLogs_Server2022\logs\Security.evtx,Audit success,0,"{""EventData"":{""Data"":[{""@Name"":""TargetUserName"",""#text"":""System Managed Accounts Group""},{""@Name"":""TargetDomainName"",""#text"":""Builtin""},{""@Name"":""TargetSid"",""#text"":""S-1-5-32-581""},{""@Name"":""SubjectUserSid"",""#text"":""S-1-5-18""},{""@Name"":""SubjectUserName"",""#text"":""WIN-FUDU2CKJOE8$""},{""@Name"":""SubjectDomainName"",""#text"":""WORKGROUP""},{""@Name"":""SubjectLogonId"",""#text"":""0x3E7""},{""@Name"":""PrivilegeList"",""#text"":""-""},{""@Name"":""SamAccountName"",""#text"":""System Managed Accounts Group""},{""@Name"":""SidHistory"",""#text"":""-""}]}}"
237,237,2023-10-18 02:44:41.1370402,4735,LogAlways,Microsoft-Windows-Security-Auditing,Security,644,700,WIN-FUDU2CKJOE8,2,,A security-enabled local group was changed,WORKGROUP\WIN-FUDU2CKJOE8$ (S-1-5-18),,Target: Builtin\Device Owners (S-1-5-32-583),SubjectLogonId: 0x3E7,SamAccountName: -,SidHistory: -,PrivilegeList: -,,,False,C:\Users\BRIANNA\OneDrive\Documents\GitHub\NSSECU3_MP2\Test Files\EvtLogs\APTSimulatorVM_EventLogs_Server2022\logs\Security.evtx,Audit success,0,"{""EventData"":{""Data"":[{""@Name"":""TargetUserName"",""#text"":""Device Owners""},{""@Name"":""TargetDomainName"",""#text"":""Builtin""},{""@Name"":""TargetSid"",""#text"":""S-1-5-32-583""},{""@Name"":""SubjectUserSid"",""#text"":""S-1-5-18""},{""@Name"":""SubjectUserName"",""#text"":""WIN-FUDU2CKJOE8$""},{""@Name"":""SubjectDomainName"",""#text"":""WORKGROUP""},{""@Name"":""SubjectLogonId"",""#text"":""0x3E7""},{""@Name"":""PrivilegeList"",""#text"":""-""},{""@Name"":""SamAccountName"",""#text"":""-""},{""@Name"":""SidHistory"",""#text"":""-""}]}}"
238,238,2023-10-18 02:44:41.1372357,4781,LogAlways,Microsoft-Windows-Security-Auditing,Security,644,700,WIN-FUDU2CKJOE8,2,,The name of an account was changed,WORKGROUP\WIN-FUDU2CKJOE8$ (S-1-5-18),,OldTargetUserName: Device Owners,NewTargetUserName: Device Owners,TargetDomainName: Builtin,TargetSid: S-1-5-32-583,,,,False,C:\Users\BRIANNA\OneDrive\Documents\GitHub\NSSECU3_MP2\Test Files\EvtLogs\APTSimulatorVM_EventLogs_Server2022\logs\Security.evtx,Audit success,0,"{""EventData"":{""Data"":[{""@Name"":""OldTargetUserName"",""#text"":""Device Owners""},{""@Name"":""NewTargetUserName"",""#text"":""Device Owners""},{""@Name"":""TargetDomainName"",""#text"":""Builtin""},{""@Name"":""TargetSid"",""#text"":""S-1-5-32-583""},{""@Name"":""SubjectUserSid"",""#text"":""S-1-5-18""},{""@Name"":""SubjectUserName"",""#text"":""WIN-FUDU2CKJOE8$""},{""@Name"":""SubjectDomainName"",""#text"":""WORKGROUP""},{""@Name"":""SubjectLogonId"",""#text"":""0x3E7""},{""@Name"":""PrivilegeList"",""#text"":""-""}]}}"
239,239,2023-10-18 02:44:41.1372932,4735,LogAlways,Microsoft-Windows-Security-Auditing,Security,644,700,WIN-FUDU2CKJOE8,2,,A security-enabled local group was changed,WORKGROUP\WIN-FUDU2CKJOE8$ (S-1-5-18),,Target: Builtin\Device Owners (S-1-5-32-583),SubjectLogonId: 0x3E7,SamAccountName: Device Owners,SidHistory: -,PrivilegeList: -,,,False,C:\Users\BRIANNA\OneDrive\Documents\GitHub\NSSECU3_MP2\Test Files\EvtLogs\APTSimulatorVM_EventLogs_Server2022\logs\Security.evtx,Audit success,0,"{""EventData"":{""Data"":[{""@Name"":""TargetUserName"",""#text"":""Device Owners""},{""@Name"":""TargetDomainName"",""#text"":""Builtin""},{""@Name"":""TargetSid"",""#text"":""S-1-5-32-583""},{""@Name"":""SubjectUserSid"",""#text"":""S-1-5-18""},{""@Name"":""SubjectUserName"",""#text"":""WIN-FUDU2CKJOE8$""},{""@Name"":""SubjectDomainName"",""#text"":""WORKGROUP""},{""@Name"":""SubjectLogonId"",""#text"":""0x3E7""},{""@Name"":""PrivilegeList"",""#text"":""-""},{""@Name"":""SamAccountName"",""#text"":""Device Owners""},{""@Name"":""SidHistory"",""#text"":""-""}]}}"
240,240,2023-10-18 02:44:41.1381085,4738,LogAlways,Microsoft-Windows-Security-Auditing,Security,644,700,WIN-FUDU2CKJOE8,2,,A user account was changed,WORKGROUP\WIN-FUDU2CKJOE8$,,Target: WIN-FUDU2CKJOE8\Administrator,Changed Attribute SamAccountName: Administrator DisplayName: %%1793 UserPrincipalName: - HomeDirectory: %%1793 HomePath: %%1793 ScriptPath: %%1793 ProfilePath: %%1793 UserWorkstations: %%1793 PasswordLastSet: %%1794 AccountExpires: %%1794 PrimaryGroupId: 513 AllowedToDelegateTo: - OldUacValue: 0x210 NewUacValue: 0x210 UserAccountControl: - UserParameters: %%1793 SidHistory: - LogonHours: %%1797,,,,,,False,C:\Users\BRIANNA\OneDrive\Documents\GitHub\NSSECU3_MP2\Test Files\EvtLogs\APTSimulatorVM_EventLogs_Server2022\logs\Security.evtx,Audit success,0,"{""EventData"":{""Data"":[{""@Name"":""Dummy"",""#text"":""-""},{""@Name"":""TargetUserName"",""#text"":""Administrator""},{""@Name"":""TargetDomainName"",""#text"":""WIN-FUDU2CKJOE8""},{""@Name"":""TargetSid"",""#text"":""S-1-5-21-3275454858-3348516582-95323724-500""},{""@Name"":""SubjectUserSid"",""#text"":""S-1-5-18""},{""@Name"":""SubjectUserName"",""#text"":""WIN-FUDU2CKJOE8$""},{""@Name"":""SubjectDomainName"",""#text"":""WORKGROUP""},{""@Name"":""SubjectLogonId"",""#text"":""0x3E7""},{""@Name"":""PrivilegeList"",""#text"":""-""},{""@Name"":""SamAccountName"",""#text"":""Administrator""},{""@Name"":""DisplayName"",""#text"":""%%1793""},{""@Name"":""UserPrincipalName"",""#text"":""-""},{""@Name"":""HomeDirectory"",""#text"":""%%1793""},{""@Name"":""HomePath"",""#text"":""%%1793""},{""@Name"":""ScriptPath"",""#text"":""%%1793""},{""@Name"":""ProfilePath"",""#text"":""%%1793""},{""@Name"":""UserWorkstations"",""#text"":""%%1793""},{""@Name"":""PasswordLastSet"",""#text"":""%%1794""},{""@Name"":""AccountExpires"",""#text"":""%%1794""},{""@Name"":""PrimaryGroupId"",""#text"":""513""},{""@Name"":""AllowedToDelegateTo"",""#text"":""-""},{""@Name"":""OldUacValue"",""#text"":""0x210""},{""@Name"":""NewUacValue"",""#text"":""0x210""},{""@Name"":""UserAccountControl"",""#text"":""-""},{""@Name"":""UserParameters"",""#text"":""%%1793""},{""@Name"":""SidHistory"",""#text"":""-""},{""@Name"":""LogonHours"",""#text"":""%%1797""}]}}"
241,241,2023-10-18 02:44:41.1385027,4738,LogAlways,Microsoft-Windows-Security-Auditing,Security,644,700,WIN-FUDU2CKJOE8,2,,A user account was changed,WORKGROUP\WIN-FUDU2CKJOE8$,,Target: WIN-FUDU2CKJOE8\Administrator,Changed Attribute SamAccountName: Administrator DisplayName: %%1793 UserPrincipalName: - HomeDirectory: %%1793 HomePath: %%1793 ScriptPath: %%1793 ProfilePath: %%1793 UserWorkstations: %%1793 PasswordLastSet: %%1794 AccountExpires: %%1794 PrimaryGroupId: 513 AllowedToDelegateTo: - OldUacValue: 0x210 NewUacValue: 0x210 UserAccountControl: - UserParameters: %%1793 SidHistory: - LogonHours: %%1797,,,,,,False,C:\Users\BRIANNA\OneDrive\Documents\GitHub\NSSECU3_MP2\Test Files\EvtLogs\APTSimulatorVM_EventLogs_Server2022\logs\Security.evtx,Audit success,0,"{""EventData"":{""Data"":[{""@Name"":""Dummy"",""#text"":""-""},{""@Name"":""TargetUserName"",""#text"":""Administrator""},{""@Name"":""TargetDomainName"",""#text"":""WIN-FUDU2CKJOE8""},{""@Name"":""TargetSid"",""#text"":""S-1-5-21-3275454858-3348516582-95323724-500""},{""@Name"":""SubjectUserSid"",""#text"":""S-1-5-18""},{""@Name"":""SubjectUserName"",""#text"":""WIN-FUDU2CKJOE8$""},{""@Name"":""SubjectDomainName"",""#text"":""WORKGROUP""},{""@Name"":""SubjectLogonId"",""#text"":""0x3E7""},{""@Name"":""PrivilegeList"",""#text"":""-""},{""@Name"":""SamAccountName"",""#text"":""Administrator""},{""@Name"":""DisplayName"",""#text"":""%%1793""},{""@Name"":""UserPrincipalName"",""#text"":""-""},{""@Name"":""HomeDirectory"",""#text"":""%%1793""},{""@Name"":""HomePath"",""#text"":""%%1793""},{""@Name"":""ScriptPath"",""#text"":""%%1793""},{""@Name"":""ProfilePath"",""#text"":""%%1793""},{""@Name"":""UserWorkstations"",""#text"":""%%1793""},{""@Name"":""PasswordLastSet"",""#text"":""%%1794""},{""@Name"":""AccountExpires"",""#text"":""%%1794""},{""@Name"":""PrimaryGroupId"",""#text"":""513""},{""@Name"":""AllowedToDelegateTo"",""#text"":""-""},{""@Name"":""OldUacValue"",""#text"":""0x210""},{""@Name"":""NewUacValue"",""#text"":""0x210""},{""@Name"":""UserAccountControl"",""#text"":""-""},{""@Name"":""UserParameters"",""#text"":""%%1793""},{""@Name"":""SidHistory"",""#text"":""-""},{""@Name"":""LogonHours"",""#text"":""%%1797""}]}}"
242,242,2023-10-18 02:44:41.1391384,4738,LogAlways,Microsoft-Windows-Security-Auditing,Security,644,700,WIN-FUDU2CKJOE8,2,,A user account was changed,WORKGROUP\WIN-FUDU2CKJOE8$,,Target: WIN-FUDU2CKJOE8\Guest,Changed Attribute SamAccountName: Guest DisplayName: %%1793 UserPrincipalName: - HomeDirectory: %%1793 HomePath: %%1793 ScriptPath: %%1793 ProfilePath: %%1793 UserWorkstations: %%1793 PasswordLastSet: %%1794 AccountExpires: %%1794 PrimaryGroupId: 513 AllowedToDelegateTo: - OldUacValue: 0x215 NewUacValue: 0x215 UserAccountControl: - UserParameters: %%1793 SidHistory: - LogonHours: %%1797,,,,,,False,C:\Users\BRIANNA\OneDrive\Documents\GitHub\NSSECU3_MP2\Test Files\EvtLogs\APTSimulatorVM_EventLogs_Server2022\logs\Security.evtx,Audit success,0,"{""EventData"":{""Data"":[{""@Name"":""Dummy"",""#text"":""-""},{""@Name"":""TargetUserName"",""#text"":""Guest""},{""@Name"":""TargetDomainName"",""#text"":""WIN-FUDU2CKJOE8""},{""@Name"":""TargetSid"",""#text"":""S-1-5-21-3275454858-3348516582-95323724-501""},{""@Name"":""SubjectUserSid"",""#text"":""S-1-5-18""},{""@Name"":""SubjectUserName"",""#text"":""WIN-FUDU2CKJOE8$""},{""@Name"":""SubjectDomainName"",""#text"":""WORKGROUP""},{""@Name"":""SubjectLogonId"",""#text"":""0x3E7""},{""@Name"":""PrivilegeList"",""#text"":""-""},{""@Name"":""SamAccountName"",""#text"":""Guest""},{""@Name"":""DisplayName"",""#text"":""%%1793""},{""@Name"":""UserPrincipalName"",""#text"":""-""},{""@Name"":""HomeDirectory"",""#text"":""%%1793""},{""@Name"":""HomePath"",""#text"":""%%1793""},{""@Name"":""ScriptPath"",""#text"":""%%1793""},{""@Name"":""ProfilePath"",""#text"":""%%1793""},{""@Name"":""UserWorkstations"",""#text"":""%%1793""},{""@Name"":""PasswordLastSet"",""#text"":""%%1794""},{""@Name"":""AccountExpires"",""#text"":""%%1794""},{""@Name"":""PrimaryGroupId"",""#text"":""513""},{""@Name"":""AllowedToDelegateTo"",""#text"":""-""},{""@Name"":""OldUacValue"",""#text"":""0x215""},{""@Name"":""NewUacValue"",""#text"":""0x215""},{""@Name"":""UserAccountControl"",""#text"":""-""},{""@Name"":""UserParameters"",""#text"":""%%1793""},{""@Name"":""SidHistory"",""#text"":""-""},{""@Name"":""LogonHours"",""#text"":""%%1797""}]}}"
243,243,2023-10-18 02:44:41.1393541,4738,LogAlways,Microsoft-Windows-Security-Auditing,Security,644,700,WIN-FUDU2CKJOE8,2,,A user account was changed,WORKGROUP\WIN-FUDU2CKJOE8$,,Target: WIN-FUDU2CKJOE8\Guest,Changed Attribute SamAccountName: Guest DisplayName: %%1793 UserPrincipalName: - HomeDirectory: %%1793 HomePath: %%1793 ScriptPath: %%1793 ProfilePath: %%1793 UserWorkstations: %%1793 PasswordLastSet: %%1794 AccountExpires: %%1794 PrimaryGroupId: 513 AllowedToDelegateTo: - OldUacValue: 0x215 NewUacValue: 0x215 UserAccountControl: - UserParameters: %%1793 SidHistory: - LogonHours: %%1797,,,,,,False,C:\Users\BRIANNA\OneDrive\Documents\GitHub\NSSECU3_MP2\Test Files\EvtLogs\APTSimulatorVM_EventLogs_Server2022\logs\Security.evtx,Audit success,0,"{""EventData"":{""Data"":[{""@Name"":""Dummy"",""#text"":""-""},{""@Name"":""TargetUserName"",""#text"":""Guest""},{""@Name"":""TargetDomainName"",""#text"":""WIN-FUDU2CKJOE8""},{""@Name"":""TargetSid"",""#text"":""S-1-5-21-3275454858-3348516582-95323724-501""},{""@Name"":""SubjectUserSid"",""#text"":""S-1-5-18""},{""@Name"":""SubjectUserName"",""#text"":""WIN-FUDU2CKJOE8$""},{""@Name"":""SubjectDomainName"",""#text"":""WORKGROUP""},{""@Name"":""SubjectLogonId"",""#text"":""0x3E7""},{""@Name"":""PrivilegeList"",""#text"":""-""},{""@Name"":""SamAccountName"",""#text"":""Guest""},{""@Name"":""DisplayName"",""#text"":""%%1793""},{""@Name"":""UserPrincipalName"",""#text"":""-""},{""@Name"":""HomeDirectory"",""#text"":""%%1793""},{""@Name"":""HomePath"",""#text"":""%%1793""},{""@Name"":""ScriptPath"",""#text"":""%%1793""},{""@Name"":""ProfilePath"",""#text"":""%%1793""},{""@Name"":""UserWorkstations"",""#text"":""%%1793""},{""@Name"":""PasswordLastSet"",""#text"":""%%1794""},{""@Name"":""AccountExpires"",""#text"":""%%1794""},{""@Name"":""PrimaryGroupId"",""#text"":""513""},{""@Name"":""AllowedToDelegateTo"",""#text"":""-""},{""@Name"":""OldUacValue"",""#text"":""0x215""},{""@Name"":""NewUacValue"",""#text"":""0x215""},{""@Name"":""UserAccountControl"",""#text"":""-""},{""@Name"":""UserParameters"",""#text"":""%%1793""},{""@Name"":""SidHistory"",""#text"":""-""},{""@Name"":""LogonHours"",""#text"":""%%1797""}]}}"
244,244,2023-10-18 02:44:41.1399834,4738,LogAlways,Microsoft-Windows-Security-Auditing,Security,644,700,WIN-FUDU2CKJOE8,2,,A user account was changed,WORKGROUP\WIN-FUDU2CKJOE8$,,Target: WIN-FUDU2CKJOE8\DefaultAccount,Changed Attribute SamAccountName: DefaultAccount DisplayName: %%1793 UserPrincipalName: - HomeDirectory: %%1793 HomePath: %%1793 ScriptPath: %%1793 ProfilePath: %%1793 UserWorkstations: %%1793 PasswordLastSet: %%1794 AccountExpires: %%1794 PrimaryGroupId: 513 AllowedToDelegateTo: - OldUacValue: 0x215 NewUacValue: 0x215 UserAccountControl: - UserParameters: %%1793 SidHistory: - LogonHours: %%1797,,,,,,False,C:\Users\BRIANNA\OneDrive\Documents\GitHub\NSSECU3_MP2\Test Files\EvtLogs\APTSimulatorVM_EventLogs_Server2022\logs\Security.evtx,Audit success,0,"{""EventData"":{""Data"":[{""@Name"":""Dummy"",""#text"":""-""},{""@Name"":""TargetUserName"",""#text"":""DefaultAccount""},{""@Name"":""TargetDomainName"",""#text"":""WIN-FUDU2CKJOE8""},{""@Name"":""TargetSid"",""#text"":""S-1-5-21-3275454858-3348516582-95323724-503""},{""@Name"":""SubjectUserSid"",""#text"":""S-1-5-18""},{""@Name"":""SubjectUserName"",""#text"":""WIN-FUDU2CKJOE8$""},{""@Name"":""SubjectDomainName"",""#text"":""WORKGROUP""},{""@Name"":""SubjectLogonId"",""#text"":""0x3E7""},{""@Name"":""PrivilegeList"",""#text"":""-""},{""@Name"":""SamAccountName"",""#text"":""DefaultAccount""},{""@Name"":""DisplayName"",""#text"":""%%1793""},{""@Name"":""UserPrincipalName"",""#text"":""-""},{""@Name"":""HomeDirectory"",""#text"":""%%1793""},{""@Name"":""HomePath"",""#text"":""%%1793""},{""@Name"":""ScriptPath"",""#text"":""%%1793""},{""@Name"":""ProfilePath"",""#text"":""%%1793""},{""@Name"":""UserWorkstations"",""#text"":""%%1793""},{""@Name"":""PasswordLastSet"",""#text"":""%%1794""},{""@Name"":""AccountExpires"",""#text"":""%%1794""},{""@Name"":""PrimaryGroupId"",""#text"":""513""},{""@Name"":""AllowedToDelegateTo"",""#text"":""-""},{""@Name"":""OldUacValue"",""#text"":""0x215""},{""@Name"":""NewUacValue"",""#text"":""0x215""},{""@Name"":""UserAccountControl"",""#text"":""-""},{""@Name"":""UserParameters"",""#text"":""%%1793""},{""@Name"":""SidHistory"",""#text"":""-""},{""@Name"":""LogonHours"",""#text"":""%%1797""}]}}"
245,245,2023-10-18 02:44:41.1406616,4738,LogAlways,Microsoft-Windows-Security-Auditing,Security,644,700,WIN-FUDU2CKJOE8,2,,A user account was changed,WORKGROUP\WIN-FUDU2CKJOE8$,,Target: WIN-FUDU2CKJOE8\DefaultAccount,Changed Attribute SamAccountName: DefaultAccount DisplayName: %%1793 UserPrincipalName: - HomeDirectory: %%1793 HomePath: %%1793 ScriptPath: %%1793 ProfilePath: %%1793 UserWorkstations: %%1793 PasswordLastSet: %%1794 AccountExpires: %%1794 PrimaryGroupId: 513 AllowedToDelegateTo: - OldUacValue: 0x215 NewUacValue: 0x215 UserAccountControl: - UserParameters: %%1793 SidHistory: - LogonHours: %%1797,,,,,,False,C:\Users\BRIANNA\OneDrive\Documents\GitHub\NSSECU3_MP2\Test Files\EvtLogs\APTSimulatorVM_EventLogs_Server2022\logs\Security.evtx,Audit success,0,"{""EventData"":{""Data"":[{""@Name"":""Dummy"",""#text"":""-""},{""@Name"":""TargetUserName"",""#text"":""DefaultAccount""},{""@Name"":""TargetDomainName"",""#text"":""WIN-FUDU2CKJOE8""},{""@Name"":""TargetSid"",""#text"":""S-1-5-21-3275454858-3348516582-95323724-503""},{""@Name"":""SubjectUserSid"",""#text"":""S-1-5-18""},{""@Name"":""SubjectUserName"",""#text"":""WIN-FUDU2CKJOE8$""},{""@Name"":""SubjectDomainName"",""#text"":""WORKGROUP""},{""@Name"":""SubjectLogonId"",""#text"":""0x3E7""},{""@Name"":""PrivilegeList"",""#text"":""-""},{""@Name"":""SamAccountName"",""#text"":""DefaultAccount""},{""@Name"":""DisplayName"",""#text"":""%%1793""},{""@Name"":""UserPrincipalName"",""#text"":""-""},{""@Name"":""HomeDirectory"",""#text"":""%%1793""},{""@Name"":""HomePath"",""#text"":""%%1793""},{""@Name"":""ScriptPath"",""#text"":""%%1793""},{""@Name"":""ProfilePath"",""#text"":""%%1793""},{""@Name"":""UserWorkstations"",""#text"":""%%1793""},{""@Name"":""PasswordLastSet"",""#text"":""%%1794""},{""@Name"":""AccountExpires"",""#text"":""%%1794""},{""@Name"":""PrimaryGroupId"",""#text"":""513""},{""@Name"":""AllowedToDelegateTo"",""#text"":""-""},{""@Name"":""OldUacValue"",""#text"":""0x215""},{""@Name"":""NewUacValue"",""#text"":""0x215""},{""@Name"":""UserAccountControl"",""#text"":""-""},{""@Name"":""UserParameters"",""#text"":""%%1793""},{""@Name"":""SidHistory"",""#text"":""-""},{""@Name"":""LogonHours"",""#text"":""%%1797""}]}}"
