524,524,2023-10-18 02:50:04.6473461,4797,LogAlways,Microsoft-Windows-Security-Auditing,Security,684,740,WIN-FUDU2CKJOE8,6,,An attempt was made to query the existence of a blank password for an account,WIN-FUDU2CKJOE8\Test (S-1-5-21-3275454858-3348516582-95323724-1000),,Target: WIN-FUDU2CKJOE8\WDAGUtilityAccount,SubjectLogonId: 0x21E94,Workstation: WIN-FUDU2CKJOE8,,,,,False,C:\Users\BRIANNA\OneDrive\Documents\GitHub\NSSECU3_MP2\Test Files\EvtLogs\APTSimulatorVM_EventLogs_Server2022\logs\Security.evtx,Audit success,0,"{""EventData"":{""Data"":[{""@Name"":""SubjectUserSid"",""#text"":""S-1-5-21-3275454858-3348516582-95323724-1000""},{""@Name"":""SubjectUserName"",""#text"":""Test""},{""@Name"":""SubjectDomainName"",""#text"":""WIN-FUDU2CKJOE8""},{""@Name"":""SubjectLogonId"",""#text"":""0x21E94""},{""@Name"":""Workstation"",""#text"":""WIN-FUDU2CKJOE8""},{""@Name"":""TargetUserName"",""#text"":""WDAGUtilityAccount""},{""@Name"":""TargetDomainName"",""#text"":""WIN-FUDU2CKJOE8""}]}}"
525,525,2023-10-18 02:50:45.6880634,4798,LogAlways,Microsoft-Windows-Security-Auditing,Security,684,740,WIN-FUDU2CKJOE8,6,,A user's local group membership was enumerated,WIN-FUDU2CKJOE8\Test (S-1-5-21-3275454858-3348516582-95323724-1000),,Target: WIN-FUDU2CKJOE8\Test (S-1-5-21-3275454858-3348516582-95323724-1000),SubjectLogonId: 0x21E94,CallerProcessName: C:\Windows\explorer.exe,CallerProcessId: 0xD00,,,,False,C:\Users\BRIANNA\OneDrive\Documents\GitHub\NSSECU3_MP2\Test Files\EvtLogs\APTSimulatorVM_EventLogs_Server2022\logs\Security.evtx,Audit success,0,"{""EventData"":{""Data"":[{""@Name"":""TargetUserName"",""#text"":""Test""},{""@Name"":""TargetDomainName"",""#text"":""WIN-FUDU2CKJOE8""},{""@Name"":""TargetSid"",""#text"":""S-1-5-21-3275454858-3348516582-95323724-1000""},{""@Name"":""SubjectUserSid"",""#text"":""S-1-5-21-3275454858-3348516582-95323724-1000""},{""@Name"":""SubjectUserName"",""#text"":""Test""},{""@Name"":""SubjectDomainName"",""#text"":""WIN-FUDU2CKJOE8""},{""@Name"":""SubjectLogonId"",""#text"":""0x21E94""},{""@Name"":""CallerProcessId"",""#text"":""0xD00""},{""@Name"":""CallerProcessName"",""#text"":""C:\\Windows\\explorer.exe""}]}}"
526,526,2023-10-18 02:50:46.9590981,4624,LogAlways,Microsoft-Windows-Security-Auditing,Security,684,748,WIN-FUDU2CKJOE8,6,,Successful logon,WORKGROUP\WIN-FUDU2CKJOE8$,- (-),Target: NT AUTHORITY\SYSTEM,LogonType 5,LogonId: 0x3E7,AuthenticationPackageName: Negotiate,"LogonProcessName: Advapi  ",,C:\Windows\System32\services.exe,False,C:\Users\BRIANNA\OneDrive\Documents\GitHub\NSSECU3_MP2\Test Files\EvtLogs\APTSimulatorVM_EventLogs_Server2022\logs\Security.evtx,Audit success,0,"{""EventData"":{""Data"":[{""@Name"":""SubjectUserSid"",""#text"":""S-1-5-18""},{""@Name"":""SubjectUserName"",""#text"":""WIN-FUDU2CKJOE8$""},{""@Name"":""SubjectDomainName"",""#text"":""WORKGROUP""},{""@Name"":""SubjectLogonId"",""#text"":""0x3E7""},{""@Name"":""TargetUserSid"",""#text"":""S-1-5-18""},{""@Name"":""TargetUserName"",""#text"":""SYSTEM""},{""@Name"":""TargetDomainName"",""#text"":""NT AUTHORITY""},{""@Name"":""TargetLogonId"",""#text"":""0x3E7""},{""@Name"":""LogonType"",""#text"":""5""},{""@Name"":""LogonProcessName"",""#text"":""Advapi  ""},{""@Name"":""AuthenticationPackageName"",""#text"":""Negotiate""},{""@Name"":""WorkstationName"",""#text"":""-""},{""@Name"":""LogonGuid"",""#text"":""00000000-0000-0000-0000-000000000000""},{""@Name"":""TransmittedServices"",""#text"":""-""},{""@Name"":""LmPackageName"",""#text"":""-""},{""@Name"":""KeyLength"",""#text"":""0""},{""@Name"":""ProcessId"",""#text"":""0x2A4""},{""@Name"":""ProcessName"",""#text"":""C:\\Windows\\System32\\services.exe""},{""@Name"":""IpAddress"",""#text"":""-""},{""@Name"":""IpPort"",""#text"":""-""},{""@Name"":""ImpersonationLevel"",""#text"":""%%1833""},{""@Name"":""RestrictedAdminMode"",""#text"":""-""},{""@Name"":""TargetOutboundUserName"",""#text"":""-""},{""@Name"":""TargetOutboundDomainName"",""#text"":""-""},{""@Name"":""VirtualAccount"",""#text"":""%%1843""},{""@Name"":""TargetLinkedLogonId"",""#text"":""0x0""},{""@Name"":""ElevatedToken"",""#text"":""%%1842""}]}}"
527,527,2023-10-18 02:50:46.9591608,4672,LogAlways,Microsoft-Windows-Security-Auditing,Security,684,748,WIN-FUDU2CKJOE8,6,,Administrative logon,NT AUTHORITY\SYSTEM (S-1-5-18),,"PrivilegeList: SeAssignPrimaryTokenPrivilege, SeTcbPrivilege, SeSecurityPrivilege, SeTakeOwnershipPrivilege, SeLoadDriverPrivilege, SeBackupPrivilege, SeRestorePrivilege, SeDebugPrivilege, SeAuditPrivilege, SeSystemEnvironmentPrivilege, SeImpersonatePrivilege, SeDelegateSessionUserImpersonatePrivilege",LogonId: 0x3E7,,,,,,False,C:\Users\BRIANNA\OneDrive\Documents\GitHub\NSSECU3_MP2\Test Files\EvtLogs\APTSimulatorVM_EventLogs_Server2022\logs\Security.evtx,Audit success,0,"{""EventData"":{""Data"":[{""@Name"":""SubjectUserSid"",""#text"":""S-1-5-18""},{""@Name"":""SubjectUserName"",""#text"":""SYSTEM""},{""@Name"":""SubjectDomainName"",""#text"":""NT AUTHORITY""},{""@Name"":""SubjectLogonId"",""#text"":""0x3E7""},{""@Name"":""PrivilegeList"",""#text"":""SeAssignPrimaryTokenPrivilege, SeTcbPrivilege, SeSecurityPrivilege, SeTakeOwnershipPrivilege, SeLoadDriverPrivilege, SeBackupPrivilege, SeRestorePrivilege, SeDebugPrivilege, SeAuditPrivilege, SeSystemEnvironmentPrivilege, SeImpersonatePrivilege, SeDelegateSessionUserImpersonatePrivilege""}]}}"
528,528,2023-10-18 02:51:01.4899265,4799,LogAlways,Microsoft-Windows-Security-Auditing,Security,684,748,WIN-FUDU2CKJOE8,6,,A security-enabled local group membership was enumerated,WORKGROUP\WIN-FUDU2CKJOE8$ (S-1-5-18),,Target: Builtin\Administrators (S-1-5-32-544),SubjectLogonId: 0x3E7,CallerProcessName: C:\Windows\System32\svchost.exe,CallerProcessId: 0x350,,,,False,C:\Users\BRIANNA\OneDrive\Documents\GitHub\NSSECU3_MP2\Test Files\EvtLogs\APTSimulatorVM_EventLogs_Server2022\logs\Security.evtx,Audit success,0,"{""EventData"":{""Data"":[{""@Name"":""TargetUserName"",""#text"":""Administrators""},{""@Name"":""TargetDomainName"",""#text"":""Builtin""},{""@Name"":""TargetSid"",""#text"":""S-1-5-32-544""},{""@Name"":""SubjectUserSid"",""#text"":""S-1-5-18""},{""@Name"":""SubjectUserName"",""#text"":""WIN-FUDU2CKJOE8$""},{""@Name"":""SubjectDomainName"",""#text"":""WORKGROUP""},{""@Name"":""SubjectLogonId"",""#text"":""0x3E7""},{""@Name"":""CallerProcessId"",""#text"":""0x350""},{""@Name"":""CallerProcessName"",""#text"":""C:\\Windows\\System32\\svchost.exe""}]}}"
529,529,2023-10-18 02:51:01.4911024,4799,LogAlways,Microsoft-Windows-Security-Auditing,Security,684,748,WIN-FUDU2CKJOE8,6,,A security-enabled local group membership was enumerated,WORKGROUP\WIN-FUDU2CKJOE8$ (S-1-5-18),,Target: Builtin\Backup Operators (S-1-5-32-551),SubjectLogonId: 0x3E7,CallerProcessName: C:\Windows\System32\svchost.exe,CallerProcessId: 0x350,,,,False,C:\Users\BRIANNA\OneDrive\Documents\GitHub\NSSECU3_MP2\Test Files\EvtLogs\APTSimulatorVM_EventLogs_Server2022\logs\Security.evtx,Audit success,0,"{""EventData"":{""Data"":[{""@Name"":""TargetUserName"",""#text"":""Backup Operators""},{""@Name"":""TargetDomainName"",""#text"":""Builtin""},{""@Name"":""TargetSid"",""#text"":""S-1-5-32-551""},{""@Name"":""SubjectUserSid"",""#text"":""S-1-5-18""},{""@Name"":""SubjectUserName"",""#text"":""WIN-FUDU2CKJOE8$""},{""@Name"":""SubjectDomainName"",""#text"":""WORKGROUP""},{""@Name"":""SubjectLogonId"",""#text"":""0x3E7""},{""@Name"":""CallerProcessId"",""#text"":""0x350""},{""@Name"":""CallerProcessName"",""#text"":""C:\\Windows\\System32\\svchost.exe""}]}}"
530,530,2023-10-18 02:51:02.5113932,4624,LogAlways,Microsoft-Windows-Security-Auditing,Security,684,740,WIN-FUDU2CKJOE8,6,,Successful logon,WORKGROUP\WIN-FUDU2CKJOE8$,- (-),Target: NT AUTHORITY\SYSTEM,LogonType 5,LogonId: 0x3E7,AuthenticationPackageName: Negotiate,"LogonProcessName: Advapi  ",,C:\Windows\System32\services.exe,False,C:\Users\BRIANNA\OneDrive\Documents\GitHub\NSSECU3_MP2\Test Files\EvtLogs\APTSimulatorVM_EventLogs_Server2022\logs\Security.evtx,Audit success,0,"{""EventData"":{""Data"":[{""@Name"":""SubjectUserSid"",""#text"":""S-1-5-18""},{""@Name"":""SubjectUserName"",""#text"":""WIN-FUDU2CKJOE8$""},{""@Name"":""SubjectDomainName"",""#text"":""WORKGROUP""},{""@Name"":""SubjectLogonId"",""#text"":""0x3E7""},{""@Name"":""TargetUserSid"",""#text"":""S-1-5-18""},{""@Name"":""TargetUserName"",""#text"":""SYSTEM""},{""@Name"":""TargetDomainName"",""#text"":""NT AUTHORITY""},{""@Name"":""TargetLogonId"",""#text"":""0x3E7""},{""@Name"":""LogonType"",""#text"":""5""},{""@Name"":""LogonProcessName"",""#text"":""Advapi  ""},{""@Name"":""AuthenticationPackageName"",""#text"":""Negotiate""},{""@Name"":""WorkstationName"",""#text"":""-""},{""@Name"":""LogonGuid"",""#text"":""00000000-0000-0000-0000-000000000000""},{""@Name"":""TransmittedServices"",""#text"":""-""},{""@Name"":""LmPackageName"",""#text"":""-""},{""@Name"":""KeyLength"",""#text"":""0""},{""@Name"":""ProcessId"",""#text"":""0x2A4""},{""@Name"":""ProcessName"",""#text"":""C:\\Windows\\System32\\services.exe""},{""@Name"":""IpAddress"",""#text"":""-""},{""@Name"":""IpPort"",""#text"":""-""},{""@Name"":""ImpersonationLevel"",""#text"":""%%1833""},{""@Name"":""RestrictedAdminMode"",""#text"":""-""},{""@Name"":""TargetOutboundUserName"",""#text"":""-""},{""@Name"":""TargetOutboundDomainName"",""#text"":""-""},{""@Name"":""VirtualAccount"",""#text"":""%%1843""},{""@Name"":""TargetLinkedLogonId"",""#text"":""0x0""},{""@Name"":""ElevatedToken"",""#text"":""%%1842""}]}}"
531,531,2023-10-18 02:51:02.5114000,4672,LogAlways,Microsoft-Windows-Security-Auditing,Security,684,740,WIN-FUDU2CKJOE8,6,,Administrative logon,NT AUTHORITY\SYSTEM (S-1-5-18),,"PrivilegeList: SeAssignPrimaryTokenPrivilege, SeTcbPrivilege, SeSecurityPrivilege, SeTakeOwnershipPrivilege, SeLoadDriverPrivilege, SeBackupPrivilege, SeRestorePrivilege, SeDebugPrivilege, SeAuditPrivilege, SeSystemEnvironmentPrivilege, SeImpersonatePrivilege, SeDelegateSessionUserImpersonatePrivilege",LogonId: 0x3E7,,,,,,False,C:\Users\BRIANNA\OneDrive\Documents\GitHub\NSSECU3_MP2\Test Files\EvtLogs\APTSimulatorVM_EventLogs_Server2022\logs\Security.evtx,Audit success,0,"{""EventData"":{""Data"":[{""@Name"":""SubjectUserSid"",""#text"":""S-1-5-18""},{""@Name"":""SubjectUserName"",""#text"":""SYSTEM""},{""@Name"":""SubjectDomainName"",""#text"":""NT AUTHORITY""},{""@Name"":""SubjectLogonId"",""#text"":""0x3E7""},{""@Name"":""PrivilegeList"",""#text"":""SeAssignPrimaryTokenPrivilege, SeTcbPrivilege, SeSecurityPrivilege, SeTakeOwnershipPrivilege, SeLoadDriverPrivilege, SeBackupPrivilege, SeRestorePrivilege, SeDebugPrivilege, SeAuditPrivilege, SeSystemEnvironmentPrivilege, SeImpersonatePrivilege, SeDelegateSessionUserImpersonatePrivilege""}]}}"
532,532,2023-10-18 02:51:02.9484137,5382,LogAlways,Microsoft-Windows-Security-Auditing,Security,684,740,WIN-FUDU2CKJOE8,6,,,,,,,,,,,,False,C:\Users\BRIANNA\OneDrive\Documents\GitHub\NSSECU3_MP2\Test Files\EvtLogs\APTSimulatorVM_EventLogs_Server2022\logs\Security.evtx,Audit success,0,"{""EventData"":{""Data"":[{""@Name"":""SubjectUserSid"",""#text"":""S-1-5-18""},{""@Name"":""SubjectUserName"",""#text"":""WIN-FUDU2CKJOE8$""},{""@Name"":""SubjectDomainName"",""#text"":""WORKGROUP""},{""@Name"":""SubjectLogonId"",""#text"":""0x3E7""},{""@Name"":""SchemaFriendlyName"",""#text"":""NGC Local Accoount Logon Vault Resource Schema""},{""@Name"":""Schema"",""#text"":""1d4350a3-330d-4af9-b3ff-a927a45998ac""},{""@Name"":""Resource"",""#text"":""NGC Local Accoount Logon Vault Resource""},{""@Name"":""Identity"",""#text"":""0105000000000005150000008A793BC3E64E96C74C86AE05E8030000""},{""@Name"":""PackageSid""},{""@Name"":""Flags"",""#text"":""0""},{""@Name"":""ReturnCode"",""#text"":""1168""},{""@Name"":""ProcessCreationTime"",""#text"":""2023-10-18 02:46:27.0436376""},{""@Name"":""ClientProcessId"",""#text"":""1076""}]}}"
533,533,2023-10-18 02:51:18.9578268,5379,LogAlways,Microsoft-Windows-Security-Auditing,Security,684,740,WIN-FUDU2CKJOE8,6,,Credential Manager credentials were read,WIN-FUDU2CKJOE8$,,SID: S-1-5-18,Domain: WORKGROUP,LogonID: 0x3E7,CountOfCredentialsReturned: 0,,ActivityID: 42b1999b-016d-0001-7b9a-b1426d01da01,WindowsLive:(token):name=02dbnkbbvqcjxaci;serviceuri=*,False,C:\Users\BRIANNA\OneDrive\Documents\GitHub\NSSECU3_MP2\Test Files\EvtLogs\APTSimulatorVM_EventLogs_Server2022\logs\Security.evtx,Audit success,0,"{""EventData"":{""Data"":[{""@Name"":""SubjectUserSid"",""#text"":""S-1-5-18""},{""@Name"":""SubjectUserName"",""#text"":""WIN-FUDU2CKJOE8$""},{""@Name"":""SubjectDomainName"",""#text"":""WORKGROUP""},{""@Name"":""SubjectLogonId"",""#text"":""0x3E7""},{""@Name"":""TargetName"",""#text"":""WindowsLive:(token):name=02dbnkbbvqcjxaci;serviceuri=*""},{""@Name"":""Type"",""#text"":""0""},{""@Name"":""CountOfCredentialsReturned"",""#text"":""0""},{""@Name"":""ReadOperation"",""#text"":""%%8100""},{""@Name"":""ReturnCode"",""#text"":""3221226021""},{""@Name"":""ProcessCreationTime"",""#text"":""2023-10-18 02:46:27.0045502""},{""@Name"":""ClientProcessId"",""#text"":""848""}]}}"
534,534,2023-10-18 02:51:18.9581416,5379,LogAlways,Microsoft-Windows-Security-Auditing,Security,684,740,WIN-FUDU2CKJOE8,6,,Credential Manager credentials were read,WIN-FUDU2CKJOE8$,,SID: S-1-5-18,Domain: WORKGROUP,LogonID: 0x3E7,CountOfCredentialsReturned: 0,,ActivityID: 42b1999b-016d-0001-7b9a-b1426d01da01,WindowsLive:(cert):name=02dbnkbbvqcjxaci;serviceuri=*,False,C:\Users\BRIANNA\OneDrive\Documents\GitHub\NSSECU3_MP2\Test Files\EvtLogs\APTSimulatorVM_EventLogs_Server2022\logs\Security.evtx,Audit success,0,"{""EventData"":{""Data"":[{""@Name"":""SubjectUserSid"",""#text"":""S-1-5-18""},{""@Name"":""SubjectUserName"",""#text"":""WIN-FUDU2CKJOE8$""},{""@Name"":""SubjectDomainName"",""#text"":""WORKGROUP""},{""@Name"":""SubjectLogonId"",""#text"":""0x3E7""},{""@Name"":""TargetName"",""#text"":""WindowsLive:(cert):name=02dbnkbbvqcjxaci;serviceuri=*""},{""@Name"":""Type"",""#text"":""0""},{""@Name"":""CountOfCredentialsReturned"",""#text"":""0""},{""@Name"":""ReadOperation"",""#text"":""%%8100""},{""@Name"":""ReturnCode"",""#text"":""3221226021""},{""@Name"":""ProcessCreationTime"",""#text"":""2023-10-18 02:46:27.0045502""},{""@Name"":""ClientProcessId"",""#text"":""848""}]}}"
535,535,2023-10-18 02:51:18.9584257,5379,LogAlways,Microsoft-Windows-Security-Auditing,Security,684,740,WIN-FUDU2CKJOE8,6,,Credential Manager credentials were read,WIN-FUDU2CKJOE8$,,SID: S-1-5-18,Domain: WORKGROUP,LogonID: 0x3E7,CountOfCredentialsReturned: 1,,ActivityID: 42b1999b-016d-0001-7b9a-b1426d01da01,WindowsLive:target=virtualapp/didlogical,False,C:\Users\BRIANNA\OneDrive\Documents\GitHub\NSSECU3_MP2\Test Files\EvtLogs\APTSimulatorVM_EventLogs_Server2022\logs\Security.evtx,Audit success,0,"{""EventData"":{""Data"":[{""@Name"":""SubjectUserSid"",""#text"":""S-1-5-18""},{""@Name"":""SubjectUserName"",""#text"":""WIN-FUDU2CKJOE8$""},{""@Name"":""SubjectDomainName"",""#text"":""WORKGROUP""},{""@Name"":""SubjectLogonId"",""#text"":""0x3E7""},{""@Name"":""TargetName"",""#text"":""WindowsLive:target=virtualapp/didlogical""},{""@Name"":""Type"",""#text"":""0""},{""@Name"":""CountOfCredentialsReturned"",""#text"":""1""},{""@Name"":""ReadOperation"",""#text"":""%%8100""},{""@Name"":""ReturnCode"",""#text"":""0""},{""@Name"":""ProcessCreationTime"",""#text"":""2023-10-18 02:46:27.0045502""},{""@Name"":""ClientProcessId"",""#text"":""848""}]}}"
536,536,2023-10-18 02:51:18.9673086,5379,LogAlways,Microsoft-Windows-Security-Auditing,Security,684,740,WIN-FUDU2CKJOE8,6,,Credential Manager credentials were read,WIN-FUDU2CKJOE8$,,SID: S-1-5-20,Domain: WORKGROUP,LogonID: 0x3E4,CountOfCredentialsReturned: 0,,ActivityID: 42b1999b-016d-0001-7b9a-b1426d01da01,WindowsLive:(token):name=02dddxkfzljavvqm;serviceuri=*,False,C:\Users\BRIANNA\OneDrive\Documents\GitHub\NSSECU3_MP2\Test Files\EvtLogs\APTSimulatorVM_EventLogs_Server2022\logs\Security.evtx,Audit success,0,"{""EventData"":{""Data"":[{""@Name"":""SubjectUserSid"",""#text"":""S-1-5-20""},{""@Name"":""SubjectUserName"",""#text"":""WIN-FUDU2CKJOE8$""},{""@Name"":""SubjectDomainName"",""#text"":""WORKGROUP""},{""@Name"":""SubjectLogonId"",""#text"":""0x3E4""},{""@Name"":""TargetName"",""#text"":""WindowsLive:(token):name=02dddxkfzljavvqm;serviceuri=*""},{""@Name"":""Type"",""#text"":""0""},{""@Name"":""CountOfCredentialsReturned"",""#text"":""0""},{""@Name"":""ReadOperation"",""#text"":""%%8100""},{""@Name"":""ReturnCode"",""#text"":""3221226021""},{""@Name"":""ProcessCreationTime"",""#text"":""2023-10-18 02:46:27.0045502""},{""@Name"":""ClientProcessId"",""#text"":""848""}]}}"
537,537,2023-10-18 02:51:18.9685679,5379,LogAlways,Microsoft-Windows-Security-Auditing,Security,684,740,WIN-FUDU2CKJOE8,6,,Credential Manager credentials were read,WIN-FUDU2CKJOE8$,,SID: S-1-5-20,Domain: WORKGROUP,LogonID: 0x3E4,CountOfCredentialsReturned: 0,,ActivityID: 42b1999b-016d-0001-7b9a-b1426d01da01,WindowsLive:(cert):name=02dddxkfzljavvqm;serviceuri=*,False,C:\Users\BRIANNA\OneDrive\Documents\GitHub\NSSECU3_MP2\Test Files\EvtLogs\APTSimulatorVM_EventLogs_Server2022\logs\Security.evtx,Audit success,0,"{""EventData"":{""Data"":[{""@Name"":""SubjectUserSid"",""#text"":""S-1-5-20""},{""@Name"":""SubjectUserName"",""#text"":""WIN-FUDU2CKJOE8$""},{""@Name"":""SubjectDomainName"",""#text"":""WORKGROUP""},{""@Name"":""SubjectLogonId"",""#text"":""0x3E4""},{""@Name"":""TargetName"",""#text"":""WindowsLive:(cert):name=02dddxkfzljavvqm;serviceuri=*""},{""@Name"":""Type"",""#text"":""0""},{""@Name"":""CountOfCredentialsReturned"",""#text"":""0""},{""@Name"":""ReadOperation"",""#text"":""%%8100""},{""@Name"":""ReturnCode"",""#text"":""3221226021""},{""@Name"":""ProcessCreationTime"",""#text"":""2023-10-18 02:46:27.0045502""},{""@Name"":""ClientProcessId"",""#text"":""848""}]}}"
538,538,2023-10-18 02:51:18.9686625,5379,LogAlways,Microsoft-Windows-Security-Auditing,Security,684,740,WIN-FUDU2CKJOE8,6,,Credential Manager credentials were read,WIN-FUDU2CKJOE8$,,SID: S-1-5-20,Domain: WORKGROUP,LogonID: 0x3E4,CountOfCredentialsReturned: 0,,ActivityID: 42b1999b-016d-0001-7b9a-b1426d01da01,WindowsLive:target=virtualapp/didlogical,False,C:\Users\BRIANNA\OneDrive\Documents\GitHub\NSSECU3_MP2\Test Files\EvtLogs\APTSimulatorVM_EventLogs_Server2022\logs\Security.evtx,Audit success,0,"{""EventData"":{""Data"":[{""@Name"":""SubjectUserSid"",""#text"":""S-1-5-20""},{""@Name"":""SubjectUserName"",""#text"":""WIN-FUDU2CKJOE8$""},{""@Name"":""SubjectDomainName"",""#text"":""WORKGROUP""},{""@Name"":""SubjectLogonId"",""#text"":""0x3E4""},{""@Name"":""TargetName"",""#text"":""WindowsLive:target=virtualapp/didlogical""},{""@Name"":""Type"",""#text"":""0""},{""@Name"":""CountOfCredentialsReturned"",""#text"":""0""},{""@Name"":""ReadOperation"",""#text"":""%%8100""},{""@Name"":""ReturnCode"",""#text"":""3221226021""},{""@Name"":""ProcessCreationTime"",""#text"":""2023-10-18 02:46:27.0045502""},{""@Name"":""ClientProcessId"",""#text"":""848""}]}}"
539,539,2023-10-18 02:51:18.9849082,5379,LogAlways,Microsoft-Windows-Security-Auditing,Security,684,740,WIN-FUDU2CKJOE8,6,,Credential Manager credentials were read,Test,,SID: S-1-5-21-3275454858-3348516582-95323724-1000,Domain: WIN-FUDU2CKJOE8,LogonID: 0x21E94,CountOfCredentialsReturned: 0,,ActivityID: 42b1999b-016d-0001-7b9a-b1426d01da01,WindowsLive:(token):name=02oeqehagmqtjxao;serviceuri=*,False,C:\Users\BRIANNA\OneDrive\Documents\GitHub\NSSECU3_MP2\Test Files\EvtLogs\APTSimulatorVM_EventLogs_Server2022\logs\Security.evtx,Audit success,0,"{""EventData"":{""Data"":[{""@Name"":""SubjectUserSid"",""#text"":""S-1-5-21-3275454858-3348516582-95323724-1000""},{""@Name"":""SubjectUserName"",""#text"":""Test""},{""@Name"":""SubjectDomainName"",""#text"":""WIN-FUDU2CKJOE8""},{""@Name"":""SubjectLogonId"",""#text"":""0x21E94""},{""@Name"":""TargetName"",""#text"":""WindowsLive:(token):name=02oeqehagmqtjxao;serviceuri=*""},{""@Name"":""Type"",""#text"":""0""},{""@Name"":""CountOfCredentialsReturned"",""#text"":""0""},{""@Name"":""ReadOperation"",""#text"":""%%8100""},{""@Name"":""ReturnCode"",""#text"":""3221226021""},{""@Name"":""ProcessCreationTime"",""#text"":""2023-10-18 02:46:27.0045502""},{""@Name"":""ClientProcessId"",""#text"":""848""}]}}"
540,540,2023-10-18 02:51:18.9851684,5379,LogAlways,Microsoft-Windows-Security-Auditing,Security,684,740,WIN-FUDU2CKJOE8,6,,Credential Manager credentials were read,Test,,SID: S-1-5-21-3275454858-3348516582-95323724-1000,Domain: WIN-FUDU2CKJOE8,LogonID: 0x21E94,CountOfCredentialsReturned: 0,,ActivityID: 42b1999b-016d-0001-7b9a-b1426d01da01,WindowsLive:(cert):name=02oeqehagmqtjxao;serviceuri=*,False,C:\Users\BRIANNA\OneDrive\Documents\GitHub\NSSECU3_MP2\Test Files\EvtLogs\APTSimulatorVM_EventLogs_Server2022\logs\Security.evtx,Audit success,0,"{""EventData"":{""Data"":[{""@Name"":""SubjectUserSid"",""#text"":""S-1-5-21-3275454858-3348516582-95323724-1000""},{""@Name"":""SubjectUserName"",""#text"":""Test""},{""@Name"":""SubjectDomainName"",""#text"":""WIN-FUDU2CKJOE8""},{""@Name"":""SubjectLogonId"",""#text"":""0x21E94""},{""@Name"":""TargetName"",""#text"":""WindowsLive:(cert):name=02oeqehagmqtjxao;serviceuri=*""},{""@Name"":""Type"",""#text"":""0""},{""@Name"":""CountOfCredentialsReturned"",""#text"":""0""},{""@Name"":""ReadOperation"",""#text"":""%%8100""},{""@Name"":""ReturnCode"",""#text"":""3221226021""},{""@Name"":""ProcessCreationTime"",""#text"":""2023-10-18 02:46:27.0045502""},{""@Name"":""ClientProcessId"",""#text"":""848""}]}}"
541,541,2023-10-18 02:51:18.9855288,5379,LogAlways,Microsoft-Windows-Security-Auditing,Security,684,740,WIN-FUDU2CKJOE8,6,,Credential Manager credentials were read,Test,,SID: S-1-5-21-3275454858-3348516582-95323724-1000,Domain: WIN-FUDU2CKJOE8,LogonID: 0x21E94,CountOfCredentialsReturned: 1,,ActivityID: 42b1999b-016d-0001-7b9a-b1426d01da01,WindowsLive:target=virtualapp/didlogical,False,C:\Users\BRIANNA\OneDrive\Documents\GitHub\NSSECU3_MP2\Test Files\EvtLogs\APTSimulatorVM_EventLogs_Server2022\logs\Security.evtx,Audit success,0,"{""EventData"":{""Data"":[{""@Name"":""SubjectUserSid"",""#text"":""S-1-5-21-3275454858-3348516582-95323724-1000""},{""@Name"":""SubjectUserName"",""#text"":""Test""},{""@Name"":""SubjectDomainName"",""#text"":""WIN-FUDU2CKJOE8""},{""@Name"":""SubjectLogonId"",""#text"":""0x21E94""},{""@Name"":""TargetName"",""#text"":""WindowsLive:target=virtualapp/didlogical""},{""@Name"":""Type"",""#text"":""0""},{""@Name"":""CountOfCredentialsReturned"",""#text"":""1""},{""@Name"":""ReadOperation"",""#text"":""%%8100""},{""@Name"":""ReturnCode"",""#text"":""0""},{""@Name"":""ProcessCreationTime"",""#text"":""2023-10-18 02:46:27.0045502""},{""@Name"":""ClientProcessId"",""#text"":""848""}]}}"
542,542,2023-10-18 02:51:19.7620133,5379,LogAlways,Microsoft-Windows-Security-Auditing,Security,684,740,WIN-FUDU2CKJOE8,6,,Credential Manager credentials were read,WIN-FUDU2CKJOE8$,,SID: S-1-5-20,Domain: WORKGROUP,LogonID: 0x3E4,CountOfCredentialsReturned: 0,,ActivityID: 42b1999b-016d-0001-7b9a-b1426d01da01,MicrosoftAccount:user=02dddxkfzljavvqm,False,C:\Users\BRIANNA\OneDrive\Documents\GitHub\NSSECU3_MP2\Test Files\EvtLogs\APTSimulatorVM_EventLogs_Server2022\logs\Security.evtx,Audit success,0,"{""EventData"":{""Data"":[{""@Name"":""SubjectUserSid"",""#text"":""S-1-5-20""},{""@Name"":""SubjectUserName"",""#text"":""WIN-FUDU2CKJOE8$""},{""@Name"":""SubjectDomainName"",""#text"":""WORKGROUP""},{""@Name"":""SubjectLogonId"",""#text"":""0x3E4""},{""@Name"":""TargetName"",""#text"":""MicrosoftAccount:user=02dddxkfzljavvqm""},{""@Name"":""Type"",""#text"":""0""},{""@Name"":""CountOfCredentialsReturned"",""#text"":""0""},{""@Name"":""ReadOperation"",""#text"":""%%8100""},{""@Name"":""ReturnCode"",""#text"":""3221226021""},{""@Name"":""ProcessCreationTime"",""#text"":""2023-10-18 02:46:27.0045502""},{""@Name"":""ClientProcessId"",""#text"":""848""}]}}"
543,543,2023-10-18 02:51:19.7703555,5058,LogAlways,Microsoft-Windows-Security-Auditing,Security,684,740,WIN-FUDU2CKJOE8,6,,,,,,,,,,,,False,C:\Users\BRIANNA\OneDrive\Documents\GitHub\NSSECU3_MP2\Test Files\EvtLogs\APTSimulatorVM_EventLogs_Server2022\logs\Security.evtx,Audit success,0,"{""EventData"":{""Data"":[{""@Name"":""SubjectUserSid"",""#text"":""S-1-5-18""},{""@Name"":""SubjectUserName"",""#text"":""WIN-FUDU2CKJOE8$""},{""@Name"":""SubjectDomainName"",""#text"":""WORKGROUP""},{""@Name"":""SubjectLogonId"",""#text"":""0x3E7""},{""@Name"":""ClientProcessId"",""#text"":""848""},{""@Name"":""ClientCreationTime"",""#text"":""2023-10-18 02:46:27.0045502""},{""@Name"":""ProviderName"",""#text"":""Microsoft Software Key Storage Provider""},{""@Name"":""AlgorithmName"",""#text"":""UNKNOWN""},{""@Name"":""KeyName"",""#text"":""60367196-9850-ee19-1bb1-ce2b8ef33446""},{""@Name"":""KeyType"",""#text"":""%%2500""},{""@Name"":""KeyFilePath"",""#text"":""C:\\ProgramData\\Microsoft\\Crypto\\SystemKeys\\cb2b80b91316b16eee63fdc7eb49f6ab_ac061c88-d5aa-458b-bac4-8fcb480c1f22""},{""@Name"":""Operation"",""#text"":""%%2458""},{""@Name"":""ReturnCode"",""#text"":""0x0""}]}}"
544,544,2023-10-18 02:51:19.7709700,5061,LogAlways,Microsoft-Windows-Security-Auditing,Security,684,740,WIN-FUDU2CKJOE8,6,,,,,,,,,,,,False,C:\Users\BRIANNA\OneDrive\Documents\GitHub\NSSECU3_MP2\Test Files\EvtLogs\APTSimulatorVM_EventLogs_Server2022\logs\Security.evtx,Audit success,0,"{""EventData"":{""Data"":[{""@Name"":""SubjectUserSid"",""#text"":""S-1-5-18""},{""@Name"":""SubjectUserName"",""#text"":""WIN-FUDU2CKJOE8$""},{""@Name"":""SubjectDomainName"",""#text"":""WORKGROUP""},{""@Name"":""SubjectLogonId"",""#text"":""0x3E7""},{""@Name"":""ProviderName"",""#text"":""Microsoft Software Key Storage Provider""},{""@Name"":""AlgorithmName"",""#text"":""RSA""},{""@Name"":""KeyName"",""#text"":""60367196-9850-ee19-1bb1-ce2b8ef33446""},{""@Name"":""KeyType"",""#text"":""%%2500""},{""@Name"":""Operation"",""#text"":""%%2480""},{""@Name"":""ReturnCode"",""#text"":""0x0""}]}}"
545,545,2023-10-18 02:51:19.7753118,5379,LogAlways,Microsoft-Windows-Security-Auditing,Security,684,740,WIN-FUDU2CKJOE8,6,,Credential Manager credentials were read,WIN-FUDU2CKJOE8$,,SID: S-1-5-20,Domain: WORKGROUP,LogonID: 0x3E4,CountOfCredentialsReturned: 1,,ActivityID: 42b1999b-016d-0001-7b9a-b1426d01da01,MicrosoftAccount:user=02dddxkfzljavvqm,False,C:\Users\BRIANNA\OneDrive\Documents\GitHub\NSSECU3_MP2\Test Files\EvtLogs\APTSimulatorVM_EventLogs_Server2022\logs\Security.evtx,Audit success,0,"{""EventData"":{""Data"":[{""@Name"":""SubjectUserSid"",""#text"":""S-1-5-20""},{""@Name"":""SubjectUserName"",""#text"":""WIN-FUDU2CKJOE8$""},{""@Name"":""SubjectDomainName"",""#text"":""WORKGROUP""},{""@Name"":""SubjectLogonId"",""#text"":""0x3E4""},{""@Name"":""TargetName"",""#text"":""MicrosoftAccount:user=02dddxkfzljavvqm""},{""@Name"":""Type"",""#text"":""1""},{""@Name"":""CountOfCredentialsReturned"",""#text"":""1""},{""@Name"":""ReadOperation"",""#text"":""%%8099""},{""@Name"":""ReturnCode"",""#text"":""3221226021""},{""@Name"":""ProcessCreationTime"",""#text"":""2023-10-18 02:46:27.0045502""},{""@Name"":""ClientProcessId"",""#text"":""848""}]}}"
546,546,2023-10-18 02:51:19.7828141,5379,LogAlways,Microsoft-Windows-Security-Auditing,Security,684,740,WIN-FUDU2CKJOE8,6,,Credential Manager credentials were read,WIN-FUDU2CKJOE8$,,SID: S-1-5-20,Domain: WORKGROUP,LogonID: 0x3E4,CountOfCredentialsReturned: 0,,ActivityID: 42b1999b-016d-0001-7b9a-b1426d01da01,MicrosoftAccount:user=02dddxkfzljavvqm,False,C:\Users\BRIANNA\OneDrive\Documents\GitHub\NSSECU3_MP2\Test Files\EvtLogs\APTSimulatorVM_EventLogs_Server2022\logs\Security.evtx,Audit success,0,"{""EventData"":{""Data"":[{""@Name"":""SubjectUserSid"",""#text"":""S-1-5-20""},{""@Name"":""SubjectUserName"",""#text"":""WIN-FUDU2CKJOE8$""},{""@Name"":""SubjectDomainName"",""#text"":""WORKGROUP""},{""@Name"":""SubjectLogonId"",""#text"":""0x3E4""},{""@Name"":""TargetName"",""#text"":""MicrosoftAccount:user=02dddxkfzljavvqm""},{""@Name"":""Type"",""#text"":""0""},{""@Name"":""CountOfCredentialsReturned"",""#text"":""0""},{""@Name"":""ReadOperation"",""#text"":""%%8100""},{""@Name"":""ReturnCode"",""#text"":""3221226021""},{""@Name"":""ProcessCreationTime"",""#text"":""2023-10-18 02:46:27.0045502""},{""@Name"":""ClientProcessId"",""#text"":""848""}]}}"
547,547,2023-10-18 02:51:19.7836693,5379,LogAlways,Microsoft-Windows-Security-Auditing,Security,684,740,WIN-FUDU2CKJOE8,6,,Credential Manager credentials were read,WIN-FUDU2CKJOE8$,,SID: S-1-5-20,Domain: WORKGROUP,LogonID: 0x3E4,CountOfCredentialsReturned: 0,,ActivityID: 42b1999b-016d-0001-7b9a-b1426d01da01,WindowsLive:target=virtualapp/didlogical,False,C:\Users\BRIANNA\OneDrive\Documents\GitHub\NSSECU3_MP2\Test Files\EvtLogs\APTSimulatorVM_EventLogs_Server2022\logs\Security.evtx,Audit success,0,"{""EventData"":{""Data"":[{""@Name"":""SubjectUserSid"",""#text"":""S-1-5-20""},{""@Name"":""SubjectUserName"",""#text"":""WIN-FUDU2CKJOE8$""},{""@Name"":""SubjectDomainName"",""#text"":""WORKGROUP""},{""@Name"":""SubjectLogonId"",""#text"":""0x3E4""},{""@Name"":""TargetName"",""#text"":""WindowsLive:target=virtualapp/didlogical""},{""@Name"":""Type"",""#text"":""0""},{""@Name"":""CountOfCredentialsReturned"",""#text"":""0""},{""@Name"":""ReadOperation"",""#text"":""%%8100""},{""@Name"":""ReturnCode"",""#text"":""3221226021""},{""@Name"":""ProcessCreationTime"",""#text"":""2023-10-18 02:46:27.0045502""},{""@Name"":""ClientProcessId"",""#text"":""848""}]}}"
548,548,2023-10-18 02:51:19.7902961,5379,LogAlways,Microsoft-Windows-Security-Auditing,Security,684,740,WIN-FUDU2CKJOE8,6,,Credential Manager credentials were read,WIN-FUDU2CKJOE8$,,SID: S-1-5-20,Domain: WORKGROUP,LogonID: 0x3E4,CountOfCredentialsReturned: 0,,ActivityID: 42b1999b-016d-0001-7b9a-b1426d01da01,MicrosoftAccount:user=02dddxkfzljavvqm,False,C:\Users\BRIANNA\OneDrive\Documents\GitHub\NSSECU3_MP2\Test Files\EvtLogs\APTSimulatorVM_EventLogs_Server2022\logs\Security.evtx,Audit success,0,"{""EventData"":{""Data"":[{""@Name"":""SubjectUserSid"",""#text"":""S-1-5-20""},{""@Name"":""SubjectUserName"",""#text"":""WIN-FUDU2CKJOE8$""},{""@Name"":""SubjectDomainName"",""#text"":""WORKGROUP""},{""@Name"":""SubjectLogonId"",""#text"":""0x3E4""},{""@Name"":""TargetName"",""#text"":""MicrosoftAccount:user=02dddxkfzljavvqm""},{""@Name"":""Type"",""#text"":""0""},{""@Name"":""CountOfCredentialsReturned"",""#text"":""0""},{""@Name"":""ReadOperation"",""#text"":""%%8100""},{""@Name"":""ReturnCode"",""#text"":""3221226021""},{""@Name"":""ProcessCreationTime"",""#text"":""2023-10-18 02:46:27.0045502""},{""@Name"":""ClientProcessId"",""#text"":""848""}]}}"
549,549,2023-10-18 02:51:19.7903752,5379,LogAlways,Microsoft-Windows-Security-Auditing,Security,684,740,WIN-FUDU2CKJOE8,6,,Credential Manager credentials were read,WIN-FUDU2CKJOE8$,,SID: S-1-5-20,Domain: WORKGROUP,LogonID: 0x3E4,CountOfCredentialsReturned: 0,,ActivityID: 42b1999b-016d-0001-7b9a-b1426d01da01,WindowsLive:(token):name=02dddxkfzljavvqm;serviceuri=*,False,C:\Users\BRIANNA\OneDrive\Documents\GitHub\NSSECU3_MP2\Test Files\EvtLogs\APTSimulatorVM_EventLogs_Server2022\logs\Security.evtx,Audit success,0,"{""EventData"":{""Data"":[{""@Name"":""SubjectUserSid"",""#text"":""S-1-5-20""},{""@Name"":""SubjectUserName"",""#text"":""WIN-FUDU2CKJOE8$""},{""@Name"":""SubjectDomainName"",""#text"":""WORKGROUP""},{""@Name"":""SubjectLogonId"",""#text"":""0x3E4""},{""@Name"":""TargetName"",""#text"":""WindowsLive:(token):name=02dddxkfzljavvqm;serviceuri=*""},{""@Name"":""Type"",""#text"":""0""},{""@Name"":""CountOfCredentialsReturned"",""#text"":""0""},{""@Name"":""ReadOperation"",""#text"":""%%8100""},{""@Name"":""ReturnCode"",""#text"":""3221226021""},{""@Name"":""ProcessCreationTime"",""#text"":""2023-10-18 02:46:27.0045502""},{""@Name"":""ClientProcessId"",""#text"":""848""}]}}"
550,550,2023-10-18 02:51:19.7905913,5379,LogAlways,Microsoft-Windows-Security-Auditing,Security,684,740,WIN-FUDU2CKJOE8,6,,Credential Manager credentials were read,WIN-FUDU2CKJOE8$,,SID: S-1-5-20,Domain: WORKGROUP,LogonID: 0x3E4,CountOfCredentialsReturned: 0,,ActivityID: 42b1999b-016d-0001-7b9a-b1426d01da01,WindowsLive:(cert):name=02dddxkfzljavvqm;serviceuri=*,False,C:\Users\BRIANNA\OneDrive\Documents\GitHub\NSSECU3_MP2\Test Files\EvtLogs\APTSimulatorVM_EventLogs_Server2022\logs\Security.evtx,Audit success,0,"{""EventData"":{""Data"":[{""@Name"":""SubjectUserSid"",""#text"":""S-1-5-20""},{""@Name"":""SubjectUserName"",""#text"":""WIN-FUDU2CKJOE8$""},{""@Name"":""SubjectDomainName"",""#text"":""WORKGROUP""},{""@Name"":""SubjectLogonId"",""#text"":""0x3E4""},{""@Name"":""TargetName"",""#text"":""WindowsLive:(cert):name=02dddxkfzljavvqm;serviceuri=*""},{""@Name"":""Type"",""#text"":""0""},{""@Name"":""CountOfCredentialsReturned"",""#text"":""0""},{""@Name"":""ReadOperation"",""#text"":""%%8100""},{""@Name"":""ReturnCode"",""#text"":""3221226021""},{""@Name"":""ProcessCreationTime"",""#text"":""2023-10-18 02:46:27.0045502""},{""@Name"":""ClientProcessId"",""#text"":""848""}]}}"
551,551,2023-10-18 02:51:20.1798167,5379,LogAlways,Microsoft-Windows-Security-Auditing,Security,684,740,WIN-FUDU2CKJOE8,6,,Credential Manager credentials were read,WIN-FUDU2CKJOE8$,,SID: S-1-5-20,Domain: WORKGROUP,LogonID: 0x3E4,CountOfCredentialsReturned: 0,,ActivityID: 42b1999b-016d-0001-7b9a-b1426d01da01,MicrosoftAccount:user=02dddxkfzljavvqm,False,C:\Users\BRIANNA\OneDrive\Documents\GitHub\NSSECU3_MP2\Test Files\EvtLogs\APTSimulatorVM_EventLogs_Server2022\logs\Security.evtx,Audit success,0,"{""EventData"":{""Data"":[{""@Name"":""SubjectUserSid"",""#text"":""S-1-5-20""},{""@Name"":""SubjectUserName"",""#text"":""WIN-FUDU2CKJOE8$""},{""@Name"":""SubjectDomainName"",""#text"":""WORKGROUP""},{""@Name"":""SubjectLogonId"",""#text"":""0x3E4""},{""@Name"":""TargetName"",""#text"":""MicrosoftAccount:user=02dddxkfzljavvqm""},{""@Name"":""Type"",""#text"":""0""},{""@Name"":""CountOfCredentialsReturned"",""#text"":""0""},{""@Name"":""ReadOperation"",""#text"":""%%8100""},{""@Name"":""ReturnCode"",""#text"":""3221226021""},{""@Name"":""ProcessCreationTime"",""#text"":""2023-10-18 02:46:27.0045502""},{""@Name"":""ClientProcessId"",""#text"":""848""}]}}"
552,552,2023-10-18 02:51:20.1833164,5379,LogAlways,Microsoft-Windows-Security-Auditing,Security,684,740,WIN-FUDU2CKJOE8,6,,Credential Manager credentials were read,WIN-FUDU2CKJOE8$,,SID: S-1-5-20,Domain: WORKGROUP,LogonID: 0x3E4,CountOfCredentialsReturned: 0,,ActivityID: 42b1999b-016d-0001-7b9a-b1426d01da01,MicrosoftAccount:user=02dddxkfzljavvqm,False,C:\Users\BRIANNA\OneDrive\Documents\GitHub\NSSECU3_MP2\Test Files\EvtLogs\APTSimulatorVM_EventLogs_Server2022\logs\Security.evtx,Audit success,0,"{""EventData"":{""Data"":[{""@Name"":""SubjectUserSid"",""#text"":""S-1-5-20""},{""@Name"":""SubjectUserName"",""#text"":""WIN-FUDU2CKJOE8$""},{""@Name"":""SubjectDomainName"",""#text"":""WORKGROUP""},{""@Name"":""SubjectLogonId"",""#text"":""0x3E4""},{""@Name"":""TargetName"",""#text"":""MicrosoftAccount:user=02dddxkfzljavvqm""},{""@Name"":""Type"",""#text"":""0""},{""@Name"":""CountOfCredentialsReturned"",""#text"":""0""},{""@Name"":""ReadOperation"",""#text"":""%%8100""},{""@Name"":""ReturnCode"",""#text"":""3221226021""},{""@Name"":""ProcessCreationTime"",""#text"":""2023-10-18 02:46:27.0045502""},{""@Name"":""ClientProcessId"",""#text"":""848""}]}}"
553,553,2023-10-18 02:51:20.1870911,5379,LogAlways,Microsoft-Windows-Security-Auditing,Security,684,740,WIN-FUDU2CKJOE8,6,,Credential Manager credentials were read,WIN-FUDU2CKJOE8$,,SID: S-1-5-20,Domain: WORKGROUP,LogonID: 0x3E4,CountOfCredentialsReturned: 0,,ActivityID: 42b1999b-016d-0001-7b9a-b1426d01da01,MicrosoftAccount:user=02dddxkfzljavvqm,False,C:\Users\BRIANNA\OneDrive\Documents\GitHub\NSSECU3_MP2\Test Files\EvtLogs\APTSimulatorVM_EventLogs_Server2022\logs\Security.evtx,Audit success,0,"{""EventData"":{""Data"":[{""@Name"":""SubjectUserSid"",""#text"":""S-1-5-20""},{""@Name"":""SubjectUserName"",""#text"":""WIN-FUDU2CKJOE8$""},{""@Name"":""SubjectDomainName"",""#text"":""WORKGROUP""},{""@Name"":""SubjectLogonId"",""#text"":""0x3E4""},{""@Name"":""TargetName"",""#text"":""MicrosoftAccount:user=02dddxkfzljavvqm""},{""@Name"":""Type"",""#text"":""0""},{""@Name"":""CountOfCredentialsReturned"",""#text"":""0""},{""@Name"":""ReadOperation"",""#text"":""%%8100""},{""@Name"":""ReturnCode"",""#text"":""3221226021""},{""@Name"":""ProcessCreationTime"",""#text"":""2023-10-18 02:46:27.0045502""},{""@Name"":""ClientProcessId"",""#text"":""848""}]}}"
554,554,2023-10-18 02:51:20.1871576,5379,LogAlways,Microsoft-Windows-Security-Auditing,Security,684,740,WIN-FUDU2CKJOE8,6,,Credential Manager credentials were read,WIN-FUDU2CKJOE8$,,SID: S-1-5-20,Domain: WORKGROUP,LogonID: 0x3E4,CountOfCredentialsReturned: 0,,ActivityID: 42b1999b-016d-0001-7b9a-b1426d01da01,MicrosoftAccount:user=02dddxkfzljavvqm,False,C:\Users\BRIANNA\OneDrive\Documents\GitHub\NSSECU3_MP2\Test Files\EvtLogs\APTSimulatorVM_EventLogs_Server2022\logs\Security.evtx,Audit success,0,"{""EventData"":{""Data"":[{""@Name"":""SubjectUserSid"",""#text"":""S-1-5-20""},{""@Name"":""SubjectUserName"",""#text"":""WIN-FUDU2CKJOE8$""},{""@Name"":""SubjectDomainName"",""#text"":""WORKGROUP""},{""@Name"":""SubjectLogonId"",""#text"":""0x3E4""},{""@Name"":""TargetName"",""#text"":""MicrosoftAccount:user=02dddxkfzljavvqm""},{""@Name"":""Type"",""#text"":""0""},{""@Name"":""CountOfCredentialsReturned"",""#text"":""0""},{""@Name"":""ReadOperation"",""#text"":""%%8100""},{""@Name"":""ReturnCode"",""#text"":""3221226021""},{""@Name"":""ProcessCreationTime"",""#text"":""2023-10-18 02:46:27.0045502""},{""@Name"":""ClientProcessId"",""#text"":""848""}]}}"
555,555,2023-10-18 02:51:29.1453551,4624,LogAlways,Microsoft-Windows-Security-Auditing,Security,684,740,WIN-FUDU2CKJOE8,6,,Successful logon,WORKGROUP\WIN-FUDU2CKJOE8$,- (-),Target: NT AUTHORITY\SYSTEM,LogonType 5,LogonId: 0x3E7,AuthenticationPackageName: Negotiate,"LogonProcessName: Advapi  ",,C:\Windows\System32\services.exe,False,C:\Users\BRIANNA\OneDrive\Documents\GitHub\NSSECU3_MP2\Test Files\EvtLogs\APTSimulatorVM_EventLogs_Server2022\logs\Security.evtx,Audit success,0,"{""EventData"":{""Data"":[{""@Name"":""SubjectUserSid"",""#text"":""S-1-5-18""},{""@Name"":""SubjectUserName"",""#text"":""WIN-FUDU2CKJOE8$""},{""@Name"":""SubjectDomainName"",""#text"":""WORKGROUP""},{""@Name"":""SubjectLogonId"",""#text"":""0x3E7""},{""@Name"":""TargetUserSid"",""#text"":""S-1-5-18""},{""@Name"":""TargetUserName"",""#text"":""SYSTEM""},{""@Name"":""TargetDomainName"",""#text"":""NT AUTHORITY""},{""@Name"":""TargetLogonId"",""#text"":""0x3E7""},{""@Name"":""LogonType"",""#text"":""5""},{""@Name"":""LogonProcessName"",""#text"":""Advapi  ""},{""@Name"":""AuthenticationPackageName"",""#text"":""Negotiate""},{""@Name"":""WorkstationName"",""#text"":""-""},{""@Name"":""LogonGuid"",""#text"":""00000000-0000-0000-0000-000000000000""},{""@Name"":""TransmittedServices"",""#text"":""-""},{""@Name"":""LmPackageName"",""#text"":""-""},{""@Name"":""KeyLength"",""#text"":""0""},{""@Name"":""ProcessId"",""#text"":""0x2A4""},{""@Name"":""ProcessName"",""#text"":""C:\\Windows\\System32\\services.exe""},{""@Name"":""IpAddress"",""#text"":""-""},{""@Name"":""IpPort"",""#text"":""-""},{""@Name"":""ImpersonationLevel"",""#text"":""%%1833""},{""@Name"":""RestrictedAdminMode"",""#text"":""-""},{""@Name"":""TargetOutboundUserName"",""#text"":""-""},{""@Name"":""TargetOutboundDomainName"",""#text"":""-""},{""@Name"":""VirtualAccount"",""#text"":""%%1843""},{""@Name"":""TargetLinkedLogonId"",""#text"":""0x0""},{""@Name"":""ElevatedToken"",""#text"":""%%1842""}]}}"
556,556,2023-10-18 02:51:29.1454057,4672,LogAlways,Microsoft-Windows-Security-Auditing,Security,684,740,WIN-FUDU2CKJOE8,6,,Administrative logon,NT AUTHORITY\SYSTEM (S-1-5-18),,"PrivilegeList: SeAssignPrimaryTokenPrivilege, SeTcbPrivilege, SeSecurityPrivilege, SeTakeOwnershipPrivilege, SeLoadDriverPrivilege, SeBackupPrivilege, SeRestorePrivilege, SeDebugPrivilege, SeAuditPrivilege, SeSystemEnvironmentPrivilege, SeImpersonatePrivilege, SeDelegateSessionUserImpersonatePrivilege",LogonId: 0x3E7,,,,,,False,C:\Users\BRIANNA\OneDrive\Documents\GitHub\NSSECU3_MP2\Test Files\EvtLogs\APTSimulatorVM_EventLogs_Server2022\logs\Security.evtx,Audit success,0,"{""EventData"":{""Data"":[{""@Name"":""SubjectUserSid"",""#text"":""S-1-5-18""},{""@Name"":""SubjectUserName"",""#text"":""SYSTEM""},{""@Name"":""SubjectDomainName"",""#text"":""NT AUTHORITY""},{""@Name"":""SubjectLogonId"",""#text"":""0x3E7""},{""@Name"":""PrivilegeList"",""#text"":""SeAssignPrimaryTokenPrivilege, SeTcbPrivilege, SeSecurityPrivilege, SeTakeOwnershipPrivilege, SeLoadDriverPrivilege, SeBackupPrivilege, SeRestorePrivilege, SeDebugPrivilege, SeAuditPrivilege, SeSystemEnvironmentPrivilege, SeImpersonatePrivilege, SeDelegateSessionUserImpersonatePrivilege""}]}}"
557,557,2023-10-18 02:51:35.0264156,4798,LogAlways,Microsoft-Windows-Security-Auditing,Security,684,740,WIN-FUDU2CKJOE8,6,,A user's local group membership was enumerated,WIN-FUDU2CKJOE8\Test (S-1-5-21-3275454858-3348516582-95323724-1000),,Target: WIN-FUDU2CKJOE8\Test (S-1-5-21-3275454858-3348516582-95323724-1000),SubjectLogonId: 0x21E94,CallerProcessName: C:\Windows\explorer.exe,CallerProcessId: 0xD00,,,,False,C:\Users\BRIANNA\OneDrive\Documents\GitHub\NSSECU3_MP2\Test Files\EvtLogs\APTSimulatorVM_EventLogs_Server2022\logs\Security.evtx,Audit success,0,"{""EventData"":{""Data"":[{""@Name"":""TargetUserName"",""#text"":""Test""},{""@Name"":""TargetDomainName"",""#text"":""WIN-FUDU2CKJOE8""},{""@Name"":""TargetSid"",""#text"":""S-1-5-21-3275454858-3348516582-95323724-1000""},{""@Name"":""SubjectUserSid"",""#text"":""S-1-5-21-3275454858-3348516582-95323724-1000""},{""@Name"":""SubjectUserName"",""#text"":""Test""},{""@Name"":""SubjectDomainName"",""#text"":""WIN-FUDU2CKJOE8""},{""@Name"":""SubjectLogonId"",""#text"":""0x21E94""},{""@Name"":""CallerProcessId"",""#text"":""0xD00""},{""@Name"":""CallerProcessName"",""#text"":""C:\\Windows\\explorer.exe""}]}}"
558,558,2023-10-18 02:51:58.1807491,4799,LogAlways,Microsoft-Windows-Security-Auditing,Security,684,392,WIN-FUDU2CKJOE8,6,,A security-enabled local group membership was enumerated,WORKGROUP\WIN-FUDU2CKJOE8$ (S-1-5-18),,Target: Builtin\Users (S-1-5-32-545),SubjectLogonId: 0x3E7,CallerProcessName: C:\Program Files (x86)\Microsoft\EdgeUpdate\Install\{BB740F30-5CC7-4C68-9E39-8B883475240A}\EDGEMITMP_6080B.tmp\setup.exe,CallerProcessId: 0x174,,,,False,C:\Users\BRIANNA\OneDrive\Documents\GitHub\NSSECU3_MP2\Test Files\EvtLogs\APTSimulatorVM_EventLogs_Server2022\logs\Security.evtx,Audit success,0,"{""EventData"":{""Data"":[{""@Name"":""TargetUserName"",""#text"":""Users""},{""@Name"":""TargetDomainName"",""#text"":""Builtin""},{""@Name"":""TargetSid"",""#text"":""S-1-5-32-545""},{""@Name"":""SubjectUserSid"",""#text"":""S-1-5-18""},{""@Name"":""SubjectUserName"",""#text"":""WIN-FUDU2CKJOE8$""},{""@Name"":""SubjectDomainName"",""#text"":""WORKGROUP""},{""@Name"":""SubjectLogonId"",""#text"":""0x3E7""},{""@Name"":""CallerProcessId"",""#text"":""0x174""},{""@Name"":""CallerProcessName"",""#text"":""C:\\Program Files (x86)\\Microsoft\\EdgeUpdate\\Install\\{BB740F30-5CC7-4C68-9E39-8B883475240A}\\EDGEMITMP_6080B.tmp\\setup.exe""}]}}"
559,559,2023-10-18 02:59:07.0437173,4616,LogAlways,Microsoft-Windows-Security-Auditing,Security,4,340,WIN-FUDU2CKJOE8,6,,The system time was changed,WORKGROUP\WIN-FUDU2CKJOE8$ (S-1-5-18),,PreviousTime: 2023-10-18 02:52:39.6748585,NewTime: 2023-10-18 02:59:06.9920000,LogonId: 0x3E7,,,,C:\Program Files\VMware\VMware Tools\vmtoolsd.exe,False,C:\Users\BRIANNA\OneDrive\Documents\GitHub\NSSECU3_MP2\Test Files\EvtLogs\APTSimulatorVM_EventLogs_Server2022\logs\Security.evtx,Audit success,0,"{""EventData"":{""Data"":[{""@Name"":""SubjectUserSid"",""#text"":""S-1-5-18""},{""@Name"":""SubjectUserName"",""#text"":""WIN-FUDU2CKJOE8$""},{""@Name"":""SubjectDomainName"",""#text"":""WORKGROUP""},{""@Name"":""SubjectLogonId"",""#text"":""0x3E7""},{""@Name"":""PreviousTime"",""#text"":""2023-10-18 02:52:39.6748585""},{""@Name"":""NewTime"",""#text"":""2023-10-18 02:59:06.9920000""},{""@Name"":""ProcessId"",""#text"":""0x688""},{""@Name"":""ProcessName"",""#text"":""C:\\Program Files\\VMware\\VMware Tools\\vmtoolsd.exe""}]}}"
560,560,2023-10-18 02:59:31.7418385,4798,LogAlways,Microsoft-Windows-Security-Auditing,Security,684,392,WIN-FUDU2CKJOE8,6,,A user's local group membership was enumerated,WIN-FUDU2CKJOE8\Test (S-1-5-21-3275454858-3348516582-95323724-1000),,Target: WIN-FUDU2CKJOE8\Test (S-1-5-21-3275454858-3348516582-95323724-1000),SubjectLogonId: 0x21E94,CallerProcessName: C:\Windows\explorer.exe,CallerProcessId: 0xD00,,,,False,C:\Users\BRIANNA\OneDrive\Documents\GitHub\NSSECU3_MP2\Test Files\EvtLogs\APTSimulatorVM_EventLogs_Server2022\logs\Security.evtx,Audit success,0,"{""EventData"":{""Data"":[{""@Name"":""TargetUserName"",""#text"":""Test""},{""@Name"":""TargetDomainName"",""#text"":""WIN-FUDU2CKJOE8""},{""@Name"":""TargetSid"",""#text"":""S-1-5-21-3275454858-3348516582-95323724-1000""},{""@Name"":""SubjectUserSid"",""#text"":""S-1-5-21-3275454858-3348516582-95323724-1000""},{""@Name"":""SubjectUserName"",""#text"":""Test""},{""@Name"":""SubjectDomainName"",""#text"":""WIN-FUDU2CKJOE8""},{""@Name"":""SubjectLogonId"",""#text"":""0x21E94""},{""@Name"":""CallerProcessId"",""#text"":""0xD00""},{""@Name"":""CallerProcessName"",""#text"":""C:\\Windows\\explorer.exe""}]}}"
561,561,2023-10-18 02:59:31.7979867,5379,LogAlways,Microsoft-Windows-Security-Auditing,Security,684,392,WIN-FUDU2CKJOE8,6,,Credential Manager credentials were read,Test,,SID: S-1-5-21-3275454858-3348516582-95323724-1000,Domain: WIN-FUDU2CKJOE8,LogonID: 0x21E94,CountOfCredentialsReturned: 1,,ActivityID: 42b1999b-016d-0001-7b9a-b1426d01da01,Microsoft_Windows_Shell_ZipFolder:filename=C:\Temp\APTSimulator_pw_apt.zip,False,C:\Users\BRIANNA\OneDrive\Documents\GitHub\NSSECU3_MP2\Test Files\EvtLogs\APTSimulatorVM_EventLogs_Server2022\logs\Security.evtx,Audit success,0,"{""EventData"":{""Data"":[{""@Name"":""SubjectUserSid"",""#text"":""S-1-5-21-3275454858-3348516582-95323724-1000""},{""@Name"":""SubjectUserName"",""#text"":""Test""},{""@Name"":""SubjectDomainName"",""#text"":""WIN-FUDU2CKJOE8""},{""@Name"":""SubjectLogonId"",""#text"":""0x21E94""},{""@Name"":""TargetName"",""#text"":""Microsoft_Windows_Shell_ZipFolder:filename=C:\\Temp\\APTSimulator_pw_apt.zip""},{""@Name"":""Type"",""#text"":""1""},{""@Name"":""CountOfCredentialsReturned"",""#text"":""1""},{""@Name"":""ReadOperation"",""#text"":""%%8099""},{""@Name"":""ReturnCode"",""#text"":""3221226021""},{""@Name"":""ProcessCreationTime"",""#text"":""2023-10-18 02:46:35.4415784""},{""@Name"":""ClientProcessId"",""#text"":""3328""}]}}"
562,562,2023-10-18 03:00:38.2683143,4616,LogAlways,Microsoft-Windows-Security-Auditing,Security,4,124,WIN-FUDU2CKJOE8,6,,The system time was changed,NT AUTHORITY\LOCAL SERVICE (S-1-5-19),,PreviousTime: 2023-10-18 03:00:41.8268941,NewTime: 2023-10-18 03:00:38.2675659,LogonId: 0x3E5,,,,C:\Windows\System32\svchost.exe,False,C:\Users\BRIANNA\OneDrive\Documents\GitHub\NSSECU3_MP2\Test Files\EvtLogs\APTSimulatorVM_EventLogs_Server2022\logs\Security.evtx,Audit success,0,"{""EventData"":{""Data"":[{""@Name"":""SubjectUserSid"",""#text"":""S-1-5-19""},{""@Name"":""SubjectUserName"",""#text"":""LOCAL SERVICE""},{""@Name"":""SubjectDomainName"",""#text"":""NT AUTHORITY""},{""@Name"":""SubjectLogonId"",""#text"":""0x3E5""},{""@Name"":""PreviousTime"",""#text"":""2023-10-18 03:00:41.8268941""},{""@Name"":""NewTime"",""#text"":""2023-10-18 03:00:38.2675659""},{""@Name"":""ProcessId"",""#text"":""0x7A0""},{""@Name"":""ProcessName"",""#text"":""C:\\Windows\\System32\\svchost.exe""}]}}"
563,563,2023-10-18 03:00:38.2713960,4616,LogAlways,Microsoft-Windows-Security-Auditing,Security,4,112,WIN-FUDU2CKJOE8,6,,The system time was changed,NT AUTHORITY\LOCAL SERVICE (S-1-5-19),,PreviousTime: 2023-10-18 03:00:38.2675659,NewTime: 2023-10-18 03:00:38.2709475,LogonId: 0x3E5,,,,C:\Windows\System32\svchost.exe,False,C:\Users\BRIANNA\OneDrive\Documents\GitHub\NSSECU3_MP2\Test Files\EvtLogs\APTSimulatorVM_EventLogs_Server2022\logs\Security.evtx,Audit success,0,"{""EventData"":{""Data"":[{""@Name"":""SubjectUserSid"",""#text"":""S-1-5-19""},{""@Name"":""SubjectUserName"",""#text"":""LOCAL SERVICE""},{""@Name"":""SubjectDomainName"",""#text"":""NT AUTHORITY""},{""@Name"":""SubjectLogonId"",""#text"":""0x3E5""},{""@Name"":""PreviousTime"",""#text"":""2023-10-18 03:00:38.2675659""},{""@Name"":""NewTime"",""#text"":""2023-10-18 03:00:38.2709475""},{""@Name"":""ProcessId"",""#text"":""0x7A0""},{""@Name"":""ProcessName"",""#text"":""C:\\Windows\\System32\\svchost.exe""}]}}"
