46,46,2023-10-18 05:43:41.7516324,4735,LogAlways,Microsoft-Windows-Security-Auditing,Security,656,660,WIN-FUDU2CKJOE8,0,,A security-enabled local group was changed,\MINWINPC$ (S-1-5-18),,Target: Builtin\Hyper-V Administrators (S-1-5-32-578),SubjectLogonId: 0x3E7,SamAccountName: -,SidHistory: -,PrivilegeList: -,,,False,C:\Users\BRIANNA\OneDrive\Documents\GitHub\NSSECU3_MP2\Test Files\EvtLogs\APTSimulatorVM_EventLogs_Server2022\logs\Security.evtx,Audit success,0,"{""EventData"":{""Data"":[{""@Name"":""TargetUserName"",""#text"":""Hyper-V Administrators""},{""@Name"":""TargetDomainName"",""#text"":""Builtin""},{""@Name"":""TargetSid"",""#text"":""S-1-5-32-578""},{""@Name"":""SubjectUserSid"",""#text"":""S-1-5-18""},{""@Name"":""SubjectUserName"",""#text"":""MINWINPC$""},{""@Name"":""SubjectDomainName""},{""@Name"":""SubjectLogonId"",""#text"":""0x3E7""},{""@Name"":""PrivilegeList"",""#text"":""-""},{""@Name"":""SamAccountName"",""#text"":""-""},{""@Name"":""SidHistory"",""#text"":""-""}]}}"
47,47,2023-10-18 05:43:41.7518690,4731,LogAlways,Microsoft-Windows-Security-Auditing,Security,656,660,WIN-FUDU2CKJOE8,0,,A security-enabled local group was created,\MINWINPC$ (S-1-5-18),,Target: Builtin\Access Control Assistance Operators (S-1-5-32-579),SubjectLogonId: 0x3E7,SamAccountName: Access Control Assistance Operators,SidHistory: -,PrivilegeList: -,,,False,C:\Users\BRIANNA\OneDrive\Documents\GitHub\NSSECU3_MP2\Test Files\EvtLogs\APTSimulatorVM_EventLogs_Server2022\logs\Security.evtx,Audit success,0,"{""EventData"":{""Data"":[{""@Name"":""TargetUserName"",""#text"":""Access Control Assistance Operators""},{""@Name"":""TargetDomainName"",""#text"":""Builtin""},{""@Name"":""TargetSid"",""#text"":""S-1-5-32-579""},{""@Name"":""SubjectUserSid"",""#text"":""S-1-5-18""},{""@Name"":""SubjectUserName"",""#text"":""MINWINPC$""},{""@Name"":""SubjectDomainName""},{""@Name"":""SubjectLogonId"",""#text"":""0x3E7""},{""@Name"":""PrivilegeList"",""#text"":""-""},{""@Name"":""SamAccountName"",""#text"":""Access Control Assistance Operators""},{""@Name"":""SidHistory"",""#text"":""-""}]}}"
48,48,2023-10-18 05:43:41.7519084,4735,LogAlways,Microsoft-Windows-Security-Auditing,Security,656,660,WIN-FUDU2CKJOE8,0,,A security-enabled local group was changed,\MINWINPC$ (S-1-5-18),,Target: Builtin\Access Control Assistance Operators (S-1-5-32-579),SubjectLogonId: 0x3E7,SamAccountName: -,SidHistory: -,PrivilegeList: -,,,False,C:\Users\BRIANNA\OneDrive\Documents\GitHub\NSSECU3_MP2\Test Files\EvtLogs\APTSimulatorVM_EventLogs_Server2022\logs\Security.evtx,Audit success,0,"{""EventData"":{""Data"":[{""@Name"":""TargetUserName"",""#text"":""Access Control Assistance Operators""},{""@Name"":""TargetDomainName"",""#text"":""Builtin""},{""@Name"":""TargetSid"",""#text"":""S-1-5-32-579""},{""@Name"":""SubjectUserSid"",""#text"":""S-1-5-18""},{""@Name"":""SubjectUserName"",""#text"":""MINWINPC$""},{""@Name"":""SubjectDomainName""},{""@Name"":""SubjectLogonId"",""#text"":""0x3E7""},{""@Name"":""PrivilegeList"",""#text"":""-""},{""@Name"":""SamAccountName"",""#text"":""-""},{""@Name"":""SidHistory"",""#text"":""-""}]}}"
49,49,2023-10-18 05:43:41.7521413,4731,LogAlways,Microsoft-Windows-Security-Auditing,Security,656,660,WIN-FUDU2CKJOE8,0,,A security-enabled local group was created,\MINWINPC$ (S-1-5-18),,Target: Builtin\Remote Management Users (S-1-5-32-580),SubjectLogonId: 0x3E7,SamAccountName: Remote Management Users,SidHistory: -,PrivilegeList: -,,,False,C:\Users\BRIANNA\OneDrive\Documents\GitHub\NSSECU3_MP2\Test Files\EvtLogs\APTSimulatorVM_EventLogs_Server2022\logs\Security.evtx,Audit success,0,"{""EventData"":{""Data"":[{""@Name"":""TargetUserName"",""#text"":""Remote Management Users""},{""@Name"":""TargetDomainName"",""#text"":""Builtin""},{""@Name"":""TargetSid"",""#text"":""S-1-5-32-580""},{""@Name"":""SubjectUserSid"",""#text"":""S-1-5-18""},{""@Name"":""SubjectUserName"",""#text"":""MINWINPC$""},{""@Name"":""SubjectDomainName""},{""@Name"":""SubjectLogonId"",""#text"":""0x3E7""},{""@Name"":""PrivilegeList"",""#text"":""-""},{""@Name"":""SamAccountName"",""#text"":""Remote Management Users""},{""@Name"":""SidHistory"",""#text"":""-""}]}}"
50,50,2023-10-18 05:43:41.7521778,4735,LogAlways,Microsoft-Windows-Security-Auditing,Security,656,660,WIN-FUDU2CKJOE8,0,,A security-enabled local group was changed,\MINWINPC$ (S-1-5-18),,Target: Builtin\Remote Management Users (S-1-5-32-580),SubjectLogonId: 0x3E7,SamAccountName: -,SidHistory: -,PrivilegeList: -,,,False,C:\Users\BRIANNA\OneDrive\Documents\GitHub\NSSECU3_MP2\Test Files\EvtLogs\APTSimulatorVM_EventLogs_Server2022\logs\Security.evtx,Audit success,0,"{""EventData"":{""Data"":[{""@Name"":""TargetUserName"",""#text"":""Remote Management Users""},{""@Name"":""TargetDomainName"",""#text"":""Builtin""},{""@Name"":""TargetSid"",""#text"":""S-1-5-32-580""},{""@Name"":""SubjectUserSid"",""#text"":""S-1-5-18""},{""@Name"":""SubjectUserName"",""#text"":""MINWINPC$""},{""@Name"":""SubjectDomainName""},{""@Name"":""SubjectLogonId"",""#text"":""0x3E7""},{""@Name"":""PrivilegeList"",""#text"":""-""},{""@Name"":""SamAccountName"",""#text"":""-""},{""@Name"":""SidHistory"",""#text"":""-""}]}}"
51,51,2023-10-18 05:43:41.7524222,4727,LogAlways,Microsoft-Windows-Security-Auditing,Security,656,660,WIN-FUDU2CKJOE8,0,,,,,,,,,,,,False,C:\Users\BRIANNA\OneDrive\Documents\GitHub\NSSECU3_MP2\Test Files\EvtLogs\APTSimulatorVM_EventLogs_Server2022\logs\Security.evtx,Audit success,0,"{""EventData"":{""Data"":[{""@Name"":""TargetUserName"",""#text"":""Storage Replica Administrators""},{""@Name"":""TargetDomainName"",""#text"":""Builtin""},{""@Name"":""TargetSid"",""#text"":""S-1-5-32-582""},{""@Name"":""SubjectUserSid"",""#text"":""S-1-5-18""},{""@Name"":""SubjectUserName"",""#text"":""MINWINPC$""},{""@Name"":""SubjectDomainName""},{""@Name"":""SubjectLogonId"",""#text"":""0x3E7""},{""@Name"":""PrivilegeList"",""#text"":""-""},{""@Name"":""SamAccountName"",""#text"":""Storage Replica Administrators""},{""@Name"":""SidHistory"",""#text"":""-""}]}}"
52,52,2023-10-18 05:43:41.7524549,4735,LogAlways,Microsoft-Windows-Security-Auditing,Security,656,660,WIN-FUDU2CKJOE8,0,,A security-enabled local group was changed,\MINWINPC$ (S-1-5-18),,Target: Builtin\Storage Replica Administrators (S-1-5-32-582),SubjectLogonId: 0x3E7,SamAccountName: -,SidHistory: -,PrivilegeList: -,,,False,C:\Users\BRIANNA\OneDrive\Documents\GitHub\NSSECU3_MP2\Test Files\EvtLogs\APTSimulatorVM_EventLogs_Server2022\logs\Security.evtx,Audit success,0,"{""EventData"":{""Data"":[{""@Name"":""TargetUserName"",""#text"":""Storage Replica Administrators""},{""@Name"":""TargetDomainName"",""#text"":""Builtin""},{""@Name"":""TargetSid"",""#text"":""S-1-5-32-582""},{""@Name"":""SubjectUserSid"",""#text"":""S-1-5-18""},{""@Name"":""SubjectUserName"",""#text"":""MINWINPC$""},{""@Name"":""SubjectDomainName""},{""@Name"":""SubjectLogonId"",""#text"":""0x3E7""},{""@Name"":""PrivilegeList"",""#text"":""-""},{""@Name"":""SamAccountName"",""#text"":""-""},{""@Name"":""SidHistory"",""#text"":""-""}]}}"
53,53,2023-10-18 05:43:41.7528333,4728,LogAlways,Microsoft-Windows-Security-Auditing,Security,656,660,WIN-FUDU2CKJOE8,0,,A member was added to a security-enabled global group,\MINWINPC$ (S-1-5-18),,Target: MINWINPC\None (S-1-5-21-3275454858-3348516582-95323724-513),Member: -,MemberSid: S-1-5-21-3275454858-3348516582-95323724-504,SubjectLogonId: 0x3E7,,,,False,C:\Users\BRIANNA\OneDrive\Documents\GitHub\NSSECU3_MP2\Test Files\EvtLogs\APTSimulatorVM_EventLogs_Server2022\logs\Security.evtx,Audit success,0,"{""EventData"":{""Data"":[{""@Name"":""MemberName"",""#text"":""-""},{""@Name"":""MemberSid"",""#text"":""S-1-5-21-3275454858-3348516582-95323724-504""},{""@Name"":""TargetUserName"",""#text"":""None""},{""@Name"":""TargetDomainName"",""#text"":""MINWINPC""},{""@Name"":""TargetSid"",""#text"":""S-1-5-21-3275454858-3348516582-95323724-513""},{""@Name"":""SubjectUserSid"",""#text"":""S-1-5-18""},{""@Name"":""SubjectUserName"",""#text"":""MINWINPC$""},{""@Name"":""SubjectDomainName""},{""@Name"":""SubjectLogonId"",""#text"":""0x3E7""},{""@Name"":""PrivilegeList"",""#text"":""-""}]}}"
54,54,2023-10-18 05:43:41.7530351,4720,LogAlways,Microsoft-Windows-Security-Auditing,Security,656,660,WIN-FUDU2CKJOE8,0,,A new account was created,\MINWINPC$ (S-1-5-18),,Target: MINWINPC\WDAGUtilityAccount (S-1-5-21-3275454858-3348516582-95323724-504),,,,,,,False,C:\Users\BRIANNA\OneDrive\Documents\GitHub\NSSECU3_MP2\Test Files\EvtLogs\APTSimulatorVM_EventLogs_Server2022\logs\Security.evtx,Audit success,0,"{""EventData"":{""Data"":[{""@Name"":""TargetUserName"",""#text"":""WDAGUtilityAccount""},{""@Name"":""TargetDomainName"",""#text"":""MINWINPC""},{""@Name"":""TargetSid"",""#text"":""S-1-5-21-3275454858-3348516582-95323724-504""},{""@Name"":""SubjectUserSid"",""#text"":""S-1-5-18""},{""@Name"":""SubjectUserName"",""#text"":""MINWINPC$""},{""@Name"":""SubjectDomainName""},{""@Name"":""SubjectLogonId"",""#text"":""0x3E7""},{""@Name"":""PrivilegeList"",""#text"":""-""},{""@Name"":""SamAccountName"",""#text"":""WDAGUtilityAccount""},{""@Name"":""DisplayName"",""#text"":""%%1793""},{""@Name"":""UserPrincipalName"",""#text"":""-""},{""@Name"":""HomeDirectory"",""#text"":""%%1793""},{""@Name"":""HomePath"",""#text"":""%%1793""},{""@Name"":""ScriptPath"",""#text"":""%%1793""},{""@Name"":""ProfilePath"",""#text"":""%%1793""},{""@Name"":""UserWorkstations"",""#text"":""%%1793""},{""@Name"":""PasswordLastSet"",""#text"":""%%1794""},{""@Name"":""AccountExpires"",""#text"":""%%1794""},{""@Name"":""PrimaryGroupId"",""#text"":""513""},{""@Name"":""AllowedToDelegateTo"",""#text"":""-""},{""@Name"":""OldUacValue"",""#text"":""0x0""},{""@Name"":""NewUacValue"",""#text"":""0x15""},{""@Name"":""UserAccountControl"",""#text"":"", %%2080, %%2082, %%2084""},{""@Name"":""UserParameters"",""#text"":""%%1793""},{""@Name"":""SidHistory"",""#text"":""-""},{""@Name"":""LogonHours"",""#text"":""%%1797""}]}}"
55,55,2023-10-18 05:43:41.7536383,4738,LogAlways,Microsoft-Windows-Security-Auditing,Security,656,660,WIN-FUDU2CKJOE8,0,,A user account was changed,\MINWINPC$,,Target: MINWINPC\WDAGUtilityAccount,"Changed Attribute SamAccountName: - DisplayName: - UserPrincipalName: - HomeDirectory: - HomePath: - ScriptPath: - ProfilePath: - UserWorkstations: - PasswordLastSet: - AccountExpires: - PrimaryGroupId: - AllowedToDelegateTo: - OldUacValue: 0x15 NewUacValue: 0x11 UserAccountControl: , %%2050 UserParameters: - SidHistory: - LogonHours: -",,,,,,False,C:\Users\BRIANNA\OneDrive\Documents\GitHub\NSSECU3_MP2\Test Files\EvtLogs\APTSimulatorVM_EventLogs_Server2022\logs\Security.evtx,Audit success,0,"{""EventData"":{""Data"":[{""@Name"":""Dummy"",""#text"":""-""},{""@Name"":""TargetUserName"",""#text"":""WDAGUtilityAccount""},{""@Name"":""TargetDomainName"",""#text"":""MINWINPC""},{""@Name"":""TargetSid"",""#text"":""S-1-5-21-3275454858-3348516582-95323724-504""},{""@Name"":""SubjectUserSid"",""#text"":""S-1-5-18""},{""@Name"":""SubjectUserName"",""#text"":""MINWINPC$""},{""@Name"":""SubjectDomainName""},{""@Name"":""SubjectLogonId"",""#text"":""0x3E7""},{""@Name"":""PrivilegeList"",""#text"":""-""},{""@Name"":""SamAccountName"",""#text"":""-""},{""@Name"":""DisplayName"",""#text"":""-""},{""@Name"":""UserPrincipalName"",""#text"":""-""},{""@Name"":""HomeDirectory"",""#text"":""-""},{""@Name"":""HomePath"",""#text"":""-""},{""@Name"":""ScriptPath"",""#text"":""-""},{""@Name"":""ProfilePath"",""#text"":""-""},{""@Name"":""UserWorkstations"",""#text"":""-""},{""@Name"":""PasswordLastSet"",""#text"":""-""},{""@Name"":""AccountExpires"",""#text"":""-""},{""@Name"":""PrimaryGroupId"",""#text"":""-""},{""@Name"":""AllowedToDelegateTo"",""#text"":""-""},{""@Name"":""OldUacValue"",""#text"":""0x15""},{""@Name"":""NewUacValue"",""#text"":""0x11""},{""@Name"":""UserAccountControl"",""#text"":"", %%2050""},{""@Name"":""UserParameters"",""#text"":""-""},{""@Name"":""SidHistory"",""#text"":""-""},{""@Name"":""LogonHours"",""#text"":""-""}]}}"
56,56,2023-10-18 05:43:41.8072267,4738,LogAlways,Microsoft-Windows-Security-Auditing,Security,656,660,WIN-FUDU2CKJOE8,0,,A user account was changed,\MINWINPC$,,Target: MINWINPC\WDAGUtilityAccount,Changed Attribute SamAccountName: - DisplayName: - UserPrincipalName: - HomeDirectory: - HomePath: - ScriptPath: - ProfilePath: - UserWorkstations: - PasswordLastSet: - AccountExpires: - PrimaryGroupId: - AllowedToDelegateTo: - OldUacValue: - NewUacValue: - UserAccountControl: - UserParameters: - SidHistory: - LogonHours: -,,,,,,False,C:\Users\BRIANNA\OneDrive\Documents\GitHub\NSSECU3_MP2\Test Files\EvtLogs\APTSimulatorVM_EventLogs_Server2022\logs\Security.evtx,Audit success,0,"{""EventData"":{""Data"":[{""@Name"":""Dummy"",""#text"":""-""},{""@Name"":""TargetUserName"",""#text"":""WDAGUtilityAccount""},{""@Name"":""TargetDomainName"",""#text"":""MINWINPC""},{""@Name"":""TargetSid"",""#text"":""S-1-5-21-3275454858-3348516582-95323724-504""},{""@Name"":""SubjectUserSid"",""#text"":""S-1-5-18""},{""@Name"":""SubjectUserName"",""#text"":""MINWINPC$""},{""@Name"":""SubjectDomainName""},{""@Name"":""SubjectLogonId"",""#text"":""0x3E7""},{""@Name"":""PrivilegeList"",""#text"":""-""},{""@Name"":""SamAccountName"",""#text"":""-""},{""@Name"":""DisplayName"",""#text"":""-""},{""@Name"":""UserPrincipalName"",""#text"":""-""},{""@Name"":""HomeDirectory"",""#text"":""-""},{""@Name"":""HomePath"",""#text"":""-""},{""@Name"":""ScriptPath"",""#text"":""-""},{""@Name"":""ProfilePath"",""#text"":""-""},{""@Name"":""UserWorkstations"",""#text"":""-""},{""@Name"":""PasswordLastSet"",""#text"":""-""},{""@Name"":""AccountExpires"",""#text"":""-""},{""@Name"":""PrimaryGroupId"",""#text"":""-""},{""@Name"":""AllowedToDelegateTo"",""#text"":""-""},{""@Name"":""OldUacValue"",""#text"":""-""},{""@Name"":""NewUacValue"",""#text"":""-""},{""@Name"":""UserAccountControl"",""#text"":""-""},{""@Name"":""UserParameters"",""#text"":""-""},{""@Name"":""SidHistory"",""#text"":""-""},{""@Name"":""LogonHours"",""#text"":""-""}]}}"
57,57,2023-10-18 05:43:41.8073245,4738,LogAlways,Microsoft-Windows-Security-Auditing,Security,656,660,WIN-FUDU2CKJOE8,0,,A user account was changed,\MINWINPC$,,Target: MINWINPC\WDAGUtilityAccount,Changed Attribute SamAccountName: - DisplayName: - UserPrincipalName: - HomeDirectory: - HomePath: - ScriptPath: - ProfilePath: - UserWorkstations: - PasswordLastSet: - AccountExpires: - PrimaryGroupId: - AllowedToDelegateTo: - OldUacValue: - NewUacValue: - UserAccountControl: - UserParameters: - SidHistory: - LogonHours: -,,,,,,False,C:\Users\BRIANNA\OneDrive\Documents\GitHub\NSSECU3_MP2\Test Files\EvtLogs\APTSimulatorVM_EventLogs_Server2022\logs\Security.evtx,Audit success,0,"{""EventData"":{""Data"":[{""@Name"":""Dummy"",""#text"":""-""},{""@Name"":""TargetUserName"",""#text"":""WDAGUtilityAccount""},{""@Name"":""TargetDomainName"",""#text"":""MINWINPC""},{""@Name"":""TargetSid"",""#text"":""S-1-5-21-3275454858-3348516582-95323724-504""},{""@Name"":""SubjectUserSid"",""#text"":""S-1-5-18""},{""@Name"":""SubjectUserName"",""#text"":""MINWINPC$""},{""@Name"":""SubjectDomainName""},{""@Name"":""SubjectLogonId"",""#text"":""0x3E7""},{""@Name"":""PrivilegeList"",""#text"":""-""},{""@Name"":""SamAccountName"",""#text"":""-""},{""@Name"":""DisplayName"",""#text"":""-""},{""@Name"":""UserPrincipalName"",""#text"":""-""},{""@Name"":""HomeDirectory"",""#text"":""-""},{""@Name"":""HomePath"",""#text"":""-""},{""@Name"":""ScriptPath"",""#text"":""-""},{""@Name"":""ProfilePath"",""#text"":""-""},{""@Name"":""UserWorkstations"",""#text"":""-""},{""@Name"":""PasswordLastSet"",""#text"":""-""},{""@Name"":""AccountExpires"",""#text"":""-""},{""@Name"":""PrimaryGroupId"",""#text"":""-""},{""@Name"":""AllowedToDelegateTo"",""#text"":""-""},{""@Name"":""OldUacValue"",""#text"":""-""},{""@Name"":""NewUacValue"",""#text"":""-""},{""@Name"":""UserAccountControl"",""#text"":""-""},{""@Name"":""UserParameters"",""#text"":""-""},{""@Name"":""SidHistory"",""#text"":""-""},{""@Name"":""LogonHours"",""#text"":""-""}]}}"
58,58,2023-10-18 05:43:41.8140209,4624,LogAlways,Microsoft-Windows-Security-Auditing,Security,656,716,WIN-FUDU2CKJOE8,0,,Successful logon,\MINWINPC$,- (-),Target: NT AUTHORITY\SYSTEM,LogonType 5,LogonId: 0x3E7,AuthenticationPackageName: Negotiate,"LogonProcessName: Advapi  ",,C:\Windows\System32\services.exe,False,C:\Users\BRIANNA\OneDrive\Documents\GitHub\NSSECU3_MP2\Test Files\EvtLogs\APTSimulatorVM_EventLogs_Server2022\logs\Security.evtx,Audit success,0,"{""EventData"":{""Data"":[{""@Name"":""SubjectUserSid"",""#text"":""S-1-5-18""},{""@Name"":""SubjectUserName"",""#text"":""MINWINPC$""},{""@Name"":""SubjectDomainName""},{""@Name"":""SubjectLogonId"",""#text"":""0x3E7""},{""@Name"":""TargetUserSid"",""#text"":""S-1-5-18""},{""@Name"":""TargetUserName"",""#text"":""SYSTEM""},{""@Name"":""TargetDomainName"",""#text"":""NT AUTHORITY""},{""@Name"":""TargetLogonId"",""#text"":""0x3E7""},{""@Name"":""LogonType"",""#text"":""5""},{""@Name"":""LogonProcessName"",""#text"":""Advapi  ""},{""@Name"":""AuthenticationPackageName"",""#text"":""Negotiate""},{""@Name"":""WorkstationName"",""#text"":""-""},{""@Name"":""LogonGuid"",""#text"":""00000000-0000-0000-0000-000000000000""},{""@Name"":""TransmittedServices"",""#text"":""-""},{""@Name"":""LmPackageName"",""#text"":""-""},{""@Name"":""KeyLength"",""#text"":""0""},{""@Name"":""ProcessId"",""#text"":""0x270""},{""@Name"":""ProcessName"",""#text"":""C:\\Windows\\System32\\services.exe""},{""@Name"":""IpAddress"",""#text"":""-""},{""@Name"":""IpPort"",""#text"":""-""},{""@Name"":""ImpersonationLevel"",""#text"":""%%1833""},{""@Name"":""RestrictedAdminMode"",""#text"":""-""},{""@Name"":""TargetOutboundUserName"",""#text"":""-""},{""@Name"":""TargetOutboundDomainName"",""#text"":""-""},{""@Name"":""VirtualAccount"",""#text"":""%%1843""},{""@Name"":""TargetLinkedLogonId"",""#text"":""0x0""},{""@Name"":""ElevatedToken"",""#text"":""%%1842""}]}}"
59,59,2023-10-18 05:43:41.8140294,4672,LogAlways,Microsoft-Windows-Security-Auditing,Security,656,716,WIN-FUDU2CKJOE8,0,,Administrative logon,NT AUTHORITY\SYSTEM (S-1-5-18),,"PrivilegeList: SeAssignPrimaryTokenPrivilege, SeTcbPrivilege, SeSecurityPrivilege, SeTakeOwnershipPrivilege, SeLoadDriverPrivilege, SeBackupPrivilege, SeRestorePrivilege, SeDebugPrivilege, SeAuditPrivilege, SeSystemEnvironmentPrivilege, SeImpersonatePrivilege, SeDelegateSessionUserImpersonatePrivilege",LogonId: 0x3E7,,,,,,False,C:\Users\BRIANNA\OneDrive\Documents\GitHub\NSSECU3_MP2\Test Files\EvtLogs\APTSimulatorVM_EventLogs_Server2022\logs\Security.evtx,Audit success,0,"{""EventData"":{""Data"":[{""@Name"":""SubjectUserSid"",""#text"":""S-1-5-18""},{""@Name"":""SubjectUserName"",""#text"":""SYSTEM""},{""@Name"":""SubjectDomainName"",""#text"":""NT AUTHORITY""},{""@Name"":""SubjectLogonId"",""#text"":""0x3E7""},{""@Name"":""PrivilegeList"",""#text"":""SeAssignPrimaryTokenPrivilege, SeTcbPrivilege, SeSecurityPrivilege, SeTakeOwnershipPrivilege, SeLoadDriverPrivilege, SeBackupPrivilege, SeRestorePrivilege, SeDebugPrivilege, SeAuditPrivilege, SeSystemEnvironmentPrivilege, SeImpersonatePrivilege, SeDelegateSessionUserImpersonatePrivilege""}]}}"
60,60,2023-10-18 05:43:41.8162713,4648,LogAlways,Microsoft-Windows-Security-Auditing,Security,656,776,WIN-FUDU2CKJOE8,0,,A logon was attempted using explicit credentials,\MINWINPC$,-:-,Target: Font Driver Host\UMFD-0,TargetServerName: localhost,PID: 0x204,TargetInfo: localhost,,,C:\Windows\System32\wininit.exe,False,C:\Users\BRIANNA\OneDrive\Documents\GitHub\NSSECU3_MP2\Test Files\EvtLogs\APTSimulatorVM_EventLogs_Server2022\logs\Security.evtx,Audit success,0,"{""EventData"":{""Data"":[{""@Name"":""SubjectUserSid"",""#text"":""S-1-5-18""},{""@Name"":""SubjectUserName"",""#text"":""MINWINPC$""},{""@Name"":""SubjectDomainName""},{""@Name"":""SubjectLogonId"",""#text"":""0x3E7""},{""@Name"":""LogonGuid"",""#text"":""00000000-0000-0000-0000-000000000000""},{""@Name"":""TargetUserName"",""#text"":""UMFD-0""},{""@Name"":""TargetDomainName"",""#text"":""Font Driver Host""},{""@Name"":""TargetLogonGuid"",""#text"":""00000000-0000-0000-0000-000000000000""},{""@Name"":""TargetServerName"",""#text"":""localhost""},{""@Name"":""TargetInfo"",""#text"":""localhost""},{""@Name"":""ProcessId"",""#text"":""0x204""},{""@Name"":""ProcessName"",""#text"":""C:\\Windows\\System32\\wininit.exe""},{""@Name"":""IpAddress"",""#text"":""-""},{""@Name"":""IpPort"",""#text"":""-""}]}}"
61,61,2023-10-18 05:43:41.8162855,4624,LogAlways,Microsoft-Windows-Security-Auditing,Security,656,776,WIN-FUDU2CKJOE8,0,,Successful logon,\MINWINPC$,- (-),Target: Font Driver Host\UMFD-0,LogonType 2,LogonId: 0x19C51,AuthenticationPackageName: Negotiate,"LogonProcessName: Advapi  ",,C:\Windows\System32\wininit.exe,False,C:\Users\BRIANNA\OneDrive\Documents\GitHub\NSSECU3_MP2\Test Files\EvtLogs\APTSimulatorVM_EventLogs_Server2022\logs\Security.evtx,Audit success,0,"{""EventData"":{""Data"":[{""@Name"":""SubjectUserSid"",""#text"":""S-1-5-18""},{""@Name"":""SubjectUserName"",""#text"":""MINWINPC$""},{""@Name"":""SubjectDomainName""},{""@Name"":""SubjectLogonId"",""#text"":""0x3E7""},{""@Name"":""TargetUserSid"",""#text"":""S-1-5-96-0-0""},{""@Name"":""TargetUserName"",""#text"":""UMFD-0""},{""@Name"":""TargetDomainName"",""#text"":""Font Driver Host""},{""@Name"":""TargetLogonId"",""#text"":""0x19C51""},{""@Name"":""LogonType"",""#text"":""2""},{""@Name"":""LogonProcessName"",""#text"":""Advapi  ""},{""@Name"":""AuthenticationPackageName"",""#text"":""Negotiate""},{""@Name"":""WorkstationName"",""#text"":""-""},{""@Name"":""LogonGuid"",""#text"":""00000000-0000-0000-0000-000000000000""},{""@Name"":""TransmittedServices"",""#text"":""-""},{""@Name"":""LmPackageName"",""#text"":""-""},{""@Name"":""KeyLength"",""#text"":""0""},{""@Name"":""ProcessId"",""#text"":""0x204""},{""@Name"":""ProcessName"",""#text"":""C:\\Windows\\System32\\wininit.exe""},{""@Name"":""IpAddress"",""#text"":""-""},{""@Name"":""IpPort"",""#text"":""-""},{""@Name"":""ImpersonationLevel"",""#text"":""%%1833""},{""@Name"":""RestrictedAdminMode"",""#text"":""-""},{""@Name"":""TargetOutboundUserName"",""#text"":""-""},{""@Name"":""TargetOutboundDomainName"",""#text"":""-""},{""@Name"":""VirtualAccount"",""#text"":""%%1842""},{""@Name"":""TargetLinkedLogonId"",""#text"":""0x0""},{""@Name"":""ElevatedToken"",""#text"":""%%1843""}]}}"
62,62,2023-10-18 05:43:41.8166852,4648,LogAlways,Microsoft-Windows-Security-Auditing,Security,656,724,WIN-FUDU2CKJOE8,0,,A logon was attempted using explicit credentials,\MINWINPC$,-:-,Target: Font Driver Host\UMFD-1,TargetServerName: localhost,PID: 0x260,TargetInfo: localhost,,,C:\Windows\System32\winlogon.exe,False,C:\Users\BRIANNA\OneDrive\Documents\GitHub\NSSECU3_MP2\Test Files\EvtLogs\APTSimulatorVM_EventLogs_Server2022\logs\Security.evtx,Audit success,0,"{""EventData"":{""Data"":[{""@Name"":""SubjectUserSid"",""#text"":""S-1-5-18""},{""@Name"":""SubjectUserName"",""#text"":""MINWINPC$""},{""@Name"":""SubjectDomainName""},{""@Name"":""SubjectLogonId"",""#text"":""0x3E7""},{""@Name"":""LogonGuid"",""#text"":""00000000-0000-0000-0000-000000000000""},{""@Name"":""TargetUserName"",""#text"":""UMFD-1""},{""@Name"":""TargetDomainName"",""#text"":""Font Driver Host""},{""@Name"":""TargetLogonGuid"",""#text"":""00000000-0000-0000-0000-000000000000""},{""@Name"":""TargetServerName"",""#text"":""localhost""},{""@Name"":""TargetInfo"",""#text"":""localhost""},{""@Name"":""ProcessId"",""#text"":""0x260""},{""@Name"":""ProcessName"",""#text"":""C:\\Windows\\System32\\winlogon.exe""},{""@Name"":""IpAddress"",""#text"":""-""},{""@Name"":""IpPort"",""#text"":""-""}]}}"
63,63,2023-10-18 05:43:41.8166986,4624,LogAlways,Microsoft-Windows-Security-Auditing,Security,656,724,WIN-FUDU2CKJOE8,0,,Successful logon,\MINWINPC$,- (-),Target: Font Driver Host\UMFD-1,LogonType 2,LogonId: 0x19C02,AuthenticationPackageName: Negotiate,"LogonProcessName: Advapi  ",,C:\Windows\System32\winlogon.exe,False,C:\Users\BRIANNA\OneDrive\Documents\GitHub\NSSECU3_MP2\Test Files\EvtLogs\APTSimulatorVM_EventLogs_Server2022\logs\Security.evtx,Audit success,0,"{""EventData"":{""Data"":[{""@Name"":""SubjectUserSid"",""#text"":""S-1-5-18""},{""@Name"":""SubjectUserName"",""#text"":""MINWINPC$""},{""@Name"":""SubjectDomainName""},{""@Name"":""SubjectLogonId"",""#text"":""0x3E7""},{""@Name"":""TargetUserSid"",""#text"":""S-1-5-96-0-1""},{""@Name"":""TargetUserName"",""#text"":""UMFD-1""},{""@Name"":""TargetDomainName"",""#text"":""Font Driver Host""},{""@Name"":""TargetLogonId"",""#text"":""0x19C02""},{""@Name"":""LogonType"",""#text"":""2""},{""@Name"":""LogonProcessName"",""#text"":""Advapi  ""},{""@Name"":""AuthenticationPackageName"",""#text"":""Negotiate""},{""@Name"":""WorkstationName"",""#text"":""-""},{""@Name"":""LogonGuid"",""#text"":""00000000-0000-0000-0000-000000000000""},{""@Name"":""TransmittedServices"",""#text"":""-""},{""@Name"":""LmPackageName"",""#text"":""-""},{""@Name"":""KeyLength"",""#text"":""0""},{""@Name"":""ProcessId"",""#text"":""0x260""},{""@Name"":""ProcessName"",""#text"":""C:\\Windows\\System32\\winlogon.exe""},{""@Name"":""IpAddress"",""#text"":""-""},{""@Name"":""IpPort"",""#text"":""-""},{""@Name"":""ImpersonationLevel"",""#text"":""%%1833""},{""@Name"":""RestrictedAdminMode"",""#text"":""-""},{""@Name"":""TargetOutboundUserName"",""#text"":""-""},{""@Name"":""TargetOutboundDomainName"",""#text"":""-""},{""@Name"":""VirtualAccount"",""#text"":""%%1842""},{""@Name"":""TargetLinkedLogonId"",""#text"":""0x0""},{""@Name"":""ElevatedToken"",""#text"":""%%1843""}]}}"
64,64,2023-10-18 05:43:42.0042524,4624,LogAlways,Microsoft-Windows-Security-Auditing,Security,656,724,WIN-FUDU2CKJOE8,0,,Successful logon,\MINWINPC$,- (-),Target: NT AUTHORITY\NETWORK SERVICE,LogonType 5,LogonId: 0x3E4,AuthenticationPackageName: Negotiate,"LogonProcessName: Advapi  ",,C:\Windows\System32\services.exe,False,C:\Users\BRIANNA\OneDrive\Documents\GitHub\NSSECU3_MP2\Test Files\EvtLogs\APTSimulatorVM_EventLogs_Server2022\logs\Security.evtx,Audit success,0,"{""EventData"":{""Data"":[{""@Name"":""SubjectUserSid"",""#text"":""S-1-5-18""},{""@Name"":""SubjectUserName"",""#text"":""MINWINPC$""},{""@Name"":""SubjectDomainName""},{""@Name"":""SubjectLogonId"",""#text"":""0x3E7""},{""@Name"":""TargetUserSid"",""#text"":""S-1-5-20""},{""@Name"":""TargetUserName"",""#text"":""NETWORK SERVICE""},{""@Name"":""TargetDomainName"",""#text"":""NT AUTHORITY""},{""@Name"":""TargetLogonId"",""#text"":""0x3E4""},{""@Name"":""LogonType"",""#text"":""5""},{""@Name"":""LogonProcessName"",""#text"":""Advapi  ""},{""@Name"":""AuthenticationPackageName"",""#text"":""Negotiate""},{""@Name"":""WorkstationName"",""#text"":""-""},{""@Name"":""LogonGuid"",""#text"":""00000000-0000-0000-0000-000000000000""},{""@Name"":""TransmittedServices"",""#text"":""-""},{""@Name"":""LmPackageName"",""#text"":""-""},{""@Name"":""KeyLength"",""#text"":""0""},{""@Name"":""ProcessId"",""#text"":""0x270""},{""@Name"":""ProcessName"",""#text"":""C:\\Windows\\System32\\services.exe""},{""@Name"":""IpAddress"",""#text"":""-""},{""@Name"":""IpPort"",""#text"":""-""},{""@Name"":""ImpersonationLevel"",""#text"":""%%1833""},{""@Name"":""RestrictedAdminMode"",""#text"":""-""},{""@Name"":""TargetOutboundUserName"",""#text"":""-""},{""@Name"":""TargetOutboundDomainName"",""#text"":""-""},{""@Name"":""VirtualAccount"",""#text"":""%%1843""},{""@Name"":""TargetLinkedLogonId"",""#text"":""0x0""},{""@Name"":""ElevatedToken"",""#text"":""%%1842""}]}}"
65,65,2023-10-18 05:43:42.0042574,4672,LogAlways,Microsoft-Windows-Security-Auditing,Security,656,724,WIN-FUDU2CKJOE8,0,,Administrative logon,NT AUTHORITY\NETWORK SERVICE (S-1-5-20),,"PrivilegeList: SeAssignPrimaryTokenPrivilege, SeAuditPrivilege, SeImpersonatePrivilege",LogonId: 0x3E4,,,,,,False,C:\Users\BRIANNA\OneDrive\Documents\GitHub\NSSECU3_MP2\Test Files\EvtLogs\APTSimulatorVM_EventLogs_Server2022\logs\Security.evtx,Audit success,0,"{""EventData"":{""Data"":[{""@Name"":""SubjectUserSid"",""#text"":""S-1-5-20""},{""@Name"":""SubjectUserName"",""#text"":""NETWORK SERVICE""},{""@Name"":""SubjectDomainName"",""#text"":""NT AUTHORITY""},{""@Name"":""SubjectLogonId"",""#text"":""0x3E4""},{""@Name"":""PrivilegeList"",""#text"":""SeAssignPrimaryTokenPrivilege, SeAuditPrivilege, SeImpersonatePrivilege""}]}}"
66,66,2023-10-18 05:43:42.5627498,4648,LogAlways,Microsoft-Windows-Security-Auditing,Security,656,724,WIN-FUDU2CKJOE8,0,,A logon was attempted using explicit credentials,\MINWINPC$,-:-,Target: Window Manager\DWM-1,TargetServerName: localhost,PID: 0x260,TargetInfo: localhost,,,C:\Windows\System32\winlogon.exe,False,C:\Users\BRIANNA\OneDrive\Documents\GitHub\NSSECU3_MP2\Test Files\EvtLogs\APTSimulatorVM_EventLogs_Server2022\logs\Security.evtx,Audit success,0,"{""EventData"":{""Data"":[{""@Name"":""SubjectUserSid"",""#text"":""S-1-5-18""},{""@Name"":""SubjectUserName"",""#text"":""MINWINPC$""},{""@Name"":""SubjectDomainName""},{""@Name"":""SubjectLogonId"",""#text"":""0x3E7""},{""@Name"":""LogonGuid"",""#text"":""00000000-0000-0000-0000-000000000000""},{""@Name"":""TargetUserName"",""#text"":""DWM-1""},{""@Name"":""TargetDomainName"",""#text"":""Window Manager""},{""@Name"":""TargetLogonGuid"",""#text"":""00000000-0000-0000-0000-000000000000""},{""@Name"":""TargetServerName"",""#text"":""localhost""},{""@Name"":""TargetInfo"",""#text"":""localhost""},{""@Name"":""ProcessId"",""#text"":""0x260""},{""@Name"":""ProcessName"",""#text"":""C:\\Windows\\System32\\winlogon.exe""},{""@Name"":""IpAddress"",""#text"":""-""},{""@Name"":""IpPort"",""#text"":""-""}]}}"
67,67,2023-10-18 05:43:42.5627670,4624,LogAlways,Microsoft-Windows-Security-Auditing,Security,656,724,WIN-FUDU2CKJOE8,0,,Successful logon,\MINWINPC$,- (-),Target: Window Manager\DWM-1,LogonType 2,LogonId: 0x2165C,AuthenticationPackageName: Negotiate,"LogonProcessName: Advapi  ",,C:\Windows\System32\winlogon.exe,False,C:\Users\BRIANNA\OneDrive\Documents\GitHub\NSSECU3_MP2\Test Files\EvtLogs\APTSimulatorVM_EventLogs_Server2022\logs\Security.evtx,Audit success,0,"{""EventData"":{""Data"":[{""@Name"":""SubjectUserSid"",""#text"":""S-1-5-18""},{""@Name"":""SubjectUserName"",""#text"":""MINWINPC$""},{""@Name"":""SubjectDomainName""},{""@Name"":""SubjectLogonId"",""#text"":""0x3E7""},{""@Name"":""TargetUserSid"",""#text"":""S-1-5-90-0-1""},{""@Name"":""TargetUserName"",""#text"":""DWM-1""},{""@Name"":""TargetDomainName"",""#text"":""Window Manager""},{""@Name"":""TargetLogonId"",""#text"":""0x2165C""},{""@Name"":""LogonType"",""#text"":""2""},{""@Name"":""LogonProcessName"",""#text"":""Advapi  ""},{""@Name"":""AuthenticationPackageName"",""#text"":""Negotiate""},{""@Name"":""WorkstationName"",""#text"":""-""},{""@Name"":""LogonGuid"",""#text"":""00000000-0000-0000-0000-000000000000""},{""@Name"":""TransmittedServices"",""#text"":""-""},{""@Name"":""LmPackageName"",""#text"":""-""},{""@Name"":""KeyLength"",""#text"":""0""},{""@Name"":""ProcessId"",""#text"":""0x260""},{""@Name"":""ProcessName"",""#text"":""C:\\Windows\\System32\\winlogon.exe""},{""@Name"":""IpAddress"",""#text"":""-""},{""@Name"":""IpPort"",""#text"":""-""},{""@Name"":""ImpersonationLevel"",""#text"":""%%1833""},{""@Name"":""RestrictedAdminMode"",""#text"":""-""},{""@Name"":""TargetOutboundUserName"",""#text"":""-""},{""@Name"":""TargetOutboundDomainName"",""#text"":""-""},{""@Name"":""VirtualAccount"",""#text"":""%%1842""},{""@Name"":""TargetLinkedLogonId"",""#text"":""0x21670""},{""@Name"":""ElevatedToken"",""#text"":""%%1842""}]}}"
68,68,2023-10-18 05:43:42.5627810,4624,LogAlways,Microsoft-Windows-Security-Auditing,Security,656,724,WIN-FUDU2CKJOE8,0,,Successful logon,\MINWINPC$,- (-),Target: Window Manager\DWM-1,LogonType 2,LogonId: 0x21670,AuthenticationPackageName: Negotiate,"LogonProcessName: Advapi  ",,C:\Windows\System32\winlogon.exe,False,C:\Users\BRIANNA\OneDrive\Documents\GitHub\NSSECU3_MP2\Test Files\EvtLogs\APTSimulatorVM_EventLogs_Server2022\logs\Security.evtx,Audit success,0,"{""EventData"":{""Data"":[{""@Name"":""SubjectUserSid"",""#text"":""S-1-5-18""},{""@Name"":""SubjectUserName"",""#text"":""MINWINPC$""},{""@Name"":""SubjectDomainName""},{""@Name"":""SubjectLogonId"",""#text"":""0x3E7""},{""@Name"":""TargetUserSid"",""#text"":""S-1-5-90-0-1""},{""@Name"":""TargetUserName"",""#text"":""DWM-1""},{""@Name"":""TargetDomainName"",""#text"":""Window Manager""},{""@Name"":""TargetLogonId"",""#text"":""0x21670""},{""@Name"":""LogonType"",""#text"":""2""},{""@Name"":""LogonProcessName"",""#text"":""Advapi  ""},{""@Name"":""AuthenticationPackageName"",""#text"":""Negotiate""},{""@Name"":""WorkstationName"",""#text"":""-""},{""@Name"":""LogonGuid"",""#text"":""00000000-0000-0000-0000-000000000000""},{""@Name"":""TransmittedServices"",""#text"":""-""},{""@Name"":""LmPackageName"",""#text"":""-""},{""@Name"":""KeyLength"",""#text"":""0""},{""@Name"":""ProcessId"",""#text"":""0x260""},{""@Name"":""ProcessName"",""#text"":""C:\\Windows\\System32\\winlogon.exe""},{""@Name"":""IpAddress"",""#text"":""-""},{""@Name"":""IpPort"",""#text"":""-""},{""@Name"":""ImpersonationLevel"",""#text"":""%%1833""},{""@Name"":""RestrictedAdminMode"",""#text"":""-""},{""@Name"":""TargetOutboundUserName"",""#text"":""-""},{""@Name"":""TargetOutboundDomainName"",""#text"":""-""},{""@Name"":""VirtualAccount"",""#text"":""%%1842""},{""@Name"":""TargetLinkedLogonId"",""#text"":""0x2165C""},{""@Name"":""ElevatedToken"",""#text"":""%%1843""}]}}"
69,69,2023-10-18 05:43:42.5627852,4672,LogAlways,Microsoft-Windows-Security-Auditing,Security,656,724,WIN-FUDU2CKJOE8,0,,Administrative logon,Window Manager\DWM-1 (S-1-5-90-0-1),,"PrivilegeList: SeAssignPrimaryTokenPrivilege, SeAuditPrivilege, SeImpersonatePrivilege",LogonId: 0x2165C,,,,,,False,C:\Users\BRIANNA\OneDrive\Documents\GitHub\NSSECU3_MP2\Test Files\EvtLogs\APTSimulatorVM_EventLogs_Server2022\logs\Security.evtx,Audit success,0,"{""EventData"":{""Data"":[{""@Name"":""SubjectUserSid"",""#text"":""S-1-5-90-0-1""},{""@Name"":""SubjectUserName"",""#text"":""DWM-1""},{""@Name"":""SubjectDomainName"",""#text"":""Window Manager""},{""@Name"":""SubjectLogonId"",""#text"":""0x2165C""},{""@Name"":""PrivilegeList"",""#text"":""SeAssignPrimaryTokenPrivilege, SeAuditPrivilege, SeImpersonatePrivilege""}]}}"
70,70,2023-10-18 05:43:42.5627863,4672,LogAlways,Microsoft-Windows-Security-Auditing,Security,656,724,WIN-FUDU2CKJOE8,0,,Administrative logon,Window Manager\DWM-1 (S-1-5-90-0-1),,"PrivilegeList: SeAssignPrimaryTokenPrivilege, SeAuditPrivilege",LogonId: 0x21670,,,,,,False,C:\Users\BRIANNA\OneDrive\Documents\GitHub\NSSECU3_MP2\Test Files\EvtLogs\APTSimulatorVM_EventLogs_Server2022\logs\Security.evtx,Audit success,0,"{""EventData"":{""Data"":[{""@Name"":""SubjectUserSid"",""#text"":""S-1-5-90-0-1""},{""@Name"":""SubjectUserName"",""#text"":""DWM-1""},{""@Name"":""SubjectDomainName"",""#text"":""Window Manager""},{""@Name"":""SubjectLogonId"",""#text"":""0x21670""},{""@Name"":""PrivilegeList"",""#text"":""SeAssignPrimaryTokenPrivilege, SeAuditPrivilege""}]}}"
71,71,2023-10-18 05:43:42.7781003,4624,LogAlways,Microsoft-Windows-Security-Auditing,Security,656,724,WIN-FUDU2CKJOE8,0,,Successful logon,\MINWINPC$,- (-),Target: NT AUTHORITY\SYSTEM,LogonType 5,LogonId: 0x3E7,AuthenticationPackageName: Negotiate,"LogonProcessName: Advapi  ",,C:\Windows\System32\services.exe,False,C:\Users\BRIANNA\OneDrive\Documents\GitHub\NSSECU3_MP2\Test Files\EvtLogs\APTSimulatorVM_EventLogs_Server2022\logs\Security.evtx,Audit success,0,"{""EventData"":{""Data"":[{""@Name"":""SubjectUserSid"",""#text"":""S-1-5-18""},{""@Name"":""SubjectUserName"",""#text"":""MINWINPC$""},{""@Name"":""SubjectDomainName""},{""@Name"":""SubjectLogonId"",""#text"":""0x3E7""},{""@Name"":""TargetUserSid"",""#text"":""S-1-5-18""},{""@Name"":""TargetUserName"",""#text"":""SYSTEM""},{""@Name"":""TargetDomainName"",""#text"":""NT AUTHORITY""},{""@Name"":""TargetLogonId"",""#text"":""0x3E7""},{""@Name"":""LogonType"",""#text"":""5""},{""@Name"":""LogonProcessName"",""#text"":""Advapi  ""},{""@Name"":""AuthenticationPackageName"",""#text"":""Negotiate""},{""@Name"":""WorkstationName"",""#text"":""-""},{""@Name"":""LogonGuid"",""#text"":""00000000-0000-0000-0000-000000000000""},{""@Name"":""TransmittedServices"",""#text"":""-""},{""@Name"":""LmPackageName"",""#text"":""-""},{""@Name"":""KeyLength"",""#text"":""0""},{""@Name"":""ProcessId"",""#text"":""0x270""},{""@Name"":""ProcessName"",""#text"":""C:\\Windows\\System32\\services.exe""},{""@Name"":""IpAddress"",""#text"":""-""},{""@Name"":""IpPort"",""#text"":""-""},{""@Name"":""ImpersonationLevel"",""#text"":""%%1833""},{""@Name"":""RestrictedAdminMode"",""#text"":""-""},{""@Name"":""TargetOutboundUserName"",""#text"":""-""},{""@Name"":""TargetOutboundDomainName"",""#text"":""-""},{""@Name"":""VirtualAccount"",""#text"":""%%1843""},{""@Name"":""TargetLinkedLogonId"",""#text"":""0x0""},{""@Name"":""ElevatedToken"",""#text"":""%%1842""}]}}"
72,72,2023-10-18 05:43:42.7781064,4672,LogAlways,Microsoft-Windows-Security-Auditing,Security,656,724,WIN-FUDU2CKJOE8,0,,Administrative logon,NT AUTHORITY\SYSTEM (S-1-5-18),,"PrivilegeList: SeAssignPrimaryTokenPrivilege, SeTcbPrivilege, SeSecurityPrivilege, SeTakeOwnershipPrivilege, SeLoadDriverPrivilege, SeBackupPrivilege, SeRestorePrivilege, SeDebugPrivilege, SeAuditPrivilege, SeSystemEnvironmentPrivilege, SeImpersonatePrivilege, SeDelegateSessionUserImpersonatePrivilege",LogonId: 0x3E7,,,,,,False,C:\Users\BRIANNA\OneDrive\Documents\GitHub\NSSECU3_MP2\Test Files\EvtLogs\APTSimulatorVM_EventLogs_Server2022\logs\Security.evtx,Audit success,0,"{""EventData"":{""Data"":[{""@Name"":""SubjectUserSid"",""#text"":""S-1-5-18""},{""@Name"":""SubjectUserName"",""#text"":""SYSTEM""},{""@Name"":""SubjectDomainName"",""#text"":""NT AUTHORITY""},{""@Name"":""SubjectLogonId"",""#text"":""0x3E7""},{""@Name"":""PrivilegeList"",""#text"":""SeAssignPrimaryTokenPrivilege, SeTcbPrivilege, SeSecurityPrivilege, SeTakeOwnershipPrivilege, SeLoadDriverPrivilege, SeBackupPrivilege, SeRestorePrivilege, SeDebugPrivilege, SeAuditPrivilege, SeSystemEnvironmentPrivilege, SeImpersonatePrivilege, SeDelegateSessionUserImpersonatePrivilege""}]}}"
73,73,2023-10-18 05:43:42.9216857,4624,LogAlways,Microsoft-Windows-Security-Auditing,Security,656,724,WIN-FUDU2CKJOE8,0,,Successful logon,\MINWINPC$,- (-),Target: NT AUTHORITY\LOCAL SERVICE,LogonType 5,LogonId: 0x3E5,AuthenticationPackageName: Negotiate,"LogonProcessName: Advapi  ",,C:\Windows\System32\services.exe,False,C:\Users\BRIANNA\OneDrive\Documents\GitHub\NSSECU3_MP2\Test Files\EvtLogs\APTSimulatorVM_EventLogs_Server2022\logs\Security.evtx,Audit success,0,"{""EventData"":{""Data"":[{""@Name"":""SubjectUserSid"",""#text"":""S-1-5-18""},{""@Name"":""SubjectUserName"",""#text"":""MINWINPC$""},{""@Name"":""SubjectDomainName""},{""@Name"":""SubjectLogonId"",""#text"":""0x3E7""},{""@Name"":""TargetUserSid"",""#text"":""S-1-5-19""},{""@Name"":""TargetUserName"",""#text"":""LOCAL SERVICE""},{""@Name"":""TargetDomainName"",""#text"":""NT AUTHORITY""},{""@Name"":""TargetLogonId"",""#text"":""0x3E5""},{""@Name"":""LogonType"",""#text"":""5""},{""@Name"":""LogonProcessName"",""#text"":""Advapi  ""},{""@Name"":""AuthenticationPackageName"",""#text"":""Negotiate""},{""@Name"":""WorkstationName"",""#text"":""-""},{""@Name"":""LogonGuid"",""#text"":""00000000-0000-0000-0000-000000000000""},{""@Name"":""TransmittedServices"",""#text"":""-""},{""@Name"":""LmPackageName"",""#text"":""-""},{""@Name"":""KeyLength"",""#text"":""0""},{""@Name"":""ProcessId"",""#text"":""0x270""},{""@Name"":""ProcessName"",""#text"":""C:\\Windows\\System32\\services.exe""},{""@Name"":""IpAddress"",""#text"":""-""},{""@Name"":""IpPort"",""#text"":""-""},{""@Name"":""ImpersonationLevel"",""#text"":""%%1833""},{""@Name"":""RestrictedAdminMode"",""#text"":""-""},{""@Name"":""TargetOutboundUserName"",""#text"":""-""},{""@Name"":""TargetOutboundDomainName"",""#text"":""-""},{""@Name"":""VirtualAccount"",""#text"":""%%1843""},{""@Name"":""TargetLinkedLogonId"",""#text"":""0x0""},{""@Name"":""ElevatedToken"",""#text"":""%%1842""}]}}"
74,74,2023-10-18 05:43:42.9216912,4672,LogAlways,Microsoft-Windows-Security-Auditing,Security,656,724,WIN-FUDU2CKJOE8,0,,Administrative logon,NT AUTHORITY\LOCAL SERVICE (S-1-5-19),,"PrivilegeList: SeAssignPrimaryTokenPrivilege, SeAuditPrivilege, SeImpersonatePrivilege",LogonId: 0x3E5,,,,,,False,C:\Users\BRIANNA\OneDrive\Documents\GitHub\NSSECU3_MP2\Test Files\EvtLogs\APTSimulatorVM_EventLogs_Server2022\logs\Security.evtx,Audit success,0,"{""EventData"":{""Data"":[{""@Name"":""SubjectUserSid"",""#text"":""S-1-5-19""},{""@Name"":""SubjectUserName"",""#text"":""LOCAL SERVICE""},{""@Name"":""SubjectDomainName"",""#text"":""NT AUTHORITY""},{""@Name"":""SubjectLogonId"",""#text"":""0x3E5""},{""@Name"":""PrivilegeList"",""#text"":""SeAssignPrimaryTokenPrivilege, SeAuditPrivilege, SeImpersonatePrivilege""}]}}"
75,75,2023-10-18 05:43:48.9680943,4718,LogAlways,Microsoft-Windows-Security-Auditing,Security,656,772,WIN-FUDU2CKJOE8,0,,System security access was removed from an account,\MINWINPC$ (S-1-5-18),,TargetSID: S-1-5-32-546,AccessRemoved: SeInteractiveLogonRight,,,,," (PID: )",False,C:\Users\BRIANNA\OneDrive\Documents\GitHub\NSSECU3_MP2\Test Files\EvtLogs\APTSimulatorVM_EventLogs_Server2022\logs\Security.evtx,Audit success,0,"{""EventData"":{""Data"":[{""@Name"":""SubjectUserSid"",""#text"":""S-1-5-18""},{""@Name"":""SubjectUserName"",""#text"":""MINWINPC$""},{""@Name"":""SubjectDomainName""},{""@Name"":""SubjectLogonId"",""#text"":""0x3E7""},{""@Name"":""TargetSid"",""#text"":""S-1-5-32-546""},{""@Name"":""AccessRemoved"",""#text"":""SeInteractiveLogonRight""}]}}"
76,76,2023-10-18 05:43:48.9725490,4718,LogAlways,Microsoft-Windows-Security-Auditing,Security,656,772,WIN-FUDU2CKJOE8,0,,System security access was removed from an account,\MINWINPC$ (S-1-5-18),,TargetSID: S-1-5-32-581,AccessRemoved: SeInteractiveLogonRight,,,,," (PID: )",False,C:\Users\BRIANNA\OneDrive\Documents\GitHub\NSSECU3_MP2\Test Files\EvtLogs\APTSimulatorVM_EventLogs_Server2022\logs\Security.evtx,Audit success,0,"{""EventData"":{""Data"":[{""@Name"":""SubjectUserSid"",""#text"":""S-1-5-18""},{""@Name"":""SubjectUserName"",""#text"":""MINWINPC$""},{""@Name"":""SubjectDomainName""},{""@Name"":""SubjectLogonId"",""#text"":""0x3E7""},{""@Name"":""TargetSid"",""#text"":""S-1-5-32-581""},{""@Name"":""AccessRemoved"",""#text"":""SeInteractiveLogonRight""}]}}"
77,77,2023-10-18 05:43:48.9725514,4718,LogAlways,Microsoft-Windows-Security-Auditing,Security,656,772,WIN-FUDU2CKJOE8,0,,System security access was removed from an account,\MINWINPC$ (S-1-5-18),,TargetSID: S-1-5-32-581,AccessRemoved: SeNetworkLogonRight,,,,," (PID: )",False,C:\Users\BRIANNA\OneDrive\Documents\GitHub\NSSECU3_MP2\Test Files\EvtLogs\APTSimulatorVM_EventLogs_Server2022\logs\Security.evtx,Audit success,0,"{""EventData"":{""Data"":[{""@Name"":""SubjectUserSid"",""#text"":""S-1-5-18""},{""@Name"":""SubjectUserName"",""#text"":""MINWINPC$""},{""@Name"":""SubjectDomainName""},{""@Name"":""SubjectLogonId"",""#text"":""0x3E7""},{""@Name"":""TargetSid"",""#text"":""S-1-5-32-581""},{""@Name"":""AccessRemoved"",""#text"":""SeNetworkLogonRight""}]}}"
78,78,2023-10-18 05:43:48.9790509,4718,LogAlways,Microsoft-Windows-Security-Auditing,Security,656,772,WIN-FUDU2CKJOE8,0,,System security access was removed from an account,\MINWINPC$ (S-1-5-18),,TargetSID: S-1-5-32-583,AccessRemoved: SeInteractiveLogonRight,,,,," (PID: )",False,C:\Users\BRIANNA\OneDrive\Documents\GitHub\NSSECU3_MP2\Test Files\EvtLogs\APTSimulatorVM_EventLogs_Server2022\logs\Security.evtx,Audit success,0,"{""EventData"":{""Data"":[{""@Name"":""SubjectUserSid"",""#text"":""S-1-5-18""},{""@Name"":""SubjectUserName"",""#text"":""MINWINPC$""},{""@Name"":""SubjectDomainName""},{""@Name"":""SubjectLogonId"",""#text"":""0x3E7""},{""@Name"":""TargetSid"",""#text"":""S-1-5-32-583""},{""@Name"":""AccessRemoved"",""#text"":""SeInteractiveLogonRight""}]}}"
79,79,2023-10-18 05:43:48.9790529,4718,LogAlways,Microsoft-Windows-Security-Auditing,Security,656,772,WIN-FUDU2CKJOE8,0,,System security access was removed from an account,\MINWINPC$ (S-1-5-18),,TargetSID: S-1-5-32-583,AccessRemoved: SeNetworkLogonRight,,,,," (PID: )",False,C:\Users\BRIANNA\OneDrive\Documents\GitHub\NSSECU3_MP2\Test Files\EvtLogs\APTSimulatorVM_EventLogs_Server2022\logs\Security.evtx,Audit success,0,"{""EventData"":{""Data"":[{""@Name"":""SubjectUserSid"",""#text"":""S-1-5-18""},{""@Name"":""SubjectUserName"",""#text"":""MINWINPC$""},{""@Name"":""SubjectDomainName""},{""@Name"":""SubjectLogonId"",""#text"":""0x3E7""},{""@Name"":""TargetSid"",""#text"":""S-1-5-32-583""},{""@Name"":""AccessRemoved"",""#text"":""SeNetworkLogonRight""}]}}"
80,80,2023-10-18 05:43:48.9884060,4717,LogAlways,Microsoft-Windows-Security-Auditing,Security,656,772,WIN-FUDU2CKJOE8,0,,System security access was granted to an account,\MINWINPC$ (S-1-5-18),,TargetSID: S-1-5-32-544,AccessGranted: SeRemoteInteractiveLogonRight,,,,,,False,C:\Users\BRIANNA\OneDrive\Documents\GitHub\NSSECU3_MP2\Test Files\EvtLogs\APTSimulatorVM_EventLogs_Server2022\logs\Security.evtx,Audit success,0,"{""EventData"":{""Data"":[{""@Name"":""SubjectUserSid"",""#text"":""S-1-5-18""},{""@Name"":""SubjectUserName"",""#text"":""MINWINPC$""},{""@Name"":""SubjectDomainName""},{""@Name"":""SubjectLogonId"",""#text"":""0x3E7""},{""@Name"":""TargetSid"",""#text"":""S-1-5-32-544""},{""@Name"":""AccessGranted"",""#text"":""SeRemoteInteractiveLogonRight""}]}}"
81,81,2023-10-18 05:43:48.9926190,4717,LogAlways,Microsoft-Windows-Security-Auditing,Security,656,772,WIN-FUDU2CKJOE8,0,,System security access was granted to an account,\MINWINPC$ (S-1-5-18),,TargetSID: S-1-5-32-551,AccessGranted: SeNetworkLogonRight,,,,,,False,C:\Users\BRIANNA\OneDrive\Documents\GitHub\NSSECU3_MP2\Test Files\EvtLogs\APTSimulatorVM_EventLogs_Server2022\logs\Security.evtx,Audit success,0,"{""EventData"":{""Data"":[{""@Name"":""SubjectUserSid"",""#text"":""S-1-5-18""},{""@Name"":""SubjectUserName"",""#text"":""MINWINPC$""},{""@Name"":""SubjectDomainName""},{""@Name"":""SubjectLogonId"",""#text"":""0x3E7""},{""@Name"":""TargetSid"",""#text"":""S-1-5-32-551""},{""@Name"":""AccessGranted"",""#text"":""SeNetworkLogonRight""}]}}"
82,82,2023-10-18 05:43:48.9926207,4717,LogAlways,Microsoft-Windows-Security-Auditing,Security,656,772,WIN-FUDU2CKJOE8,0,,System security access was granted to an account,\MINWINPC$ (S-1-5-18),,TargetSID: S-1-5-32-551,AccessGranted: SeBatchLogonRight,,,,,,False,C:\Users\BRIANNA\OneDrive\Documents\GitHub\NSSECU3_MP2\Test Files\EvtLogs\APTSimulatorVM_EventLogs_Server2022\logs\Security.evtx,Audit success,0,"{""EventData"":{""Data"":[{""@Name"":""SubjectUserSid"",""#text"":""S-1-5-18""},{""@Name"":""SubjectUserName"",""#text"":""MINWINPC$""},{""@Name"":""SubjectDomainName""},{""@Name"":""SubjectLogonId"",""#text"":""0x3E7""},{""@Name"":""TargetSid"",""#text"":""S-1-5-32-551""},{""@Name"":""AccessGranted"",""#text"":""SeBatchLogonRight""}]}}"
83,83,2023-10-18 05:43:48.9976230,4717,LogAlways,Microsoft-Windows-Security-Auditing,Security,656,772,WIN-FUDU2CKJOE8,0,,System security access was granted to an account,\MINWINPC$ (S-1-5-18),,TargetSID: S-1-5-32-559,AccessGranted: SeBatchLogonRight,,,,,,False,C:\Users\BRIANNA\OneDrive\Documents\GitHub\NSSECU3_MP2\Test Files\EvtLogs\APTSimulatorVM_EventLogs_Server2022\logs\Security.evtx,Audit success,0,"{""EventData"":{""Data"":[{""@Name"":""SubjectUserSid"",""#text"":""S-1-5-18""},{""@Name"":""SubjectUserName"",""#text"":""MINWINPC$""},{""@Name"":""SubjectDomainName""},{""@Name"":""SubjectLogonId"",""#text"":""0x3E7""},{""@Name"":""TargetSid"",""#text"":""S-1-5-32-559""},{""@Name"":""AccessGranted"",""#text"":""SeBatchLogonRight""}]}}"
84,84,2023-10-18 05:43:49.0012251,4718,LogAlways,Microsoft-Windows-Security-Auditing,Security,656,772,WIN-FUDU2CKJOE8,0,,System security access was removed from an account,\MINWINPC$ (S-1-5-18),,TargetSID: S-1-5-90-0,AccessRemoved: SeInteractiveLogonRight,,,,," (PID: )",False,C:\Users\BRIANNA\OneDrive\Documents\GitHub\NSSECU3_MP2\Test Files\EvtLogs\APTSimulatorVM_EventLogs_Server2022\logs\Security.evtx,Audit success,0,"{""EventData"":{""Data"":[{""@Name"":""SubjectUserSid"",""#text"":""S-1-5-18""},{""@Name"":""SubjectUserName"",""#text"":""MINWINPC$""},{""@Name"":""SubjectDomainName""},{""@Name"":""SubjectLogonId"",""#text"":""0x3E7""},{""@Name"":""TargetSid"",""#text"":""S-1-5-90-0""},{""@Name"":""AccessRemoved"",""#text"":""SeInteractiveLogonRight""}]}}"
85,85,2023-10-18 05:43:49.0045560,4717,LogAlways,Microsoft-Windows-Security-Auditing,Security,656,772,WIN-FUDU2CKJOE8,0,,System security access was granted to an account,\MINWINPC$ (S-1-5-18),,TargetSID: S-1-5-32-555,AccessGranted: SeRemoteInteractiveLogonRight,,,,,,False,C:\Users\BRIANNA\OneDrive\Documents\GitHub\NSSECU3_MP2\Test Files\EvtLogs\APTSimulatorVM_EventLogs_Server2022\logs\Security.evtx,Audit success,0,"{""EventData"":{""Data"":[{""@Name"":""SubjectUserSid"",""#text"":""S-1-5-18""},{""@Name"":""SubjectUserName"",""#text"":""MINWINPC$""},{""@Name"":""SubjectDomainName""},{""@Name"":""SubjectLogonId"",""#text"":""0x3E7""},{""@Name"":""TargetSid"",""#text"":""S-1-5-32-555""},{""@Name"":""AccessGranted"",""#text"":""SeRemoteInteractiveLogonRight""}]}}"
