704,704,2025-01-21 12:57:03.156250+00:00,206,Info,Microsoft-Windows-Application-Experience,System,776,1724,win7,4,S-1-5-18,,,,,,,,,,,False,C:\Users\BRIANNA\OneDrive\Documents\GitHub\NSSECU3_MP2\win7_files\Logs\System.evtx,Classic,0,"{""EventData"":""""}"
344,344,2025-01-21 12:57:12.250000+00:00,4107,Error,Microsoft-Windows-CAPI2,Application,1016,2132,win7,2,,,,,,,,,,,,False,C:\Users\BRIANNA\OneDrive\Documents\GitHub\NSSECU3_MP2\win7_files\Logs\Application.evtx,"Audit success, classic",0,"{""EventData"":{""Data"":""http://www.download.windowsupdate.com/msdownload/update/v3/static/trustedr/en/authrootstl.cab, A required certificate is not within its validity period when verifying against the current system clock or the timestamp in the signed file.\n"",""Binary"":""""}}"
345,345,2025-01-21 12:57:12.390625+00:00,4107,Error,Microsoft-Windows-CAPI2,Application,1016,2132,win7,2,,,,,,,,,,,,False,C:\Users\BRIANNA\OneDrive\Documents\GitHub\NSSECU3_MP2\win7_files\Logs\Application.evtx,"Audit success, classic",0,"{""EventData"":{""Data"":""http://www.download.windowsupdate.com/msdownload/update/v3/static/trustedr/en/authrootstl.cab, A required certificate is not within its validity period when verifying against the current system clock or the timestamp in the signed file.\n"",""Binary"":""""}}"
346,346,2025-01-21 12:57:12.406250+00:00,4107,Error,Microsoft-Windows-CAPI2,Application,1016,2132,win7,2,,,,,,,,,,,,False,C:\Users\BRIANNA\OneDrive\Documents\GitHub\NSSECU3_MP2\win7_files\Logs\Application.evtx,"Audit success, classic",0,"{""EventData"":{""Data"":""http://www.download.windowsupdate.com/msdownload/update/v3/static/trustedr/en/authrootstl.cab, A required certificate is not within its validity period when verifying against the current system clock or the timestamp in the signed file.\n"",""Binary"":""""}}"
347,347,2025-01-21 12:57:12.484375+00:00,4107,Error,Microsoft-Windows-CAPI2,Application,1016,2132,win7,2,,,,,,,,,,,,False,C:\Users\BRIANNA\OneDrive\Documents\GitHub\NSSECU3_MP2\win7_files\Logs\Application.evtx,"Audit success, classic",0,"{""EventData"":{""Data"":""http://www.download.windowsupdate.com/msdownload/update/v3/static/trustedr/en/authrootstl.cab, A required certificate is not within its validity period when verifying against the current system clock or the timestamp in the signed file.\n"",""Binary"":""""}}"
348,348,2025-01-21 12:57:12.500000+00:00,4107,Error,Microsoft-Windows-CAPI2,Application,1016,2132,win7,2,,,,,,,,,,,,False,C:\Users\BRIANNA\OneDrive\Documents\GitHub\NSSECU3_MP2\win7_files\Logs\Application.evtx,"Audit success, classic",0,"{""EventData"":{""Data"":""http://www.download.windowsupdate.com/msdownload/update/v3/static/trustedr/en/authrootstl.cab, A required certificate is not within its validity period when verifying against the current system clock or the timestamp in the signed file.\n"",""Binary"":""""}}"
349,349,2025-01-21 12:57:12.593750+00:00,4107,Error,Microsoft-Windows-CAPI2,Application,1016,2132,win7,2,,,,,,,,,,,,False,C:\Users\BRIANNA\OneDrive\Documents\GitHub\NSSECU3_MP2\win7_files\Logs\Application.evtx,"Audit success, classic",0,"{""EventData"":{""Data"":""http://www.download.windowsupdate.com/msdownload/update/v3/static/trustedr/en/authrootstl.cab, A required certificate is not within its validity period when verifying against the current system clock or the timestamp in the signed file.\n"",""Binary"":""""}}"
350,350,2025-01-21 12:57:12.609375+00:00,4107,Error,Microsoft-Windows-CAPI2,Application,1016,2132,win7,2,,,,,,,,,,,,False,C:\Users\BRIANNA\OneDrive\Documents\GitHub\NSSECU3_MP2\win7_files\Logs\Application.evtx,"Audit success, classic",0,"{""EventData"":{""Data"":""http://www.download.windowsupdate.com/msdownload/update/v3/static/trustedr/en/authrootstl.cab, A required certificate is not within its validity period when verifying against the current system clock or the timestamp in the signed file.\n"",""Binary"":""""}}"
351,351,2025-01-21 12:57:12.703125+00:00,4107,Error,Microsoft-Windows-CAPI2,Application,1016,2132,win7,2,,,,,,,,,,,,False,C:\Users\BRIANNA\OneDrive\Documents\GitHub\NSSECU3_MP2\win7_files\Logs\Application.evtx,"Audit success, classic",0,"{""EventData"":{""Data"":""http://www.download.windowsupdate.com/msdownload/update/v3/static/trustedr/en/authrootstl.cab, A required certificate is not within its validity period when verifying against the current system clock or the timestamp in the signed file.\n"",""Binary"":""""}}"
352,352,2025-01-21 12:57:12.718750+00:00,4107,Error,Microsoft-Windows-CAPI2,Application,1016,2132,win7,2,,,,,,,,,,,,False,C:\Users\BRIANNA\OneDrive\Documents\GitHub\NSSECU3_MP2\win7_files\Logs\Application.evtx,"Audit success, classic",0,"{""EventData"":{""Data"":""http://www.download.windowsupdate.com/msdownload/update/v3/static/trustedr/en/authrootstl.cab, A required certificate is not within its validity period when verifying against the current system clock or the timestamp in the signed file.\n"",""Binary"":""""}}"
353,353,2025-01-21 12:57:12.796875+00:00,4107,Error,Microsoft-Windows-CAPI2,Application,1016,2132,win7,2,,,,,,,,,,,,False,C:\Users\BRIANNA\OneDrive\Documents\GitHub\NSSECU3_MP2\win7_files\Logs\Application.evtx,"Audit success, classic",0,"{""EventData"":{""Data"":""http://www.download.windowsupdate.com/msdownload/update/v3/static/trustedr/en/authrootstl.cab, A required certificate is not within its validity period when verifying against the current system clock or the timestamp in the signed file.\n"",""Binary"":""""}}"
354,354,2025-01-21 12:57:12.812500+00:00,4107,Error,Microsoft-Windows-CAPI2,Application,1016,2132,win7,2,,,,,,,,,,,,False,C:\Users\BRIANNA\OneDrive\Documents\GitHub\NSSECU3_MP2\win7_files\Logs\Application.evtx,"Audit success, classic",0,"{""EventData"":{""Data"":""http://www.download.windowsupdate.com/msdownload/update/v3/static/trustedr/en/authrootstl.cab, A required certificate is not within its validity period when verifying against the current system clock or the timestamp in the signed file.\n"",""Binary"":""""}}"
355,355,2025-01-21 12:57:12.906250+00:00,4107,Error,Microsoft-Windows-CAPI2,Application,1016,2132,win7,2,,,,,,,,,,,,False,C:\Users\BRIANNA\OneDrive\Documents\GitHub\NSSECU3_MP2\win7_files\Logs\Application.evtx,"Audit success, classic",0,"{""EventData"":{""Data"":""http://www.download.windowsupdate.com/msdownload/update/v3/static/trustedr/en/authrootstl.cab, A required certificate is not within its validity period when verifying against the current system clock or the timestamp in the signed file.\n"",""Binary"":""""}}"
356,356,2025-01-21 12:57:12.921875+00:00,4107,Error,Microsoft-Windows-CAPI2,Application,1016,2132,win7,3,,,,,,,,,,,,False,C:\Users\BRIANNA\OneDrive\Documents\GitHub\NSSECU3_MP2\win7_files\Logs\Application.evtx,"Audit success, classic",0,"{""EventData"":{""Data"":""http://www.download.windowsupdate.com/msdownload/update/v3/static/trustedr/en/authrootstl.cab, A required certificate is not within its validity period when verifying against the current system clock or the timestamp in the signed file.\n"",""Binary"":""""}}"
357,357,2025-01-21 12:57:13+00:00,4107,Error,Microsoft-Windows-CAPI2,Application,1016,2132,win7,3,,,,,,,,,,,,False,C:\Users\BRIANNA\OneDrive\Documents\GitHub\NSSECU3_MP2\win7_files\Logs\Application.evtx,"Audit success, classic",0,"{""EventData"":{""Data"":""http://www.download.windowsupdate.com/msdownload/update/v3/static/trustedr/en/authrootstl.cab, A required certificate is not within its validity period when verifying against the current system clock or the timestamp in the signed file.\n"",""Binary"":""""}}"
358,358,2025-01-21 12:57:13.171875+00:00,4107,Error,Microsoft-Windows-CAPI2,Application,1016,2132,win7,3,,,,,,,,,,,,False,C:\Users\BRIANNA\OneDrive\Documents\GitHub\NSSECU3_MP2\win7_files\Logs\Application.evtx,"Audit success, classic",0,"{""EventData"":{""Data"":""http://www.download.windowsupdate.com/msdownload/update/v3/static/trustedr/en/authrootstl.cab, A required certificate is not within its validity period when verifying against the current system clock or the timestamp in the signed file.\n"",""Binary"":""""}}"
359,359,2025-01-21 12:57:13.250000+00:00,4107,Error,Microsoft-Windows-CAPI2,Application,1016,2132,win7,3,,,,,,,,,,,,False,C:\Users\BRIANNA\OneDrive\Documents\GitHub\NSSECU3_MP2\win7_files\Logs\Application.evtx,"Audit success, classic",0,"{""EventData"":{""Data"":""http://www.download.windowsupdate.com/msdownload/update/v3/static/trustedr/en/authrootstl.cab, A required certificate is not within its validity period when verifying against the current system clock or the timestamp in the signed file.\n"",""Binary"":""""}}"
360,360,2025-01-21 12:57:13.265625+00:00,4107,Error,Microsoft-Windows-CAPI2,Application,1016,2132,win7,3,,,,,,,,,,,,False,C:\Users\BRIANNA\OneDrive\Documents\GitHub\NSSECU3_MP2\win7_files\Logs\Application.evtx,"Audit success, classic",0,"{""EventData"":{""Data"":""http://www.download.windowsupdate.com/msdownload/update/v3/static/trustedr/en/authrootstl.cab, A required certificate is not within its validity period when verifying against the current system clock or the timestamp in the signed file.\n"",""Binary"":""""}}"
361,361,2025-01-21 12:57:13.359375+00:00,4107,Error,Microsoft-Windows-CAPI2,Application,1016,2132,win7,3,,,,,,,,,,,,False,C:\Users\BRIANNA\OneDrive\Documents\GitHub\NSSECU3_MP2\win7_files\Logs\Application.evtx,"Audit success, classic",0,"{""EventData"":{""Data"":""http://www.download.windowsupdate.com/msdownload/update/v3/static/trustedr/en/authrootstl.cab, A required certificate is not within its validity period when verifying against the current system clock or the timestamp in the signed file.\n"",""Binary"":""""}}"
362,362,2025-01-21 12:57:13.375000+00:00,4107,Error,Microsoft-Windows-CAPI2,Application,1016,2132,win7,3,,,,,,,,,,,,False,C:\Users\BRIANNA\OneDrive\Documents\GitHub\NSSECU3_MP2\win7_files\Logs\Application.evtx,"Audit success, classic",0,"{""EventData"":{""Data"":""http://www.download.windowsupdate.com/msdownload/update/v3/static/trustedr/en/authrootstl.cab, A required certificate is not within its validity period when verifying against the current system clock or the timestamp in the signed file.\n"",""Binary"":""""}}"
363,363,2025-01-21 12:57:13.453125+00:00,4107,Error,Microsoft-Windows-CAPI2,Application,1016,1988,win7,3,,,,,,,,,,,,False,C:\Users\BRIANNA\OneDrive\Documents\GitHub\NSSECU3_MP2\win7_files\Logs\Application.evtx,"Audit success, classic",0,"{""EventData"":{""Data"":""http://www.download.windowsupdate.com/msdownload/update/v3/static/trustedr/en/authrootstl.cab, A required certificate is not within its validity period when verifying against the current system clock or the timestamp in the signed file.\n"",""Binary"":""""}}"
364,364,2025-01-21 12:57:13.468750+00:00,4107,Error,Microsoft-Windows-CAPI2,Application,1016,1988,win7,3,,,,,,,,,,,,False,C:\Users\BRIANNA\OneDrive\Documents\GitHub\NSSECU3_MP2\win7_files\Logs\Application.evtx,"Audit success, classic",0,"{""EventData"":{""Data"":""http://www.download.windowsupdate.com/msdownload/update/v3/static/trustedr/en/authrootstl.cab, A required certificate is not within its validity period when verifying against the current system clock or the timestamp in the signed file.\n"",""Binary"":""""}}"
365,365,2025-01-21 12:57:13.562500+00:00,4107,Error,Microsoft-Windows-CAPI2,Application,1016,1988,win7,3,,,,,,,,,,,,False,C:\Users\BRIANNA\OneDrive\Documents\GitHub\NSSECU3_MP2\win7_files\Logs\Application.evtx,"Audit success, classic",0,"{""EventData"":{""Data"":""http://www.download.windowsupdate.com/msdownload/update/v3/static/trustedr/en/authrootstl.cab, A required certificate is not within its validity period when verifying against the current system clock or the timestamp in the signed file.\n"",""Binary"":""""}}"
366,366,2025-01-21 12:57:13.578125+00:00,4107,Error,Microsoft-Windows-CAPI2,Application,1016,1988,win7,3,,,,,,,,,,,,False,C:\Users\BRIANNA\OneDrive\Documents\GitHub\NSSECU3_MP2\win7_files\Logs\Application.evtx,"Audit success, classic",0,"{""EventData"":{""Data"":""http://www.download.windowsupdate.com/msdownload/update/v3/static/trustedr/en/authrootstl.cab, A required certificate is not within its validity period when verifying against the current system clock or the timestamp in the signed file.\n"",""Binary"":""""}}"
367,367,2025-01-21 12:57:13.656250+00:00,4107,Error,Microsoft-Windows-CAPI2,Application,1016,1988,win7,3,,,,,,,,,,,,False,C:\Users\BRIANNA\OneDrive\Documents\GitHub\NSSECU3_MP2\win7_files\Logs\Application.evtx,"Audit success, classic",0,"{""EventData"":{""Data"":""http://www.download.windowsupdate.com/msdownload/update/v3/static/trustedr/en/authrootstl.cab, A required certificate is not within its validity period when verifying against the current system clock or the timestamp in the signed file.\n"",""Binary"":""""}}"
368,368,2025-01-21 12:57:13.671875+00:00,4107,Error,Microsoft-Windows-CAPI2,Application,1016,1988,win7,3,,,,,,,,,,,,False,C:\Users\BRIANNA\OneDrive\Documents\GitHub\NSSECU3_MP2\win7_files\Logs\Application.evtx,"Audit success, classic",0,"{""EventData"":{""Data"":""http://www.download.windowsupdate.com/msdownload/update/v3/static/trustedr/en/authrootstl.cab, A required certificate is not within its validity period when verifying against the current system clock or the timestamp in the signed file.\n"",""Binary"":""""}}"
369,369,2025-01-21 12:57:13.765625+00:00,4107,Error,Microsoft-Windows-CAPI2,Application,1016,1988,win7,3,,,,,,,,,,,,False,C:\Users\BRIANNA\OneDrive\Documents\GitHub\NSSECU3_MP2\win7_files\Logs\Application.evtx,"Audit success, classic",0,"{""EventData"":{""Data"":""http://www.download.windowsupdate.com/msdownload/update/v3/static/trustedr/en/authrootstl.cab, A required certificate is not within its validity period when verifying against the current system clock or the timestamp in the signed file.\n"",""Binary"":""""}}"
370,370,2025-01-21 12:57:47.640625+00:00,1001,Info,Microsoft-Windows-LoadPerf,Application,2480,2484,win7,3,S-1-5-18,,,,,,,,,,,False,C:\Users\BRIANNA\OneDrive\Documents\GitHub\NSSECU3_MP2\win7_files\Logs\Application.evtx,Classic,0,"{""UserData"":{""EventXML"":{""param1"":""WmiApRpl"",""param2"":""WmiApRpl"",""binaryDataSize"":""12"",""binaryData"":""34-19-00-00-35-19-00-00-34-07-00-00""}}}"
371,371,2025-01-21 12:57:47.765625+00:00,1000,Info,Microsoft-Windows-LoadPerf,Application,2480,2484,win7,3,S-1-5-18,,,,,,,,,,,False,C:\Users\BRIANNA\OneDrive\Documents\GitHub\NSSECU3_MP2\win7_files\Logs\Application.evtx,Classic,0,"{""UserData"":{""EventXML"":{""param1"":""WmiApRpl"",""param2"":""WmiApRpl"",""binaryDataSize"":""16"",""binaryData"":""36-19-00-00-DC-19-00-00-37-19-00-00-DD-19-00-00""}}}"
19,19,2025-01-21 12:58:12.875000+00:00,1002,Warning,Microsoft-Windows-KnownFolders,Microsoft-Windows-Known Folders API Service,1588,1208,win7,0,S-1-5-18,,,,,,,,,,,False,C:\Users\BRIANNA\OneDrive\Documents\GitHub\NSSECU3_MP2\win7_files\Logs\Microsoft-Windows-Known Folders API Service.evtx,Classic,0,"{""EventData"":{""Data"":[{""@Name"":""hrError"",""#text"":""0x80070002""},{""@Name"":""FolderId"",""#text"":""fdd39ad0-238f-46af-adb4-6c85480369c7""},{""@Name"":""Path"",""#text"":""C:\\Windows\\system32\\config\\systemprofile\\Documents""}]}}"
20,20,2025-01-21 12:58:12.875000+00:00,1002,Warning,Microsoft-Windows-KnownFolders,Microsoft-Windows-Known Folders API Service,1588,1208,win7,0,S-1-5-18,,,,,,,,,,,False,C:\Users\BRIANNA\OneDrive\Documents\GitHub\NSSECU3_MP2\win7_files\Logs\Microsoft-Windows-Known Folders API Service.evtx,Classic,0,"{""EventData"":{""Data"":[{""@Name"":""hrError"",""#text"":""0x80070002""},{""@Name"":""FolderId"",""#text"":""b4bfcc3a-db2c-424c-b029-7fe99a87c641""},{""@Name"":""Path"",""#text"":""C:\\Windows\\system32\\config\\systemprofile\\Desktop""}]}}"
18,18,2025-01-21 12:58:12.875000+00:00,1002,Warning,Microsoft-Windows-KnownFolders,Microsoft-Windows-Known Folders API Service,1588,1208,win7,0,S-1-5-18,,,,,,,,,,,False,C:\Users\BRIANNA\OneDrive\Documents\GitHub\NSSECU3_MP2\win7_files\Logs\Microsoft-Windows-Known Folders API Service.evtx,Classic,0,"{""EventData"":{""Data"":[{""@Name"":""hrError"",""#text"":""0x80070002""},{""@Name"":""FolderId"",""#text"":""625b53c3-ab48-4ec1-ba1f-a1ef4146fc19""},{""@Name"":""Path"",""#text"":""C:\\Windows\\system32\\config\\systemprofile\\AppData\\Roaming\\Microsoft\\Windows\\Start Menu""}]}}"
17,17,2025-01-21 12:58:12.875000+00:00,1002,Warning,Microsoft-Windows-KnownFolders,Microsoft-Windows-Known Folders API Service,1588,1208,win7,0,S-1-5-18,,,,,,,,,,,False,C:\Users\BRIANNA\OneDrive\Documents\GitHub\NSSECU3_MP2\win7_files\Logs\Microsoft-Windows-Known Folders API Service.evtx,Classic,0,"{""EventData"":{""Data"":[{""@Name"":""hrError"",""#text"":""0x80070002""},{""@Name"":""FolderId"",""#text"":""1777f761-68ad-4d8a-87bd-30b759fa33dd""},{""@Name"":""Path"",""#text"":""C:\\Windows\\system32\\config\\systemprofile\\Favorites""}]}}"
705,705,2025-01-21 12:58:37.140625+00:00,7036,Info,Service Control Manager,System,460,2680,win7,4,,Service started or stopped,,,Name: Multimedia Class Scheduler | Multimedia Class Scheduler,Status: stopped,,,,,,False,C:\Users\BRIANNA\OneDrive\Documents\GitHub\NSSECU3_MP2\win7_files\Logs\System.evtx,"Audit success, classic",0,"{""EventData"":{""Data"":[{""@Name"":""param1"",""#text"":""Multimedia Class Scheduler""},{""@Name"":""param2"",""#text"":""stopped""}],""Binary"":""4D-00-4D-00-43-00-53-00-53-00-2F-00-31-00-00-00""}}"
11,11,2025-01-21 12:58:39.687500+00:00,2005,Info,Microsoft-Windows-Reliability-Analysis-Engine,Microsoft-Windows-ReliabilityAnalysisComponent/Operational,580,1320,win7,0,S-1-5-19,,,,,,,,,,,False,C:\Users\BRIANNA\OneDrive\Documents\GitHub\NSSECU3_MP2\win7_files\Logs\Microsoft-Windows-ReliabilityAnalysisComponent_4Operational.evtx,0x8000000000001000,0,"{""UserData"":{""ProcessInfo"":{""Stability"":""8.52"",""Date"":""2025-01-21 00:00:00.0000000""}}}"
253,253,2025-01-21 13:01:01.921875+00:00,4624,LogAlways,Microsoft-Windows-Security-Auditing,Security,468,1632,win7,2,,Successful logon,-\-,DESKTOP-O5RHV82 (10.2.200.133),Target: NT AUTHORITY\ANONYMOUS LOGON,LogonType 3,LogonId: 0x40ADD,AuthenticationPackageName: NTLM,LogonProcessName: NtLmSsp ,,-,False,C:\Users\BRIANNA\OneDrive\Documents\GitHub\NSSECU3_MP2\win7_files\Logs\Security.evtx,Audit success,0,"{""EventData"":{""Data"":[{""@Name"":""SubjectUserSid"",""#text"":""S-1-0-0""},{""@Name"":""SubjectUserName"",""#text"":""-""},{""@Name"":""SubjectDomainName"",""#text"":""-""},{""@Name"":""SubjectLogonId"",""#text"":""0x0""},{""@Name"":""TargetUserSid"",""#text"":""S-1-5-7""},{""@Name"":""TargetUserName"",""#text"":""ANONYMOUS LOGON""},{""@Name"":""TargetDomainName"",""#text"":""NT AUTHORITY""},{""@Name"":""TargetLogonId"",""#text"":""0x40ADD""},{""@Name"":""LogonType"",""#text"":""3""},{""@Name"":""LogonProcessName"",""#text"":""NtLmSsp ""},{""@Name"":""AuthenticationPackageName"",""#text"":""NTLM""},{""@Name"":""WorkstationName"",""#text"":""DESKTOP-O5RHV82""},{""@Name"":""LogonGuid"",""#text"":""00000000-0000-0000-0000-000000000000""},{""@Name"":""TransmittedServices"",""#text"":""-""},{""@Name"":""LmPackageName"",""#text"":""NTLM V1""},{""@Name"":""KeyLength"",""#text"":""128""},{""@Name"":""ProcessId"",""#text"":""0x0""},{""@Name"":""ProcessName"",""#text"":""-""},{""@Name"":""IpAddress"",""#text"":""10.2.200.133""},{""@Name"":""IpPort"",""#text"":""50734""}]}}"
254,254,2025-01-21 13:01:01.937500+00:00,4634,LogAlways,Microsoft-Windows-Security-Auditing,Security,468,1632,win7,2,,An account was logged off,,,Target: NT AUTHORITY\ANONYMOUS LOGON,LogonType 3,LogonId: 0x40ADD,,,,,False,C:\Users\BRIANNA\OneDrive\Documents\GitHub\NSSECU3_MP2\win7_files\Logs\Security.evtx,Audit success,0,"{""EventData"":{""Data"":[{""@Name"":""TargetUserSid"",""#text"":""S-1-5-7""},{""@Name"":""TargetUserName"",""#text"":""ANONYMOUS LOGON""},{""@Name"":""TargetDomainName"",""#text"":""NT AUTHORITY""},{""@Name"":""TargetLogonId"",""#text"":""0x40ADD""},{""@Name"":""LogonType"",""#text"":""3""}]}}"
256,256,2025-01-21 13:01:33.500000+00:00,4634,LogAlways,Microsoft-Windows-Security-Auditing,Security,468,2784,win7,2,,An account was logged off,,,Target: NT AUTHORITY\ANONYMOUS LOGON,LogonType 3,LogonId: 0x41500,,,,,False,C:\Users\BRIANNA\OneDrive\Documents\GitHub\NSSECU3_MP2\win7_files\Logs\Security.evtx,Audit success,0,"{""EventData"":{""Data"":[{""@Name"":""TargetUserSid"",""#text"":""S-1-5-7""},{""@Name"":""TargetUserName"",""#text"":""ANONYMOUS LOGON""},{""@Name"":""TargetDomainName"",""#text"":""NT AUTHORITY""},{""@Name"":""TargetLogonId"",""#text"":""0x41500""},{""@Name"":""LogonType"",""#text"":""3""}]}}"
255,255,2025-01-21 13:01:33.500000+00:00,4624,LogAlways,Microsoft-Windows-Security-Auditing,Security,468,2784,win7,2,,Successful logon,-\-,DESKTOP-O5RHV82 (10.2.200.133),Target: NT AUTHORITY\ANONYMOUS LOGON,LogonType 3,LogonId: 0x41500,AuthenticationPackageName: NTLM,LogonProcessName: NtLmSsp ,,-,False,C:\Users\BRIANNA\OneDrive\Documents\GitHub\NSSECU3_MP2\win7_files\Logs\Security.evtx,Audit success,0,"{""EventData"":{""Data"":[{""@Name"":""SubjectUserSid"",""#text"":""S-1-0-0""},{""@Name"":""SubjectUserName"",""#text"":""-""},{""@Name"":""SubjectDomainName"",""#text"":""-""},{""@Name"":""SubjectLogonId"",""#text"":""0x0""},{""@Name"":""TargetUserSid"",""#text"":""S-1-5-7""},{""@Name"":""TargetUserName"",""#text"":""ANONYMOUS LOGON""},{""@Name"":""TargetDomainName"",""#text"":""NT AUTHORITY""},{""@Name"":""TargetLogonId"",""#text"":""0x41500""},{""@Name"":""LogonType"",""#text"":""3""},{""@Name"":""LogonProcessName"",""#text"":""NtLmSsp ""},{""@Name"":""AuthenticationPackageName"",""#text"":""NTLM""},{""@Name"":""WorkstationName"",""#text"":""DESKTOP-O5RHV82""},{""@Name"":""LogonGuid"",""#text"":""00000000-0000-0000-0000-000000000000""},{""@Name"":""TransmittedServices"",""#text"":""-""},{""@Name"":""LmPackageName"",""#text"":""NTLM V1""},{""@Name"":""KeyLength"",""#text"":""128""},{""@Name"":""ProcessId"",""#text"":""0x0""},{""@Name"":""ProcessName"",""#text"":""-""},{""@Name"":""IpAddress"",""#text"":""10.2.200.133""},{""@Name"":""IpPort"",""#text"":""50734""}]}}"
706,706,2025-01-21 13:01:54.093750+00:00,7036,Info,Service Control Manager,System,460,560,win7,4,,Service started or stopped,,,Name: Application Information | Application Information,Status: running,,,,,,False,C:\Users\BRIANNA\OneDrive\Documents\GitHub\NSSECU3_MP2\win7_files\Logs\System.evtx,"Audit success, classic",0,"{""EventData"":{""Data"":[{""@Name"":""param1"",""#text"":""Application Information""},{""@Name"":""param2"",""#text"":""running""}],""Binary"":""41-00-70-00-70-00-69-00-6E-00-66-00-6F-00-2F-00-34-00-00-00""}}"
707,707,2025-01-21 13:02:04.546875+00:00,7045,Info,Service Control Manager,System,460,2404,win7,4,S-1-5-21-2630035287-469658536-4158816484-1000,A new service was installed in the system,,,Name: Mozilla Maintenance Service,StartType: demand start,Account: LocalSystem,,,,"""C:\Program Files (x86)\Mozilla Maintenance Service\maintenanceservice.exe""",False,C:\Users\BRIANNA\OneDrive\Documents\GitHub\NSSECU3_MP2\win7_files\Logs\System.evtx,"Audit success, classic",0,"{""EventData"":{""Data"":[{""@Name"":""ServiceName"",""#text"":""Mozilla Maintenance Service""},{""@Name"":""ImagePath"",""#text"":""\""C:\\Program Files (x86)\\Mozilla Maintenance Service\\maintenanceservice.exe\""""},{""@Name"":""ServiceType"",""#text"":""user mode service""},{""@Name"":""StartType"",""#text"":""demand start""},{""@Name"":""AccountName"",""#text"":""LocalSystem""}]}}"
147,147,2025-01-21 13:02:12.281250+00:00,2004,Info,Microsoft-Windows-Windows Firewall With Advanced Security,Microsoft-Windows-Windows Firewall With Advanced Security/Firewall,992,2608,win7,2,S-1-5-19,A rule has been added to the Windows Defender Firewall exception list,,*: *,: Firefox (C:\Program Files\Mozilla Firefox),C:\Program Files\Mozilla Firefox\firefox.exe,Direction: Inbound,Action: Allow,Protocol: TCP,,,False,C:\Users\BRIANNA\OneDrive\Documents\GitHub\NSSECU3_MP2\win7_files\Logs\Microsoft-Windows-Windows Firewall With Advanced Security_4Firewall.evtx,0x8000020000000000,0,"{""EventData"":{""Data"":[{""@Name"":""RuleId"",""#text"":""{77B77DC3-F8F0-46B5-8219-B92371A5669C}""},{""@Name"":""RuleName"",""#text"":""Firefox (C:\\Program Files\\Mozilla Firefox)""},{""@Name"":""Origin"",""#text"":""1""},{""@Name"":""ApplicationPath"",""#text"":""C:\\Program Files\\Mozilla Firefox\\firefox.exe""},{""@Name"":""ServiceName""},{""@Name"":""Direction"",""#text"":""1""},{""@Name"":""Protocol"",""#text"":""6""},{""@Name"":""LocalPorts"",""#text"":""*""},{""@Name"":""RemotePorts"",""#text"":""*""},{""@Name"":""Action"",""#text"":""3""},{""@Name"":""Profiles"",""#text"":""2""},{""@Name"":""LocalAddresses"",""#text"":""*""},{""@Name"":""RemoteAddresses"",""#text"":""*""},{""@Name"":""RemoteMachineAuthorizationList""},{""@Name"":""RemoteUserAuthorizationList""},{""@Name"":""EmbeddedContext""},{""@Name"":""Flags"",""#text"":""1""},{""@Name"":""Active"",""#text"":""1""},{""@Name"":""EdgeTraversal"",""#text"":""0""},{""@Name"":""LooseSourceMapped"",""#text"":""0""},{""@Name"":""SecurityOptions"",""#text"":""0""},{""@Name"":""ModifyingUser"",""#text"":""S-1-5-21-2630035287-469658536-4158816484-1000""},{""@Name"":""ModifyingApplication"",""#text"":""C:\\Users\\student\\AppData\\Local\\Temp\\7zS877DD487\\setup.exe""},{""@Name"":""SchemaVersion"",""#text"":""522""},{""@Name"":""RuleStatus"",""#text"":""65536""}]}}"
148,148,2025-01-21 13:02:12.281250+00:00,2004,Info,Microsoft-Windows-Windows Firewall With Advanced Security,Microsoft-Windows-Windows Firewall With Advanced Security/Firewall,992,836,win7,2,S-1-5-19,A rule has been added to the Windows Defender Firewall exception list,,*: *,: Firefox (C:\Program Files\Mozilla Firefox),C:\Program Files\Mozilla Firefox\firefox.exe,Direction: Inbound,Action: Allow,Protocol: UDP,,,False,C:\Users\BRIANNA\OneDrive\Documents\GitHub\NSSECU3_MP2\win7_files\Logs\Microsoft-Windows-Windows Firewall With Advanced Security_4Firewall.evtx,0x8000020000000000,0,"{""EventData"":{""Data"":[{""@Name"":""RuleId"",""#text"":""{5F4F7EAF-E40D-46DE-81D0-E89CA797F8CD}""},{""@Name"":""RuleName"",""#text"":""Firefox (C:\\Program Files\\Mozilla Firefox)""},{""@Name"":""Origin"",""#text"":""1""},{""@Name"":""ApplicationPath"",""#text"":""C:\\Program Files\\Mozilla Firefox\\firefox.exe""},{""@Name"":""ServiceName""},{""@Name"":""Direction"",""#text"":""1""},{""@Name"":""Protocol"",""#text"":""17""},{""@Name"":""LocalPorts"",""#text"":""*""},{""@Name"":""RemotePorts"",""#text"":""*""},{""@Name"":""Action"",""#text"":""3""},{""@Name"":""Profiles"",""#text"":""2""},{""@Name"":""LocalAddresses"",""#text"":""*""},{""@Name"":""RemoteAddresses"",""#text"":""*""},{""@Name"":""RemoteMachineAuthorizationList""},{""@Name"":""RemoteUserAuthorizationList""},{""@Name"":""EmbeddedContext""},{""@Name"":""Flags"",""#text"":""1""},{""@Name"":""Active"",""#text"":""1""},{""@Name"":""EdgeTraversal"",""#text"":""0""},{""@Name"":""LooseSourceMapped"",""#text"":""0""},{""@Name"":""SecurityOptions"",""#text"":""0""},{""@Name"":""ModifyingUser"",""#text"":""S-1-5-21-2630035287-469658536-4158816484-1000""},{""@Name"":""ModifyingApplication"",""#text"":""C:\\Users\\student\\AppData\\Local\\Temp\\7zS877DD487\\setup.exe""},{""@Name"":""SchemaVersion"",""#text"":""522""},{""@Name"":""RuleStatus"",""#text"":""65536""}]}}"
372,372,2025-01-21 13:02:17.688476500+00:00,4107,Error,Microsoft-Windows-CAPI2,Application,1016,2132,win7,3,,,,,,,,,,,,False,C:\Users\BRIANNA\OneDrive\Documents\GitHub\NSSECU3_MP2\win7_files\Logs\Application.evtx,"Audit success, classic",0,"{""EventData"":{""Data"":""http://www.download.windowsupdate.com/msdownload/update/v3/static/trustedr/en/authrootstl.cab, A required certificate is not within its validity period when verifying against the current system clock or the timestamp in the signed file.\n"",""Binary"":""""}}"
373,373,2025-01-21 13:02:17.719726500+00:00,4107,Error,Microsoft-Windows-CAPI2,Application,1016,2132,win7,3,,,,,,,,,,,,False,C:\Users\BRIANNA\OneDrive\Documents\GitHub\NSSECU3_MP2\win7_files\Logs\Application.evtx,"Audit success, classic",0,"{""EventData"":{""Data"":""http://www.download.windowsupdate.com/msdownload/update/v3/static/trustedr/en/authrootstl.cab, A required certificate is not within its validity period when verifying against the current system clock or the timestamp in the signed file.\n"",""Binary"":""""}}"
374,374,2025-01-21 13:02:17.735351500+00:00,4097,Info,Microsoft-Windows-CAPI2,Application,1016,2132,win7,3,,,,,,,,,,,,False,C:\Users\BRIANNA\OneDrive\Documents\GitHub\NSSECU3_MP2\win7_files\Logs\Application.evtx,"Audit success, classic",0,"{""EventData"":{""Data"":""CN=DigiCert Global Root CA, OU=www.digicert.com, O=DigiCert Inc, C=US, A8985D3A65E5E5C4B2D7D66D40C6DD2FB19C5436"",""Binary"":""""}}"
375,375,2025-01-21 13:02:17.954101500+00:00,4107,Error,Microsoft-Windows-CAPI2,Application,1016,1988,win7,3,,,,,,,,,,,,False,C:\Users\BRIANNA\OneDrive\Documents\GitHub\NSSECU3_MP2\win7_files\Logs\Application.evtx,"Audit success, classic",0,"{""EventData"":{""Data"":""http://www.download.windowsupdate.com/msdownload/update/v3/static/trustedr/en/authrootstl.cab, A required certificate is not within its validity period when verifying against the current system clock or the timestamp in the signed file.\n"",""Binary"":""""}}"
708,708,2025-01-21 13:02:18.172851500+00:00,7036,Info,Service Control Manager,System,460,2404,win7,4,,Service started or stopped,,,Name: Multimedia Class Scheduler | Multimedia Class Scheduler,Status: running,,,,,,False,C:\Users\BRIANNA\OneDrive\Documents\GitHub\NSSECU3_MP2\win7_files\Logs\System.evtx,"Audit success, classic",0,"{""EventData"":{""Data"":[{""@Name"":""param1"",""#text"":""Multimedia Class Scheduler""},{""@Name"":""param2"",""#text"":""running""}],""Binary"":""4D-00-4D-00-43-00-53-00-53-00-2F-00-34-00-00-00""}}"
376,376,2025-01-21 13:02:26.995117100+00:00,4107,Error,Microsoft-Windows-CAPI2,Application,1016,1752,win7,3,,,,,,,,,,,,False,C:\Users\BRIANNA\OneDrive\Documents\GitHub\NSSECU3_MP2\win7_files\Logs\Application.evtx,"Audit success, classic",0,"{""EventData"":{""Data"":""http://www.download.windowsupdate.com/msdownload/update/v3/static/trustedr/en/authrootstl.cab, A required certificate is not within its validity period when verifying against the current system clock or the timestamp in the signed file.\n"",""Binary"":""""}}"
377,377,2025-01-21 13:02:27.061523400+00:00,4107,Error,Microsoft-Windows-CAPI2,Application,1016,2872,win7,3,,,,,,,,,,,,False,C:\Users\BRIANNA\OneDrive\Documents\GitHub\NSSECU3_MP2\win7_files\Logs\Application.evtx,"Audit success, classic",0,"{""EventData"":{""Data"":""http://www.download.windowsupdate.com/msdownload/update/v3/static/trustedr/en/authrootstl.cab, A required certificate is not within its validity period when verifying against the current system clock or the timestamp in the signed file.\n"",""Binary"":""""}}"
378,378,2025-01-21 13:02:27.073242100+00:00,4107,Error,Microsoft-Windows-CAPI2,Application,1016,1752,win7,3,,,,,,,,,,,,False,C:\Users\BRIANNA\OneDrive\Documents\GitHub\NSSECU3_MP2\win7_files\Logs\Application.evtx,"Audit success, classic",0,"{""EventData"":{""Data"":""http://www.download.windowsupdate.com/msdownload/update/v3/static/trustedr/en/authrootstl.cab, A required certificate is not within its validity period when verifying against the current system clock or the timestamp in the signed file.\n"",""Binary"":""""}}"
379,379,2025-01-21 13:02:27.127929600+00:00,4107,Error,Microsoft-Windows-CAPI2,Application,1016,2872,win7,3,,,,,,,,,,,,False,C:\Users\BRIANNA\OneDrive\Documents\GitHub\NSSECU3_MP2\win7_files\Logs\Application.evtx,"Audit success, classic",0,"{""EventData"":{""Data"":""http://www.download.windowsupdate.com/msdownload/update/v3/static/trustedr/en/authrootstl.cab, A required certificate is not within its validity period when verifying against the current system clock or the timestamp in the signed file.\n"",""Binary"":""""}}"
380,380,2025-01-21 13:02:27.171875+00:00,4107,Error,Microsoft-Windows-CAPI2,Application,1016,1752,win7,3,,,,,,,,,,,,False,C:\Users\BRIANNA\OneDrive\Documents\GitHub\NSSECU3_MP2\win7_files\Logs\Application.evtx,"Audit success, classic",0,"{""EventData"":{""Data"":""http://www.download.windowsupdate.com/msdownload/update/v3/static/trustedr/en/authrootstl.cab, A required certificate is not within its validity period when verifying against the current system clock or the timestamp in the signed file.\n"",""Binary"":""""}}"
381,381,2025-01-21 13:02:27.313476500+00:00,4107,Error,Microsoft-Windows-CAPI2,Application,1016,664,win7,3,,,,,,,,,,,,False,C:\Users\BRIANNA\OneDrive\Documents\GitHub\NSSECU3_MP2\win7_files\Logs\Application.evtx,"Audit success, classic",0,"{""EventData"":{""Data"":""http://www.download.windowsupdate.com/msdownload/update/v3/static/trustedr/en/authrootstl.cab, A required certificate is not within its validity period when verifying against the current system clock or the timestamp in the signed file.\n"",""Binary"":""""}}"
382,382,2025-01-21 13:02:28.391601500+00:00,4107,Error,Microsoft-Windows-CAPI2,Application,1016,1752,win7,3,,,,,,,,,,,,False,C:\Users\BRIANNA\OneDrive\Documents\GitHub\NSSECU3_MP2\win7_files\Logs\Application.evtx,"Audit success, classic",0,"{""EventData"":{""Data"":""http://www.download.windowsupdate.com/msdownload/update/v3/static/trustedr/en/authrootstl.cab, A required certificate is not within its validity period when verifying against the current system clock or the timestamp in the signed file.\n"",""Binary"":""""}}"
383,383,2025-01-21 13:02:28.434570300+00:00,4107,Error,Microsoft-Windows-CAPI2,Application,1016,1752,win7,3,,,,,,,,,,,,False,C:\Users\BRIANNA\OneDrive\Documents\GitHub\NSSECU3_MP2\win7_files\Logs\Application.evtx,"Audit success, classic",0,"{""EventData"":{""Data"":""http://www.download.windowsupdate.com/msdownload/update/v3/static/trustedr/en/authrootstl.cab, A required certificate is not within its validity period when verifying against the current system clock or the timestamp in the signed file.\n"",""Binary"":""""}}"
384,384,2025-01-21 13:02:28.442382800+00:00,4107,Error,Microsoft-Windows-CAPI2,Application,1016,1752,win7,3,,,,,,,,,,,,False,C:\Users\BRIANNA\OneDrive\Documents\GitHub\NSSECU3_MP2\win7_files\Logs\Application.evtx,"Audit success, classic",0,"{""EventData"":{""Data"":""http://www.download.windowsupdate.com/msdownload/update/v3/static/trustedr/en/authrootstl.cab, A required certificate is not within its validity period when verifying against the current system clock or the timestamp in the signed file.\n"",""Binary"":""""}}"
385,385,2025-01-21 13:02:28.481445300+00:00,4107,Error,Microsoft-Windows-CAPI2,Application,1016,2872,win7,3,,,,,,,,,,,,False,C:\Users\BRIANNA\OneDrive\Documents\GitHub\NSSECU3_MP2\win7_files\Logs\Application.evtx,"Audit success, classic",0,"{""EventData"":{""Data"":""http://www.download.windowsupdate.com/msdownload/update/v3/static/trustedr/en/authrootstl.cab, A required certificate is not within its validity period when verifying against the current system clock or the timestamp in the signed file.\n"",""Binary"":""""}}"
386,386,2025-01-21 13:02:28.493164+00:00,4107,Error,Microsoft-Windows-CAPI2,Application,1016,2872,win7,3,,,,,,,,,,,,False,C:\Users\BRIANNA\OneDrive\Documents\GitHub\NSSECU3_MP2\win7_files\Logs\Application.evtx,"Audit success, classic",0,"{""EventData"":{""Data"":""http://www.download.windowsupdate.com/msdownload/update/v3/static/trustedr/en/authrootstl.cab, A required certificate is not within its validity period when verifying against the current system clock or the timestamp in the signed file.\n"",""Binary"":""""}}"
387,387,2025-01-21 13:02:28.532226500+00:00,4107,Error,Microsoft-Windows-CAPI2,Application,1016,2872,win7,3,,,,,,,,,,,,False,C:\Users\BRIANNA\OneDrive\Documents\GitHub\NSSECU3_MP2\win7_files\Logs\Application.evtx,"Audit success, classic",0,"{""EventData"":{""Data"":""http://www.download.windowsupdate.com/msdownload/update/v3/static/trustedr/en/authrootstl.cab, A required certificate is not within its validity period when verifying against the current system clock or the timestamp in the signed file.\n"",""Binary"":""""}}"
709,709,2025-01-21 13:20:31.687500+00:00,12,Info,Microsoft-Windows-Kernel-General,System,4,8,win7,4,S-1-5-18,OS was started,,,StartTime: 2025-01-21 13:20:31.4843750,BootMode: Normal boot,,,,,,False,C:\Users\BRIANNA\OneDrive\Documents\GitHub\NSSECU3_MP2\win7_files\Logs\System.evtx,Classic,0,"{""EventData"":{""Data"":[{""@Name"":""MajorVersion"",""#text"":""6""},{""@Name"":""MinorVersion"",""#text"":""1""},{""@Name"":""BuildVersion"",""#text"":""7601""},{""@Name"":""QfeVersion"",""#text"":""17514""},{""@Name"":""ServiceVersion"",""#text"":""1""},{""@Name"":""BootMode"",""#text"":""0""},{""@Name"":""StartTime"",""#text"":""2025-01-21 13:20:31.4843750""}]}}"
710,710,2025-01-21 13:20:33.343750+00:00,6,Info,Microsoft-Windows-FilterManager,System,4,8,win7,4,S-1-5-18,,,,,,,,,,,False,C:\Users\BRIANNA\OneDrive\Documents\GitHub\NSSECU3_MP2\win7_files\Logs\System.evtx,Classic,0,"{""EventData"":{""Data"":[{""@Name"":""FinalStatus"",""#text"":""0x0""},{""@Name"":""DeviceVersionMajor"",""#text"":""6""},{""@Name"":""DeviceVersionMinor"",""#text"":""1""},{""@Name"":""DeviceNameLength"",""#text"":""8""},{""@Name"":""DeviceName"",""#text"":""FileInfo""},{""@Name"":""DeviceTime"",""#text"":""2009-07-14 07:34:25.0000000""}]}}"
