159,159,2024-05-27 02:36:53.890625+00:00,20001,Info,Microsoft-Windows-UserPnp,System,2036,2044,37L4247F27-25,0,S-1-5-18,Device installation,,,DriverDescription: WAN Miniport (SSTP),InstallStatus: Installation Successful,IsDriverOEM: False,UpgradeDevice: True,RebootOption: False,DeviceInstanceID: ROOT\MS_SSTPMINIPORT\0000,,False,C:\Users\BRIANNA\OneDrive\Documents\GitHub\NSSECU3_MP2\win7_files\Logs\System.evtx,Classic,0,"{""UserData"":{""InstallDeviceID"":{""DriverName"":"""",""DriverVersion"":""6.1.7601.17514"",""DriverProvider"":""Microsoft"",""DeviceInstanceID"":""ROOT\\MS_SSTPMINIPORT\\0000"",""SetupClass"":""4d36e972-e325-11ce-bfc1-08002be10318"",""RebootOption"":""False"",""UpgradeDevice"":""True"",""IsDriverOEM"":""False"",""InstallStatus"":""0x0"",""DriverDescription"":""WAN Miniport (SSTP)""}}}"
160,160,2024-05-27 02:36:54.062500+00:00,20003,Info,Microsoft-Windows-UserPnp,System,1176,896,37L4247F27-25,0,S-1-5-18,Service installation,,,ServiceName: TermDD,AddServiceStatus: Unknown code (0),,UpdateService: True,PrimaryService: True,DeviceInstanceID: ROOT\RDP_MOU\0000,system32\DRIVERS\termdd.sys,False,C:\Users\BRIANNA\OneDrive\Documents\GitHub\NSSECU3_MP2\win7_files\Logs\System.evtx,Classic,0,"{""UserData"":{""AddServiceID"":{""ServiceName"":""TermDD"",""DriverFileName"":""system32\\DRIVERS\\termdd.sys"",""DeviceInstanceID"":""ROOT\\RDP_MOU\\0000"",""PrimaryService"":""True"",""UpdateService"":""True"",""AddServiceStatus"":""0""}}}"
161,161,2024-05-27 02:36:54.078125+00:00,20003,Info,Microsoft-Windows-UserPnp,System,1176,896,37L4247F27-25,0,S-1-5-18,Service installation,,,ServiceName: mouclass,AddServiceStatus: Unknown code (0),,UpdateService: True,PrimaryService: False,DeviceInstanceID: ROOT\RDP_MOU\0000,system32\DRIVERS\mouclass.sys,False,C:\Users\BRIANNA\OneDrive\Documents\GitHub\NSSECU3_MP2\win7_files\Logs\System.evtx,Classic,0,"{""UserData"":{""AddServiceID"":{""ServiceName"":""mouclass"",""DriverFileName"":""system32\\DRIVERS\\mouclass.sys"",""DeviceInstanceID"":""ROOT\\RDP_MOU\\0000"",""PrimaryService"":""False"",""UpdateService"":""True"",""AddServiceStatus"":""0""}}}"
162,162,2024-05-27 02:36:54.093750+00:00,20001,Info,Microsoft-Windows-UserPnp,System,1176,896,37L4247F27-25,0,S-1-5-18,Device installation,,,DriverDescription: Terminal Server Mouse Driver,InstallStatus: Installation Successful,IsDriverOEM: False,UpgradeDevice: True,RebootOption: True,DeviceInstanceID: ROOT\RDP_MOU\0000,FileRepository\machine.inf_amd64_neutral_a2f120466549d68b\machine.inf,False,C:\Users\BRIANNA\OneDrive\Documents\GitHub\NSSECU3_MP2\win7_files\Logs\System.evtx,Classic,0,"{""UserData"":{""InstallDeviceID"":{""DriverName"":""FileRepository\\machine.inf_amd64_neutral_a2f120466549d68b\\machine.inf"",""DriverVersion"":""6.1.7601.17514"",""DriverProvider"":""Microsoft"",""DeviceInstanceID"":""ROOT\\RDP_MOU\\0000"",""SetupClass"":""4d36e97d-e325-11ce-bfc1-08002be10318"",""RebootOption"":""True"",""UpgradeDevice"":""True"",""IsDriverOEM"":""False"",""InstallStatus"":""0x0"",""DriverDescription"":""Terminal Server Mouse Driver""}}}"
163,163,2024-05-27 02:36:54.296875+00:00,20003,Info,Microsoft-Windows-UserPnp,System,1520,1476,37L4247F27-25,0,S-1-5-18,Service installation,,,ServiceName: volsnap,AddServiceStatus: Unknown code (0),,UpdateService: True,PrimaryService: True,DeviceInstanceID: STORAGE\VOLUME\{E398AEA6-1BD1-11EF-A968-806E6F6E6963}#0000000000100000,system32\DRIVERS\volsnap.sys,False,C:\Users\BRIANNA\OneDrive\Documents\GitHub\NSSECU3_MP2\win7_files\Logs\System.evtx,Classic,0,"{""UserData"":{""AddServiceID"":{""ServiceName"":""volsnap"",""DriverFileName"":""system32\\DRIVERS\\volsnap.sys"",""DeviceInstanceID"":""STORAGE\\VOLUME\\{E398AEA6-1BD1-11EF-A968-806E6F6E6963}#0000000000100000"",""PrimaryService"":""True"",""UpdateService"":""True"",""AddServiceStatus"":""0""}}}"
164,164,2024-05-27 02:36:54.296875+00:00,20001,Info,Microsoft-Windows-UserPnp,System,1520,1476,37L4247F27-25,0,S-1-5-18,Device installation,,,DriverDescription: Generic volume,InstallStatus: Installation Successful,IsDriverOEM: False,UpgradeDevice: False,RebootOption: False,DeviceInstanceID: STORAGE\VOLUME\{E398AEA6-1BD1-11EF-A968-806E6F6E6963}#0000000000100000,FileRepository\volume.inf_amd64_neutral_df8bea40ac96ca21\volume.inf,False,C:\Users\BRIANNA\OneDrive\Documents\GitHub\NSSECU3_MP2\win7_files\Logs\System.evtx,Classic,0,"{""UserData"":{""InstallDeviceID"":{""DriverName"":""FileRepository\\volume.inf_amd64_neutral_df8bea40ac96ca21\\volume.inf"",""DriverVersion"":""6.1.7601.17514"",""DriverProvider"":""Microsoft"",""DeviceInstanceID"":""STORAGE\\VOLUME\\{E398AEA6-1BD1-11EF-A968-806E6F6E6963}#0000000000100000"",""SetupClass"":""71a27cdd-812a-11d0-bec7-08002be2092f"",""RebootOption"":""False"",""UpgradeDevice"":""False"",""IsDriverOEM"":""False"",""InstallStatus"":""0x0"",""DriverDescription"":""Generic volume""}}}"
165,165,2024-05-27 02:36:54.468750+00:00,20003,Info,Microsoft-Windows-UserPnp,System,1592,1616,37L4247F27-25,0,S-1-5-18,Service installation,,,ServiceName: ACPI,AddServiceStatus: Unknown code (0),,UpdateService: True,PrimaryService: True,DeviceInstanceID: ACPI_HAL\PNP0C08\0,system32\DRIVERS\ACPI.sys,False,C:\Users\BRIANNA\OneDrive\Documents\GitHub\NSSECU3_MP2\win7_files\Logs\System.evtx,Classic,0,"{""UserData"":{""AddServiceID"":{""ServiceName"":""ACPI"",""DriverFileName"":""system32\\DRIVERS\\ACPI.sys"",""DeviceInstanceID"":""ACPI_HAL\\PNP0C08\\0"",""PrimaryService"":""True"",""UpdateService"":""True"",""AddServiceStatus"":""0""}}}"
166,166,2024-05-27 02:36:54.484375+00:00,20001,Info,Microsoft-Windows-UserPnp,System,1592,1616,37L4247F27-25,0,S-1-5-18,Device installation,,,DriverDescription: Microsoft ACPI-Compliant System,InstallStatus: Installation Successful,IsDriverOEM: False,UpgradeDevice: False,RebootOption: True,DeviceInstanceID: ACPI_HAL\PNP0C08\0,FileRepository\acpi.inf_amd64_neutral_aed2e7a487803437\acpi.inf,False,C:\Users\BRIANNA\OneDrive\Documents\GitHub\NSSECU3_MP2\win7_files\Logs\System.evtx,Classic,0,"{""UserData"":{""InstallDeviceID"":{""DriverName"":""FileRepository\\acpi.inf_amd64_neutral_aed2e7a487803437\\acpi.inf"",""DriverVersion"":""6.1.7601.17514"",""DriverProvider"":""Microsoft"",""DeviceInstanceID"":""ACPI_HAL\\PNP0C08\\0"",""SetupClass"":""4d36e97d-e325-11ce-bfc1-08002be10318"",""RebootOption"":""True"",""UpgradeDevice"":""False"",""IsDriverOEM"":""False"",""InstallStatus"":""0x0"",""DriverDescription"":""Microsoft ACPI-Compliant System""}}}"
167,167,2024-05-27 02:36:54.625000+00:00,20003,Info,Microsoft-Windows-UserPnp,System,1436,1432,37L4247F27-25,0,S-1-5-18,Service installation,,,ServiceName: volsnap,AddServiceStatus: Unknown code (0),,UpdateService: True,PrimaryService: True,DeviceInstanceID: STORAGE\VOLUME\{E398AEA6-1BD1-11EF-A968-806E6F6E6963}#0000000006500000,system32\DRIVERS\volsnap.sys,False,C:\Users\BRIANNA\OneDrive\Documents\GitHub\NSSECU3_MP2\win7_files\Logs\System.evtx,Classic,0,"{""UserData"":{""AddServiceID"":{""ServiceName"":""volsnap"",""DriverFileName"":""system32\\DRIVERS\\volsnap.sys"",""DeviceInstanceID"":""STORAGE\\VOLUME\\{E398AEA6-1BD1-11EF-A968-806E6F6E6963}#0000000006500000"",""PrimaryService"":""True"",""UpdateService"":""True"",""AddServiceStatus"":""0""}}}"
168,168,2024-05-27 02:36:54.640625+00:00,20001,Info,Microsoft-Windows-UserPnp,System,1436,1432,37L4247F27-25,1,S-1-5-18,Device installation,,,DriverDescription: Generic volume,InstallStatus: Installation Successful,IsDriverOEM: False,UpgradeDevice: False,RebootOption: False,DeviceInstanceID: STORAGE\VOLUME\{E398AEA6-1BD1-11EF-A968-806E6F6E6963}#0000000006500000,FileRepository\volume.inf_amd64_neutral_df8bea40ac96ca21\volume.inf,False,C:\Users\BRIANNA\OneDrive\Documents\GitHub\NSSECU3_MP2\win7_files\Logs\System.evtx,Classic,0,"{""UserData"":{""InstallDeviceID"":{""DriverName"":""FileRepository\\volume.inf_amd64_neutral_df8bea40ac96ca21\\volume.inf"",""DriverVersion"":""6.1.7601.17514"",""DriverProvider"":""Microsoft"",""DeviceInstanceID"":""STORAGE\\VOLUME\\{E398AEA6-1BD1-11EF-A968-806E6F6E6963}#0000000006500000"",""SetupClass"":""71a27cdd-812a-11d0-bec7-08002be2092f"",""RebootOption"":""False"",""UpgradeDevice"":""False"",""IsDriverOEM"":""False"",""InstallStatus"":""0x0"",""DriverDescription"":""Generic volume""}}}"
169,169,2024-05-27 02:36:54.765625+00:00,20003,Info,Microsoft-Windows-UserPnp,System,1664,1680,37L4247F27-25,1,S-1-5-18,Service installation,,,ServiceName: AsyncMac,AddServiceStatus: Unknown code (0),,UpdateService: True,PrimaryService: True,DeviceInstanceID: SW\{EEAB7790-C514-11D1-B42B-00805FC1270E}\ASYNCMAC,system32\DRIVERS\asyncmac.sys,False,C:\Users\BRIANNA\OneDrive\Documents\GitHub\NSSECU3_MP2\win7_files\Logs\System.evtx,Classic,0,"{""UserData"":{""AddServiceID"":{""ServiceName"":""AsyncMac"",""DriverFileName"":""system32\\DRIVERS\\asyncmac.sys"",""DeviceInstanceID"":""SW\\{EEAB7790-C514-11D1-B42B-00805FC1270E}\\ASYNCMAC"",""PrimaryService"":""True"",""UpdateService"":""True"",""AddServiceStatus"":""0""}}}"
170,170,2024-05-27 02:36:54.921875+00:00,20001,Info,Microsoft-Windows-UserPnp,System,1664,1680,37L4247F27-25,1,S-1-5-18,Device installation,,,DriverDescription: RAS Async Adapter,InstallStatus: Installation Successful,IsDriverOEM: False,UpgradeDevice: True,RebootOption: False,DeviceInstanceID: SW\{EEAB7790-C514-11D1-B42B-00805FC1270E}\ASYNCMAC,,False,C:\Users\BRIANNA\OneDrive\Documents\GitHub\NSSECU3_MP2\win7_files\Logs\System.evtx,Classic,0,"{""UserData"":{""InstallDeviceID"":{""DriverName"":"""",""DriverVersion"":""6.1.7601.17514"",""DriverProvider"":""Microsoft"",""DeviceInstanceID"":""SW\\{EEAB7790-C514-11D1-B42B-00805FC1270E}\\ASYNCMAC"",""SetupClass"":""4d36e972-e325-11ce-bfc1-08002be10318"",""RebootOption"":""False"",""UpgradeDevice"":""True"",""IsDriverOEM"":""False"",""InstallStatus"":""0x0"",""DriverDescription"":""RAS Async Adapter""}}}"
6,6,2024-05-27 02:36:55+00:00,1001,Info,Windows Error Reporting,Application,0,0,37L4247F27-25,0,,Application Crash,,,,,,,,,"0, PnPDriverNotFound, Not available, 0, x64, ACPI\QEMUVGID, 
C:\Windows\Temp\DMIAD76.tmp.log.xml, C:\ProgramData\Microsoft\Windows\WER\ReportQueue\NonCritical_x64_ce57e481881768e3adb36780f34bf1921ef3dec6_cab_0644adb4, 0, faefc1ca-1bd1-11ef-a968-b880b7e05fa3, 6",False,C:\Users\BRIANNA\OneDrive\Documents\GitHub\NSSECU3_MP2\win7_files\Logs\Application.evtx,0x80000000000000,0,"{""EventData"":{""Data"":""0, PnPDriverNotFound, Not available, 0, x64, ACPI\\QEMUVGID, \nC:\\Windows\\Temp\\DMIAD76.tmp.log.xml, C:\\ProgramData\\Microsoft\\Windows\\WER\\ReportQueue\\NonCritical_x64_ce57e481881768e3adb36780f34bf1921ef3dec6_cab_0644adb4, 0, faefc1ca-1bd1-11ef-a968-b880b7e05fa3, 6"",""Binary"":""""}}"
171,171,2024-05-27 02:36:55.187500+00:00,20001,Info,Microsoft-Windows-UserPnp,System,1640,1636,37L4247F27-25,1,S-1-5-18,Device installation,,,DriverDescription: Generic Bus,InstallStatus: Installation Successful,IsDriverOEM: False,UpgradeDevice: False,RebootOption: True,DeviceInstanceID: ACPI\ACPI0010\2&amp;DABA3FF&amp;2,FileRepository\machine.inf_amd64_neutral_a2f120466549d68b\machine.inf,False,C:\Users\BRIANNA\OneDrive\Documents\GitHub\NSSECU3_MP2\win7_files\Logs\System.evtx,Classic,0,"{""UserData"":{""InstallDeviceID"":{""DriverName"":""FileRepository\\machine.inf_amd64_neutral_a2f120466549d68b\\machine.inf"",""DriverVersion"":""6.1.7601.17514"",""DriverProvider"":""Microsoft"",""DeviceInstanceID"":""ACPI\\ACPI0010\\2&amp;DABA3FF&amp;2"",""SetupClass"":""4d36e97d-e325-11ce-bfc1-08002be10318"",""RebootOption"":""True"",""UpgradeDevice"":""False"",""IsDriverOEM"":""False"",""InstallStatus"":""0x0"",""DriverDescription"":""Generic Bus""}}}"
172,172,2024-05-27 02:36:55.531250+00:00,20001,Info,Microsoft-Windows-UserPnp,System,1604,1748,37L4247F27-25,1,S-1-5-18,Device installation,,,DriverDescription: ,InstallStatus: Installation Successful,IsDriverOEM: False,UpgradeDevice: False,RebootOption: False,DeviceInstanceID: ACPI\QEMUVGID\2&amp;DABA3FF&amp;2,NULL Driver,False,C:\Users\BRIANNA\OneDrive\Documents\GitHub\NSSECU3_MP2\win7_files\Logs\System.evtx,Classic,0,"{""UserData"":{""InstallDeviceID"":{""DriverName"":""NULL Driver"",""DriverVersion"":""0"",""DriverProvider"":"""",""DeviceInstanceID"":""ACPI\\QEMUVGID\\2&amp;DABA3FF&amp;2"",""SetupClass"":""00000000-0000-0000-0000-000000000000"",""RebootOption"":""False"",""UpgradeDevice"":""False"",""IsDriverOEM"":""False"",""InstallStatus"":""0x0"",""DriverDescription"":""""}}}"
173,173,2024-05-27 02:36:55.718750+00:00,20001,Info,Microsoft-Windows-UserPnp,System,1684,1672,37L4247F27-25,1,S-1-5-18,Device installation,,,DriverDescription: ACPI Fixed Feature Button,InstallStatus: Installation Successful,IsDriverOEM: False,UpgradeDevice: False,RebootOption: True,DeviceInstanceID: ACPI\FIXEDBUTTON\2&amp;DABA3FF&amp;2,FileRepository\machine.inf_amd64_neutral_a2f120466549d68b\machine.inf,False,C:\Users\BRIANNA\OneDrive\Documents\GitHub\NSSECU3_MP2\win7_files\Logs\System.evtx,Classic,0,"{""UserData"":{""InstallDeviceID"":{""DriverName"":""FileRepository\\machine.inf_amd64_neutral_a2f120466549d68b\\machine.inf"",""DriverVersion"":""6.1.7601.17514"",""DriverProvider"":""Microsoft"",""DeviceInstanceID"":""ACPI\\FIXEDBUTTON\\2&amp;DABA3FF&amp;2"",""SetupClass"":""4d36e97d-e325-11ce-bfc1-08002be10318"",""RebootOption"":""True"",""UpgradeDevice"":""False"",""IsDriverOEM"":""False"",""InstallStatus"":""0x0"",""DriverDescription"":""ACPI Fixed Feature Button""}}}"
174,174,2024-05-27 02:36:55.843750+00:00,20003,Info,Microsoft-Windows-UserPnp,System,1844,1836,37L4247F27-25,1,S-1-5-18,Service installation,,,ServiceName: pci,AddServiceStatus: Unknown code (0),,UpdateService: True,PrimaryService: True,DeviceInstanceID: ACPI\PNP0A03\1,system32\DRIVERS\pci.sys,False,C:\Users\BRIANNA\OneDrive\Documents\GitHub\NSSECU3_MP2\win7_files\Logs\System.evtx,Classic,0,"{""UserData"":{""AddServiceID"":{""ServiceName"":""pci"",""DriverFileName"":""system32\\DRIVERS\\pci.sys"",""DeviceInstanceID"":""ACPI\\PNP0A03\\1"",""PrimaryService"":""True"",""UpdateService"":""True"",""AddServiceStatus"":""0""}}}"
7,7,2024-05-27 02:36:56+00:00,1001,Info,Windows Error Reporting,Application,0,0,37L4247F27-25,0,,Application Crash,,,,,,,,,"0, PnPDriverNotFound, Not available, 0, x64, ACPI\QEMU0002, 
C:\Windows\Temp\DMIB2D5.tmp.log.xml, C:\ProgramData\Microsoft\Windows\WER\ReportQueue\NonCritical_x64_7e7688eac2ab845272f4daac96479e93e0f0a5_cab_0774b2e4, 0, fbbccc06-1bd1-11ef-a968-b880b7e05fa3, 6",False,C:\Users\BRIANNA\OneDrive\Documents\GitHub\NSSECU3_MP2\win7_files\Logs\Application.evtx,0x80000000000000,0,"{""EventData"":{""Data"":""0, PnPDriverNotFound, Not available, 0, x64, ACPI\\QEMU0002, \nC:\\Windows\\Temp\\DMIB2D5.tmp.log.xml, C:\\ProgramData\\Microsoft\\Windows\\WER\\ReportQueue\\NonCritical_x64_7e7688eac2ab845272f4daac96479e93e0f0a5_cab_0774b2e4, 0, fbbccc06-1bd1-11ef-a968-b880b7e05fa3, 6"",""Binary"":""""}}"
175,175,2024-05-27 02:36:56.140625+00:00,20001,Info,Microsoft-Windows-UserPnp,System,1844,1836,37L4247F27-25,1,S-1-5-18,Device installation,,,DriverDescription: PCI bus,InstallStatus: Installation Successful,IsDriverOEM: False,UpgradeDevice: False,RebootOption: True,DeviceInstanceID: ACPI\PNP0A03\1,FileRepository\machine.inf_amd64_neutral_a2f120466549d68b\machine.inf,False,C:\Users\BRIANNA\OneDrive\Documents\GitHub\NSSECU3_MP2\win7_files\Logs\System.evtx,Classic,0,"{""UserData"":{""InstallDeviceID"":{""DriverName"":""FileRepository\\machine.inf_amd64_neutral_a2f120466549d68b\\machine.inf"",""DriverVersion"":""6.1.7601.17514"",""DriverProvider"":""Microsoft"",""DeviceInstanceID"":""ACPI\\PNP0A03\\1"",""SetupClass"":""4d36e97d-e325-11ce-bfc1-08002be10318"",""RebootOption"":""True"",""UpgradeDevice"":""False"",""IsDriverOEM"":""False"",""InstallStatus"":""0x0"",""DriverDescription"":""PCI bus""}}}"
176,176,2024-05-27 02:36:56.328125+00:00,20003,Info,Microsoft-Windows-UserPnp,System,1892,1716,37L4247F27-25,1,S-1-5-18,Service installation,,,ServiceName: intelppm,AddServiceStatus: Unknown code (0),,UpdateService: True,PrimaryService: True,DeviceInstanceID: ACPI\GENUINEINTEL_-_INTEL64_FAMILY_6_MODEL_6_-_QEMU_VIRTUAL_CPU_VERSION_2.5+\_0,system32\DRIVERS\intelppm.sys,False,C:\Users\BRIANNA\OneDrive\Documents\GitHub\NSSECU3_MP2\win7_files\Logs\System.evtx,Classic,0,"{""UserData"":{""AddServiceID"":{""ServiceName"":""intelppm"",""DriverFileName"":""system32\\DRIVERS\\intelppm.sys"",""DeviceInstanceID"":""ACPI\\GENUINEINTEL_-_INTEL64_FAMILY_6_MODEL_6_-_QEMU_VIRTUAL_CPU_VERSION_2.5+\\_0"",""PrimaryService"":""True"",""UpdateService"":""True"",""AddServiceStatus"":""0""}}}"
177,177,2024-05-27 02:36:56.343750+00:00,20001,Info,Microsoft-Windows-UserPnp,System,1892,1716,37L4247F27-25,1,S-1-5-18,Device installation,,,DriverDescription: Intel Processor,InstallStatus: Installation Successful,IsDriverOEM: False,UpgradeDevice: False,RebootOption: True,DeviceInstanceID: ACPI\GENUINEINTEL_-_INTEL64_FAMILY_6_MODEL_6_-_QEMU_VIRTUAL_CPU_VERSION_2.5+\_0,FileRepository\cpu.inf_amd64_neutral_ae5de2e1bf2793c3\cpu.inf,False,C:\Users\BRIANNA\OneDrive\Documents\GitHub\NSSECU3_MP2\win7_files\Logs\System.evtx,Classic,0,"{""UserData"":{""InstallDeviceID"":{""DriverName"":""FileRepository\\cpu.inf_amd64_neutral_ae5de2e1bf2793c3\\cpu.inf"",""DriverVersion"":""6.1.7600.16385"",""DriverProvider"":""Microsoft"",""DeviceInstanceID"":""ACPI\\GENUINEINTEL_-_INTEL64_FAMILY_6_MODEL_6_-_QEMU_VIRTUAL_CPU_VERSION_2.5+\\_0"",""SetupClass"":""50127dc3-0f36-415e-a6cc-4cb3be910b65"",""RebootOption"":""True"",""UpgradeDevice"":""False"",""IsDriverOEM"":""False"",""InstallStatus"":""0x0"",""DriverDescription"":""Intel Processor""}}}"
178,178,2024-05-27 02:36:56.578125+00:00,20003,Info,Microsoft-Windows-UserPnp,System,1780,1788,37L4247F27-25,1,S-1-5-18,Service installation,,,ServiceName: intelppm,AddServiceStatus: Unknown code (0),,UpdateService: True,PrimaryService: True,DeviceInstanceID: ACPI\GENUINEINTEL_-_INTEL64_FAMILY_6_MODEL_6_-_QEMU_VIRTUAL_CPU_VERSION_2.5+\_1,system32\DRIVERS\intelppm.sys,False,C:\Users\BRIANNA\OneDrive\Documents\GitHub\NSSECU3_MP2\win7_files\Logs\System.evtx,Classic,0,"{""UserData"":{""AddServiceID"":{""ServiceName"":""intelppm"",""DriverFileName"":""system32\\DRIVERS\\intelppm.sys"",""DeviceInstanceID"":""ACPI\\GENUINEINTEL_-_INTEL64_FAMILY_6_MODEL_6_-_QEMU_VIRTUAL_CPU_VERSION_2.5+\\_1"",""PrimaryService"":""True"",""UpdateService"":""True"",""AddServiceStatus"":""0""}}}"
179,179,2024-05-27 02:36:56.671875+00:00,20001,Info,Microsoft-Windows-UserPnp,System,1780,1788,37L4247F27-25,1,S-1-5-18,Device installation,,,DriverDescription: Intel Processor,InstallStatus: Installation Successful,IsDriverOEM: False,UpgradeDevice: False,RebootOption: True,DeviceInstanceID: ACPI\GENUINEINTEL_-_INTEL64_FAMILY_6_MODEL_6_-_QEMU_VIRTUAL_CPU_VERSION_2.5+\_1,FileRepository\cpu.inf_amd64_neutral_ae5de2e1bf2793c3\cpu.inf,False,C:\Users\BRIANNA\OneDrive\Documents\GitHub\NSSECU3_MP2\win7_files\Logs\System.evtx,Classic,0,"{""UserData"":{""InstallDeviceID"":{""DriverName"":""FileRepository\\cpu.inf_amd64_neutral_ae5de2e1bf2793c3\\cpu.inf"",""DriverVersion"":""6.1.7600.16385"",""DriverProvider"":""Microsoft"",""DeviceInstanceID"":""ACPI\\GENUINEINTEL_-_INTEL64_FAMILY_6_MODEL_6_-_QEMU_VIRTUAL_CPU_VERSION_2.5+\\_1"",""SetupClass"":""50127dc3-0f36-415e-a6cc-4cb3be910b65"",""RebootOption"":""True"",""UpgradeDevice"":""False"",""IsDriverOEM"":""False"",""InstallStatus"":""0x0"",""DriverDescription"":""Intel Processor""}}}"
180,180,2024-05-27 02:36:56.828125+00:00,20001,Info,Microsoft-Windows-UserPnp,System,1908,1852,37L4247F27-25,1,S-1-5-18,Device installation,,,DriverDescription: ,InstallStatus: Installation Successful,IsDriverOEM: False,UpgradeDevice: False,RebootOption: False,DeviceInstanceID: ACPI\QEMU0002\3&amp;13C0B0C5&amp;0,NULL Driver,False,C:\Users\BRIANNA\OneDrive\Documents\GitHub\NSSECU3_MP2\win7_files\Logs\System.evtx,Classic,0,"{""UserData"":{""InstallDeviceID"":{""DriverName"":""NULL Driver"",""DriverVersion"":""0"",""DriverProvider"":"""",""DeviceInstanceID"":""ACPI\\QEMU0002\\3&amp;13C0B0C5&amp;0"",""SetupClass"":""00000000-0000-0000-0000-000000000000"",""RebootOption"":""False"",""UpgradeDevice"":""False"",""IsDriverOEM"":""False"",""InstallStatus"":""0x0"",""DriverDescription"":""""}}}"
181,181,2024-05-27 02:36:56.953125+00:00,20003,Info,Microsoft-Windows-UserPnp,System,1884,1864,37L4247F27-25,1,S-1-5-18,Service installation,,,ServiceName: pci,AddServiceStatus: Unknown code (0),,UpdateService: True,PrimaryService: True,DeviceInstanceID: PCI\VEN_1B36&amp;DEV_0001&amp;SUBSYS_00000000&amp;REV_00\3&amp;13C0B0C5&amp;0&amp;F0,system32\DRIVERS\pci.sys,False,C:\Users\BRIANNA\OneDrive\Documents\GitHub\NSSECU3_MP2\win7_files\Logs\System.evtx,Classic,0,"{""UserData"":{""AddServiceID"":{""ServiceName"":""pci"",""DriverFileName"":""system32\\DRIVERS\\pci.sys"",""DeviceInstanceID"":""PCI\\VEN_1B36&amp;DEV_0001&amp;SUBSYS_00000000&amp;REV_00\\3&amp;13C0B0C5&amp;0&amp;F0"",""PrimaryService"":""True"",""UpdateService"":""True"",""AddServiceStatus"":""0""}}}"
182,182,2024-05-27 02:36:57.375000+00:00,20001,Info,Microsoft-Windows-UserPnp,System,1884,1864,37L4247F27-25,1,S-1-5-18,Device installation,,,DriverDescription: PCI standard PCI-to-PCI bridge,InstallStatus: Installation Successful,IsDriverOEM: False,UpgradeDevice: False,RebootOption: False,DeviceInstanceID: PCI\VEN_1B36&amp;DEV_0001&amp;SUBSYS_00000000&amp;REV_00\3&amp;13C0B0C5&amp;0&amp;F0,FileRepository\machine.inf_amd64_neutral_a2f120466549d68b\machine.inf,False,C:\Users\BRIANNA\OneDrive\Documents\GitHub\NSSECU3_MP2\win7_files\Logs\System.evtx,Classic,0,"{""UserData"":{""InstallDeviceID"":{""DriverName"":""FileRepository\\machine.inf_amd64_neutral_a2f120466549d68b\\machine.inf"",""DriverVersion"":""6.1.7601.17514"",""DriverProvider"":""Microsoft"",""DeviceInstanceID"":""PCI\\VEN_1B36&amp;DEV_0001&amp;SUBSYS_00000000&amp;REV_00\\3&amp;13C0B0C5&amp;0&amp;F0"",""SetupClass"":""4d36e97d-e325-11ce-bfc1-08002be10318"",""RebootOption"":""False"",""UpgradeDevice"":""False"",""IsDriverOEM"":""False"",""InstallStatus"":""0x0"",""DriverDescription"":""PCI standard PCI-to-PCI bridge""}}}"
183,183,2024-05-27 02:36:57.468750+00:00,20003,Info,Microsoft-Windows-UserPnp,System,1824,1984,37L4247F27-25,1,S-1-5-18,Service installation,,,ServiceName: pci,AddServiceStatus: Unknown code (0),,UpdateService: True,PrimaryService: True,DeviceInstanceID: PCI\VEN_1B36&amp;DEV_0001&amp;SUBSYS_00000000&amp;REV_00\3&amp;13C0B0C5&amp;0&amp;28,system32\DRIVERS\pci.sys,False,C:\Users\BRIANNA\OneDrive\Documents\GitHub\NSSECU3_MP2\win7_files\Logs\System.evtx,Classic,0,"{""UserData"":{""AddServiceID"":{""ServiceName"":""pci"",""DriverFileName"":""system32\\DRIVERS\\pci.sys"",""DeviceInstanceID"":""PCI\\VEN_1B36&amp;DEV_0001&amp;SUBSYS_00000000&amp;REV_00\\3&amp;13C0B0C5&amp;0&amp;28"",""PrimaryService"":""True"",""UpdateService"":""True"",""AddServiceStatus"":""0""}}}"
184,184,2024-05-27 02:36:57.750000+00:00,20001,Info,Microsoft-Windows-UserPnp,System,1824,1984,37L4247F27-25,1,S-1-5-18,Device installation,,,DriverDescription: PCI standard PCI-to-PCI bridge,InstallStatus: Installation Successful,IsDriverOEM: False,UpgradeDevice: False,RebootOption: False,DeviceInstanceID: PCI\VEN_1B36&amp;DEV_0001&amp;SUBSYS_00000000&amp;REV_00\3&amp;13C0B0C5&amp;0&amp;28,FileRepository\machine.inf_amd64_neutral_a2f120466549d68b\machine.inf,False,C:\Users\BRIANNA\OneDrive\Documents\GitHub\NSSECU3_MP2\win7_files\Logs\System.evtx,Classic,0,"{""UserData"":{""InstallDeviceID"":{""DriverName"":""FileRepository\\machine.inf_amd64_neutral_a2f120466549d68b\\machine.inf"",""DriverVersion"":""6.1.7601.17514"",""DriverProvider"":""Microsoft"",""DeviceInstanceID"":""PCI\\VEN_1B36&amp;DEV_0001&amp;SUBSYS_00000000&amp;REV_00\\3&amp;13C0B0C5&amp;0&amp;28"",""SetupClass"":""4d36e97d-e325-11ce-bfc1-08002be10318"",""RebootOption"":""False"",""UpgradeDevice"":""False"",""IsDriverOEM"":""False"",""InstallStatus"":""0x0"",""DriverDescription"":""PCI standard PCI-to-PCI bridge""}}}"
185,185,2024-05-27 02:36:57.812500+00:00,20003,Info,Microsoft-Windows-UserPnp,System,1980,1940,37L4247F27-25,1,S-1-5-18,Service installation,,,ServiceName: pci,AddServiceStatus: Unknown code (0),,UpdateService: True,PrimaryService: True,DeviceInstanceID: PCI\VEN_1B36&amp;DEV_0001&amp;SUBSYS_00000000&amp;REV_00\3&amp;13C0B0C5&amp;0&amp;F8,system32\DRIVERS\pci.sys,False,C:\Users\BRIANNA\OneDrive\Documents\GitHub\NSSECU3_MP2\win7_files\Logs\System.evtx,Classic,0,"{""UserData"":{""AddServiceID"":{""ServiceName"":""pci"",""DriverFileName"":""system32\\DRIVERS\\pci.sys"",""DeviceInstanceID"":""PCI\\VEN_1B36&amp;DEV_0001&amp;SUBSYS_00000000&amp;REV_00\\3&amp;13C0B0C5&amp;0&amp;F8"",""PrimaryService"":""True"",""UpdateService"":""True"",""AddServiceStatus"":""0""}}}"
186,186,2024-05-27 02:36:58.250000+00:00,20001,Info,Microsoft-Windows-UserPnp,System,1980,1940,37L4247F27-25,1,S-1-5-18,Device installation,,,DriverDescription: PCI standard PCI-to-PCI bridge,InstallStatus: Installation Successful,IsDriverOEM: False,UpgradeDevice: False,RebootOption: False,DeviceInstanceID: PCI\VEN_1B36&amp;DEV_0001&amp;SUBSYS_00000000&amp;REV_00\3&amp;13C0B0C5&amp;0&amp;F8,FileRepository\machine.inf_amd64_neutral_a2f120466549d68b\machine.inf,False,C:\Users\BRIANNA\OneDrive\Documents\GitHub\NSSECU3_MP2\win7_files\Logs\System.evtx,Classic,0,"{""UserData"":{""InstallDeviceID"":{""DriverName"":""FileRepository\\machine.inf_amd64_neutral_a2f120466549d68b\\machine.inf"",""DriverVersion"":""6.1.7601.17514"",""DriverProvider"":""Microsoft"",""DeviceInstanceID"":""PCI\\VEN_1B36&amp;DEV_0001&amp;SUBSYS_00000000&amp;REV_00\\3&amp;13C0B0C5&amp;0&amp;F8"",""SetupClass"":""4d36e97d-e325-11ce-bfc1-08002be10318"",""RebootOption"":""False"",""UpgradeDevice"":""False"",""IsDriverOEM"":""False"",""InstallStatus"":""0x0"",""DriverDescription"":""PCI standard PCI-to-PCI bridge""}}}"
187,187,2024-05-27 02:36:58.468750+00:00,20001,Info,Microsoft-Windows-UserPnp,System,2016,2012,37L4247F27-25,1,S-1-5-18,Device installation,,,DriverDescription: Intel 82441FX Pentium(R) Pro Processor to PCI bridge,InstallStatus: Installation Successful,IsDriverOEM: False,UpgradeDevice: False,RebootOption: False,DeviceInstanceID: PCI\VEN_8086&amp;DEV_1237&amp;SUBSYS_11001AF4&amp;REV_02\3&amp;13C0B0C5&amp;0&amp;00,FileRepository\machine.inf_amd64_neutral_a2f120466549d68b\machine.inf,False,C:\Users\BRIANNA\OneDrive\Documents\GitHub\NSSECU3_MP2\win7_files\Logs\System.evtx,Classic,0,"{""UserData"":{""InstallDeviceID"":{""DriverName"":""FileRepository\\machine.inf_amd64_neutral_a2f120466549d68b\\machine.inf"",""DriverVersion"":""6.1.7601.17514"",""DriverProvider"":""Microsoft"",""DeviceInstanceID"":""PCI\\VEN_8086&amp;DEV_1237&amp;SUBSYS_11001AF4&amp;REV_02\\3&amp;13C0B0C5&amp;0&amp;00"",""SetupClass"":""4d36e97d-e325-11ce-bfc1-08002be10318"",""RebootOption"":""False"",""UpgradeDevice"":""False"",""IsDriverOEM"":""False"",""InstallStatus"":""0x0"",""DriverDescription"":""Intel 82441FX Pentium(R) Pro Processor to PCI bridge""}}}"
188,188,2024-05-27 02:36:58.656250+00:00,20003,Info,Microsoft-Windows-UserPnp,System,2024,1996,37L4247F27-25,1,S-1-5-18,Service installation,,,ServiceName: msisadrv,AddServiceStatus: Unknown code (0),,UpdateService: True,PrimaryService: True,DeviceInstanceID: PCI\VEN_8086&amp;DEV_7000&amp;SUBSYS_11001AF4&amp;REV_00\3&amp;13C0B0C5&amp;0&amp;08,system32\DRIVERS\msisadrv.sys,False,C:\Users\BRIANNA\OneDrive\Documents\GitHub\NSSECU3_MP2\win7_files\Logs\System.evtx,Classic,0,"{""UserData"":{""AddServiceID"":{""ServiceName"":""msisadrv"",""DriverFileName"":""system32\\DRIVERS\\msisadrv.sys"",""DeviceInstanceID"":""PCI\\VEN_8086&amp;DEV_7000&amp;SUBSYS_11001AF4&amp;REV_00\\3&amp;13C0B0C5&amp;0&amp;08"",""PrimaryService"":""True"",""UpdateService"":""True"",""AddServiceStatus"":""0""}}}"
189,189,2024-05-27 02:36:58.750000+00:00,20001,Info,Microsoft-Windows-UserPnp,System,2024,1996,37L4247F27-25,1,S-1-5-18,Device installation,,,DriverDescription: Intel 82371SB PCI to ISA bridge,InstallStatus: Installation Successful,IsDriverOEM: False,UpgradeDevice: False,RebootOption: True,DeviceInstanceID: PCI\VEN_8086&amp;DEV_7000&amp;SUBSYS_11001AF4&amp;REV_00\3&amp;13C0B0C5&amp;0&amp;08,FileRepository\machine.inf_amd64_neutral_a2f120466549d68b\machine.inf,False,C:\Users\BRIANNA\OneDrive\Documents\GitHub\NSSECU3_MP2\win7_files\Logs\System.evtx,Classic,0,"{""UserData"":{""InstallDeviceID"":{""DriverName"":""FileRepository\\machine.inf_amd64_neutral_a2f120466549d68b\\machine.inf"",""DriverVersion"":""6.1.7601.17514"",""DriverProvider"":""Microsoft"",""DeviceInstanceID"":""PCI\\VEN_8086&amp;DEV_7000&amp;SUBSYS_11001AF4&amp;REV_00\\3&amp;13C0B0C5&amp;0&amp;08"",""SetupClass"":""4d36e97d-e325-11ce-bfc1-08002be10318"",""RebootOption"":""True"",""UpgradeDevice"":""False"",""IsDriverOEM"":""False"",""InstallStatus"":""0x0"",""DriverDescription"":""Intel 82371SB PCI to ISA bridge""}}}"
190,190,2024-05-27 02:36:58.937500+00:00,20003,Info,Microsoft-Windows-UserPnp,System,1460,1324,37L4247F27-25,1,S-1-5-18,Service installation,,,ServiceName: vga,AddServiceStatus: Unknown code (0),,UpdateService: True,PrimaryService: True,DeviceInstanceID: PCI\VEN_1234&amp;DEV_1111&amp;SUBSYS_11001AF4&amp;REV_02\3&amp;13C0B0C5&amp;0&amp;10,system32\DRIVERS\vgapnp.sys,False,C:\Users\BRIANNA\OneDrive\Documents\GitHub\NSSECU3_MP2\win7_files\Logs\System.evtx,Classic,0,"{""UserData"":{""AddServiceID"":{""ServiceName"":""vga"",""DriverFileName"":""system32\\DRIVERS\\vgapnp.sys"",""DeviceInstanceID"":""PCI\\VEN_1234&amp;DEV_1111&amp;SUBSYS_11001AF4&amp;REV_02\\3&amp;13C0B0C5&amp;0&amp;10"",""PrimaryService"":""True"",""UpdateService"":""True"",""AddServiceStatus"":""0""}}}"
9,9,2024-05-27 02:36:59+00:00,1001,Info,Windows Error Reporting,Application,0,0,37L4247F27-25,0,,Application Crash,,,,,,,,,"0, PnPDriverNotFound, Not available, 0, x64, PCI\VEN_1AF4&amp;DEV_1000&amp;SUBSYS_00011AF4&amp;REV_00, 
C:\Windows\Temp\DMIBF68.tmp.log.xml, C:\ProgramData\Microsoft\Windows\WER\ReportQueue\NonCritical_x64_114424582516dd9c68770cde732df86a8f6619_cab_0498bf77, 0, fdaa52cc-1bd1-11ef-a968-b880b7e05fa3, 6",False,C:\Users\BRIANNA\OneDrive\Documents\GitHub\NSSECU3_MP2\win7_files\Logs\Application.evtx,0x80000000000000,0,"{""EventData"":{""Data"":""0, PnPDriverNotFound, Not available, 0, x64, PCI\\VEN_1AF4&amp;DEV_1000&amp;SUBSYS_00011AF4&amp;REV_00, \nC:\\Windows\\Temp\\DMIBF68.tmp.log.xml, C:\\ProgramData\\Microsoft\\Windows\\WER\\ReportQueue\\NonCritical_x64_114424582516dd9c68770cde732df86a8f6619_cab_0498bf77, 0, fdaa52cc-1bd1-11ef-a968-b880b7e05fa3, 6"",""Binary"":""""}}"
8,8,2024-05-27 02:36:59+00:00,1001,Info,Windows Error Reporting,Application,0,0,37L4247F27-25,0,,Application Crash,,,,,,,,,"0, PnPGenericDriverFound, Not available, 0, x64, PCI\VEN_1234&amp;DEV_1111&amp;SUBSYS_11001AF4&amp;REV_02, C:\ProgramData\Microsoft\Windows\WER\ReportQueue\NonCritical_x64_14581a24ae3cd03160d66be822236893de867_cab_05b4bd16, 0, fd4d5716-1bd1-11ef-a968-b880b7e05fa3, 6",False,C:\Users\BRIANNA\OneDrive\Documents\GitHub\NSSECU3_MP2\win7_files\Logs\Application.evtx,0x80000000000000,0,"{""EventData"":{""Data"":""0, PnPGenericDriverFound, Not available, 0, x64, PCI\\VEN_1234&amp;DEV_1111&amp;SUBSYS_11001AF4&amp;REV_02, C:\\ProgramData\\Microsoft\\Windows\\WER\\ReportQueue\\NonCritical_x64_14581a24ae3cd03160d66be822236893de867_cab_05b4bd16, 0, fd4d5716-1bd1-11ef-a968-b880b7e05fa3, 6"",""Binary"":""""}}"
191,191,2024-05-27 02:36:59.359375+00:00,20001,Info,Microsoft-Windows-UserPnp,System,1460,1324,37L4247F27-25,1,S-1-5-18,Device installation,,,DriverDescription: Standard VGA Graphics Adapter,InstallStatus: Installation Successful,IsDriverOEM: False,UpgradeDevice: False,RebootOption: False,DeviceInstanceID: PCI\VEN_1234&amp;DEV_1111&amp;SUBSYS_11001AF4&amp;REV_02\3&amp;13C0B0C5&amp;0&amp;10,FileRepository\display.inf_amd64_neutral_ea1c8215e52777a6\display.inf,False,C:\Users\BRIANNA\OneDrive\Documents\GitHub\NSSECU3_MP2\win7_files\Logs\System.evtx,Classic,0,"{""UserData"":{""InstallDeviceID"":{""DriverName"":""FileRepository\\display.inf_amd64_neutral_ea1c8215e52777a6\\display.inf"",""DriverVersion"":""6.1.7600.16385"",""DriverProvider"":""Microsoft"",""DeviceInstanceID"":""PCI\\VEN_1234&amp;DEV_1111&amp;SUBSYS_11001AF4&amp;REV_02\\3&amp;13C0B0C5&amp;0&amp;10"",""SetupClass"":""4d36e968-e325-11ce-bfc1-08002be10318"",""RebootOption"":""False"",""UpgradeDevice"":""False"",""IsDriverOEM"":""False"",""InstallStatus"":""0x0"",""DriverDescription"":""Standard VGA Graphics Adapter""}}}"
192,192,2024-05-27 02:36:59.593750+00:00,20003,Info,Microsoft-Windows-UserPnp,System,1424,2044,37L4247F27-25,1,S-1-5-18,Service installation,,,ServiceName: intelide,AddServiceStatus: Unknown code (0),,UpdateService: True,PrimaryService: True,DeviceInstanceID: PCI\VEN_8086&amp;DEV_7010&amp;SUBSYS_11001AF4&amp;REV_00\3&amp;13C0B0C5&amp;0&amp;09,system32\DRIVERS\intelide.sys,False,C:\Users\BRIANNA\OneDrive\Documents\GitHub\NSSECU3_MP2\win7_files\Logs\System.evtx,Classic,0,"{""UserData"":{""AddServiceID"":{""ServiceName"":""intelide"",""DriverFileName"":""system32\\DRIVERS\\intelide.sys"",""DeviceInstanceID"":""PCI\\VEN_8086&amp;DEV_7010&amp;SUBSYS_11001AF4&amp;REV_00\\3&amp;13C0B0C5&amp;0&amp;09"",""PrimaryService"":""True"",""UpdateService"":""True"",""AddServiceStatus"":""0""}}}"
193,193,2024-05-27 02:36:59.687500+00:00,20001,Info,Microsoft-Windows-UserPnp,System,1424,2044,37L4247F27-25,1,S-1-5-18,Device installation,,,DriverDescription: Intel(R) 82371SB PCI Bus Master IDE Controller,InstallStatus: Installation Successful,IsDriverOEM: False,UpgradeDevice: False,RebootOption: True,DeviceInstanceID: PCI\VEN_8086&amp;DEV_7010&amp;SUBSYS_11001AF4&amp;REV_00\3&amp;13C0B0C5&amp;0&amp;09,FileRepository\mshdc.inf_amd64_neutral_aad30bdeec04ea5e\mshdc.inf,False,C:\Users\BRIANNA\OneDrive\Documents\GitHub\NSSECU3_MP2\win7_files\Logs\System.evtx,Classic,0,"{""UserData"":{""InstallDeviceID"":{""DriverName"":""FileRepository\\mshdc.inf_amd64_neutral_aad30bdeec04ea5e\\mshdc.inf"",""DriverVersion"":""6.1.7601.17514"",""DriverProvider"":""Microsoft"",""DeviceInstanceID"":""PCI\\VEN_8086&amp;DEV_7010&amp;SUBSYS_11001AF4&amp;REV_00\\3&amp;13C0B0C5&amp;0&amp;09"",""SetupClass"":""4d36e96a-e325-11ce-bfc1-08002be10318"",""RebootOption"":""True"",""UpgradeDevice"":""False"",""IsDriverOEM"":""False"",""InstallStatus"":""0x0"",""DriverDescription"":""Intel(R) 82371SB PCI Bus Master IDE Controller""}}}"
194,194,2024-05-27 02:36:59.890625+00:00,20001,Info,Microsoft-Windows-UserPnp,System,2040,1552,37L4247F27-25,1,S-1-5-18,Device installation,,,DriverDescription: Extended IO Bus,InstallStatus: Installation Successful,IsDriverOEM: False,UpgradeDevice: False,RebootOption: False,DeviceInstanceID: ACPI\PNP0A06\CPU_HOTPLUG_RESOURCES,FileRepository\machine.inf_amd64_neutral_a2f120466549d68b\machine.inf,False,C:\Users\BRIANNA\OneDrive\Documents\GitHub\NSSECU3_MP2\win7_files\Logs\System.evtx,Classic,0,"{""UserData"":{""InstallDeviceID"":{""DriverName"":""FileRepository\\machine.inf_amd64_neutral_a2f120466549d68b\\machine.inf"",""DriverVersion"":""6.1.7601.17514"",""DriverProvider"":""Microsoft"",""DeviceInstanceID"":""ACPI\\PNP0A06\\CPU_HOTPLUG_RESOURCES"",""SetupClass"":""4d36e97d-e325-11ce-bfc1-08002be10318"",""RebootOption"":""False"",""UpgradeDevice"":""False"",""IsDriverOEM"":""False"",""InstallStatus"":""0x0"",""DriverDescription"":""Extended IO Bus""}}}"
195,195,2024-05-27 02:36:59.984375+00:00,20001,Info,Microsoft-Windows-UserPnp,System,1176,1420,37L4247F27-25,1,S-1-5-18,Device installation,,,DriverDescription: ,InstallStatus: Installation Successful,IsDriverOEM: False,UpgradeDevice: False,RebootOption: False,DeviceInstanceID: PCI\VEN_1AF4&amp;DEV_1000&amp;SUBSYS_00011AF4&amp;REV_00\3&amp;13C0B0C5&amp;0&amp;90,NULL Driver,False,C:\Users\BRIANNA\OneDrive\Documents\GitHub\NSSECU3_MP2\win7_files\Logs\System.evtx,Classic,0,"{""UserData"":{""InstallDeviceID"":{""DriverName"":""NULL Driver"",""DriverVersion"":""0"",""DriverProvider"":"""",""DeviceInstanceID"":""PCI\\VEN_1AF4&amp;DEV_1000&amp;SUBSYS_00011AF4&amp;REV_00\\3&amp;13C0B0C5&amp;0&amp;90"",""SetupClass"":""00000000-0000-0000-0000-000000000000"",""RebootOption"":""False"",""UpgradeDevice"":""False"",""IsDriverOEM"":""False"",""InstallStatus"":""0x0"",""DriverDescription"":""""}}}"
10,10,2024-05-27 02:37:00+00:00,1001,Info,Windows Error Reporting,Application,0,0,37L4247F27-25,0,,Application Crash,,,,,,,,,"0, PnPDriverNotFound, Not available, 0, x64, PCI\VEN_1AF4&amp;DEV_1002&amp;SUBSYS_00051AF4&amp;REV_00, 
C:\Windows\Temp\DMIC284.tmp.log.xml, C:\ProgramData\Microsoft\Windows\WER\ReportQueue\NonCritical_x64_d0c641ef89a8d207056286596bafe75f59844_cab_0588c294, 0, fe23eaba-1bd1-11ef-a968-b880b7e05fa3, 6",False,C:\Users\BRIANNA\OneDrive\Documents\GitHub\NSSECU3_MP2\win7_files\Logs\Application.evtx,0x80000000000000,0,"{""EventData"":{""Data"":""0, PnPDriverNotFound, Not available, 0, x64, PCI\\VEN_1AF4&amp;DEV_1002&amp;SUBSYS_00051AF4&amp;REV_00, \nC:\\Windows\\Temp\\DMIC284.tmp.log.xml, C:\\ProgramData\\Microsoft\\Windows\\WER\\ReportQueue\\NonCritical_x64_d0c641ef89a8d207056286596bafe75f59844_cab_0588c294, 0, fe23eaba-1bd1-11ef-a968-b880b7e05fa3, 6"",""Binary"":""""}}"
196,196,2024-05-27 02:37:00.265625+00:00,20003,Info,Microsoft-Windows-UserPnp,System,1616,1628,37L4247F27-25,1,S-1-5-18,Service installation,,,ServiceName: usbuhci,AddServiceStatus: Unknown code (0),,UpdateService: True,PrimaryService: True,DeviceInstanceID: PCI\VEN_8086&amp;DEV_7020&amp;SUBSYS_11001AF4&amp;REV_01\3&amp;13C0B0C5&amp;0&amp;0A,system32\DRIVERS\usbuhci.sys,False,C:\Users\BRIANNA\OneDrive\Documents\GitHub\NSSECU3_MP2\win7_files\Logs\System.evtx,Classic,0,"{""UserData"":{""AddServiceID"":{""ServiceName"":""usbuhci"",""DriverFileName"":""system32\\DRIVERS\\usbuhci.sys"",""DeviceInstanceID"":""PCI\\VEN_8086&amp;DEV_7020&amp;SUBSYS_11001AF4&amp;REV_01\\3&amp;13C0B0C5&amp;0&amp;0A"",""PrimaryService"":""True"",""UpdateService"":""True"",""AddServiceStatus"":""0""}}}"
197,197,2024-05-27 02:37:00.687500+00:00,20001,Info,Microsoft-Windows-UserPnp,System,1616,1628,37L4247F27-25,1,S-1-5-18,Device installation,,,DriverDescription: Intel(R) 82371SB PCI to USB Universal Host Controller,InstallStatus: Installation Successful,IsDriverOEM: False,UpgradeDevice: False,RebootOption: False,DeviceInstanceID: PCI\VEN_8086&amp;DEV_7020&amp;SUBSYS_11001AF4&amp;REV_01\3&amp;13C0B0C5&amp;0&amp;0A,FileRepository\usbport.inf_amd64_neutral_f935002f367d5bb0\usbport.inf,False,C:\Users\BRIANNA\OneDrive\Documents\GitHub\NSSECU3_MP2\win7_files\Logs\System.evtx,Classic,0,"{""UserData"":{""InstallDeviceID"":{""DriverName"":""FileRepository\\usbport.inf_amd64_neutral_f935002f367d5bb0\\usbport.inf"",""DriverVersion"":""6.1.7601.17514"",""DriverProvider"":""Microsoft"",""DeviceInstanceID"":""PCI\\VEN_8086&amp;DEV_7020&amp;SUBSYS_11001AF4&amp;REV_01\\3&amp;13C0B0C5&amp;0&amp;0A"",""SetupClass"":""36fc9e60-c465-11cf-8056-444553540000"",""RebootOption"":""False"",""UpgradeDevice"":""False"",""IsDriverOEM"":""False"",""InstallStatus"":""0x0"",""DriverDescription"":""Intel(R) 82371SB PCI to USB Universal Host Controller""}}}"
198,198,2024-05-27 02:37:00.843750+00:00,20001,Info,Microsoft-Windows-UserPnp,System,1416,1664,37L4247F27-25,1,S-1-5-18,Device installation,,,DriverDescription: ,InstallStatus: Installation Successful,IsDriverOEM: False,UpgradeDevice: False,RebootOption: False,DeviceInstanceID: PCI\VEN_1AF4&amp;DEV_1002&amp;SUBSYS_00051AF4&amp;REV_00\3&amp;13C0B0C5&amp;0&amp;18,NULL Driver,False,C:\Users\BRIANNA\OneDrive\Documents\GitHub\NSSECU3_MP2\win7_files\Logs\System.evtx,Classic,0,"{""UserData"":{""InstallDeviceID"":{""DriverName"":""NULL Driver"",""DriverVersion"":""0"",""DriverProvider"":"""",""DeviceInstanceID"":""PCI\\VEN_1AF4&amp;DEV_1002&amp;SUBSYS_00051AF4&amp;REV_00\\3&amp;13C0B0C5&amp;0&amp;18"",""SetupClass"":""00000000-0000-0000-0000-000000000000"",""RebootOption"":""False"",""UpgradeDevice"":""False"",""IsDriverOEM"":""False"",""InstallStatus"":""0x0"",""DriverDescription"":""""}}}"
199,199,2024-05-27 02:37:01.093750+00:00,20001,Info,Microsoft-Windows-UserPnp,System,1456,1632,37L4247F27-25,1,S-1-5-18,Device installation,,,DriverDescription: Extended IO Bus,InstallStatus: Installation Successful,IsDriverOEM: False,UpgradeDevice: False,RebootOption: False,DeviceInstanceID: ACPI\PNP0A06\GPE0_RESOURCES,FileRepository\machine.inf_amd64_neutral_a2f120466549d68b\machine.inf,False,C:\Users\BRIANNA\OneDrive\Documents\GitHub\NSSECU3_MP2\win7_files\Logs\System.evtx,Classic,0,"{""UserData"":{""InstallDeviceID"":{""DriverName"":""FileRepository\\machine.inf_amd64_neutral_a2f120466549d68b\\machine.inf"",""DriverVersion"":""6.1.7601.17514"",""DriverProvider"":""Microsoft"",""DeviceInstanceID"":""ACPI\\PNP0A06\\GPE0_RESOURCES"",""SetupClass"":""4d36e97d-e325-11ce-bfc1-08002be10318"",""RebootOption"":""False"",""UpgradeDevice"":""False"",""IsDriverOEM"":""False"",""InstallStatus"":""0x0"",""DriverDescription"":""Extended IO Bus""}}}"
200,200,2024-05-27 02:37:01.406250+00:00,20001,Info,Microsoft-Windows-UserPnp,System,1644,1680,37L4247F27-25,1,S-1-5-18,Device installation,,,DriverDescription: Extended IO Bus,InstallStatus: Installation Successful,IsDriverOEM: False,UpgradeDevice: False,RebootOption: False,DeviceInstanceID: ACPI\PNP0A06\PCI_HOTPLUG_RESOURCES,FileRepository\machine.inf_amd64_neutral_a2f120466549d68b\machine.inf,False,C:\Users\BRIANNA\OneDrive\Documents\GitHub\NSSECU3_MP2\win7_files\Logs\System.evtx,Classic,0,"{""UserData"":{""InstallDeviceID"":{""DriverName"":""FileRepository\\machine.inf_amd64_neutral_a2f120466549d68b\\machine.inf"",""DriverVersion"":""6.1.7601.17514"",""DriverProvider"":""Microsoft"",""DeviceInstanceID"":""ACPI\\PNP0A06\\PCI_HOTPLUG_RESOURCES"",""SetupClass"":""4d36e97d-e325-11ce-bfc1-08002be10318"",""RebootOption"":""False"",""UpgradeDevice"":""False"",""IsDriverOEM"":""False"",""InstallStatus"":""0x0"",""DriverDescription"":""Extended IO Bus""}}}"
201,201,2024-05-27 02:37:01.546875+00:00,20003,Info,Microsoft-Windows-UserPnp,System,1904,1748,37L4247F27-25,1,S-1-5-18,Service installation,,,ServiceName: atapi,AddServiceStatus: Unknown code (0),,UpdateService: True,PrimaryService: True,DeviceInstanceID: PCIIDE\IDECHANNEL\4&amp;3084357F&amp;0&amp;1,system32\DRIVERS\atapi.sys,False,C:\Users\BRIANNA\OneDrive\Documents\GitHub\NSSECU3_MP2\win7_files\Logs\System.evtx,Classic,0,"{""UserData"":{""AddServiceID"":{""ServiceName"":""atapi"",""DriverFileName"":""system32\\DRIVERS\\atapi.sys"",""DeviceInstanceID"":""PCIIDE\\IDECHANNEL\\4&amp;3084357F&amp;0&amp;1"",""PrimaryService"":""True"",""UpdateService"":""True"",""AddServiceStatus"":""0""}}}"
202,202,2024-05-27 02:37:02.734375+00:00,20001,Info,Microsoft-Windows-UserPnp,System,1904,1748,37L4247F27-25,1,S-1-5-18,Device installation,,,DriverDescription: IDE Channel,InstallStatus: Installation Successful,IsDriverOEM: False,UpgradeDevice: False,RebootOption: False,DeviceInstanceID: PCIIDE\IDECHANNEL\4&amp;3084357F&amp;0&amp;1,FileRepository\mshdc.inf_amd64_neutral_aad30bdeec04ea5e\mshdc.inf,False,C:\Users\BRIANNA\OneDrive\Documents\GitHub\NSSECU3_MP2\win7_files\Logs\System.evtx,Classic,0,"{""UserData"":{""InstallDeviceID"":{""DriverName"":""FileRepository\\mshdc.inf_amd64_neutral_aad30bdeec04ea5e\\mshdc.inf"",""DriverVersion"":""6.1.7601.17514"",""DriverProvider"":""Microsoft"",""DeviceInstanceID"":""PCIIDE\\IDECHANNEL\\4&amp;3084357F&amp;0&amp;1"",""SetupClass"":""4d36e96a-e325-11ce-bfc1-08002be10318"",""RebootOption"":""False"",""UpgradeDevice"":""False"",""IsDriverOEM"":""False"",""InstallStatus"":""0x0"",""DriverDescription"":""IDE Channel""}}}"
203,203,2024-05-27 02:37:02.937500+00:00,20003,Info,Microsoft-Windows-UserPnp,System,1672,1816,37L4247F27-25,1,S-1-5-18,Service installation,,,ServiceName: i8042prt,AddServiceStatus: Unknown code (0),,UpdateService: True,PrimaryService: True,DeviceInstanceID: ACPI\PNP0F13\4&amp;3B4F7DA4&amp;0,system32\DRIVERS\i8042prt.sys,False,C:\Users\BRIANNA\OneDrive\Documents\GitHub\NSSECU3_MP2\win7_files\Logs\System.evtx,Classic,0,"{""UserData"":{""AddServiceID"":{""ServiceName"":""i8042prt"",""DriverFileName"":""system32\\DRIVERS\\i8042prt.sys"",""DeviceInstanceID"":""ACPI\\PNP0F13\\4&amp;3B4F7DA4&amp;0"",""PrimaryService"":""True"",""UpdateService"":""True"",""AddServiceStatus"":""0""}}}"
204,204,2024-05-27 02:37:02.953125+00:00,20003,Info,Microsoft-Windows-UserPnp,System,1672,1816,37L4247F27-25,1,S-1-5-18,Service installation,,,ServiceName: mouclass,AddServiceStatus: Unknown code (0),,UpdateService: True,PrimaryService: False,DeviceInstanceID: ACPI\PNP0F13\4&amp;3B4F7DA4&amp;0,system32\DRIVERS\mouclass.sys,False,C:\Users\BRIANNA\OneDrive\Documents\GitHub\NSSECU3_MP2\win7_files\Logs\System.evtx,Classic,0,"{""UserData"":{""AddServiceID"":{""ServiceName"":""mouclass"",""DriverFileName"":""system32\\DRIVERS\\mouclass.sys"",""DeviceInstanceID"":""ACPI\\PNP0F13\\4&amp;3B4F7DA4&amp;0"",""PrimaryService"":""False"",""UpdateService"":""True"",""AddServiceStatus"":""0""}}}"
205,205,2024-05-27 02:37:02.968750+00:00,20001,Info,Microsoft-Windows-UserPnp,System,1672,1816,37L4247F27-25,1,S-1-5-18,Device installation,,,DriverDescription: PS/2 Compatible Mouse,InstallStatus: Installation Successful,IsDriverOEM: False,UpgradeDevice: False,RebootOption: True,DeviceInstanceID: ACPI\PNP0F13\4&amp;3B4F7DA4&amp;0,FileRepository\msmouse.inf_amd64_neutral_7a5f47d3150cc0eb\msmouse.inf,False,C:\Users\BRIANNA\OneDrive\Documents\GitHub\NSSECU3_MP2\win7_files\Logs\System.evtx,Classic,0,"{""UserData"":{""InstallDeviceID"":{""DriverName"":""FileRepository\\msmouse.inf_amd64_neutral_7a5f47d3150cc0eb\\msmouse.inf"",""DriverVersion"":""6.1.7600.16385"",""DriverProvider"":""Microsoft"",""DeviceInstanceID"":""ACPI\\PNP0F13\\4&amp;3B4F7DA4&amp;0"",""SetupClass"":""4d36e96f-e325-11ce-bfc1-08002be10318"",""RebootOption"":""True"",""UpgradeDevice"":""False"",""IsDriverOEM"":""False"",""InstallStatus"":""0x0"",""DriverDescription"":""PS/2 Compatible Mouse""}}}"
206,206,2024-05-27 02:37:03.140625+00:00,20003,Info,Microsoft-Windows-UserPnp,System,1836,1736,37L4247F27-25,1,S-1-5-18,Service installation,,,ServiceName: usbhub,AddServiceStatus: Unknown code (0),,UpdateService: True,PrimaryService: True,DeviceInstanceID: USB\ROOT_HUB\4&amp;192D568&amp;0,system32\DRIVERS\usbhub.sys,False,C:\Users\BRIANNA\OneDrive\Documents\GitHub\NSSECU3_MP2\win7_files\Logs\System.evtx,Classic,0,"{""UserData"":{""AddServiceID"":{""ServiceName"":""usbhub"",""DriverFileName"":""system32\\DRIVERS\\usbhub.sys"",""DeviceInstanceID"":""USB\\ROOT_HUB\\4&amp;192D568&amp;0"",""PrimaryService"":""True"",""UpdateService"":""True"",""AddServiceStatus"":""0""}}}"
207,207,2024-05-27 02:37:03.328125+00:00,20001,Info,Microsoft-Windows-UserPnp,System,1836,1736,37L4247F27-25,1,S-1-5-18,Device installation,,,DriverDescription: USB Root Hub,InstallStatus: Installation Successful,IsDriverOEM: False,UpgradeDevice: False,RebootOption: False,DeviceInstanceID: USB\ROOT_HUB\4&amp;192D568&amp;0,FileRepository\usbport.inf_amd64_neutral_f935002f367d5bb0\usbport.inf,False,C:\Users\BRIANNA\OneDrive\Documents\GitHub\NSSECU3_MP2\win7_files\Logs\System.evtx,Classic,0,"{""UserData"":{""InstallDeviceID"":{""DriverName"":""FileRepository\\usbport.inf_amd64_neutral_f935002f367d5bb0\\usbport.inf"",""DriverVersion"":""6.1.7601.17514"",""DriverProvider"":""Microsoft"",""DeviceInstanceID"":""USB\\ROOT_HUB\\4&amp;192D568&amp;0"",""SetupClass"":""36fc9e60-c465-11cf-8056-444553540000"",""RebootOption"":""False"",""UpgradeDevice"":""False"",""IsDriverOEM"":""False"",""InstallStatus"":""0x0"",""DriverDescription"":""USB Root Hub""}}}"
208,208,2024-05-27 02:37:03.437500+00:00,20003,Info,Microsoft-Windows-UserPnp,System,1840,1868,37L4247F27-25,1,S-1-5-18,Service installation,,,ServiceName: i8042prt,AddServiceStatus: Unknown code (0),,UpdateService: True,PrimaryService: True,DeviceInstanceID: ACPI\PNP0303\4&amp;3B4F7DA4&amp;0,system32\DRIVERS\i8042prt.sys,False,C:\Users\BRIANNA\OneDrive\Documents\GitHub\NSSECU3_MP2\win7_files\Logs\System.evtx,Classic,0,"{""UserData"":{""AddServiceID"":{""ServiceName"":""i8042prt"",""DriverFileName"":""system32\\DRIVERS\\i8042prt.sys"",""DeviceInstanceID"":""ACPI\\PNP0303\\4&amp;3B4F7DA4&amp;0"",""PrimaryService"":""True"",""UpdateService"":""True"",""AddServiceStatus"":""0""}}}"
209,209,2024-05-27 02:37:03.453125+00:00,20003,Info,Microsoft-Windows-UserPnp,System,1840,1868,37L4247F27-25,1,S-1-5-18,Service installation,,,ServiceName: kbdclass,AddServiceStatus: Unknown code (0),,UpdateService: True,PrimaryService: False,DeviceInstanceID: ACPI\PNP0303\4&amp;3B4F7DA4&amp;0,system32\DRIVERS\kbdclass.sys,False,C:\Users\BRIANNA\OneDrive\Documents\GitHub\NSSECU3_MP2\win7_files\Logs\System.evtx,Classic,0,"{""UserData"":{""AddServiceID"":{""ServiceName"":""kbdclass"",""DriverFileName"":""system32\\DRIVERS\\kbdclass.sys"",""DeviceInstanceID"":""ACPI\\PNP0303\\4&amp;3B4F7DA4&amp;0"",""PrimaryService"":""False"",""UpdateService"":""True"",""AddServiceStatus"":""0""}}}"
210,210,2024-05-27 02:37:03.546875+00:00,20001,Info,Microsoft-Windows-UserPnp,System,1840,1868,37L4247F27-25,1,S-1-5-18,Device installation,,,DriverDescription: Standard PS/2 Keyboard,InstallStatus: Installation Successful,IsDriverOEM: False,UpgradeDevice: False,RebootOption: True,DeviceInstanceID: ACPI\PNP0303\4&amp;3B4F7DA4&amp;0,FileRepository\keyboard.inf_amd64_neutral_0684fdc43059f486\keyboard.inf,False,C:\Users\BRIANNA\OneDrive\Documents\GitHub\NSSECU3_MP2\win7_files\Logs\System.evtx,Classic,0,"{""UserData"":{""InstallDeviceID"":{""DriverName"":""FileRepository\\keyboard.inf_amd64_neutral_0684fdc43059f486\\keyboard.inf"",""DriverVersion"":""6.1.7601.17514"",""DriverProvider"":""Microsoft"",""DeviceInstanceID"":""ACPI\\PNP0303\\4&amp;3B4F7DA4&amp;0"",""SetupClass"":""4d36e96b-e325-11ce-bfc1-08002be10318"",""RebootOption"":""True"",""UpgradeDevice"":""False"",""IsDriverOEM"":""False"",""InstallStatus"":""0x0"",""DriverDescription"":""Standard PS/2 Keyboard""}}}"
