5,5,2025-01-20 14:47:45.750000+00:00,3005,Info,Microsoft-Windows-BranchCacheSMB,Microsoft-Windows-BranchCacheSMB/Operational,768,780,win7,0,S-1-5-18,,,,,,,,,,,False,C:\Users\BRIANNA\OneDrive\Documents\GitHub\NSSECU3_MP2\win7_files\Logs\Microsoft-Windows-BranchCacheSMB_4Operational.evtx,0x8000000000000800,0,"{""UserData"":{""CounterSummary"":{""ServiceActiveTimeInSeconds"":""0"",""SMBBranchCacheBytesRequested"":""0"",""SMBBranchCacheBytesReceived"":""0"",""SMBBranchCacheBytesPublished"":""0"",""SMBBranchCacheBytesRequestedFromServer"":""0"",""SMBBranchCacheHashesRequested"":""0"",""SMBBranchCacheHashesReceived"":""0"",""SMBBranchCacheHashBytesReceived"":""0"",""PrefetchOperationsQueued"":""0"",""PrefetchBytesReadFromCache"":""0"",""PrefetchBytesReadFromServer"":""0"",""ApplicationBytesReadFromCache"":""0"",""ApplicationBytesReadFromServer"":""0"",""ApplicationBytesReadFromServerNotCached"":""0""}}}"
409,409,2025-01-20 14:47:45.765625+00:00,7036,Info,Service Control Manager,System,448,528,win7,2,,Service started or stopped,,,Name: COM+ Event System | COM+ Event System,Status: running,,,,,,False,C:\Users\BRIANNA\OneDrive\Documents\GitHub\NSSECU3_MP2\win7_files\Logs\System.evtx,"Audit success, classic",0,"{""EventData"":{""Data"":[{""@Name"":""param1"",""#text"":""COM+ Event System""},{""@Name"":""param2"",""#text"":""running""}],""Binary"":""45-00-76-00-65-00-6E-00-74-00-53-00-79-00-73-00-74-00-65-00-6D-00-2F-00-34-00-00-00""}}"
410,410,2025-01-20 14:47:45.796875+00:00,7036,Info,Service Control Manager,System,448,528,win7,2,,Service started or stopped,,,Name: System Event Notification Service | System Event Notification Service,Status: running,,,,,,False,C:\Users\BRIANNA\OneDrive\Documents\GitHub\NSSECU3_MP2\win7_files\Logs\System.evtx,"Audit success, classic",0,"{""EventData"":{""Data"":[{""@Name"":""param1"",""#text"":""System Event Notification Service""},{""@Name"":""param2"",""#text"":""running""}],""Binary"":""53-00-45-00-4E-00-53-00-2F-00-34-00-00-00""}}"
411,411,2025-01-20 14:47:45.812500+00:00,7036,Info,Service Control Manager,System,448,528,win7,2,,Service started or stopped,,,Name: Desktop Window Manager Session Manager | Desktop Window Manager Session Manager,Status: running,,,,,,False,C:\Users\BRIANNA\OneDrive\Documents\GitHub\NSSECU3_MP2\win7_files\Logs\System.evtx,"Audit success, classic",0,"{""EventData"":{""Data"":[{""@Name"":""param1"",""#text"":""Desktop Window Manager Session Manager""},{""@Name"":""param2"",""#text"":""running""}],""Binary"":""55-00-78-00-53-00-6D-00-73-00-2F-00-34-00-00-00""}}"
412,412,2025-01-20 14:47:45.812500+00:00,7036,Info,Service Control Manager,System,448,528,win7,2,,Service started or stopped,,,Name: Security Accounts Manager | Security Accounts Manager,Status: running,,,,,,False,C:\Users\BRIANNA\OneDrive\Documents\GitHub\NSSECU3_MP2\win7_files\Logs\System.evtx,"Audit success, classic",0,"{""EventData"":{""Data"":[{""@Name"":""param1"",""#text"":""Security Accounts Manager""},{""@Name"":""param2"",""#text"":""running""}],""Binary"":""53-00-61-00-6D-00-53-00-73-00-2F-00-34-00-00-00""}}"
413,413,2025-01-20 14:47:45.875000+00:00,7036,Info,Service Control Manager,System,448,528,win7,2,,Service started or stopped,,,Name: Network Store Interface Service | Network Store Interface Service,Status: running,,,,,,False,C:\Users\BRIANNA\OneDrive\Documents\GitHub\NSSECU3_MP2\win7_files\Logs\System.evtx,"Audit success, classic",0,"{""EventData"":{""Data"":[{""@Name"":""param1"",""#text"":""Network Store Interface Service""},{""@Name"":""param2"",""#text"":""running""}],""Binary"":""6E-00-73-00-69-00-2F-00-34-00-00-00""}}"
414,414,2025-01-20 14:47:45.906250+00:00,7036,Info,Service Control Manager,System,448,528,win7,2,,Service started or stopped,,,Name: TCP/IP NetBIOS Helper | TCP/IP NetBIOS Helper,Status: running,,,,,,False,C:\Users\BRIANNA\OneDrive\Documents\GitHub\NSSECU3_MP2\win7_files\Logs\System.evtx,"Audit success, classic",0,"{""EventData"":{""Data"":[{""@Name"":""param1"",""#text"":""TCP/IP NetBIOS Helper""},{""@Name"":""param2"",""#text"":""running""}],""Binary"":""6C-00-6D-00-68-00-6F-00-73-00-74-00-73-00-2F-00-34-00-00-00""}}"
415,415,2025-01-20 14:47:45.953125+00:00,50036,Info,Microsoft-Windows-Dhcp-Client,System,732,1008,win7,2,S-1-5-19,,,,,,,,,,,False,C:\Users\BRIANNA\OneDrive\Documents\GitHub\NSSECU3_MP2\win7_files\Logs\System.evtx,0x2000000000000000,0,"{""EventData"":""""}"
416,416,2025-01-20 14:47:45.968750+00:00,7036,Info,Service Control Manager,System,448,528,win7,2,,Service started or stopped,,,Name: DNS Client | DNS Client,Status: running,,,,,,False,C:\Users\BRIANNA\OneDrive\Documents\GitHub\NSSECU3_MP2\win7_files\Logs\System.evtx,"Audit success, classic",0,"{""EventData"":{""Data"":[{""@Name"":""param1"",""#text"":""DNS Client""},{""@Name"":""param2"",""#text"":""running""}],""Binary"":""44-00-6E-00-73-00-63-00-61-00-63-00-68-00-65-00-2F-00-34-00-00-00""}}"
417,417,2025-01-20 14:47:45.968750+00:00,51046,Info,Microsoft-Windows-DHCPv6-Client,System,732,308,win7,2,S-1-5-19,,,,,,,,,,,False,C:\Users\BRIANNA\OneDrive\Documents\GitHub\NSSECU3_MP2\win7_files\Logs\System.evtx,0x2000000000000000,0,"{""EventData"":""""}"
418,418,2025-01-20 14:47:45.984375+00:00,7036,Info,Service Control Manager,System,448,528,win7,2,,Service started or stopped,,,Name: DHCP Client | DHCP Client,Status: running,,,,,,False,C:\Users\BRIANNA\OneDrive\Documents\GitHub\NSSECU3_MP2\win7_files\Logs\System.evtx,"Audit success, classic",0,"{""EventData"":{""Data"":[{""@Name"":""param1"",""#text"":""DHCP Client""},{""@Name"":""param2"",""#text"":""running""}],""Binary"":""44-00-68-00-63-00-70-00-2F-00-34-00-00-00""}}"
419,419,2025-01-20 14:47:46+00:00,7036,Info,Service Control Manager,System,448,528,win7,2,,Service started or stopped,,,Name: Shell Hardware Detection | Shell Hardware Detection,Status: running,,,,,,False,C:\Users\BRIANNA\OneDrive\Documents\GitHub\NSSECU3_MP2\win7_files\Logs\System.evtx,"Audit success, classic",0,"{""EventData"":{""Data"":[{""@Name"":""param1"",""#text"":""Shell Hardware Detection""},{""@Name"":""param2"",""#text"":""running""}],""Binary"":""53-00-68-00-65-00-6C-00-6C-00-48-00-57-00-44-00-65-00-74-00-65-00-63-00-74-00-69-00-6F-00-6E-00-2F-00-34-00-00-00""}}"
420,420,2025-01-20 14:47:46.406250+00:00,7036,Info,Service Control Manager,System,448,684,win7,2,,Service started or stopped,,,Name: Task Scheduler | Task Scheduler,Status: running,,,,,,False,C:\Users\BRIANNA\OneDrive\Documents\GitHub\NSSECU3_MP2\win7_files\Logs\System.evtx,"Audit success, classic",0,"{""EventData"":{""Data"":[{""@Name"":""param1"",""#text"":""Task Scheduler""},{""@Name"":""param2"",""#text"":""running""}],""Binary"":""53-00-63-00-68-00-65-00-64-00-75-00-6C-00-65-00-2F-00-34-00-00-00""}}"
139,139,2025-01-20 14:47:46.546875+00:00,4624,LogAlways,Microsoft-Windows-Security-Auditing,Security,456,764,win7,1,,Successful logon,WORKGROUP\WIN7$, (-),Target: NT AUTHORITY\SYSTEM,LogonType 5,LogonId: 0x3E7,AuthenticationPackageName: Negotiate,LogonProcessName: Advapi  ,,C:\Windows\System32\services.exe,False,C:\Users\BRIANNA\OneDrive\Documents\GitHub\NSSECU3_MP2\win7_files\Logs\Security.evtx,Audit success,0,"{""EventData"":{""Data"":[{""@Name"":""SubjectUserSid"",""#text"":""S-1-5-18""},{""@Name"":""SubjectUserName"",""#text"":""WIN7$""},{""@Name"":""SubjectDomainName"",""#text"":""WORKGROUP""},{""@Name"":""SubjectLogonId"",""#text"":""0x3E7""},{""@Name"":""TargetUserSid"",""#text"":""S-1-5-18""},{""@Name"":""TargetUserName"",""#text"":""SYSTEM""},{""@Name"":""TargetDomainName"",""#text"":""NT AUTHORITY""},{""@Name"":""TargetLogonId"",""#text"":""0x3E7""},{""@Name"":""LogonType"",""#text"":""5""},{""@Name"":""LogonProcessName"",""#text"":""Advapi  ""},{""@Name"":""AuthenticationPackageName"",""#text"":""Negotiate""},{""@Name"":""WorkstationName""},{""@Name"":""LogonGuid"",""#text"":""00000000-0000-0000-0000-000000000000""},{""@Name"":""TransmittedServices"",""#text"":""-""},{""@Name"":""LmPackageName"",""#text"":""-""},{""@Name"":""KeyLength"",""#text"":""0""},{""@Name"":""ProcessId"",""#text"":""0x1C0""},{""@Name"":""ProcessName"",""#text"":""C:\\Windows\\System32\\services.exe""},{""@Name"":""IpAddress"",""#text"":""-""},{""@Name"":""IpPort"",""#text"":""-""}]}}"
140,140,2025-01-20 14:47:46.546875+00:00,4672,LogAlways,Microsoft-Windows-Security-Auditing,Security,456,764,win7,1,,Administrative logon,NT AUTHORITY\SYSTEM (S-1-5-18),,"PrivilegeList: SeAssignPrimaryTokenPrivilege, SeTcbPrivilege, SeSecurityPrivilege, SeTakeOwnershipPrivilege, SeLoadDriverPrivilege, SeBackupPrivilege, SeRestorePrivilege, SeDebugPrivilege, SeAuditPrivilege, SeSystemEnvironmentPrivilege, SeImpersonatePrivilege",LogonId: 0x3E7,,,,,,False,C:\Users\BRIANNA\OneDrive\Documents\GitHub\NSSECU3_MP2\win7_files\Logs\Security.evtx,Audit success,0,"{""EventData"":{""Data"":[{""@Name"":""SubjectUserSid"",""#text"":""S-1-5-18""},{""@Name"":""SubjectUserName"",""#text"":""SYSTEM""},{""@Name"":""SubjectDomainName"",""#text"":""NT AUTHORITY""},{""@Name"":""SubjectLogonId"",""#text"":""0x3E7""},{""@Name"":""PrivilegeList"",""#text"":""SeAssignPrimaryTokenPrivilege, SeTcbPrivilege, SeSecurityPrivilege, SeTakeOwnershipPrivilege, SeLoadDriverPrivilege, SeBackupPrivilege, SeRestorePrivilege, SeDebugPrivilege, SeAuditPrivilege, SeSystemEnvironmentPrivilege, SeImpersonatePrivilege""}]}}"
38,38,2025-01-20 14:47:46.640625+00:00,5324,Info,Microsoft-Windows-GroupPolicy,Microsoft-Windows-GroupPolicy/Operational,792,940,win7,0,S-1-5-18,,,,,,,,,,,False,C:\Users\BRIANNA\OneDrive\Documents\GitHub\NSSECU3_MP2\win7_files\Logs\Microsoft-Windows-GroupPolicy_4Operational.evtx,0x4000000000000000,0,"{""EventData"":{""Data"":[{""@Name"":""NotificationType"",""#text"":""0""},{""@Name"":""SessionId"",""#text"":""1""}]}}"
421,421,2025-01-20 14:47:46.640625+00:00,7036,Info,Service Control Manager,System,448,528,win7,2,,Service started or stopped,,,Name: Print Spooler | Print Spooler,Status: running,,,,,,False,C:\Users\BRIANNA\OneDrive\Documents\GitHub\NSSECU3_MP2\win7_files\Logs\System.evtx,"Audit success, classic",0,"{""EventData"":{""Data"":[{""@Name"":""param1"",""#text"":""Print Spooler""},{""@Name"":""param2"",""#text"":""running""}],""Binary"":""53-00-70-00-6F-00-6F-00-6C-00-65-00-72-00-2F-00-34-00-00-00""}}"
39,39,2025-01-20 14:47:46.640625+00:00,4000,Info,Microsoft-Windows-GroupPolicy,Microsoft-Windows-GroupPolicy/Operational,792,856,win7,0,S-1-5-18,,,,,,,,,,,False,C:\Users\BRIANNA\OneDrive\Documents\GitHub\NSSECU3_MP2\win7_files\Logs\Microsoft-Windows-GroupPolicy_4Operational.evtx,0x4000000000000000,0,"{""EventData"":{""Data"":[{""@Name"":""PolicyActivityId"",""#text"":""e6a32aae-2c8d-4c9d-b0bb-106ee2d5aa09""},{""@Name"":""PrincipalSamName"",""#text"":""WORKGROUP\\WIN7$""},{""@Name"":""IsMachine"",""#text"":""1""},{""@Name"":""IsDomainJoined"",""#text"":""False""},{""@Name"":""IsBackgroundProcessing"",""#text"":""False""},{""@Name"":""IsAsyncProcessing"",""#text"":""True""},{""@Name"":""IsServiceRestart"",""#text"":""False""},{""@Name"":""ReasonForSyncProcessing"",""#text"":""0""}]}}"
40,40,2025-01-20 14:47:46.671875+00:00,5311,Info,Microsoft-Windows-GroupPolicy,Microsoft-Windows-GroupPolicy/Operational,792,856,win7,0,S-1-5-18,,,,,,,,,,,False,C:\Users\BRIANNA\OneDrive\Documents\GitHub\NSSECU3_MP2\win7_files\Logs\Microsoft-Windows-GroupPolicy_4Operational.evtx,0x4000000000000000,0,"{""EventData"":{""Data"":{""@Name"":""PolicyProcessingMode"",""#text"":""0""}}}"
42,42,2025-01-20 14:47:46.671875+00:00,5313,Info,Microsoft-Windows-GroupPolicy,Microsoft-Windows-GroupPolicy/Operational,792,856,win7,0,S-1-5-18,,,,,,,,,,,False,C:\Users\BRIANNA\OneDrive\Documents\GitHub\NSSECU3_MP2\win7_files\Logs\Microsoft-Windows-GroupPolicy_4Operational.evtx,0x4000000000000000,0,"{""EventData"":{""Data"":[{""@Name"":""DescriptionString"",""#text"":""Local Group Policy, Not Applied (Empty), ""},{""@Name"":""GPOInfoList"",""#text"":""&lt;GPO ID=\""Local Group Policy\""&gt;&lt;Name&gt;Local Group Policy&lt;/Name&gt;&lt;Version&gt;0&lt;/Version&gt;&lt;SOM&gt;Local&lt;/SOM&gt;&lt;FSPath&gt;C:\\Windows\\System32\\GroupPolicy\\Machine&lt;/FSPath&gt;&lt;Reason&gt;NOTAPPLIED-EMPTY&lt;/Reason&gt;&lt;/GPO&gt;""}]}}"
41,41,2025-01-20 14:47:46.671875+00:00,5312,Info,Microsoft-Windows-GroupPolicy,Microsoft-Windows-GroupPolicy/Operational,792,856,win7,0,S-1-5-18,,,,,,,,,,,False,C:\Users\BRIANNA\OneDrive\Documents\GitHub\NSSECU3_MP2\win7_files\Logs\Microsoft-Windows-GroupPolicy_4Operational.evtx,0x4000000000000000,0,"{""EventData"":{""Data"":[{""@Name"":""DescriptionString"",""#text"":""None""},{""@Name"":""GPOInfoList""}]}}"
45,45,2025-01-20 14:47:46.687500+00:00,5320,Info,Microsoft-Windows-GroupPolicy,Microsoft-Windows-GroupPolicy/Operational,792,856,win7,0,S-1-5-18,,,,,,,,,,,False,C:\Users\BRIANNA\OneDrive\Documents\GitHub\NSSECU3_MP2\win7_files\Logs\Microsoft-Windows-GroupPolicy_4Operational.evtx,0x4000000000000000,0,"{""EventData"":{""Data"":{""@Name"":""InfoDescription"",""#text"":""%%4165""}}}"
46,46,2025-01-20 14:47:46.687500+00:00,8000,Info,Microsoft-Windows-GroupPolicy,Microsoft-Windows-GroupPolicy/Operational,792,856,win7,0,S-1-5-18,,,,,,,,,,,False,C:\Users\BRIANNA\OneDrive\Documents\GitHub\NSSECU3_MP2\win7_files\Logs\Microsoft-Windows-GroupPolicy_4Operational.evtx,0x4000000000000000,0,"{""EventData"":{""Data"":[{""@Name"":""PolicyElaspedTimeInSeconds"",""#text"":""0""},{""@Name"":""ErrorCode"",""#text"":""0""},{""@Name"":""PrincipalSamName"",""#text"":""WORKGROUP\\WIN7$""},{""@Name"":""IsMachine"",""#text"":""1""},{""@Name"":""IsConnectivityFailure"",""#text"":""False""}]}}"
44,44,2025-01-20 14:47:46.687500+00:00,5320,Info,Microsoft-Windows-GroupPolicy,Microsoft-Windows-GroupPolicy/Operational,792,856,win7,0,S-1-5-18,,,,,,,,,,,False,C:\Users\BRIANNA\OneDrive\Documents\GitHub\NSSECU3_MP2\win7_files\Logs\Microsoft-Windows-GroupPolicy_4Operational.evtx,0x4000000000000000,0,"{""EventData"":{""Data"":{""@Name"":""InfoDescription"",""#text"":""%%4163""}}}"
47,47,2025-01-20 14:47:46.687500+00:00,5315,Info,Microsoft-Windows-GroupPolicy,Microsoft-Windows-GroupPolicy/Operational,792,208,win7,0,S-1-5-18,,,,,,,,,,,False,C:\Users\BRIANNA\OneDrive\Documents\GitHub\NSSECU3_MP2\win7_files\Logs\Microsoft-Windows-GroupPolicy_4Operational.evtx,0x4000000000000000,0,"{""EventData"":{""Data"":[{""@Name"":""PrincipalSamName"",""#text"":""WORKGROUP\\WIN7$""},{""@Name"":""NextPolicyApplicationTime"",""#text"":""116""},{""@Name"":""NextPolicyApplicationTimeUnit"",""#text"":""%%4100""}]}}"
43,43,2025-01-20 14:47:46.687500+00:00,5320,Info,Microsoft-Windows-GroupPolicy,Microsoft-Windows-GroupPolicy/Operational,792,856,win7,0,S-1-5-18,,,,,,,,,,,False,C:\Users\BRIANNA\OneDrive\Documents\GitHub\NSSECU3_MP2\win7_files\Logs\Microsoft-Windows-GroupPolicy_4Operational.evtx,0x4000000000000000,0,"{""EventData"":{""Data"":{""@Name"":""InfoDescription"",""#text"":""%%4161""}}}"
6,6,2025-01-20 14:47:46.953125+00:00,3001,Info,Microsoft-Windows-BranchCacheSMB,Microsoft-Windows-BranchCacheSMB/Operational,768,892,win7,0,S-1-5-18,,,,,,,,,,,False,C:\Users\BRIANNA\OneDrive\Documents\GitHub\NSSECU3_MP2\win7_files\Logs\Microsoft-Windows-BranchCacheSMB_4Operational.evtx,0x8000000000000800,0,"{""EventData"":""""}"
422,422,2025-01-20 14:47:47+00:00,7036,Info,Service Control Manager,System,448,684,win7,2,,Service started or stopped,,,Name: Base Filtering Engine | Base Filtering Engine,Status: running,,,,,,False,C:\Users\BRIANNA\OneDrive\Documents\GitHub\NSSECU3_MP2\win7_files\Logs\System.evtx,"Audit success, classic",0,"{""EventData"":{""Data"":[{""@Name"":""param1"",""#text"":""Base Filtering Engine""},{""@Name"":""param2"",""#text"":""running""}],""Binary"":""42-00-46-00-45-00-2F-00-34-00-00-00""}}"
270,270,2025-01-20 14:47:47+00:00,5615,LogAlways,Microsoft-Windows-WMI,Application,0,0,win7,2,,,,,,,,,,,,False,C:\Users\BRIANNA\OneDrive\Documents\GitHub\NSSECU3_MP2\win7_files\Logs\Application.evtx,0x80000000000000,0,"{""EventData"":{""Data"":"""",""Binary"":""""}}"
141,141,2025-01-20 14:47:47.031250+00:00,5033,LogAlways,Microsoft-Windows-Security-Auditing,Security,4,60,win7,1,,,,,,,,,,,,False,C:\Users\BRIANNA\OneDrive\Documents\GitHub\NSSECU3_MP2\win7_files\Logs\Security.evtx,Audit success,0,"{""EventData"":""""}"
423,423,2025-01-20 14:47:47.218750+00:00,7036,Info,Service Control Manager,System,448,684,win7,2,,Service started or stopped,,,Name: Windows Firewall | Windows Firewall,Status: running,,,,,,False,C:\Users\BRIANNA\OneDrive\Documents\GitHub\NSSECU3_MP2\win7_files\Logs\System.evtx,"Audit success, classic",0,"{""EventData"":{""Data"":[{""@Name"":""param1"",""#text"":""Windows Firewall""},{""@Name"":""param2"",""#text"":""running""}],""Binary"":""4D-00-70-00-73-00-53-00-76-00-63-00-2F-00-34-00-00-00""}}"
424,424,2025-01-20 14:47:47.265625+00:00,7036,Info,Service Control Manager,System,448,684,win7,2,,Service started or stopped,,,Name: Workstation | Workstation,Status: running,,,,,,False,C:\Users\BRIANNA\OneDrive\Documents\GitHub\NSSECU3_MP2\win7_files\Logs\System.evtx,"Audit success, classic",0,"{""EventData"":{""Data"":[{""@Name"":""param1"",""#text"":""Workstation""},{""@Name"":""param2"",""#text"":""running""}],""Binary"":""4C-00-61-00-6E-00-6D-00-61-00-6E-00-57-00-6F-00-72-00-6B-00-73-00-74-00-61-00-74-00-69-00-6F-00-6E-00-2F-00-34-00-00-00""}}"
425,425,2025-01-20 14:47:47.390625+00:00,7036,Info,Service Control Manager,System,448,684,win7,2,,Service started or stopped,,,Name: Diagnostic Policy Service | Diagnostic Policy Service,Status: running,,,,,,False,C:\Users\BRIANNA\OneDrive\Documents\GitHub\NSSECU3_MP2\win7_files\Logs\System.evtx,"Audit success, classic",0,"{""EventData"":{""Data"":[{""@Name"":""param1"",""#text"":""Diagnostic Policy Service""},{""@Name"":""param2"",""#text"":""running""}],""Binary"":""44-00-50-00-53-00-2F-00-34-00-00-00""}}"
426,426,2025-01-20 14:47:47.500000+00:00,201,Info,Microsoft-Windows-Application-Experience,System,768,1112,win7,2,S-1-5-18,,,,,,,,,,,False,C:\Users\BRIANNA\OneDrive\Documents\GitHub\NSSECU3_MP2\win7_files\Logs\System.evtx,Classic,0,"{""EventData"":""""}"
427,427,2025-01-20 14:47:47.500000+00:00,7036,Info,Service Control Manager,System,448,528,win7,2,,Service started or stopped,,,Name: Program Compatibility Assistant Service | Program Compatibility Assistant Service,Status: running,,,,,,False,C:\Users\BRIANNA\OneDrive\Documents\GitHub\NSSECU3_MP2\win7_files\Logs\System.evtx,"Audit success, classic",0,"{""EventData"":{""Data"":[{""@Name"":""param1"",""#text"":""Program Compatibility Assistant Service""},{""@Name"":""param2"",""#text"":""running""}],""Binary"":""50-00-63-00-61-00-53-00-76-00-63-00-2F-00-34-00-00-00""}}"
428,428,2025-01-20 14:47:47.562500+00:00,7036,Info,Service Control Manager,System,448,528,win7,2,,Service started or stopped,,,Name: Cryptographic Services | Cryptographic Services,Status: running,,,,,,False,C:\Users\BRIANNA\OneDrive\Documents\GitHub\NSSECU3_MP2\win7_files\Logs\System.evtx,"Audit success, classic",0,"{""EventData"":{""Data"":[{""@Name"":""param1"",""#text"":""Cryptographic Services""},{""@Name"":""param2"",""#text"":""running""}],""Binary"":""43-00-72-00-79-00-70-00-74-00-53-00-76-00-63-00-2F-00-34-00-00-00""}}"
429,429,2025-01-20 14:47:47.671875+00:00,7036,Info,Service Control Manager,System,448,528,win7,2,,Service started or stopped,,,Name: Superfetch | Superfetch,Status: running,,,,,,False,C:\Users\BRIANNA\OneDrive\Documents\GitHub\NSSECU3_MP2\win7_files\Logs\System.evtx,"Audit success, classic",0,"{""EventData"":{""Data"":[{""@Name"":""param1"",""#text"":""Superfetch""},{""@Name"":""param2"",""#text"":""running""}],""Binary"":""53-00-79-00-73-00-4D-00-61-00-69-00-6E-00-2F-00-34-00-00-00""}}"
142,142,2025-01-20 14:47:47.687500+00:00,5024,LogAlways,Microsoft-Windows-Security-Auditing,Security,456,764,win7,1,,,,,,,,,,,,False,C:\Users\BRIANNA\OneDrive\Documents\GitHub\NSSECU3_MP2\win7_files\Logs\Security.evtx,Audit success,0,"{""EventData"":""""}"
430,430,2025-01-20 14:47:47.718750+00:00,7036,Info,Service Control Manager,System,448,876,win7,2,,Service started or stopped,,,Name: Distributed Link Tracking Client | Distributed Link Tracking Client,Status: running,,,,,,False,C:\Users\BRIANNA\OneDrive\Documents\GitHub\NSSECU3_MP2\win7_files\Logs\System.evtx,"Audit success, classic",0,"{""EventData"":{""Data"":[{""@Name"":""param1"",""#text"":""Distributed Link Tracking Client""},{""@Name"":""param2"",""#text"":""running""}],""Binary"":""54-00-72-00-6B-00-57-00-6B-00-73-00-2F-00-34-00-00-00""}}"
431,431,2025-01-20 14:47:47.796875+00:00,7036,Info,Service Control Manager,System,448,876,win7,2,,Service started or stopped,,,Name: Network Location Awareness | Network Location Awareness,Status: running,,,,,,False,C:\Users\BRIANNA\OneDrive\Documents\GitHub\NSSECU3_MP2\win7_files\Logs\System.evtx,"Audit success, classic",0,"{""EventData"":{""Data"":[{""@Name"":""param1"",""#text"":""Network Location Awareness""},{""@Name"":""param2"",""#text"":""running""}],""Binary"":""4E-00-6C-00-61-00-53-00-76-00-63-00-2F-00-34-00-00-00""}}"
432,432,2025-01-20 14:47:47.796875+00:00,7036,Info,Service Control Manager,System,448,876,win7,2,,Service started or stopped,,,Name: Windows Management Instrumentation | Windows Management Instrumentation,Status: running,,,,,,False,C:\Users\BRIANNA\OneDrive\Documents\GitHub\NSSECU3_MP2\win7_files\Logs\System.evtx,"Audit success, classic",0,"{""EventData"":{""Data"":[{""@Name"":""param1"",""#text"":""Windows Management Instrumentation""},{""@Name"":""param2"",""#text"":""running""}],""Binary"":""57-00-69-00-6E-00-6D-00-67-00-6D-00-74-00-2F-00-34-00-00-00""}}"
433,433,2025-01-20 14:47:47.968750+00:00,7036,Info,Service Control Manager,System,448,876,win7,2,,Service started or stopped,,,Name: IP Helper | IP Helper,Status: running,,,,,,False,C:\Users\BRIANNA\OneDrive\Documents\GitHub\NSSECU3_MP2\win7_files\Logs\System.evtx,"Audit success, classic",0,"{""EventData"":{""Data"":[{""@Name"":""param1"",""#text"":""IP Helper""},{""@Name"":""param2"",""#text"":""running""}],""Binary"":""69-00-70-00-68-00-6C-00-70-00-73-00-76-00-63-00-2F-00-34-00-00-00""}}"
271,271,2025-01-20 14:47:48+00:00,5617,LogAlways,Microsoft-Windows-WMI,Application,0,0,win7,2,,,,,,,,,,,,False,C:\Users\BRIANNA\OneDrive\Documents\GitHub\NSSECU3_MP2\win7_files\Logs\Application.evtx,0x80000000000000,0,"{""EventData"":{""Data"":"""",""Binary"":""""}}"
143,143,2025-01-20 14:47:48.171875+00:00,4624,LogAlways,Microsoft-Windows-Security-Auditing,Security,456,508,win7,1,,Successful logon,-\-, (-),Target: NT AUTHORITY\ANONYMOUS LOGON,LogonType 3,LogonId: 0x12A66,AuthenticationPackageName: NTLM,LogonProcessName: NtLmSsp ,,-,False,C:\Users\BRIANNA\OneDrive\Documents\GitHub\NSSECU3_MP2\win7_files\Logs\Security.evtx,Audit success,0,"{""EventData"":{""Data"":[{""@Name"":""SubjectUserSid"",""#text"":""S-1-0-0""},{""@Name"":""SubjectUserName"",""#text"":""-""},{""@Name"":""SubjectDomainName"",""#text"":""-""},{""@Name"":""SubjectLogonId"",""#text"":""0x0""},{""@Name"":""TargetUserSid"",""#text"":""S-1-5-7""},{""@Name"":""TargetUserName"",""#text"":""ANONYMOUS LOGON""},{""@Name"":""TargetDomainName"",""#text"":""NT AUTHORITY""},{""@Name"":""TargetLogonId"",""#text"":""0x12A66""},{""@Name"":""LogonType"",""#text"":""3""},{""@Name"":""LogonProcessName"",""#text"":""NtLmSsp ""},{""@Name"":""AuthenticationPackageName"",""#text"":""NTLM""},{""@Name"":""WorkstationName""},{""@Name"":""LogonGuid"",""#text"":""00000000-0000-0000-0000-000000000000""},{""@Name"":""TransmittedServices"",""#text"":""-""},{""@Name"":""LmPackageName"",""#text"":""NTLM V1""},{""@Name"":""KeyLength"",""#text"":""0""},{""@Name"":""ProcessId"",""#text"":""0x0""},{""@Name"":""ProcessName"",""#text"":""-""},{""@Name"":""IpAddress"",""#text"":""-""},{""@Name"":""IpPort"",""#text"":""-""}]}}"
434,434,2025-01-20 14:47:48.218750+00:00,7036,Info,Service Control Manager,System,448,528,win7,2,,Service started or stopped,,,Name: Server | Server,Status: running,,,,,,False,C:\Users\BRIANNA\OneDrive\Documents\GitHub\NSSECU3_MP2\win7_files\Logs\System.evtx,"Audit success, classic",0,"{""EventData"":{""Data"":[{""@Name"":""param1"",""#text"":""Server""},{""@Name"":""param2"",""#text"":""running""}],""Binary"":""4C-00-61-00-6E-00-6D-00-61-00-6E-00-53-00-65-00-72-00-76-00-65-00-72-00-2F-00-34-00-00-00""}}"
437,437,2025-01-20 14:47:48.265625+00:00,7036,Info,Service Control Manager,System,448,532,win7,2,,Service started or stopped,,,Name: Application Experience | Application Experience,Status: running,,,,,,False,C:\Users\BRIANNA\OneDrive\Documents\GitHub\NSSECU3_MP2\win7_files\Logs\System.evtx,"Audit success, classic",0,"{""EventData"":{""Data"":[{""@Name"":""param1"",""#text"":""Application Experience""},{""@Name"":""param2"",""#text"":""running""}],""Binary"":""41-00-65-00-4C-00-6F-00-6F-00-6B-00-75-00-70-00-53-00-76-00-63-00-2F-00-34-00-00-00""}}"
436,436,2025-01-20 14:47:48.265625+00:00,7036,Info,Service Control Manager,System,448,684,win7,2,,Service started or stopped,,,Name: Diagnostic Service Host | Diagnostic Service Host,Status: running,,,,,,False,C:\Users\BRIANNA\OneDrive\Documents\GitHub\NSSECU3_MP2\win7_files\Logs\System.evtx,"Audit success, classic",0,"{""EventData"":{""Data"":[{""@Name"":""param1"",""#text"":""Diagnostic Service Host""},{""@Name"":""param2"",""#text"":""running""}],""Binary"":""57-00-64-00-69-00-53-00-65-00-72-00-76-00-69-00-63-00-65-00-48-00-6F-00-73-00-74-00-2F-00-34-00-00-00""}}"
435,435,2025-01-20 14:47:48.265625+00:00,7036,Info,Service Control Manager,System,448,532,win7,2,,Service started or stopped,,,Name: Diagnostic System Host | Diagnostic System Host,Status: running,,,,,,False,C:\Users\BRIANNA\OneDrive\Documents\GitHub\NSSECU3_MP2\win7_files\Logs\System.evtx,"Audit success, classic",0,"{""EventData"":{""Data"":[{""@Name"":""param1"",""#text"":""Diagnostic System Host""},{""@Name"":""param2"",""#text"":""running""}],""Binary"":""57-00-64-00-69-00-53-00-79-00-73-00-74-00-65-00-6D-00-48-00-6F-00-73-00-74-00-2F-00-34-00-00-00""}}"
10,10,2025-01-20 14:47:48.390625+00:00,105,Info,Microsoft-Windows-Diagnosis-DPS,Microsoft-Windows-Diagnosis-DPS/Operational,984,1420,win7,0,S-1-5-19,,,,,,,,,,,False,C:\Users\BRIANNA\OneDrive\Documents\GitHub\NSSECU3_MP2\win7_files\Logs\Microsoft-Windows-Diagnosis-DPS_4Operational.evtx,0x4000000800000000,0,"{""EventData"":{""Data"":[{""@Name"":""ScenarioId"",""#text"":""2698178d-fdad-40ae-9d3c-1371703adc5b""},{""@Name"":""InstanceId"",""#text"":""06ae9e33-f98d-40eb-bb5a-9b954c6eafa9""},{""@Name"":""OriginalActivityId"",""#text"":""2698178d-fdad-40ae-9d3c-1371703adc5b""},{""@Name"":""DiagnosticModuleImageName"",""#text"":""%SystemRoot%\\system32\\diagperf.dll""},{""@Name"":""DiagnosticModuleId"",""#text"":""15fba3b8-a37a-4f91-bdba-fbb98fe804bf""}]}}"
9,9,2025-01-20 14:47:48.390625+00:00,100,Info,Microsoft-Windows-Diagnosis-DPS,Microsoft-Windows-Diagnosis-DPS/Operational,984,1420,win7,0,S-1-5-19,,,,,,,,,,,False,C:\Users\BRIANNA\OneDrive\Documents\GitHub\NSSECU3_MP2\win7_files\Logs\Microsoft-Windows-Diagnosis-DPS_4Operational.evtx,0x4000000800000000,0,"{""EventData"":{""Data"":[{""@Name"":""ScenarioId"",""#text"":""2698178d-fdad-40ae-9d3c-1371703adc5b""},{""@Name"":""InstanceId"",""#text"":""06ae9e33-f98d-40eb-bb5a-9b954c6eafa9""},{""@Name"":""OriginalActivityId"",""#text"":""2698178d-fdad-40ae-9d3c-1371703adc5b""},{""@Name"":""DiagnosticModuleImageName"",""#text"":""%SystemRoot%\\system32\\diagperf.dll""},{""@Name"":""DiagnosticModuleId"",""#text"":""15fba3b8-a37a-4f91-bdba-fbb98fe804bf""}]}}"
438,438,2025-01-20 14:47:48.453125+00:00,7036,Info,Service Control Manager,System,448,532,win7,2,,Service started or stopped,,,Name: Network List Service | Network List Service,Status: running,,,,,,False,C:\Users\BRIANNA\OneDrive\Documents\GitHub\NSSECU3_MP2\win7_files\Logs\System.evtx,"Audit success, classic",0,"{""EventData"":{""Data"":[{""@Name"":""param1"",""#text"":""Network List Service""},{""@Name"":""param2"",""#text"":""running""}],""Binary"":""6E-00-65-00-74-00-70-00-72-00-6F-00-66-00-6D-00-2F-00-34-00-00-00""}}"
439,439,2025-01-20 14:47:48.484375+00:00,7036,Info,Service Control Manager,System,448,532,win7,2,,Service started or stopped,,,Name: Portable Device Enumerator Service | Portable Device Enumerator Service,Status: running,,,,,,False,C:\Users\BRIANNA\OneDrive\Documents\GitHub\NSSECU3_MP2\win7_files\Logs\System.evtx,"Audit success, classic",0,"{""EventData"":{""Data"":[{""@Name"":""param1"",""#text"":""Portable Device Enumerator Service""},{""@Name"":""param2"",""#text"":""running""}],""Binary"":""57-00-50-00-44-00-42-00-75-00-73-00-45-00-6E-00-75-00-6D-00-2F-00-34-00-00-00""}}"
8,8,2025-01-20 14:47:48.515625+00:00,4001,Info,Microsoft-Windows-NetworkProfile,Microsoft-Windows-NetworkProfile/Operational,912,1348,win7,0,S-1-5-19,,,,,,,,,,,False,C:\Users\BRIANNA\OneDrive\Documents\GitHub\NSSECU3_MP2\win7_files\Logs\Microsoft-Windows-NetworkProfile_4Operational.evtx,0x4000200000000000,0,"{""EventData"":{""Data"":[{""@Name"":""InterfaceGuid"",""#text"":""44402f8f-94a0-402e-b05b-91cd67e6a424""},{""@Name"":""CurrentOrNextState"",""#text"":""0""}]}}"
9,9,2025-01-20 14:47:48.531250+00:00,10000,Info,Microsoft-Windows-NetworkProfile,Microsoft-Windows-NetworkProfile/Operational,912,1392,win7,0,S-1-5-19,Connect to the Internet,,,Identifying...,,,,,,,False,C:\Users\BRIANNA\OneDrive\Documents\GitHub\NSSECU3_MP2\win7_files\Logs\Microsoft-Windows-NetworkProfile_4Operational.evtx,0x4000200000000000,0,"{""EventData"":{""Data"":[{""@Name"":""Name"",""#text"":""Identifying...""},{""@Name"":""Description"",""#text"":""Identifying...""},{""@Name"":""Guid"",""#text"":""74d296bc-4994-433b-9092-92e3d6891e47""},{""@Name"":""Type"",""#text"":""0""},{""@Name"":""State"",""#text"":""1""},{""@Name"":""Category"",""#text"":""0""}]}}"
54,54,2025-01-20 14:47:48.546875+00:00,2010,Info,Microsoft-Windows-Windows Firewall With Advanced Security,Microsoft-Windows-Windows Firewall With Advanced Security/Firewall,984,1380,win7,0,S-1-5-19,,,,,,,,,,,False,C:\Users\BRIANNA\OneDrive\Documents\GitHub\NSSECU3_MP2\win7_files\Logs\Microsoft-Windows-Windows Firewall With Advanced Security_4Firewall.evtx,Classic,0,"{""EventData"":{""Data"":[{""@Name"":""InterfaceGuid"",""#text"":""44402f8f-94a0-402e-b05b-91cd67e6a424""},{""@Name"":""InterfaceName"",""#text"":""ethernet_6""},{""@Name"":""OldProfile"",""#text"":""2147483649""},{""@Name"":""NewProfile"",""#text"":""4""}]}}"
440,440,2025-01-20 14:47:51.078125+00:00,7036,Info,Service Control Manager,System,448,524,win7,2,,Service started or stopped,,,Name: WinHTTP Web Proxy Auto-Discovery Service | WinHTTP Web Proxy Auto-Discovery Service,Status: running,,,,,,False,C:\Users\BRIANNA\OneDrive\Documents\GitHub\NSSECU3_MP2\win7_files\Logs\System.evtx,"Audit success, classic",0,"{""EventData"":{""Data"":[{""@Name"":""param1"",""#text"":""WinHTTP Web Proxy Auto-Discovery Service""},{""@Name"":""param2"",""#text"":""running""}],""Binary"":""57-00-69-00-6E-00-48-00-74-00-74-00-70-00-41-00-75-00-74-00-6F-00-50-00-72-00-6F-00-78-00-79-00-53-00-76-00-63-00-2F-00-34-00-00-00""}}"
10,10,2025-01-20 14:47:51.796875+00:00,4002,Info,Microsoft-Windows-NetworkProfile,Microsoft-Windows-NetworkProfile/Operational,912,924,win7,0,S-1-5-19,,,,,,,,,,,False,C:\Users\BRIANNA\OneDrive\Documents\GitHub\NSSECU3_MP2\win7_files\Logs\Microsoft-Windows-NetworkProfile_4Operational.evtx,0x4001200000000000,0,"{""EventData"":{""Data"":[{""@Name"":""InterfaceGuid"",""#text"":""44402f8f-94a0-402e-b05b-91cd67e6a424""},{""@Name"":""CurrentOrNextState"",""#text"":""1""}]}}"
11,11,2025-01-20 14:47:51.828125+00:00,10000,Info,Microsoft-Windows-NetworkProfile,Microsoft-Windows-NetworkProfile/Operational,912,1392,win7,0,S-1-5-19,Connect to the Internet,,,Network,,,,,,,False,C:\Users\BRIANNA\OneDrive\Documents\GitHub\NSSECU3_MP2\win7_files\Logs\Microsoft-Windows-NetworkProfile_4Operational.evtx,0x4000200000000000,0,"{""EventData"":{""Data"":[{""@Name"":""Name"",""#text"":""Network  2""},{""@Name"":""Description"",""#text"":""Network""},{""@Name"":""Guid"",""#text"":""e4eaca53-e007-4a87-9d04-77017fd7e6c9""},{""@Name"":""Type"",""#text"":""0""},{""@Name"":""State"",""#text"":""5""},{""@Name"":""Category"",""#text"":""0""}]}}"
2,2,2025-01-20 14:47:53.843750+00:00,1006,Info,Microsoft-Windows-DHCPv6-Client,Microsoft-Windows-Dhcpv6-Client/Admin,732,944,win7,0,S-1-5-19,,,,,,,,,,,False,C:\Users\BRIANNA\OneDrive\Documents\GitHub\NSSECU3_MP2\win7_files\Logs\Microsoft-Windows-Dhcpv6-Client_4Admin.evtx,Classic,0,"{""EventData"":{""Data"":[{""@Name"":""InterfaceId"",""#text"":""11""},{""@Name"":""Flag1"",""#text"":""True""},{""@Name"":""Flag2"",""#text"":""True""}]}}"
55,55,2025-01-20 14:47:54.484375+00:00,2011,Info,Microsoft-Windows-Windows Firewall With Advanced Security,Microsoft-Windows-Windows Firewall With Advanced Security/Firewall,984,1068,win7,0,S-1-5-19,Windows Firewall unable to notify user of blocked application,,,S-1-5-18,C:\windows\system32\lsass.exe,,Protocol: TCP,,,,False,C:\Users\BRIANNA\OneDrive\Documents\GitHub\NSSECU3_MP2\win7_files\Logs\Microsoft-Windows-Windows Firewall With Advanced Security_4Firewall.evtx,Classic,0,"{""EventData"":{""Data"":[{""@Name"":""ReasonCode"",""#text"":""1""},{""@Name"":""ApplicationPath"",""#text"":""C:\\windows\\system32\\lsass.exe""},{""@Name"":""IPVersion"",""#text"":""1""},{""@Name"":""Protocol"",""#text"":""6""},{""@Name"":""Port"",""#text"":""49156""},{""@Name"":""ProcessId"",""#text"":""456""},{""@Name"":""ModifyingUser"",""#text"":""S-1-5-18""}]}}"
5,5,2025-01-20 14:48:38.968750+00:00,1015,Info,Microsoft-Windows-ReadyBoost,Microsoft-Windows-ReadyBoost/Operational,768,1632,win7,0,S-1-5-18,,,,,,,,,,,False,C:\Users\BRIANNA\OneDrive\Documents\GitHub\NSSECU3_MP2\win7_files\Logs\Microsoft-Windows-ReadyBoost_4Operational.evtx,0x8000000000002000,0,"{""EventData"":{""Data"":[{""@Name"":""RB_IoReadBytes"",""#text"":""291310080""},{""@Name"":""RB_CacheHitBytes"",""#text"":""73168384""},{""@Name"":""RB_PrefetchBytes"",""#text"":""523423744""},{""@Name"":""RB_CacheHitPercentage"",""#text"":""0.416764041442705""},{""@Name"":""RB_IoReadCount"",""#text"":""12837""},{""@Name"":""RB_CacheHitCount"",""#text"":""5350""},{""@Name"":""RB_PrefetchReadCount"",""#text"":""10491""},{""@Name"":""RB_PrefetchDiskTimeUs"",""#text"":""23239817""}]}}"
6,6,2025-01-20 14:48:39.156250+00:00,1016,Info,Microsoft-Windows-ReadyBoost,Microsoft-Windows-ReadyBoost/Operational,768,1632,win7,0,S-1-5-18,,,,,,,,,,,False,C:\Users\BRIANNA\OneDrive\Documents\GitHub\NSSECU3_MP2\win7_files\Logs\Microsoft-Windows-ReadyBoost_4Operational.evtx,0x8000000000002000,0,"{""EventData"":{""Data"":[{""@Name"":""BootPlanTimestamp"",""#text"":""2025-01-20 22:48:37.9843750""},{""@Name"":""ErrorCode"",""#text"":""0""},{""@Name"":""Duration (ms)"",""#text"":""1172""},{""@Name"":""Reason"",""#text"":""0""}]}}"
273,273,2025-01-20 14:48:57+00:00,6000,Info,Microsoft-Windows-Winlogon,Application,0,0,win7,2,,,,,,,,,,,,False,C:\Users\BRIANNA\OneDrive\Documents\GitHub\NSSECU3_MP2\win7_files\Logs\Application.evtx,0x80000000000000,0,"{""EventData"":{""Data"":""SessionEnv"",""Binary"":""D9-06-00-00""}}"
272,272,2025-01-20 14:48:57+00:00,4101,Info,Microsoft-Windows-Winlogon,Application,0,0,win7,2,,,,,,,,,,,,False,C:\Users\BRIANNA\OneDrive\Documents\GitHub\NSSECU3_MP2\win7_files\Logs\Application.evtx,0x80000000000000,0,"{""EventData"":{""Data"":""0x00000000, 0x00000001"",""Binary"":""""}}"
274,274,2025-01-20 14:48:57+00:00,9007,Info,Desktop Window Manager,Application,0,0,win7,2,,,,,,,,,,,,False,C:\Users\BRIANNA\OneDrive\Documents\GitHub\NSSECU3_MP2\win7_files\Logs\Application.evtx,0x80000000000000,0,"{""EventData"":{""Data"":"""",""Binary"":""""}}"
147,147,2025-01-20 14:48:57.140625+00:00,4672,LogAlways,Microsoft-Windows-Security-Auditing,Security,456,492,win7,1,,Administrative logon,win7\student (S-1-5-21-2630035287-469658536-4158816484-1000),,"PrivilegeList: SeSecurityPrivilege, SeTakeOwnershipPrivilege, SeLoadDriverPrivilege, SeBackupPrivilege, SeRestorePrivilege, SeDebugPrivilege, SeSystemEnvironmentPrivilege, SeImpersonatePrivilege",LogonId: 0x1A8B4,,,,,,False,C:\Users\BRIANNA\OneDrive\Documents\GitHub\NSSECU3_MP2\win7_files\Logs\Security.evtx,Audit success,0,"{""EventData"":{""Data"":[{""@Name"":""SubjectUserSid"",""#text"":""S-1-5-21-2630035287-469658536-4158816484-1000""},{""@Name"":""SubjectUserName"",""#text"":""student""},{""@Name"":""SubjectDomainName"",""#text"":""win7""},{""@Name"":""SubjectLogonId"",""#text"":""0x1A8B4""},{""@Name"":""PrivilegeList"",""#text"":""SeSecurityPrivilege, SeTakeOwnershipPrivilege, SeLoadDriverPrivilege, SeBackupPrivilege, SeRestorePrivilege, SeDebugPrivilege, SeSystemEnvironmentPrivilege, SeImpersonatePrivilege""}]}}"
146,146,2025-01-20 14:48:57.140625+00:00,4624,LogAlways,Microsoft-Windows-Security-Auditing,Security,456,492,win7,1,,Successful logon,WORKGROUP\WIN7$,WIN7 (127.0.0.1),Target: win7\student,LogonType 2,LogonId: 0x1A8E4,AuthenticationPackageName: Negotiate,LogonProcessName: User32 ,,C:\Windows\System32\winlogon.exe,False,C:\Users\BRIANNA\OneDrive\Documents\GitHub\NSSECU3_MP2\win7_files\Logs\Security.evtx,Audit success,0,"{""EventData"":{""Data"":[{""@Name"":""SubjectUserSid"",""#text"":""S-1-5-18""},{""@Name"":""SubjectUserName"",""#text"":""WIN7$""},{""@Name"":""SubjectDomainName"",""#text"":""WORKGROUP""},{""@Name"":""SubjectLogonId"",""#text"":""0x3E7""},{""@Name"":""TargetUserSid"",""#text"":""S-1-5-21-2630035287-469658536-4158816484-1000""},{""@Name"":""TargetUserName"",""#text"":""student""},{""@Name"":""TargetDomainName"",""#text"":""win7""},{""@Name"":""TargetLogonId"",""#text"":""0x1A8E4""},{""@Name"":""LogonType"",""#text"":""2""},{""@Name"":""LogonProcessName"",""#text"":""User32 ""},{""@Name"":""AuthenticationPackageName"",""#text"":""Negotiate""},{""@Name"":""WorkstationName"",""#text"":""WIN7""},{""@Name"":""LogonGuid"",""#text"":""00000000-0000-0000-0000-000000000000""},{""@Name"":""TransmittedServices"",""#text"":""-""},{""@Name"":""LmPackageName"",""#text"":""-""},{""@Name"":""KeyLength"",""#text"":""0""},{""@Name"":""ProcessId"",""#text"":""0x190""},{""@Name"":""ProcessName"",""#text"":""C:\\Windows\\System32\\winlogon.exe""},{""@Name"":""IpAddress"",""#text"":""127.0.0.1""},{""@Name"":""IpPort"",""#text"":""0""}]}}"
145,145,2025-01-20 14:48:57.140625+00:00,4624,LogAlways,Microsoft-Windows-Security-Auditing,Security,456,492,win7,1,,Successful logon,WORKGROUP\WIN7$,WIN7 (127.0.0.1),Target: win7\student,LogonType 2,LogonId: 0x1A8B4,AuthenticationPackageName: Negotiate,LogonProcessName: User32 ,,C:\Windows\System32\winlogon.exe,False,C:\Users\BRIANNA\OneDrive\Documents\GitHub\NSSECU3_MP2\win7_files\Logs\Security.evtx,Audit success,0,"{""EventData"":{""Data"":[{""@Name"":""SubjectUserSid"",""#text"":""S-1-5-18""},{""@Name"":""SubjectUserName"",""#text"":""WIN7$""},{""@Name"":""SubjectDomainName"",""#text"":""WORKGROUP""},{""@Name"":""SubjectLogonId"",""#text"":""0x3E7""},{""@Name"":""TargetUserSid"",""#text"":""S-1-5-21-2630035287-469658536-4158816484-1000""},{""@Name"":""TargetUserName"",""#text"":""student""},{""@Name"":""TargetDomainName"",""#text"":""win7""},{""@Name"":""TargetLogonId"",""#text"":""0x1A8B4""},{""@Name"":""LogonType"",""#text"":""2""},{""@Name"":""LogonProcessName"",""#text"":""User32 ""},{""@Name"":""AuthenticationPackageName"",""#text"":""Negotiate""},{""@Name"":""WorkstationName"",""#text"":""WIN7""},{""@Name"":""LogonGuid"",""#text"":""00000000-0000-0000-0000-000000000000""},{""@Name"":""TransmittedServices"",""#text"":""-""},{""@Name"":""LmPackageName"",""#text"":""-""},{""@Name"":""KeyLength"",""#text"":""0""},{""@Name"":""ProcessId"",""#text"":""0x190""},{""@Name"":""ProcessName"",""#text"":""C:\\Windows\\System32\\winlogon.exe""},{""@Name"":""IpAddress"",""#text"":""127.0.0.1""},{""@Name"":""IpPort"",""#text"":""0""}]}}"
144,144,2025-01-20 14:48:57.140625+00:00,4648,LogAlways,Microsoft-Windows-Security-Auditing,Security,456,492,win7,1,,A logon was attempted using explicit credentials,WORKGROUP\WIN7$,127.0.0.1:0,Target: win7\student,TargetServerName: localhost,PID: 0x190,TargetInfo: localhost,,,C:\Windows\System32\winlogon.exe,False,C:\Users\BRIANNA\OneDrive\Documents\GitHub\NSSECU3_MP2\win7_files\Logs\Security.evtx,Audit success,0,"{""EventData"":{""Data"":[{""@Name"":""SubjectUserSid"",""#text"":""S-1-5-18""},{""@Name"":""SubjectUserName"",""#text"":""WIN7$""},{""@Name"":""SubjectDomainName"",""#text"":""WORKGROUP""},{""@Name"":""SubjectLogonId"",""#text"":""0x3E7""},{""@Name"":""LogonGuid"",""#text"":""00000000-0000-0000-0000-000000000000""},{""@Name"":""TargetUserName"",""#text"":""student""},{""@Name"":""TargetDomainName"",""#text"":""win7""},{""@Name"":""TargetLogonGuid"",""#text"":""00000000-0000-0000-0000-000000000000""},{""@Name"":""TargetServerName"",""#text"":""localhost""},{""@Name"":""TargetInfo"",""#text"":""localhost""},{""@Name"":""ProcessId"",""#text"":""0x190""},{""@Name"":""ProcessName"",""#text"":""C:\\Windows\\System32\\winlogon.exe""},{""@Name"":""IpAddress"",""#text"":""127.0.0.1""},{""@Name"":""IpPort"",""#text"":""0""}]}}"
441,441,2025-01-20 14:48:57.437500+00:00,7001,Info,Microsoft-Windows-Winlogon,System,400,412,win7,2,S-1-5-18,User logon,,,UserSID: S-1-5-21-2630035287-469658536-4158816484-1000,,,,,,,False,C:\Users\BRIANNA\OneDrive\Documents\GitHub\NSSECU3_MP2\win7_files\Logs\System.evtx,0x2000000000000000,0,"{""EventData"":{""Data"":[{""@Name"":""TSId"",""#text"":""1""},{""@Name"":""UserSid"",""#text"":""S-1-5-21-2630035287-469658536-4158816484-1000""}]}}"
7,7,2025-01-20 14:48:57.453125+00:00,1,Info,Microsoft-Windows-User Profiles Service,Microsoft-Windows-User Profile Service/Operational,792,344,win7,0,S-1-5-21-2630035287-469658536-4158816484-1000,,,,,,,,,,,False,C:\Users\BRIANNA\OneDrive\Documents\GitHub\NSSECU3_MP2\win7_files\Logs\Microsoft-Windows-User Profile Service_4Operational.evtx,0x4000000000000000,0,"{""EventData"":{""Data"":{""@Name"":""Session"",""#text"":""1""}}}"
8,8,2025-01-20 14:48:57.500000+00:00,5,Info,Microsoft-Windows-User Profiles Service,Microsoft-Windows-User Profile Service/Operational,792,1452,win7,0,S-1-5-18,,,,,,,,,,,False,C:\Users\BRIANNA\OneDrive\Documents\GitHub\NSSECU3_MP2\win7_files\Logs\Microsoft-Windows-User Profile Service_4Operational.evtx,0x4000000000000000,0,"{""EventData"":{""Data"":[{""@Name"":""File"",""#text"":""C:\\Users\\student\\ntuser.dat""},{""@Name"":""Key"",""#text"":""S-1-5-21-2630035287-469658536-4158816484-1000""}]}}"
9,9,2025-01-20 14:48:57.515625+00:00,5,Info,Microsoft-Windows-User Profiles Service,Microsoft-Windows-User Profile Service/Operational,792,1452,win7,0,S-1-5-18,,,,,,,,,,,False,C:\Users\BRIANNA\OneDrive\Documents\GitHub\NSSECU3_MP2\win7_files\Logs\Microsoft-Windows-User Profile Service_4Operational.evtx,0x4000000000000000,0,"{""EventData"":{""Data"":[{""@Name"":""File"",""#text"":""C:\\Users\\student\\AppData\\Local\\Microsoft\\Windows\\\\UsrClass.dat""},{""@Name"":""Key"",""#text"":""S-1-5-21-2630035287-469658536-4158816484-1000_Classes""}]}}"
50,50,2025-01-20 14:48:57.562500+00:00,5311,Info,Microsoft-Windows-GroupPolicy,Microsoft-Windows-GroupPolicy/Operational,792,1696,win7,0,S-1-5-21-2630035287-469658536-4158816484-1000,,,,,,,,,,,False,C:\Users\BRIANNA\OneDrive\Documents\GitHub\NSSECU3_MP2\win7_files\Logs\Microsoft-Windows-GroupPolicy_4Operational.evtx,0x4000000000000000,0,"{""EventData"":{""Data"":{""@Name"":""PolicyProcessingMode"",""#text"":""0""}}}"
49,49,2025-01-20 14:48:57.562500+00:00,4001,Info,Microsoft-Windows-GroupPolicy,Microsoft-Windows-GroupPolicy/Operational,792,1696,win7,0,S-1-5-18,,,,,,,,,,,False,C:\Users\BRIANNA\OneDrive\Documents\GitHub\NSSECU3_MP2\win7_files\Logs\Microsoft-Windows-GroupPolicy_4Operational.evtx,0x4000000000000000,0,"{""EventData"":{""Data"":[{""@Name"":""PolicyActivityId"",""#text"":""c67403b3-9fea-423c-be2b-1fc84ccc97e8""},{""@Name"":""PrincipalSamName"",""#text"":""win7\\student""},{""@Name"":""IsMachine"",""#text"":""0""},{""@Name"":""IsDomainJoined"",""#text"":""False""},{""@Name"":""IsBackgroundProcessing"",""#text"":""False""},{""@Name"":""IsAsyncProcessing"",""#text"":""True""},{""@Name"":""IsServiceRestart"",""#text"":""False""},{""@Name"":""ReasonForSyncProcessing"",""#text"":""0""}]}}"
48,48,2025-01-20 14:48:57.562500+00:00,5324,Info,Microsoft-Windows-GroupPolicy,Microsoft-Windows-GroupPolicy/Operational,792,344,win7,0,S-1-5-18,,,,,,,,,,,False,C:\Users\BRIANNA\OneDrive\Documents\GitHub\NSSECU3_MP2\win7_files\Logs\Microsoft-Windows-GroupPolicy_4Operational.evtx,0x4000000000000000,0,"{""EventData"":{""Data"":[{""@Name"":""NotificationType"",""#text"":""1""},{""@Name"":""SessionId"",""#text"":""1""}]}}"
10,10,2025-01-20 14:48:57.562500+00:00,2,Info,Microsoft-Windows-User Profiles Service,Microsoft-Windows-User Profile Service/Operational,792,344,win7,0,S-1-5-21-2630035287-469658536-4158816484-1000,An account was logged on,,,Session: 1,,,,,,,False,C:\Users\BRIANNA\OneDrive\Documents\GitHub\NSSECU3_MP2\win7_files\Logs\Microsoft-Windows-User Profile Service_4Operational.evtx,0x4000000000000000,0,"{""EventData"":{""Data"":{""@Name"":""Session"",""#text"":""1""}}}"
4,4,2025-01-20 14:48:57.562500+00:00,21,Info,Microsoft-Windows-TerminalServices-LocalSessionManager,Microsoft-Windows-TerminalServices-LocalSessionManager/Operational,464,964,win7,0,S-1-5-18,Remote Desktop Services: Session logon succeeded,win7\student,LOCAL,Session ID: 1,,,,,,,False,C:\Users\BRIANNA\OneDrive\Documents\GitHub\NSSECU3_MP2\win7_files\Logs\Microsoft-Windows-TerminalServices-LocalSessionManager_4Operational.evtx,0x1000000000000000,0,"{""UserData"":{""EventXML"":{""User"":""win7\\student"",""SessionID"":""1"",""Address"":""LOCAL""}}}"
54,54,2025-01-20 14:48:57.578125+00:00,5320,Info,Microsoft-Windows-GroupPolicy,Microsoft-Windows-GroupPolicy/Operational,792,1696,win7,0,S-1-5-18,,,,,,,,,,,False,C:\Users\BRIANNA\OneDrive\Documents\GitHub\NSSECU3_MP2\win7_files\Logs\Microsoft-Windows-GroupPolicy_4Operational.evtx,0x4000000000000000,0,"{""EventData"":{""Data"":{""@Name"":""InfoDescription"",""#text"":""%%4163""}}}"
51,51,2025-01-20 14:48:57.578125+00:00,5312,Info,Microsoft-Windows-GroupPolicy,Microsoft-Windows-GroupPolicy/Operational,792,1696,win7,0,S-1-5-18,,,,,,,,,,,False,C:\Users\BRIANNA\OneDrive\Documents\GitHub\NSSECU3_MP2\win7_files\Logs\Microsoft-Windows-GroupPolicy_4Operational.evtx,0x4000000000000000,0,"{""EventData"":{""Data"":[{""@Name"":""DescriptionString"",""#text"":""None""},{""@Name"":""GPOInfoList""}]}}"
55,55,2025-01-20 14:48:57.578125+00:00,5320,Info,Microsoft-Windows-GroupPolicy,Microsoft-Windows-GroupPolicy/Operational,792,1696,win7,0,S-1-5-18,,,,,,,,,,,False,C:\Users\BRIANNA\OneDrive\Documents\GitHub\NSSECU3_MP2\win7_files\Logs\Microsoft-Windows-GroupPolicy_4Operational.evtx,0x4000000000000000,0,"{""EventData"":{""Data"":{""@Name"":""InfoDescription"",""#text"":""%%4165""}}}"
53,53,2025-01-20 14:48:57.578125+00:00,5320,Info,Microsoft-Windows-GroupPolicy,Microsoft-Windows-GroupPolicy/Operational,792,1696,win7,0,S-1-5-18,,,,,,,,,,,False,C:\Users\BRIANNA\OneDrive\Documents\GitHub\NSSECU3_MP2\win7_files\Logs\Microsoft-Windows-GroupPolicy_4Operational.evtx,0x4000000000000000,0,"{""EventData"":{""Data"":{""@Name"":""InfoDescription"",""#text"":""%%4161""}}}"
56,56,2025-01-20 14:48:57.578125+00:00,8001,Info,Microsoft-Windows-GroupPolicy,Microsoft-Windows-GroupPolicy/Operational,792,1696,win7,0,S-1-5-18,,,,,,,,,,,False,C:\Users\BRIANNA\OneDrive\Documents\GitHub\NSSECU3_MP2\win7_files\Logs\Microsoft-Windows-GroupPolicy_4Operational.evtx,0x4000000000000000,0,"{""EventData"":{""Data"":[{""@Name"":""PolicyElaspedTimeInSeconds"",""#text"":""0""},{""@Name"":""ErrorCode"",""#text"":""0""},{""@Name"":""PrincipalSamName"",""#text"":""win7\\student""},{""@Name"":""IsMachine"",""#text"":""0""},{""@Name"":""IsConnectivityFailure"",""#text"":""False""}]}}"
57,57,2025-01-20 14:48:57.578125+00:00,5315,Info,Microsoft-Windows-GroupPolicy,Microsoft-Windows-GroupPolicy/Operational,792,1716,win7,0,S-1-5-18,,,,,,,,,,,False,C:\Users\BRIANNA\OneDrive\Documents\GitHub\NSSECU3_MP2\win7_files\Logs\Microsoft-Windows-GroupPolicy_4Operational.evtx,0x4000000000000000,0,"{""EventData"":{""Data"":[{""@Name"":""PrincipalSamName"",""#text"":""win7\\student""},{""@Name"":""NextPolicyApplicationTime"",""#text"":""116""},{""@Name"":""NextPolicyApplicationTimeUnit"",""#text"":""%%4100""}]}}"
6,6,2025-01-20 14:48:57.578125+00:00,7,Info,Microsoft-Windows-OfflineFiles,Microsoft-Windows-OfflineFiles/Operational,768,952,win7,0,S-1-5-18,,,,,,,,,,,False,C:\Users\BRIANNA\OneDrive\Documents\GitHub\NSSECU3_MP2\win7_files\Logs\Microsoft-Windows-OfflineFiles_4Operational.evtx,0x4000000000000008,0,"{""UserData"":{""Info"":{""Account"":""win7\\student"",""Session"":""1""}}}"
52,52,2025-01-20 14:48:57.578125+00:00,5313,Info,Microsoft-Windows-GroupPolicy,Microsoft-Windows-GroupPolicy/Operational,792,1696,win7,0,S-1-5-18,,,,,,,,,,,False,C:\Users\BRIANNA\OneDrive\Documents\GitHub\NSSECU3_MP2\win7_files\Logs\Microsoft-Windows-GroupPolicy_4Operational.evtx,0x4000000000000000,0,"{""EventData"":{""Data"":[{""@Name"":""DescriptionString"",""#text"":""Local Group Policy, Not Applied (Empty), ""},{""@Name"":""GPOInfoList"",""#text"":""&lt;GPO ID=\""Local Group Policy\""&gt;&lt;Name&gt;Local Group Policy&lt;/Name&gt;&lt;Version&gt;0&lt;/Version&gt;&lt;SOM&gt;Local&lt;/SOM&gt;&lt;FSPath&gt;C:\\Windows\\System32\\GroupPolicy\\User&lt;/FSPath&gt;&lt;Reason&gt;NOTAPPLIED-EMPTY&lt;/Reason&gt;&lt;/GPO&gt;""}]}}"
58,58,2025-01-20 14:48:57.593750+00:00,5324,Info,Microsoft-Windows-GroupPolicy,Microsoft-Windows-GroupPolicy/Operational,792,804,win7,0,S-1-5-18,,,,,,,,,,,False,C:\Users\BRIANNA\OneDrive\Documents\GitHub\NSSECU3_MP2\win7_files\Logs\Microsoft-Windows-GroupPolicy_4Operational.evtx,0x4000000000000000,0,"{""EventData"":{""Data"":[{""@Name"":""NotificationType"",""#text"":""3""},{""@Name"":""SessionId"",""#text"":""1""}]}}"
