340,340,2025-02-18 17:08:05.686875+00:00,4904,LogAlways,Microsoft-Windows-Security-Auditing,Security,468,3036,win7,3,,,,,,,,,,,,False,C:\Users\BRIANNA\OneDrive\Documents\GitHub\NSSECU3_MP2\win7_files\Logs\Security.evtx,Audit success,0,"{""EventData"":{""Data"":[{""@Name"":""SubjectUserSid"",""#text"":""S-1-5-18""},{""@Name"":""SubjectUserName"",""#text"":""WIN7$""},{""@Name"":""SubjectDomainName"",""#text"":""WORKGROUP""},{""@Name"":""SubjectLogonId"",""#text"":""0x3E7""},{""@Name"":""AuditSourceName"",""#text"":""VSSAudit""},{""@Name"":""EventSourceId"",""#text"":""0x11A452""},{""@Name"":""ProcessId"",""#text"":""0xAB4""},{""@Name"":""ProcessName"",""#text"":""C:\\Windows\\System32\\VSSVC.exe""}]}}"
341,341,2025-02-18 17:08:05.686875+00:00,4905,LogAlways,Microsoft-Windows-Security-Auditing,Security,468,3036,win7,3,,,,,,,,,,,,False,C:\Users\BRIANNA\OneDrive\Documents\GitHub\NSSECU3_MP2\win7_files\Logs\Security.evtx,Audit success,0,"{""EventData"":{""Data"":[{""@Name"":""SubjectUserSid"",""#text"":""S-1-5-18""},{""@Name"":""SubjectUserName"",""#text"":""WIN7$""},{""@Name"":""SubjectDomainName"",""#text"":""WORKGROUP""},{""@Name"":""SubjectLogonId"",""#text"":""0x3E7""},{""@Name"":""AuditSourceName"",""#text"":""VSSAudit""},{""@Name"":""EventSourceId"",""#text"":""0x11A452""},{""@Name"":""ProcessId"",""#text"":""0xAB4""},{""@Name"":""ProcessName"",""#text"":""C:\\Windows\\System32\\VSSVC.exe""}]}}"
489,489,2025-02-18 17:08:15+00:00,1042,Info,MsiInstaller,Application,0,0,win7,4,S-1-5-18,Installer Exited,,,,,,,,,C:\Users\student\AppData\Local\Temp\{74D9701A-365F-4557-B5E3-6A73D98AF2F8}\AccessData_FTK_Imager_(x64).msi,False,C:\Users\BRIANNA\OneDrive\Documents\GitHub\NSSECU3_MP2\win7_files\Logs\Application.evtx,0x80000000000000,0,"{""EventData"":{""Data"":""C:\\Users\\student\\AppData\\Local\\Temp\\{74D9701A-365F-4557-B5E3-6A73D98AF2F8}\\AccessData_FTK_Imager_(x64).msi, 1612, (NULL), (NULL), (NULL), (NULL)"",""Binary"":""""}}"
490,490,2025-02-18 17:08:15.280625+00:00,10001,Info,Microsoft-Windows-RestartManager,Application,2428,2080,win7,4,S-1-5-21-2630035287-469658536-4158816484-1000,,,,,,,,,,,False,C:\Users\BRIANNA\OneDrive\Documents\GitHub\NSSECU3_MP2\win7_files\Logs\Application.evtx,Classic,0,"{""UserData"":{""RmSessionEvent"":{""RmSessionId"":""0"",""UTCStartTime"":""2025-02-18 17:08:03.7181250""}}}"
8,8,2025-02-18 17:10:07.374375+00:00,1016,Info,Microsoft-Windows-ReadyBoost,Microsoft-Windows-ReadyBoost/Operational,780,1744,win7,0,S-1-5-18,,,,,,,,,,,False,C:\Users\BRIANNA\OneDrive\Documents\GitHub\NSSECU3_MP2\win7_files\Logs\Microsoft-Windows-ReadyBoost_4Operational.evtx,0x8000000000002000,0,"{""EventData"":{""Data"":[{""@Name"":""BootPlanTimestamp"",""#text"":""2025-02-19 01:10:02.5931250""},{""@Name"":""ErrorCode"",""#text"":""0""},{""@Name"":""Duration (ms)"",""#text"":""4781""},{""@Name"":""Reason"",""#text"":""1""}]}}"
491,491,2025-02-18 17:11:05+00:00,8224,Info,VSS,Application,0,0,win7,4,,,,,,,,,,,,False,C:\Users\BRIANNA\OneDrive\Documents\GitHub\NSSECU3_MP2\win7_files\Logs\Application.evtx,0x80000000000000,0,"{""EventData"":{""Data"":"""",""Binary"":""2D-20-43-6F-64-65-3A-20-20-43-4F-52-53-56-43-43-30-30-30-30-30-37-37-33-2D-20-43-61-6C-6C-3A-20-20-43-4F-52-53-56-43-43-30-30-30-30-30-37-35-35-2D-20-50-49-44-3A-20-20-30-30-30-30-32-37-34-30-2D-20-54-49-44-3A-20-20-30-30-30-30-31-35-31-36-2D-20-43-4D-44-3A-20-20-43-3A-5C-57-69-6E-64-6F-77-73-5C-73-79-73-74-65-6D-33-32-5C-76-73-73-76-63-2E-65-78-65-20-20-20-2D-20-55-73-65-72-3A-20-4E-61-6D-65-3A-20-4E-54-20-41-55-54-48-4F-52-49-54-59-5C-53-59-53-54-45-4D-2C-20-53-49-44-3A-53-2D-31-2D-35-2D-31-38-20""}}"
934,934,2025-02-18 17:11:05.780625+00:00,7036,Info,Service Control Manager,System,460,2896,win7,5,,Service started or stopped,,,Name: Volume Shadow Copy | Volume Shadow Copy,Status: stopped,,,,,,False,C:\Users\BRIANNA\OneDrive\Documents\GitHub\NSSECU3_MP2\win7_files\Logs\System.evtx,"Audit success, classic",0,"{""EventData"":{""Data"":[{""@Name"":""param1"",""#text"":""Volume Shadow Copy""},{""@Name"":""param2"",""#text"":""stopped""}],""Binary"":""56-00-53-00-53-00-2F-00-31-00-00-00""}}"
492,492,2025-02-18 17:12:26+00:00,0,Info,Firefox Default Browser Agent,Application,0,0,win7,4,,,,,,,,,,,,False,C:\Users\BRIANNA\OneDrive\Documents\GitHub\NSSECU3_MP2\win7_files\Logs\Application.evtx,0x80000000000000,0,"{""EventData"":{""Data"":""INFO - Using remote settings URL: https://firefox.settings.services.mozilla.com/v1/buckets/main/collections/windows-default-browser-agent/records/state"",""Binary"":""""}}"
493,493,2025-02-18 17:12:26+00:00,0,Info,Firefox Default Browser Agent,Application,0,0,win7,4,,,,,,,,,,,,False,C:\Users\BRIANNA\OneDrive\Documents\GitHub\NSSECU3_MP2\win7_files\Logs\Application.evtx,0x80000000000000,0,"{""EventData"":{""Data"":""INFO - Using HTTP backend wininet.dll"",""Binary"":""""}}"
494,494,2025-02-18 17:12:26+00:00,0,Error,Firefox Default Browser Agent,Application,0,0,win7,4,,,,,,,,,,,,False,C:\Users\BRIANNA\OneDrive\Documents\GitHub\NSSECU3_MP2\win7_files\Logs\Application.evtx,0x80000000000000,0,"{""EventData"":{""Data"":""ERROR - Error::WindowsError(12045) (HRESULT: 0x80072f0d)"",""Binary"":""""}}"
495,495,2025-02-18 17:12:26+00:00,12045,Error,Firefox Default Browser Agent,Application,0,0,win7,4,,,,,,,,,,,,False,C:\Users\BRIANNA\OneDrive\Documents\GitHub\NSSECU3_MP2\win7_files\Logs\Application.evtx,0x80000000000000,0,"{""EventData"":{""Data"":""0x80072F0D in IsAgentRemoteDisabledInternal:70"",""Binary"":""""}}"
496,496,2025-02-18 17:12:26.172226500+00:00,4107,Error,Microsoft-Windows-CAPI2,Application,112,1976,win7,4,,,,,,,,,,,,False,C:\Users\BRIANNA\OneDrive\Documents\GitHub\NSSECU3_MP2\win7_files\Logs\Application.evtx,"Audit success, classic",0,"{""EventData"":{""Data"":""http://www.download.windowsupdate.com/msdownload/update/v3/static/trustedr/en/authrootstl.cab, A required certificate is not within its validity period when verifying against the current system clock or the timestamp in the signed file.\n"",""Binary"":""""}}"
497,497,2025-02-18 17:12:26.219101500+00:00,4107,Error,Microsoft-Windows-CAPI2,Application,112,1976,win7,4,,,,,,,,,,,,False,C:\Users\BRIANNA\OneDrive\Documents\GitHub\NSSECU3_MP2\win7_files\Logs\Application.evtx,"Audit success, classic",0,"{""EventData"":{""Data"":""http://www.download.windowsupdate.com/msdownload/update/v3/static/trustedr/en/authrootstl.cab, A required certificate is not within its validity period when verifying against the current system clock or the timestamp in the signed file.\n"",""Binary"":""""}}"
498,498,2025-02-18 17:12:26.234726500+00:00,4107,Error,Microsoft-Windows-CAPI2,Application,112,1976,win7,4,,,,,,,,,,,,False,C:\Users\BRIANNA\OneDrive\Documents\GitHub\NSSECU3_MP2\win7_files\Logs\Application.evtx,"Audit success, classic",0,"{""EventData"":{""Data"":""http://www.download.windowsupdate.com/msdownload/update/v3/static/trustedr/en/authrootstl.cab, A required certificate is not within its validity period when verifying against the current system clock or the timestamp in the signed file.\n"",""Binary"":""""}}"
499,499,2025-02-18 17:12:26.265976500+00:00,4107,Error,Microsoft-Windows-CAPI2,Application,112,1976,win7,4,,,,,,,,,,,,False,C:\Users\BRIANNA\OneDrive\Documents\GitHub\NSSECU3_MP2\win7_files\Logs\Application.evtx,"Audit success, classic",0,"{""EventData"":{""Data"":""http://www.download.windowsupdate.com/msdownload/update/v3/static/trustedr/en/authrootstl.cab, A required certificate is not within its validity period when verifying against the current system clock or the timestamp in the signed file.\n"",""Binary"":""""}}"
500,500,2025-02-18 17:12:26.281601500+00:00,4107,Error,Microsoft-Windows-CAPI2,Application,112,1976,win7,4,,,,,,,,,,,,False,C:\Users\BRIANNA\OneDrive\Documents\GitHub\NSSECU3_MP2\win7_files\Logs\Application.evtx,"Audit success, classic",0,"{""EventData"":{""Data"":""http://www.download.windowsupdate.com/msdownload/update/v3/static/trustedr/en/authrootstl.cab, A required certificate is not within its validity period when verifying against the current system clock or the timestamp in the signed file.\n"",""Binary"":""""}}"
501,501,2025-02-18 17:12:26.328476500+00:00,4107,Error,Microsoft-Windows-CAPI2,Application,112,1976,win7,4,,,,,,,,,,,,False,C:\Users\BRIANNA\OneDrive\Documents\GitHub\NSSECU3_MP2\win7_files\Logs\Application.evtx,"Audit success, classic",0,"{""EventData"":{""Data"":""http://www.download.windowsupdate.com/msdownload/update/v3/static/trustedr/en/authrootstl.cab, A required certificate is not within its validity period when verifying against the current system clock or the timestamp in the signed file.\n"",""Binary"":""""}}"
502,502,2025-02-18 17:12:26.562851500+00:00,4107,Error,Microsoft-Windows-CAPI2,Application,112,1976,win7,4,,,,,,,,,,,,False,C:\Users\BRIANNA\OneDrive\Documents\GitHub\NSSECU3_MP2\win7_files\Logs\Application.evtx,"Audit success, classic",0,"{""EventData"":{""Data"":""http://www.download.windowsupdate.com/msdownload/update/v3/static/trustedr/en/authrootstl.cab, A required certificate is not within its validity period when verifying against the current system clock or the timestamp in the signed file.\n"",""Binary"":""""}}"
504,504,2025-02-18 17:13:30+00:00,1033,Info,MsiInstaller,Application,0,0,win7,4,S-1-5-21-2630035287-469658536-4158816484-1000,A program was installed,,,"Name, Version, Lang, Status, Manufacturer: AccessData FTK Imager, 4.7.1.2, 1033, 0, AccessData, (NULL)",,,,,,,False,C:\Users\BRIANNA\OneDrive\Documents\GitHub\NSSECU3_MP2\win7_files\Logs\Application.evtx,0x80000000000000,0,"{""EventData"":{""Data"":""AccessData FTK Imager, 4.7.1.2, 1033, 0, AccessData, (NULL)"",""Binary"":""7B-39-44-37-39-41-38-33-41-2D-38-46-38-34-2D-34-42-33-43-2D-42-41-44-42-2D-32-45-45-38-41-32-32-46-35-31-39-34-7D-30-30-30-30-35-36-66-35-34-36-63-32-35-31-33-64-33-30-63-63-31-66-38-36-62-33-30-63-64-61-65-36-62-62-32-33-30-30-30-30-30-39-30-34""}}"
503,503,2025-02-18 17:13:30+00:00,11707,Info,MsiInstaller,Application,0,0,win7,4,S-1-5-21-2630035287-469658536-4158816484-1000,Installation completed successfully,,,"Product: AccessData FTK Imager -- Installation operation completed successfully., (NULL), (NULL), (NULL), (NULL), (NULL)",,,,,,,False,C:\Users\BRIANNA\OneDrive\Documents\GitHub\NSSECU3_MP2\win7_files\Logs\Application.evtx,0x80000000000000,0,"{""EventData"":{""Data"":""Product: AccessData FTK Imager -- Installation operation completed successfully., (NULL), (NULL), (NULL), (NULL), (NULL)"",""Binary"":""7B-39-44-37-39-41-38-33-41-2D-38-46-38-34-2D-34-42-33-43-2D-42-41-44-42-2D-32-45-45-38-41-32-32-46-35-31-39-34-7D""}}"
935,935,2025-02-18 17:14:05.781601500+00:00,7036,Info,Service Control Manager,System,460,2904,win7,5,,Service started or stopped,,,Name: Microsoft Software Shadow Copy Provider | Microsoft Software Shadow Copy Provider,Status: stopped,,,,,,False,C:\Users\BRIANNA\OneDrive\Documents\GitHub\NSSECU3_MP2\win7_files\Logs\System.evtx,"Audit success, classic",0,"{""EventData"":{""Data"":[{""@Name"":""param1"",""#text"":""Microsoft Software Shadow Copy Provider""},{""@Name"":""param2"",""#text"":""stopped""}],""Binary"":""73-00-77-00-70-00-72-00-76-00-2F-00-31-00-00-00""}}"
342,342,2025-02-18 17:14:12.594101500+00:00,4634,LogAlways,Microsoft-Windows-Security-Auditing,Security,468,568,win7,3,,An account was logged off,,,Target: win7\Guest,LogonType 3,LogonId: 0x12C4AE,,,,,False,C:\Users\BRIANNA\OneDrive\Documents\GitHub\NSSECU3_MP2\win7_files\Logs\Security.evtx,Audit success,0,"{""EventData"":{""Data"":[{""@Name"":""TargetUserSid"",""#text"":""S-1-5-21-2630035287-469658536-4158816484-501""},{""@Name"":""TargetUserName"",""#text"":""Guest""},{""@Name"":""TargetDomainName"",""#text"":""win7""},{""@Name"":""TargetLogonId"",""#text"":""0x12C4AE""},{""@Name"":""LogonType"",""#text"":""3""}]}}"
936,936,2025-02-18 17:16:49.500351500+00:00,7036,Info,Service Control Manager,System,460,1208,win7,5,,Service started or stopped,,,Name: Remote Desktop Services | Remote Desktop Services,Status: running,,,,,,False,C:\Users\BRIANNA\OneDrive\Documents\GitHub\NSSECU3_MP2\win7_files\Logs\System.evtx,"Audit success, classic",0,"{""EventData"":{""Data"":[{""@Name"":""param1"",""#text"":""Remote Desktop Services""},{""@Name"":""param2"",""#text"":""running""}],""Binary"":""54-00-65-00-72-00-6D-00-53-00-65-00-72-00-76-00-69-00-63-00-65-00-2F-00-34-00-00-00""}}"
1,1,2025-02-18 17:16:49.500351500+00:00,1155,Info,Microsoft-Windows-TerminalServices-RemoteConnectionManager,Microsoft-Windows-TerminalServices-RemoteConnectionManager/Operational,112,3064,win7,0,S-1-5-20,,,,,,,,,,,False,C:\Users\BRIANNA\OneDrive\Documents\GitHub\NSSECU3_MP2\win7_files\Logs\Microsoft-Windows-TerminalServices-RemoteConnectionManager_4Operational.evtx,0x1000000000000000,0,"{""EventData"":""""}"
938,938,2025-02-18 17:16:50.844101500+00:00,7036,Info,Service Control Manager,System,460,1208,win7,5,,Service started or stopped,,,Name: Remote Desktop Services UserMode Port Redirector | Remote Desktop Services UserMode Port Redirector,Status: running,,,,,,False,C:\Users\BRIANNA\OneDrive\Documents\GitHub\NSSECU3_MP2\win7_files\Logs\System.evtx,"Audit success, classic",0,"{""EventData"":{""Data"":[{""@Name"":""param1"",""#text"":""Remote Desktop Services UserMode Port Redirector""},{""@Name"":""param2"",""#text"":""running""}],""Binary"":""55-00-6D-00-52-00-64-00-70-00-53-00-65-00-72-00-76-00-69-00-63-00-65-00-2F-00-34-00-00-00""}}"
937,937,2025-02-18 17:16:51+00:00,1056,Info,Microsoft-Windows-TerminalServices-RemoteConnectionManager,System,0,0,win7,5,,,,,,,,,,,,False,C:\Users\BRIANNA\OneDrive\Documents\GitHub\NSSECU3_MP2\win7_files\Logs\System.evtx,0x80000000000000,0,"{""EventData"":{""Data"":""win7"",""Binary"":""E1-F8-14-6E-45-D9-2E-D6-7A-1F-3E-7A-0F-21-3F-96-D2-86-1A-70""}}"
2,2,2025-02-18 17:16:51.203476500+00:00,258,Info,Microsoft-Windows-TerminalServices-RemoteConnectionManager,Microsoft-Windows-TerminalServices-RemoteConnectionManager/Operational,112,3064,win7,0,S-1-5-20,,,,,,,,,,,False,C:\Users\BRIANNA\OneDrive\Documents\GitHub\NSSECU3_MP2\win7_files\Logs\Microsoft-Windows-TerminalServices-RemoteConnectionManager_4Operational.evtx,0x1000000000000000,0,"{""UserData"":{""EventXML"":{""listenerName"":""RDP-Tcp""}}}"
939,939,2025-02-18 17:16:51.281601500+00:00,7036,Info,Service Control Manager,System,460,2080,win7,5,,Service started or stopped,,,Name: Certificate Propagation | Certificate Propagation,Status: running,,,,,,False,C:\Users\BRIANNA\OneDrive\Documents\GitHub\NSSECU3_MP2\win7_files\Logs\System.evtx,"Audit success, classic",0,"{""EventData"":{""Data"":[{""@Name"":""param1"",""#text"":""Certificate Propagation""},{""@Name"":""param2"",""#text"":""running""}],""Binary"":""43-00-65-00-72-00-74-00-50-00-72-00-6F-00-70-00-53-00-76-00-63-00-2F-00-34-00-00-00""}}"
3,3,2025-02-18 17:16:51.297226500+00:00,1136,Info,Microsoft-Windows-TerminalServices-RemoteConnectionManager,Microsoft-Windows-TerminalServices-RemoteConnectionManager/Operational,804,2588,win7,0,S-1-5-18,,,,,,,,,,,False,C:\Users\BRIANNA\OneDrive\Documents\GitHub\NSSECU3_MP2\win7_files\Logs\Microsoft-Windows-TerminalServices-RemoteConnectionManager_4Operational.evtx,0x1000000000000000,0,"{""EventData"":""""}"
940,940,2025-02-18 17:16:51.328476500+00:00,7036,Info,Service Control Manager,System,460,2252,win7,5,,Service started or stopped,,,Name: Remote Desktop Configuration | Remote Desktop Configuration,Status: running,,,,,,False,C:\Users\BRIANNA\OneDrive\Documents\GitHub\NSSECU3_MP2\win7_files\Logs\System.evtx,"Audit success, classic",0,"{""EventData"":{""Data"":[{""@Name"":""param1"",""#text"":""Remote Desktop Configuration""},{""@Name"":""param2"",""#text"":""running""}],""Binary"":""53-00-65-00-73-00-73-00-69-00-6F-00-6E-00-45-00-6E-00-76-00-2F-00-34-00-00-00""}}"
4,4,2025-02-18 17:18:58.640976500+00:00,261,Info,Microsoft-Windows-TerminalServices-RemoteConnectionManager,Microsoft-Windows-TerminalServices-RemoteConnectionManager/Operational,112,2980,win7,0,S-1-5-20,RDP Listener received a connection,,,RDP-Tcp,,,,,,,False,C:\Users\BRIANNA\OneDrive\Documents\GitHub\NSSECU3_MP2\win7_files\Logs\Microsoft-Windows-TerminalServices-RemoteConnectionManager_4Operational.evtx,0x1000000000000000,0,"{""UserData"":{""EventXML"":{""listenerName"":""RDP-Tcp""}}}"
343,343,2025-02-18 17:18:58.703476500+00:00,5058,LogAlways,Microsoft-Windows-Security-Auditing,Security,468,2556,win7,3,,,,,,,,,,,,False,C:\Users\BRIANNA\OneDrive\Documents\GitHub\NSSECU3_MP2\win7_files\Logs\Security.evtx,Audit success,0,"{""EventData"":{""Data"":[{""@Name"":""SubjectUserSid"",""#text"":""S-1-5-20""},{""@Name"":""SubjectUserName"",""#text"":""WIN7$""},{""@Name"":""SubjectDomainName"",""#text"":""WORKGROUP""},{""@Name"":""SubjectLogonId"",""#text"":""0x3E4""},{""@Name"":""ProviderName"",""#text"":""Microsoft Software Key Storage Provider""},{""@Name"":""AlgorithmName"",""#text"":""%%2432""},{""@Name"":""KeyName"",""#text"":""TSSecKeySet1""},{""@Name"":""KeyType"",""#text"":""%%2499""},{""@Name"":""KeyFilePath"",""#text"":""C:\\ProgramData\\Microsoft\\Crypto\\RSA\\MachineKeys\\f686aace6942fb7f7ceb231212eef4a4_c6c47679-89a8-41dd-af14-2f3976aede97""},{""@Name"":""Operation"",""#text"":""%%2458""},{""@Name"":""ReturnCode"",""#text"":""0x0""}]}}"
344,344,2025-02-18 17:18:58.703476500+00:00,5061,LogAlways,Microsoft-Windows-Security-Auditing,Security,468,2556,win7,3,,,,,,,,,,,,False,C:\Users\BRIANNA\OneDrive\Documents\GitHub\NSSECU3_MP2\win7_files\Logs\Security.evtx,Audit success,0,"{""EventData"":{""Data"":[{""@Name"":""SubjectUserSid"",""#text"":""S-1-5-20""},{""@Name"":""SubjectUserName"",""#text"":""WIN7$""},{""@Name"":""SubjectDomainName"",""#text"":""WORKGROUP""},{""@Name"":""SubjectLogonId"",""#text"":""0x3E4""},{""@Name"":""ProviderName"",""#text"":""Microsoft Software Key Storage Provider""},{""@Name"":""AlgorithmName"",""#text"":""RSA""},{""@Name"":""KeyName"",""#text"":""TSSecKeySet1""},{""@Name"":""KeyType"",""#text"":""%%2499""},{""@Name"":""Operation"",""#text"":""%%2480""},{""@Name"":""ReturnCode"",""#text"":""0x0""}]}}"
346,346,2025-02-18 17:19:03.969101500+00:00,5061,LogAlways,Microsoft-Windows-Security-Auditing,Security,468,2224,win7,3,,,,,,,,,,,,False,C:\Users\BRIANNA\OneDrive\Documents\GitHub\NSSECU3_MP2\win7_files\Logs\Security.evtx,Audit success,0,"{""EventData"":{""Data"":[{""@Name"":""SubjectUserSid"",""#text"":""S-1-5-20""},{""@Name"":""SubjectUserName"",""#text"":""WIN7$""},{""@Name"":""SubjectDomainName"",""#text"":""WORKGROUP""},{""@Name"":""SubjectLogonId"",""#text"":""0x3E4""},{""@Name"":""ProviderName"",""#text"":""Microsoft Software Key Storage Provider""},{""@Name"":""AlgorithmName"",""#text"":""RSA""},{""@Name"":""KeyName"",""#text"":""TSSecKeySet1""},{""@Name"":""KeyType"",""#text"":""%%2499""},{""@Name"":""Operation"",""#text"":""%%2480""},{""@Name"":""ReturnCode"",""#text"":""0x0""}]}}"
345,345,2025-02-18 17:19:03.969101500+00:00,5058,LogAlways,Microsoft-Windows-Security-Auditing,Security,468,2224,win7,3,,,,,,,,,,,,False,C:\Users\BRIANNA\OneDrive\Documents\GitHub\NSSECU3_MP2\win7_files\Logs\Security.evtx,Audit success,0,"{""EventData"":{""Data"":[{""@Name"":""SubjectUserSid"",""#text"":""S-1-5-20""},{""@Name"":""SubjectUserName"",""#text"":""WIN7$""},{""@Name"":""SubjectDomainName"",""#text"":""WORKGROUP""},{""@Name"":""SubjectLogonId"",""#text"":""0x3E4""},{""@Name"":""ProviderName"",""#text"":""Microsoft Software Key Storage Provider""},{""@Name"":""AlgorithmName"",""#text"":""%%2432""},{""@Name"":""KeyName"",""#text"":""TSSecKeySet1""},{""@Name"":""KeyType"",""#text"":""%%2499""},{""@Name"":""KeyFilePath"",""#text"":""C:\\ProgramData\\Microsoft\\Crypto\\RSA\\MachineKeys\\f686aace6942fb7f7ceb231212eef4a4_c6c47679-89a8-41dd-af14-2f3976aede97""},{""@Name"":""Operation"",""#text"":""%%2458""},{""@Name"":""ReturnCode"",""#text"":""0x0""}]}}"
5,5,2025-02-18 17:19:03.969101500+00:00,261,Info,Microsoft-Windows-TerminalServices-RemoteConnectionManager,Microsoft-Windows-TerminalServices-RemoteConnectionManager/Operational,112,2980,win7,0,S-1-5-20,RDP Listener received a connection,,,RDP-Tcp,,,,,,,False,C:\Users\BRIANNA\OneDrive\Documents\GitHub\NSSECU3_MP2\win7_files\Logs\Microsoft-Windows-TerminalServices-RemoteConnectionManager_4Operational.evtx,0x1000000000000000,0,"{""UserData"":{""EventXML"":{""listenerName"":""RDP-Tcp""}}}"
6,6,2025-02-18 17:19:09.094101500+00:00,261,Info,Microsoft-Windows-TerminalServices-RemoteConnectionManager,Microsoft-Windows-TerminalServices-RemoteConnectionManager/Operational,112,2980,win7,0,S-1-5-20,RDP Listener received a connection,,,RDP-Tcp,,,,,,,False,C:\Users\BRIANNA\OneDrive\Documents\GitHub\NSSECU3_MP2\win7_files\Logs\Microsoft-Windows-TerminalServices-RemoteConnectionManager_4Operational.evtx,0x1000000000000000,0,"{""UserData"":{""EventXML"":{""listenerName"":""RDP-Tcp""}}}"
7,7,2025-02-18 17:19:09.172226500+00:00,1149,Info,Microsoft-Windows-TerminalServices-RemoteConnectionManager,Microsoft-Windows-TerminalServices-RemoteConnectionManager/Operational,112,1732,win7,0,S-1-5-20,RDP network connection established,DESKTOP-O5RHV82\student,10.2.200.7,,,,,,,,False,C:\Users\BRIANNA\OneDrive\Documents\GitHub\NSSECU3_MP2\win7_files\Logs\Microsoft-Windows-TerminalServices-RemoteConnectionManager_4Operational.evtx,0x1000000000000000,0,"{""UserData"":{""EventXML"":{""Param1"":""student"",""Param2"":""DESKTOP-O5RHV82"",""Param3"":""10.2.200.7""}}}"
347,347,2025-02-18 17:19:35.781601500+00:00,4648,LogAlways,Microsoft-Windows-Security-Auditing,Security,468,2224,win7,3,,A logon was attempted using explicit credentials,WORKGROUP\WIN7$,10.2.200.7:50036,Target: win7\student,TargetServerName: localhost,PID: 0xA34,TargetInfo: localhost,,,C:\Windows\System32\winlogon.exe,False,C:\Users\BRIANNA\OneDrive\Documents\GitHub\NSSECU3_MP2\win7_files\Logs\Security.evtx,Audit success,0,"{""EventData"":{""Data"":[{""@Name"":""SubjectUserSid"",""#text"":""S-1-5-18""},{""@Name"":""SubjectUserName"",""#text"":""WIN7$""},{""@Name"":""SubjectDomainName"",""#text"":""WORKGROUP""},{""@Name"":""SubjectLogonId"",""#text"":""0x3E7""},{""@Name"":""LogonGuid"",""#text"":""00000000-0000-0000-0000-000000000000""},{""@Name"":""TargetUserName"",""#text"":""student""},{""@Name"":""TargetDomainName"",""#text"":""win7""},{""@Name"":""TargetLogonGuid"",""#text"":""00000000-0000-0000-0000-000000000000""},{""@Name"":""TargetServerName"",""#text"":""localhost""},{""@Name"":""TargetInfo"",""#text"":""localhost""},{""@Name"":""ProcessId"",""#text"":""0xA34""},{""@Name"":""ProcessName"",""#text"":""C:\\Windows\\System32\\winlogon.exe""},{""@Name"":""IpAddress"",""#text"":""10.2.200.7""},{""@Name"":""IpPort"",""#text"":""50036""}]}}"
348,348,2025-02-18 17:19:35.781601500+00:00,4624,LogAlways,Microsoft-Windows-Security-Auditing,Security,468,2224,win7,3,,Successful logon,WORKGROUP\WIN7$,WIN7 (10.2.200.7),Target: win7\student,LogonType 10,LogonId: 0x13D6D2,AuthenticationPackageName: Negotiate,LogonProcessName: User32 ,,C:\Windows\System32\winlogon.exe,False,C:\Users\BRIANNA\OneDrive\Documents\GitHub\NSSECU3_MP2\win7_files\Logs\Security.evtx,Audit success,0,"{""EventData"":{""Data"":[{""@Name"":""SubjectUserSid"",""#text"":""S-1-5-18""},{""@Name"":""SubjectUserName"",""#text"":""WIN7$""},{""@Name"":""SubjectDomainName"",""#text"":""WORKGROUP""},{""@Name"":""SubjectLogonId"",""#text"":""0x3E7""},{""@Name"":""TargetUserSid"",""#text"":""S-1-5-21-2630035287-469658536-4158816484-1000""},{""@Name"":""TargetUserName"",""#text"":""student""},{""@Name"":""TargetDomainName"",""#text"":""win7""},{""@Name"":""TargetLogonId"",""#text"":""0x13D6D2""},{""@Name"":""LogonType"",""#text"":""10""},{""@Name"":""LogonProcessName"",""#text"":""User32 ""},{""@Name"":""AuthenticationPackageName"",""#text"":""Negotiate""},{""@Name"":""WorkstationName"",""#text"":""WIN7""},{""@Name"":""LogonGuid"",""#text"":""00000000-0000-0000-0000-000000000000""},{""@Name"":""TransmittedServices"",""#text"":""-""},{""@Name"":""LmPackageName"",""#text"":""-""},{""@Name"":""KeyLength"",""#text"":""0""},{""@Name"":""ProcessId"",""#text"":""0xA34""},{""@Name"":""ProcessName"",""#text"":""C:\\Windows\\System32\\winlogon.exe""},{""@Name"":""IpAddress"",""#text"":""10.2.200.7""},{""@Name"":""IpPort"",""#text"":""50036""}]}}"
349,349,2025-02-18 17:19:35.781601500+00:00,4624,LogAlways,Microsoft-Windows-Security-Auditing,Security,468,2224,win7,3,,Successful logon,WORKGROUP\WIN7$,WIN7 (10.2.200.7),Target: win7\student,LogonType 10,LogonId: 0x13D6E8,AuthenticationPackageName: Negotiate,LogonProcessName: User32 ,,C:\Windows\System32\winlogon.exe,False,C:\Users\BRIANNA\OneDrive\Documents\GitHub\NSSECU3_MP2\win7_files\Logs\Security.evtx,Audit success,0,"{""EventData"":{""Data"":[{""@Name"":""SubjectUserSid"",""#text"":""S-1-5-18""},{""@Name"":""SubjectUserName"",""#text"":""WIN7$""},{""@Name"":""SubjectDomainName"",""#text"":""WORKGROUP""},{""@Name"":""SubjectLogonId"",""#text"":""0x3E7""},{""@Name"":""TargetUserSid"",""#text"":""S-1-5-21-2630035287-469658536-4158816484-1000""},{""@Name"":""TargetUserName"",""#text"":""student""},{""@Name"":""TargetDomainName"",""#text"":""win7""},{""@Name"":""TargetLogonId"",""#text"":""0x13D6E8""},{""@Name"":""LogonType"",""#text"":""10""},{""@Name"":""LogonProcessName"",""#text"":""User32 ""},{""@Name"":""AuthenticationPackageName"",""#text"":""Negotiate""},{""@Name"":""WorkstationName"",""#text"":""WIN7""},{""@Name"":""LogonGuid"",""#text"":""00000000-0000-0000-0000-000000000000""},{""@Name"":""TransmittedServices"",""#text"":""-""},{""@Name"":""LmPackageName"",""#text"":""-""},{""@Name"":""KeyLength"",""#text"":""0""},{""@Name"":""ProcessId"",""#text"":""0xA34""},{""@Name"":""ProcessName"",""#text"":""C:\\Windows\\System32\\winlogon.exe""},{""@Name"":""IpAddress"",""#text"":""10.2.200.7""},{""@Name"":""IpPort"",""#text"":""50036""}]}}"
350,350,2025-02-18 17:19:35.781601500+00:00,4672,LogAlways,Microsoft-Windows-Security-Auditing,Security,468,2224,win7,3,,Administrative logon,win7\student (S-1-5-21-2630035287-469658536-4158816484-1000),,"PrivilegeList: SeSecurityPrivilege, SeTakeOwnershipPrivilege, SeLoadDriverPrivilege, SeBackupPrivilege, SeRestorePrivilege, SeDebugPrivilege, SeSystemEnvironmentPrivilege, SeImpersonatePrivilege",LogonId: 0x13D6D2,,,,,,False,C:\Users\BRIANNA\OneDrive\Documents\GitHub\NSSECU3_MP2\win7_files\Logs\Security.evtx,Audit success,0,"{""EventData"":{""Data"":[{""@Name"":""SubjectUserSid"",""#text"":""S-1-5-21-2630035287-469658536-4158816484-1000""},{""@Name"":""SubjectUserName"",""#text"":""student""},{""@Name"":""SubjectDomainName"",""#text"":""win7""},{""@Name"":""SubjectLogonId"",""#text"":""0x13D6D2""},{""@Name"":""PrivilegeList"",""#text"":""SeSecurityPrivilege, SeTakeOwnershipPrivilege, SeLoadDriverPrivilege, SeBackupPrivilege, SeRestorePrivilege, SeDebugPrivilege, SeSystemEnvironmentPrivilege, SeImpersonatePrivilege""}]}}"
16,16,2025-02-18 17:19:35.969101500+00:00,24,Info,Microsoft-Windows-TerminalServices-LocalSessionManager,Microsoft-Windows-TerminalServices-LocalSessionManager/Operational,476,2584,win7,0,S-1-5-18,Remote Desktop Services: Session has been disconnected,win7\student,LOCAL,Session ID: 1,,,,,,,False,C:\Users\BRIANNA\OneDrive\Documents\GitHub\NSSECU3_MP2\win7_files\Logs\Microsoft-Windows-TerminalServices-LocalSessionManager_4Operational.evtx,0x1000000000000000,0,"{""UserData"":{""EventXML"":{""User"":""win7\\student"",""SessionID"":""1"",""Address"":""LOCAL""}}}"
17,17,2025-02-18 17:19:37.062851500+00:00,25,Info,Microsoft-Windows-TerminalServices-LocalSessionManager,Microsoft-Windows-TerminalServices-LocalSessionManager/Operational,476,320,win7,0,S-1-5-18,Remote Desktop Services: Session reconnection succeeded,win7\student,10.2.200.7,Session ID: 1,,,,,,,False,C:\Users\BRIANNA\OneDrive\Documents\GitHub\NSSECU3_MP2\win7_files\Logs\Microsoft-Windows-TerminalServices-LocalSessionManager_4Operational.evtx,0x1000000000000000,0,"{""UserData"":{""EventXML"":{""User"":""win7\\student"",""SessionID"":""1"",""Address"":""10.2.200.7""}}}"
351,351,2025-02-18 17:19:37.094101500+00:00,4634,LogAlways,Microsoft-Windows-Security-Auditing,Security,468,2556,win7,3,,An account was logged off,,,Target: win7\student,LogonType 10,LogonId: 0x13D6E8,,,,,False,C:\Users\BRIANNA\OneDrive\Documents\GitHub\NSSECU3_MP2\win7_files\Logs\Security.evtx,Audit success,0,"{""EventData"":{""Data"":[{""@Name"":""TargetUserSid"",""#text"":""S-1-5-21-2630035287-469658536-4158816484-1000""},{""@Name"":""TargetUserName"",""#text"":""student""},{""@Name"":""TargetDomainName"",""#text"":""win7""},{""@Name"":""TargetLogonId"",""#text"":""0x13D6E8""},{""@Name"":""LogonType"",""#text"":""10""}]}}"
29,29,2025-02-18 17:19:39.344101500+00:00,1002,Warning,Microsoft-Windows-KnownFolders,Microsoft-Windows-Known Folders API Service,1488,1652,win7,0,S-1-5-18,,,,,,,,,,,False,C:\Users\BRIANNA\OneDrive\Documents\GitHub\NSSECU3_MP2\win7_files\Logs\Microsoft-Windows-Known Folders API Service.evtx,Classic,0,"{""EventData"":{""Data"":[{""@Name"":""hrError"",""#text"":""0x80070002""},{""@Name"":""FolderId"",""#text"":""fdd39ad0-238f-46af-adb4-6c85480369c7""},{""@Name"":""Path"",""#text"":""C:\\Windows\\system32\\config\\systemprofile\\Documents""}]}}"
941,941,2025-02-18 17:19:40+00:00,1111,Error,Microsoft-Windows-TerminalServices-Printers,System,0,0,win7,5,,,,,,,,,,,,False,C:\Users\BRIANNA\OneDrive\Documents\GitHub\NSSECU3_MP2\win7_files\Logs\System.evtx,0x80000000000000,0,"{""EventData"":{""Data"":""Microsoft Print To PDF, Microsoft Print to PDF"",""Binary"":""00-00-00-00-A7-0E-00-00""}}"
352,352,2025-02-18 17:20:31.172226500+00:00,4634,LogAlways,Microsoft-Windows-Security-Auditing,Security,468,2556,win7,3,,An account was logged off,,,Target: win7\student,LogonType 10,LogonId: 0x13D6D2,,,,,False,C:\Users\BRIANNA\OneDrive\Documents\GitHub\NSSECU3_MP2\win7_files\Logs\Security.evtx,Audit success,0,"{""EventData"":{""Data"":[{""@Name"":""TargetUserSid"",""#text"":""S-1-5-21-2630035287-469658536-4158816484-1000""},{""@Name"":""TargetUserName"",""#text"":""student""},{""@Name"":""TargetDomainName"",""#text"":""win7""},{""@Name"":""TargetLogonId"",""#text"":""0x13D6D2""},{""@Name"":""LogonType"",""#text"":""10""}]}}"
18,18,2025-02-18 17:20:33.109726500+00:00,24,Info,Microsoft-Windows-TerminalServices-LocalSessionManager,Microsoft-Windows-TerminalServices-LocalSessionManager/Operational,476,2888,win7,0,S-1-5-18,Remote Desktop Services: Session has been disconnected,win7\student,10.2.200.7,Session ID: 1,,,,,,,False,C:\Users\BRIANNA\OneDrive\Documents\GitHub\NSSECU3_MP2\win7_files\Logs\Microsoft-Windows-TerminalServices-LocalSessionManager_4Operational.evtx,0x1000000000000000,0,"{""UserData"":{""EventXML"":{""User"":""win7\\student"",""SessionID"":""1"",""Address"":""10.2.200.7""}}}"
353,353,2025-02-18 17:20:40.453476500+00:00,4648,LogAlways,Microsoft-Windows-Security-Auditing,Security,468,2556,win7,3,,A logon was attempted using explicit credentials,WORKGROUP\WIN7$,127.0.0.1:0,Target: win7\student,TargetServerName: localhost,PID: 0x364,TargetInfo: localhost,,,C:\Windows\System32\winlogon.exe,False,C:\Users\BRIANNA\OneDrive\Documents\GitHub\NSSECU3_MP2\win7_files\Logs\Security.evtx,Audit success,0,"{""EventData"":{""Data"":[{""@Name"":""SubjectUserSid"",""#text"":""S-1-5-18""},{""@Name"":""SubjectUserName"",""#text"":""WIN7$""},{""@Name"":""SubjectDomainName"",""#text"":""WORKGROUP""},{""@Name"":""SubjectLogonId"",""#text"":""0x3E7""},{""@Name"":""LogonGuid"",""#text"":""00000000-0000-0000-0000-000000000000""},{""@Name"":""TargetUserName"",""#text"":""student""},{""@Name"":""TargetDomainName"",""#text"":""win7""},{""@Name"":""TargetLogonGuid"",""#text"":""00000000-0000-0000-0000-000000000000""},{""@Name"":""TargetServerName"",""#text"":""localhost""},{""@Name"":""TargetInfo"",""#text"":""localhost""},{""@Name"":""ProcessId"",""#text"":""0x364""},{""@Name"":""ProcessName"",""#text"":""C:\\Windows\\System32\\winlogon.exe""},{""@Name"":""IpAddress"",""#text"":""127.0.0.1""},{""@Name"":""IpPort"",""#text"":""0""}]}}"
354,354,2025-02-18 17:20:40.453476500+00:00,4624,LogAlways,Microsoft-Windows-Security-Auditing,Security,468,2556,win7,3,,Successful logon,WORKGROUP\WIN7$,WIN7 (127.0.0.1),Target: win7\student,LogonType 2,LogonId: 0x147E78,AuthenticationPackageName: Negotiate,LogonProcessName: User32 ,,C:\Windows\System32\winlogon.exe,False,C:\Users\BRIANNA\OneDrive\Documents\GitHub\NSSECU3_MP2\win7_files\Logs\Security.evtx,Audit success,0,"{""EventData"":{""Data"":[{""@Name"":""SubjectUserSid"",""#text"":""S-1-5-18""},{""@Name"":""SubjectUserName"",""#text"":""WIN7$""},{""@Name"":""SubjectDomainName"",""#text"":""WORKGROUP""},{""@Name"":""SubjectLogonId"",""#text"":""0x3E7""},{""@Name"":""TargetUserSid"",""#text"":""S-1-5-21-2630035287-469658536-4158816484-1000""},{""@Name"":""TargetUserName"",""#text"":""student""},{""@Name"":""TargetDomainName"",""#text"":""win7""},{""@Name"":""TargetLogonId"",""#text"":""0x147E78""},{""@Name"":""LogonType"",""#text"":""2""},{""@Name"":""LogonProcessName"",""#text"":""User32 ""},{""@Name"":""AuthenticationPackageName"",""#text"":""Negotiate""},{""@Name"":""WorkstationName"",""#text"":""WIN7""},{""@Name"":""LogonGuid"",""#text"":""00000000-0000-0000-0000-000000000000""},{""@Name"":""TransmittedServices"",""#text"":""-""},{""@Name"":""LmPackageName"",""#text"":""-""},{""@Name"":""KeyLength"",""#text"":""0""},{""@Name"":""ProcessId"",""#text"":""0x364""},{""@Name"":""ProcessName"",""#text"":""C:\\Windows\\System32\\winlogon.exe""},{""@Name"":""IpAddress"",""#text"":""127.0.0.1""},{""@Name"":""IpPort"",""#text"":""0""}]}}"
356,356,2025-02-18 17:20:40.453476500+00:00,4672,LogAlways,Microsoft-Windows-Security-Auditing,Security,468,2556,win7,3,,Administrative logon,win7\student (S-1-5-21-2630035287-469658536-4158816484-1000),,"PrivilegeList: SeSecurityPrivilege, SeTakeOwnershipPrivilege, SeLoadDriverPrivilege, SeBackupPrivilege, SeRestorePrivilege, SeDebugPrivilege, SeSystemEnvironmentPrivilege, SeImpersonatePrivilege",LogonId: 0x147E78,,,,,,False,C:\Users\BRIANNA\OneDrive\Documents\GitHub\NSSECU3_MP2\win7_files\Logs\Security.evtx,Audit success,0,"{""EventData"":{""Data"":[{""@Name"":""SubjectUserSid"",""#text"":""S-1-5-21-2630035287-469658536-4158816484-1000""},{""@Name"":""SubjectUserName"",""#text"":""student""},{""@Name"":""SubjectDomainName"",""#text"":""win7""},{""@Name"":""SubjectLogonId"",""#text"":""0x147E78""},{""@Name"":""PrivilegeList"",""#text"":""SeSecurityPrivilege, SeTakeOwnershipPrivilege, SeLoadDriverPrivilege, SeBackupPrivilege, SeRestorePrivilege, SeDebugPrivilege, SeSystemEnvironmentPrivilege, SeImpersonatePrivilege""}]}}"
355,355,2025-02-18 17:20:40.453476500+00:00,4624,LogAlways,Microsoft-Windows-Security-Auditing,Security,468,2556,win7,3,,Successful logon,WORKGROUP\WIN7$,WIN7 (127.0.0.1),Target: win7\student,LogonType 2,LogonId: 0x147E8C,AuthenticationPackageName: Negotiate,LogonProcessName: User32 ,,C:\Windows\System32\winlogon.exe,False,C:\Users\BRIANNA\OneDrive\Documents\GitHub\NSSECU3_MP2\win7_files\Logs\Security.evtx,Audit success,0,"{""EventData"":{""Data"":[{""@Name"":""SubjectUserSid"",""#text"":""S-1-5-18""},{""@Name"":""SubjectUserName"",""#text"":""WIN7$""},{""@Name"":""SubjectDomainName"",""#text"":""WORKGROUP""},{""@Name"":""SubjectLogonId"",""#text"":""0x3E7""},{""@Name"":""TargetUserSid"",""#text"":""S-1-5-21-2630035287-469658536-4158816484-1000""},{""@Name"":""TargetUserName"",""#text"":""student""},{""@Name"":""TargetDomainName"",""#text"":""win7""},{""@Name"":""TargetLogonId"",""#text"":""0x147E8C""},{""@Name"":""LogonType"",""#text"":""2""},{""@Name"":""LogonProcessName"",""#text"":""User32 ""},{""@Name"":""AuthenticationPackageName"",""#text"":""Negotiate""},{""@Name"":""WorkstationName"",""#text"":""WIN7""},{""@Name"":""LogonGuid"",""#text"":""00000000-0000-0000-0000-000000000000""},{""@Name"":""TransmittedServices"",""#text"":""-""},{""@Name"":""LmPackageName"",""#text"":""-""},{""@Name"":""KeyLength"",""#text"":""0""},{""@Name"":""ProcessId"",""#text"":""0x364""},{""@Name"":""ProcessName"",""#text"":""C:\\Windows\\System32\\winlogon.exe""},{""@Name"":""IpAddress"",""#text"":""127.0.0.1""},{""@Name"":""IpPort"",""#text"":""0""}]}}"
19,19,2025-02-18 17:20:42.453476500+00:00,25,Info,Microsoft-Windows-TerminalServices-LocalSessionManager,Microsoft-Windows-TerminalServices-LocalSessionManager/Operational,476,1980,win7,0,S-1-5-18,Remote Desktop Services: Session reconnection succeeded,win7\student,LOCAL,Session ID: 1,,,,,,,False,C:\Users\BRIANNA\OneDrive\Documents\GitHub\NSSECU3_MP2\win7_files\Logs\Microsoft-Windows-TerminalServices-LocalSessionManager_4Operational.evtx,0x1000000000000000,0,"{""UserData"":{""EventXML"":{""User"":""win7\\student"",""SessionID"":""1"",""Address"":""LOCAL""}}}"
358,358,2025-02-18 17:20:42.515976500+00:00,4634,LogAlways,Microsoft-Windows-Security-Auditing,Security,468,2556,win7,3,,An account was logged off,,,Target: win7\student,LogonType 2,LogonId: 0x147E78,,,,,False,C:\Users\BRIANNA\OneDrive\Documents\GitHub\NSSECU3_MP2\win7_files\Logs\Security.evtx,Audit success,0,"{""EventData"":{""Data"":[{""@Name"":""TargetUserSid"",""#text"":""S-1-5-21-2630035287-469658536-4158816484-1000""},{""@Name"":""TargetUserName"",""#text"":""student""},{""@Name"":""TargetDomainName"",""#text"":""win7""},{""@Name"":""TargetLogonId"",""#text"":""0x147E78""},{""@Name"":""LogonType"",""#text"":""2""}]}}"
357,357,2025-02-18 17:20:42.515976500+00:00,4634,LogAlways,Microsoft-Windows-Security-Auditing,Security,468,1440,win7,3,,An account was logged off,,,Target: win7\student,LogonType 2,LogonId: 0x147E8C,,,,,False,C:\Users\BRIANNA\OneDrive\Documents\GitHub\NSSECU3_MP2\win7_files\Logs\Security.evtx,Audit success,0,"{""EventData"":{""Data"":[{""@Name"":""TargetUserSid"",""#text"":""S-1-5-21-2630035287-469658536-4158816484-1000""},{""@Name"":""TargetUserName"",""#text"":""student""},{""@Name"":""TargetDomainName"",""#text"":""win7""},{""@Name"":""TargetLogonId"",""#text"":""0x147E8C""},{""@Name"":""LogonType"",""#text"":""2""}]}}"
359,359,2025-02-18 17:21:43.594101500+00:00,4624,LogAlways,Microsoft-Windows-Security-Auditing,Security,468,2224,win7,3,,Successful logon,WORKGROUP\WIN7$, (-),Target: NT AUTHORITY\SYSTEM,LogonType 5,LogonId: 0x3E7,AuthenticationPackageName: Negotiate,LogonProcessName: Advapi  ,,C:\Windows\System32\services.exe,False,C:\Users\BRIANNA\OneDrive\Documents\GitHub\NSSECU3_MP2\win7_files\Logs\Security.evtx,Audit success,0,"{""EventData"":{""Data"":[{""@Name"":""SubjectUserSid"",""#text"":""S-1-5-18""},{""@Name"":""SubjectUserName"",""#text"":""WIN7$""},{""@Name"":""SubjectDomainName"",""#text"":""WORKGROUP""},{""@Name"":""SubjectLogonId"",""#text"":""0x3E7""},{""@Name"":""TargetUserSid"",""#text"":""S-1-5-18""},{""@Name"":""TargetUserName"",""#text"":""SYSTEM""},{""@Name"":""TargetDomainName"",""#text"":""NT AUTHORITY""},{""@Name"":""TargetLogonId"",""#text"":""0x3E7""},{""@Name"":""LogonType"",""#text"":""5""},{""@Name"":""LogonProcessName"",""#text"":""Advapi  ""},{""@Name"":""AuthenticationPackageName"",""#text"":""Negotiate""},{""@Name"":""WorkstationName""},{""@Name"":""LogonGuid"",""#text"":""00000000-0000-0000-0000-000000000000""},{""@Name"":""TransmittedServices"",""#text"":""-""},{""@Name"":""LmPackageName"",""#text"":""-""},{""@Name"":""KeyLength"",""#text"":""0""},{""@Name"":""ProcessId"",""#text"":""0x1CC""},{""@Name"":""ProcessName"",""#text"":""C:\\Windows\\System32\\services.exe""},{""@Name"":""IpAddress"",""#text"":""-""},{""@Name"":""IpPort"",""#text"":""-""}]}}"
360,360,2025-02-18 17:21:43.594101500+00:00,4672,LogAlways,Microsoft-Windows-Security-Auditing,Security,468,2224,win7,3,,Administrative logon,NT AUTHORITY\SYSTEM (S-1-5-18),,"PrivilegeList: SeAssignPrimaryTokenPrivilege, SeTcbPrivilege, SeSecurityPrivilege, SeTakeOwnershipPrivilege, SeLoadDriverPrivilege, SeBackupPrivilege, SeRestorePrivilege, SeDebugPrivilege, SeAuditPrivilege, SeSystemEnvironmentPrivilege, SeImpersonatePrivilege",LogonId: 0x3E7,,,,,,False,C:\Users\BRIANNA\OneDrive\Documents\GitHub\NSSECU3_MP2\win7_files\Logs\Security.evtx,Audit success,0,"{""EventData"":{""Data"":[{""@Name"":""SubjectUserSid"",""#text"":""S-1-5-18""},{""@Name"":""SubjectUserName"",""#text"":""SYSTEM""},{""@Name"":""SubjectDomainName"",""#text"":""NT AUTHORITY""},{""@Name"":""SubjectLogonId"",""#text"":""0x3E7""},{""@Name"":""PrivilegeList"",""#text"":""SeAssignPrimaryTokenPrivilege, SeTcbPrivilege, SeSecurityPrivilege, SeTakeOwnershipPrivilege, SeLoadDriverPrivilege, SeBackupPrivilege, SeRestorePrivilege, SeDebugPrivilege, SeAuditPrivilege, SeSystemEnvironmentPrivilege, SeImpersonatePrivilege""}]}}"
942,942,2025-02-18 17:21:43.609726500+00:00,7036,Info,Service Control Manager,System,460,2252,win7,5,,Service started or stopped,,,Name: Windows Error Reporting Service | Windows Error Reporting Service,Status: running,,,,,,False,C:\Users\BRIANNA\OneDrive\Documents\GitHub\NSSECU3_MP2\win7_files\Logs\System.evtx,"Audit success, classic",0,"{""EventData"":{""Data"":[{""@Name"":""param1"",""#text"":""Windows Error Reporting Service""},{""@Name"":""param2"",""#text"":""running""}],""Binary"":""57-00-65-00-72-00-53-00-76-00-63-00-2F-00-34-00-00-00""}}"
943,943,2025-02-18 17:23:30.469101500+00:00,7036,Info,Service Control Manager,System,460,2600,win7,5,,Service started or stopped,,,Name: Windows Installer | Windows Installer,Status: stopped,,,,,,False,C:\Users\BRIANNA\OneDrive\Documents\GitHub\NSSECU3_MP2\win7_files\Logs\System.evtx,"Audit success, classic",0,"{""EventData"":{""Data"":[{""@Name"":""param1"",""#text"":""Windows Installer""},{""@Name"":""param2"",""#text"":""stopped""}],""Binary"":""6D-00-73-00-69-00-73-00-65-00-72-00-76-00-65-00-72-00-2F-00-31-00-00-00""}}"
944,944,2025-02-18 17:23:43.609726500+00:00,7036,Info,Service Control Manager,System,460,2600,win7,5,,Service started or stopped,,,Name: Windows Error Reporting Service | Windows Error Reporting Service,Status: stopped,,,,,,False,C:\Users\BRIANNA\OneDrive\Documents\GitHub\NSSECU3_MP2\win7_files\Logs\System.evtx,"Audit success, classic",0,"{""EventData"":{""Data"":[{""@Name"":""param1"",""#text"":""Windows Error Reporting Service""},{""@Name"":""param2"",""#text"":""stopped""}],""Binary"":""57-00-65-00-72-00-53-00-76-00-63-00-2F-00-31-00-00-00""}}"
945,945,2025-02-18 17:29:36.875351500+00:00,7036,Info,Service Control Manager,System,460,2700,win7,5,,Service started or stopped,,,Name: Application Experience | Application Experience,Status: stopped,,,,,,False,C:\Users\BRIANNA\OneDrive\Documents\GitHub\NSSECU3_MP2\win7_files\Logs\System.evtx,"Audit success, classic",0,"{""EventData"":{""Data"":[{""@Name"":""param1"",""#text"":""Application Experience""},{""@Name"":""param2"",""#text"":""stopped""}],""Binary"":""41-00-65-00-4C-00-6F-00-6F-00-6B-00-75-00-70-00-53-00-76-00-63-00-2F-00-31-00-00-00""}}"
946,946,2025-02-18 17:30:41.469101500+00:00,7036,Info,Service Control Manager,System,460,756,win7,5,,Service started or stopped,,,Name: WinHTTP Web Proxy Auto-Discovery Service | WinHTTP Web Proxy Auto-Discovery Service,Status: stopped,,,,,,False,C:\Users\BRIANNA\OneDrive\Documents\GitHub\NSSECU3_MP2\win7_files\Logs\System.evtx,"Audit success, classic",0,"{""EventData"":{""Data"":[{""@Name"":""param1"",""#text"":""WinHTTP Web Proxy Auto-Discovery Service""},{""@Name"":""param2"",""#text"":""stopped""}],""Binary"":""57-00-69-00-6E-00-48-00-74-00-74-00-70-00-41-00-75-00-74-00-6F-00-50-00-72-00-6F-00-78-00-79-00-53-00-76-00-63-00-2F-00-31-00-00-00""}}"
