95,95,2025-01-20 15:32:22.347406200+00:00,2005,Info,Microsoft-Windows-Windows Firewall With Advanced Security,Microsoft-Windows-Windows Firewall With Advanced Security/Firewall,984,1516,win7,1,S-1-5-19,A rule has been modified in the Windows Defender Firewall exception list,,LocalSubnet: *,: File and Printer Sharing (NB-Session-In),System,Direction: Inbound,Action: Allow,Protocol: TCP,,,False,C:\Users\BRIANNA\OneDrive\Documents\GitHub\NSSECU3_MP2\win7_files\Logs\Microsoft-Windows-Windows Firewall With Advanced Security_4Firewall.evtx,0x8000020000000000,0,"{""EventData"":{""Data"":[{""@Name"":""RuleId"",""#text"":""{EA9F3417-39F1-4A46-AD28-68354E63CEB6}""},{""@Name"":""RuleName"",""#text"":""File and Printer Sharing (NB-Session-In)""},{""@Name"":""Origin"",""#text"":""1""},{""@Name"":""ApplicationPath"",""#text"":""System""},{""@Name"":""ServiceName""},{""@Name"":""Direction"",""#text"":""1""},{""@Name"":""Protocol"",""#text"":""6""},{""@Name"":""LocalPorts"",""#text"":""139""},{""@Name"":""RemotePorts"",""#text"":""*""},{""@Name"":""Action"",""#text"":""3""},{""@Name"":""Profiles"",""#text"":""4""},{""@Name"":""LocalAddresses"",""#text"":""*""},{""@Name"":""RemoteAddresses"",""#text"":""LocalSubnet""},{""@Name"":""RemoteMachineAuthorizationList""},{""@Name"":""RemoteUserAuthorizationList""},{""@Name"":""EmbeddedContext"",""#text"":""@FirewallAPI.dll,-28502""},{""@Name"":""Flags"",""#text"":""1""},{""@Name"":""Active"",""#text"":""1""},{""@Name"":""EdgeTraversal"",""#text"":""0""},{""@Name"":""LooseSourceMapped"",""#text"":""0""},{""@Name"":""SecurityOptions"",""#text"":""0""},{""@Name"":""ModifyingUser"",""#text"":""S-1-5-21-2630035287-469658536-4158816484-1000""},{""@Name"":""ModifyingApplication"",""#text"":""C:\\Windows\\System32\\dllhost.exe""},{""@Name"":""SchemaVersion"",""#text"":""522""},{""@Name"":""RuleStatus"",""#text"":""65536""}]}}"
97,97,2025-01-20 15:32:22.347406200+00:00,2004,Info,Microsoft-Windows-Windows Firewall With Advanced Security,Microsoft-Windows-Windows Firewall With Advanced Security/Firewall,984,1516,win7,1,S-1-5-19,A rule has been added to the Windows Defender Firewall exception list,,LocalSubnet: 139,: File and Printer Sharing (NB-Session-Out),System,Direction: Outbound,Action: Allow,Protocol: TCP,,,False,C:\Users\BRIANNA\OneDrive\Documents\GitHub\NSSECU3_MP2\win7_files\Logs\Microsoft-Windows-Windows Firewall With Advanced Security_4Firewall.evtx,0x8000020000000000,0,"{""EventData"":{""Data"":[{""@Name"":""RuleId"",""#text"":""{AD258EC3-DA81-414F-B777-713DD328DCAD}""},{""@Name"":""RuleName"",""#text"":""File and Printer Sharing (NB-Session-Out)""},{""@Name"":""Origin"",""#text"":""1""},{""@Name"":""ApplicationPath"",""#text"":""System""},{""@Name"":""ServiceName""},{""@Name"":""Direction"",""#text"":""2""},{""@Name"":""Protocol"",""#text"":""6""},{""@Name"":""LocalPorts"",""#text"":""*""},{""@Name"":""RemotePorts"",""#text"":""139""},{""@Name"":""Action"",""#text"":""3""},{""@Name"":""Profiles"",""#text"":""4""},{""@Name"":""LocalAddresses"",""#text"":""*""},{""@Name"":""RemoteAddresses"",""#text"":""LocalSubnet""},{""@Name"":""RemoteMachineAuthorizationList""},{""@Name"":""RemoteUserAuthorizationList""},{""@Name"":""EmbeddedContext"",""#text"":""@FirewallAPI.dll,-28502""},{""@Name"":""Flags"",""#text"":""0""},{""@Name"":""Active"",""#text"":""0""},{""@Name"":""EdgeTraversal"",""#text"":""0""},{""@Name"":""LooseSourceMapped"",""#text"":""0""},{""@Name"":""SecurityOptions"",""#text"":""0""},{""@Name"":""ModifyingUser"",""#text"":""S-1-5-21-2630035287-469658536-4158816484-1000""},{""@Name"":""ModifyingApplication"",""#text"":""C:\\Windows\\System32\\dllhost.exe""},{""@Name"":""SchemaVersion"",""#text"":""522""},{""@Name"":""RuleStatus"",""#text"":""65536""}]}}"
93,93,2025-01-20 15:32:22.347406200+00:00,2005,Info,Microsoft-Windows-Windows Firewall With Advanced Security,Microsoft-Windows-Windows Firewall With Advanced Security/Firewall,984,1516,win7,1,S-1-5-19,A rule has been modified in the Windows Defender Firewall exception list,,LocalSubnet: *,: File and Printer Sharing (NB-Session-In),System,Direction: Inbound,Action: Allow,Protocol: TCP,,,False,C:\Users\BRIANNA\OneDrive\Documents\GitHub\NSSECU3_MP2\win7_files\Logs\Microsoft-Windows-Windows Firewall With Advanced Security_4Firewall.evtx,0x8000020000000000,0,"{""EventData"":{""Data"":[{""@Name"":""RuleId"",""#text"":""FPS-NB_Session-In-TCP""},{""@Name"":""RuleName"",""#text"":""File and Printer Sharing (NB-Session-In)""},{""@Name"":""Origin"",""#text"":""1""},{""@Name"":""ApplicationPath"",""#text"":""System""},{""@Name"":""ServiceName""},{""@Name"":""Direction"",""#text"":""1""},{""@Name"":""Protocol"",""#text"":""6""},{""@Name"":""LocalPorts"",""#text"":""139""},{""@Name"":""RemotePorts"",""#text"":""*""},{""@Name"":""Action"",""#text"":""3""},{""@Name"":""Profiles"",""#text"":""2""},{""@Name"":""LocalAddresses"",""#text"":""*""},{""@Name"":""RemoteAddresses"",""#text"":""LocalSubnet""},{""@Name"":""RemoteMachineAuthorizationList""},{""@Name"":""RemoteUserAuthorizationList""},{""@Name"":""EmbeddedContext"",""#text"":""@FirewallAPI.dll,-28502""},{""@Name"":""Flags"",""#text"":""0""},{""@Name"":""Active"",""#text"":""0""},{""@Name"":""EdgeTraversal"",""#text"":""0""},{""@Name"":""LooseSourceMapped"",""#text"":""0""},{""@Name"":""SecurityOptions"",""#text"":""0""},{""@Name"":""ModifyingUser"",""#text"":""S-1-5-21-2630035287-469658536-4158816484-1000""},{""@Name"":""ModifyingApplication"",""#text"":""C:\\Windows\\System32\\dllhost.exe""},{""@Name"":""SchemaVersion"",""#text"":""522""},{""@Name"":""RuleStatus"",""#text"":""65536""}]}}"
94,94,2025-01-20 15:32:22.347406200+00:00,2004,Info,Microsoft-Windows-Windows Firewall With Advanced Security,Microsoft-Windows-Windows Firewall With Advanced Security/Firewall,984,2716,win7,1,S-1-5-19,A rule has been added to the Windows Defender Firewall exception list,,LocalSubnet: *,: File and Printer Sharing (NB-Session-In),System,Direction: Inbound,Action: Allow,Protocol: TCP,,,False,C:\Users\BRIANNA\OneDrive\Documents\GitHub\NSSECU3_MP2\win7_files\Logs\Microsoft-Windows-Windows Firewall With Advanced Security_4Firewall.evtx,0x8000020000000000,0,"{""EventData"":{""Data"":[{""@Name"":""RuleId"",""#text"":""{EA9F3417-39F1-4A46-AD28-68354E63CEB6}""},{""@Name"":""RuleName"",""#text"":""File and Printer Sharing (NB-Session-In)""},{""@Name"":""Origin"",""#text"":""1""},{""@Name"":""ApplicationPath"",""#text"":""System""},{""@Name"":""ServiceName""},{""@Name"":""Direction"",""#text"":""1""},{""@Name"":""Protocol"",""#text"":""6""},{""@Name"":""LocalPorts"",""#text"":""139""},{""@Name"":""RemotePorts"",""#text"":""*""},{""@Name"":""Action"",""#text"":""3""},{""@Name"":""Profiles"",""#text"":""4""},{""@Name"":""LocalAddresses"",""#text"":""*""},{""@Name"":""RemoteAddresses"",""#text"":""LocalSubnet""},{""@Name"":""RemoteMachineAuthorizationList""},{""@Name"":""RemoteUserAuthorizationList""},{""@Name"":""EmbeddedContext"",""#text"":""@FirewallAPI.dll,-28502""},{""@Name"":""Flags"",""#text"":""0""},{""@Name"":""Active"",""#text"":""0""},{""@Name"":""EdgeTraversal"",""#text"":""0""},{""@Name"":""LooseSourceMapped"",""#text"":""0""},{""@Name"":""SecurityOptions"",""#text"":""0""},{""@Name"":""ModifyingUser"",""#text"":""S-1-5-21-2630035287-469658536-4158816484-1000""},{""@Name"":""ModifyingApplication"",""#text"":""C:\\Windows\\System32\\dllhost.exe""},{""@Name"":""SchemaVersion"",""#text"":""522""},{""@Name"":""RuleStatus"",""#text"":""65536""}]}}"
118,118,2025-01-20 15:32:22.363031200+00:00,2004,Info,Microsoft-Windows-Windows Firewall With Advanced Security,Microsoft-Windows-Windows Firewall With Advanced Security/Firewall,984,2644,win7,1,S-1-5-19,A rule has been added to the Windows Defender Firewall exception list,,LocalSubnet: *,Spooler: File and Printer Sharing (Spooler Service - RPC),C:\Windows\system32\spoolsv.exe,Direction: Inbound,Action: Allow,Protocol: TCP,,,False,C:\Users\BRIANNA\OneDrive\Documents\GitHub\NSSECU3_MP2\win7_files\Logs\Microsoft-Windows-Windows Firewall With Advanced Security_4Firewall.evtx,0x8000020000000000,0,"{""EventData"":{""Data"":[{""@Name"":""RuleId"",""#text"":""{E1C64D91-C79A-470F-A855-7B5CB128CC95}""},{""@Name"":""RuleName"",""#text"":""File and Printer Sharing (Spooler Service - RPC)""},{""@Name"":""Origin"",""#text"":""1""},{""@Name"":""ApplicationPath"",""#text"":""C:\\Windows\\system32\\spoolsv.exe""},{""@Name"":""ServiceName"",""#text"":""Spooler""},{""@Name"":""Direction"",""#text"":""1""},{""@Name"":""Protocol"",""#text"":""6""},{""@Name"":""LocalPorts"",""#text"":""RPC""},{""@Name"":""RemotePorts"",""#text"":""*""},{""@Name"":""Action"",""#text"":""3""},{""@Name"":""Profiles"",""#text"":""4""},{""@Name"":""LocalAddresses"",""#text"":""*""},{""@Name"":""RemoteAddresses"",""#text"":""LocalSubnet""},{""@Name"":""RemoteMachineAuthorizationList""},{""@Name"":""RemoteUserAuthorizationList""},{""@Name"":""EmbeddedContext"",""#text"":""@FirewallAPI.dll,-28502""},{""@Name"":""Flags"",""#text"":""0""},{""@Name"":""Active"",""#text"":""0""},{""@Name"":""EdgeTraversal"",""#text"":""0""},{""@Name"":""LooseSourceMapped"",""#text"":""0""},{""@Name"":""SecurityOptions"",""#text"":""0""},{""@Name"":""ModifyingUser"",""#text"":""S-1-5-21-2630035287-469658536-4158816484-1000""},{""@Name"":""ModifyingApplication"",""#text"":""C:\\Windows\\System32\\dllhost.exe""},{""@Name"":""SchemaVersion"",""#text"":""522""},{""@Name"":""RuleStatus"",""#text"":""65536""}]}}"
117,117,2025-01-20 15:32:22.363031200+00:00,2005,Info,Microsoft-Windows-Windows Firewall With Advanced Security,Microsoft-Windows-Windows Firewall With Advanced Security/Firewall,984,2644,win7,1,S-1-5-19,A rule has been modified in the Windows Defender Firewall exception list,,LocalSubnet: *,Spooler: File and Printer Sharing (Spooler Service - RPC),C:\Windows\system32\spoolsv.exe,Direction: Inbound,Action: Allow,Protocol: TCP,,,False,C:\Users\BRIANNA\OneDrive\Documents\GitHub\NSSECU3_MP2\win7_files\Logs\Microsoft-Windows-Windows Firewall With Advanced Security_4Firewall.evtx,0x8000020000000000,0,"{""EventData"":{""Data"":[{""@Name"":""RuleId"",""#text"":""FPS-SpoolSvc-In-TCP""},{""@Name"":""RuleName"",""#text"":""File and Printer Sharing (Spooler Service - RPC)""},{""@Name"":""Origin"",""#text"":""1""},{""@Name"":""ApplicationPath"",""#text"":""C:\\Windows\\system32\\spoolsv.exe""},{""@Name"":""ServiceName"",""#text"":""Spooler""},{""@Name"":""Direction"",""#text"":""1""},{""@Name"":""Protocol"",""#text"":""6""},{""@Name"":""LocalPorts"",""#text"":""RPC""},{""@Name"":""RemotePorts"",""#text"":""*""},{""@Name"":""Action"",""#text"":""3""},{""@Name"":""Profiles"",""#text"":""2""},{""@Name"":""LocalAddresses"",""#text"":""*""},{""@Name"":""RemoteAddresses"",""#text"":""LocalSubnet""},{""@Name"":""RemoteMachineAuthorizationList""},{""@Name"":""RemoteUserAuthorizationList""},{""@Name"":""EmbeddedContext"",""#text"":""@FirewallAPI.dll,-28502""},{""@Name"":""Flags"",""#text"":""0""},{""@Name"":""Active"",""#text"":""0""},{""@Name"":""EdgeTraversal"",""#text"":""0""},{""@Name"":""LooseSourceMapped"",""#text"":""0""},{""@Name"":""SecurityOptions"",""#text"":""0""},{""@Name"":""ModifyingUser"",""#text"":""S-1-5-21-2630035287-469658536-4158816484-1000""},{""@Name"":""ModifyingApplication"",""#text"":""C:\\Windows\\System32\\dllhost.exe""},{""@Name"":""SchemaVersion"",""#text"":""522""},{""@Name"":""RuleStatus"",""#text"":""65536""}]}}"
116,116,2025-01-20 15:32:22.363031200+00:00,2005,Info,Microsoft-Windows-Windows Firewall With Advanced Security,Microsoft-Windows-Windows Firewall With Advanced Security/Firewall,984,2644,win7,1,S-1-5-19,A rule has been modified in the Windows Defender Firewall exception list,,LocalSubnet: 138,: File and Printer Sharing (NB-Datagram-Out),System,Direction: Outbound,Action: Allow,Protocol: UDP,,,False,C:\Users\BRIANNA\OneDrive\Documents\GitHub\NSSECU3_MP2\win7_files\Logs\Microsoft-Windows-Windows Firewall With Advanced Security_4Firewall.evtx,0x8000020000000000,0,"{""EventData"":{""Data"":[{""@Name"":""RuleId"",""#text"":""{B1492A96-534A-4BFC-8474-D684EF47C685}""},{""@Name"":""RuleName"",""#text"":""File and Printer Sharing (NB-Datagram-Out)""},{""@Name"":""Origin"",""#text"":""1""},{""@Name"":""ApplicationPath"",""#text"":""System""},{""@Name"":""ServiceName""},{""@Name"":""Direction"",""#text"":""2""},{""@Name"":""Protocol"",""#text"":""17""},{""@Name"":""LocalPorts"",""#text"":""*""},{""@Name"":""RemotePorts"",""#text"":""138""},{""@Name"":""Action"",""#text"":""3""},{""@Name"":""Profiles"",""#text"":""4""},{""@Name"":""LocalAddresses"",""#text"":""*""},{""@Name"":""RemoteAddresses"",""#text"":""LocalSubnet""},{""@Name"":""RemoteMachineAuthorizationList""},{""@Name"":""RemoteUserAuthorizationList""},{""@Name"":""EmbeddedContext"",""#text"":""@FirewallAPI.dll,-28502""},{""@Name"":""Flags"",""#text"":""1""},{""@Name"":""Active"",""#text"":""1""},{""@Name"":""EdgeTraversal"",""#text"":""0""},{""@Name"":""LooseSourceMapped"",""#text"":""0""},{""@Name"":""SecurityOptions"",""#text"":""0""},{""@Name"":""ModifyingUser"",""#text"":""S-1-5-21-2630035287-469658536-4158816484-1000""},{""@Name"":""ModifyingApplication"",""#text"":""C:\\Windows\\System32\\dllhost.exe""},{""@Name"":""SchemaVersion"",""#text"":""522""},{""@Name"":""RuleStatus"",""#text"":""65536""}]}}"
115,115,2025-01-20 15:32:22.363031200+00:00,2004,Info,Microsoft-Windows-Windows Firewall With Advanced Security,Microsoft-Windows-Windows Firewall With Advanced Security/Firewall,984,2644,win7,1,S-1-5-19,A rule has been added to the Windows Defender Firewall exception list,,LocalSubnet: 138,: File and Printer Sharing (NB-Datagram-Out),System,Direction: Outbound,Action: Allow,Protocol: UDP,,,False,C:\Users\BRIANNA\OneDrive\Documents\GitHub\NSSECU3_MP2\win7_files\Logs\Microsoft-Windows-Windows Firewall With Advanced Security_4Firewall.evtx,0x8000020000000000,0,"{""EventData"":{""Data"":[{""@Name"":""RuleId"",""#text"":""{B1492A96-534A-4BFC-8474-D684EF47C685}""},{""@Name"":""RuleName"",""#text"":""File and Printer Sharing (NB-Datagram-Out)""},{""@Name"":""Origin"",""#text"":""1""},{""@Name"":""ApplicationPath"",""#text"":""System""},{""@Name"":""ServiceName""},{""@Name"":""Direction"",""#text"":""2""},{""@Name"":""Protocol"",""#text"":""17""},{""@Name"":""LocalPorts"",""#text"":""*""},{""@Name"":""RemotePorts"",""#text"":""138""},{""@Name"":""Action"",""#text"":""3""},{""@Name"":""Profiles"",""#text"":""4""},{""@Name"":""LocalAddresses"",""#text"":""*""},{""@Name"":""RemoteAddresses"",""#text"":""LocalSubnet""},{""@Name"":""RemoteMachineAuthorizationList""},{""@Name"":""RemoteUserAuthorizationList""},{""@Name"":""EmbeddedContext"",""#text"":""@FirewallAPI.dll,-28502""},{""@Name"":""Flags"",""#text"":""0""},{""@Name"":""Active"",""#text"":""0""},{""@Name"":""EdgeTraversal"",""#text"":""0""},{""@Name"":""LooseSourceMapped"",""#text"":""0""},{""@Name"":""SecurityOptions"",""#text"":""0""},{""@Name"":""ModifyingUser"",""#text"":""S-1-5-21-2630035287-469658536-4158816484-1000""},{""@Name"":""ModifyingApplication"",""#text"":""C:\\Windows\\System32\\dllhost.exe""},{""@Name"":""SchemaVersion"",""#text"":""522""},{""@Name"":""RuleStatus"",""#text"":""65536""}]}}"
114,114,2025-01-20 15:32:22.363031200+00:00,2005,Info,Microsoft-Windows-Windows Firewall With Advanced Security,Microsoft-Windows-Windows Firewall With Advanced Security/Firewall,984,2644,win7,1,S-1-5-19,A rule has been modified in the Windows Defender Firewall exception list,,LocalSubnet: 138,: File and Printer Sharing (NB-Datagram-Out),System,Direction: Outbound,Action: Allow,Protocol: UDP,,,False,C:\Users\BRIANNA\OneDrive\Documents\GitHub\NSSECU3_MP2\win7_files\Logs\Microsoft-Windows-Windows Firewall With Advanced Security_4Firewall.evtx,0x8000020000000000,0,"{""EventData"":{""Data"":[{""@Name"":""RuleId"",""#text"":""FPS-NB_Datagram-Out-UDP""},{""@Name"":""RuleName"",""#text"":""File and Printer Sharing (NB-Datagram-Out)""},{""@Name"":""Origin"",""#text"":""1""},{""@Name"":""ApplicationPath"",""#text"":""System""},{""@Name"":""ServiceName""},{""@Name"":""Direction"",""#text"":""2""},{""@Name"":""Protocol"",""#text"":""17""},{""@Name"":""LocalPorts"",""#text"":""*""},{""@Name"":""RemotePorts"",""#text"":""138""},{""@Name"":""Action"",""#text"":""3""},{""@Name"":""Profiles"",""#text"":""2""},{""@Name"":""LocalAddresses"",""#text"":""*""},{""@Name"":""RemoteAddresses"",""#text"":""LocalSubnet""},{""@Name"":""RemoteMachineAuthorizationList""},{""@Name"":""RemoteUserAuthorizationList""},{""@Name"":""EmbeddedContext"",""#text"":""@FirewallAPI.dll,-28502""},{""@Name"":""Flags"",""#text"":""0""},{""@Name"":""Active"",""#text"":""0""},{""@Name"":""EdgeTraversal"",""#text"":""0""},{""@Name"":""LooseSourceMapped"",""#text"":""0""},{""@Name"":""SecurityOptions"",""#text"":""0""},{""@Name"":""ModifyingUser"",""#text"":""S-1-5-21-2630035287-469658536-4158816484-1000""},{""@Name"":""ModifyingApplication"",""#text"":""C:\\Windows\\System32\\dllhost.exe""},{""@Name"":""SchemaVersion"",""#text"":""522""},{""@Name"":""RuleStatus"",""#text"":""65536""}]}}"
113,113,2025-01-20 15:32:22.363031200+00:00,2005,Info,Microsoft-Windows-Windows Firewall With Advanced Security,Microsoft-Windows-Windows Firewall With Advanced Security/Firewall,984,2644,win7,1,S-1-5-19,A rule has been modified in the Windows Defender Firewall exception list,,LocalSubnet: *,: File and Printer Sharing (NB-Datagram-In),System,Direction: Inbound,Action: Allow,Protocol: UDP,,,False,C:\Users\BRIANNA\OneDrive\Documents\GitHub\NSSECU3_MP2\win7_files\Logs\Microsoft-Windows-Windows Firewall With Advanced Security_4Firewall.evtx,0x8000020000000000,0,"{""EventData"":{""Data"":[{""@Name"":""RuleId"",""#text"":""{567B773F-E618-4D0B-9012-7D36C067F4B6}""},{""@Name"":""RuleName"",""#text"":""File and Printer Sharing (NB-Datagram-In)""},{""@Name"":""Origin"",""#text"":""1""},{""@Name"":""ApplicationPath"",""#text"":""System""},{""@Name"":""ServiceName""},{""@Name"":""Direction"",""#text"":""1""},{""@Name"":""Protocol"",""#text"":""17""},{""@Name"":""LocalPorts"",""#text"":""138""},{""@Name"":""RemotePorts"",""#text"":""*""},{""@Name"":""Action"",""#text"":""3""},{""@Name"":""Profiles"",""#text"":""4""},{""@Name"":""LocalAddresses"",""#text"":""*""},{""@Name"":""RemoteAddresses"",""#text"":""LocalSubnet""},{""@Name"":""RemoteMachineAuthorizationList""},{""@Name"":""RemoteUserAuthorizationList""},{""@Name"":""EmbeddedContext"",""#text"":""@FirewallAPI.dll,-28502""},{""@Name"":""Flags"",""#text"":""1""},{""@Name"":""Active"",""#text"":""1""},{""@Name"":""EdgeTraversal"",""#text"":""0""},{""@Name"":""LooseSourceMapped"",""#text"":""0""},{""@Name"":""SecurityOptions"",""#text"":""0""},{""@Name"":""ModifyingUser"",""#text"":""S-1-5-21-2630035287-469658536-4158816484-1000""},{""@Name"":""ModifyingApplication"",""#text"":""C:\\Windows\\System32\\dllhost.exe""},{""@Name"":""SchemaVersion"",""#text"":""522""},{""@Name"":""RuleStatus"",""#text"":""65536""}]}}"
112,112,2025-01-20 15:32:22.363031200+00:00,2004,Info,Microsoft-Windows-Windows Firewall With Advanced Security,Microsoft-Windows-Windows Firewall With Advanced Security/Firewall,984,2644,win7,1,S-1-5-19,A rule has been added to the Windows Defender Firewall exception list,,LocalSubnet: *,: File and Printer Sharing (NB-Datagram-In),System,Direction: Inbound,Action: Allow,Protocol: UDP,,,False,C:\Users\BRIANNA\OneDrive\Documents\GitHub\NSSECU3_MP2\win7_files\Logs\Microsoft-Windows-Windows Firewall With Advanced Security_4Firewall.evtx,0x8000020000000000,0,"{""EventData"":{""Data"":[{""@Name"":""RuleId"",""#text"":""{567B773F-E618-4D0B-9012-7D36C067F4B6}""},{""@Name"":""RuleName"",""#text"":""File and Printer Sharing (NB-Datagram-In)""},{""@Name"":""Origin"",""#text"":""1""},{""@Name"":""ApplicationPath"",""#text"":""System""},{""@Name"":""ServiceName""},{""@Name"":""Direction"",""#text"":""1""},{""@Name"":""Protocol"",""#text"":""17""},{""@Name"":""LocalPorts"",""#text"":""138""},{""@Name"":""RemotePorts"",""#text"":""*""},{""@Name"":""Action"",""#text"":""3""},{""@Name"":""Profiles"",""#text"":""4""},{""@Name"":""LocalAddresses"",""#text"":""*""},{""@Name"":""RemoteAddresses"",""#text"":""LocalSubnet""},{""@Name"":""RemoteMachineAuthorizationList""},{""@Name"":""RemoteUserAuthorizationList""},{""@Name"":""EmbeddedContext"",""#text"":""@FirewallAPI.dll,-28502""},{""@Name"":""Flags"",""#text"":""0""},{""@Name"":""Active"",""#text"":""0""},{""@Name"":""EdgeTraversal"",""#text"":""0""},{""@Name"":""LooseSourceMapped"",""#text"":""0""},{""@Name"":""SecurityOptions"",""#text"":""0""},{""@Name"":""ModifyingUser"",""#text"":""S-1-5-21-2630035287-469658536-4158816484-1000""},{""@Name"":""ModifyingApplication"",""#text"":""C:\\Windows\\System32\\dllhost.exe""},{""@Name"":""SchemaVersion"",""#text"":""522""},{""@Name"":""RuleStatus"",""#text"":""65536""}]}}"
110,110,2025-01-20 15:32:22.363031200+00:00,2005,Info,Microsoft-Windows-Windows Firewall With Advanced Security,Microsoft-Windows-Windows Firewall With Advanced Security/Firewall,984,2644,win7,1,S-1-5-19,A rule has been modified in the Windows Defender Firewall exception list,,LocalSubnet: 137,: File and Printer Sharing (NB-Name-Out),System,Direction: Outbound,Action: Allow,Protocol: UDP,,,False,C:\Users\BRIANNA\OneDrive\Documents\GitHub\NSSECU3_MP2\win7_files\Logs\Microsoft-Windows-Windows Firewall With Advanced Security_4Firewall.evtx,0x8000020000000000,0,"{""EventData"":{""Data"":[{""@Name"":""RuleId"",""#text"":""{B7EFD927-9676-46C2-AEDA-72D97D4A9033}""},{""@Name"":""RuleName"",""#text"":""File and Printer Sharing (NB-Name-Out)""},{""@Name"":""Origin"",""#text"":""1""},{""@Name"":""ApplicationPath"",""#text"":""System""},{""@Name"":""ServiceName""},{""@Name"":""Direction"",""#text"":""2""},{""@Name"":""Protocol"",""#text"":""17""},{""@Name"":""LocalPorts"",""#text"":""*""},{""@Name"":""RemotePorts"",""#text"":""137""},{""@Name"":""Action"",""#text"":""3""},{""@Name"":""Profiles"",""#text"":""4""},{""@Name"":""LocalAddresses"",""#text"":""*""},{""@Name"":""RemoteAddresses"",""#text"":""LocalSubnet""},{""@Name"":""RemoteMachineAuthorizationList""},{""@Name"":""RemoteUserAuthorizationList""},{""@Name"":""EmbeddedContext"",""#text"":""@FirewallAPI.dll,-28502""},{""@Name"":""Flags"",""#text"":""1""},{""@Name"":""Active"",""#text"":""1""},{""@Name"":""EdgeTraversal"",""#text"":""0""},{""@Name"":""LooseSourceMapped"",""#text"":""0""},{""@Name"":""SecurityOptions"",""#text"":""0""},{""@Name"":""ModifyingUser"",""#text"":""S-1-5-21-2630035287-469658536-4158816484-1000""},{""@Name"":""ModifyingApplication"",""#text"":""C:\\Windows\\System32\\dllhost.exe""},{""@Name"":""SchemaVersion"",""#text"":""522""},{""@Name"":""RuleStatus"",""#text"":""65536""}]}}"
109,109,2025-01-20 15:32:22.363031200+00:00,2004,Info,Microsoft-Windows-Windows Firewall With Advanced Security,Microsoft-Windows-Windows Firewall With Advanced Security/Firewall,984,1516,win7,1,S-1-5-19,A rule has been added to the Windows Defender Firewall exception list,,LocalSubnet: 137,: File and Printer Sharing (NB-Name-Out),System,Direction: Outbound,Action: Allow,Protocol: UDP,,,False,C:\Users\BRIANNA\OneDrive\Documents\GitHub\NSSECU3_MP2\win7_files\Logs\Microsoft-Windows-Windows Firewall With Advanced Security_4Firewall.evtx,0x8000020000000000,0,"{""EventData"":{""Data"":[{""@Name"":""RuleId"",""#text"":""{B7EFD927-9676-46C2-AEDA-72D97D4A9033}""},{""@Name"":""RuleName"",""#text"":""File and Printer Sharing (NB-Name-Out)""},{""@Name"":""Origin"",""#text"":""1""},{""@Name"":""ApplicationPath"",""#text"":""System""},{""@Name"":""ServiceName""},{""@Name"":""Direction"",""#text"":""2""},{""@Name"":""Protocol"",""#text"":""17""},{""@Name"":""LocalPorts"",""#text"":""*""},{""@Name"":""RemotePorts"",""#text"":""137""},{""@Name"":""Action"",""#text"":""3""},{""@Name"":""Profiles"",""#text"":""4""},{""@Name"":""LocalAddresses"",""#text"":""*""},{""@Name"":""RemoteAddresses"",""#text"":""LocalSubnet""},{""@Name"":""RemoteMachineAuthorizationList""},{""@Name"":""RemoteUserAuthorizationList""},{""@Name"":""EmbeddedContext"",""#text"":""@FirewallAPI.dll,-28502""},{""@Name"":""Flags"",""#text"":""0""},{""@Name"":""Active"",""#text"":""0""},{""@Name"":""EdgeTraversal"",""#text"":""0""},{""@Name"":""LooseSourceMapped"",""#text"":""0""},{""@Name"":""SecurityOptions"",""#text"":""0""},{""@Name"":""ModifyingUser"",""#text"":""S-1-5-21-2630035287-469658536-4158816484-1000""},{""@Name"":""ModifyingApplication"",""#text"":""C:\\Windows\\System32\\dllhost.exe""},{""@Name"":""SchemaVersion"",""#text"":""522""},{""@Name"":""RuleStatus"",""#text"":""65536""}]}}"
108,108,2025-01-20 15:32:22.363031200+00:00,2005,Info,Microsoft-Windows-Windows Firewall With Advanced Security,Microsoft-Windows-Windows Firewall With Advanced Security/Firewall,984,2644,win7,1,S-1-5-19,A rule has been modified in the Windows Defender Firewall exception list,,LocalSubnet: 137,: File and Printer Sharing (NB-Name-Out),System,Direction: Outbound,Action: Allow,Protocol: UDP,,,False,C:\Users\BRIANNA\OneDrive\Documents\GitHub\NSSECU3_MP2\win7_files\Logs\Microsoft-Windows-Windows Firewall With Advanced Security_4Firewall.evtx,0x8000020000000000,0,"{""EventData"":{""Data"":[{""@Name"":""RuleId"",""#text"":""FPS-NB_Name-Out-UDP""},{""@Name"":""RuleName"",""#text"":""File and Printer Sharing (NB-Name-Out)""},{""@Name"":""Origin"",""#text"":""1""},{""@Name"":""ApplicationPath"",""#text"":""System""},{""@Name"":""ServiceName""},{""@Name"":""Direction"",""#text"":""2""},{""@Name"":""Protocol"",""#text"":""17""},{""@Name"":""LocalPorts"",""#text"":""*""},{""@Name"":""RemotePorts"",""#text"":""137""},{""@Name"":""Action"",""#text"":""3""},{""@Name"":""Profiles"",""#text"":""2""},{""@Name"":""LocalAddresses"",""#text"":""*""},{""@Name"":""RemoteAddresses"",""#text"":""LocalSubnet""},{""@Name"":""RemoteMachineAuthorizationList""},{""@Name"":""RemoteUserAuthorizationList""},{""@Name"":""EmbeddedContext"",""#text"":""@FirewallAPI.dll,-28502""},{""@Name"":""Flags"",""#text"":""0""},{""@Name"":""Active"",""#text"":""0""},{""@Name"":""EdgeTraversal"",""#text"":""0""},{""@Name"":""LooseSourceMapped"",""#text"":""0""},{""@Name"":""SecurityOptions"",""#text"":""0""},{""@Name"":""ModifyingUser"",""#text"":""S-1-5-21-2630035287-469658536-4158816484-1000""},{""@Name"":""ModifyingApplication"",""#text"":""C:\\Windows\\System32\\dllhost.exe""},{""@Name"":""SchemaVersion"",""#text"":""522""},{""@Name"":""RuleStatus"",""#text"":""65536""}]}}"
111,111,2025-01-20 15:32:22.363031200+00:00,2005,Info,Microsoft-Windows-Windows Firewall With Advanced Security,Microsoft-Windows-Windows Firewall With Advanced Security/Firewall,984,2644,win7,1,S-1-5-19,A rule has been modified in the Windows Defender Firewall exception list,,LocalSubnet: *,: File and Printer Sharing (NB-Datagram-In),System,Direction: Inbound,Action: Allow,Protocol: UDP,,,False,C:\Users\BRIANNA\OneDrive\Documents\GitHub\NSSECU3_MP2\win7_files\Logs\Microsoft-Windows-Windows Firewall With Advanced Security_4Firewall.evtx,0x8000020000000000,0,"{""EventData"":{""Data"":[{""@Name"":""RuleId"",""#text"":""FPS-NB_Datagram-In-UDP""},{""@Name"":""RuleName"",""#text"":""File and Printer Sharing (NB-Datagram-In)""},{""@Name"":""Origin"",""#text"":""1""},{""@Name"":""ApplicationPath"",""#text"":""System""},{""@Name"":""ServiceName""},{""@Name"":""Direction"",""#text"":""1""},{""@Name"":""Protocol"",""#text"":""17""},{""@Name"":""LocalPorts"",""#text"":""138""},{""@Name"":""RemotePorts"",""#text"":""*""},{""@Name"":""Action"",""#text"":""3""},{""@Name"":""Profiles"",""#text"":""2""},{""@Name"":""LocalAddresses"",""#text"":""*""},{""@Name"":""RemoteAddresses"",""#text"":""LocalSubnet""},{""@Name"":""RemoteMachineAuthorizationList""},{""@Name"":""RemoteUserAuthorizationList""},{""@Name"":""EmbeddedContext"",""#text"":""@FirewallAPI.dll,-28502""},{""@Name"":""Flags"",""#text"":""0""},{""@Name"":""Active"",""#text"":""0""},{""@Name"":""EdgeTraversal"",""#text"":""0""},{""@Name"":""LooseSourceMapped"",""#text"":""0""},{""@Name"":""SecurityOptions"",""#text"":""0""},{""@Name"":""ModifyingUser"",""#text"":""S-1-5-21-2630035287-469658536-4158816484-1000""},{""@Name"":""ModifyingApplication"",""#text"":""C:\\Windows\\System32\\dllhost.exe""},{""@Name"":""SchemaVersion"",""#text"":""522""},{""@Name"":""RuleStatus"",""#text"":""65536""}]}}"
106,106,2025-01-20 15:32:22.363031200+00:00,2004,Info,Microsoft-Windows-Windows Firewall With Advanced Security,Microsoft-Windows-Windows Firewall With Advanced Security/Firewall,984,2644,win7,1,S-1-5-19,A rule has been added to the Windows Defender Firewall exception list,,LocalSubnet: *,: File and Printer Sharing (NB-Name-In),System,Direction: Inbound,Action: Allow,Protocol: UDP,,,False,C:\Users\BRIANNA\OneDrive\Documents\GitHub\NSSECU3_MP2\win7_files\Logs\Microsoft-Windows-Windows Firewall With Advanced Security_4Firewall.evtx,0x8000020000000000,0,"{""EventData"":{""Data"":[{""@Name"":""RuleId"",""#text"":""{08AE6D2D-E01E-4A2E-8856-BC95937C3488}""},{""@Name"":""RuleName"",""#text"":""File and Printer Sharing (NB-Name-In)""},{""@Name"":""Origin"",""#text"":""1""},{""@Name"":""ApplicationPath"",""#text"":""System""},{""@Name"":""ServiceName""},{""@Name"":""Direction"",""#text"":""1""},{""@Name"":""Protocol"",""#text"":""17""},{""@Name"":""LocalPorts"",""#text"":""137""},{""@Name"":""RemotePorts"",""#text"":""*""},{""@Name"":""Action"",""#text"":""3""},{""@Name"":""Profiles"",""#text"":""4""},{""@Name"":""LocalAddresses"",""#text"":""*""},{""@Name"":""RemoteAddresses"",""#text"":""LocalSubnet""},{""@Name"":""RemoteMachineAuthorizationList""},{""@Name"":""RemoteUserAuthorizationList""},{""@Name"":""EmbeddedContext"",""#text"":""@FirewallAPI.dll,-28502""},{""@Name"":""Flags"",""#text"":""0""},{""@Name"":""Active"",""#text"":""0""},{""@Name"":""EdgeTraversal"",""#text"":""0""},{""@Name"":""LooseSourceMapped"",""#text"":""0""},{""@Name"":""SecurityOptions"",""#text"":""0""},{""@Name"":""ModifyingUser"",""#text"":""S-1-5-21-2630035287-469658536-4158816484-1000""},{""@Name"":""ModifyingApplication"",""#text"":""C:\\Windows\\System32\\dllhost.exe""},{""@Name"":""SchemaVersion"",""#text"":""522""},{""@Name"":""RuleStatus"",""#text"":""65536""}]}}"
105,105,2025-01-20 15:32:22.363031200+00:00,2005,Info,Microsoft-Windows-Windows Firewall With Advanced Security,Microsoft-Windows-Windows Firewall With Advanced Security/Firewall,984,1516,win7,1,S-1-5-19,A rule has been modified in the Windows Defender Firewall exception list,,LocalSubnet: *,: File and Printer Sharing (NB-Name-In),System,Direction: Inbound,Action: Allow,Protocol: UDP,,,False,C:\Users\BRIANNA\OneDrive\Documents\GitHub\NSSECU3_MP2\win7_files\Logs\Microsoft-Windows-Windows Firewall With Advanced Security_4Firewall.evtx,0x8000020000000000,0,"{""EventData"":{""Data"":[{""@Name"":""RuleId"",""#text"":""FPS-NB_Name-In-UDP""},{""@Name"":""RuleName"",""#text"":""File and Printer Sharing (NB-Name-In)""},{""@Name"":""Origin"",""#text"":""1""},{""@Name"":""ApplicationPath"",""#text"":""System""},{""@Name"":""ServiceName""},{""@Name"":""Direction"",""#text"":""1""},{""@Name"":""Protocol"",""#text"":""17""},{""@Name"":""LocalPorts"",""#text"":""137""},{""@Name"":""RemotePorts"",""#text"":""*""},{""@Name"":""Action"",""#text"":""3""},{""@Name"":""Profiles"",""#text"":""2""},{""@Name"":""LocalAddresses"",""#text"":""*""},{""@Name"":""RemoteAddresses"",""#text"":""LocalSubnet""},{""@Name"":""RemoteMachineAuthorizationList""},{""@Name"":""RemoteUserAuthorizationList""},{""@Name"":""EmbeddedContext"",""#text"":""@FirewallAPI.dll,-28502""},{""@Name"":""Flags"",""#text"":""0""},{""@Name"":""Active"",""#text"":""0""},{""@Name"":""EdgeTraversal"",""#text"":""0""},{""@Name"":""LooseSourceMapped"",""#text"":""0""},{""@Name"":""SecurityOptions"",""#text"":""0""},{""@Name"":""ModifyingUser"",""#text"":""S-1-5-21-2630035287-469658536-4158816484-1000""},{""@Name"":""ModifyingApplication"",""#text"":""C:\\Windows\\System32\\dllhost.exe""},{""@Name"":""SchemaVersion"",""#text"":""522""},{""@Name"":""RuleStatus"",""#text"":""65536""}]}}"
104,104,2025-01-20 15:32:22.363031200+00:00,2005,Info,Microsoft-Windows-Windows Firewall With Advanced Security,Microsoft-Windows-Windows Firewall With Advanced Security/Firewall,984,2644,win7,1,S-1-5-19,A rule has been modified in the Windows Defender Firewall exception list,,LocalSubnet: 445,: File and Printer Sharing (SMB-Out),System,Direction: Outbound,Action: Allow,Protocol: TCP,,,False,C:\Users\BRIANNA\OneDrive\Documents\GitHub\NSSECU3_MP2\win7_files\Logs\Microsoft-Windows-Windows Firewall With Advanced Security_4Firewall.evtx,0x8000020000000000,0,"{""EventData"":{""Data"":[{""@Name"":""RuleId"",""#text"":""{5CAB9C1A-4211-430C-84E3-56A74A017AA2}""},{""@Name"":""RuleName"",""#text"":""File and Printer Sharing (SMB-Out)""},{""@Name"":""Origin"",""#text"":""1""},{""@Name"":""ApplicationPath"",""#text"":""System""},{""@Name"":""ServiceName""},{""@Name"":""Direction"",""#text"":""2""},{""@Name"":""Protocol"",""#text"":""6""},{""@Name"":""LocalPorts"",""#text"":""*""},{""@Name"":""RemotePorts"",""#text"":""445""},{""@Name"":""Action"",""#text"":""3""},{""@Name"":""Profiles"",""#text"":""4""},{""@Name"":""LocalAddresses"",""#text"":""*""},{""@Name"":""RemoteAddresses"",""#text"":""LocalSubnet""},{""@Name"":""RemoteMachineAuthorizationList""},{""@Name"":""RemoteUserAuthorizationList""},{""@Name"":""EmbeddedContext"",""#text"":""@FirewallAPI.dll,-28502""},{""@Name"":""Flags"",""#text"":""1""},{""@Name"":""Active"",""#text"":""1""},{""@Name"":""EdgeTraversal"",""#text"":""0""},{""@Name"":""LooseSourceMapped"",""#text"":""0""},{""@Name"":""SecurityOptions"",""#text"":""0""},{""@Name"":""ModifyingUser"",""#text"":""S-1-5-21-2630035287-469658536-4158816484-1000""},{""@Name"":""ModifyingApplication"",""#text"":""C:\\Windows\\System32\\dllhost.exe""},{""@Name"":""SchemaVersion"",""#text"":""522""},{""@Name"":""RuleStatus"",""#text"":""65536""}]}}"
103,103,2025-01-20 15:32:22.363031200+00:00,2004,Info,Microsoft-Windows-Windows Firewall With Advanced Security,Microsoft-Windows-Windows Firewall With Advanced Security/Firewall,984,1516,win7,1,S-1-5-19,A rule has been added to the Windows Defender Firewall exception list,,LocalSubnet: 445,: File and Printer Sharing (SMB-Out),System,Direction: Outbound,Action: Allow,Protocol: TCP,,,False,C:\Users\BRIANNA\OneDrive\Documents\GitHub\NSSECU3_MP2\win7_files\Logs\Microsoft-Windows-Windows Firewall With Advanced Security_4Firewall.evtx,0x8000020000000000,0,"{""EventData"":{""Data"":[{""@Name"":""RuleId"",""#text"":""{5CAB9C1A-4211-430C-84E3-56A74A017AA2}""},{""@Name"":""RuleName"",""#text"":""File and Printer Sharing (SMB-Out)""},{""@Name"":""Origin"",""#text"":""1""},{""@Name"":""ApplicationPath"",""#text"":""System""},{""@Name"":""ServiceName""},{""@Name"":""Direction"",""#text"":""2""},{""@Name"":""Protocol"",""#text"":""6""},{""@Name"":""LocalPorts"",""#text"":""*""},{""@Name"":""RemotePorts"",""#text"":""445""},{""@Name"":""Action"",""#text"":""3""},{""@Name"":""Profiles"",""#text"":""4""},{""@Name"":""LocalAddresses"",""#text"":""*""},{""@Name"":""RemoteAddresses"",""#text"":""LocalSubnet""},{""@Name"":""RemoteMachineAuthorizationList""},{""@Name"":""RemoteUserAuthorizationList""},{""@Name"":""EmbeddedContext"",""#text"":""@FirewallAPI.dll,-28502""},{""@Name"":""Flags"",""#text"":""0""},{""@Name"":""Active"",""#text"":""0""},{""@Name"":""EdgeTraversal"",""#text"":""0""},{""@Name"":""LooseSourceMapped"",""#text"":""0""},{""@Name"":""SecurityOptions"",""#text"":""0""},{""@Name"":""ModifyingUser"",""#text"":""S-1-5-21-2630035287-469658536-4158816484-1000""},{""@Name"":""ModifyingApplication"",""#text"":""C:\\Windows\\System32\\dllhost.exe""},{""@Name"":""SchemaVersion"",""#text"":""522""},{""@Name"":""RuleStatus"",""#text"":""65536""}]}}"
102,102,2025-01-20 15:32:22.363031200+00:00,2005,Info,Microsoft-Windows-Windows Firewall With Advanced Security,Microsoft-Windows-Windows Firewall With Advanced Security/Firewall,984,2644,win7,1,S-1-5-19,A rule has been modified in the Windows Defender Firewall exception list,,LocalSubnet: 445,: File and Printer Sharing (SMB-Out),System,Direction: Outbound,Action: Allow,Protocol: TCP,,,False,C:\Users\BRIANNA\OneDrive\Documents\GitHub\NSSECU3_MP2\win7_files\Logs\Microsoft-Windows-Windows Firewall With Advanced Security_4Firewall.evtx,0x8000020000000000,0,"{""EventData"":{""Data"":[{""@Name"":""RuleId"",""#text"":""FPS-SMB-Out-TCP""},{""@Name"":""RuleName"",""#text"":""File and Printer Sharing (SMB-Out)""},{""@Name"":""Origin"",""#text"":""1""},{""@Name"":""ApplicationPath"",""#text"":""System""},{""@Name"":""ServiceName""},{""@Name"":""Direction"",""#text"":""2""},{""@Name"":""Protocol"",""#text"":""6""},{""@Name"":""LocalPorts"",""#text"":""*""},{""@Name"":""RemotePorts"",""#text"":""445""},{""@Name"":""Action"",""#text"":""3""},{""@Name"":""Profiles"",""#text"":""2""},{""@Name"":""LocalAddresses"",""#text"":""*""},{""@Name"":""RemoteAddresses"",""#text"":""LocalSubnet""},{""@Name"":""RemoteMachineAuthorizationList""},{""@Name"":""RemoteUserAuthorizationList""},{""@Name"":""EmbeddedContext"",""#text"":""@FirewallAPI.dll,-28502""},{""@Name"":""Flags"",""#text"":""0""},{""@Name"":""Active"",""#text"":""0""},{""@Name"":""EdgeTraversal"",""#text"":""0""},{""@Name"":""LooseSourceMapped"",""#text"":""0""},{""@Name"":""SecurityOptions"",""#text"":""0""},{""@Name"":""ModifyingUser"",""#text"":""S-1-5-21-2630035287-469658536-4158816484-1000""},{""@Name"":""ModifyingApplication"",""#text"":""C:\\Windows\\System32\\dllhost.exe""},{""@Name"":""SchemaVersion"",""#text"":""522""},{""@Name"":""RuleStatus"",""#text"":""65536""}]}}"
101,101,2025-01-20 15:32:22.363031200+00:00,2005,Info,Microsoft-Windows-Windows Firewall With Advanced Security,Microsoft-Windows-Windows Firewall With Advanced Security/Firewall,984,1516,win7,1,S-1-5-19,A rule has been modified in the Windows Defender Firewall exception list,,LocalSubnet: *,: File and Printer Sharing (SMB-In),System,Direction: Inbound,Action: Allow,Protocol: TCP,,,False,C:\Users\BRIANNA\OneDrive\Documents\GitHub\NSSECU3_MP2\win7_files\Logs\Microsoft-Windows-Windows Firewall With Advanced Security_4Firewall.evtx,0x8000020000000000,0,"{""EventData"":{""Data"":[{""@Name"":""RuleId"",""#text"":""{42F733C9-DBF0-4555-968F-903DD80314F5}""},{""@Name"":""RuleName"",""#text"":""File and Printer Sharing (SMB-In)""},{""@Name"":""Origin"",""#text"":""1""},{""@Name"":""ApplicationPath"",""#text"":""System""},{""@Name"":""ServiceName""},{""@Name"":""Direction"",""#text"":""1""},{""@Name"":""Protocol"",""#text"":""6""},{""@Name"":""LocalPorts"",""#text"":""445""},{""@Name"":""RemotePorts"",""#text"":""*""},{""@Name"":""Action"",""#text"":""3""},{""@Name"":""Profiles"",""#text"":""4""},{""@Name"":""LocalAddresses"",""#text"":""*""},{""@Name"":""RemoteAddresses"",""#text"":""LocalSubnet""},{""@Name"":""RemoteMachineAuthorizationList""},{""@Name"":""RemoteUserAuthorizationList""},{""@Name"":""EmbeddedContext"",""#text"":""@FirewallAPI.dll,-28502""},{""@Name"":""Flags"",""#text"":""1""},{""@Name"":""Active"",""#text"":""1""},{""@Name"":""EdgeTraversal"",""#text"":""0""},{""@Name"":""LooseSourceMapped"",""#text"":""0""},{""@Name"":""SecurityOptions"",""#text"":""0""},{""@Name"":""ModifyingUser"",""#text"":""S-1-5-21-2630035287-469658536-4158816484-1000""},{""@Name"":""ModifyingApplication"",""#text"":""C:\\Windows\\System32\\dllhost.exe""},{""@Name"":""SchemaVersion"",""#text"":""522""},{""@Name"":""RuleStatus"",""#text"":""65536""}]}}"
100,100,2025-01-20 15:32:22.363031200+00:00,2004,Info,Microsoft-Windows-Windows Firewall With Advanced Security,Microsoft-Windows-Windows Firewall With Advanced Security/Firewall,984,1516,win7,1,S-1-5-19,A rule has been added to the Windows Defender Firewall exception list,,LocalSubnet: *,: File and Printer Sharing (SMB-In),System,Direction: Inbound,Action: Allow,Protocol: TCP,,,False,C:\Users\BRIANNA\OneDrive\Documents\GitHub\NSSECU3_MP2\win7_files\Logs\Microsoft-Windows-Windows Firewall With Advanced Security_4Firewall.evtx,0x8000020000000000,0,"{""EventData"":{""Data"":[{""@Name"":""RuleId"",""#text"":""{42F733C9-DBF0-4555-968F-903DD80314F5}""},{""@Name"":""RuleName"",""#text"":""File and Printer Sharing (SMB-In)""},{""@Name"":""Origin"",""#text"":""1""},{""@Name"":""ApplicationPath"",""#text"":""System""},{""@Name"":""ServiceName""},{""@Name"":""Direction"",""#text"":""1""},{""@Name"":""Protocol"",""#text"":""6""},{""@Name"":""LocalPorts"",""#text"":""445""},{""@Name"":""RemotePorts"",""#text"":""*""},{""@Name"":""Action"",""#text"":""3""},{""@Name"":""Profiles"",""#text"":""4""},{""@Name"":""LocalAddresses"",""#text"":""*""},{""@Name"":""RemoteAddresses"",""#text"":""LocalSubnet""},{""@Name"":""RemoteMachineAuthorizationList""},{""@Name"":""RemoteUserAuthorizationList""},{""@Name"":""EmbeddedContext"",""#text"":""@FirewallAPI.dll,-28502""},{""@Name"":""Flags"",""#text"":""0""},{""@Name"":""Active"",""#text"":""0""},{""@Name"":""EdgeTraversal"",""#text"":""0""},{""@Name"":""LooseSourceMapped"",""#text"":""0""},{""@Name"":""SecurityOptions"",""#text"":""0""},{""@Name"":""ModifyingUser"",""#text"":""S-1-5-21-2630035287-469658536-4158816484-1000""},{""@Name"":""ModifyingApplication"",""#text"":""C:\\Windows\\System32\\dllhost.exe""},{""@Name"":""SchemaVersion"",""#text"":""522""},{""@Name"":""RuleStatus"",""#text"":""65536""}]}}"
99,99,2025-01-20 15:32:22.363031200+00:00,2005,Info,Microsoft-Windows-Windows Firewall With Advanced Security,Microsoft-Windows-Windows Firewall With Advanced Security/Firewall,984,1516,win7,1,S-1-5-19,A rule has been modified in the Windows Defender Firewall exception list,,LocalSubnet: *,: File and Printer Sharing (SMB-In),System,Direction: Inbound,Action: Allow,Protocol: TCP,,,False,C:\Users\BRIANNA\OneDrive\Documents\GitHub\NSSECU3_MP2\win7_files\Logs\Microsoft-Windows-Windows Firewall With Advanced Security_4Firewall.evtx,0x8000020000000000,0,"{""EventData"":{""Data"":[{""@Name"":""RuleId"",""#text"":""FPS-SMB-In-TCP""},{""@Name"":""RuleName"",""#text"":""File and Printer Sharing (SMB-In)""},{""@Name"":""Origin"",""#text"":""1""},{""@Name"":""ApplicationPath"",""#text"":""System""},{""@Name"":""ServiceName""},{""@Name"":""Direction"",""#text"":""1""},{""@Name"":""Protocol"",""#text"":""6""},{""@Name"":""LocalPorts"",""#text"":""445""},{""@Name"":""RemotePorts"",""#text"":""*""},{""@Name"":""Action"",""#text"":""3""},{""@Name"":""Profiles"",""#text"":""2""},{""@Name"":""LocalAddresses"",""#text"":""*""},{""@Name"":""RemoteAddresses"",""#text"":""LocalSubnet""},{""@Name"":""RemoteMachineAuthorizationList""},{""@Name"":""RemoteUserAuthorizationList""},{""@Name"":""EmbeddedContext"",""#text"":""@FirewallAPI.dll,-28502""},{""@Name"":""Flags"",""#text"":""0""},{""@Name"":""Active"",""#text"":""0""},{""@Name"":""EdgeTraversal"",""#text"":""0""},{""@Name"":""LooseSourceMapped"",""#text"":""0""},{""@Name"":""SecurityOptions"",""#text"":""0""},{""@Name"":""ModifyingUser"",""#text"":""S-1-5-21-2630035287-469658536-4158816484-1000""},{""@Name"":""ModifyingApplication"",""#text"":""C:\\Windows\\System32\\dllhost.exe""},{""@Name"":""SchemaVersion"",""#text"":""522""},{""@Name"":""RuleStatus"",""#text"":""65536""}]}}"
107,107,2025-01-20 15:32:22.363031200+00:00,2005,Info,Microsoft-Windows-Windows Firewall With Advanced Security,Microsoft-Windows-Windows Firewall With Advanced Security/Firewall,984,1516,win7,1,S-1-5-19,A rule has been modified in the Windows Defender Firewall exception list,,LocalSubnet: *,: File and Printer Sharing (NB-Name-In),System,Direction: Inbound,Action: Allow,Protocol: UDP,,,False,C:\Users\BRIANNA\OneDrive\Documents\GitHub\NSSECU3_MP2\win7_files\Logs\Microsoft-Windows-Windows Firewall With Advanced Security_4Firewall.evtx,0x8000020000000000,0,"{""EventData"":{""Data"":[{""@Name"":""RuleId"",""#text"":""{08AE6D2D-E01E-4A2E-8856-BC95937C3488}""},{""@Name"":""RuleName"",""#text"":""File and Printer Sharing (NB-Name-In)""},{""@Name"":""Origin"",""#text"":""1""},{""@Name"":""ApplicationPath"",""#text"":""System""},{""@Name"":""ServiceName""},{""@Name"":""Direction"",""#text"":""1""},{""@Name"":""Protocol"",""#text"":""17""},{""@Name"":""LocalPorts"",""#text"":""137""},{""@Name"":""RemotePorts"",""#text"":""*""},{""@Name"":""Action"",""#text"":""3""},{""@Name"":""Profiles"",""#text"":""4""},{""@Name"":""LocalAddresses"",""#text"":""*""},{""@Name"":""RemoteAddresses"",""#text"":""LocalSubnet""},{""@Name"":""RemoteMachineAuthorizationList""},{""@Name"":""RemoteUserAuthorizationList""},{""@Name"":""EmbeddedContext"",""#text"":""@FirewallAPI.dll,-28502""},{""@Name"":""Flags"",""#text"":""1""},{""@Name"":""Active"",""#text"":""1""},{""@Name"":""EdgeTraversal"",""#text"":""0""},{""@Name"":""LooseSourceMapped"",""#text"":""0""},{""@Name"":""SecurityOptions"",""#text"":""0""},{""@Name"":""ModifyingUser"",""#text"":""S-1-5-21-2630035287-469658536-4158816484-1000""},{""@Name"":""ModifyingApplication"",""#text"":""C:\\Windows\\System32\\dllhost.exe""},{""@Name"":""SchemaVersion"",""#text"":""522""},{""@Name"":""RuleStatus"",""#text"":""65536""}]}}"
128,128,2025-01-20 15:32:22.378656200+00:00,2005,Info,Microsoft-Windows-Windows Firewall With Advanced Security,Microsoft-Windows-Windows Firewall With Advanced Security/Firewall,984,2644,win7,1,S-1-5-19,A rule has been modified in the Windows Defender Firewall exception list,,LocalSubnet: ,: File and Printer Sharing (Echo Request - ICMPv4-Out),,Direction: Outbound,Action: Allow,Protocol: Unknown code (1),,,False,C:\Users\BRIANNA\OneDrive\Documents\GitHub\NSSECU3_MP2\win7_files\Logs\Microsoft-Windows-Windows Firewall With Advanced Security_4Firewall.evtx,0x8000020000000000,0,"{""EventData"":{""Data"":[{""@Name"":""RuleId"",""#text"":""{F3DBB6CA-4DB8-4354-A5B9-FCC6F13DB002}""},{""@Name"":""RuleName"",""#text"":""File and Printer Sharing (Echo Request - ICMPv4-Out)""},{""@Name"":""Origin"",""#text"":""1""},{""@Name"":""ApplicationPath""},{""@Name"":""ServiceName""},{""@Name"":""Direction"",""#text"":""2""},{""@Name"":""Protocol"",""#text"":""1""},{""@Name"":""LocalPorts""},{""@Name"":""RemotePorts""},{""@Name"":""Action"",""#text"":""3""},{""@Name"":""Profiles"",""#text"":""4""},{""@Name"":""LocalAddresses"",""#text"":""*""},{""@Name"":""RemoteAddresses"",""#text"":""LocalSubnet""},{""@Name"":""RemoteMachineAuthorizationList""},{""@Name"":""RemoteUserAuthorizationList""},{""@Name"":""EmbeddedContext"",""#text"":""@FirewallAPI.dll,-28502""},{""@Name"":""Flags"",""#text"":""1""},{""@Name"":""Active"",""#text"":""1""},{""@Name"":""EdgeTraversal"",""#text"":""0""},{""@Name"":""LooseSourceMapped"",""#text"":""0""},{""@Name"":""SecurityOptions"",""#text"":""0""},{""@Name"":""ModifyingUser"",""#text"":""S-1-5-21-2630035287-469658536-4158816484-1000""},{""@Name"":""ModifyingApplication"",""#text"":""C:\\Windows\\System32\\dllhost.exe""},{""@Name"":""SchemaVersion"",""#text"":""522""},{""@Name"":""RuleStatus"",""#text"":""65536""}]}}"
129,129,2025-01-20 15:32:22.378656200+00:00,2005,Info,Microsoft-Windows-Windows Firewall With Advanced Security,Microsoft-Windows-Windows Firewall With Advanced Security/Firewall,984,2644,win7,1,S-1-5-19,A rule has been modified in the Windows Defender Firewall exception list,,LocalSubnet: ,: File and Printer Sharing (Echo Request - ICMPv6-In),,Direction: Inbound,Action: Allow,Protocol: Unknown code (58),,,False,C:\Users\BRIANNA\OneDrive\Documents\GitHub\NSSECU3_MP2\win7_files\Logs\Microsoft-Windows-Windows Firewall With Advanced Security_4Firewall.evtx,0x8000020000000000,0,"{""EventData"":{""Data"":[{""@Name"":""RuleId"",""#text"":""FPS-ICMP6-ERQ-In""},{""@Name"":""RuleName"",""#text"":""File and Printer Sharing (Echo Request - ICMPv6-In)""},{""@Name"":""Origin"",""#text"":""1""},{""@Name"":""ApplicationPath""},{""@Name"":""ServiceName""},{""@Name"":""Direction"",""#text"":""1""},{""@Name"":""Protocol"",""#text"":""58""},{""@Name"":""LocalPorts""},{""@Name"":""RemotePorts""},{""@Name"":""Action"",""#text"":""3""},{""@Name"":""Profiles"",""#text"":""2""},{""@Name"":""LocalAddresses"",""#text"":""*""},{""@Name"":""RemoteAddresses"",""#text"":""LocalSubnet""},{""@Name"":""RemoteMachineAuthorizationList""},{""@Name"":""RemoteUserAuthorizationList""},{""@Name"":""EmbeddedContext"",""#text"":""@FirewallAPI.dll,-28502""},{""@Name"":""Flags"",""#text"":""0""},{""@Name"":""Active"",""#text"":""0""},{""@Name"":""EdgeTraversal"",""#text"":""0""},{""@Name"":""LooseSourceMapped"",""#text"":""0""},{""@Name"":""SecurityOptions"",""#text"":""0""},{""@Name"":""ModifyingUser"",""#text"":""S-1-5-21-2630035287-469658536-4158816484-1000""},{""@Name"":""ModifyingApplication"",""#text"":""C:\\Windows\\System32\\dllhost.exe""},{""@Name"":""SchemaVersion"",""#text"":""522""},{""@Name"":""RuleStatus"",""#text"":""65536""}]}}"
