155,155,2025-02-03 14:56:31.187500+00:00,4001,Info,Microsoft-Windows-GroupPolicy,Microsoft-Windows-GroupPolicy/Operational,804,1624,win7,1,S-1-5-18,,,,,,,,,,,False,C:\Users\BRIANNA\OneDrive\Documents\GitHub\NSSECU3_MP2\win7_files\Logs\Microsoft-Windows-GroupPolicy_4Operational.evtx,0x4000000000000000,0,"{""EventData"":{""Data"":[{""@Name"":""PolicyActivityId"",""#text"":""335f5bd8-3f06-41cd-ba1e-c6ff1c0ba7da""},{""@Name"":""PrincipalSamName"",""#text"":""win7\\student""},{""@Name"":""IsMachine"",""#text"":""0""},{""@Name"":""IsDomainJoined"",""#text"":""False""},{""@Name"":""IsBackgroundProcessing"",""#text"":""False""},{""@Name"":""IsAsyncProcessing"",""#text"":""True""},{""@Name"":""IsServiceRestart"",""#text"":""False""},{""@Name"":""ReasonForSyncProcessing"",""#text"":""0""}]}}"
157,157,2025-02-03 14:56:31.187500+00:00,5312,Info,Microsoft-Windows-GroupPolicy,Microsoft-Windows-GroupPolicy/Operational,804,1624,win7,1,S-1-5-18,,,,,,,,,,,False,C:\Users\BRIANNA\OneDrive\Documents\GitHub\NSSECU3_MP2\win7_files\Logs\Microsoft-Windows-GroupPolicy_4Operational.evtx,0x4000000000000000,0,"{""EventData"":{""Data"":[{""@Name"":""DescriptionString"",""#text"":""None""},{""@Name"":""GPOInfoList""}]}}"
158,158,2025-02-03 14:56:31.187500+00:00,5313,Info,Microsoft-Windows-GroupPolicy,Microsoft-Windows-GroupPolicy/Operational,804,1624,win7,1,S-1-5-18,,,,,,,,,,,False,C:\Users\BRIANNA\OneDrive\Documents\GitHub\NSSECU3_MP2\win7_files\Logs\Microsoft-Windows-GroupPolicy_4Operational.evtx,0x4000000000000000,0,"{""EventData"":{""Data"":[{""@Name"":""DescriptionString"",""#text"":""Local Group Policy, Not Applied (Empty), ""},{""@Name"":""GPOInfoList"",""#text"":""&lt;GPO ID=\""Local Group Policy\""&gt;&lt;Name&gt;Local Group Policy&lt;/Name&gt;&lt;Version&gt;0&lt;/Version&gt;&lt;SOM&gt;Local&lt;/SOM&gt;&lt;FSPath&gt;C:\\Windows\\System32\\GroupPolicy\\User&lt;/FSPath&gt;&lt;Reason&gt;NOTAPPLIED-EMPTY&lt;/Reason&gt;&lt;/GPO&gt;""}]}}"
159,159,2025-02-03 14:56:31.187500+00:00,5320,Info,Microsoft-Windows-GroupPolicy,Microsoft-Windows-GroupPolicy/Operational,804,1624,win7,1,S-1-5-18,,,,,,,,,,,False,C:\Users\BRIANNA\OneDrive\Documents\GitHub\NSSECU3_MP2\win7_files\Logs\Microsoft-Windows-GroupPolicy_4Operational.evtx,0x4000000000000000,0,"{""EventData"":{""Data"":{""@Name"":""InfoDescription"",""#text"":""%%4161""}}}"
160,160,2025-02-03 14:56:31.187500+00:00,5320,Info,Microsoft-Windows-GroupPolicy,Microsoft-Windows-GroupPolicy/Operational,804,1624,win7,1,S-1-5-18,,,,,,,,,,,False,C:\Users\BRIANNA\OneDrive\Documents\GitHub\NSSECU3_MP2\win7_files\Logs\Microsoft-Windows-GroupPolicy_4Operational.evtx,0x4000000000000000,0,"{""EventData"":{""Data"":{""@Name"":""InfoDescription"",""#text"":""%%4163""}}}"
16,16,2025-02-03 14:56:31.187500+00:00,7,Info,Microsoft-Windows-OfflineFiles,Microsoft-Windows-OfflineFiles/Operational,780,964,win7,0,S-1-5-18,,,,,,,,,,,False,C:\Users\BRIANNA\OneDrive\Documents\GitHub\NSSECU3_MP2\win7_files\Logs\Microsoft-Windows-OfflineFiles_4Operational.evtx,0x4000000000000008,0,"{""UserData"":{""Info"":{""Account"":""win7\\student"",""Session"":""1""}}}"
161,161,2025-02-03 14:56:31.187500+00:00,5320,Info,Microsoft-Windows-GroupPolicy,Microsoft-Windows-GroupPolicy/Operational,804,1624,win7,1,S-1-5-18,,,,,,,,,,,False,C:\Users\BRIANNA\OneDrive\Documents\GitHub\NSSECU3_MP2\win7_files\Logs\Microsoft-Windows-GroupPolicy_4Operational.evtx,0x4000000000000000,0,"{""EventData"":{""Data"":{""@Name"":""InfoDescription"",""#text"":""%%4165""}}}"
162,162,2025-02-03 14:56:31.187500+00:00,8001,Info,Microsoft-Windows-GroupPolicy,Microsoft-Windows-GroupPolicy/Operational,804,1624,win7,1,S-1-5-18,,,,,,,,,,,False,C:\Users\BRIANNA\OneDrive\Documents\GitHub\NSSECU3_MP2\win7_files\Logs\Microsoft-Windows-GroupPolicy_4Operational.evtx,0x4000000000000000,0,"{""EventData"":{""Data"":[{""@Name"":""PolicyElaspedTimeInSeconds"",""#text"":""0""},{""@Name"":""ErrorCode"",""#text"":""0""},{""@Name"":""PrincipalSamName"",""#text"":""win7\\student""},{""@Name"":""IsMachine"",""#text"":""0""},{""@Name"":""IsConnectivityFailure"",""#text"":""False""}]}}"
163,163,2025-02-03 14:56:31.187500+00:00,5315,Info,Microsoft-Windows-GroupPolicy,Microsoft-Windows-GroupPolicy/Operational,804,1640,win7,1,S-1-5-18,,,,,,,,,,,False,C:\Users\BRIANNA\OneDrive\Documents\GitHub\NSSECU3_MP2\win7_files\Logs\Microsoft-Windows-GroupPolicy_4Operational.evtx,0x4000000000000000,0,"{""EventData"":{""Data"":[{""@Name"":""PrincipalSamName"",""#text"":""win7\\student""},{""@Name"":""NextPolicyApplicationTime"",""#text"":""117""},{""@Name"":""NextPolicyApplicationTimeUnit"",""#text"":""%%4100""}]}}"
30,30,2025-02-03 14:56:31.187500+00:00,2,Info,Microsoft-Windows-User Profiles Service,Microsoft-Windows-User Profile Service/Operational,804,1448,win7,0,S-1-5-21-2630035287-469658536-4158816484-1000,An account was logged on,,,Session: 1,,,,,,,False,C:\Users\BRIANNA\OneDrive\Documents\GitHub\NSSECU3_MP2\win7_files\Logs\Microsoft-Windows-User Profile Service_4Operational.evtx,0x4000000000000000,0,"{""EventData"":{""Data"":{""@Name"":""Session"",""#text"":""1""}}}"
14,14,2025-02-03 14:56:31.203125+00:00,21,Info,Microsoft-Windows-TerminalServices-LocalSessionManager,Microsoft-Windows-TerminalServices-LocalSessionManager/Operational,476,740,win7,0,S-1-5-18,Remote Desktop Services: Session logon succeeded,win7\student,LOCAL,Session ID: 1,,,,,,,False,C:\Users\BRIANNA\OneDrive\Documents\GitHub\NSSECU3_MP2\win7_files\Logs\Microsoft-Windows-TerminalServices-LocalSessionManager_4Operational.evtx,0x1000000000000000,0,"{""UserData"":{""EventXML"":{""User"":""win7\\student"",""SessionID"":""1"",""Address"":""LOCAL""}}}"
865,865,2025-02-03 14:56:31.828125+00:00,4321,Error,NetBT,System,0,0,win7,5,,,,,,,,,,,,False,C:\Users\BRIANNA\OneDrive\Documents\GitHub\NSSECU3_MP2\win7_files\Logs\System.evtx,0x80000000000000,0,"{""EventData"":{""Data"":""WIN7           :0, 10.2.200.247, 10.2.200.227"",""Binary"":""00-00-00-00-04-00-32-00-00-00-00-00-E1-10-00-C0-01-01-00-00-01-00-00-C0-01-00-00-00-00-00-00-00-00-00-00-00-00-00-00-00""}}"
439,439,2025-02-03 14:56:33+00:00,902,LogAlways,Microsoft-Windows-Security-SPP,Application,0,0,win7,3,,,,,,,,,,,,False,C:\Users\BRIANNA\OneDrive\Documents\GitHub\NSSECU3_MP2\win7_files\Logs\Application.evtx,0x80000000000000,0,"{""EventData"":{""Data"":""6.1.7601.17514"",""Binary"":""""}}"
438,438,2025-02-03 14:56:33+00:00,1003,Info,Microsoft-Windows-Security-SPP,Application,0,0,win7,3,,,,,,,,,,,,False,C:\Users\BRIANNA\OneDrive\Documents\GitHub\NSSECU3_MP2\win7_files\Logs\Application.evtx,0x80000000000000,0,"{""EventData"":{""Data"":""55c92734-d682-4d71-983e-d6ec3f16059f, \n1: 4de78642-0f7f-4b61-9392-8add86d70ae8, 1, 0 [(0 [0xC004F014, 0, 0], [(?)(?)(?)(?)(?)(?)])(1 )(2 )]\n2: 50e329f7-a5fa-46b2-85fd-f224e5da7764, 1, 0 [(0 [0xC004F014, 0, 0], [(?)(?)(?)(?)(?)(?)])(1 )(2 )]\n3: 5a79ecd8-d33f-406c-a619-7785899b5d59, 1, 0 [(0 [0xC004F014, 0, 0], [(?)(?)(?)(?)(?)(?)])(1 )(2 )]\n4: 770bc271-8dc1-467d-b574-73cbacbeccd1, 1, 0 [(0 [0xC004F014, 0, 0], [(?)(?)(?)(?)(?)(?)])(1 )(2 )]\n5: 90a61a0d-0b76-4bf1-a8b8-89061855a4c9, 1, 0 [(0 [0xC004F014, 0, 0], [(?)(?)(?)(?)(?)(?)])(1 )(2 )]\n6: 92f9d22a-65f5-49a7-90fe-06491b4fc379, 1, 0 [(0 [0xC004F014, 0, 0], [(?)(?)(?)(?)(?)(?)])(1 )(2 )]\n7: 9abf5984-9c16-46f2-ad1e-7fe15931a8dd, 1, 0 [(0 [0xC004F014, 0, 0], [(?)(?)(?)(?)(?)(?)])(1 )(2 )]\n8: 9ccffaf9-86a2-414e-b031-b2f777720e90, 1, 0 [(0 [0xC004F014, 0, 0], [(?)(?)(?)(?)(?)(?)])(1 )(2 )]\n9: b92e9980-b9d5-4821-9c94-140f632f6312, 1, 0 [(0 [0xC004F014, 0, 0], [(?)(?)(?)(?)(?)(?)])(1 )(2 )]\n10: c1027486-8ae8-4633-9cf9-9658ed80504d, 1, 0 [(0 [0xC004F014, 0, 0], [(?)(?)(?)(?)(?)(?)])(1 )(2 )]\n11: c1e88de3-96c4-4563-ad7d-775f65b1e670, 1, 0 [(0 [0xC004F014, 0, 0], [(?)(?)(?)(?)(?)(?)])(1 )(2 )]\n12: c33001fc-5e9c-4f27-8c05-e0154adb0db4, 1, 0 [(0 [0xC004F014, 0, 0], [(?)(?)(?)(?)(?)(?)])(1 )(2 )]\n13: cf3c5b35-35ff-4c95-9bbd-a188e47ad14c, 1, 0 [(0 [0xC004F014, 0, 0], [(?)(?)(?)(?)(?)(?)])(1 )(2 )]\n14: cff07cac-7534-4cc3-b3f3-99e1a0aa3c20, 1, 0 [(0 [0xC004F014, 0, 0], [(?)(?)(?)(?)(?)(?)])(1 )(2 )]\n15: d188820a-cb63-4bad-a9a2-40b843ee23b7, 1, 0 [(0 [0xC004F014, 0, 0], [(?)(?)(?)(?)(?)(?)])(1 )(2 )]\n16: d8e04254-f9a5-4729-ae86-886de6aa907c, 1, 0 [(0 [0xC004F014, 0, 0], [(?)(?)(?)(?)(?)(?)])(1 )(2 )]\n17: da22eadd-46dc-4056-a287-f5041c852470, 1, 0 [(0 [0xC004F014, 0, 0], [(?)(?)(?)(?)(?)(?)])(1 )(2 )]\n18: e120e868-3df2-464a-95a0-b52fa5ada4bf, 1, 0 [(0 [0xC004F014, 0, 0], [(?)(?)(?)(?)(?)(?)])(1 )(2 )]\n19: e838d943-63ed-4a0b-9fb1-47152908acc9, 1, 1 [(0 )(1 )(2 [0x00000000, 0, 0], [( 5 0xC004F009 30 0)( 5 0xC004F009 30 0)( 1 0x00000000 0 0 msft:rm/algorithm/flags/1.0 0x00000000 0)(?)(?)( 9 0x00000000 0xC004F009)])]\n20: 4a8149bb-7d61-49f4-8822-82c7bf88d64b, 1, 0 [(0 [0xC004F014, 0, 0], [(?)(?)(?)(?)(?)(?)])(1 )(2 )]\n21: afd5f68f-b70f-4000-a21d-28dbc8be8b07, 1, 0 [(0 [0xC004F014, 0, 0], [(?)(?)(?)(?)(?)(?)])(1 )(2 )]\n\n"",""Binary"":""""}}"
437,437,2025-02-03 14:56:33+00:00,1066,Info,Microsoft-Windows-Security-SPP,Application,0,0,win7,3,,,,,,,,,,,,False,C:\Users\BRIANNA\OneDrive\Documents\GitHub\NSSECU3_MP2\win7_files\Logs\Application.evtx,0x80000000000000,0,"{""EventData"":{""Data"":""C:\\Windows\\system32\\sppwinob.dll, msft:spp/windowsfunctionality/agent/7.0, 0x00000000, 0x00000000\nC:\\Windows\\system32\\sppobjs.dll, msft:rm/algorithm/phone/1.0, 0x00000000, 0x00000000\nC:\\Windows\\system32\\sppobjs.dll, msft:rm/algorithm/pkey/2005, 0x00000000, 0x00000000\nC:\\Windows\\system32\\sppobjs.dll, msft:spp/TaskScheduler/1.0, 0x00000000, 0x00000000\nC:\\Windows\\system32\\sppobjs.dll, msft:spp/volume/services/kms/1.0, 0x00000000, 0x00000000\nC:\\Windows\\system32\\sppobjs.dll, msft:spp/volume/services/kms/licenserenewal/1.0, 0x00000000, 0x00000000\n"",""Binary"":""""}}"
866,866,2025-02-03 14:56:33+00:00,7036,Info,Service Control Manager,System,460,524,win7,5,,Service started or stopped,,,Name: Software Protection | Software Protection,Status: running,,,,,,False,C:\Users\BRIANNA\OneDrive\Documents\GitHub\NSSECU3_MP2\win7_files\Logs\System.evtx,"Audit success, classic",0,"{""EventData"":{""Data"":[{""@Name"":""param1"",""#text"":""Software Protection""},{""@Name"":""param2"",""#text"":""running""}],""Binary"":""73-00-70-00-70-00-73-00-76-00-63-00-2F-00-34-00-00-00""}}"
436,436,2025-02-03 14:56:33+00:00,900,Info,Microsoft-Windows-Security-SPP,Application,0,0,win7,3,,,,,,,,,,,,False,C:\Users\BRIANNA\OneDrive\Documents\GitHub\NSSECU3_MP2\win7_files\Logs\Application.evtx,0x80000000000000,0,"{""EventData"":{""Data"":"""",""Binary"":""""}}"
867,867,2025-02-03 14:56:46.765625+00:00,7036,Info,Service Control Manager,System,460,532,win7,5,,Service started or stopped,,,Name: Application Information | Application Information,Status: running,,,,,,False,C:\Users\BRIANNA\OneDrive\Documents\GitHub\NSSECU3_MP2\win7_files\Logs\System.evtx,"Audit success, classic",0,"{""EventData"":{""Data"":[{""@Name"":""param1"",""#text"":""Application Information""},{""@Name"":""param2"",""#text"":""running""}],""Binary"":""41-00-70-00-70-00-69-00-6E-00-66-00-6F-00-2F-00-34-00-00-00""}}"
868,868,2025-02-03 14:56:55.015625+00:00,7036,Info,Service Control Manager,System,460,532,win7,5,,Service started or stopped,,,Name: Application Experience | Application Experience,Status: running,,,,,,False,C:\Users\BRIANNA\OneDrive\Documents\GitHub\NSSECU3_MP2\win7_files\Logs\System.evtx,"Audit success, classic",0,"{""EventData"":{""Data"":[{""@Name"":""param1"",""#text"":""Application Experience""},{""@Name"":""param2"",""#text"":""running""}],""Binary"":""41-00-65-00-4C-00-6F-00-6F-00-6B-00-75-00-70-00-53-00-76-00-63-00-2F-00-34-00-00-00""}}"
440,440,2025-02-03 14:57:51+00:00,10,Error,Microsoft-Windows-WMI,Application,0,0,win7,3,,,,,,,,,,,,False,C:\Users\BRIANNA\OneDrive\Documents\GitHub\NSSECU3_MP2\win7_files\Logs\Application.evtx,0x80000000000000,0,"{""EventData"":{""Data"":""//./root/CIMV2, SELECT * FROM __InstanceModificationEvent WITHIN 60 WHERE TargetInstance ISA \""Win32_Processor\"" AND TargetInstance.LoadPercentage &gt; 99, 0x80041003"",""Binary"":""""}}"
869,869,2025-02-03 14:58:25.500000+00:00,7036,Info,Service Control Manager,System,460,524,win7,5,,Service started or stopped,,,Name: Background Intelligent Transfer Service | Background Intelligent Transfer Service,Status: running,,,,,,False,C:\Users\BRIANNA\OneDrive\Documents\GitHub\NSSECU3_MP2\win7_files\Logs\System.evtx,"Audit success, classic",0,"{""EventData"":{""Data"":[{""@Name"":""param1"",""#text"":""Background Intelligent Transfer Service""},{""@Name"":""param2"",""#text"":""running""}],""Binary"":""42-00-49-00-54-00-53-00-2F-00-34-00-00-00""}}"
870,870,2025-02-03 14:58:26.250000+00:00,7036,Info,Service Control Manager,System,460,524,win7,5,,Service started or stopped,,,Name: SSDP Discovery | SSDP Discovery,Status: running,,,,,,False,C:\Users\BRIANNA\OneDrive\Documents\GitHub\NSSECU3_MP2\win7_files\Logs\System.evtx,"Audit success, classic",0,"{""EventData"":{""Data"":[{""@Name"":""param1"",""#text"":""SSDP Discovery""},{""@Name"":""param2"",""#text"":""running""}],""Binary"":""53-00-53-00-44-00-50-00-53-00-52-00-56-00-2F-00-34-00-00-00""}}"
871,871,2025-02-03 14:58:26.250000+00:00,7036,Info,Service Control Manager,System,460,524,win7,5,,Service started or stopped,,,Name: Windows Font Cache Service | Windows Font Cache Service,Status: running,,,,,,False,C:\Users\BRIANNA\OneDrive\Documents\GitHub\NSSECU3_MP2\win7_files\Logs\System.evtx,"Audit success, classic",296,"{""EventData"":{""Data"":[{""@Name"":""param1"",""#text"":""Windows Font Cache Service""},{""@Name"":""param2"",""#text"":""running""}],""Binary"":""46-00-6F-00-6E-00-74-00-43-00-61-00-63-00-68-00-65-00-2F-00-34-00-00-00""}}"
308,308,2025-02-03 14:58:26.343750+00:00,4624,LogAlways,Microsoft-Windows-Security-Auditing,Security,468,504,win7,3,,Successful logon,WORKGROUP\WIN7$, (-),Target: NT AUTHORITY\SYSTEM,LogonType 5,LogonId: 0x3E7,AuthenticationPackageName: Negotiate,LogonProcessName: Advapi  ,,C:\Windows\System32\services.exe,False,C:\Users\BRIANNA\OneDrive\Documents\GitHub\NSSECU3_MP2\win7_files\Logs\Security.evtx,Audit success,0,"{""EventData"":{""Data"":[{""@Name"":""SubjectUserSid"",""#text"":""S-1-5-18""},{""@Name"":""SubjectUserName"",""#text"":""WIN7$""},{""@Name"":""SubjectDomainName"",""#text"":""WORKGROUP""},{""@Name"":""SubjectLogonId"",""#text"":""0x3E7""},{""@Name"":""TargetUserSid"",""#text"":""S-1-5-18""},{""@Name"":""TargetUserName"",""#text"":""SYSTEM""},{""@Name"":""TargetDomainName"",""#text"":""NT AUTHORITY""},{""@Name"":""TargetLogonId"",""#text"":""0x3E7""},{""@Name"":""LogonType"",""#text"":""5""},{""@Name"":""LogonProcessName"",""#text"":""Advapi  ""},{""@Name"":""AuthenticationPackageName"",""#text"":""Negotiate""},{""@Name"":""WorkstationName""},{""@Name"":""LogonGuid"",""#text"":""00000000-0000-0000-0000-000000000000""},{""@Name"":""TransmittedServices"",""#text"":""-""},{""@Name"":""LmPackageName"",""#text"":""-""},{""@Name"":""KeyLength"",""#text"":""0""},{""@Name"":""ProcessId"",""#text"":""0x1CC""},{""@Name"":""ProcessName"",""#text"":""C:\\Windows\\System32\\services.exe""},{""@Name"":""IpAddress"",""#text"":""-""},{""@Name"":""IpPort"",""#text"":""-""}]}}"
309,309,2025-02-03 14:58:26.343750+00:00,4672,LogAlways,Microsoft-Windows-Security-Auditing,Security,468,504,win7,3,,Administrative logon,NT AUTHORITY\SYSTEM (S-1-5-18),,"PrivilegeList: SeAssignPrimaryTokenPrivilege, SeTcbPrivilege, SeSecurityPrivilege, SeTakeOwnershipPrivilege, SeLoadDriverPrivilege, SeBackupPrivilege, SeRestorePrivilege, SeDebugPrivilege, SeAuditPrivilege, SeSystemEnvironmentPrivilege, SeImpersonatePrivilege",LogonId: 0x3E7,,,,,,False,C:\Users\BRIANNA\OneDrive\Documents\GitHub\NSSECU3_MP2\win7_files\Logs\Security.evtx,Audit success,0,"{""EventData"":{""Data"":[{""@Name"":""SubjectUserSid"",""#text"":""S-1-5-18""},{""@Name"":""SubjectUserName"",""#text"":""SYSTEM""},{""@Name"":""SubjectDomainName"",""#text"":""NT AUTHORITY""},{""@Name"":""SubjectLogonId"",""#text"":""0x3E7""},{""@Name"":""PrivilegeList"",""#text"":""SeAssignPrimaryTokenPrivilege, SeTcbPrivilege, SeSecurityPrivilege, SeTakeOwnershipPrivilege, SeLoadDriverPrivilege, SeBackupPrivilege, SeRestorePrivilege, SeDebugPrivilege, SeAuditPrivilege, SeSystemEnvironmentPrivilege, SeImpersonatePrivilege""}]}}"
872,872,2025-02-03 14:58:26.593750+00:00,7036,Info,Service Control Manager,System,460,524,win7,5,,Service started or stopped,,,Name: Windows Defender | Windows Defender,Status: running,,,,,,False,C:\Users\BRIANNA\OneDrive\Documents\GitHub\NSSECU3_MP2\win7_files\Logs\System.evtx,"Audit success, classic",0,"{""EventData"":{""Data"":[{""@Name"":""param1"",""#text"":""Windows Defender""},{""@Name"":""param2"",""#text"":""running""}],""Binary"":""57-00-69-00-6E-00-44-00-65-00-66-00-65-00-6E-00-64-00-2F-00-34-00-00-00""}}"
7,7,2025-02-03 14:58:26.640625+00:00,306,Verbose,Microsoft-Windows-Bits-Client,Microsoft-Windows-Bits-Client/Operational,804,1684,win7,0,S-1-5-18,,,,,,,,,,,False,C:\Users\BRIANNA\OneDrive\Documents\GitHub\NSSECU3_MP2\win7_files\Logs\Microsoft-Windows-Bits-Client_4Operational.evtx,0x4000000000000000,0,"{""EventData"":""""}"
16,16,2025-02-03 14:58:26.937500+00:00,101,LogAlways,Microsoft-Windows-Windows Defender,Microsoft-Windows-Windows Defender/WHC,868,900,win7,0,S-1-5-18,,,,,,,,,,,False,C:\Users\BRIANNA\OneDrive\Documents\GitHub\NSSECU3_MP2\win7_files\Logs\Microsoft-Windows-Windows Defender_4WHC.evtx,0x4000000000000000,0,"{""EventData"":{""Data"":{""@Name"":""hc_stateid"",""#text"":""10""}}}"
441,441,2025-02-03 14:58:27+00:00,1,Info,SecurityCenter,Application,0,0,win7,3,,,,,,,,,,,,False,C:\Users\BRIANNA\OneDrive\Documents\GitHub\NSSECU3_MP2\win7_files\Logs\Application.evtx,0x80000000000000,0,"{""EventData"":{""Data"":"""",""Binary"":""""}}"
873,873,2025-02-03 14:58:27.031250+00:00,7036,Info,Service Control Manager,System,460,524,win7,5,,Service started or stopped,,,Name: Security Center | Security Center,Status: running,,,,,,False,C:\Users\BRIANNA\OneDrive\Documents\GitHub\NSSECU3_MP2\win7_files\Logs\System.evtx,"Audit success, classic",0,"{""EventData"":{""Data"":[{""@Name"":""param1"",""#text"":""Security Center""},{""@Name"":""param2"",""#text"":""running""}],""Binary"":""77-00-73-00-63-00-73-00-76-00-63-00-2F-00-34-00-00-00""}}"
311,311,2025-02-03 14:58:27.093750+00:00,4672,LogAlways,Microsoft-Windows-Security-Auditing,Security,468,528,win7,3,,Administrative logon,NT AUTHORITY\SYSTEM (S-1-5-18),,"PrivilegeList: SeAssignPrimaryTokenPrivilege, SeTcbPrivilege, SeSecurityPrivilege, SeTakeOwnershipPrivilege, SeLoadDriverPrivilege, SeBackupPrivilege, SeRestorePrivilege, SeDebugPrivilege, SeAuditPrivilege, SeSystemEnvironmentPrivilege, SeImpersonatePrivilege",LogonId: 0x3E7,,,,,,False,C:\Users\BRIANNA\OneDrive\Documents\GitHub\NSSECU3_MP2\win7_files\Logs\Security.evtx,Audit success,0,"{""EventData"":{""Data"":[{""@Name"":""SubjectUserSid"",""#text"":""S-1-5-18""},{""@Name"":""SubjectUserName"",""#text"":""SYSTEM""},{""@Name"":""SubjectDomainName"",""#text"":""NT AUTHORITY""},{""@Name"":""SubjectLogonId"",""#text"":""0x3E7""},{""@Name"":""PrivilegeList"",""#text"":""SeAssignPrimaryTokenPrivilege, SeTcbPrivilege, SeSecurityPrivilege, SeTakeOwnershipPrivilege, SeLoadDriverPrivilege, SeBackupPrivilege, SeRestorePrivilege, SeDebugPrivilege, SeAuditPrivilege, SeSystemEnvironmentPrivilege, SeImpersonatePrivilege""}]}}"
310,310,2025-02-03 14:58:27.093750+00:00,4624,LogAlways,Microsoft-Windows-Security-Auditing,Security,468,528,win7,3,,Successful logon,WORKGROUP\WIN7$, (-),Target: NT AUTHORITY\SYSTEM,LogonType 5,LogonId: 0x3E7,AuthenticationPackageName: Negotiate,LogonProcessName: Advapi  ,,C:\Windows\System32\services.exe,False,C:\Users\BRIANNA\OneDrive\Documents\GitHub\NSSECU3_MP2\win7_files\Logs\Security.evtx,Audit success,0,"{""EventData"":{""Data"":[{""@Name"":""SubjectUserSid"",""#text"":""S-1-5-18""},{""@Name"":""SubjectUserName"",""#text"":""WIN7$""},{""@Name"":""SubjectDomainName"",""#text"":""WORKGROUP""},{""@Name"":""SubjectLogonId"",""#text"":""0x3E7""},{""@Name"":""TargetUserSid"",""#text"":""S-1-5-18""},{""@Name"":""TargetUserName"",""#text"":""SYSTEM""},{""@Name"":""TargetDomainName"",""#text"":""NT AUTHORITY""},{""@Name"":""TargetLogonId"",""#text"":""0x3E7""},{""@Name"":""LogonType"",""#text"":""5""},{""@Name"":""LogonProcessName"",""#text"":""Advapi  ""},{""@Name"":""AuthenticationPackageName"",""#text"":""Negotiate""},{""@Name"":""WorkstationName""},{""@Name"":""LogonGuid"",""#text"":""00000000-0000-0000-0000-000000000000""},{""@Name"":""TransmittedServices"",""#text"":""-""},{""@Name"":""LmPackageName"",""#text"":""-""},{""@Name"":""KeyLength"",""#text"":""0""},{""@Name"":""ProcessId"",""#text"":""0x1CC""},{""@Name"":""ProcessName"",""#text"":""C:\\Windows\\System32\\services.exe""},{""@Name"":""IpAddress"",""#text"":""-""},{""@Name"":""IpPort"",""#text"":""-""}]}}"
442,442,2025-02-03 14:58:29+00:00,102,Info,ESENT,Application,0,0,win7,3,,,,,,,,,,,,False,C:\Users\BRIANNA\OneDrive\Documents\GitHub\NSSECU3_MP2\win7_files\Logs\Application.evtx,0x80000000000000,0,"{""EventData"":{""Data"":""Windows, 2036, Windows: , 0, 6, 01, 7601, 0000"",""Binary"":""""}}"
443,443,2025-02-03 14:58:29+00:00,300,Info,ESENT,Application,0,0,win7,3,,,,,,,,,,,,False,C:\Users\BRIANNA\OneDrive\Documents\GitHub\NSSECU3_MP2\win7_files\Logs\Application.evtx,0x80000000000000,0,"{""EventData"":{""Data"":""Windows, 2036, Windows: "",""Binary"":""""}}"
444,444,2025-02-03 14:58:29+00:00,301,Info,ESENT,Application,0,0,win7,3,,,,,,,,,,,,False,C:\Users\BRIANNA\OneDrive\Documents\GitHub\NSSECU3_MP2\win7_files\Logs\Application.evtx,0x80000000000000,0,"{""EventData"":{""Data"":""Windows, 2036, Windows: , C:\\ProgramData\\Microsoft\\Search\\Data\\Applications\\Windows\\MSS.log"",""Binary"":""""}}"
445,445,2025-02-03 14:58:30+00:00,302,Info,ESENT,Application,0,0,win7,3,,,,,,,,,,,,False,C:\Users\BRIANNA\OneDrive\Documents\GitHub\NSSECU3_MP2\win7_files\Logs\Application.evtx,0x80000000000000,0,"{""EventData"":{""Data"":""Windows, 2036, Windows: "",""Binary"":""""}}"
448,448,2025-02-03 14:58:31+00:00,6000,Info,Microsoft-Windows-Winlogon,Application,0,0,win7,3,,,,,,,,,,,,False,C:\Users\BRIANNA\OneDrive\Documents\GitHub\NSSECU3_MP2\win7_files\Logs\Application.evtx,0x80000000000000,0,"{""EventData"":{""Data"":""SessionEnv"",""Binary"":""D9-06-00-00""}}"
449,449,2025-02-03 14:58:31+00:00,9007,Info,Desktop Window Manager,Application,0,0,win7,3,,,,,,,,,,,,False,C:\Users\BRIANNA\OneDrive\Documents\GitHub\NSSECU3_MP2\win7_files\Logs\Application.evtx,0x80000000000000,0,"{""EventData"":{""Data"":"""",""Binary"":""""}}"
447,447,2025-02-03 14:58:31+00:00,4104,Info,Microsoft-Windows-Winlogon,Application,0,0,win7,3,,,,,,,,,,,,False,C:\Users\BRIANNA\OneDrive\Documents\GitHub\NSSECU3_MP2\win7_files\Logs\Application.evtx,0x80000000000000,0,"{""EventData"":{""Data"":""0x00000000, 0x00000000"",""Binary"":""""}}"
446,446,2025-02-03 14:58:31+00:00,1003,Info,Microsoft-Windows-Search,Application,0,0,win7,3,,,,,,,,,,,,False,C:\Users\BRIANNA\OneDrive\Documents\GitHub\NSSECU3_MP2\win7_files\Logs\Application.evtx,0x80000000000000,0,"{""EventData"":{""Data"":{""@Name"":""ExtraInfo"",""#text"":"", ""}}}"
874,874,2025-02-03 14:58:31.093750+00:00,7036,Info,Service Control Manager,System,460,1832,win7,5,,Service started or stopped,,,Name: Windows Search | Windows Search,Status: running,,,,,,False,C:\Users\BRIANNA\OneDrive\Documents\GitHub\NSSECU3_MP2\win7_files\Logs\System.evtx,"Audit success, classic",0,"{""EventData"":{""Data"":[{""@Name"":""param1"",""#text"":""Windows Search""},{""@Name"":""param2"",""#text"":""running""}],""Binary"":""57-00-53-00-65-00-61-00-72-00-63-00-68-00-2F-00-34-00-00-00""}}"
875,875,2025-02-03 14:58:31.218750+00:00,7036,Info,Service Control Manager,System,460,1832,win7,5,,Service started or stopped,,,Name: Portable Device Enumerator Service | Portable Device Enumerator Service,Status: stopped,,,,,,False,C:\Users\BRIANNA\OneDrive\Documents\GitHub\NSSECU3_MP2\win7_files\Logs\System.evtx,"Audit success, classic",0,"{""EventData"":{""Data"":[{""@Name"":""param1"",""#text"":""Portable Device Enumerator Service""},{""@Name"":""param2"",""#text"":""stopped""}],""Binary"":""57-00-50-00-44-00-42-00-75-00-73-00-45-00-6E-00-75-00-6D-00-2F-00-31-00-00-00""}}"
164,164,2025-02-03 14:58:31.390625+00:00,5324,Info,Microsoft-Windows-GroupPolicy,Microsoft-Windows-GroupPolicy/Operational,804,1472,win7,1,S-1-5-18,,,,,,,,,,,False,C:\Users\BRIANNA\OneDrive\Documents\GitHub\NSSECU3_MP2\win7_files\Logs\Microsoft-Windows-GroupPolicy_4Operational.evtx,0x4000000000000000,0,"{""EventData"":{""Data"":[{""@Name"":""NotificationType"",""#text"":""3""},{""@Name"":""SessionId"",""#text"":""1""}]}}"
15,15,2025-02-03 14:58:31.390625+00:00,22,Info,Microsoft-Windows-TerminalServices-LocalSessionManager,Microsoft-Windows-TerminalServices-LocalSessionManager/Operational,476,608,win7,0,S-1-5-18,Remote Desktop Services: Shell start notification received,win7\student,LOCAL,,,,,,,,False,C:\Users\BRIANNA\OneDrive\Documents\GitHub\NSSECU3_MP2\win7_files\Logs\Microsoft-Windows-TerminalServices-LocalSessionManager_4Operational.evtx,0x1000000000000000,0,"{""UserData"":{""EventXML"":{""User"":""win7\\student"",""SessionID"":""1"",""Address"":""LOCAL""}}}"
876,876,2025-02-03 14:58:32.671875+00:00,7036,Info,Service Control Manager,System,460,1832,win7,5,,Service started or stopped,,,Name: Shell Hardware Detection | Shell Hardware Detection,Status: stopped,,,,,,False,C:\Users\BRIANNA\OneDrive\Documents\GitHub\NSSECU3_MP2\win7_files\Logs\System.evtx,"Audit success, classic",0,"{""EventData"":{""Data"":[{""@Name"":""param1"",""#text"":""Shell Hardware Detection""},{""@Name"":""param2"",""#text"":""stopped""}],""Binary"":""53-00-68-00-65-00-6C-00-6C-00-48-00-57-00-44-00-65-00-74-00-65-00-63-00-74-00-69-00-6F-00-6E-00-2F-00-31-00-00-00""}}"
877,877,2025-02-03 14:58:32.937500+00:00,7036,Info,Service Control Manager,System,460,532,win7,5,,Service started or stopped,,,Name: Shell Hardware Detection | Shell Hardware Detection,Status: running,,,,,,False,C:\Users\BRIANNA\OneDrive\Documents\GitHub\NSSECU3_MP2\win7_files\Logs\System.evtx,"Audit success, classic",0,"{""EventData"":{""Data"":[{""@Name"":""param1"",""#text"":""Shell Hardware Detection""},{""@Name"":""param2"",""#text"":""running""}],""Binary"":""53-00-68-00-65-00-6C-00-6C-00-48-00-57-00-44-00-65-00-74-00-65-00-63-00-74-00-69-00-6F-00-6E-00-2F-00-34-00-00-00""}}"
878,878,2025-02-03 14:58:35.531250+00:00,7036,Info,Service Control Manager,System,460,532,win7,5,,Service started or stopped,,,Name: Windows Update | Windows Update,Status: running,,,,,,False,C:\Users\BRIANNA\OneDrive\Documents\GitHub\NSSECU3_MP2\win7_files\Logs\System.evtx,"Audit success, classic",0,"{""EventData"":{""Data"":[{""@Name"":""param1"",""#text"":""Windows Update""},{""@Name"":""param2"",""#text"":""running""}],""Binary"":""77-00-75-00-61-00-75-00-73-00-65-00-72-00-76-00-2F-00-34-00-00-00""}}"
17,17,2025-02-03 14:58:36.156250+00:00,101,LogAlways,Microsoft-Windows-Windows Defender,Microsoft-Windows-Windows Defender/WHC,868,864,win7,0,S-1-5-18,,,,,,,,,,,False,C:\Users\BRIANNA\OneDrive\Documents\GitHub\NSSECU3_MP2\win7_files\Logs\Microsoft-Windows-Windows Defender_4WHC.evtx,0x4000000000000000,0,"{""EventData"":{""Data"":{""@Name"":""hc_stateid"",""#text"":""10""}}}"
879,879,2025-02-03 14:58:40.109375+00:00,7036,Info,Service Control Manager,System,460,1300,win7,5,,Service started or stopped,,,Name: Network Connections | Network Connections,Status: running,,,,,,False,C:\Users\BRIANNA\OneDrive\Documents\GitHub\NSSECU3_MP2\win7_files\Logs\System.evtx,"Audit success, classic",0,"{""EventData"":{""Data"":[{""@Name"":""param1"",""#text"":""Network Connections""},{""@Name"":""param2"",""#text"":""running""}],""Binary"":""4E-00-65-00-74-00-6D-00-61-00-6E-00-2F-00-34-00-00-00""}}"
23,23,2025-02-03 14:59:26.453125+00:00,30,Info,Microsoft-Windows-WindowsUpdateClient,Microsoft-Windows-WindowsUpdateClient/Operational,804,1228,win7,0,S-1-5-18,,,,,,,,,,,False,C:\Users\BRIANNA\OneDrive\Documents\GitHub\NSSECU3_MP2\win7_files\Logs\Microsoft-Windows-WindowsUpdateClient_4Operational.evtx,0x4000000000000001,0,"{""EventData"":""""}"
22,22,2025-02-03 14:59:26.453125+00:00,42,Info,Microsoft-Windows-WindowsUpdateClient,Microsoft-Windows-WindowsUpdateClient/Operational,804,1228,win7,0,S-1-5-18,,,,,,,,,,,False,C:\Users\BRIANNA\OneDrive\Documents\GitHub\NSSECU3_MP2\win7_files\Logs\Microsoft-Windows-WindowsUpdateClient_4Operational.evtx,0x4000000000000480,0,"{""EventData"":{""Data"":[{""@Name"":""hc_stateid"",""#text"":""0""},{""@Name"":""restartDate""},{""@Name"":""restartTime""}]}}"
21,21,2025-02-03 14:59:26.453125+00:00,42,Info,Microsoft-Windows-WindowsUpdateClient,Microsoft-Windows-WindowsUpdateClient/Operational,804,1228,win7,0,S-1-5-18,,,,,,,,,,,False,C:\Users\BRIANNA\OneDrive\Documents\GitHub\NSSECU3_MP2\win7_files\Logs\Microsoft-Windows-WindowsUpdateClient_4Operational.evtx,0x4000000000000480,0,"{""EventData"":{""Data"":[{""@Name"":""hc_stateid"",""#text"":""0""},{""@Name"":""restartDate""},{""@Name"":""restartTime""}]}}"
29,29,2025-02-03 15:00:02.750000+00:00,100,Info,Microsoft-Windows-Diagnosis-DPS,Microsoft-Windows-Diagnosis-DPS/Operational,996,1876,win7,0,S-1-5-19,,,,,,,,,,,False,C:\Users\BRIANNA\OneDrive\Documents\GitHub\NSSECU3_MP2\win7_files\Logs\Microsoft-Windows-Diagnosis-DPS_4Operational.evtx,0x4000000800000000,0,"{""EventData"":{""Data"":[{""@Name"":""ScenarioId"",""#text"":""86432a0b-3c7d-4ddf-a89c-172faa90485d""},{""@Name"":""InstanceId"",""#text"":""5f2b482d-63f9-4d2f-9ac0-c60f4cd7ef89""},{""@Name"":""OriginalActivityId"",""#text"":""86432a0b-3c7d-4ddf-a89c-172faa90485d""},{""@Name"":""DiagnosticModuleImageName"",""#text"":""%SystemRoot%\\system32\\diagperf.dll""},{""@Name"":""DiagnosticModuleId"",""#text"":""c8544339-5be9-4f25-862e-485f1b1a6935""}]}}"
30,30,2025-02-03 15:00:02.750000+00:00,105,Info,Microsoft-Windows-Diagnosis-DPS,Microsoft-Windows-Diagnosis-DPS/Operational,996,1876,win7,0,S-1-5-19,,,,,,,,,,,False,C:\Users\BRIANNA\OneDrive\Documents\GitHub\NSSECU3_MP2\win7_files\Logs\Microsoft-Windows-Diagnosis-DPS_4Operational.evtx,0x4000000800000000,0,"{""EventData"":{""Data"":[{""@Name"":""ScenarioId"",""#text"":""86432a0b-3c7d-4ddf-a89c-172faa90485d""},{""@Name"":""InstanceId"",""#text"":""5f2b482d-63f9-4d2f-9ac0-c60f4cd7ef89""},{""@Name"":""OriginalActivityId"",""#text"":""86432a0b-3c7d-4ddf-a89c-172faa90485d""},{""@Name"":""DiagnosticModuleImageName"",""#text"":""%SystemRoot%\\system32\\diagperf.dll""},{""@Name"":""DiagnosticModuleId"",""#text"":""c8544339-5be9-4f25-862e-485f1b1a6935""}]}}"
31,31,2025-02-03 15:00:03.265625+00:00,110,Info,Microsoft-Windows-Diagnosis-DPS,Microsoft-Windows-Diagnosis-DPS/Operational,996,1092,win7,0,S-1-5-19,,,,,,,,,,,False,C:\Users\BRIANNA\OneDrive\Documents\GitHub\NSSECU3_MP2\win7_files\Logs\Microsoft-Windows-Diagnosis-DPS_4Operational.evtx,0x4000000800000000,0,"{""EventData"":{""Data"":[{""@Name"":""ScenarioId"",""#text"":""2698178d-fdad-40ae-9d3c-1371703adc5b""},{""@Name"":""InstanceId"",""#text"":""f50e9187-1a3f-4cae-90c7-afdc2d3b1229""},{""@Name"":""OriginalActivityId"",""#text"":""2698178d-fdad-40ae-9d3c-1371703adc5b""},{""@Name"":""DiagnosticModuleImageName"",""#text"":""%SystemRoot%\\system32\\diagperf.dll""},{""@Name"":""DiagnosticModuleId"",""#text"":""15fba3b8-a37a-4f91-bdba-fbb98fe804bf""}]}}"
13,13,2025-02-03 15:00:03.265625+00:00,200,Warning,Microsoft-Windows-Diagnostics-Performance,Microsoft-Windows-Diagnostics-Performance/Operational,996,1092,win7,0,S-1-5-19,Windows System was shutdown,,,ShutdownStartTime: 2025-01-21 13:24:00.8616638,ShutdownEndTime: 2025-01-21 13:24:04.3759765,ShutdownTime: 3514ms,,,,,False,C:\Users\BRIANNA\OneDrive\Documents\GitHub\NSSECU3_MP2\win7_files\Logs\Microsoft-Windows-Diagnostics-Performance_4Operational.evtx,0x8000000000010000,0,"{""EventData"":{""Data"":[{""@Name"":""ShutdownTsVersion"",""#text"":""1""},{""@Name"":""ShutdownStartTime"",""#text"":""2025-01-21 13:24:00.8616638""},{""@Name"":""ShutdownEndTime"",""#text"":""2025-01-21 13:24:04.3759765""},{""@Name"":""ShutdownTime"",""#text"":""3514""},{""@Name"":""ShutdownUserSessionTime"",""#text"":""1004""},{""@Name"":""ShutdownUserPolicyTime"",""#text"":""8""},{""@Name"":""ShutdownUserProfilesTime"",""#text"":""2""},{""@Name"":""ShutdownSystemSessionsTime"",""#text"":""1562""},{""@Name"":""ShutdownPreShutdownNotificationsTime"",""#text"":""221""},{""@Name"":""ShutdownServicesTime"",""#text"":""1197""},{""@Name"":""ShutdownKernelTime"",""#text"":""947""},{""@Name"":""ShutdownRootCauseStepImprovementBits"",""#text"":""0""},{""@Name"":""ShutdownRootCauseGradualImprovementBits"",""#text"":""0""},{""@Name"":""ShutdownRootCauseStepDegradationBits"",""#text"":""0""},{""@Name"":""ShutdownRootCauseGradualDegradationBits"",""#text"":""0""},{""@Name"":""ShutdownIsDegradation"",""#text"":""False""},{""@Name"":""ShutdownTimeChange"",""#text"":""0""}]}}"
14,14,2025-02-03 15:00:03.468750+00:00,100,Critical,Microsoft-Windows-Diagnostics-Performance,Microsoft-Windows-Diagnostics-Performance/Operational,996,1720,win7,0,S-1-5-19,Windows System was started,,,BootStartTime: 2025-02-03 14:55:51.7500000,BootEndTime: 2025-02-03 15:00:01.8281250,BootTime: 164449ms,,,,,False,C:\Users\BRIANNA\OneDrive\Documents\GitHub\NSSECU3_MP2\win7_files\Logs\Microsoft-Windows-Diagnostics-Performance_4Operational.evtx,0x8000000000010000,0,"{""EventData"":{""Data"":[{""@Name"":""BootTsVersion"",""#text"":""2""},{""@Name"":""BootStartTime"",""#text"":""2025-02-03 14:55:51.7500000""},{""@Name"":""BootEndTime"",""#text"":""2025-02-03 15:00:01.8281250""},{""@Name"":""SystemBootInstance"",""#text"":""10""},{""@Name"":""UserBootInstance"",""#text"":""5""},{""@Name"":""BootTime"",""#text"":""164449""},{""@Name"":""MainPathBootTime"",""#text"":""149849""},{""@Name"":""BootKernelInitTime"",""#text"":""17""},{""@Name"":""BootDriverInitTime"",""#text"":""696""},{""@Name"":""BootDevicesInitTime"",""#text"":""2205""},{""@Name"":""BootPrefetchInitTime"",""#text"":""0""},{""@Name"":""BootPrefetchBytes"",""#text"":""0""},{""@Name"":""BootAutoChkTime"",""#text"":""0""},{""@Name"":""BootSmssInitTime"",""#text"":""6358""},{""@Name"":""BootCriticalServicesInitTime"",""#text"":""6904""},{""@Name"":""BootUserProfileProcessingTime"",""#text"":""120665""},{""@Name"":""BootMachineProfileProcessingTime"",""#text"":""1""},{""@Name"":""BootExplorerInitTime"",""#text"":""2512""},{""@Name"":""BootNumStartupApps"",""#text"":""0""},{""@Name"":""BootPostBootTime"",""#text"":""14600""},{""@Name"":""BootIsRebootAfterInstall"",""#text"":""False""},{""@Name"":""BootRootCauseStepImprovementBits"",""#text"":""0""},{""@Name"":""BootRootCauseGradualImprovementBits"",""#text"":""0""},{""@Name"":""BootRootCauseStepDegradationBits"",""#text"":""1048576""},{""@Name"":""BootRootCauseGradualDegradationBits"",""#text"":""0""},{""@Name"":""BootIsDegradation"",""#text"":""True""},{""@Name"":""BootIsStepDegradation"",""#text"":""True""},{""@Name"":""BootIsGradualDegradation"",""#text"":""False""},{""@Name"":""BootImprovementDelta"",""#text"":""0""},{""@Name"":""BootDegradationDelta"",""#text"":""110777""},{""@Name"":""BootIsRootCauseIdentified"",""#text"":""False""},{""@Name"":""OSLoaderDuration"",""#text"":""19240""},{""@Name"":""BootPNPInitStartTimeMS"",""#text"":""17""},{""@Name"":""BootPNPInitDuration"",""#text"":""2229""},{""@Name"":""OtherKernelInitDuration"",""#text"":""1059""},{""@Name"":""SystemPNPInitStartTimeMS"",""#text"":""3159""},{""@Name"":""SystemPNPInitDuration"",""#text"":""671""},{""@Name"":""SessionInitStartTimeMS"",""#text"":""3960""},{""@Name"":""Session0InitDuration"",""#text"":""1212""},{""@Name"":""Session1InitDuration"",""#text"":""183""},{""@Name"":""SessionInitOtherDuration"",""#text"":""4962""},{""@Name"":""WinLogonStartTimeMS"",""#text"":""10318""},{""@Name"":""OtherLogonInitActivityDuration"",""#text"":""16352""},{""@Name"":""UserLogonWaitDuration"",""#text"":""12299""}]}}"
15,15,2025-02-03 15:00:03.468750+00:00,103,Warning,Microsoft-Windows-Diagnostics-Performance,Microsoft-Windows-Diagnostics-Performance/Operational,996,1720,win7,0,S-1-5-19,,,,,,,,,,,False,C:\Users\BRIANNA\OneDrive\Documents\GitHub\NSSECU3_MP2\win7_files\Logs\Microsoft-Windows-Diagnostics-Performance_4Operational.evtx,0x8000000000010000,0,"{""EventData"":{""Data"":[{""@Name"":""StartTime"",""#text"":""2025-02-03 14:55:51.7500000""},{""@Name"":""NameLength"",""#text"":""7""},{""@Name"":""Name"",""#text"":""themes""},{""@Name"":""FriendlyNameLength"",""#text"":""32""},{""@Name"":""FriendlyName"",""#text"":""Windows Shell Theme Service Dll""},{""@Name"":""VersionLength"",""#text"":""38""},{""@Name"":""Version"",""#text"":""6.1.7600.16385 (win7_rtm.090713-1255)""},{""@Name"":""TotalTime"",""#text"":""645""},{""@Name"":""DegradationTime"",""#text"":""330""},{""@Name"":""PathLength"",""#text"":""37""},{""@Name"":""Path"",""#text"":""C:\\Windows\\system32\\themeservice.dll""},{""@Name"":""ProductNameLength"",""#text"":""37""},{""@Name"":""ProductName"",""#text"":""Microsoft Windows Operating System""},{""@Name"":""CompanyNameLength"",""#text"":""22""},{""@Name"":""CompanyName"",""#text"":""Microsoft Corporation""}]}}"
16,16,2025-02-03 15:00:03.468750+00:00,103,Warning,Microsoft-Windows-Diagnostics-Performance,Microsoft-Windows-Diagnostics-Performance/Operational,996,1720,win7,0,S-1-5-19,,,,,,,,,,,False,C:\Users\BRIANNA\OneDrive\Documents\GitHub\NSSECU3_MP2\win7_files\Logs\Microsoft-Windows-Diagnostics-Performance_4Operational.evtx,0x8000000000010000,0,"{""EventData"":{""Data"":[{""@Name"":""StartTime"",""#text"":""2025-02-03 14:55:51.7500000""},{""@Name"":""NameLength"",""#text"":""21""},{""@Name"":""Name"",""#text"":""audioendpointbuilder""},{""@Name"":""FriendlyNameLength"",""#text"":""22""},{""@Name"":""FriendlyName"",""#text"":""Windows Audio Service""},{""@Name"":""VersionLength"",""#text"":""38""},{""@Name"":""Version"",""#text"":""6.1.7600.16385 (win7_rtm.090713-1255)""},{""@Name"":""TotalTime"",""#text"":""1160""},{""@Name"":""DegradationTime"",""#text"":""283""},{""@Name"":""PathLength"",""#text"":""33""},{""@Name"":""Path"",""#text"":""C:\\Windows\\System32\\Audiosrv.dll""},{""@Name"":""ProductNameLength"",""#text"":""37""},{""@Name"":""ProductName"",""#text"":""Microsoft Windows Operating System""},{""@Name"":""CompanyNameLength"",""#text"":""22""},{""@Name"":""CompanyName"",""#text"":""Microsoft Corporation""}]}}"
32,32,2025-02-03 15:00:03.484375+00:00,110,Info,Microsoft-Windows-Diagnosis-DPS,Microsoft-Windows-Diagnosis-DPS/Operational,996,1092,win7,0,S-1-5-19,,,,,,,,,,,False,C:\Users\BRIANNA\OneDrive\Documents\GitHub\NSSECU3_MP2\win7_files\Logs\Microsoft-Windows-Diagnosis-DPS_4Operational.evtx,0x4000000800000000,0,"{""EventData"":{""Data"":[{""@Name"":""ScenarioId"",""#text"":""86432a0b-3c7d-4ddf-a89c-172faa90485d""},{""@Name"":""InstanceId"",""#text"":""5f2b482d-63f9-4d2f-9ac0-c60f4cd7ef89""},{""@Name"":""OriginalActivityId"",""#text"":""86432a0b-3c7d-4ddf-a89c-172faa90485d""},{""@Name"":""DiagnosticModuleImageName"",""#text"":""%SystemRoot%\\system32\\diagperf.dll""},{""@Name"":""DiagnosticModuleId"",""#text"":""c8544339-5be9-4f25-862e-485f1b1a6935""}]}}"
450,450,2025-02-03 15:00:31.750000+00:00,1001,Info,Microsoft-Windows-LoadPerf,Application,1652,1076,win7,3,S-1-5-18,,,,,,,,,,,False,C:\Users\BRIANNA\OneDrive\Documents\GitHub\NSSECU3_MP2\win7_files\Logs\Application.evtx,Classic,0,"{""UserData"":{""EventXML"":{""param1"":""WmiApRpl"",""param2"":""WmiApRpl"",""binaryDataSize"":""12"",""binaryData"":""34-19-00-00-35-19-00-00-34-07-00-00""}}}"
451,451,2025-02-03 15:00:31.812500+00:00,1000,Info,Microsoft-Windows-LoadPerf,Application,1652,1076,win7,3,S-1-5-18,,,,,,,,,,,False,C:\Users\BRIANNA\OneDrive\Documents\GitHub\NSSECU3_MP2\win7_files\Logs\Application.evtx,Classic,0,"{""UserData"":{""EventXML"":{""param1"":""WmiApRpl"",""param2"":""WmiApRpl"",""binaryDataSize"":""16"",""binaryData"":""36-19-00-00-DC-19-00-00-37-19-00-00-DD-19-00-00""}}}"
880,880,2025-02-03 15:01:13.171875+00:00,7036,Info,Service Control Manager,System,460,1744,win7,5,,Service started or stopped,,,Name: Multimedia Class Scheduler | Multimedia Class Scheduler,Status: stopped,,,,,,False,C:\Users\BRIANNA\OneDrive\Documents\GitHub\NSSECU3_MP2\win7_files\Logs\System.evtx,"Audit success, classic",0,"{""EventData"":{""Data"":[{""@Name"":""param1"",""#text"":""Multimedia Class Scheduler""},{""@Name"":""param2"",""#text"":""stopped""}],""Binary"":""4D-00-4D-00-43-00-53-00-53-00-2F-00-31-00-00-00""}}"
881,881,2025-02-03 15:01:17.828125+00:00,7036,Info,Service Control Manager,System,460,1744,win7,5,,Service started or stopped,,,Name: Windows Time | Windows Time,Status: running,,,,,,False,C:\Users\BRIANNA\OneDrive\Documents\GitHub\NSSECU3_MP2\win7_files\Logs\System.evtx,"Audit success, classic",0,"{""EventData"":{""Data"":[{""@Name"":""param1"",""#text"":""Windows Time""},{""@Name"":""param2"",""#text"":""running""}],""Binary"":""57-00-33-00-32-00-54-00-69-00-6D-00-65-00-2F-00-34-00-00-00""}}"
882,882,2025-02-03 15:01:19.406250+00:00,37,Info,Microsoft-Windows-Time-Service,System,928,1960,win7,5,S-1-5-19,Synchronizing system time from time service,,,ServerAddress: time.windows.com,"ServerIP: time.windows.com,0x9 (ntp.m|0x9|0.0.0.0:123-&gt;20.189.79.72:123)",,,,,,False,C:\Users\BRIANNA\OneDrive\Documents\GitHub\NSSECU3_MP2\win7_files\Logs\System.evtx,Classic,0,"{""EventData"":{""@Name"":""TMP_EVENT_TIME_SOURCE_REACHABLE"",""Data"":{""@Name"":""TimeSource"",""#text"":""time.windows.com,0x9 (ntp.m|0x9|0.0.0.0:123-&gt;20.189.79.72:123)""}}}"
4,4,2025-02-03 15:01:20.015625+00:00,100,Info,Microsoft-Windows-WindowsBackup,Microsoft-Windows-WindowsBackup/ActionCenter,740,1952,win7,0,S-1-5-19,,,,,,,,,,,False,C:\Users\BRIANNA\OneDrive\Documents\GitHub\NSSECU3_MP2\win7_files\Logs\Microsoft-Windows-WindowsBackup_4ActionCenter.evtx,Classic,0,"{""EventData"":{""Data"":[{""@Name"":""hc_stateid"",""#text"":""1""},{""@Name"":""pwszTimeStamp""}]}}"
26,26,2025-02-03 15:01:32.203125+00:00,1002,Warning,Microsoft-Windows-KnownFolders,Microsoft-Windows-Known Folders API Service,2036,300,win7,0,S-1-5-18,,,,,,,,,,,False,C:\Users\BRIANNA\OneDrive\Documents\GitHub\NSSECU3_MP2\win7_files\Logs\Microsoft-Windows-Known Folders API Service.evtx,Classic,0,"{""EventData"":{""Data"":[{""@Name"":""hrError"",""#text"":""0x80070002""},{""@Name"":""FolderId"",""#text"":""625b53c3-ab48-4ec1-ba1f-a1ef4146fc19""},{""@Name"":""Path"",""#text"":""C:\\Windows\\system32\\config\\systemprofile\\AppData\\Roaming\\Microsoft\\Windows\\Start Menu""}]}}"
25,25,2025-02-03 15:01:32.203125+00:00,1002,Warning,Microsoft-Windows-KnownFolders,Microsoft-Windows-Known Folders API Service,2036,300,win7,0,S-1-5-18,,,,,,,,,,,False,C:\Users\BRIANNA\OneDrive\Documents\GitHub\NSSECU3_MP2\win7_files\Logs\Microsoft-Windows-Known Folders API Service.evtx,Classic,0,"{""EventData"":{""Data"":[{""@Name"":""hrError"",""#text"":""0x80070002""},{""@Name"":""FolderId"",""#text"":""1777f761-68ad-4d8a-87bd-30b759fa33dd""},{""@Name"":""Path"",""#text"":""C:\\Windows\\system32\\config\\systemprofile\\Favorites""}]}}"
28,28,2025-02-03 15:01:32.218750+00:00,1002,Warning,Microsoft-Windows-KnownFolders,Microsoft-Windows-Known Folders API Service,2036,300,win7,0,S-1-5-18,,,,,,,,,,,False,C:\Users\BRIANNA\OneDrive\Documents\GitHub\NSSECU3_MP2\win7_files\Logs\Microsoft-Windows-Known Folders API Service.evtx,Classic,0,"{""EventData"":{""Data"":[{""@Name"":""hrError"",""#text"":""0x80070002""},{""@Name"":""FolderId"",""#text"":""b4bfcc3a-db2c-424c-b029-7fe99a87c641""},{""@Name"":""Path"",""#text"":""C:\\Windows\\system32\\config\\systemprofile\\Desktop""}]}}"
27,27,2025-02-03 15:01:32.218750+00:00,1002,Warning,Microsoft-Windows-KnownFolders,Microsoft-Windows-Known Folders API Service,2036,300,win7,0,S-1-5-18,,,,,,,,,,,False,C:\Users\BRIANNA\OneDrive\Documents\GitHub\NSSECU3_MP2\win7_files\Logs\Microsoft-Windows-Known Folders API Service.evtx,Classic,0,"{""EventData"":{""Data"":[{""@Name"":""hrError"",""#text"":""0x80070002""},{""@Name"":""FolderId"",""#text"":""fdd39ad0-238f-46af-adb4-6c85480369c7""},{""@Name"":""Path"",""#text"":""C:\\Windows\\system32\\config\\systemprofile\\Documents""}]}}"
883,883,2025-02-03 15:01:33.828125+00:00,35,Info,Microsoft-Windows-Time-Service,System,928,1552,win7,5,S-1-5-19,Synchronizing system time from time service,,,ServerAddress: time.windows.com,"ServerIP: time.windows.com,0x9 (ntp.m|0x9|0.0.0.0:123-&gt;20.189.79.72:123)",,,,,,False,C:\Users\BRIANNA\OneDrive\Documents\GitHub\NSSECU3_MP2\win7_files\Logs\System.evtx,Classic,0,"{""EventData"":{""@Name"":""TMP_EVENT_TIME_SOURCE_CHOSEN"",""Data"":{""@Name"":""TimeSource"",""#text"":""time.windows.com,0x9 (ntp.m|0x9|0.0.0.0:123-&gt;20.189.79.72:123)""}}}"
312,312,2025-02-03 15:01:33.843000+00:00,4616,LogAlways,Microsoft-Windows-Security-Auditing,Security,4,48,win7,3,,The system time was changed,NT AUTHORITY\LOCAL SERVICE (S-1-5-19),,PreviousTime: 2025-02-03 15:01:33.8437530,NewTime: 2025-02-03 15:01:33.8430000,LogonId: 0x3E5,,,,C:\Windows\System32\svchost.exe,False,C:\Users\BRIANNA\OneDrive\Documents\GitHub\NSSECU3_MP2\win7_files\Logs\Security.evtx,Audit success,0,"{""EventData"":{""Data"":[{""@Name"":""SubjectUserSid"",""#text"":""S-1-5-19""},{""@Name"":""SubjectUserName"",""#text"":""LOCAL SERVICE""},{""@Name"":""SubjectDomainName"",""#text"":""NT AUTHORITY""},{""@Name"":""SubjectLogonId"",""#text"":""0x3E5""},{""@Name"":""PreviousTime"",""#text"":""2025-02-03 15:01:33.8437530""},{""@Name"":""NewTime"",""#text"":""2025-02-03 15:01:33.8430000""},{""@Name"":""ProcessId"",""#text"":""0x3A0""},{""@Name"":""ProcessName"",""#text"":""C:\\Windows\\System32\\svchost.exe""}]}}"
884,884,2025-02-03 15:01:33.843000+00:00,1,Info,Microsoft-Windows-Kernel-General,System,928,1836,win7,5,S-1-5-19,The system time was changed,,,OldTime: 2025-02-03 15:01:33.8437530,NewTime: 2025-02-03 15:01:33.8430000,Reason: ,,,,,False,C:\Users\BRIANNA\OneDrive\Documents\GitHub\NSSECU3_MP2\win7_files\Logs\System.evtx,Time,0,"{""EventData"":{""Data"":[{""@Name"":""NewTime"",""#text"":""2025-02-03 15:01:33.8430000""},{""@Name"":""OldTime"",""#text"":""2025-02-03 15:01:33.8437530""}]}}"
885,885,2025-02-03 15:01:33.858625+00:00,7036,Info,Service Control Manager,System,460,1744,win7,5,,Service started or stopped,,,Name: Windows Time | Windows Time,Status: stopped,,,,,,False,C:\Users\BRIANNA\OneDrive\Documents\GitHub\NSSECU3_MP2\win7_files\Logs\System.evtx,"Audit success, classic",0,"{""EventData"":{""Data"":[{""@Name"":""param1"",""#text"":""Windows Time""},{""@Name"":""param2"",""#text"":""stopped""}],""Binary"":""57-00-33-00-32-00-54-00-69-00-6D-00-65-00-2F-00-31-00-00-00""}}"
12,12,2025-02-03 15:03:19.139875+00:00,2005,Info,Microsoft-Windows-Reliability-Analysis-Engine,Microsoft-Windows-ReliabilityAnalysisComponent/Operational,1936,1876,win7,0,S-1-5-19,,,,,,,,,,,False,C:\Users\BRIANNA\OneDrive\Documents\GitHub\NSSECU3_MP2\win7_files\Logs\Microsoft-Windows-ReliabilityAnalysisComponent_4Operational.evtx,0x8000000000001000,0,"{""UserData"":{""ProcessInfo"":{""Stability"":""7.473"",""Date"":""2025-01-22 00:00:00.0000000""}}}"
13,13,2025-02-03 15:03:19.358625+00:00,2005,Info,Microsoft-Windows-Reliability-Analysis-Engine,Microsoft-Windows-ReliabilityAnalysisComponent/Operational,1936,1876,win7,0,S-1-5-19,,,,,,,,,,,False,C:\Users\BRIANNA\OneDrive\Documents\GitHub\NSSECU3_MP2\win7_files\Logs\Microsoft-Windows-ReliabilityAnalysisComponent_4Operational.evtx,0x8000000000001000,0,"{""UserData"":{""ProcessInfo"":{""Stability"":""7.473"",""Date"":""2025-01-23 00:00:00.0000000""}}}"
14,14,2025-02-03 15:03:19.468000+00:00,2005,Info,Microsoft-Windows-Reliability-Analysis-Engine,Microsoft-Windows-ReliabilityAnalysisComponent/Operational,1936,1876,win7,0,S-1-5-19,,,,,,,,,,,False,C:\Users\BRIANNA\OneDrive\Documents\GitHub\NSSECU3_MP2\win7_files\Logs\Microsoft-Windows-ReliabilityAnalysisComponent_4Operational.evtx,0x8000000000001000,0,"{""UserData"":{""ProcessInfo"":{""Stability"":""7.473"",""Date"":""2025-01-24 00:00:00.0000000""}}}"
15,15,2025-02-03 15:03:19.593000+00:00,2005,Info,Microsoft-Windows-Reliability-Analysis-Engine,Microsoft-Windows-ReliabilityAnalysisComponent/Operational,1936,1876,win7,0,S-1-5-19,,,,,,,,,,,False,C:\Users\BRIANNA\OneDrive\Documents\GitHub\NSSECU3_MP2\win7_files\Logs\Microsoft-Windows-ReliabilityAnalysisComponent_4Operational.evtx,0x8000000000001000,0,"{""UserData"":{""ProcessInfo"":{""Stability"":""7.473"",""Date"":""2025-01-25 00:00:00.0000000""}}}"
16,16,2025-02-03 15:03:19.702375+00:00,2005,Info,Microsoft-Windows-Reliability-Analysis-Engine,Microsoft-Windows-ReliabilityAnalysisComponent/Operational,1936,1876,win7,0,S-1-5-19,,,,,,,,,,,False,C:\Users\BRIANNA\OneDrive\Documents\GitHub\NSSECU3_MP2\win7_files\Logs\Microsoft-Windows-ReliabilityAnalysisComponent_4Operational.evtx,0x8000000000001000,0,"{""UserData"":{""ProcessInfo"":{""Stability"":""7.473"",""Date"":""2025-01-26 00:00:00.0000000""}}}"
17,17,2025-02-03 15:05:32.093000+00:00,2005,Info,Microsoft-Windows-Reliability-Analysis-Engine,Microsoft-Windows-ReliabilityAnalysisComponent/Operational,2272,2312,win7,0,S-1-5-19,,,,,,,,,,,False,C:\Users\BRIANNA\OneDrive\Documents\GitHub\NSSECU3_MP2\win7_files\Logs\Microsoft-Windows-ReliabilityAnalysisComponent_4Operational.evtx,0x8000000000001000,0,"{""UserData"":{""ProcessInfo"":{""Stability"":""7.473"",""Date"":""2025-01-27 00:00:00.0000000""}}}"
18,18,2025-02-03 15:05:32.358625+00:00,2005,Info,Microsoft-Windows-Reliability-Analysis-Engine,Microsoft-Windows-ReliabilityAnalysisComponent/Operational,2272,2312,win7,0,S-1-5-19,,,,,,,,,,,False,C:\Users\BRIANNA\OneDrive\Documents\GitHub\NSSECU3_MP2\win7_files\Logs\Microsoft-Windows-ReliabilityAnalysisComponent_4Operational.evtx,0x8000000000001000,0,"{""UserData"":{""ProcessInfo"":{""Stability"":""7.473"",""Date"":""2025-01-28 00:00:00.0000000""}}}"
