508,508,2025-01-20 14:55:03.406250+00:00,35,Info,Microsoft-Windows-Time-Service,System,912,2936,win7,3,S-1-5-19,Synchronizing system time from time service,,,ServerAddress: time.windows.com,"ServerIP: time.windows.com,0x9 (ntp.m|0x9|0.0.0.0:123-&gt;20.189.79.72:123)",,,,,,False,C:\Users\BRIANNA\OneDrive\Documents\GitHub\NSSECU3_MP2\win7_files\Logs\System.evtx,Classic,0,"{""EventData"":{""@Name"":""TMP_EVENT_TIME_SOURCE_CHOSEN"",""Data"":{""@Name"":""TimeSource"",""#text"":""time.windows.com,0x9 (ntp.m|0x9|0.0.0.0:123-&gt;20.189.79.72:123)""}}}"
1,1,2025-01-20 14:56:46.859125+00:00,2005,Info,Microsoft-Windows-Reliability-Analysis-Engine,Microsoft-Windows-ReliabilityAnalysisComponent/Operational,2248,2640,win7,0,S-1-5-19,,,,,,,,,,,False,C:\Users\BRIANNA\OneDrive\Documents\GitHub\NSSECU3_MP2\win7_files\Logs\Microsoft-Windows-ReliabilityAnalysisComponent_4Operational.evtx,0x8000000000001000,0,"{""UserData"":{""ProcessInfo"":{""Stability"":""10"",""Date"":""2025-01-11 00:00:00.0000000""}}}"
2,2,2025-01-20 14:56:46.937250+00:00,2005,Info,Microsoft-Windows-Reliability-Analysis-Engine,Microsoft-Windows-ReliabilityAnalysisComponent/Operational,2248,2640,win7,0,S-1-5-19,,,,,,,,,,,False,C:\Users\BRIANNA\OneDrive\Documents\GitHub\NSSECU3_MP2\win7_files\Logs\Microsoft-Windows-ReliabilityAnalysisComponent_4Operational.evtx,0x8000000000001000,0,"{""UserData"":{""ProcessInfo"":{""Stability"":""10"",""Date"":""2025-01-12 00:00:00.0000000""}}}"
3,3,2025-01-20 14:56:46.999750+00:00,2005,Info,Microsoft-Windows-Reliability-Analysis-Engine,Microsoft-Windows-ReliabilityAnalysisComponent/Operational,2248,2640,win7,0,S-1-5-19,,,,,,,,,,,False,C:\Users\BRIANNA\OneDrive\Documents\GitHub\NSSECU3_MP2\win7_files\Logs\Microsoft-Windows-ReliabilityAnalysisComponent_4Operational.evtx,0x8000000000001000,0,"{""UserData"":{""ProcessInfo"":{""Stability"":""10"",""Date"":""2025-01-13 00:00:00.0000000""}}}"
4,4,2025-01-20 14:56:47.062250+00:00,2005,Info,Microsoft-Windows-Reliability-Analysis-Engine,Microsoft-Windows-ReliabilityAnalysisComponent/Operational,2248,2640,win7,0,S-1-5-19,,,,,,,,,,,False,C:\Users\BRIANNA\OneDrive\Documents\GitHub\NSSECU3_MP2\win7_files\Logs\Microsoft-Windows-ReliabilityAnalysisComponent_4Operational.evtx,0x8000000000001000,0,"{""UserData"":{""ProcessInfo"":{""Stability"":""10"",""Date"":""2025-01-14 00:00:00.0000000""}}}"
5,5,2025-01-20 14:56:47.140375+00:00,2005,Info,Microsoft-Windows-Reliability-Analysis-Engine,Microsoft-Windows-ReliabilityAnalysisComponent/Operational,2248,2640,win7,0,S-1-5-19,,,,,,,,,,,False,C:\Users\BRIANNA\OneDrive\Documents\GitHub\NSSECU3_MP2\win7_files\Logs\Microsoft-Windows-ReliabilityAnalysisComponent_4Operational.evtx,0x8000000000001000,0,"{""UserData"":{""ProcessInfo"":{""Stability"":""10"",""Date"":""2025-01-15 00:00:00.0000000""}}}"
7,7,2025-01-20 14:59:52.796625+00:00,101,LogAlways,Microsoft-Windows-Windows Defender,Microsoft-Windows-Windows Defender/WHC,888,2464,win7,0,S-1-5-18,,,,,,,,,,,False,C:\Users\BRIANNA\OneDrive\Documents\GitHub\NSSECU3_MP2\win7_files\Logs\Microsoft-Windows-Windows Defender_4WHC.evtx,0x4000000000000000,0,"{""EventData"":{""Data"":{""@Name"":""hc_stateid"",""#text"":""7""}}}"
290,290,2025-01-20 15:00:13+00:00,1130,LogAlways,.NET Runtime Optimization Service,Application,0,0,win7,2,,,,,,,,,,,,False,C:\Users\BRIANNA\OneDrive\Documents\GitHub\NSSECU3_MP2\win7_files\Logs\Application.evtx,0x80000000000000,0,"{""EventData"":{""Data"":"".NET Runtime Optimization Service (2.0.50727.5420) - Installed from repository: Microsoft.Security.ApplicationId.PolicyManagement.Cmdlets"",""Binary"":""""}}"
512,512,2025-01-20 15:00:13.577875+00:00,7036,Info,Service Control Manager,System,448,2476,win7,3,,Service started or stopped,,,Name: Microsoft .NET Framework NGEN v2.0.50727_X86 | Microsoft .NET Framework NGEN v2.0.50727_X86,Status: stopped,,,,,,False,C:\Users\BRIANNA\OneDrive\Documents\GitHub\NSSECU3_MP2\win7_files\Logs\System.evtx,"Audit success, classic",0,"{""EventData"":{""Data"":[{""@Name"":""param1"",""#text"":""Microsoft .NET Framework NGEN v2.0.50727_X86""},{""@Name"":""param2"",""#text"":""stopped""}],""Binary"":""63-00-6C-00-72-00-5F-00-6F-00-70-00-74-00-69-00-6D-00-69-00-7A-00-61-00-74-00-69-00-6F-00-6E-00-5F-00-76-00-32-00-2E-00-30-00-2E-00-35-00-30-00-37-00-32-00-37-00-5F-00-33-00-32-00-2F-00-31-00-00-00""}}"
511,511,2025-01-20 15:00:13.577875+00:00,7040,Info,Service Control Manager,System,448,2476,win7,3,S-1-5-18,Start type of a service has changed,,,The start type of the Microsoft .NET Framework NGEN v2.0.50727_X86 was changed from auto start to demand start,,,,,,clr_optimization_v2.0.50727_32,False,C:\Users\BRIANNA\OneDrive\Documents\GitHub\NSSECU3_MP2\win7_files\Logs\System.evtx,"Audit success, classic",0,"{""EventData"":{""Data"":[{""@Name"":""param1"",""#text"":""Microsoft .NET Framework NGEN v2.0.50727_X86""},{""@Name"":""param2"",""#text"":""auto start""},{""@Name"":""param3"",""#text"":""demand start""},{""@Name"":""param4"",""#text"":""clr_optimization_v2.0.50727_32""}]}}"
291,291,2025-01-20 15:00:15+00:00,1130,LogAlways,.NET Runtime Optimization Service,Application,0,0,win7,2,,,,,,,,,,,,False,C:\Users\BRIANNA\OneDrive\Documents\GitHub\NSSECU3_MP2\win7_files\Logs\Application.evtx,0x80000000000000,0,"{""EventData"":{""Data"":"".NET Runtime Optimization Service (2.0.50727.5420) - Installed from repository: Microsoft.Security.ApplicationId.PolicyManagement.Cmdlets"",""Binary"":""""}}"
514,514,2025-01-20 15:00:15.734125+00:00,7036,Info,Service Control Manager,System,448,2476,win7,3,,Service started or stopped,,,Name: Microsoft .NET Framework NGEN v2.0.50727_X64 | Microsoft .NET Framework NGEN v2.0.50727_X64,Status: stopped,,,,,,False,C:\Users\BRIANNA\OneDrive\Documents\GitHub\NSSECU3_MP2\win7_files\Logs\System.evtx,"Audit success, classic",0,"{""EventData"":{""Data"":[{""@Name"":""param1"",""#text"":""Microsoft .NET Framework NGEN v2.0.50727_X64""},{""@Name"":""param2"",""#text"":""stopped""}],""Binary"":""63-00-6C-00-72-00-5F-00-6F-00-70-00-74-00-69-00-6D-00-69-00-7A-00-61-00-74-00-69-00-6F-00-6E-00-5F-00-76-00-32-00-2E-00-30-00-2E-00-35-00-30-00-37-00-32-00-37-00-5F-00-36-00-34-00-2F-00-31-00-00-00""}}"
513,513,2025-01-20 15:00:15.734125+00:00,7040,Info,Service Control Manager,System,448,2476,win7,3,S-1-5-18,Start type of a service has changed,,,The start type of the Microsoft .NET Framework NGEN v2.0.50727_X64 was changed from auto start to demand start,,,,,,clr_optimization_v2.0.50727_64,False,C:\Users\BRIANNA\OneDrive\Documents\GitHub\NSSECU3_MP2\win7_files\Logs\System.evtx,"Audit success, classic",0,"{""EventData"":{""Data"":[{""@Name"":""param1"",""#text"":""Microsoft .NET Framework NGEN v2.0.50727_X64""},{""@Name"":""param2"",""#text"":""auto start""},{""@Name"":""param3"",""#text"":""demand start""},{""@Name"":""param4"",""#text"":""clr_optimization_v2.0.50727_64""}]}}"
515,515,2025-01-20 15:04:21.077875+00:00,7036,Info,Service Control Manager,System,448,2476,win7,3,,Service started or stopped,,,Name: WinHTTP Web Proxy Auto-Discovery Service | WinHTTP Web Proxy Auto-Discovery Service,Status: stopped,,,,,,False,C:\Users\BRIANNA\OneDrive\Documents\GitHub\NSSECU3_MP2\win7_files\Logs\System.evtx,"Audit success, classic",0,"{""EventData"":{""Data"":[{""@Name"":""param1"",""#text"":""WinHTTP Web Proxy Auto-Discovery Service""},{""@Name"":""param2"",""#text"":""stopped""}],""Binary"":""57-00-69-00-6E-00-48-00-74-00-74-00-70-00-41-00-75-00-74-00-6F-00-50-00-72-00-6F-00-78-00-79-00-53-00-76-00-63-00-2F-00-31-00-00-00""}}"
6,6,2025-01-20 15:06:07.796625+00:00,2005,Info,Microsoft-Windows-Reliability-Analysis-Engine,Microsoft-Windows-ReliabilityAnalysisComponent/Operational,2400,1372,win7,0,S-1-5-19,,,,,,,,,,,False,C:\Users\BRIANNA\OneDrive\Documents\GitHub\NSSECU3_MP2\win7_files\Logs\Microsoft-Windows-ReliabilityAnalysisComponent_4Operational.evtx,0x8000000000001000,0,"{""UserData"":{""ProcessInfo"":{""Stability"":""10"",""Date"":""2025-01-16 00:00:00.0000000""}}}"
7,7,2025-01-20 15:06:07.859125+00:00,2005,Info,Microsoft-Windows-Reliability-Analysis-Engine,Microsoft-Windows-ReliabilityAnalysisComponent/Operational,2400,1372,win7,0,S-1-5-19,,,,,,,,,,,False,C:\Users\BRIANNA\OneDrive\Documents\GitHub\NSSECU3_MP2\win7_files\Logs\Microsoft-Windows-ReliabilityAnalysisComponent_4Operational.evtx,0x8000000000001000,0,"{""UserData"":{""ProcessInfo"":{""Stability"":""10"",""Date"":""2025-01-17 00:00:00.0000000""}}}"
8,8,2025-01-20 15:06:07.937250+00:00,2005,Info,Microsoft-Windows-Reliability-Analysis-Engine,Microsoft-Windows-ReliabilityAnalysisComponent/Operational,2400,1372,win7,0,S-1-5-19,,,,,,,,,,,False,C:\Users\BRIANNA\OneDrive\Documents\GitHub\NSSECU3_MP2\win7_files\Logs\Microsoft-Windows-ReliabilityAnalysisComponent_4Operational.evtx,0x8000000000001000,0,"{""UserData"":{""ProcessInfo"":{""Stability"":""10"",""Date"":""2025-01-18 00:00:00.0000000""}}}"
9,9,2025-01-20 15:06:08.015375+00:00,2005,Info,Microsoft-Windows-Reliability-Analysis-Engine,Microsoft-Windows-ReliabilityAnalysisComponent/Operational,2400,1372,win7,0,S-1-5-19,,,,,,,,,,,False,C:\Users\BRIANNA\OneDrive\Documents\GitHub\NSSECU3_MP2\win7_files\Logs\Microsoft-Windows-ReliabilityAnalysisComponent_4Operational.evtx,0x8000000000001000,0,"{""UserData"":{""ProcessInfo"":{""Stability"":""10"",""Date"":""2025-01-19 00:00:00.0000000""}}}"
10,10,2025-01-20 15:06:08.109125+00:00,2005,Info,Microsoft-Windows-Reliability-Analysis-Engine,Microsoft-Windows-ReliabilityAnalysisComponent/Operational,2400,1372,win7,0,S-1-5-19,,,,,,,,,,,False,C:\Users\BRIANNA\OneDrive\Documents\GitHub\NSSECU3_MP2\win7_files\Logs\Microsoft-Windows-ReliabilityAnalysisComponent_4Operational.evtx,0x8000000000001000,0,"{""UserData"":{""ProcessInfo"":{""Stability"":""10"",""Date"":""2025-01-20 00:00:00.0000000""}}}"
33,33,2025-01-20 15:09:02.452875+00:00,1,LogAlways,Microsoft-Windows-WindowsSystemAssessmentTool,Microsoft-Windows-WindowsSystemAssessmentTool/Operational,2384,2448,win7,0,S-1-5-21-2630035287-469658536-4158816484-1000,,,,,,,,,,,False,C:\Users\BRIANNA\OneDrive\Documents\GitHub\NSSECU3_MP2\win7_files\Logs\Microsoft-Windows-WindowsSystemAssessmentTool_4Operational.evtx,Classic,0,"{""EventData"":{""Data"":{""@Name"":""StartTimeOfDay"",""#text"":""2025-01-20 15:09:02.4528750""}}}"
34,34,2025-01-20 15:09:02.452875+00:00,9,Info,Microsoft-Windows-WindowsSystemAssessmentTool,Microsoft-Windows-WindowsSystemAssessmentTool/Operational,2384,2448,win7,0,S-1-5-21-2630035287-469658536-4158816484-1000,,,,,,,,,,,False,C:\Users\BRIANNA\OneDrive\Documents\GitHub\NSSECU3_MP2\win7_files\Logs\Microsoft-Windows-WindowsSystemAssessmentTool_4Operational.evtx,Classic,0,"{""EventData"":{""Data"":[{""@Name"":""PhaseID"",""#text"":""10""},{""@Name"":""DescriptionSize"",""#text"":""25""},{""@Name"":""Description"",""#text"":""Application Intializaton""}]}}"
35,35,2025-01-20 15:09:02.624750+00:00,2,LogAlways,Microsoft-Windows-WindowsSystemAssessmentTool,Microsoft-Windows-WindowsSystemAssessmentTool/Operational,2384,2448,win7,0,S-1-5-21-2630035287-469658536-4158816484-1000,,,,,,,,,,,False,C:\Users\BRIANNA\OneDrive\Documents\GitHub\NSSECU3_MP2\win7_files\Logs\Microsoft-Windows-WindowsSystemAssessmentTool_4Operational.evtx,Classic,0,"{""EventData"":{""Data"":[{""@Name"":""CommandLineSize"",""#text"":""92""},{""@Name"":""CommandLine"",""#text"":""C:\\Windows\\system32\\winsat.exe formal -log -cancelevent 41853d81-5aeb-47a7-a076-e12c64bc8189""}]}}"
7,7,2025-01-20 15:09:03.093500+00:00,1018,Info,Microsoft-Windows-ReadyBoost,Microsoft-Windows-ReadyBoost/Operational,768,2164,win7,0,S-1-5-18,,,,,,,,,,,False,C:\Users\BRIANNA\OneDrive\Documents\GitHub\NSSECU3_MP2\win7_files\Logs\Microsoft-Windows-ReadyBoost_4Operational.evtx,0x8000000000002000,0,"{""EventData"":{""Data"":[{""@Name"":""DiskAssessmentTimestamp"",""#text"":""2025-01-20 23:09:00.8435000""},{""@Name"":""ErrorCode"",""#text"":""0""},{""@Name"":""Duration (ms)"",""#text"":""2250""}]}}"
36,36,2025-01-20 15:09:03.140375+00:00,9,Info,Microsoft-Windows-WindowsSystemAssessmentTool,Microsoft-Windows-WindowsSystemAssessmentTool/Operational,2384,2448,win7,0,S-1-5-21-2630035287-469658536-4158816484-1000,,,,,,,,,,,False,C:\Users\BRIANNA\OneDrive\Documents\GitHub\NSSECU3_MP2\win7_files\Logs\Microsoft-Windows-WindowsSystemAssessmentTool_4Operational.evtx,Classic,0,"{""EventData"":{""Data"":[{""@Name"":""PhaseID"",""#text"":""20""},{""@Name"":""DescriptionSize"",""#text"":""23""},{""@Name"":""Description"",""#text"":""Modify system policies""}]}}"
39,39,2025-01-20 15:09:03.437250+00:00,9,Info,Microsoft-Windows-WindowsSystemAssessmentTool,Microsoft-Windows-WindowsSystemAssessmentTool/Operational,2384,2448,win7,0,S-1-5-21-2630035287-469658536-4158816484-1000,,,,,,,,,,,False,C:\Users\BRIANNA\OneDrive\Documents\GitHub\NSSECU3_MP2\win7_files\Logs\Microsoft-Windows-WindowsSystemAssessmentTool_4Operational.evtx,Classic,0,"{""EventData"":{""Data"":[{""@Name"":""PhaseID"",""#text"":""40""},{""@Name"":""DescriptionSize"",""#text"":""23""},{""@Name"":""Description"",""#text"":""Gather CPU information""}]}}"
38,38,2025-01-20 15:09:03.437250+00:00,9,Info,Microsoft-Windows-WindowsSystemAssessmentTool,Microsoft-Windows-WindowsSystemAssessmentTool/Operational,2384,2448,win7,0,S-1-5-21-2630035287-469658536-4158816484-1000,,,,,,,,,,,False,C:\Users\BRIANNA\OneDrive\Documents\GitHub\NSSECU3_MP2\win7_files\Logs\Microsoft-Windows-WindowsSystemAssessmentTool_4Operational.evtx,Classic,0,"{""EventData"":{""Data"":[{""@Name"":""PhaseID"",""#text"":""30""},{""@Name"":""DescriptionSize"",""#text"":""19""},{""@Name"":""Description"",""#text"":""Gathering Key Info""}]}}"
37,37,2025-01-20 15:09:03.437250+00:00,10,Info,Microsoft-Windows-WindowsSystemAssessmentTool,Microsoft-Windows-WindowsSystemAssessmentTool/Operational,2384,2448,win7,0,S-1-5-21-2630035287-469658536-4158816484-1000,,,,,,,,,,,False,C:\Users\BRIANNA\OneDrive\Documents\GitHub\NSSECU3_MP2\win7_files\Logs\Microsoft-Windows-WindowsSystemAssessmentTool_4Operational.evtx,Classic,0,"{""EventData"":{""Data"":{""@Name"":""PhaseID"",""#text"":""20""}}}"
40,40,2025-01-20 15:09:03.968500+00:00,10,Info,Microsoft-Windows-WindowsSystemAssessmentTool,Microsoft-Windows-WindowsSystemAssessmentTool/Operational,2384,2448,win7,0,S-1-5-21-2630035287-469658536-4158816484-1000,,,,,,,,,,,False,C:\Users\BRIANNA\OneDrive\Documents\GitHub\NSSECU3_MP2\win7_files\Logs\Microsoft-Windows-WindowsSystemAssessmentTool_4Operational.evtx,Classic,0,"{""EventData"":{""Data"":{""@Name"":""PhaseID"",""#text"":""40""}}}"
41,41,2025-01-20 15:09:03.968500+00:00,9,Info,Microsoft-Windows-WindowsSystemAssessmentTool,Microsoft-Windows-WindowsSystemAssessmentTool/Operational,2384,2448,win7,0,S-1-5-21-2630035287-469658536-4158816484-1000,,,,,,,,,,,False,C:\Users\BRIANNA\OneDrive\Documents\GitHub\NSSECU3_MP2\win7_files\Logs\Microsoft-Windows-WindowsSystemAssessmentTool_4Operational.evtx,Classic,0,"{""EventData"":{""Data"":[{""@Name"":""PhaseID"",""#text"":""50""},{""@Name"":""DescriptionSize"",""#text"":""28""},{""@Name"":""Description"",""#text"":""Gather Graphics information""}]}}"
42,42,2025-01-20 15:09:03.968500+00:00,9,Info,Microsoft-Windows-WindowsSystemAssessmentTool,Microsoft-Windows-WindowsSystemAssessmentTool/Operational,2384,2448,win7,0,S-1-5-21-2630035287-469658536-4158816484-1000,,,,,,,,,,,False,C:\Users\BRIANNA\OneDrive\Documents\GitHub\NSSECU3_MP2\win7_files\Logs\Microsoft-Windows-WindowsSystemAssessmentTool_4Operational.evtx,Classic,0,"{""EventData"":{""Data"":[{""@Name"":""PhaseID"",""#text"":""60""},{""@Name"":""DescriptionSize"",""#text"":""27""},{""@Name"":""Description"",""#text"":""Gather Monitor information""}]}}"
43,43,2025-01-20 15:09:03.968500+00:00,10,Info,Microsoft-Windows-WindowsSystemAssessmentTool,Microsoft-Windows-WindowsSystemAssessmentTool/Operational,2384,2448,win7,0,S-1-5-21-2630035287-469658536-4158816484-1000,,,,,,,,,,,False,C:\Users\BRIANNA\OneDrive\Documents\GitHub\NSSECU3_MP2\win7_files\Logs\Microsoft-Windows-WindowsSystemAssessmentTool_4Operational.evtx,Classic,0,"{""EventData"":{""Data"":{""@Name"":""PhaseID"",""#text"":""60""}}}"
44,44,2025-01-20 15:09:03.968500+00:00,9,Info,Microsoft-Windows-WindowsSystemAssessmentTool,Microsoft-Windows-WindowsSystemAssessmentTool/Operational,2384,2448,win7,0,S-1-5-21-2630035287-469658536-4158816484-1000,,,,,,,,,,,False,C:\Users\BRIANNA\OneDrive\Documents\GitHub\NSSECU3_MP2\win7_files\Logs\Microsoft-Windows-WindowsSystemAssessmentTool_4Operational.evtx,Classic,0,"{""EventData"":{""Data"":[{""@Name"":""PhaseID"",""#text"":""70""},{""@Name"":""DescriptionSize"",""#text"":""17""},{""@Name"":""Description"",""#text"":""Initializing DX9""}]}}"
45,45,2025-01-20 15:09:03.968500+00:00,10,Info,Microsoft-Windows-WindowsSystemAssessmentTool,Microsoft-Windows-WindowsSystemAssessmentTool/Operational,2384,2448,win7,0,S-1-5-21-2630035287-469658536-4158816484-1000,,,,,,,,,,,False,C:\Users\BRIANNA\OneDrive\Documents\GitHub\NSSECU3_MP2\win7_files\Logs\Microsoft-Windows-WindowsSystemAssessmentTool_4Operational.evtx,Classic,0,"{""EventData"":{""Data"":{""@Name"":""PhaseID"",""#text"":""70""}}}"
46,46,2025-01-20 15:09:03.968500+00:00,9,Info,Microsoft-Windows-WindowsSystemAssessmentTool,Microsoft-Windows-WindowsSystemAssessmentTool/Operational,2384,2448,win7,0,S-1-5-21-2630035287-469658536-4158816484-1000,,,,,,,,,,,False,C:\Users\BRIANNA\OneDrive\Documents\GitHub\NSSECU3_MP2\win7_files\Logs\Microsoft-Windows-WindowsSystemAssessmentTool_4Operational.evtx,Classic,0,"{""EventData"":{""Data"":[{""@Name"":""PhaseID"",""#text"":""80""},{""@Name"":""DescriptionSize"",""#text"":""28""},{""@Name"":""Description"",""#text"":""Get DX9 Device capabilities""}]}}"
47,47,2025-01-20 15:09:03.968500+00:00,10,Info,Microsoft-Windows-WindowsSystemAssessmentTool,Microsoft-Windows-WindowsSystemAssessmentTool/Operational,2384,2448,win7,0,S-1-5-21-2630035287-469658536-4158816484-1000,,,,,,,,,,,False,C:\Users\BRIANNA\OneDrive\Documents\GitHub\NSSECU3_MP2\win7_files\Logs\Microsoft-Windows-WindowsSystemAssessmentTool_4Operational.evtx,Classic,0,"{""EventData"":{""Data"":{""@Name"":""PhaseID"",""#text"":""80""}}}"
48,48,2025-01-20 15:09:03.968500+00:00,9,Info,Microsoft-Windows-WindowsSystemAssessmentTool,Microsoft-Windows-WindowsSystemAssessmentTool/Operational,2384,2448,win7,0,S-1-5-21-2630035287-469658536-4158816484-1000,,,,,,,,,,,False,C:\Users\BRIANNA\OneDrive\Documents\GitHub\NSSECU3_MP2\win7_files\Logs\Microsoft-Windows-WindowsSystemAssessmentTool_4Operational.evtx,Classic,0,"{""EventData"":{""Data"":[{""@Name"":""PhaseID"",""#text"":""90""},{""@Name"":""DescriptionSize"",""#text"":""24""},{""@Name"":""Description"",""#text"":""Get Adapter Description""}]}}"
54,54,2025-01-20 15:09:03.984125+00:00,9,Info,Microsoft-Windows-WindowsSystemAssessmentTool,Microsoft-Windows-WindowsSystemAssessmentTool/Operational,2384,2448,win7,0,S-1-5-21-2630035287-469658536-4158816484-1000,,,,,,,,,,,False,C:\Users\BRIANNA\OneDrive\Documents\GitHub\NSSECU3_MP2\win7_files\Logs\Microsoft-Windows-WindowsSystemAssessmentTool_4Operational.evtx,Classic,0,"{""EventData"":{""Data"":[{""@Name"":""PhaseID"",""#text"":""120""},{""@Name"":""DescriptionSize"",""#text"":""33""},{""@Name"":""Description"",""#text"":""Get graphics adapter information""}]}}"
51,51,2025-01-20 15:09:03.984125+00:00,10,Info,Microsoft-Windows-WindowsSystemAssessmentTool,Microsoft-Windows-WindowsSystemAssessmentTool/Operational,2384,2448,win7,0,S-1-5-21-2630035287-469658536-4158816484-1000,,,,,,,,,,,False,C:\Users\BRIANNA\OneDrive\Documents\GitHub\NSSECU3_MP2\win7_files\Logs\Microsoft-Windows-WindowsSystemAssessmentTool_4Operational.evtx,Classic,0,"{""EventData"":{""Data"":{""@Name"":""PhaseID"",""#text"":""30""}}}"
49,49,2025-01-20 15:09:03.984125+00:00,10,Info,Microsoft-Windows-WindowsSystemAssessmentTool,Microsoft-Windows-WindowsSystemAssessmentTool/Operational,2384,2448,win7,0,S-1-5-21-2630035287-469658536-4158816484-1000,,,,,,,,,,,False,C:\Users\BRIANNA\OneDrive\Documents\GitHub\NSSECU3_MP2\win7_files\Logs\Microsoft-Windows-WindowsSystemAssessmentTool_4Operational.evtx,Classic,0,"{""EventData"":{""Data"":{""@Name"":""PhaseID"",""#text"":""90""}}}"
50,50,2025-01-20 15:09:03.984125+00:00,10,Info,Microsoft-Windows-WindowsSystemAssessmentTool,Microsoft-Windows-WindowsSystemAssessmentTool/Operational,2384,2448,win7,0,S-1-5-21-2630035287-469658536-4158816484-1000,,,,,,,,,,,False,C:\Users\BRIANNA\OneDrive\Documents\GitHub\NSSECU3_MP2\win7_files\Logs\Microsoft-Windows-WindowsSystemAssessmentTool_4Operational.evtx,Classic,0,"{""EventData"":{""Data"":{""@Name"":""PhaseID"",""#text"":""50""}}}"
53,53,2025-01-20 15:09:03.984125+00:00,9,Info,Microsoft-Windows-WindowsSystemAssessmentTool,Microsoft-Windows-WindowsSystemAssessmentTool/Operational,2384,2448,win7,0,S-1-5-21-2630035287-469658536-4158816484-1000,,,,,,,,,,,False,C:\Users\BRIANNA\OneDrive\Documents\GitHub\NSSECU3_MP2\win7_files\Logs\Microsoft-Windows-WindowsSystemAssessmentTool_4Operational.evtx,Classic,0,"{""EventData"":{""Data"":[{""@Name"":""PhaseID"",""#text"":""1001""},{""@Name"":""DescriptionSize"",""#text"":""27""},{""@Name"":""Description"",""#text"":""Run Assessment, features, ""}]}}"
52,52,2025-01-20 15:09:03.984125+00:00,10,Info,Microsoft-Windows-WindowsSystemAssessmentTool,Microsoft-Windows-WindowsSystemAssessmentTool/Operational,2384,2448,win7,0,S-1-5-21-2630035287-469658536-4158816484-1000,,,,,,,,,,,False,C:\Users\BRIANNA\OneDrive\Documents\GitHub\NSSECU3_MP2\win7_files\Logs\Microsoft-Windows-WindowsSystemAssessmentTool_4Operational.evtx,Classic,0,"{""EventData"":{""Data"":{""@Name"":""PhaseID"",""#text"":""10""}}}"
55,55,2025-01-20 15:09:04.046625+00:00,10,Info,Microsoft-Windows-WindowsSystemAssessmentTool,Microsoft-Windows-WindowsSystemAssessmentTool/Operational,2384,2448,win7,0,S-1-5-21-2630035287-469658536-4158816484-1000,,,,,,,,,,,False,C:\Users\BRIANNA\OneDrive\Documents\GitHub\NSSECU3_MP2\win7_files\Logs\Microsoft-Windows-WindowsSystemAssessmentTool_4Operational.evtx,Classic,0,"{""EventData"":{""Data"":{""@Name"":""PhaseID"",""#text"":""120""}}}"
57,57,2025-01-20 15:09:04.046625+00:00,9,Info,Microsoft-Windows-WindowsSystemAssessmentTool,Microsoft-Windows-WindowsSystemAssessmentTool/Operational,2384,2448,win7,0,S-1-5-21-2630035287-469658536-4158816484-1000,,,,,,,,,,,False,C:\Users\BRIANNA\OneDrive\Documents\GitHub\NSSECU3_MP2\win7_files\Logs\Microsoft-Windows-WindowsSystemAssessmentTool_4Operational.evtx,Classic,0,"{""EventData"":{""Data"":[{""@Name"":""PhaseID"",""#text"":""1006""},{""@Name"":""DescriptionSize"",""#text"":""179""},{""@Name"":""Description"",""#text"":""Run Assessment, d3d, -aname Batch -time 5 -fbc 10 -disp off -animate 10 -width 1280 -height 1024 -totalobj 300 -batchcnt C(10) -objs C(26) -rendertotex 6 -rtdelta 3 -texpobj C(1)""}]}}"
56,56,2025-01-20 15:09:04.046625+00:00,10,Info,Microsoft-Windows-WindowsSystemAssessmentTool,Microsoft-Windows-WindowsSystemAssessmentTool/Operational,2384,2448,win7,0,S-1-5-21-2630035287-469658536-4158816484-1000,,,,,,,,,,,False,C:\Users\BRIANNA\OneDrive\Documents\GitHub\NSSECU3_MP2\win7_files\Logs\Microsoft-Windows-WindowsSystemAssessmentTool_4Operational.evtx,Classic,0,"{""EventData"":{""Data"":{""@Name"":""PhaseID"",""#text"":""1001""}}}"
58,58,2025-01-20 15:09:04.812250+00:00,10,Info,Microsoft-Windows-WindowsSystemAssessmentTool,Microsoft-Windows-WindowsSystemAssessmentTool/Operational,2384,2448,win7,0,S-1-5-21-2630035287-469658536-4158816484-1000,,,,,,,,,,,False,C:\Users\BRIANNA\OneDrive\Documents\GitHub\NSSECU3_MP2\win7_files\Logs\Microsoft-Windows-WindowsSystemAssessmentTool_4Operational.evtx,Classic,0,"{""EventData"":{""Data"":{""@Name"":""PhaseID"",""#text"":""1006""}}}"
59,59,2025-01-20 15:09:04.812250+00:00,9,Info,Microsoft-Windows-WindowsSystemAssessmentTool,Microsoft-Windows-WindowsSystemAssessmentTool/Operational,2384,2448,win7,0,S-1-5-21-2630035287-469658536-4158816484-1000,,,,,,,,,,,False,C:\Users\BRIANNA\OneDrive\Documents\GitHub\NSSECU3_MP2\win7_files\Logs\Microsoft-Windows-WindowsSystemAssessmentTool_4Operational.evtx,Classic,0,"{""EventData"":{""Data"":[{""@Name"":""PhaseID"",""#text"":""1006""},{""@Name"":""DescriptionSize"",""#text"":""179""},{""@Name"":""Description"",""#text"":""Run Assessment, d3d, -aname Alpha -time 5 -fbc 10 -disp off -animate 10 -width 1280 -height 1024 -totalobj 300 -batchcnt C(75) -objs C(26) -rendertotex 6 -rtdelta 3 -texpobj C(1)""}]}}"
61,61,2025-01-20 15:09:05.109125+00:00,9,Info,Microsoft-Windows-WindowsSystemAssessmentTool,Microsoft-Windows-WindowsSystemAssessmentTool/Operational,2384,2448,win7,0,S-1-5-21-2630035287-469658536-4158816484-1000,,,,,,,,,,,False,C:\Users\BRIANNA\OneDrive\Documents\GitHub\NSSECU3_MP2\win7_files\Logs\Microsoft-Windows-WindowsSystemAssessmentTool_4Operational.evtx,Classic,0,"{""EventData"":{""Data"":[{""@Name"":""PhaseID"",""#text"":""1006""},{""@Name"":""DescriptionSize"",""#text"":""211""},{""@Name"":""Description"",""#text"":""Run Assessment, d3d, -aname Tex -time 5 -fbc 10 -disp off -animate 10 -width 1280 -height 1024 -totalobj 500 -batchcnt C(125) -objs C(20) -noalpha -texshader -totaltex 10 -texpobj C(4) -rendertotex 6 -rtdelta 3""}]}}"
60,60,2025-01-20 15:09:05.109125+00:00,10,Info,Microsoft-Windows-WindowsSystemAssessmentTool,Microsoft-Windows-WindowsSystemAssessmentTool/Operational,2384,2448,win7,0,S-1-5-21-2630035287-469658536-4158816484-1000,,,,,,,,,,,False,C:\Users\BRIANNA\OneDrive\Documents\GitHub\NSSECU3_MP2\win7_files\Logs\Microsoft-Windows-WindowsSystemAssessmentTool_4Operational.evtx,Classic,0,"{""EventData"":{""Data"":{""@Name"":""PhaseID"",""#text"":""1006""}}}"
62,62,2025-01-20 15:09:05.390375+00:00,10,Info,Microsoft-Windows-WindowsSystemAssessmentTool,Microsoft-Windows-WindowsSystemAssessmentTool/Operational,2384,2448,win7,0,S-1-5-21-2630035287-469658536-4158816484-1000,,,,,,,,,,,False,C:\Users\BRIANNA\OneDrive\Documents\GitHub\NSSECU3_MP2\win7_files\Logs\Microsoft-Windows-WindowsSystemAssessmentTool_4Operational.evtx,Classic,0,"{""EventData"":{""Data"":{""@Name"":""PhaseID"",""#text"":""1006""}}}"
63,63,2025-01-20 15:09:05.390375+00:00,9,Info,Microsoft-Windows-WindowsSystemAssessmentTool,Microsoft-Windows-WindowsSystemAssessmentTool/Operational,2384,2448,win7,0,S-1-5-21-2630035287-469658536-4158816484-1000,,,,,,,,,,,False,C:\Users\BRIANNA\OneDrive\Documents\GitHub\NSSECU3_MP2\win7_files\Logs\Microsoft-Windows-WindowsSystemAssessmentTool_4Operational.evtx,Classic,0,"{""EventData"":{""Data"":[{""@Name"":""PhaseID"",""#text"":""1006""},{""@Name"":""DescriptionSize"",""#text"":""211""},{""@Name"":""Description"",""#text"":""Run Assessment, d3d, -aname ALU -time 5 -fbc 10 -disp off -animate 10 -width 1280 -height 1024 -totalobj 500 -batchcnt C(125) -objs C(20) -noalpha -alushader -totaltex 10 -texpobj C(1) -rendertotex 6 -rtdelta 3""}]}}"
73,73,2025-01-20 15:09:05.687250+00:00,9,Info,Microsoft-Windows-WindowsSystemAssessmentTool,Microsoft-Windows-WindowsSystemAssessmentTool/Operational,2384,2448,win7,0,S-1-5-21-2630035287-469658536-4158816484-1000,,,,,,,,,,,False,C:\Users\BRIANNA\OneDrive\Documents\GitHub\NSSECU3_MP2\win7_files\Logs\Microsoft-Windows-WindowsSystemAssessmentTool_4Operational.evtx,Classic,0,"{""EventData"":{""Data"":[{""@Name"":""PhaseID"",""#text"":""1006""},{""@Name"":""DescriptionSize"",""#text"":""271""},{""@Name"":""Description"",""#text"":""Run Assessment, d3d, -dx10  -aname GeomF4 -time 7 -fbc 10 -disp off -animate 10 -width 1280 -height 1024 -totalobj 150;200;241 -batchcnt C(50);C(200);C(300) -objs C(12);C(26);C(45) -noalpha -geomf4shader -texpobj C(0) -rendertotex 6 -rtdelta 3 -tierframes 60 -tiertime 1""}]}}"
78,78,2025-01-20 15:09:05.687250+00:00,10,Info,Microsoft-Windows-WindowsSystemAssessmentTool,Microsoft-Windows-WindowsSystemAssessmentTool/Operational,2384,2448,win7,0,S-1-5-21-2630035287-469658536-4158816484-1000,,,,,,,,,,,False,C:\Users\BRIANNA\OneDrive\Documents\GitHub\NSSECU3_MP2\win7_files\Logs\Microsoft-Windows-WindowsSystemAssessmentTool_4Operational.evtx,Classic,0,"{""EventData"":{""Data"":{""@Name"":""PhaseID"",""#text"":""1006""}}}"
77,77,2025-01-20 15:09:05.687250+00:00,9,Info,Microsoft-Windows-WindowsSystemAssessmentTool,Microsoft-Windows-WindowsSystemAssessmentTool/Operational,2384,2448,win7,0,S-1-5-21-2630035287-469658536-4158816484-1000,,,,,,,,,,,False,C:\Users\BRIANNA\OneDrive\Documents\GitHub\NSSECU3_MP2\win7_files\Logs\Microsoft-Windows-WindowsSystemAssessmentTool_4Operational.evtx,Classic,0,"{""EventData"":{""Data"":[{""@Name"":""PhaseID"",""#text"":""1006""},{""@Name"":""DescriptionSize"",""#text"":""228""},{""@Name"":""Description"",""#text"":""Run Assessment, d3d, -dx10  -aname CBuffer -time 5 -fbc 10 -disp off -animate 10 -width 1280 -height 1024 -totalobj 75 -batchcnt C(25) -objs C(8) -rendertotex 6 -rtdelta 3 -texpobj C(1) -cbuffershader -cbufa 2 -cbuff 5 -cbufp 6""}]}}"
76,76,2025-01-20 15:09:05.687250+00:00,10,Info,Microsoft-Windows-WindowsSystemAssessmentTool,Microsoft-Windows-WindowsSystemAssessmentTool/Operational,2384,2448,win7,0,S-1-5-21-2630035287-469658536-4158816484-1000,,,,,,,,,,,False,C:\Users\BRIANNA\OneDrive\Documents\GitHub\NSSECU3_MP2\win7_files\Logs\Microsoft-Windows-WindowsSystemAssessmentTool_4Operational.evtx,Classic,0,"{""EventData"":{""Data"":{""@Name"":""PhaseID"",""#text"":""1006""}}}"
75,75,2025-01-20 15:09:05.687250+00:00,9,Info,Microsoft-Windows-WindowsSystemAssessmentTool,Microsoft-Windows-WindowsSystemAssessmentTool/Operational,2384,2448,win7,0,S-1-5-21-2630035287-469658536-4158816484-1000,,,,,,,,,,,False,C:\Users\BRIANNA\OneDrive\Documents\GitHub\NSSECU3_MP2\win7_files\Logs\Microsoft-Windows-WindowsSystemAssessmentTool_4Operational.evtx,Classic,0,"{""EventData"":{""Data"":[{""@Name"":""PhaseID"",""#text"":""1006""},{""@Name"":""DescriptionSize"",""#text"":""269""},{""@Name"":""Description"",""#text"":""Run Assessment, d3d, -dx10  -aname GeomV8 -time 7 -fbc 10 -disp off -animate 10 -width 1280 -height 1024 -totalobj 75;100;120 -batchcnt C(25);C(100);C(150) -objs C(8);C(17);C(29) -noalpha -geomv8shader -texpobj C(0) -rendertotex 6 -rtdelta 3 -tierframes 60 -tiertime 1""}]}}"
74,74,2025-01-20 15:09:05.687250+00:00,10,Info,Microsoft-Windows-WindowsSystemAssessmentTool,Microsoft-Windows-WindowsSystemAssessmentTool/Operational,2384,2448,win7,0,S-1-5-21-2630035287-469658536-4158816484-1000,,,,,,,,,,,False,C:\Users\BRIANNA\OneDrive\Documents\GitHub\NSSECU3_MP2\win7_files\Logs\Microsoft-Windows-WindowsSystemAssessmentTool_4Operational.evtx,Classic,0,"{""EventData"":{""Data"":{""@Name"":""PhaseID"",""#text"":""1006""}}}"
72,72,2025-01-20 15:09:05.687250+00:00,10,Info,Microsoft-Windows-WindowsSystemAssessmentTool,Microsoft-Windows-WindowsSystemAssessmentTool/Operational,2384,2448,win7,0,S-1-5-21-2630035287-469658536-4158816484-1000,,,,,,,,,,,False,C:\Users\BRIANNA\OneDrive\Documents\GitHub\NSSECU3_MP2\win7_files\Logs\Microsoft-Windows-WindowsSystemAssessmentTool_4Operational.evtx,Classic,0,"{""EventData"":{""Data"":{""@Name"":""PhaseID"",""#text"":""1006""}}}"
71,71,2025-01-20 15:09:05.687250+00:00,9,Info,Microsoft-Windows-WindowsSystemAssessmentTool,Microsoft-Windows-WindowsSystemAssessmentTool/Operational,2384,2448,win7,0,S-1-5-21-2630035287-469658536-4158816484-1000,,,,,,,,,,,False,C:\Users\BRIANNA\OneDrive\Documents\GitHub\NSSECU3_MP2\win7_files\Logs\Microsoft-Windows-WindowsSystemAssessmentTool_4Operational.evtx,Classic,0,"{""EventData"":{""Data"":[{""@Name"":""PhaseID"",""#text"":""1006""},{""@Name"":""DescriptionSize"",""#text"":""218""},{""@Name"":""Description"",""#text"":""Run Assessment, d3d, -dx10  -aname ALU -time 5 -fbc 10 -disp off -animate 10 -width 1280 -height 1024 -totalobj 500 -batchcnt C(125) -objs C(20) -noalpha -alushader -totaltex 10 -texpobj C(1) -rendertotex 6 -rtdelta 3""}]}}"
70,70,2025-01-20 15:09:05.687250+00:00,10,Info,Microsoft-Windows-WindowsSystemAssessmentTool,Microsoft-Windows-WindowsSystemAssessmentTool/Operational,2384,2448,win7,0,S-1-5-21-2630035287-469658536-4158816484-1000,,,,,,,,,,,False,C:\Users\BRIANNA\OneDrive\Documents\GitHub\NSSECU3_MP2\win7_files\Logs\Microsoft-Windows-WindowsSystemAssessmentTool_4Operational.evtx,Classic,0,"{""EventData"":{""Data"":{""@Name"":""PhaseID"",""#text"":""1006""}}}"
79,79,2025-01-20 15:09:05.687250+00:00,9,Info,Microsoft-Windows-WindowsSystemAssessmentTool,Microsoft-Windows-WindowsSystemAssessmentTool/Operational,2384,2448,win7,0,S-1-5-21-2630035287-469658536-4158816484-1000,,,,,,,,,,,False,C:\Users\BRIANNA\OneDrive\Documents\GitHub\NSSECU3_MP2\win7_files\Logs\Microsoft-Windows-WindowsSystemAssessmentTool_4Operational.evtx,Classic,0,"{""EventData"":{""Data"":[{""@Name"":""PhaseID"",""#text"":""1008""},{""@Name"":""DescriptionSize"",""#text"":""80""},{""@Name"":""Description"",""#text"":""Run Assessment, mfmedia, -input C:\\Windows\\Performance\\WinSAT\\winsat.wmv -nopmp""}]}}"
68,68,2025-01-20 15:09:05.687250+00:00,10,Info,Microsoft-Windows-WindowsSystemAssessmentTool,Microsoft-Windows-WindowsSystemAssessmentTool/Operational,2384,2448,win7,0,S-1-5-21-2630035287-469658536-4158816484-1000,,,,,,,,,,,False,C:\Users\BRIANNA\OneDrive\Documents\GitHub\NSSECU3_MP2\win7_files\Logs\Microsoft-Windows-WindowsSystemAssessmentTool_4Operational.evtx,Classic,0,"{""EventData"":{""Data"":{""@Name"":""PhaseID"",""#text"":""1006""}}}"
67,67,2025-01-20 15:09:05.687250+00:00,9,Info,Microsoft-Windows-WindowsSystemAssessmentTool,Microsoft-Windows-WindowsSystemAssessmentTool/Operational,2384,2448,win7,0,S-1-5-21-2630035287-469658536-4158816484-1000,,,,,,,,,,,False,C:\Users\BRIANNA\OneDrive\Documents\GitHub\NSSECU3_MP2\win7_files\Logs\Microsoft-Windows-WindowsSystemAssessmentTool_4Operational.evtx,Classic,0,"{""EventData"":{""Data"":[{""@Name"":""PhaseID"",""#text"":""1006""},{""@Name"":""DescriptionSize"",""#text"":""186""},{""@Name"":""Description"",""#text"":""Run Assessment, d3d, -dx10  -aname Alpha -time 5 -fbc 10 -disp off -animate 10 -width 1280 -height 1024 -totalobj 300 -batchcnt C(75) -objs C(26) -rendertotex 6 -rtdelta 3 -texpobj C(1)""}]}}"
66,66,2025-01-20 15:09:05.687250+00:00,10,Info,Microsoft-Windows-WindowsSystemAssessmentTool,Microsoft-Windows-WindowsSystemAssessmentTool/Operational,2384,2448,win7,0,S-1-5-21-2630035287-469658536-4158816484-1000,,,,,,,,,,,False,C:\Users\BRIANNA\OneDrive\Documents\GitHub\NSSECU3_MP2\win7_files\Logs\Microsoft-Windows-WindowsSystemAssessmentTool_4Operational.evtx,Classic,0,"{""EventData"":{""Data"":{""@Name"":""PhaseID"",""#text"":""1006""}}}"
65,65,2025-01-20 15:09:05.687250+00:00,9,Info,Microsoft-Windows-WindowsSystemAssessmentTool,Microsoft-Windows-WindowsSystemAssessmentTool/Operational,2384,2448,win7,0,S-1-5-21-2630035287-469658536-4158816484-1000,,,,,,,,,,,False,C:\Users\BRIANNA\OneDrive\Documents\GitHub\NSSECU3_MP2\win7_files\Logs\Microsoft-Windows-WindowsSystemAssessmentTool_4Operational.evtx,Classic,0,"{""EventData"":{""Data"":[{""@Name"":""PhaseID"",""#text"":""1006""},{""@Name"":""DescriptionSize"",""#text"":""186""},{""@Name"":""Description"",""#text"":""Run Assessment, d3d, -dx10  -aname Batch -time 5 -fbc 10 -disp off -animate 10 -width 1280 -height 1024 -totalobj 300 -batchcnt C(10) -objs C(26) -rendertotex 6 -rtdelta 3 -texpobj C(1)""}]}}"
64,64,2025-01-20 15:09:05.687250+00:00,10,Info,Microsoft-Windows-WindowsSystemAssessmentTool,Microsoft-Windows-WindowsSystemAssessmentTool/Operational,2384,2448,win7,0,S-1-5-21-2630035287-469658536-4158816484-1000,,,,,,,,,,,False,C:\Users\BRIANNA\OneDrive\Documents\GitHub\NSSECU3_MP2\win7_files\Logs\Microsoft-Windows-WindowsSystemAssessmentTool_4Operational.evtx,Classic,0,"{""EventData"":{""Data"":{""@Name"":""PhaseID"",""#text"":""1006""}}}"
69,69,2025-01-20 15:09:05.687250+00:00,9,Info,Microsoft-Windows-WindowsSystemAssessmentTool,Microsoft-Windows-WindowsSystemAssessmentTool/Operational,2384,2448,win7,0,S-1-5-21-2630035287-469658536-4158816484-1000,,,,,,,,,,,False,C:\Users\BRIANNA\OneDrive\Documents\GitHub\NSSECU3_MP2\win7_files\Logs\Microsoft-Windows-WindowsSystemAssessmentTool_4Operational.evtx,Classic,0,"{""EventData"":{""Data"":[{""@Name"":""PhaseID"",""#text"":""1006""},{""@Name"":""DescriptionSize"",""#text"":""218""},{""@Name"":""Description"",""#text"":""Run Assessment, d3d, -dx10  -aname Tex -time 5 -fbc 10 -disp off -animate 10 -width 1280 -height 1024 -totalobj 500 -batchcnt C(125) -objs C(20) -noalpha -texshader -totaltex 10 -texpobj C(4) -rendertotex 6 -rtdelta 3""}]}}"
516,516,2025-01-20 15:09:05.859125+00:00,7036,Info,Service Control Manager,System,448,3052,win7,3,,Service started or stopped,,,Name: Multimedia Class Scheduler | Multimedia Class Scheduler,Status: running,,,,,,False,C:\Users\BRIANNA\OneDrive\Documents\GitHub\NSSECU3_MP2\win7_files\Logs\System.evtx,"Audit success, classic",0,"{""EventData"":{""Data"":[{""@Name"":""param1"",""#text"":""Multimedia Class Scheduler""},{""@Name"":""param2"",""#text"":""running""}],""Binary"":""4D-00-4D-00-43-00-53-00-53-00-2F-00-34-00-00-00""}}"
80,80,2025-01-20 15:09:09.297601500+00:00,10,Info,Microsoft-Windows-WindowsSystemAssessmentTool,Microsoft-Windows-WindowsSystemAssessmentTool/Operational,2384,2448,win7,0,S-1-5-21-2630035287-469658536-4158816484-1000,,,,,,,,,,,False,C:\Users\BRIANNA\OneDrive\Documents\GitHub\NSSECU3_MP2\win7_files\Logs\Microsoft-Windows-WindowsSystemAssessmentTool_4Operational.evtx,Classic,0,"{""EventData"":{""Data"":{""@Name"":""PhaseID"",""#text"":""1008""}}}"
81,81,2025-01-20 15:09:09.297601500+00:00,9,Info,Microsoft-Windows-WindowsSystemAssessmentTool,Microsoft-Windows-WindowsSystemAssessmentTool/Operational,2384,2448,win7,0,S-1-5-21-2630035287-469658536-4158816484-1000,,,,,,,,,,,False,C:\Users\BRIANNA\OneDrive\Documents\GitHub\NSSECU3_MP2\win7_files\Logs\Microsoft-Windows-WindowsSystemAssessmentTool_4Operational.evtx,Classic,0,"{""EventData"":{""Data"":[{""@Name"":""PhaseID"",""#text"":""1009""},{""@Name"":""DescriptionSize"",""#text"":""251""},{""@Name"":""Description"",""#text"":""Run Assessment, mediaex, -input C:\\Windows\\Performance\\WinSAT\\Clip_1080_5sec_MPEG2_HD_15mbps.mpg -dshow -video offscreen -audio mute -width 100%m -height 100%m -constrain -savereg -autoprofname -expfrmmin 270 -expfrmmax 300 -overrideframetype int2fps""}]}}"
93,93,2025-01-20 15:09:09.305414+00:00,9,Info,Microsoft-Windows-WindowsSystemAssessmentTool,Microsoft-Windows-WindowsSystemAssessmentTool/Operational,2384,2448,win7,0,S-1-5-21-2630035287-469658536-4158816484-1000,,,,,,,,,,,False,C:\Users\BRIANNA\OneDrive\Documents\GitHub\NSSECU3_MP2\win7_files\Logs\Microsoft-Windows-WindowsSystemAssessmentTool_4Operational.evtx,Classic,0,"{""EventData"":{""Data"":[{""@Name"":""PhaseID"",""#text"":""1007""},{""@Name"":""DescriptionSize"",""#text"":""126""},{""@Name"":""Description"",""#text"":""Run Assessment, media, -input C:\\Windows\\Performance\\WinSAT\\winsatencode.wmv -encode C:\\Windows\\Performance\\WinSAT\\winsat.prx""}]}}"
92,92,2025-01-20 15:09:09.305414+00:00,10,Info,Microsoft-Windows-WindowsSystemAssessmentTool,Microsoft-Windows-WindowsSystemAssessmentTool/Operational,2384,2448,win7,0,S-1-5-21-2630035287-469658536-4158816484-1000,,,,,,,,,,,False,C:\Users\BRIANNA\OneDrive\Documents\GitHub\NSSECU3_MP2\win7_files\Logs\Microsoft-Windows-WindowsSystemAssessmentTool_4Operational.evtx,Classic,0,"{""EventData"":{""Data"":{""@Name"":""PhaseID"",""#text"":""1009""}}}"
91,91,2025-01-20 15:09:09.305414+00:00,9,Info,Microsoft-Windows-WindowsSystemAssessmentTool,Microsoft-Windows-WindowsSystemAssessmentTool/Operational,2384,2448,win7,0,S-1-5-21-2630035287-469658536-4158816484-1000,,,,,,,,,,,False,C:\Users\BRIANNA\OneDrive\Documents\GitHub\NSSECU3_MP2\win7_files\Logs\Microsoft-Windows-WindowsSystemAssessmentTool_4Operational.evtx,Classic,0,"{""EventData"":{""Data"":[{""@Name"":""PhaseID"",""#text"":""1009""},{""@Name"":""DescriptionSize"",""#text"":""238""},{""@Name"":""Description"",""#text"":""Run Assessment, mediaex, -input C:\\Windows\\Performance\\WinSAT\\Clip_480_5sec_6mbps_h264.mp4 -video offscreen -audio mute -width 100%m -height 100%m -constrain -savereg -autoprofname -expfrmmin 270 -expfrmmax 300 -overrideframetype int2fps""}]}}"
90,90,2025-01-20 15:09:09.305414+00:00,10,Info,Microsoft-Windows-WindowsSystemAssessmentTool,Microsoft-Windows-WindowsSystemAssessmentTool/Operational,2384,2448,win7,0,S-1-5-21-2630035287-469658536-4158816484-1000,,,,,,,,,,,False,C:\Users\BRIANNA\OneDrive\Documents\GitHub\NSSECU3_MP2\win7_files\Logs\Microsoft-Windows-WindowsSystemAssessmentTool_4Operational.evtx,Classic,0,"{""EventData"":{""Data"":{""@Name"":""PhaseID"",""#text"":""1009""}}}"
89,89,2025-01-20 15:09:09.305414+00:00,9,Info,Microsoft-Windows-WindowsSystemAssessmentTool,Microsoft-Windows-WindowsSystemAssessmentTool/Operational,2384,2448,win7,0,S-1-5-21-2630035287-469658536-4158816484-1000,,,,,,,,,,,False,C:\Users\BRIANNA\OneDrive\Documents\GitHub\NSSECU3_MP2\win7_files\Logs\Microsoft-Windows-WindowsSystemAssessmentTool_4Operational.evtx,Classic,0,"{""EventData"":{""Data"":[{""@Name"":""PhaseID"",""#text"":""1009""},{""@Name"":""DescriptionSize"",""#text"":""237""},{""@Name"":""Description"",""#text"":""Run Assessment, mediaex, -input C:\\Windows\\Performance\\WinSAT\\Clip_1080_5sec_10mbps_h264.mp4 -video offscreen -audio mute -width 100%m -height 100%m -constrain -savereg -autoprofname -expfrmmin 135 -expfrmmax 150 -overrideframetype prog""}]}}"
88,88,2025-01-20 15:09:09.305414+00:00,10,Info,Microsoft-Windows-WindowsSystemAssessmentTool,Microsoft-Windows-WindowsSystemAssessmentTool/Operational,2384,2448,win7,0,S-1-5-21-2630035287-469658536-4158816484-1000,,,,,,,,,,,False,C:\Users\BRIANNA\OneDrive\Documents\GitHub\NSSECU3_MP2\win7_files\Logs\Microsoft-Windows-WindowsSystemAssessmentTool_4Operational.evtx,Classic,0,"{""EventData"":{""Data"":{""@Name"":""PhaseID"",""#text"":""1009""}}}"
87,87,2025-01-20 15:09:09.305414+00:00,9,Info,Microsoft-Windows-WindowsSystemAssessmentTool,Microsoft-Windows-WindowsSystemAssessmentTool/Operational,2384,2448,win7,0,S-1-5-21-2630035287-469658536-4158816484-1000,,,,,,,,,,,False,C:\Users\BRIANNA\OneDrive\Documents\GitHub\NSSECU3_MP2\win7_files\Logs\Microsoft-Windows-WindowsSystemAssessmentTool_4Operational.evtx,Classic,0,"{""EventData"":{""Data"":[{""@Name"":""PhaseID"",""#text"":""1009""},{""@Name"":""DescriptionSize"",""#text"":""242""},{""@Name"":""Description"",""#text"":""Run Assessment, mediaex, -input C:\\Windows\\Performance\\WinSAT\\Clip_480p_5sec_6mbps_new.mpg -dshow -video offscreen -audio mute -width 100%m -height 100%m -constrain -savereg -autoprofname -expfrmmin 135 -expfrmmax 150 -overrideframetype prog""}]}}"
85,85,2025-01-20 15:09:09.305414+00:00,9,Info,Microsoft-Windows-WindowsSystemAssessmentTool,Microsoft-Windows-WindowsSystemAssessmentTool/Operational,2384,2448,win7,0,S-1-5-21-2630035287-469658536-4158816484-1000,,,,,,,,,,,False,C:\Users\BRIANNA\OneDrive\Documents\GitHub\NSSECU3_MP2\win7_files\Logs\Microsoft-Windows-WindowsSystemAssessmentTool_4Operational.evtx,Classic,0,"{""EventData"":{""Data"":[{""@Name"":""PhaseID"",""#text"":""1009""},{""@Name"":""DescriptionSize"",""#text"":""245""},{""@Name"":""Description"",""#text"":""Run Assessment, mediaex, -input C:\\Windows\\Performance\\WinSAT\\Clip_480i_5sec_6mbps_new.mpg -dshow -video offscreen -audio mute -width 100%m -height 100%m -constrain -savereg -autoprofname -expfrmmin 270 -expfrmmax 300 -overrideframetype int2fps""}]}}"
84,84,2025-01-20 15:09:09.305414+00:00,10,Info,Microsoft-Windows-WindowsSystemAssessmentTool,Microsoft-Windows-WindowsSystemAssessmentTool/Operational,2384,2448,win7,0,S-1-5-21-2630035287-469658536-4158816484-1000,,,,,,,,,,,False,C:\Users\BRIANNA\OneDrive\Documents\GitHub\NSSECU3_MP2\win7_files\Logs\Microsoft-Windows-WindowsSystemAssessmentTool_4Operational.evtx,Classic,0,"{""EventData"":{""Data"":{""@Name"":""PhaseID"",""#text"":""1009""}}}"
83,83,2025-01-20 15:09:09.305414+00:00,9,Info,Microsoft-Windows-WindowsSystemAssessmentTool,Microsoft-Windows-WindowsSystemAssessmentTool/Operational,2384,2448,win7,0,S-1-5-21-2630035287-469658536-4158816484-1000,,,,,,,,,,,False,C:\Users\BRIANNA\OneDrive\Documents\GitHub\NSSECU3_MP2\win7_files\Logs\Microsoft-Windows-WindowsSystemAssessmentTool_4Operational.evtx,Classic,0,"{""EventData"":{""Data"":[{""@Name"":""PhaseID"",""#text"":""1009""},{""@Name"":""DescriptionSize"",""#text"":""236""},{""@Name"":""Description"",""#text"":""Run Assessment, mediaex, -input C:\\Windows\\Performance\\WinSAT\\Clip_1080_5sec_VC1_15mbps.wmv -video offscreen -audio mute -width 100%m -height 100%m -constrain -savereg -autoprofname -expfrmmin 135 -expfrmmax 150 -overrideframetype prog""}]}}"
82,82,2025-01-20 15:09:09.305414+00:00,10,Info,Microsoft-Windows-WindowsSystemAssessmentTool,Microsoft-Windows-WindowsSystemAssessmentTool/Operational,2384,2448,win7,0,S-1-5-21-2630035287-469658536-4158816484-1000,,,,,,,,,,,False,C:\Users\BRIANNA\OneDrive\Documents\GitHub\NSSECU3_MP2\win7_files\Logs\Microsoft-Windows-WindowsSystemAssessmentTool_4Operational.evtx,Classic,0,"{""EventData"":{""Data"":{""@Name"":""PhaseID"",""#text"":""1009""}}}"
86,86,2025-01-20 15:09:09.305414+00:00,10,Info,Microsoft-Windows-WindowsSystemAssessmentTool,Microsoft-Windows-WindowsSystemAssessmentTool/Operational,2384,2448,win7,0,S-1-5-21-2630035287-469658536-4158816484-1000,,,,,,,,,,,False,C:\Users\BRIANNA\OneDrive\Documents\GitHub\NSSECU3_MP2\win7_files\Logs\Microsoft-Windows-WindowsSystemAssessmentTool_4Operational.evtx,Classic,0,"{""EventData"":{""Data"":{""@Name"":""PhaseID"",""#text"":""1009""}}}"
94,94,2025-01-20 15:09:15.117914+00:00,10,Info,Microsoft-Windows-WindowsSystemAssessmentTool,Microsoft-Windows-WindowsSystemAssessmentTool/Operational,2384,2448,win7,0,S-1-5-21-2630035287-469658536-4158816484-1000,,,,,,,,,,,False,C:\Users\BRIANNA\OneDrive\Documents\GitHub\NSSECU3_MP2\win7_files\Logs\Microsoft-Windows-WindowsSystemAssessmentTool_4Operational.evtx,Classic,0,"{""EventData"":{""Data"":{""@Name"":""PhaseID"",""#text"":""1007""}}}"
95,95,2025-01-20 15:09:15.117914+00:00,9,Info,Microsoft-Windows-WindowsSystemAssessmentTool,Microsoft-Windows-WindowsSystemAssessmentTool/Operational,2384,2448,win7,0,S-1-5-21-2630035287-469658536-4158816484-1000,,,,,,,,,,,False,C:\Users\BRIANNA\OneDrive\Documents\GitHub\NSSECU3_MP2\win7_files\Logs\Microsoft-Windows-WindowsSystemAssessmentTool_4Operational.evtx,Classic,0,"{""EventData"":{""Data"":[{""@Name"":""PhaseID"",""#text"":""1010""},{""@Name"":""DescriptionSize"",""#text"":""26""},{""@Name"":""Description"",""#text"":""Run Assessment, moobego, ""}]}}"
96,96,2025-01-20 15:09:15.133539+00:00,10,Info,Microsoft-Windows-WindowsSystemAssessmentTool,Microsoft-Windows-WindowsSystemAssessmentTool/Operational,2384,2448,win7,0,S-1-5-21-2630035287-469658536-4158816484-1000,,,,,,,,,,,False,C:\Users\BRIANNA\OneDrive\Documents\GitHub\NSSECU3_MP2\win7_files\Logs\Microsoft-Windows-WindowsSystemAssessmentTool_4Operational.evtx,Classic,0,"{""EventData"":{""Data"":{""@Name"":""PhaseID"",""#text"":""1010""}}}"
97,97,2025-01-20 15:09:15.133539+00:00,9,Info,Microsoft-Windows-WindowsSystemAssessmentTool,Microsoft-Windows-WindowsSystemAssessmentTool/Operational,2384,2448,win7,0,S-1-5-21-2630035287-469658536-4158816484-1000,,,,,,,,,,,False,C:\Users\BRIANNA\OneDrive\Documents\GitHub\NSSECU3_MP2\win7_files\Logs\Microsoft-Windows-WindowsSystemAssessmentTool_4Operational.evtx,Classic,0,"{""EventData"":{""Data"":[{""@Name"":""PhaseID"",""#text"":""1002""},{""@Name"":""DescriptionSize"",""#text"":""37""},{""@Name"":""Description"",""#text"":""Run Assessment, cpu, -encryption -up""}]}}"
99,99,2025-01-20 15:09:25.258539+00:00,9,Info,Microsoft-Windows-WindowsSystemAssessmentTool,Microsoft-Windows-WindowsSystemAssessmentTool/Operational,2384,2448,win7,0,S-1-5-21-2630035287-469658536-4158816484-1000,,,,,,,,,,,False,C:\Users\BRIANNA\OneDrive\Documents\GitHub\NSSECU3_MP2\win7_files\Logs\Microsoft-Windows-WindowsSystemAssessmentTool_4Operational.evtx,Classic,0,"{""EventData"":{""Data"":[{""@Name"":""PhaseID"",""#text"":""1002""},{""@Name"":""DescriptionSize"",""#text"":""38""},{""@Name"":""Description"",""#text"":""Run Assessment, cpu, -compression -up""}]}}"
98,98,2025-01-20 15:09:25.258539+00:00,10,Info,Microsoft-Windows-WindowsSystemAssessmentTool,Microsoft-Windows-WindowsSystemAssessmentTool/Operational,2384,2448,win7,0,S-1-5-21-2630035287-469658536-4158816484-1000,,,,,,,,,,,False,C:\Users\BRIANNA\OneDrive\Documents\GitHub\NSSECU3_MP2\win7_files\Logs\Microsoft-Windows-WindowsSystemAssessmentTool_4Operational.evtx,Classic,0,"{""EventData"":{""Data"":{""@Name"":""PhaseID"",""#text"":""1002""}}}"
101,101,2025-01-20 15:09:35.321039+00:00,9,Info,Microsoft-Windows-WindowsSystemAssessmentTool,Microsoft-Windows-WindowsSystemAssessmentTool/Operational,2384,2448,win7,0,S-1-5-21-2630035287-469658536-4158816484-1000,,,,,,,,,,,False,C:\Users\BRIANNA\OneDrive\Documents\GitHub\NSSECU3_MP2\win7_files\Logs\Microsoft-Windows-WindowsSystemAssessmentTool_4Operational.evtx,Classic,0,"{""EventData"":{""Data"":[{""@Name"":""PhaseID"",""#text"":""1002""},{""@Name"":""DescriptionSize"",""#text"":""38""},{""@Name"":""Description"",""#text"":""Run Assessment, cpu, -encryption2 -up""}]}}"
100,100,2025-01-20 15:09:35.321039+00:00,10,Info,Microsoft-Windows-WindowsSystemAssessmentTool,Microsoft-Windows-WindowsSystemAssessmentTool/Operational,2384,2448,win7,0,S-1-5-21-2630035287-469658536-4158816484-1000,,,,,,,,,,,False,C:\Users\BRIANNA\OneDrive\Documents\GitHub\NSSECU3_MP2\win7_files\Logs\Microsoft-Windows-WindowsSystemAssessmentTool_4Operational.evtx,Classic,0,"{""EventData"":{""Data"":{""@Name"":""PhaseID"",""#text"":""1002""}}}"
102,102,2025-01-20 15:09:45.430414+00:00,10,Info,Microsoft-Windows-WindowsSystemAssessmentTool,Microsoft-Windows-WindowsSystemAssessmentTool/Operational,2384,2448,win7,0,S-1-5-21-2630035287-469658536-4158816484-1000,,,,,,,,,,,False,C:\Users\BRIANNA\OneDrive\Documents\GitHub\NSSECU3_MP2\win7_files\Logs\Microsoft-Windows-WindowsSystemAssessmentTool_4Operational.evtx,Classic,0,"{""EventData"":{""Data"":{""@Name"":""PhaseID"",""#text"":""1002""}}}"
