RecordNumber,EventRecordId,TimeCreated,EventId,Level,Provider,Channel,ProcessId,ThreadId,Computer,ChunkNumber,UserId,MapDescription,UserName,RemoteHost,PayloadData1,PayloadData2,PayloadData3,PayloadData4,PayloadData5,PayloadData6,ExecutableInfo,HiddenRecord,SourceFile,Keywords,ExtraDataOffset,Payload
1,1,2010-11-21 03:58:31.093172100+00:00,1002,Info,Microsoft-Windows-Resource-Exhaustion-Detector,Microsoft-Windows-Resource-Exhaustion-Detector/Operational,1048,1576,37L4247F27-25,0,S-1-5-19,,,,,,,,,,,False,C:\Users\BRIANNA\OneDrive\Documents\GitHub\NSSECU3_MP2\win7_files\Logs\Microsoft-Windows-Resource-Exhaustion-Detector_4Operational.evtx,0x4000000010000000,0,"{""EventData"":""""}"
4,4,2010-11-21 03:58:31.093172100+00:00,7036,Info,Service Control Manager,System,524,848,37L4247F27-25,0,,Service started or stopped,,,Name: Diagnostic Policy Service | Diagnostic Policy Service,Status: stopped,,,,,,False,C:\Users\BRIANNA\OneDrive\Documents\GitHub\NSSECU3_MP2\win7_files\Logs\System.evtx,"Audit success, classic",0,"{""EventData"":{""Data"":[{""@Name"":""param1"",""#text"":""Diagnostic Policy Service""},{""@Name"":""param2"",""#text"":""stopped""}],""Binary"":""44-00-50-00-53-00-2F-00-31-00-00-00""}}"
5,5,2010-11-21 03:58:31.093172100+00:00,7036,Info,Service Control Manager,System,524,848,37L4247F27-25,0,,Service started or stopped,,,Name: Windows Event Log | Windows Event Log,Status: stopped,,,,,,False,C:\Users\BRIANNA\OneDrive\Documents\GitHub\NSSECU3_MP2\win7_files\Logs\System.evtx,"Audit success, classic",0,"{""EventData"":{""Data"":[{""@Name"":""param1"",""#text"":""Windows Event Log""},{""@Name"":""param2"",""#text"":""stopped""}],""Binary"":""65-00-76-00-65-00-6E-00-74-00-6C-00-6F-00-67-00-2F-00-31-00-00-00""}}"
6,6,2010-11-21 03:58:31.108772100+00:00,7036,Info,Service Control Manager,System,524,848,37L4247F27-25,0,,Service started or stopped,,,Name: Power | Power,Status: stopped,,,,,,False,C:\Users\BRIANNA\OneDrive\Documents\GitHub\NSSECU3_MP2\win7_files\Logs\System.evtx,"Audit success, classic",0,"{""EventData"":{""Data"":[{""@Name"":""param1"",""#text"":""Power""},{""@Name"":""param2"",""#text"":""stopped""}],""Binary"":""50-00-6F-00-77-00-65-00-72-00-2F-00-31-00-00-00""}}"
7,7,2010-11-21 03:58:31.108772100+00:00,7036,Info,Service Control Manager,System,524,848,37L4247F27-25,0,,Service started or stopped,,,Name: Desktop Window Manager Session Manager | Desktop Window Manager Session Manager,Status: stopped,,,,,,False,C:\Users\BRIANNA\OneDrive\Documents\GitHub\NSSECU3_MP2\win7_files\Logs\System.evtx,"Audit success, classic",0,"{""EventData"":{""Data"":[{""@Name"":""param1"",""#text"":""Desktop Window Manager Session Manager""},{""@Name"":""param2"",""#text"":""stopped""}],""Binary"":""55-00-78-00-53-00-6D-00-73-00-2F-00-31-00-00-00""}}"
8,8,2010-11-21 03:58:31.108772100+00:00,7036,Info,Service Control Manager,System,524,848,37L4247F27-25,0,,Service started or stopped,,,Name: Distributed Link Tracking Client | Distributed Link Tracking Client,Status: stopped,,,,,,False,C:\Users\BRIANNA\OneDrive\Documents\GitHub\NSSECU3_MP2\win7_files\Logs\System.evtx,"Audit success, classic",0,"{""EventData"":{""Data"":[{""@Name"":""param1"",""#text"":""Distributed Link Tracking Client""},{""@Name"":""param2"",""#text"":""stopped""}],""Binary"":""54-00-72-00-6B-00-57-00-6B-00-73-00-2F-00-31-00-00-00""}}"
9,9,2010-11-21 03:58:31.108772100+00:00,7036,Info,Service Control Manager,System,524,848,37L4247F27-25,0,,Service started or stopped,,,Name: Windows Search | Windows Search,Status: stopped,,,,,,False,C:\Users\BRIANNA\OneDrive\Documents\GitHub\NSSECU3_MP2\win7_files\Logs\System.evtx,"Audit success, classic",0,"{""EventData"":{""Data"":[{""@Name"":""param1"",""#text"":""Windows Search""},{""@Name"":""param2"",""#text"":""stopped""}],""Binary"":""57-00-53-00-65-00-61-00-72-00-63-00-68-00-2F-00-31-00-00-00""}}"
12,12,2010-11-21 03:58:31.124372100+00:00,7036,Info,Service Control Manager,System,524,220,37L4247F27-25,0,,Service started or stopped,,,Name: User Profile Service | User Profile Service,Status: stopped,,,,,,False,C:\Users\BRIANNA\OneDrive\Documents\GitHub\NSSECU3_MP2\win7_files\Logs\System.evtx,"Audit success, classic",0,"{""EventData"":{""Data"":[{""@Name"":""param1"",""#text"":""User Profile Service""},{""@Name"":""param2"",""#text"":""stopped""}],""Binary"":""50-00-72-00-6F-00-66-00-53-00-76-00-63-00-2F-00-31-00-00-00""}}"
1,1,2010-11-21 03:58:31.124372100+00:00,1532,Info,Microsoft-Windows-User Profiles Service,Application,928,996,37L4247F27-25,0,S-1-5-18,,,,,,,,,,,False,C:\Users\BRIANNA\OneDrive\Documents\GitHub\NSSECU3_MP2\win7_files\Logs\Application.evtx,Classic,0,"{""EventData"":""""}"
10,10,2010-11-21 03:58:31.124372100+00:00,7036,Info,Service Control Manager,System,524,848,37L4247F27-25,0,,Service started or stopped,,,Name: Security Center | Security Center,Status: stopped,,,,,,False,C:\Users\BRIANNA\OneDrive\Documents\GitHub\NSSECU3_MP2\win7_files\Logs\System.evtx,"Audit success, classic",0,"{""EventData"":{""Data"":[{""@Name"":""param1"",""#text"":""Security Center""},{""@Name"":""param2"",""#text"":""stopped""}],""Binary"":""77-00-73-00-63-00-73-00-76-00-63-00-2F-00-31-00-00-00""}}"
11,11,2010-11-21 03:58:31.124372100+00:00,7036,Info,Service Control Manager,System,524,220,37L4247F27-25,0,,Service started or stopped,,,Name: Microsoft Software Shadow Copy Provider | Microsoft Software Shadow Copy Provider,Status: stopped,,,,,,False,C:\Users\BRIANNA\OneDrive\Documents\GitHub\NSSECU3_MP2\win7_files\Logs\System.evtx,"Audit success, classic",0,"{""EventData"":{""Data"":[{""@Name"":""param1"",""#text"":""Microsoft Software Shadow Copy Provider""},{""@Name"":""param2"",""#text"":""stopped""}],""Binary"":""73-00-77-00-70-00-72-00-76-00-2F-00-31-00-00-00""}}"
13,13,2010-11-21 03:58:31.139972200+00:00,51047,Info,Microsoft-Windows-DHCPv6-Client,System,812,332,37L4247F27-25,0,S-1-5-19,,,,,,,,,,,False,C:\Users\BRIANNA\OneDrive\Documents\GitHub\NSSECU3_MP2\win7_files\Logs\System.evtx,0x2000000000000000,0,"{""EventData"":{""Data"":{""@Name"":""DwordVal"",""#text"":""1""}}}"
14,14,2010-11-21 03:58:31.139972200+00:00,50037,Info,Microsoft-Windows-Dhcp-Client,System,812,380,37L4247F27-25,0,S-1-5-19,,,,,,,,,,,False,C:\Users\BRIANNA\OneDrive\Documents\GitHub\NSSECU3_MP2\win7_files\Logs\System.evtx,0x2000000000000000,0,"{""EventData"":{""Data"":{""@Name"":""DwordVal"",""#text"":""1""}}}"
15,15,2010-11-21 03:58:31.139972200+00:00,7036,Info,Service Control Manager,System,524,220,37L4247F27-25,0,,Service started or stopped,,,Name: DHCP Client | DHCP Client,Status: stopped,,,,,,False,C:\Users\BRIANNA\OneDrive\Documents\GitHub\NSSECU3_MP2\win7_files\Logs\System.evtx,"Audit success, classic",0,"{""EventData"":{""Data"":[{""@Name"":""param1"",""#text"":""DHCP Client""},{""@Name"":""param2"",""#text"":""stopped""}],""Binary"":""44-00-68-00-63-00-70-00-2F-00-31-00-00-00""}}"
16,16,2010-11-21 03:58:31.202372300+00:00,7036,Info,Service Control Manager,System,524,220,37L4247F27-25,0,,Service started or stopped,,,Name: Windows Font Cache Service | Windows Font Cache Service,Status: stopped,,,,,,False,C:\Users\BRIANNA\OneDrive\Documents\GitHub\NSSECU3_MP2\win7_files\Logs\System.evtx,"Audit success, classic",0,"{""EventData"":{""Data"":[{""@Name"":""param1"",""#text"":""Windows Font Cache Service""},{""@Name"":""param2"",""#text"":""stopped""}],""Binary"":""46-00-6F-00-6E-00-74-00-43-00-61-00-63-00-68-00-65-00-2F-00-31-00-00-00""}}"
17,17,2010-11-21 03:58:31.202372300+00:00,7036,Info,Service Control Manager,System,524,848,37L4247F27-25,0,,Service started or stopped,,,Name: Windows Management Instrumentation | Windows Management Instrumentation,Status: stopped,,,,,,False,C:\Users\BRIANNA\OneDrive\Documents\GitHub\NSSECU3_MP2\win7_files\Logs\System.evtx,"Audit success, classic",0,"{""EventData"":{""Data"":[{""@Name"":""param1"",""#text"":""Windows Management Instrumentation""},{""@Name"":""param2"",""#text"":""stopped""}],""Binary"":""57-00-69-00-6E-00-6D-00-67-00-6D-00-74-00-2F-00-31-00-00-00""}}"
18,18,2010-11-21 03:58:31.202372300+00:00,7036,Info,Service Control Manager,System,524,220,37L4247F27-25,0,,Service started or stopped,,,Name: IPsec Policy Agent | IPsec Policy Agent,Status: stopped,,,,,,False,C:\Users\BRIANNA\OneDrive\Documents\GitHub\NSSECU3_MP2\win7_files\Logs\System.evtx,"Audit success, classic",0,"{""EventData"":{""Data"":[{""@Name"":""param1"",""#text"":""IPsec Policy Agent""},{""@Name"":""param2"",""#text"":""stopped""}],""Binary"":""50-00-6F-00-6C-00-69-00-63-00-79-00-41-00-67-00-65-00-6E-00-74-00-2F-00-31-00-00-00""}}"
19,19,2010-11-21 03:58:31.202372300+00:00,7036,Info,Service Control Manager,System,524,2668,37L4247F27-25,0,,Service started or stopped,,,Name: Volume Shadow Copy | Volume Shadow Copy,Status: stopped,,,,,,False,C:\Users\BRIANNA\OneDrive\Documents\GitHub\NSSECU3_MP2\win7_files\Logs\System.evtx,"Audit success, classic",0,"{""EventData"":{""Data"":[{""@Name"":""param1"",""#text"":""Volume Shadow Copy""},{""@Name"":""param2"",""#text"":""stopped""}],""Binary"":""56-00-53-00-53-00-2F-00-31-00-00-00""}}"
20,20,2010-11-21 03:58:31.420772700+00:00,7036,Info,Service Control Manager,System,524,2668,37L4247F27-25,0,,Service started or stopped,,,Name: Windows Defender | Windows Defender,Status: stopped,,,,,,False,C:\Users\BRIANNA\OneDrive\Documents\GitHub\NSSECU3_MP2\win7_files\Logs\System.evtx,"Audit success, classic",0,"{""EventData"":{""Data"":[{""@Name"":""param1"",""#text"":""Windows Defender""},{""@Name"":""param2"",""#text"":""stopped""}],""Binary"":""57-00-69-00-6E-00-44-00-65-00-66-00-65-00-6E-00-64-00-2F-00-31-00-00-00""}}"
1,1,2010-11-21 03:58:31.420772700+00:00,101,LogAlways,Microsoft-Windows-Windows Defender,Microsoft-Windows-Windows Defender/WHC,2272,752,37L4247F27-25,0,S-1-5-18,,,,,,,,,,,False,C:\Users\BRIANNA\OneDrive\Documents\GitHub\NSSECU3_MP2\win7_files\Logs\Microsoft-Windows-Windows Defender_4WHC.evtx,0x4000000000000000,0,"{""EventData"":{""Data"":{""@Name"":""hc_stateid"",""#text"":""2""}}}"
21,21,2010-11-21 03:58:31.436372700+00:00,7036,Info,Service Control Manager,System,524,220,37L4247F27-25,0,,Service started or stopped,,,Name: Software Protection | Software Protection,Status: stopped,,,,,,False,C:\Users\BRIANNA\OneDrive\Documents\GitHub\NSSECU3_MP2\win7_files\Logs\System.evtx,"Audit success, classic",0,"{""EventData"":{""Data"":[{""@Name"":""param1"",""#text"":""Software Protection""},{""@Name"":""param2"",""#text"":""stopped""}],""Binary"":""73-00-70-00-70-00-73-00-76-00-63-00-2F-00-31-00-00-00""}}"
22,22,2010-11-21 03:58:31.607973+00:00,7036,Info,Service Control Manager,System,524,220,37L4247F27-25,0,,Service started or stopped,,,Name: Cryptographic Services | Cryptographic Services,Status: stopped,,,,,,False,C:\Users\BRIANNA\OneDrive\Documents\GitHub\NSSECU3_MP2\win7_files\Logs\System.evtx,"Audit success, classic",0,"{""EventData"":{""Data"":[{""@Name"":""param1"",""#text"":""Cryptographic Services""},{""@Name"":""param2"",""#text"":""stopped""}],""Binary"":""43-00-72-00-79-00-70-00-74-00-53-00-76-00-63-00-2F-00-31-00-00-00""}}"
24,24,2010-11-21 03:58:31.607973+00:00,7036,Info,Service Control Manager,System,524,2668,37L4247F27-25,0,,Service started or stopped,,,Name: Plug and Play | Plug and Play,Status: stopped,,,,,,False,C:\Users\BRIANNA\OneDrive\Documents\GitHub\NSSECU3_MP2\win7_files\Logs\System.evtx,"Audit success, classic",0,"{""EventData"":{""Data"":[{""@Name"":""param1"",""#text"":""Plug and Play""},{""@Name"":""param2"",""#text"":""stopped""}],""Binary"":""50-00-6C-00-75-00-67-00-50-00-6C-00-61-00-79-00-2F-00-31-00-00-00""}}"
23,23,2010-11-21 03:58:31.607973+00:00,20010,Info,Microsoft-Windows-UserPnp,System,656,2328,37L4247F27-25,0,S-1-5-18,,,,,,,,,,,False,C:\Users\BRIANNA\OneDrive\Documents\GitHub\NSSECU3_MP2\win7_files\Logs\System.evtx,Classic,0,"{""UserData"":{""INFO_PNP_STATE"":{""InstallSubsystemState"":""False"",""CachingSubsystemState"":""False""}}}"
25,25,2010-11-21 03:58:31.623573+00:00,7036,Info,Service Control Manager,System,524,2668,37L4247F27-25,0,,Service started or stopped,,,Name: SSDP Discovery | SSDP Discovery,Status: stopped,,,,,,False,C:\Users\BRIANNA\OneDrive\Documents\GitHub\NSSECU3_MP2\win7_files\Logs\System.evtx,"Audit success, classic",0,"{""EventData"":{""Data"":[{""@Name"":""param1"",""#text"":""SSDP Discovery""},{""@Name"":""param2"",""#text"":""stopped""}],""Binary"":""53-00-53-00-44-00-50-00-53-00-52-00-56-00-2F-00-31-00-00-00""}}"
26,26,2010-11-21 03:58:31.670373100+00:00,7036,Info,Service Control Manager,System,524,2668,37L4247F27-25,0,,Service started or stopped,,,Name: Windows Modules Installer | Windows Modules Installer,Status: stopped,,,,,,False,C:\Users\BRIANNA\OneDrive\Documents\GitHub\NSSECU3_MP2\win7_files\Logs\System.evtx,"Audit success, classic",0,"{""EventData"":{""Data"":[{""@Name"":""param1"",""#text"":""Windows Modules Installer""},{""@Name"":""param2"",""#text"":""stopped""}],""Binary"":""54-00-72-00-75-00-73-00-74-00-65-00-64-00-49-00-6E-00-73-00-74-00-61-00-6C-00-6C-00-65-00-72-00-2F-00-31-00-00-00""}}"
27,27,2010-11-21 03:58:32.153973900+00:00,109,Info,Microsoft-Windows-Kernel-Power,System,400,404,37L4247F27-25,0,,,,,,,,,,,,False,C:\Users\BRIANNA\OneDrive\Documents\GitHub\NSSECU3_MP2\win7_files\Logs\System.evtx,0x8000000000000004,0,"{""EventData"":{""Data"":[{""@Name"":""ShutdownActionType"",""#text"":""5""},{""@Name"":""ShutdownEventCode"",""#text"":""0""},{""@Name"":""ShutdownReason"",""#text"":""0""}]}}"
28,28,2010-11-21 03:58:35.008779+00:00,13,Info,Microsoft-Windows-Kernel-General,System,4,28,37L4247F27-25,0,,OS was shutdown,,,StopTime: 2010-11-21 03:58:35.0087790,BootMode: ,,,,,,False,C:\Users\BRIANNA\OneDrive\Documents\GitHub\NSSECU3_MP2\win7_files\Logs\System.evtx,Classic,0,"{""EventData"":{""Data"":{""@Name"":""StopTime"",""#text"":""2010-11-21 03:58:35.0087790""}}}"
105,105,2024-05-26 11:41:42.453000+00:00,4616,LogAlways,Microsoft-Windows-Security-Auditing,Security,4,48,win7,1,,The system time was changed,WORKGROUP\WIN-QJNMT3LEKTG$ (S-1-5-18),,PreviousTime: 2024-05-27 02:41:42.5468750,NewTime: 2024-05-26 11:41:42.4530000,LogonId: 0x3E7,,,,C:\Windows\System32\oobe\msoobe.exe,False,C:\Users\BRIANNA\OneDrive\Documents\GitHub\NSSECU3_MP2\win7_files\Logs\Security.evtx,Audit success,0,"{""EventData"":{""Data"":[{""@Name"":""SubjectUserSid"",""#text"":""S-1-5-18""},{""@Name"":""SubjectUserName"",""#text"":""WIN-QJNMT3LEKTG$""},{""@Name"":""SubjectDomainName"",""#text"":""WORKGROUP""},{""@Name"":""SubjectLogonId"",""#text"":""0x3E7""},{""@Name"":""PreviousTime"",""#text"":""2024-05-27 02:41:42.5468750""},{""@Name"":""NewTime"",""#text"":""2024-05-26 11:41:42.4530000""},{""@Name"":""ProcessId"",""#text"":""0x32C""},{""@Name"":""ProcessName"",""#text"":""C:\\Windows\\System32\\oobe\\msoobe.exe""}]}}"
327,327,2024-05-26 11:41:42.453000+00:00,1,Info,Microsoft-Windows-Kernel-General,System,812,988,win7,2,S-1-5-18,The system time was changed,,,OldTime: 2024-05-27 02:41:42.5468750,NewTime: 2024-05-26 11:41:42.4530000,Reason: ,,,,,False,C:\Users\BRIANNA\OneDrive\Documents\GitHub\NSSECU3_MP2\win7_files\Logs\System.evtx,Time,0,"{""EventData"":{""Data"":[{""@Name"":""NewTime"",""#text"":""2024-05-26 11:41:42.4530000""},{""@Name"":""OldTime"",""#text"":""2024-05-27 02:41:42.5468750""}]}}"
106,106,2024-05-26 11:41:42.546750+00:00,4728,LogAlways,Microsoft-Windows-Security-Auditing,Security,468,112,win7,1,,A member was added to a security-enabled global group,WORKGROUP\WIN-QJNMT3LEKTG$ (S-1-5-18),,Target: win7\None (S-1-5-21-2630035287-469658536-4158816484-513),Member: -,MemberSid: S-1-5-21-2630035287-469658536-4158816484-1000,SubjectLogonId: 0x3E7,,,,False,C:\Users\BRIANNA\OneDrive\Documents\GitHub\NSSECU3_MP2\win7_files\Logs\Security.evtx,Audit success,0,"{""EventData"":{""Data"":[{""@Name"":""MemberName"",""#text"":""-""},{""@Name"":""MemberSid"",""#text"":""S-1-5-21-2630035287-469658536-4158816484-1000""},{""@Name"":""TargetUserName"",""#text"":""None""},{""@Name"":""TargetDomainName"",""#text"":""win7""},{""@Name"":""TargetSid"",""#text"":""S-1-5-21-2630035287-469658536-4158816484-513""},{""@Name"":""SubjectUserSid"",""#text"":""S-1-5-18""},{""@Name"":""SubjectUserName"",""#text"":""WIN-QJNMT3LEKTG$""},{""@Name"":""SubjectDomainName"",""#text"":""WORKGROUP""},{""@Name"":""SubjectLogonId"",""#text"":""0x3E7""},{""@Name"":""PrivilegeList"",""#text"":""-""}]}}"
108,108,2024-05-26 11:41:42.546750+00:00,4732,LogAlways,Microsoft-Windows-Security-Auditing,Security,468,112,win7,1,,A member was added to a security-enabled local group,WORKGROUP\WIN-QJNMT3LEKTG$ (S-1-5-18),,Target: Builtin\Users (S-1-5-32-545),SubjectLogonId: 0x3E7,MemberName: -,MemberSid: S-1-5-21-2630035287-469658536-4158816484-1000,PrivilegeList: -,,,False,C:\Users\BRIANNA\OneDrive\Documents\GitHub\NSSECU3_MP2\win7_files\Logs\Security.evtx,Audit success,0,"{""EventData"":{""Data"":[{""@Name"":""MemberName"",""#text"":""-""},{""@Name"":""MemberSid"",""#text"":""S-1-5-21-2630035287-469658536-4158816484-1000""},{""@Name"":""TargetUserName"",""#text"":""Users""},{""@Name"":""TargetDomainName"",""#text"":""Builtin""},{""@Name"":""TargetSid"",""#text"":""S-1-5-32-545""},{""@Name"":""SubjectUserSid"",""#text"":""S-1-5-18""},{""@Name"":""SubjectUserName"",""#text"":""WIN-QJNMT3LEKTG$""},{""@Name"":""SubjectDomainName"",""#text"":""WORKGROUP""},{""@Name"":""SubjectLogonId"",""#text"":""0x3E7""},{""@Name"":""PrivilegeList"",""#text"":""-""}]}}"
107,107,2024-05-26 11:41:42.546750+00:00,4720,LogAlways,Microsoft-Windows-Security-Auditing,Security,468,112,win7,1,,A new account was created,WORKGROUP\WIN-QJNMT3LEKTG$ (S-1-5-18),,Target: win7\student (S-1-5-21-2630035287-469658536-4158816484-1000),,,,,,,False,C:\Users\BRIANNA\OneDrive\Documents\GitHub\NSSECU3_MP2\win7_files\Logs\Security.evtx,Audit success,0,"{""EventData"":{""Data"":[{""@Name"":""TargetUserName"",""#text"":""student""},{""@Name"":""TargetDomainName"",""#text"":""win7""},{""@Name"":""TargetSid"",""#text"":""S-1-5-21-2630035287-469658536-4158816484-1000""},{""@Name"":""SubjectUserSid"",""#text"":""S-1-5-18""},{""@Name"":""SubjectUserName"",""#text"":""WIN-QJNMT3LEKTG$""},{""@Name"":""SubjectDomainName"",""#text"":""WORKGROUP""},{""@Name"":""SubjectLogonId"",""#text"":""0x3E7""},{""@Name"":""PrivilegeList"",""#text"":""-""},{""@Name"":""SamAccountName"",""#text"":""student""},{""@Name"":""DisplayName"",""#text"":""%%1793""},{""@Name"":""UserPrincipalName"",""#text"":""-""},{""@Name"":""HomeDirectory"",""#text"":""%%1793""},{""@Name"":""HomePath"",""#text"":""%%1793""},{""@Name"":""ScriptPath"",""#text"":""%%1793""},{""@Name"":""ProfilePath"",""#text"":""%%1793""},{""@Name"":""UserWorkstations"",""#text"":""%%1793""},{""@Name"":""PasswordLastSet"",""#text"":""%%1794""},{""@Name"":""AccountExpires"",""#text"":""%%1794""},{""@Name"":""PrimaryGroupId"",""#text"":""513""},{""@Name"":""AllowedToDelegateTo"",""#text"":""-""},{""@Name"":""OldUacValue"",""#text"":""0x0""},{""@Name"":""NewUacValue"",""#text"":""0x15""},{""@Name"":""UserAccountControl"",""#text"":"", %%2080, %%2082, %%2084""},{""@Name"":""UserParameters"",""#text"":""%%1793""},{""@Name"":""SidHistory"",""#text"":""-""},{""@Name"":""LogonHours"",""#text"":""%%1797""}]}}"
109,109,2024-05-26 11:41:42.562375+00:00,4722,LogAlways,Microsoft-Windows-Security-Auditing,Security,468,112,win7,1,,A user account was enabled,WORKGROUP\WIN-QJNMT3LEKTG$ (S-1-5-18),,Target: win7\student (S-1-5-21-2630035287-469658536-4158816484-1000),SubjectLogonId: 0x3E7,,,,,,False,C:\Users\BRIANNA\OneDrive\Documents\GitHub\NSSECU3_MP2\win7_files\Logs\Security.evtx,Audit success,0,"{""EventData"":{""Data"":[{""@Name"":""TargetUserName"",""#text"":""student""},{""@Name"":""TargetDomainName"",""#text"":""win7""},{""@Name"":""TargetSid"",""#text"":""S-1-5-21-2630035287-469658536-4158816484-1000""},{""@Name"":""SubjectUserSid"",""#text"":""S-1-5-18""},{""@Name"":""SubjectUserName"",""#text"":""WIN-QJNMT3LEKTG$""},{""@Name"":""SubjectDomainName"",""#text"":""WORKGROUP""},{""@Name"":""SubjectLogonId"",""#text"":""0x3E7""}]}}"
110,110,2024-05-26 11:41:42.562375+00:00,4738,LogAlways,Microsoft-Windows-Security-Auditing,Security,468,112,win7,1,,A user account was changed,WORKGROUP\WIN-QJNMT3LEKTG$,,Target: win7\student,"Changed Attribute SamAccountName: student DisplayName: %%1793 UserPrincipalName: - HomeDirectory: %%1793 HomePath: %%1793 ScriptPath: %%1793 ProfilePath: %%1793 UserWorkstations: %%1793 PasswordLastSet: %%1794 AccountExpires: %%1794 PrimaryGroupId: 513 AllowedToDelegateTo: - OldUacValue: 0x15 NewUacValue: 0x14 UserAccountControl: , %%2048 UserParameters: %%1793 SidHistory: - LogonHours: %%1797",,,,,,False,C:\Users\BRIANNA\OneDrive\Documents\GitHub\NSSECU3_MP2\win7_files\Logs\Security.evtx,Audit success,0,"{""EventData"":{""Data"":[{""@Name"":""Dummy"",""#text"":""-""},{""@Name"":""TargetUserName"",""#text"":""student""},{""@Name"":""TargetDomainName"",""#text"":""win7""},{""@Name"":""TargetSid"",""#text"":""S-1-5-21-2630035287-469658536-4158816484-1000""},{""@Name"":""SubjectUserSid"",""#text"":""S-1-5-18""},{""@Name"":""SubjectUserName"",""#text"":""WIN-QJNMT3LEKTG$""},{""@Name"":""SubjectDomainName"",""#text"":""WORKGROUP""},{""@Name"":""SubjectLogonId"",""#text"":""0x3E7""},{""@Name"":""PrivilegeList"",""#text"":""-""},{""@Name"":""SamAccountName"",""#text"":""student""},{""@Name"":""DisplayName"",""#text"":""%%1793""},{""@Name"":""UserPrincipalName"",""#text"":""-""},{""@Name"":""HomeDirectory"",""#text"":""%%1793""},{""@Name"":""HomePath"",""#text"":""%%1793""},{""@Name"":""ScriptPath"",""#text"":""%%1793""},{""@Name"":""ProfilePath"",""#text"":""%%1793""},{""@Name"":""UserWorkstations"",""#text"":""%%1793""},{""@Name"":""PasswordLastSet"",""#text"":""%%1794""},{""@Name"":""AccountExpires"",""#text"":""%%1794""},{""@Name"":""PrimaryGroupId"",""#text"":""513""},{""@Name"":""AllowedToDelegateTo"",""#text"":""-""},{""@Name"":""OldUacValue"",""#text"":""0x15""},{""@Name"":""NewUacValue"",""#text"":""0x14""},{""@Name"":""UserAccountControl"",""#text"":"", %%2048""},{""@Name"":""UserParameters"",""#text"":""%%1793""},{""@Name"":""SidHistory"",""#text"":""-""},{""@Name"":""LogonHours"",""#text"":""%%1797""}]}}"
111,111,2024-05-26 11:41:42.624875+00:00,4732,LogAlways,Microsoft-Windows-Security-Auditing,Security,468,112,win7,1,,A member was added to a security-enabled local group,WORKGROUP\WIN-QJNMT3LEKTG$ (S-1-5-18),,Target: Builtin\Administrators (S-1-5-32-544),SubjectLogonId: 0x3E7,MemberName: -,MemberSid: S-1-5-21-2630035287-469658536-4158816484-1000,PrivilegeList: -,,,False,C:\Users\BRIANNA\OneDrive\Documents\GitHub\NSSECU3_MP2\win7_files\Logs\Security.evtx,Audit success,0,"{""EventData"":{""Data"":[{""@Name"":""MemberName"",""#text"":""-""},{""@Name"":""MemberSid"",""#text"":""S-1-5-21-2630035287-469658536-4158816484-1000""},{""@Name"":""TargetUserName"",""#text"":""Administrators""},{""@Name"":""TargetDomainName"",""#text"":""Builtin""},{""@Name"":""TargetSid"",""#text"":""S-1-5-32-544""},{""@Name"":""SubjectUserSid"",""#text"":""S-1-5-18""},{""@Name"":""SubjectUserName"",""#text"":""WIN-QJNMT3LEKTG$""},{""@Name"":""SubjectDomainName"",""#text"":""WORKGROUP""},{""@Name"":""SubjectLogonId"",""#text"":""0x3E7""},{""@Name"":""PrivilegeList"",""#text"":""-""}]}}"
112,112,2024-05-26 11:41:42.640500+00:00,4733,LogAlways,Microsoft-Windows-Security-Auditing,Security,468,112,win7,1,,A member was removed from a security-enabled local group,WORKGROUP\WIN-QJNMT3LEKTG$ (S-1-5-18),,Target: Builtin\Users (S-1-5-32-545),SubjectLogonId: 0x3E7,MemberName: -,MemberSid: S-1-5-21-2630035287-469658536-4158816484-1000,PrivilegeList: -,,,False,C:\Users\BRIANNA\OneDrive\Documents\GitHub\NSSECU3_MP2\win7_files\Logs\Security.evtx,Audit success,0,"{""EventData"":{""Data"":[{""@Name"":""MemberName"",""#text"":""-""},{""@Name"":""MemberSid"",""#text"":""S-1-5-21-2630035287-469658536-4158816484-1000""},{""@Name"":""TargetUserName"",""#text"":""Users""},{""@Name"":""TargetDomainName"",""#text"":""Builtin""},{""@Name"":""TargetSid"",""#text"":""S-1-5-32-545""},{""@Name"":""SubjectUserSid"",""#text"":""S-1-5-18""},{""@Name"":""SubjectUserName"",""#text"":""WIN-QJNMT3LEKTG$""},{""@Name"":""SubjectDomainName"",""#text"":""WORKGROUP""},{""@Name"":""SubjectLogonId"",""#text"":""0x3E7""},{""@Name"":""PrivilegeList"",""#text"":""-""}]}}"
113,113,2024-05-26 11:41:42.656125+00:00,4738,LogAlways,Microsoft-Windows-Security-Auditing,Security,468,112,win7,1,,A user account was changed,WORKGROUP\WIN-QJNMT3LEKTG$,,Target: win7\student,"Changed Attribute SamAccountName: student DisplayName: %%1793 UserPrincipalName: - HomeDirectory: %%1793 HomePath: %%1793 ScriptPath: %%1793 ProfilePath: %%1793 UserWorkstations: %%1793 PasswordLastSet: 5/26/2024 7:41:42 PM AccountExpires: %%1794 PrimaryGroupId: 513 AllowedToDelegateTo: - OldUacValue: 0x14 NewUacValue: 0x214 UserAccountControl: , %%2089 UserParameters: - SidHistory: - LogonHours: %%1797",,,,,,False,C:\Users\BRIANNA\OneDrive\Documents\GitHub\NSSECU3_MP2\win7_files\Logs\Security.evtx,Audit success,0,"{""EventData"":{""Data"":[{""@Name"":""Dummy"",""#text"":""-""},{""@Name"":""TargetUserName"",""#text"":""student""},{""@Name"":""TargetDomainName"",""#text"":""win7""},{""@Name"":""TargetSid"",""#text"":""S-1-5-21-2630035287-469658536-4158816484-1000""},{""@Name"":""SubjectUserSid"",""#text"":""S-1-5-18""},{""@Name"":""SubjectUserName"",""#text"":""WIN-QJNMT3LEKTG$""},{""@Name"":""SubjectDomainName"",""#text"":""WORKGROUP""},{""@Name"":""SubjectLogonId"",""#text"":""0x3E7""},{""@Name"":""PrivilegeList"",""#text"":""-""},{""@Name"":""SamAccountName"",""#text"":""student""},{""@Name"":""DisplayName"",""#text"":""%%1793""},{""@Name"":""UserPrincipalName"",""#text"":""-""},{""@Name"":""HomeDirectory"",""#text"":""%%1793""},{""@Name"":""HomePath"",""#text"":""%%1793""},{""@Name"":""ScriptPath"",""#text"":""%%1793""},{""@Name"":""ProfilePath"",""#text"":""%%1793""},{""@Name"":""UserWorkstations"",""#text"":""%%1793""},{""@Name"":""PasswordLastSet"",""#text"":""5/26/2024 7:41:42 PM""},{""@Name"":""AccountExpires"",""#text"":""%%1794""},{""@Name"":""PrimaryGroupId"",""#text"":""513""},{""@Name"":""AllowedToDelegateTo"",""#text"":""-""},{""@Name"":""OldUacValue"",""#text"":""0x14""},{""@Name"":""NewUacValue"",""#text"":""0x214""},{""@Name"":""UserAccountControl"",""#text"":"", %%2089""},{""@Name"":""UserParameters"",""#text"":""-""},{""@Name"":""SidHistory"",""#text"":""-""},{""@Name"":""LogonHours"",""#text"":""%%1797""}]}}"
114,114,2024-05-26 11:41:42.656125+00:00,4724,LogAlways,Microsoft-Windows-Security-Auditing,Security,468,112,win7,1,,An attempt was made to reset an account's password,WORKGROUP\WIN-QJNMT3LEKTG$ (S-1-5-18),,Target: win7\student (S-1-5-21-2630035287-469658536-4158816484-1000),SubjectLogonId: 0x3E7,,,,,,False,C:\Users\BRIANNA\OneDrive\Documents\GitHub\NSSECU3_MP2\win7_files\Logs\Security.evtx,Audit success,0,"{""EventData"":{""Data"":[{""@Name"":""TargetUserName"",""#text"":""student""},{""@Name"":""TargetDomainName"",""#text"":""win7""},{""@Name"":""TargetSid"",""#text"":""S-1-5-21-2630035287-469658536-4158816484-1000""},{""@Name"":""SubjectUserSid"",""#text"":""S-1-5-18""},{""@Name"":""SubjectUserName"",""#text"":""WIN-QJNMT3LEKTG$""},{""@Name"":""SubjectDomainName"",""#text"":""WORKGROUP""},{""@Name"":""SubjectLogonId"",""#text"":""0x3E7""}]}}"
115,115,2024-05-26 11:41:42.656125+00:00,4738,LogAlways,Microsoft-Windows-Security-Auditing,Security,468,112,win7,1,,A user account was changed,WORKGROUP\WIN-QJNMT3LEKTG$,,Target: win7\student,Changed Attribute SamAccountName: - DisplayName: - UserPrincipalName: - HomeDirectory: - HomePath: - ScriptPath: - ProfilePath: - UserWorkstations: - PasswordLastSet: - AccountExpires: - PrimaryGroupId: - AllowedToDelegateTo: - OldUacValue: - NewUacValue: - UserAccountControl: - UserParameters: - SidHistory: - LogonHours: -,,,,,,False,C:\Users\BRIANNA\OneDrive\Documents\GitHub\NSSECU3_MP2\win7_files\Logs\Security.evtx,Audit success,0,"{""EventData"":{""Data"":[{""@Name"":""Dummy"",""#text"":""-""},{""@Name"":""TargetUserName"",""#text"":""student""},{""@Name"":""TargetDomainName"",""#text"":""win7""},{""@Name"":""TargetSid"",""#text"":""S-1-5-21-2630035287-469658536-4158816484-1000""},{""@Name"":""SubjectUserSid"",""#text"":""S-1-5-18""},{""@Name"":""SubjectUserName"",""#text"":""WIN-QJNMT3LEKTG$""},{""@Name"":""SubjectDomainName"",""#text"":""WORKGROUP""},{""@Name"":""SubjectLogonId"",""#text"":""0x3E7""},{""@Name"":""PrivilegeList"",""#text"":""-""},{""@Name"":""SamAccountName"",""#text"":""-""},{""@Name"":""DisplayName"",""#text"":""-""},{""@Name"":""UserPrincipalName"",""#text"":""-""},{""@Name"":""HomeDirectory"",""#text"":""-""},{""@Name"":""HomePath"",""#text"":""-""},{""@Name"":""ScriptPath"",""#text"":""-""},{""@Name"":""ProfilePath"",""#text"":""-""},{""@Name"":""UserWorkstations"",""#text"":""-""},{""@Name"":""PasswordLastSet"",""#text"":""-""},{""@Name"":""AccountExpires"",""#text"":""-""},{""@Name"":""PrimaryGroupId"",""#text"":""-""},{""@Name"":""AllowedToDelegateTo"",""#text"":""-""},{""@Name"":""OldUacValue"",""#text"":""-""},{""@Name"":""NewUacValue"",""#text"":""-""},{""@Name"":""UserAccountControl"",""#text"":""-""},{""@Name"":""UserParameters"",""#text"":""-""},{""@Name"":""SidHistory"",""#text"":""-""},{""@Name"":""LogonHours"",""#text"":""-""}]}}"
116,116,2024-05-26 11:41:42.999875+00:00,4624,LogAlways,Microsoft-Windows-Security-Auditing,Security,468,112,win7,1,,Successful logon,WORKGROUP\WIN-QJNMT3LEKTG$, (-),Target: NT AUTHORITY\SYSTEM,LogonType 5,LogonId: 0x3E7,AuthenticationPackageName: Negotiate,LogonProcessName: Advapi  ,,C:\Windows\System32\services.exe,False,C:\Users\BRIANNA\OneDrive\Documents\GitHub\NSSECU3_MP2\win7_files\Logs\Security.evtx,Audit success,0,"{""EventData"":{""Data"":[{""@Name"":""SubjectUserSid"",""#text"":""S-1-5-18""},{""@Name"":""SubjectUserName"",""#text"":""WIN-QJNMT3LEKTG$""},{""@Name"":""SubjectDomainName"",""#text"":""WORKGROUP""},{""@Name"":""SubjectLogonId"",""#text"":""0x3E7""},{""@Name"":""TargetUserSid"",""#text"":""S-1-5-18""},{""@Name"":""TargetUserName"",""#text"":""SYSTEM""},{""@Name"":""TargetDomainName"",""#text"":""NT AUTHORITY""},{""@Name"":""TargetLogonId"",""#text"":""0x3E7""},{""@Name"":""LogonType"",""#text"":""5""},{""@Name"":""LogonProcessName"",""#text"":""Advapi  ""},{""@Name"":""AuthenticationPackageName"",""#text"":""Negotiate""},{""@Name"":""WorkstationName""},{""@Name"":""LogonGuid"",""#text"":""00000000-0000-0000-0000-000000000000""},{""@Name"":""TransmittedServices"",""#text"":""-""},{""@Name"":""LmPackageName"",""#text"":""-""},{""@Name"":""KeyLength"",""#text"":""0""},{""@Name"":""ProcessId"",""#text"":""0x1BC""},{""@Name"":""ProcessName"",""#text"":""C:\\Windows\\System32\\services.exe""},{""@Name"":""IpAddress"",""#text"":""-""},{""@Name"":""IpPort"",""#text"":""-""}]}}"
117,117,2024-05-26 11:41:42.999875+00:00,4672,LogAlways,Microsoft-Windows-Security-Auditing,Security,468,112,win7,1,,Administrative logon,NT AUTHORITY\SYSTEM (S-1-5-18),,"PrivilegeList: SeAssignPrimaryTokenPrivilege, SeTcbPrivilege, SeSecurityPrivilege, SeTakeOwnershipPrivilege, SeLoadDriverPrivilege, SeBackupPrivilege, SeRestorePrivilege, SeDebugPrivilege, SeAuditPrivilege, SeSystemEnvironmentPrivilege, SeImpersonatePrivilege",LogonId: 0x3E7,,,,,,False,C:\Users\BRIANNA\OneDrive\Documents\GitHub\NSSECU3_MP2\win7_files\Logs\Security.evtx,Audit success,0,"{""EventData"":{""Data"":[{""@Name"":""SubjectUserSid"",""#text"":""S-1-5-18""},{""@Name"":""SubjectUserName"",""#text"":""SYSTEM""},{""@Name"":""SubjectDomainName"",""#text"":""NT AUTHORITY""},{""@Name"":""SubjectLogonId"",""#text"":""0x3E7""},{""@Name"":""PrivilegeList"",""#text"":""SeAssignPrimaryTokenPrivilege, SeTcbPrivilege, SeSecurityPrivilege, SeTakeOwnershipPrivilege, SeLoadDriverPrivilege, SeBackupPrivilege, SeRestorePrivilege, SeDebugPrivilege, SeAuditPrivilege, SeSystemEnvironmentPrivilege, SeImpersonatePrivilege""}]}}"
168,168,2024-05-26 11:41:43+00:00,1004,Info,Microsoft-Windows-Search,Application,0,0,win7,1,,,,,,,,,,,,False,C:\Users\BRIANNA\OneDrive\Documents\GitHub\NSSECU3_MP2\win7_files\Logs\Application.evtx,0x80000000000000,0,"{""EventData"":{""Data"":[{""@Name"":""ExtraInfo"",""#text"":"", ""},{""@Name"":""Reason"",""#text"":""Full Index Reset""}]}}"
167,167,2024-05-26 11:41:43+00:00,1010,Info,Microsoft-Windows-Search,Application,0,0,win7,1,,,,,,,,,,,,False,C:\Users\BRIANNA\OneDrive\Documents\GitHub\NSSECU3_MP2\win7_files\Logs\Application.evtx,0x80000000000000,0,"{""EventData"":{""Data"":{""@Name"":""ExtraInfo"",""#text"":"", ""}}}"
166,166,2024-05-26 11:41:43+00:00,1008,Warning,Microsoft-Windows-Search,Application,0,0,win7,1,,,,,,,,,,,,False,C:\Users\BRIANNA\OneDrive\Documents\GitHub\NSSECU3_MP2\win7_files\Logs\Application.evtx,0x80000000000000,0,"{""EventData"":{""Data"":[{""@Name"":""ExtraInfo"",""#text"":"", ""},{""@Name"":""Reason"",""#text"":""Full Index Reset""}]}}"
169,169,2024-05-26 11:41:45+00:00,102,Info,ESENT,Application,0,0,win7,1,,,,,,,,,,,,False,C:\Users\BRIANNA\OneDrive\Documents\GitHub\NSSECU3_MP2\win7_files\Logs\Application.evtx,0x80000000000000,0,"{""EventData"":{""Data"":""Windows, 1696, Windows: , 0, 6, 01, 7601, 0000"",""Binary"":""""}}"
10,10,2024-05-26 11:41:46.255734300+00:00,5324,Info,Microsoft-Windows-GroupPolicy,Microsoft-Windows-GroupPolicy/Operational,888,900,win7,0,S-1-5-18,,,,,,,,,,,False,C:\Users\BRIANNA\OneDrive\Documents\GitHub\NSSECU3_MP2\win7_files\Logs\Microsoft-Windows-GroupPolicy_4Operational.evtx,0x4000000000000000,0,"{""EventData"":{""Data"":[{""@Name"":""NotificationType"",""#text"":""0""},{""@Name"":""SessionId"",""#text"":""1""}]}}"
11,11,2024-05-26 11:41:46.255734300+00:00,4000,Info,Microsoft-Windows-GroupPolicy,Microsoft-Windows-GroupPolicy/Operational,888,1848,win7,0,S-1-5-18,,,,,,,,,,,False,C:\Users\BRIANNA\OneDrive\Documents\GitHub\NSSECU3_MP2\win7_files\Logs\Microsoft-Windows-GroupPolicy_4Operational.evtx,0x4000000000000000,0,"{""EventData"":{""Data"":[{""@Name"":""PolicyActivityId"",""#text"":""14d783bb-9759-4bef-bf78-764e421a6002""},{""@Name"":""PrincipalSamName"",""#text"":""WORKGROUP\\WIN-QJNMT3LEKTG$""},{""@Name"":""IsMachine"",""#text"":""1""},{""@Name"":""IsDomainJoined"",""#text"":""False""},{""@Name"":""IsBackgroundProcessing"",""#text"":""False""},{""@Name"":""IsAsyncProcessing"",""#text"":""True""},{""@Name"":""IsServiceRestart"",""#text"":""False""},{""@Name"":""ReasonForSyncProcessing"",""#text"":""0""}]}}"
12,12,2024-05-26 11:41:46.286984300+00:00,5311,Info,Microsoft-Windows-GroupPolicy,Microsoft-Windows-GroupPolicy/Operational,888,1848,win7,0,S-1-5-18,,,,,,,,,,,False,C:\Users\BRIANNA\OneDrive\Documents\GitHub\NSSECU3_MP2\win7_files\Logs\Microsoft-Windows-GroupPolicy_4Operational.evtx,0x4000000000000000,0,"{""EventData"":{""Data"":{""@Name"":""PolicyProcessingMode"",""#text"":""0""}}}"
19,19,2024-05-26 11:41:46.318234300+00:00,5315,Info,Microsoft-Windows-GroupPolicy,Microsoft-Windows-GroupPolicy/Operational,888,1852,win7,0,S-1-5-18,,,,,,,,,,,False,C:\Users\BRIANNA\OneDrive\Documents\GitHub\NSSECU3_MP2\win7_files\Logs\Microsoft-Windows-GroupPolicy_4Operational.evtx,0x4000000000000000,0,"{""EventData"":{""Data"":[{""@Name"":""PrincipalSamName"",""#text"":""WORKGROUP\\WIN-QJNMT3LEKTG$""},{""@Name"":""NextPolicyApplicationTime"",""#text"":""106""},{""@Name"":""NextPolicyApplicationTimeUnit"",""#text"":""%%4100""}]}}"
18,18,2024-05-26 11:41:46.318234300+00:00,8000,Info,Microsoft-Windows-GroupPolicy,Microsoft-Windows-GroupPolicy/Operational,888,1848,win7,0,S-1-5-18,,,,,,,,,,,False,C:\Users\BRIANNA\OneDrive\Documents\GitHub\NSSECU3_MP2\win7_files\Logs\Microsoft-Windows-GroupPolicy_4Operational.evtx,0x4000000000000000,0,"{""EventData"":{""Data"":[{""@Name"":""PolicyElaspedTimeInSeconds"",""#text"":""0""},{""@Name"":""ErrorCode"",""#text"":""0""},{""@Name"":""PrincipalSamName"",""#text"":""WORKGROUP\\WIN-QJNMT3LEKTG$""},{""@Name"":""IsMachine"",""#text"":""1""},{""@Name"":""IsConnectivityFailure"",""#text"":""False""}]}}"
17,17,2024-05-26 11:41:46.318234300+00:00,5320,Info,Microsoft-Windows-GroupPolicy,Microsoft-Windows-GroupPolicy/Operational,888,1848,win7,0,S-1-5-18,,,,,,,,,,,False,C:\Users\BRIANNA\OneDrive\Documents\GitHub\NSSECU3_MP2\win7_files\Logs\Microsoft-Windows-GroupPolicy_4Operational.evtx,0x4000000000000000,0,"{""EventData"":{""Data"":{""@Name"":""InfoDescription"",""#text"":""%%4165""}}}"
16,16,2024-05-26 11:41:46.318234300+00:00,5320,Info,Microsoft-Windows-GroupPolicy,Microsoft-Windows-GroupPolicy/Operational,888,1848,win7,0,S-1-5-18,,,,,,,,,,,False,C:\Users\BRIANNA\OneDrive\Documents\GitHub\NSSECU3_MP2\win7_files\Logs\Microsoft-Windows-GroupPolicy_4Operational.evtx,0x4000000000000000,0,"{""EventData"":{""Data"":{""@Name"":""InfoDescription"",""#text"":""%%4163""}}}"
14,14,2024-05-26 11:41:46.318234300+00:00,5313,Info,Microsoft-Windows-GroupPolicy,Microsoft-Windows-GroupPolicy/Operational,888,1848,win7,0,S-1-5-18,,,,,,,,,,,False,C:\Users\BRIANNA\OneDrive\Documents\GitHub\NSSECU3_MP2\win7_files\Logs\Microsoft-Windows-GroupPolicy_4Operational.evtx,0x4000000000000000,0,"{""EventData"":{""Data"":[{""@Name"":""DescriptionString"",""#text"":""Local Group Policy, Not Applied (Empty), ""},{""@Name"":""GPOInfoList"",""#text"":""&lt;GPO ID=\""Local Group Policy\""&gt;&lt;Name&gt;Local Group Policy&lt;/Name&gt;&lt;Version&gt;0&lt;/Version&gt;&lt;SOM&gt;Local&lt;/SOM&gt;&lt;FSPath&gt;C:\\Windows\\System32\\GroupPolicy\\Machine&lt;/FSPath&gt;&lt;Reason&gt;NOTAPPLIED-EMPTY&lt;/Reason&gt;&lt;/GPO&gt;""}]}}"
15,15,2024-05-26 11:41:46.318234300+00:00,5320,Info,Microsoft-Windows-GroupPolicy,Microsoft-Windows-GroupPolicy/Operational,888,1848,win7,0,S-1-5-18,,,,,,,,,,,False,C:\Users\BRIANNA\OneDrive\Documents\GitHub\NSSECU3_MP2\win7_files\Logs\Microsoft-Windows-GroupPolicy_4Operational.evtx,0x4000000000000000,0,"{""EventData"":{""Data"":{""@Name"":""InfoDescription"",""#text"":""%%4161""}}}"
13,13,2024-05-26 11:41:46.318234300+00:00,5312,Info,Microsoft-Windows-GroupPolicy,Microsoft-Windows-GroupPolicy/Operational,888,1848,win7,0,S-1-5-18,,,,,,,,,,,False,C:\Users\BRIANNA\OneDrive\Documents\GitHub\NSSECU3_MP2\win7_files\Logs\Microsoft-Windows-GroupPolicy_4Operational.evtx,0x4000000000000000,0,"{""EventData"":{""Data"":[{""@Name"":""DescriptionString"",""#text"":""None""},{""@Name"":""GPOInfoList""}]}}"
121,121,2024-05-26 11:41:46.474484300+00:00,4672,LogAlways,Microsoft-Windows-Security-Auditing,Security,468,112,win7,1,,Administrative logon,win7\student (S-1-5-21-2630035287-469658536-4158816484-1000),,"PrivilegeList: SeSecurityPrivilege, SeTakeOwnershipPrivilege, SeLoadDriverPrivilege, SeBackupPrivilege, SeRestorePrivilege, SeDebugPrivilege, SeSystemEnvironmentPrivilege, SeImpersonatePrivilege",LogonId: 0x27A44,,,,,,False,C:\Users\BRIANNA\OneDrive\Documents\GitHub\NSSECU3_MP2\win7_files\Logs\Security.evtx,Audit success,0,"{""EventData"":{""Data"":[{""@Name"":""SubjectUserSid"",""#text"":""S-1-5-21-2630035287-469658536-4158816484-1000""},{""@Name"":""SubjectUserName"",""#text"":""student""},{""@Name"":""SubjectDomainName"",""#text"":""win7""},{""@Name"":""SubjectLogonId"",""#text"":""0x27A44""},{""@Name"":""PrivilegeList"",""#text"":""SeSecurityPrivilege, SeTakeOwnershipPrivilege, SeLoadDriverPrivilege, SeBackupPrivilege, SeRestorePrivilege, SeDebugPrivilege, SeSystemEnvironmentPrivilege, SeImpersonatePrivilege""}]}}"
120,120,2024-05-26 11:41:46.474484300+00:00,4624,LogAlways,Microsoft-Windows-Security-Auditing,Security,468,112,win7,1,,Successful logon,WORKGROUP\WIN-QJNMT3LEKTG$,WIN-QJNMT3LEKTG (127.0.0.1),Target: win7\student,LogonType 2,LogonId: 0x27A86,AuthenticationPackageName: Negotiate,LogonProcessName: User32 ,,C:\Windows\System32\winlogon.exe,False,C:\Users\BRIANNA\OneDrive\Documents\GitHub\NSSECU3_MP2\win7_files\Logs\Security.evtx,Audit success,0,"{""EventData"":{""Data"":[{""@Name"":""SubjectUserSid"",""#text"":""S-1-5-18""},{""@Name"":""SubjectUserName"",""#text"":""WIN-QJNMT3LEKTG$""},{""@Name"":""SubjectDomainName"",""#text"":""WORKGROUP""},{""@Name"":""SubjectLogonId"",""#text"":""0x3E7""},{""@Name"":""TargetUserSid"",""#text"":""S-1-5-21-2630035287-469658536-4158816484-1000""},{""@Name"":""TargetUserName"",""#text"":""student""},{""@Name"":""TargetDomainName"",""#text"":""win7""},{""@Name"":""TargetLogonId"",""#text"":""0x27A86""},{""@Name"":""LogonType"",""#text"":""2""},{""@Name"":""LogonProcessName"",""#text"":""User32 ""},{""@Name"":""AuthenticationPackageName"",""#text"":""Negotiate""},{""@Name"":""WorkstationName"",""#text"":""WIN-QJNMT3LEKTG""},{""@Name"":""LogonGuid"",""#text"":""00000000-0000-0000-0000-000000000000""},{""@Name"":""TransmittedServices"",""#text"":""-""},{""@Name"":""LmPackageName"",""#text"":""-""},{""@Name"":""KeyLength"",""#text"":""0""},{""@Name"":""ProcessId"",""#text"":""0x18C""},{""@Name"":""ProcessName"",""#text"":""C:\\Windows\\System32\\winlogon.exe""},{""@Name"":""IpAddress"",""#text"":""127.0.0.1""},{""@Name"":""IpPort"",""#text"":""0""}]}}"
119,119,2024-05-26 11:41:46.474484300+00:00,4624,LogAlways,Microsoft-Windows-Security-Auditing,Security,468,112,win7,1,,Successful logon,WORKGROUP\WIN-QJNMT3LEKTG$,WIN-QJNMT3LEKTG (127.0.0.1),Target: win7\student,LogonType 2,LogonId: 0x27A44,AuthenticationPackageName: Negotiate,LogonProcessName: User32 ,,C:\Windows\System32\winlogon.exe,False,C:\Users\BRIANNA\OneDrive\Documents\GitHub\NSSECU3_MP2\win7_files\Logs\Security.evtx,Audit success,0,"{""EventData"":{""Data"":[{""@Name"":""SubjectUserSid"",""#text"":""S-1-5-18""},{""@Name"":""SubjectUserName"",""#text"":""WIN-QJNMT3LEKTG$""},{""@Name"":""SubjectDomainName"",""#text"":""WORKGROUP""},{""@Name"":""SubjectLogonId"",""#text"":""0x3E7""},{""@Name"":""TargetUserSid"",""#text"":""S-1-5-21-2630035287-469658536-4158816484-1000""},{""@Name"":""TargetUserName"",""#text"":""student""},{""@Name"":""TargetDomainName"",""#text"":""win7""},{""@Name"":""TargetLogonId"",""#text"":""0x27A44""},{""@Name"":""LogonType"",""#text"":""2""},{""@Name"":""LogonProcessName"",""#text"":""User32 ""},{""@Name"":""AuthenticationPackageName"",""#text"":""Negotiate""},{""@Name"":""WorkstationName"",""#text"":""WIN-QJNMT3LEKTG""},{""@Name"":""LogonGuid"",""#text"":""00000000-0000-0000-0000-000000000000""},{""@Name"":""TransmittedServices"",""#text"":""-""},{""@Name"":""LmPackageName"",""#text"":""-""},{""@Name"":""KeyLength"",""#text"":""0""},{""@Name"":""ProcessId"",""#text"":""0x18C""},{""@Name"":""ProcessName"",""#text"":""C:\\Windows\\System32\\winlogon.exe""},{""@Name"":""IpAddress"",""#text"":""127.0.0.1""},{""@Name"":""IpPort"",""#text"":""0""}]}}"
118,118,2024-05-26 11:41:46.474484300+00:00,4648,LogAlways,Microsoft-Windows-Security-Auditing,Security,468,112,win7,1,,A logon was attempted using explicit credentials,WORKGROUP\WIN-QJNMT3LEKTG$,127.0.0.1:0,Target: win7\student,TargetServerName: localhost,PID: 0x18C,TargetInfo: localhost,,,C:\Windows\System32\winlogon.exe,False,C:\Users\BRIANNA\OneDrive\Documents\GitHub\NSSECU3_MP2\win7_files\Logs\Security.evtx,Audit success,0,"{""EventData"":{""Data"":[{""@Name"":""SubjectUserSid"",""#text"":""S-1-5-18""},{""@Name"":""SubjectUserName"",""#text"":""WIN-QJNMT3LEKTG$""},{""@Name"":""SubjectDomainName"",""#text"":""WORKGROUP""},{""@Name"":""SubjectLogonId"",""#text"":""0x3E7""},{""@Name"":""LogonGuid"",""#text"":""00000000-0000-0000-0000-000000000000""},{""@Name"":""TargetUserName"",""#text"":""student""},{""@Name"":""TargetDomainName"",""#text"":""win7""},{""@Name"":""TargetLogonGuid"",""#text"":""00000000-0000-0000-0000-000000000000""},{""@Name"":""TargetServerName"",""#text"":""localhost""},{""@Name"":""TargetInfo"",""#text"":""localhost""},{""@Name"":""ProcessId"",""#text"":""0x18C""},{""@Name"":""ProcessName"",""#text"":""C:\\Windows\\System32\\winlogon.exe""},{""@Name"":""IpAddress"",""#text"":""127.0.0.1""},{""@Name"":""IpPort"",""#text"":""0""}]}}"
171,171,2024-05-26 11:41:47+00:00,1003,Info,Microsoft-Windows-Search,Application,0,0,win7,1,,,,,,,,,,,,False,C:\Users\BRIANNA\OneDrive\Documents\GitHub\NSSECU3_MP2\win7_files\Logs\Application.evtx,0x80000000000000,0,"{""EventData"":{""Data"":{""@Name"":""ExtraInfo"",""#text"":"", ""}}}"
170,170,2024-05-26 11:41:47+00:00,1005,Info,Microsoft-Windows-Search,Application,0,0,win7,1,,,,,,,,,,,,False,C:\Users\BRIANNA\OneDrive\Documents\GitHub\NSSECU3_MP2\win7_files\Logs\Application.evtx,0x80000000000000,0,"{""EventData"":{""Data"":{""@Name"":""ExtraInfo"",""#text"":"", ""}}}"
328,328,2024-05-26 11:41:47.146359300+00:00,7001,Info,Microsoft-Windows-Winlogon,System,396,1804,win7,2,S-1-5-18,User logon,,,UserSID: S-1-5-21-2630035287-469658536-4158816484-1000,,,,,,,False,C:\Users\BRIANNA\OneDrive\Documents\GitHub\NSSECU3_MP2\win7_files\Logs\System.evtx,0x2000000000000000,0,"{""EventData"":{""Data"":[{""@Name"":""TSId"",""#text"":""1""},{""@Name"":""UserSid"",""#text"":""S-1-5-21-2630035287-469658536-4158816484-1000""}]}}"
1,1,2024-05-26 11:41:47.161984300+00:00,1,Info,Microsoft-Windows-User Profiles Service,Microsoft-Windows-User Profile Service/Operational,888,780,win7,0,S-1-5-21-2630035287-469658536-4158816484-1000,,,,,,,,,,,False,C:\Users\BRIANNA\OneDrive\Documents\GitHub\NSSECU3_MP2\win7_files\Logs\Microsoft-Windows-User Profile Service_4Operational.evtx,0x4000000000000000,0,"{""EventData"":{""Data"":{""@Name"":""Session"",""#text"":""1""}}}"
2,2,2024-05-26 11:41:47.536984300+00:00,5,Info,Microsoft-Windows-User Profiles Service,Microsoft-Windows-User Profile Service/Operational,888,900,win7,0,S-1-5-18,,,,,,,,,,,False,C:\Users\BRIANNA\OneDrive\Documents\GitHub\NSSECU3_MP2\win7_files\Logs\Microsoft-Windows-User Profile Service_4Operational.evtx,0x4000000000000000,0,"{""EventData"":{""Data"":[{""@Name"":""File"",""#text"":""C:\\Users\\student\\ntuser.dat""},{""@Name"":""Key"",""#text"":""S-1-5-21-2630035287-469658536-4158816484-1000""}]}}"
3,3,2024-05-26 11:41:47.771359300+00:00,5,Info,Microsoft-Windows-User Profiles Service,Microsoft-Windows-User Profile Service/Operational,888,900,win7,0,S-1-5-18,,,,,,,,,,,False,C:\Users\BRIANNA\OneDrive\Documents\GitHub\NSSECU3_MP2\win7_files\Logs\Microsoft-Windows-User Profile Service_4Operational.evtx,0x4000000000000000,0,"{""EventData"":{""Data"":[{""@Name"":""File"",""#text"":""C:\\Users\\student\\AppData\\Local\\Microsoft\\Windows\\\\UsrClass.dat""},{""@Name"":""Key"",""#text"":""S-1-5-21-2630035287-469658536-4158816484-1000_Classes""}]}}"
329,329,2024-05-26 11:41:47.818234300+00:00,7036,Info,Service Control Manager,System,444,108,win7,2,,Service started or stopped,,,Name: Windows Search | Windows Search,Status: running,,,,,,False,C:\Users\BRIANNA\OneDrive\Documents\GitHub\NSSECU3_MP2\win7_files\Logs\System.evtx,"Audit success, classic",0,"{""EventData"":{""Data"":[{""@Name"":""param1"",""#text"":""Windows Search""},{""@Name"":""param2"",""#text"":""running""}],""Binary"":""57-00-53-00-65-00-61-00-72-00-63-00-68-00-2F-00-34-00-00-00""}}"
4,4,2024-05-26 11:41:47.896359300+00:00,2,Info,Microsoft-Windows-User Profiles Service,Microsoft-Windows-User Profile Service/Operational,888,780,win7,0,S-1-5-21-2630035287-469658536-4158816484-1000,An account was logged on,,,Session: 1,,,,,,,False,C:\Users\BRIANNA\OneDrive\Documents\GitHub\NSSECU3_MP2\win7_files\Logs\Microsoft-Windows-User Profile Service_4Operational.evtx,0x4000000000000000,0,"{""EventData"":{""Data"":{""@Name"":""Session"",""#text"":""1""}}}"
22,22,2024-05-26 11:41:47.896359300+00:00,5311,Info,Microsoft-Windows-GroupPolicy,Microsoft-Windows-GroupPolicy/Operational,888,2020,win7,0,S-1-5-21-2630035287-469658536-4158816484-1000,,,,,,,,,,,False,C:\Users\BRIANNA\OneDrive\Documents\GitHub\NSSECU3_MP2\win7_files\Logs\Microsoft-Windows-GroupPolicy_4Operational.evtx,0x4000000000000000,0,"{""EventData"":{""Data"":{""@Name"":""PolicyProcessingMode"",""#text"":""0""}}}"
21,21,2024-05-26 11:41:47.896359300+00:00,4001,Info,Microsoft-Windows-GroupPolicy,Microsoft-Windows-GroupPolicy/Operational,888,2020,win7,0,S-1-5-18,,,,,,,,,,,False,C:\Users\BRIANNA\OneDrive\Documents\GitHub\NSSECU3_MP2\win7_files\Logs\Microsoft-Windows-GroupPolicy_4Operational.evtx,0x4000000000000000,0,"{""EventData"":{""Data"":[{""@Name"":""PolicyActivityId"",""#text"":""f8115999-33dc-45e5-9508-fb1f682d55c3""},{""@Name"":""PrincipalSamName"",""#text"":""win7\\student""},{""@Name"":""IsMachine"",""#text"":""0""},{""@Name"":""IsDomainJoined"",""#text"":""False""},{""@Name"":""IsBackgroundProcessing"",""#text"":""False""},{""@Name"":""IsAsyncProcessing"",""#text"":""False""},{""@Name"":""IsServiceRestart"",""#text"":""False""},{""@Name"":""ReasonForSyncProcessing"",""#text"":""1""}]}}"
24,24,2024-05-26 11:41:47.896359300+00:00,5313,Info,Microsoft-Windows-GroupPolicy,Microsoft-Windows-GroupPolicy/Operational,888,2020,win7,0,S-1-5-18,,,,,,,,,,,False,C:\Users\BRIANNA\OneDrive\Documents\GitHub\NSSECU3_MP2\win7_files\Logs\Microsoft-Windows-GroupPolicy_4Operational.evtx,0x4000000000000000,0,"{""EventData"":{""Data"":[{""@Name"":""DescriptionString"",""#text"":""Local Group Policy, Not Applied (Empty), ""},{""@Name"":""GPOInfoList"",""#text"":""&lt;GPO ID=\""Local Group Policy\""&gt;&lt;Name&gt;Local Group Policy&lt;/Name&gt;&lt;Version&gt;0&lt;/Version&gt;&lt;SOM&gt;Local&lt;/SOM&gt;&lt;FSPath&gt;C:\\Windows\\System32\\GroupPolicy\\User&lt;/FSPath&gt;&lt;Reason&gt;NOTAPPLIED-EMPTY&lt;/Reason&gt;&lt;/GPO&gt;""}]}}"
23,23,2024-05-26 11:41:47.896359300+00:00,5312,Info,Microsoft-Windows-GroupPolicy,Microsoft-Windows-GroupPolicy/Operational,888,2020,win7,0,S-1-5-18,,,,,,,,,,,False,C:\Users\BRIANNA\OneDrive\Documents\GitHub\NSSECU3_MP2\win7_files\Logs\Microsoft-Windows-GroupPolicy_4Operational.evtx,0x4000000000000000,0,"{""EventData"":{""Data"":[{""@Name"":""DescriptionString"",""#text"":""None""},{""@Name"":""GPOInfoList""}]}}"
