84,84,2024-05-27 02:40:46.640625+00:00,4781,LogAlways,Microsoft-Windows-Security-Auditing,Security,468,260,win7,0,,The name of an account was changed,WORKGROUP\WIN-QJNMT3LEKTG$ (S-1-5-18),,OldTargetUserName: Performance Monitor Users,NewTargetUserName: Performance Monitor Users,TargetDomainName: Builtin,TargetSid: S-1-5-32-558,,,,False,C:\Users\BRIANNA\OneDrive\Documents\GitHub\NSSECU3_MP2\win7_files\Logs\Security.evtx,Audit success,0,"{""EventData"":{""Data"":[{""@Name"":""OldTargetUserName"",""#text"":""Performance Monitor Users""},{""@Name"":""NewTargetUserName"",""#text"":""Performance Monitor Users""},{""@Name"":""TargetDomainName"",""#text"":""Builtin""},{""@Name"":""TargetSid"",""#text"":""S-1-5-32-558""},{""@Name"":""SubjectUserSid"",""#text"":""S-1-5-18""},{""@Name"":""SubjectUserName"",""#text"":""WIN-QJNMT3LEKTG$""},{""@Name"":""SubjectDomainName"",""#text"":""WORKGROUP""},{""@Name"":""SubjectLogonId"",""#text"":""0x3E7""},{""@Name"":""PrivilegeList"",""#text"":""-""}]}}"
85,85,2024-05-27 02:40:46.640625+00:00,4735,LogAlways,Microsoft-Windows-Security-Auditing,Security,468,260,win7,0,,A security-enabled local group was changed,WORKGROUP\WIN-QJNMT3LEKTG$ (S-1-5-18),,Target: Builtin\Performance Monitor Users (S-1-5-32-558),SubjectLogonId: 0x3E7,SamAccountName: Performance Monitor Users,SidHistory: -,PrivilegeList: -,,,False,C:\Users\BRIANNA\OneDrive\Documents\GitHub\NSSECU3_MP2\win7_files\Logs\Security.evtx,Audit success,0,"{""EventData"":{""Data"":[{""@Name"":""TargetUserName"",""#text"":""Performance Monitor Users""},{""@Name"":""TargetDomainName"",""#text"":""Builtin""},{""@Name"":""TargetSid"",""#text"":""S-1-5-32-558""},{""@Name"":""SubjectUserSid"",""#text"":""S-1-5-18""},{""@Name"":""SubjectUserName"",""#text"":""WIN-QJNMT3LEKTG$""},{""@Name"":""SubjectDomainName"",""#text"":""WORKGROUP""},{""@Name"":""SubjectLogonId"",""#text"":""0x3E7""},{""@Name"":""PrivilegeList"",""#text"":""-""},{""@Name"":""SamAccountName"",""#text"":""Performance Monitor Users""},{""@Name"":""SidHistory"",""#text"":""-""}]}}"
86,86,2024-05-27 02:40:46.640625+00:00,4735,LogAlways,Microsoft-Windows-Security-Auditing,Security,468,260,win7,0,,A security-enabled local group was changed,WORKGROUP\WIN-QJNMT3LEKTG$ (S-1-5-18),,Target: Builtin\Performance Log Users (S-1-5-32-559),SubjectLogonId: 0x3E7,SamAccountName: -,SidHistory: -,PrivilegeList: -,,,False,C:\Users\BRIANNA\OneDrive\Documents\GitHub\NSSECU3_MP2\win7_files\Logs\Security.evtx,Audit success,0,"{""EventData"":{""Data"":[{""@Name"":""TargetUserName"",""#text"":""Performance Log Users""},{""@Name"":""TargetDomainName"",""#text"":""Builtin""},{""@Name"":""TargetSid"",""#text"":""S-1-5-32-559""},{""@Name"":""SubjectUserSid"",""#text"":""S-1-5-18""},{""@Name"":""SubjectUserName"",""#text"":""WIN-QJNMT3LEKTG$""},{""@Name"":""SubjectDomainName"",""#text"":""WORKGROUP""},{""@Name"":""SubjectLogonId"",""#text"":""0x3E7""},{""@Name"":""PrivilegeList"",""#text"":""-""},{""@Name"":""SamAccountName"",""#text"":""-""},{""@Name"":""SidHistory"",""#text"":""-""}]}}"
88,88,2024-05-27 02:40:46.640625+00:00,4735,LogAlways,Microsoft-Windows-Security-Auditing,Security,468,260,win7,0,,A security-enabled local group was changed,WORKGROUP\WIN-QJNMT3LEKTG$ (S-1-5-18),,Target: Builtin\Performance Log Users (S-1-5-32-559),SubjectLogonId: 0x3E7,SamAccountName: Performance Log Users,SidHistory: -,PrivilegeList: -,,,False,C:\Users\BRIANNA\OneDrive\Documents\GitHub\NSSECU3_MP2\win7_files\Logs\Security.evtx,Audit success,0,"{""EventData"":{""Data"":[{""@Name"":""TargetUserName"",""#text"":""Performance Log Users""},{""@Name"":""TargetDomainName"",""#text"":""Builtin""},{""@Name"":""TargetSid"",""#text"":""S-1-5-32-559""},{""@Name"":""SubjectUserSid"",""#text"":""S-1-5-18""},{""@Name"":""SubjectUserName"",""#text"":""WIN-QJNMT3LEKTG$""},{""@Name"":""SubjectDomainName"",""#text"":""WORKGROUP""},{""@Name"":""SubjectLogonId"",""#text"":""0x3E7""},{""@Name"":""PrivilegeList"",""#text"":""-""},{""@Name"":""SamAccountName"",""#text"":""Performance Log Users""},{""@Name"":""SidHistory"",""#text"":""-""}]}}"
74,74,2024-05-27 02:40:46.640625+00:00,4735,LogAlways,Microsoft-Windows-Security-Auditing,Security,468,260,win7,0,,A security-enabled local group was changed,WORKGROUP\WIN-QJNMT3LEKTG$ (S-1-5-18),,Target: Builtin\Remote Desktop Users (S-1-5-32-555),SubjectLogonId: 0x3E7,SamAccountName: -,SidHistory: -,PrivilegeList: -,,,False,C:\Users\BRIANNA\OneDrive\Documents\GitHub\NSSECU3_MP2\win7_files\Logs\Security.evtx,Audit success,0,"{""EventData"":{""Data"":[{""@Name"":""TargetUserName"",""#text"":""Remote Desktop Users""},{""@Name"":""TargetDomainName"",""#text"":""Builtin""},{""@Name"":""TargetSid"",""#text"":""S-1-5-32-555""},{""@Name"":""SubjectUserSid"",""#text"":""S-1-5-18""},{""@Name"":""SubjectUserName"",""#text"":""WIN-QJNMT3LEKTG$""},{""@Name"":""SubjectDomainName"",""#text"":""WORKGROUP""},{""@Name"":""SubjectLogonId"",""#text"":""0x3E7""},{""@Name"":""PrivilegeList"",""#text"":""-""},{""@Name"":""SamAccountName"",""#text"":""-""},{""@Name"":""SidHistory"",""#text"":""-""}]}}"
82,82,2024-05-27 02:40:46.640625+00:00,4735,LogAlways,Microsoft-Windows-Security-Auditing,Security,468,260,win7,0,,A security-enabled local group was changed,WORKGROUP\WIN-QJNMT3LEKTG$ (S-1-5-18),,Target: Builtin\Power Users (S-1-5-32-547),SubjectLogonId: 0x3E7,SamAccountName: Power Users,SidHistory: -,PrivilegeList: -,,,False,C:\Users\BRIANNA\OneDrive\Documents\GitHub\NSSECU3_MP2\win7_files\Logs\Security.evtx,Audit success,0,"{""EventData"":{""Data"":[{""@Name"":""TargetUserName"",""#text"":""Power Users""},{""@Name"":""TargetDomainName"",""#text"":""Builtin""},{""@Name"":""TargetSid"",""#text"":""S-1-5-32-547""},{""@Name"":""SubjectUserSid"",""#text"":""S-1-5-18""},{""@Name"":""SubjectUserName"",""#text"":""WIN-QJNMT3LEKTG$""},{""@Name"":""SubjectDomainName"",""#text"":""WORKGROUP""},{""@Name"":""SubjectLogonId"",""#text"":""0x3E7""},{""@Name"":""PrivilegeList"",""#text"":""-""},{""@Name"":""SamAccountName"",""#text"":""Power Users""},{""@Name"":""SidHistory"",""#text"":""-""}]}}"
73,73,2024-05-27 02:40:46.640625+00:00,4735,LogAlways,Microsoft-Windows-Security-Auditing,Security,468,260,win7,0,,A security-enabled local group was changed,WORKGROUP\WIN-QJNMT3LEKTG$ (S-1-5-18),,Target: Builtin\Replicator (S-1-5-32-552),SubjectLogonId: 0x3E7,SamAccountName: Replicator,SidHistory: -,PrivilegeList: -,,,False,C:\Users\BRIANNA\OneDrive\Documents\GitHub\NSSECU3_MP2\win7_files\Logs\Security.evtx,Audit success,0,"{""EventData"":{""Data"":[{""@Name"":""TargetUserName"",""#text"":""Replicator""},{""@Name"":""TargetDomainName"",""#text"":""Builtin""},{""@Name"":""TargetSid"",""#text"":""S-1-5-32-552""},{""@Name"":""SubjectUserSid"",""#text"":""S-1-5-18""},{""@Name"":""SubjectUserName"",""#text"":""WIN-QJNMT3LEKTG$""},{""@Name"":""SubjectDomainName"",""#text"":""WORKGROUP""},{""@Name"":""SubjectLogonId"",""#text"":""0x3E7""},{""@Name"":""PrivilegeList"",""#text"":""-""},{""@Name"":""SamAccountName"",""#text"":""Replicator""},{""@Name"":""SidHistory"",""#text"":""-""}]}}"
67,67,2024-05-27 02:40:46.640625+00:00,4735,LogAlways,Microsoft-Windows-Security-Auditing,Security,468,260,win7,0,,A security-enabled local group was changed,WORKGROUP\WIN-QJNMT3LEKTG$ (S-1-5-18),,Target: Builtin\Guests (S-1-5-32-546),SubjectLogonId: 0x3E7,SamAccountName: Guests,SidHistory: -,PrivilegeList: -,,,False,C:\Users\BRIANNA\OneDrive\Documents\GitHub\NSSECU3_MP2\win7_files\Logs\Security.evtx,Audit success,0,"{""EventData"":{""Data"":[{""@Name"":""TargetUserName"",""#text"":""Guests""},{""@Name"":""TargetDomainName"",""#text"":""Builtin""},{""@Name"":""TargetSid"",""#text"":""S-1-5-32-546""},{""@Name"":""SubjectUserSid"",""#text"":""S-1-5-18""},{""@Name"":""SubjectUserName"",""#text"":""WIN-QJNMT3LEKTG$""},{""@Name"":""SubjectDomainName"",""#text"":""WORKGROUP""},{""@Name"":""SubjectLogonId"",""#text"":""0x3E7""},{""@Name"":""PrivilegeList"",""#text"":""-""},{""@Name"":""SamAccountName"",""#text"":""Guests""},{""@Name"":""SidHistory"",""#text"":""-""}]}}"
71,71,2024-05-27 02:40:46.640625+00:00,4735,LogAlways,Microsoft-Windows-Security-Auditing,Security,468,260,win7,0,,A security-enabled local group was changed,WORKGROUP\WIN-QJNMT3LEKTG$ (S-1-5-18),,Target: Builtin\Replicator (S-1-5-32-552),SubjectLogonId: 0x3E7,SamAccountName: -,SidHistory: -,PrivilegeList: -,,,False,C:\Users\BRIANNA\OneDrive\Documents\GitHub\NSSECU3_MP2\win7_files\Logs\Security.evtx,Audit success,0,"{""EventData"":{""Data"":[{""@Name"":""TargetUserName"",""#text"":""Replicator""},{""@Name"":""TargetDomainName"",""#text"":""Builtin""},{""@Name"":""TargetSid"",""#text"":""S-1-5-32-552""},{""@Name"":""SubjectUserSid"",""#text"":""S-1-5-18""},{""@Name"":""SubjectUserName"",""#text"":""WIN-QJNMT3LEKTG$""},{""@Name"":""SubjectDomainName"",""#text"":""WORKGROUP""},{""@Name"":""SubjectLogonId"",""#text"":""0x3E7""},{""@Name"":""PrivilegeList"",""#text"":""-""},{""@Name"":""SamAccountName"",""#text"":""-""},{""@Name"":""SidHistory"",""#text"":""-""}]}}"
59,59,2024-05-27 02:40:46.640625+00:00,4735,LogAlways,Microsoft-Windows-Security-Auditing,Security,468,260,win7,0,,A security-enabled local group was changed,WORKGROUP\WIN-QJNMT3LEKTG$ (S-1-5-18),,Target: Builtin\Administrators (S-1-5-32-544),SubjectLogonId: 0x3E7,SamAccountName: -,SidHistory: -,PrivilegeList: -,,,False,C:\Users\BRIANNA\OneDrive\Documents\GitHub\NSSECU3_MP2\win7_files\Logs\Security.evtx,Audit success,0,"{""EventData"":{""Data"":[{""@Name"":""TargetUserName"",""#text"":""Administrators""},{""@Name"":""TargetDomainName"",""#text"":""Builtin""},{""@Name"":""TargetSid"",""#text"":""S-1-5-32-544""},{""@Name"":""SubjectUserSid"",""#text"":""S-1-5-18""},{""@Name"":""SubjectUserName"",""#text"":""WIN-QJNMT3LEKTG$""},{""@Name"":""SubjectDomainName"",""#text"":""WORKGROUP""},{""@Name"":""SubjectLogonId"",""#text"":""0x3E7""},{""@Name"":""PrivilegeList"",""#text"":""-""},{""@Name"":""SamAccountName"",""#text"":""-""},{""@Name"":""SidHistory"",""#text"":""-""}]}}"
60,60,2024-05-27 02:40:46.640625+00:00,4781,LogAlways,Microsoft-Windows-Security-Auditing,Security,468,260,win7,0,,The name of an account was changed,WORKGROUP\WIN-QJNMT3LEKTG$ (S-1-5-18),,OldTargetUserName: Administrators,NewTargetUserName: Administrators,TargetDomainName: Builtin,TargetSid: S-1-5-32-544,,,,False,C:\Users\BRIANNA\OneDrive\Documents\GitHub\NSSECU3_MP2\win7_files\Logs\Security.evtx,Audit success,0,"{""EventData"":{""Data"":[{""@Name"":""OldTargetUserName"",""#text"":""Administrators""},{""@Name"":""NewTargetUserName"",""#text"":""Administrators""},{""@Name"":""TargetDomainName"",""#text"":""Builtin""},{""@Name"":""TargetSid"",""#text"":""S-1-5-32-544""},{""@Name"":""SubjectUserSid"",""#text"":""S-1-5-18""},{""@Name"":""SubjectUserName"",""#text"":""WIN-QJNMT3LEKTG$""},{""@Name"":""SubjectDomainName"",""#text"":""WORKGROUP""},{""@Name"":""SubjectLogonId"",""#text"":""0x3E7""},{""@Name"":""PrivilegeList"",""#text"":""-""}]}}"
72,72,2024-05-27 02:40:46.640625+00:00,4781,LogAlways,Microsoft-Windows-Security-Auditing,Security,468,260,win7,0,,The name of an account was changed,WORKGROUP\WIN-QJNMT3LEKTG$ (S-1-5-18),,OldTargetUserName: Replicator,NewTargetUserName: Replicator,TargetDomainName: Builtin,TargetSid: S-1-5-32-552,,,,False,C:\Users\BRIANNA\OneDrive\Documents\GitHub\NSSECU3_MP2\win7_files\Logs\Security.evtx,Audit success,0,"{""EventData"":{""Data"":[{""@Name"":""OldTargetUserName"",""#text"":""Replicator""},{""@Name"":""NewTargetUserName"",""#text"":""Replicator""},{""@Name"":""TargetDomainName"",""#text"":""Builtin""},{""@Name"":""TargetSid"",""#text"":""S-1-5-32-552""},{""@Name"":""SubjectUserSid"",""#text"":""S-1-5-18""},{""@Name"":""SubjectUserName"",""#text"":""WIN-QJNMT3LEKTG$""},{""@Name"":""SubjectDomainName"",""#text"":""WORKGROUP""},{""@Name"":""SubjectLogonId"",""#text"":""0x3E7""},{""@Name"":""PrivilegeList"",""#text"":""-""}]}}"
62,62,2024-05-27 02:40:46.640625+00:00,4735,LogAlways,Microsoft-Windows-Security-Auditing,Security,468,260,win7,0,,A security-enabled local group was changed,WORKGROUP\WIN-QJNMT3LEKTG$ (S-1-5-18),,Target: Builtin\Users (S-1-5-32-545),SubjectLogonId: 0x3E7,SamAccountName: -,SidHistory: -,PrivilegeList: -,,,False,C:\Users\BRIANNA\OneDrive\Documents\GitHub\NSSECU3_MP2\win7_files\Logs\Security.evtx,Audit success,0,"{""EventData"":{""Data"":[{""@Name"":""TargetUserName"",""#text"":""Users""},{""@Name"":""TargetDomainName"",""#text"":""Builtin""},{""@Name"":""TargetSid"",""#text"":""S-1-5-32-545""},{""@Name"":""SubjectUserSid"",""#text"":""S-1-5-18""},{""@Name"":""SubjectUserName"",""#text"":""WIN-QJNMT3LEKTG$""},{""@Name"":""SubjectDomainName"",""#text"":""WORKGROUP""},{""@Name"":""SubjectLogonId"",""#text"":""0x3E7""},{""@Name"":""PrivilegeList"",""#text"":""-""},{""@Name"":""SamAccountName"",""#text"":""-""},{""@Name"":""SidHistory"",""#text"":""-""}]}}"
63,63,2024-05-27 02:40:46.640625+00:00,4781,LogAlways,Microsoft-Windows-Security-Auditing,Security,468,260,win7,0,,The name of an account was changed,WORKGROUP\WIN-QJNMT3LEKTG$ (S-1-5-18),,OldTargetUserName: Users,NewTargetUserName: Users,TargetDomainName: Builtin,TargetSid: S-1-5-32-545,,,,False,C:\Users\BRIANNA\OneDrive\Documents\GitHub\NSSECU3_MP2\win7_files\Logs\Security.evtx,Audit success,0,"{""EventData"":{""Data"":[{""@Name"":""OldTargetUserName"",""#text"":""Users""},{""@Name"":""NewTargetUserName"",""#text"":""Users""},{""@Name"":""TargetDomainName"",""#text"":""Builtin""},{""@Name"":""TargetSid"",""#text"":""S-1-5-32-545""},{""@Name"":""SubjectUserSid"",""#text"":""S-1-5-18""},{""@Name"":""SubjectUserName"",""#text"":""WIN-QJNMT3LEKTG$""},{""@Name"":""SubjectDomainName"",""#text"":""WORKGROUP""},{""@Name"":""SubjectLogonId"",""#text"":""0x3E7""},{""@Name"":""PrivilegeList"",""#text"":""-""}]}}"
64,64,2024-05-27 02:40:46.640625+00:00,4735,LogAlways,Microsoft-Windows-Security-Auditing,Security,468,260,win7,0,,A security-enabled local group was changed,WORKGROUP\WIN-QJNMT3LEKTG$ (S-1-5-18),,Target: Builtin\Users (S-1-5-32-545),SubjectLogonId: 0x3E7,SamAccountName: Users,SidHistory: -,PrivilegeList: -,,,False,C:\Users\BRIANNA\OneDrive\Documents\GitHub\NSSECU3_MP2\win7_files\Logs\Security.evtx,Audit success,0,"{""EventData"":{""Data"":[{""@Name"":""TargetUserName"",""#text"":""Users""},{""@Name"":""TargetDomainName"",""#text"":""Builtin""},{""@Name"":""TargetSid"",""#text"":""S-1-5-32-545""},{""@Name"":""SubjectUserSid"",""#text"":""S-1-5-18""},{""@Name"":""SubjectUserName"",""#text"":""WIN-QJNMT3LEKTG$""},{""@Name"":""SubjectDomainName"",""#text"":""WORKGROUP""},{""@Name"":""SubjectLogonId"",""#text"":""0x3E7""},{""@Name"":""PrivilegeList"",""#text"":""-""},{""@Name"":""SamAccountName"",""#text"":""Users""},{""@Name"":""SidHistory"",""#text"":""-""}]}}"
61,61,2024-05-27 02:40:46.640625+00:00,4735,LogAlways,Microsoft-Windows-Security-Auditing,Security,468,260,win7,0,,A security-enabled local group was changed,WORKGROUP\WIN-QJNMT3LEKTG$ (S-1-5-18),,Target: Builtin\Administrators (S-1-5-32-544),SubjectLogonId: 0x3E7,SamAccountName: Administrators,SidHistory: -,PrivilegeList: -,,,False,C:\Users\BRIANNA\OneDrive\Documents\GitHub\NSSECU3_MP2\win7_files\Logs\Security.evtx,Audit success,0,"{""EventData"":{""Data"":[{""@Name"":""TargetUserName"",""#text"":""Administrators""},{""@Name"":""TargetDomainName"",""#text"":""Builtin""},{""@Name"":""TargetSid"",""#text"":""S-1-5-32-544""},{""@Name"":""SubjectUserSid"",""#text"":""S-1-5-18""},{""@Name"":""SubjectUserName"",""#text"":""WIN-QJNMT3LEKTG$""},{""@Name"":""SubjectDomainName"",""#text"":""WORKGROUP""},{""@Name"":""SubjectLogonId"",""#text"":""0x3E7""},{""@Name"":""PrivilegeList"",""#text"":""-""},{""@Name"":""SamAccountName"",""#text"":""Administrators""},{""@Name"":""SidHistory"",""#text"":""-""}]}}"
66,66,2024-05-27 02:40:46.640625+00:00,4781,LogAlways,Microsoft-Windows-Security-Auditing,Security,468,260,win7,0,,The name of an account was changed,WORKGROUP\WIN-QJNMT3LEKTG$ (S-1-5-18),,OldTargetUserName: Guests,NewTargetUserName: Guests,TargetDomainName: Builtin,TargetSid: S-1-5-32-546,,,,False,C:\Users\BRIANNA\OneDrive\Documents\GitHub\NSSECU3_MP2\win7_files\Logs\Security.evtx,Audit success,0,"{""EventData"":{""Data"":[{""@Name"":""OldTargetUserName"",""#text"":""Guests""},{""@Name"":""NewTargetUserName"",""#text"":""Guests""},{""@Name"":""TargetDomainName"",""#text"":""Builtin""},{""@Name"":""TargetSid"",""#text"":""S-1-5-32-546""},{""@Name"":""SubjectUserSid"",""#text"":""S-1-5-18""},{""@Name"":""SubjectUserName"",""#text"":""WIN-QJNMT3LEKTG$""},{""@Name"":""SubjectDomainName"",""#text"":""WORKGROUP""},{""@Name"":""SubjectLogonId"",""#text"":""0x3E7""},{""@Name"":""PrivilegeList"",""#text"":""-""}]}}"
68,68,2024-05-27 02:40:46.640625+00:00,4735,LogAlways,Microsoft-Windows-Security-Auditing,Security,468,260,win7,0,,A security-enabled local group was changed,WORKGROUP\WIN-QJNMT3LEKTG$ (S-1-5-18),,Target: Builtin\Backup Operators (S-1-5-32-551),SubjectLogonId: 0x3E7,SamAccountName: -,SidHistory: -,PrivilegeList: -,,,False,C:\Users\BRIANNA\OneDrive\Documents\GitHub\NSSECU3_MP2\win7_files\Logs\Security.evtx,Audit success,0,"{""EventData"":{""Data"":[{""@Name"":""TargetUserName"",""#text"":""Backup Operators""},{""@Name"":""TargetDomainName"",""#text"":""Builtin""},{""@Name"":""TargetSid"",""#text"":""S-1-5-32-551""},{""@Name"":""SubjectUserSid"",""#text"":""S-1-5-18""},{""@Name"":""SubjectUserName"",""#text"":""WIN-QJNMT3LEKTG$""},{""@Name"":""SubjectDomainName"",""#text"":""WORKGROUP""},{""@Name"":""SubjectLogonId"",""#text"":""0x3E7""},{""@Name"":""PrivilegeList"",""#text"":""-""},{""@Name"":""SamAccountName"",""#text"":""-""},{""@Name"":""SidHistory"",""#text"":""-""}]}}"
69,69,2024-05-27 02:40:46.640625+00:00,4781,LogAlways,Microsoft-Windows-Security-Auditing,Security,468,260,win7,0,,The name of an account was changed,WORKGROUP\WIN-QJNMT3LEKTG$ (S-1-5-18),,OldTargetUserName: Backup Operators,NewTargetUserName: Backup Operators,TargetDomainName: Builtin,TargetSid: S-1-5-32-551,,,,False,C:\Users\BRIANNA\OneDrive\Documents\GitHub\NSSECU3_MP2\win7_files\Logs\Security.evtx,Audit success,0,"{""EventData"":{""Data"":[{""@Name"":""OldTargetUserName"",""#text"":""Backup Operators""},{""@Name"":""NewTargetUserName"",""#text"":""Backup Operators""},{""@Name"":""TargetDomainName"",""#text"":""Builtin""},{""@Name"":""TargetSid"",""#text"":""S-1-5-32-551""},{""@Name"":""SubjectUserSid"",""#text"":""S-1-5-18""},{""@Name"":""SubjectUserName"",""#text"":""WIN-QJNMT3LEKTG$""},{""@Name"":""SubjectDomainName"",""#text"":""WORKGROUP""},{""@Name"":""SubjectLogonId"",""#text"":""0x3E7""},{""@Name"":""PrivilegeList"",""#text"":""-""}]}}"
70,70,2024-05-27 02:40:46.640625+00:00,4735,LogAlways,Microsoft-Windows-Security-Auditing,Security,468,260,win7,0,,A security-enabled local group was changed,WORKGROUP\WIN-QJNMT3LEKTG$ (S-1-5-18),,Target: Builtin\Backup Operators (S-1-5-32-551),SubjectLogonId: 0x3E7,SamAccountName: Backup Operators,SidHistory: -,PrivilegeList: -,,,False,C:\Users\BRIANNA\OneDrive\Documents\GitHub\NSSECU3_MP2\win7_files\Logs\Security.evtx,Audit success,0,"{""EventData"":{""Data"":[{""@Name"":""TargetUserName"",""#text"":""Backup Operators""},{""@Name"":""TargetDomainName"",""#text"":""Builtin""},{""@Name"":""TargetSid"",""#text"":""S-1-5-32-551""},{""@Name"":""SubjectUserSid"",""#text"":""S-1-5-18""},{""@Name"":""SubjectUserName"",""#text"":""WIN-QJNMT3LEKTG$""},{""@Name"":""SubjectDomainName"",""#text"":""WORKGROUP""},{""@Name"":""SubjectLogonId"",""#text"":""0x3E7""},{""@Name"":""PrivilegeList"",""#text"":""-""},{""@Name"":""SamAccountName"",""#text"":""Backup Operators""},{""@Name"":""SidHistory"",""#text"":""-""}]}}"
65,65,2024-05-27 02:40:46.640625+00:00,4735,LogAlways,Microsoft-Windows-Security-Auditing,Security,468,260,win7,0,,A security-enabled local group was changed,WORKGROUP\WIN-QJNMT3LEKTG$ (S-1-5-18),,Target: Builtin\Guests (S-1-5-32-546),SubjectLogonId: 0x3E7,SamAccountName: -,SidHistory: -,PrivilegeList: -,,,False,C:\Users\BRIANNA\OneDrive\Documents\GitHub\NSSECU3_MP2\win7_files\Logs\Security.evtx,Audit success,0,"{""EventData"":{""Data"":[{""@Name"":""TargetUserName"",""#text"":""Guests""},{""@Name"":""TargetDomainName"",""#text"":""Builtin""},{""@Name"":""TargetSid"",""#text"":""S-1-5-32-546""},{""@Name"":""SubjectUserSid"",""#text"":""S-1-5-18""},{""@Name"":""SubjectUserName"",""#text"":""WIN-QJNMT3LEKTG$""},{""@Name"":""SubjectDomainName"",""#text"":""WORKGROUP""},{""@Name"":""SubjectLogonId"",""#text"":""0x3E7""},{""@Name"":""PrivilegeList"",""#text"":""-""},{""@Name"":""SamAccountName"",""#text"":""-""},{""@Name"":""SidHistory"",""#text"":""-""}]}}"
103,103,2024-05-27 02:40:46.656250+00:00,4738,LogAlways,Microsoft-Windows-Security-Auditing,Security,468,260,win7,0,,A user account was changed,WORKGROUP\WIN-QJNMT3LEKTG$,,Target: win7\Guest,Changed Attribute SamAccountName: Guest DisplayName: %%1793 UserPrincipalName: - HomeDirectory: %%1793 HomePath: %%1793 ScriptPath: %%1793 ProfilePath: %%1793 UserWorkstations: %%1793 PasswordLastSet: %%1794 AccountExpires: %%1794 PrimaryGroupId: 513 AllowedToDelegateTo: - OldUacValue: 0x215 NewUacValue: 0x215 UserAccountControl: - UserParameters: %%1793 SidHistory: - LogonHours: %%1797,,,,,,False,C:\Users\BRIANNA\OneDrive\Documents\GitHub\NSSECU3_MP2\win7_files\Logs\Security.evtx,Audit success,0,"{""EventData"":{""Data"":[{""@Name"":""Dummy"",""#text"":""-""},{""@Name"":""TargetUserName"",""#text"":""Guest""},{""@Name"":""TargetDomainName"",""#text"":""win7""},{""@Name"":""TargetSid"",""#text"":""S-1-5-21-2630035287-469658536-4158816484-501""},{""@Name"":""SubjectUserSid"",""#text"":""S-1-5-18""},{""@Name"":""SubjectUserName"",""#text"":""WIN-QJNMT3LEKTG$""},{""@Name"":""SubjectDomainName"",""#text"":""WORKGROUP""},{""@Name"":""SubjectLogonId"",""#text"":""0x3E7""},{""@Name"":""PrivilegeList"",""#text"":""-""},{""@Name"":""SamAccountName"",""#text"":""Guest""},{""@Name"":""DisplayName"",""#text"":""%%1793""},{""@Name"":""UserPrincipalName"",""#text"":""-""},{""@Name"":""HomeDirectory"",""#text"":""%%1793""},{""@Name"":""HomePath"",""#text"":""%%1793""},{""@Name"":""ScriptPath"",""#text"":""%%1793""},{""@Name"":""ProfilePath"",""#text"":""%%1793""},{""@Name"":""UserWorkstations"",""#text"":""%%1793""},{""@Name"":""PasswordLastSet"",""#text"":""%%1794""},{""@Name"":""AccountExpires"",""#text"":""%%1794""},{""@Name"":""PrimaryGroupId"",""#text"":""513""},{""@Name"":""AllowedToDelegateTo"",""#text"":""-""},{""@Name"":""OldUacValue"",""#text"":""0x215""},{""@Name"":""NewUacValue"",""#text"":""0x215""},{""@Name"":""UserAccountControl"",""#text"":""-""},{""@Name"":""UserParameters"",""#text"":""%%1793""},{""@Name"":""SidHistory"",""#text"":""-""},{""@Name"":""LogonHours"",""#text"":""%%1797""}]}}"
97,97,2024-05-27 02:40:46.656250+00:00,4735,LogAlways,Microsoft-Windows-Security-Auditing,Security,468,260,win7,0,,A security-enabled local group was changed,WORKGROUP\WIN-QJNMT3LEKTG$ (S-1-5-18),,Target: Builtin\Cryptographic Operators (S-1-5-32-569),SubjectLogonId: 0x3E7,SamAccountName: Cryptographic Operators,SidHistory: -,PrivilegeList: -,,,False,C:\Users\BRIANNA\OneDrive\Documents\GitHub\NSSECU3_MP2\win7_files\Logs\Security.evtx,Audit success,0,"{""EventData"":{""Data"":[{""@Name"":""TargetUserName"",""#text"":""Cryptographic Operators""},{""@Name"":""TargetDomainName"",""#text"":""Builtin""},{""@Name"":""TargetSid"",""#text"":""S-1-5-32-569""},{""@Name"":""SubjectUserSid"",""#text"":""S-1-5-18""},{""@Name"":""SubjectUserName"",""#text"":""WIN-QJNMT3LEKTG$""},{""@Name"":""SubjectDomainName"",""#text"":""WORKGROUP""},{""@Name"":""SubjectLogonId"",""#text"":""0x3E7""},{""@Name"":""PrivilegeList"",""#text"":""-""},{""@Name"":""SamAccountName"",""#text"":""Cryptographic Operators""},{""@Name"":""SidHistory"",""#text"":""-""}]}}"
104,104,2024-05-27 02:40:46.656250+00:00,4738,LogAlways,Microsoft-Windows-Security-Auditing,Security,468,260,win7,1,,A user account was changed,WORKGROUP\WIN-QJNMT3LEKTG$,,Target: win7\Guest,Changed Attribute SamAccountName: Guest DisplayName: %%1793 UserPrincipalName: - HomeDirectory: %%1793 HomePath: %%1793 ScriptPath: %%1793 ProfilePath: %%1793 UserWorkstations: %%1793 PasswordLastSet: %%1794 AccountExpires: %%1794 PrimaryGroupId: 513 AllowedToDelegateTo: - OldUacValue: 0x215 NewUacValue: 0x215 UserAccountControl: - UserParameters: %%1793 SidHistory: - LogonHours: %%1797,,,,,,False,C:\Users\BRIANNA\OneDrive\Documents\GitHub\NSSECU3_MP2\win7_files\Logs\Security.evtx,Audit success,0,"{""EventData"":{""Data"":[{""@Name"":""Dummy"",""#text"":""-""},{""@Name"":""TargetUserName"",""#text"":""Guest""},{""@Name"":""TargetDomainName"",""#text"":""win7""},{""@Name"":""TargetSid"",""#text"":""S-1-5-21-2630035287-469658536-4158816484-501""},{""@Name"":""SubjectUserSid"",""#text"":""S-1-5-18""},{""@Name"":""SubjectUserName"",""#text"":""WIN-QJNMT3LEKTG$""},{""@Name"":""SubjectDomainName"",""#text"":""WORKGROUP""},{""@Name"":""SubjectLogonId"",""#text"":""0x3E7""},{""@Name"":""PrivilegeList"",""#text"":""-""},{""@Name"":""SamAccountName"",""#text"":""Guest""},{""@Name"":""DisplayName"",""#text"":""%%1793""},{""@Name"":""UserPrincipalName"",""#text"":""-""},{""@Name"":""HomeDirectory"",""#text"":""%%1793""},{""@Name"":""HomePath"",""#text"":""%%1793""},{""@Name"":""ScriptPath"",""#text"":""%%1793""},{""@Name"":""ProfilePath"",""#text"":""%%1793""},{""@Name"":""UserWorkstations"",""#text"":""%%1793""},{""@Name"":""PasswordLastSet"",""#text"":""%%1794""},{""@Name"":""AccountExpires"",""#text"":""%%1794""},{""@Name"":""PrimaryGroupId"",""#text"":""513""},{""@Name"":""AllowedToDelegateTo"",""#text"":""-""},{""@Name"":""OldUacValue"",""#text"":""0x215""},{""@Name"":""NewUacValue"",""#text"":""0x215""},{""@Name"":""UserAccountControl"",""#text"":""-""},{""@Name"":""UserParameters"",""#text"":""%%1793""},{""@Name"":""SidHistory"",""#text"":""-""},{""@Name"":""LogonHours"",""#text"":""%%1797""}]}}"
102,102,2024-05-27 02:40:46.656250+00:00,4738,LogAlways,Microsoft-Windows-Security-Auditing,Security,468,260,win7,0,,A user account was changed,WORKGROUP\WIN-QJNMT3LEKTG$,,Target: win7\Administrator,Changed Attribute SamAccountName: Administrator DisplayName: %%1793 UserPrincipalName: - HomeDirectory: %%1793 HomePath: %%1793 ScriptPath: %%1793 ProfilePath: %%1793 UserWorkstations: %%1793 PasswordLastSet: 11/20/2010 8:57:24 PM AccountExpires: %%1794 PrimaryGroupId: 513 AllowedToDelegateTo: - OldUacValue: 0x211 NewUacValue: 0x211 UserAccountControl: - UserParameters: %%1793 SidHistory: - LogonHours: %%1797,,,,,,False,C:\Users\BRIANNA\OneDrive\Documents\GitHub\NSSECU3_MP2\win7_files\Logs\Security.evtx,Audit success,0,"{""EventData"":{""Data"":[{""@Name"":""Dummy"",""#text"":""-""},{""@Name"":""TargetUserName"",""#text"":""Administrator""},{""@Name"":""TargetDomainName"",""#text"":""win7""},{""@Name"":""TargetSid"",""#text"":""S-1-5-21-2630035287-469658536-4158816484-500""},{""@Name"":""SubjectUserSid"",""#text"":""S-1-5-18""},{""@Name"":""SubjectUserName"",""#text"":""WIN-QJNMT3LEKTG$""},{""@Name"":""SubjectDomainName"",""#text"":""WORKGROUP""},{""@Name"":""SubjectLogonId"",""#text"":""0x3E7""},{""@Name"":""PrivilegeList"",""#text"":""-""},{""@Name"":""SamAccountName"",""#text"":""Administrator""},{""@Name"":""DisplayName"",""#text"":""%%1793""},{""@Name"":""UserPrincipalName"",""#text"":""-""},{""@Name"":""HomeDirectory"",""#text"":""%%1793""},{""@Name"":""HomePath"",""#text"":""%%1793""},{""@Name"":""ScriptPath"",""#text"":""%%1793""},{""@Name"":""ProfilePath"",""#text"":""%%1793""},{""@Name"":""UserWorkstations"",""#text"":""%%1793""},{""@Name"":""PasswordLastSet"",""#text"":""11/20/2010 8:57:24 PM""},{""@Name"":""AccountExpires"",""#text"":""%%1794""},{""@Name"":""PrimaryGroupId"",""#text"":""513""},{""@Name"":""AllowedToDelegateTo"",""#text"":""-""},{""@Name"":""OldUacValue"",""#text"":""0x211""},{""@Name"":""NewUacValue"",""#text"":""0x211""},{""@Name"":""UserAccountControl"",""#text"":""-""},{""@Name"":""UserParameters"",""#text"":""%%1793""},{""@Name"":""SidHistory"",""#text"":""-""},{""@Name"":""LogonHours"",""#text"":""%%1797""}]}}"
101,101,2024-05-27 02:40:46.656250+00:00,4738,LogAlways,Microsoft-Windows-Security-Auditing,Security,468,260,win7,0,,A user account was changed,WORKGROUP\WIN-QJNMT3LEKTG$,,Target: win7\Administrator,Changed Attribute SamAccountName: Administrator DisplayName: %%1793 UserPrincipalName: - HomeDirectory: %%1793 HomePath: %%1793 ScriptPath: %%1793 ProfilePath: %%1793 UserWorkstations: %%1793 PasswordLastSet: 11/20/2010 8:57:24 PM AccountExpires: %%1794 PrimaryGroupId: 513 AllowedToDelegateTo: - OldUacValue: 0x211 NewUacValue: 0x211 UserAccountControl: - UserParameters: %%1793 SidHistory: - LogonHours: %%1797,,,,,,False,C:\Users\BRIANNA\OneDrive\Documents\GitHub\NSSECU3_MP2\win7_files\Logs\Security.evtx,Audit success,0,"{""EventData"":{""Data"":[{""@Name"":""Dummy"",""#text"":""-""},{""@Name"":""TargetUserName"",""#text"":""Administrator""},{""@Name"":""TargetDomainName"",""#text"":""win7""},{""@Name"":""TargetSid"",""#text"":""S-1-5-21-2630035287-469658536-4158816484-500""},{""@Name"":""SubjectUserSid"",""#text"":""S-1-5-18""},{""@Name"":""SubjectUserName"",""#text"":""WIN-QJNMT3LEKTG$""},{""@Name"":""SubjectDomainName"",""#text"":""WORKGROUP""},{""@Name"":""SubjectLogonId"",""#text"":""0x3E7""},{""@Name"":""PrivilegeList"",""#text"":""-""},{""@Name"":""SamAccountName"",""#text"":""Administrator""},{""@Name"":""DisplayName"",""#text"":""%%1793""},{""@Name"":""UserPrincipalName"",""#text"":""-""},{""@Name"":""HomeDirectory"",""#text"":""%%1793""},{""@Name"":""HomePath"",""#text"":""%%1793""},{""@Name"":""ScriptPath"",""#text"":""%%1793""},{""@Name"":""ProfilePath"",""#text"":""%%1793""},{""@Name"":""UserWorkstations"",""#text"":""%%1793""},{""@Name"":""PasswordLastSet"",""#text"":""11/20/2010 8:57:24 PM""},{""@Name"":""AccountExpires"",""#text"":""%%1794""},{""@Name"":""PrimaryGroupId"",""#text"":""513""},{""@Name"":""AllowedToDelegateTo"",""#text"":""-""},{""@Name"":""OldUacValue"",""#text"":""0x211""},{""@Name"":""NewUacValue"",""#text"":""0x211""},{""@Name"":""UserAccountControl"",""#text"":""-""},{""@Name"":""UserParameters"",""#text"":""%%1793""},{""@Name"":""SidHistory"",""#text"":""-""},{""@Name"":""LogonHours"",""#text"":""%%1797""}]}}"
100,100,2024-05-27 02:40:46.656250+00:00,4735,LogAlways,Microsoft-Windows-Security-Auditing,Security,468,260,win7,0,,A security-enabled local group was changed,WORKGROUP\WIN-QJNMT3LEKTG$ (S-1-5-18),,Target: Builtin\Event Log Readers (S-1-5-32-573),SubjectLogonId: 0x3E7,SamAccountName: Event Log Readers,SidHistory: -,PrivilegeList: -,,,False,C:\Users\BRIANNA\OneDrive\Documents\GitHub\NSSECU3_MP2\win7_files\Logs\Security.evtx,Audit success,0,"{""EventData"":{""Data"":[{""@Name"":""TargetUserName"",""#text"":""Event Log Readers""},{""@Name"":""TargetDomainName"",""#text"":""Builtin""},{""@Name"":""TargetSid"",""#text"":""S-1-5-32-573""},{""@Name"":""SubjectUserSid"",""#text"":""S-1-5-18""},{""@Name"":""SubjectUserName"",""#text"":""WIN-QJNMT3LEKTG$""},{""@Name"":""SubjectDomainName"",""#text"":""WORKGROUP""},{""@Name"":""SubjectLogonId"",""#text"":""0x3E7""},{""@Name"":""PrivilegeList"",""#text"":""-""},{""@Name"":""SamAccountName"",""#text"":""Event Log Readers""},{""@Name"":""SidHistory"",""#text"":""-""}]}}"
99,99,2024-05-27 02:40:46.656250+00:00,4781,LogAlways,Microsoft-Windows-Security-Auditing,Security,468,260,win7,0,,The name of an account was changed,WORKGROUP\WIN-QJNMT3LEKTG$ (S-1-5-18),,OldTargetUserName: Event Log Readers,NewTargetUserName: Event Log Readers,TargetDomainName: Builtin,TargetSid: S-1-5-32-573,,,,False,C:\Users\BRIANNA\OneDrive\Documents\GitHub\NSSECU3_MP2\win7_files\Logs\Security.evtx,Audit success,0,"{""EventData"":{""Data"":[{""@Name"":""OldTargetUserName"",""#text"":""Event Log Readers""},{""@Name"":""NewTargetUserName"",""#text"":""Event Log Readers""},{""@Name"":""TargetDomainName"",""#text"":""Builtin""},{""@Name"":""TargetSid"",""#text"":""S-1-5-32-573""},{""@Name"":""SubjectUserSid"",""#text"":""S-1-5-18""},{""@Name"":""SubjectUserName"",""#text"":""WIN-QJNMT3LEKTG$""},{""@Name"":""SubjectDomainName"",""#text"":""WORKGROUP""},{""@Name"":""SubjectLogonId"",""#text"":""0x3E7""},{""@Name"":""PrivilegeList"",""#text"":""-""}]}}"
98,98,2024-05-27 02:40:46.656250+00:00,4735,LogAlways,Microsoft-Windows-Security-Auditing,Security,468,260,win7,0,,A security-enabled local group was changed,WORKGROUP\WIN-QJNMT3LEKTG$ (S-1-5-18),,Target: Builtin\Event Log Readers (S-1-5-32-573),SubjectLogonId: 0x3E7,SamAccountName: -,SidHistory: -,PrivilegeList: -,,,False,C:\Users\BRIANNA\OneDrive\Documents\GitHub\NSSECU3_MP2\win7_files\Logs\Security.evtx,Audit success,0,"{""EventData"":{""Data"":[{""@Name"":""TargetUserName"",""#text"":""Event Log Readers""},{""@Name"":""TargetDomainName"",""#text"":""Builtin""},{""@Name"":""TargetSid"",""#text"":""S-1-5-32-573""},{""@Name"":""SubjectUserSid"",""#text"":""S-1-5-18""},{""@Name"":""SubjectUserName"",""#text"":""WIN-QJNMT3LEKTG$""},{""@Name"":""SubjectDomainName"",""#text"":""WORKGROUP""},{""@Name"":""SubjectLogonId"",""#text"":""0x3E7""},{""@Name"":""PrivilegeList"",""#text"":""-""},{""@Name"":""SamAccountName"",""#text"":""-""},{""@Name"":""SidHistory"",""#text"":""-""}]}}"
96,96,2024-05-27 02:40:46.656250+00:00,4781,LogAlways,Microsoft-Windows-Security-Auditing,Security,468,260,win7,0,,The name of an account was changed,WORKGROUP\WIN-QJNMT3LEKTG$ (S-1-5-18),,OldTargetUserName: Cryptographic Operators,NewTargetUserName: Cryptographic Operators,TargetDomainName: Builtin,TargetSid: S-1-5-32-569,,,,False,C:\Users\BRIANNA\OneDrive\Documents\GitHub\NSSECU3_MP2\win7_files\Logs\Security.evtx,Audit success,0,"{""EventData"":{""Data"":[{""@Name"":""OldTargetUserName"",""#text"":""Cryptographic Operators""},{""@Name"":""NewTargetUserName"",""#text"":""Cryptographic Operators""},{""@Name"":""TargetDomainName"",""#text"":""Builtin""},{""@Name"":""TargetSid"",""#text"":""S-1-5-32-569""},{""@Name"":""SubjectUserSid"",""#text"":""S-1-5-18""},{""@Name"":""SubjectUserName"",""#text"":""WIN-QJNMT3LEKTG$""},{""@Name"":""SubjectDomainName"",""#text"":""WORKGROUP""},{""@Name"":""SubjectLogonId"",""#text"":""0x3E7""},{""@Name"":""PrivilegeList"",""#text"":""-""}]}}"
92,92,2024-05-27 02:40:46.656250+00:00,4735,LogAlways,Microsoft-Windows-Security-Auditing,Security,468,260,win7,0,,A security-enabled local group was changed,WORKGROUP\WIN-QJNMT3LEKTG$ (S-1-5-18),,Target: Builtin\IIS_IUSRS (S-1-5-32-568),SubjectLogonId: 0x3E7,SamAccountName: -,SidHistory: -,PrivilegeList: -,,,False,C:\Users\BRIANNA\OneDrive\Documents\GitHub\NSSECU3_MP2\win7_files\Logs\Security.evtx,Audit success,0,"{""EventData"":{""Data"":[{""@Name"":""TargetUserName"",""#text"":""IIS_IUSRS""},{""@Name"":""TargetDomainName"",""#text"":""Builtin""},{""@Name"":""TargetSid"",""#text"":""S-1-5-32-568""},{""@Name"":""SubjectUserSid"",""#text"":""S-1-5-18""},{""@Name"":""SubjectUserName"",""#text"":""WIN-QJNMT3LEKTG$""},{""@Name"":""SubjectDomainName"",""#text"":""WORKGROUP""},{""@Name"":""SubjectLogonId"",""#text"":""0x3E7""},{""@Name"":""PrivilegeList"",""#text"":""-""},{""@Name"":""SamAccountName"",""#text"":""-""},{""@Name"":""SidHistory"",""#text"":""-""}]}}"
94,94,2024-05-27 02:40:46.656250+00:00,4735,LogAlways,Microsoft-Windows-Security-Auditing,Security,468,260,win7,0,,A security-enabled local group was changed,WORKGROUP\WIN-QJNMT3LEKTG$ (S-1-5-18),,Target: Builtin\IIS_IUSRS (S-1-5-32-568),SubjectLogonId: 0x3E7,SamAccountName: IIS_IUSRS,SidHistory: -,PrivilegeList: -,,,False,C:\Users\BRIANNA\OneDrive\Documents\GitHub\NSSECU3_MP2\win7_files\Logs\Security.evtx,Audit success,0,"{""EventData"":{""Data"":[{""@Name"":""TargetUserName"",""#text"":""IIS_IUSRS""},{""@Name"":""TargetDomainName"",""#text"":""Builtin""},{""@Name"":""TargetSid"",""#text"":""S-1-5-32-568""},{""@Name"":""SubjectUserSid"",""#text"":""S-1-5-18""},{""@Name"":""SubjectUserName"",""#text"":""WIN-QJNMT3LEKTG$""},{""@Name"":""SubjectDomainName"",""#text"":""WORKGROUP""},{""@Name"":""SubjectLogonId"",""#text"":""0x3E7""},{""@Name"":""PrivilegeList"",""#text"":""-""},{""@Name"":""SamAccountName"",""#text"":""IIS_IUSRS""},{""@Name"":""SidHistory"",""#text"":""-""}]}}"
93,93,2024-05-27 02:40:46.656250+00:00,4781,LogAlways,Microsoft-Windows-Security-Auditing,Security,468,260,win7,0,,The name of an account was changed,WORKGROUP\WIN-QJNMT3LEKTG$ (S-1-5-18),,OldTargetUserName: IIS_IUSRS,NewTargetUserName: IIS_IUSRS,TargetDomainName: Builtin,TargetSid: S-1-5-32-568,,,,False,C:\Users\BRIANNA\OneDrive\Documents\GitHub\NSSECU3_MP2\win7_files\Logs\Security.evtx,Audit success,0,"{""EventData"":{""Data"":[{""@Name"":""OldTargetUserName"",""#text"":""IIS_IUSRS""},{""@Name"":""NewTargetUserName"",""#text"":""IIS_IUSRS""},{""@Name"":""TargetDomainName"",""#text"":""Builtin""},{""@Name"":""TargetSid"",""#text"":""S-1-5-32-568""},{""@Name"":""SubjectUserSid"",""#text"":""S-1-5-18""},{""@Name"":""SubjectUserName"",""#text"":""WIN-QJNMT3LEKTG$""},{""@Name"":""SubjectDomainName"",""#text"":""WORKGROUP""},{""@Name"":""SubjectLogonId"",""#text"":""0x3E7""},{""@Name"":""PrivilegeList"",""#text"":""-""}]}}"
91,91,2024-05-27 02:40:46.656250+00:00,4735,LogAlways,Microsoft-Windows-Security-Auditing,Security,468,260,win7,0,,A security-enabled local group was changed,WORKGROUP\WIN-QJNMT3LEKTG$ (S-1-5-18),,Target: Builtin\Distributed COM Users (S-1-5-32-562),SubjectLogonId: 0x3E7,SamAccountName: Distributed COM Users,SidHistory: -,PrivilegeList: -,,,False,C:\Users\BRIANNA\OneDrive\Documents\GitHub\NSSECU3_MP2\win7_files\Logs\Security.evtx,Audit success,0,"{""EventData"":{""Data"":[{""@Name"":""TargetUserName"",""#text"":""Distributed COM Users""},{""@Name"":""TargetDomainName"",""#text"":""Builtin""},{""@Name"":""TargetSid"",""#text"":""S-1-5-32-562""},{""@Name"":""SubjectUserSid"",""#text"":""S-1-5-18""},{""@Name"":""SubjectUserName"",""#text"":""WIN-QJNMT3LEKTG$""},{""@Name"":""SubjectDomainName"",""#text"":""WORKGROUP""},{""@Name"":""SubjectLogonId"",""#text"":""0x3E7""},{""@Name"":""PrivilegeList"",""#text"":""-""},{""@Name"":""SamAccountName"",""#text"":""Distributed COM Users""},{""@Name"":""SidHistory"",""#text"":""-""}]}}"
90,90,2024-05-27 02:40:46.656250+00:00,4781,LogAlways,Microsoft-Windows-Security-Auditing,Security,468,260,win7,0,,The name of an account was changed,WORKGROUP\WIN-QJNMT3LEKTG$ (S-1-5-18),,OldTargetUserName: Distributed COM Users,NewTargetUserName: Distributed COM Users,TargetDomainName: Builtin,TargetSid: S-1-5-32-562,,,,False,C:\Users\BRIANNA\OneDrive\Documents\GitHub\NSSECU3_MP2\win7_files\Logs\Security.evtx,Audit success,0,"{""EventData"":{""Data"":[{""@Name"":""OldTargetUserName"",""#text"":""Distributed COM Users""},{""@Name"":""NewTargetUserName"",""#text"":""Distributed COM Users""},{""@Name"":""TargetDomainName"",""#text"":""Builtin""},{""@Name"":""TargetSid"",""#text"":""S-1-5-32-562""},{""@Name"":""SubjectUserSid"",""#text"":""S-1-5-18""},{""@Name"":""SubjectUserName"",""#text"":""WIN-QJNMT3LEKTG$""},{""@Name"":""SubjectDomainName"",""#text"":""WORKGROUP""},{""@Name"":""SubjectLogonId"",""#text"":""0x3E7""},{""@Name"":""PrivilegeList"",""#text"":""-""}]}}"
89,89,2024-05-27 02:40:46.656250+00:00,4735,LogAlways,Microsoft-Windows-Security-Auditing,Security,468,260,win7,0,,A security-enabled local group was changed,WORKGROUP\WIN-QJNMT3LEKTG$ (S-1-5-18),,Target: Builtin\Distributed COM Users (S-1-5-32-562),SubjectLogonId: 0x3E7,SamAccountName: -,SidHistory: -,PrivilegeList: -,,,False,C:\Users\BRIANNA\OneDrive\Documents\GitHub\NSSECU3_MP2\win7_files\Logs\Security.evtx,Audit success,0,"{""EventData"":{""Data"":[{""@Name"":""TargetUserName"",""#text"":""Distributed COM Users""},{""@Name"":""TargetDomainName"",""#text"":""Builtin""},{""@Name"":""TargetSid"",""#text"":""S-1-5-32-562""},{""@Name"":""SubjectUserSid"",""#text"":""S-1-5-18""},{""@Name"":""SubjectUserName"",""#text"":""WIN-QJNMT3LEKTG$""},{""@Name"":""SubjectDomainName"",""#text"":""WORKGROUP""},{""@Name"":""SubjectLogonId"",""#text"":""0x3E7""},{""@Name"":""PrivilegeList"",""#text"":""-""},{""@Name"":""SamAccountName"",""#text"":""-""},{""@Name"":""SidHistory"",""#text"":""-""}]}}"
4,4,2024-05-27 02:40:46.656250+00:00,3002,Info,Microsoft-Windows-MUI,Microsoft-Windows-MUI/Operational,812,208,win7,0,S-1-5-18,,,,,,,,,,,False,C:\Users\BRIANNA\OneDrive\Documents\GitHub\NSSECU3_MP2\win7_files\Logs\Microsoft-Windows-MUI_4Operational.evtx,Classic,0,"{""EventData"":{""Data"":[{""@Name"":""FileName"",""#text"":""c:\\windows\\system32\\samlib.dll""},{""@Name"":""FunctionName"",""#text"":""OnMachineUILanguageInit""},{""@Name"":""ReturnValue"",""#text"":""0""}]}}"
5,5,2024-05-27 02:40:46.656250+00:00,3000,Info,Microsoft-Windows-MUI,Microsoft-Windows-MUI/Operational,812,208,win7,0,S-1-5-18,,,,,,,,,,,False,C:\Users\BRIANNA\OneDrive\Documents\GitHub\NSSECU3_MP2\win7_files\Logs\Microsoft-Windows-MUI_4Operational.evtx,Classic,0,"{""EventData"":{""Data"":[{""@Name"":""Flags"",""#text"":""1""},{""@Name"":""NewLanguage"",""#text"":""en-US""},{""@Name"":""PrevLanguage"",""#text"":""en-US""},{""@Name"":""ExtendedFlag"",""#text"":""0""}]}}"
95,95,2024-05-27 02:40:46.656250+00:00,4735,LogAlways,Microsoft-Windows-Security-Auditing,Security,468,260,win7,0,,A security-enabled local group was changed,WORKGROUP\WIN-QJNMT3LEKTG$ (S-1-5-18),,Target: Builtin\Cryptographic Operators (S-1-5-32-569),SubjectLogonId: 0x3E7,SamAccountName: -,SidHistory: -,PrivilegeList: -,,,False,C:\Users\BRIANNA\OneDrive\Documents\GitHub\NSSECU3_MP2\win7_files\Logs\Security.evtx,Audit success,0,"{""EventData"":{""Data"":[{""@Name"":""TargetUserName"",""#text"":""Cryptographic Operators""},{""@Name"":""TargetDomainName"",""#text"":""Builtin""},{""@Name"":""TargetSid"",""#text"":""S-1-5-32-569""},{""@Name"":""SubjectUserSid"",""#text"":""S-1-5-18""},{""@Name"":""SubjectUserName"",""#text"":""WIN-QJNMT3LEKTG$""},{""@Name"":""SubjectDomainName"",""#text"":""WORKGROUP""},{""@Name"":""SubjectLogonId"",""#text"":""0x3E7""},{""@Name"":""PrivilegeList"",""#text"":""-""},{""@Name"":""SamAccountName"",""#text"":""-""},{""@Name"":""SidHistory"",""#text"":""-""}]}}"
6,6,2024-05-27 02:40:46.703125+00:00,3002,Info,Microsoft-Windows-MUI,Microsoft-Windows-MUI/Operational,812,208,win7,0,S-1-5-18,,,,,,,,,,,False,C:\Users\BRIANNA\OneDrive\Documents\GitHub\NSSECU3_MP2\win7_files\Logs\Microsoft-Windows-MUI_4Operational.evtx,Classic,0,"{""EventData"":{""Data"":[{""@Name"":""FileName"",""#text"":""c:\\windows\\system32\\setbcdlocale.dll""},{""@Name"":""FunctionName"",""#text"":""OnMachineUILanguageSwitch""},{""@Name"":""ReturnValue"",""#text"":""0""}]}}"
7,7,2024-05-27 02:40:46.765625+00:00,3002,Info,Microsoft-Windows-MUI,Microsoft-Windows-MUI/Operational,812,208,win7,0,S-1-5-18,,,,,,,,,,,False,C:\Users\BRIANNA\OneDrive\Documents\GitHub\NSSECU3_MP2\win7_files\Logs\Microsoft-Windows-MUI_4Operational.evtx,Classic,0,"{""EventData"":{""Data"":[{""@Name"":""FileName"",""#text"":""c:\\windows\\system32\\muifontsetup.dll""},{""@Name"":""FunctionName"",""#text"":""OnMachineUILanguageSwitch""},{""@Name"":""ReturnValue"",""#text"":""512""}]}}"
8,8,2024-05-27 02:40:46.796875+00:00,3002,Info,Microsoft-Windows-MUI,Microsoft-Windows-MUI/Operational,812,208,win7,0,S-1-5-18,,,,,,,,,,,False,C:\Users\BRIANNA\OneDrive\Documents\GitHub\NSSECU3_MP2\win7_files\Logs\Microsoft-Windows-MUI_4Operational.evtx,Classic,0,"{""EventData"":{""Data"":[{""@Name"":""FileName"",""#text"":""c:\\windows\\system32\\muilanguagecleanup.dll""},{""@Name"":""FunctionName"",""#text"":""OnMachineUILanguageSwitch""},{""@Name"":""ReturnValue"",""#text"":""0""}]}}"
9,9,2024-05-27 02:40:46.984375+00:00,3003,Info,Microsoft-Windows-MUI,Microsoft-Windows-MUI/Operational,1568,1572,win7,0,S-1-5-18,,,,,,,,,,,False,C:\Users\BRIANNA\OneDrive\Documents\GitHub\NSSECU3_MP2\win7_files\Logs\Microsoft-Windows-MUI_4Operational.evtx,Classic,0,"{""EventData"":{""Data"":{""@Name"":""Parameter"",""#text"":""-m en-US ""}}}"
10,10,2024-05-27 02:40:47+00:00,3002,Info,Microsoft-Windows-MUI,Microsoft-Windows-MUI/Operational,812,208,win7,0,S-1-5-18,,,,,,,,,,,False,C:\Users\BRIANNA\OneDrive\Documents\GitHub\NSSECU3_MP2\win7_files\Logs\Microsoft-Windows-MUI_4Operational.evtx,Classic,0,"{""EventData"":{""Data"":[{""@Name"":""FileName"",""#text"":""c:\\windows\\system32\\timedatemuicallback.dll""},{""@Name"":""FunctionName"",""#text"":""OnMachineUILanguageSwitch""},{""@Name"":""ReturnValue"",""#text"":""0""}]}}"
11,11,2024-05-27 02:40:47.015625+00:00,3002,Info,Microsoft-Windows-MUI,Microsoft-Windows-MUI/Operational,812,208,win7,0,S-1-5-18,,,,,,,,,,,False,C:\Users\BRIANNA\OneDrive\Documents\GitHub\NSSECU3_MP2\win7_files\Logs\Microsoft-Windows-MUI_4Operational.evtx,Classic,0,"{""EventData"":{""Data"":[{""@Name"":""FileName"",""#text"":""c:\\windows\\system32\\nci.dll""},{""@Name"":""FunctionName"",""#text"":""OnMachineUILanguageSwitch""},{""@Name"":""ReturnValue"",""#text"":""0""}]}}"
12,12,2024-05-27 02:40:49.968750+00:00,3007,Info,Microsoft-Windows-MUI,Microsoft-Windows-MUI/Operational,1568,1572,win7,0,S-1-5-18,,,,,,,,,,,False,C:\Users\BRIANNA\OneDrive\Documents\GitHub\NSSECU3_MP2\win7_files\Logs\Microsoft-Windows-MUI_4Operational.evtx,Classic,0,"{""EventData"":{""Data"":[{""@Name"":""NewCacheIndex"",""#text"":""2""},{""@Name"":""LiveCacheIndex"",""#text"":""2""},{""@Name"":""Config"",""#text"":""3""}]}}"
165,165,2024-05-27 02:41:11+00:00,1003,Info,Microsoft-Windows-Security-SPP,Application,0,0,win7,1,,,,,,,,,,,,False,C:\Users\BRIANNA\OneDrive\Documents\GitHub\NSSECU3_MP2\win7_files\Logs\Application.evtx,0x80000000000000,0,"{""EventData"":{""Data"":""55c92734-d682-4d71-983e-d6ec3f16059f, \n1: 4de78642-0f7f-4b61-9392-8add86d70ae8, 1, 0 [(0 [0xC004F014, 0, 0], [(?)(?)(?)(?)(?)(?)])(1 )(2 )]\n2: 50e329f7-a5fa-46b2-85fd-f224e5da7764, 1, 0 [(0 [0xC004F014, 0, 0], [(?)(?)(?)(?)(?)(?)])(1 )(2 )]\n3: 5a79ecd8-d33f-406c-a619-7785899b5d59, 1, 0 [(0 [0xC004F014, 0, 0], [(?)(?)(?)(?)(?)(?)])(1 )(2 )]\n4: 770bc271-8dc1-467d-b574-73cbacbeccd1, 1, 0 [(0 [0xC004F014, 0, 0], [(?)(?)(?)(?)(?)(?)])(1 )(2 )]\n5: 90a61a0d-0b76-4bf1-a8b8-89061855a4c9, 1, 0 [(0 [0xC004F014, 0, 0], [(?)(?)(?)(?)(?)(?)])(1 )(2 )]\n6: 92f9d22a-65f5-49a7-90fe-06491b4fc379, 1, 0 [(0 [0xC004F014, 0, 0], [(?)(?)(?)(?)(?)(?)])(1 )(2 )]\n7: 9abf5984-9c16-46f2-ad1e-7fe15931a8dd, 1, 0 [(0 [0xC004F014, 0, 0], [(?)(?)(?)(?)(?)(?)])(1 )(2 )]\n8: 9ccffaf9-86a2-414e-b031-b2f777720e90, 1, 0 [(0 [0xC004F014, 0, 0], [(?)(?)(?)(?)(?)(?)])(1 )(2 )]\n9: b92e9980-b9d5-4821-9c94-140f632f6312, 1, 0 [(0 [0xC004F014, 0, 0], [(?)(?)(?)(?)(?)(?)])(1 )(2 )]\n10: c1027486-8ae8-4633-9cf9-9658ed80504d, 1, 0 [(0 [0xC004F014, 0, 0], [(?)(?)(?)(?)(?)(?)])(1 )(2 )]\n11: c1e88de3-96c4-4563-ad7d-775f65b1e670, 1, 0 [(0 [0xC004F014, 0, 0], [(?)(?)(?)(?)(?)(?)])(1 )(2 )]\n12: c33001fc-5e9c-4f27-8c05-e0154adb0db4, 1, 0 [(0 [0xC004F014, 0, 0], [(?)(?)(?)(?)(?)(?)])(1 )(2 )]\n13: cf3c5b35-35ff-4c95-9bbd-a188e47ad14c, 1, 0 [(0 [0xC004F014, 0, 0], [(?)(?)(?)(?)(?)(?)])(1 )(2 )]\n14: cff07cac-7534-4cc3-b3f3-99e1a0aa3c20, 1, 0 [(0 [0xC004F014, 0, 0], [(?)(?)(?)(?)(?)(?)])(1 )(2 )]\n15: d188820a-cb63-4bad-a9a2-40b843ee23b7, 1, 0 [(0 [0xC004F014, 0, 0], [(?)(?)(?)(?)(?)(?)])(1 )(2 )]\n16: d8e04254-f9a5-4729-ae86-886de6aa907c, 1, 0 [(0 [0xC004F014, 0, 0], [(?)(?)(?)(?)(?)(?)])(1 )(2 )]\n17: da22eadd-46dc-4056-a287-f5041c852470, 1, 0 [(0 [0xC004F014, 0, 0], [(?)(?)(?)(?)(?)(?)])(1 )(2 )]\n18: e120e868-3df2-464a-95a0-b52fa5ada4bf, 1, 0 [(0 [0xC004F014, 0, 0], [(?)(?)(?)(?)(?)(?)])(1 )(2 )]\n19: e838d943-63ed-4a0b-9fb1-47152908acc9, 1, 1 [(0 )(1 )(2 [0x00000000, 0, 1], [(?)( 5 0x00000000 30 43200)( 1 0x00000000 0 0 msft:rm/algorithm/flags/1.0 0x00000000 0)(?)(?)(?)])]\n20: 4a8149bb-7d61-49f4-8822-82c7bf88d64b, 1, 0 [(0 [0xC004F014, 0, 0], [(?)(?)(?)(?)(?)(?)])(1 )(2 )]\n21: afd5f68f-b70f-4000-a21d-28dbc8be8b07, 1, 0 [(0 [0xC004F014, 0, 0], [(?)(?)(?)(?)(?)(?)])(1 )(2 )]\n\n"",""Binary"":""""}}"
