211,211,2024-05-27 02:37:03.671875+00:00,20003,Info,Microsoft-Windows-UserPnp,System,1860,1788,37L4247F27-25,1,S-1-5-18,Service installation,,,ServiceName: fdc,AddServiceStatus: Unknown code (0),,UpdateService: True,PrimaryService: True,DeviceInstanceID: ACPI\PNP0700\4&amp;3B4F7DA4&amp;0,system32\DRIVERS\fdc.sys,False,C:\Users\BRIANNA\OneDrive\Documents\GitHub\NSSECU3_MP2\win7_files\Logs\System.evtx,Classic,0,"{""UserData"":{""AddServiceID"":{""ServiceName"":""fdc"",""DriverFileName"":""system32\\DRIVERS\\fdc.sys"",""DeviceInstanceID"":""ACPI\\PNP0700\\4&amp;3B4F7DA4&amp;0"",""PrimaryService"":""True"",""UpdateService"":""True"",""AddServiceStatus"":""0""}}}"
212,212,2024-05-27 02:37:03.843750+00:00,20001,Info,Microsoft-Windows-UserPnp,System,1860,1788,37L4247F27-25,1,S-1-5-18,Device installation,,,DriverDescription: Standard floppy disk controller,InstallStatus: Installation Successful,IsDriverOEM: False,UpgradeDevice: False,RebootOption: False,DeviceInstanceID: ACPI\PNP0700\4&amp;3B4F7DA4&amp;0,FileRepository\fdc.inf_amd64_neutral_bbcfca39fdc02275\fdc.inf,False,C:\Users\BRIANNA\OneDrive\Documents\GitHub\NSSECU3_MP2\win7_files\Logs\System.evtx,Classic,0,"{""UserData"":{""InstallDeviceID"":{""DriverName"":""FileRepository\\fdc.inf_amd64_neutral_bbcfca39fdc02275\\fdc.inf"",""DriverVersion"":""6.1.7600.16385"",""DriverProvider"":""Microsoft"",""DeviceInstanceID"":""ACPI\\PNP0700\\4&amp;3B4F7DA4&amp;0"",""SetupClass"":""4d36e969-e325-11ce-bfc1-08002be10318"",""RebootOption"":""False"",""UpgradeDevice"":""False"",""IsDriverOEM"":""False"",""InstallStatus"":""0x0"",""DriverDescription"":""Standard floppy disk controller""}}}"
213,213,2024-05-27 02:37:04.046875+00:00,20003,Info,Microsoft-Windows-UserPnp,System,1780,1852,37L4247F27-25,1,S-1-5-18,Service installation,,,ServiceName: atapi,AddServiceStatus: Unknown code (0),,UpdateService: True,PrimaryService: True,DeviceInstanceID: PCIIDE\IDECHANNEL\4&amp;3084357F&amp;0&amp;0,system32\DRIVERS\atapi.sys,False,C:\Users\BRIANNA\OneDrive\Documents\GitHub\NSSECU3_MP2\win7_files\Logs\System.evtx,Classic,0,"{""UserData"":{""AddServiceID"":{""ServiceName"":""atapi"",""DriverFileName"":""system32\\DRIVERS\\atapi.sys"",""DeviceInstanceID"":""PCIIDE\\IDECHANNEL\\4&amp;3084357F&amp;0&amp;0"",""PrimaryService"":""True"",""UpdateService"":""True"",""AddServiceStatus"":""0""}}}"
214,214,2024-05-27 02:37:04.328125+00:00,20001,Info,Microsoft-Windows-UserPnp,System,1780,1852,37L4247F27-25,1,S-1-5-18,Device installation,,,DriverDescription: IDE Channel,InstallStatus: Installation Successful,IsDriverOEM: False,UpgradeDevice: False,RebootOption: True,DeviceInstanceID: PCIIDE\IDECHANNEL\4&amp;3084357F&amp;0&amp;0,FileRepository\mshdc.inf_amd64_neutral_aad30bdeec04ea5e\mshdc.inf,False,C:\Users\BRIANNA\OneDrive\Documents\GitHub\NSSECU3_MP2\win7_files\Logs\System.evtx,Classic,0,"{""UserData"":{""InstallDeviceID"":{""DriverName"":""FileRepository\\mshdc.inf_amd64_neutral_aad30bdeec04ea5e\\mshdc.inf"",""DriverVersion"":""6.1.7601.17514"",""DriverProvider"":""Microsoft"",""DeviceInstanceID"":""PCIIDE\\IDECHANNEL\\4&amp;3084357F&amp;0&amp;0"",""SetupClass"":""4d36e96a-e325-11ce-bfc1-08002be10318"",""RebootOption"":""True"",""UpgradeDevice"":""False"",""IsDriverOEM"":""False"",""InstallStatus"":""0x0"",""DriverDescription"":""IDE Channel""}}}"
215,215,2024-05-27 02:37:04.453125+00:00,20003,Info,Microsoft-Windows-UserPnp,System,1824,1156,37L4247F27-25,1,S-1-5-18,Service installation,,,ServiceName: cdrom,AddServiceStatus: Unknown code (0),,UpdateService: True,PrimaryService: True,DeviceInstanceID: IDE\CDROMQEMU_QEMU_DVD-ROM_______________________2.5+____\5&amp;3A2A5854&amp;0&amp;1.0.0,system32\DRIVERS\cdrom.sys,False,C:\Users\BRIANNA\OneDrive\Documents\GitHub\NSSECU3_MP2\win7_files\Logs\System.evtx,Classic,0,"{""UserData"":{""AddServiceID"":{""ServiceName"":""cdrom"",""DriverFileName"":""system32\\DRIVERS\\cdrom.sys"",""DeviceInstanceID"":""IDE\\CDROMQEMU_QEMU_DVD-ROM_______________________2.5+____\\5&amp;3A2A5854&amp;0&amp;1.0.0"",""PrimaryService"":""True"",""UpdateService"":""True"",""AddServiceStatus"":""0""}}}"
216,216,2024-05-27 02:37:04.640625+00:00,20001,Info,Microsoft-Windows-UserPnp,System,1824,1156,37L4247F27-25,1,S-1-5-18,Device installation,,,DriverDescription: CD-ROM Drive,InstallStatus: Installation Successful,IsDriverOEM: False,UpgradeDevice: False,RebootOption: False,DeviceInstanceID: IDE\CDROMQEMU_QEMU_DVD-ROM_______________________2.5+____\5&amp;3A2A5854&amp;0&amp;1.0.0,FileRepository\cdrom.inf_amd64_neutral_0b3d0d1942ab684b\cdrom.inf,False,C:\Users\BRIANNA\OneDrive\Documents\GitHub\NSSECU3_MP2\win7_files\Logs\System.evtx,Classic,0,"{""UserData"":{""InstallDeviceID"":{""DriverName"":""FileRepository\\cdrom.inf_amd64_neutral_0b3d0d1942ab684b\\cdrom.inf"",""DriverVersion"":""6.1.7601.17514"",""DriverProvider"":""Microsoft"",""DeviceInstanceID"":""IDE\\CDROMQEMU_QEMU_DVD-ROM_______________________2.5+____\\5&amp;3A2A5854&amp;0&amp;1.0.0"",""SetupClass"":""4d36e965-e325-11ce-bfc1-08002be10318"",""RebootOption"":""False"",""UpgradeDevice"":""False"",""IsDriverOEM"":""False"",""InstallStatus"":""0x0"",""DriverDescription"":""CD-ROM Drive""}}}"
217,217,2024-05-27 02:37:04.937500+00:00,20003,Info,Microsoft-Windows-UserPnp,System,904,2028,37L4247F27-25,1,S-1-5-18,Service installation,,,ServiceName: monitor,AddServiceStatus: Unknown code (0),,UpdateService: True,PrimaryService: True,DeviceInstanceID: DISPLAY\DEFAULT_MONITOR\4&amp;77741E3&amp;0&amp;12345678&amp;00&amp;02,system32\DRIVERS\monitor.sys,False,C:\Users\BRIANNA\OneDrive\Documents\GitHub\NSSECU3_MP2\win7_files\Logs\System.evtx,Classic,0,"{""UserData"":{""AddServiceID"":{""ServiceName"":""monitor"",""DriverFileName"":""system32\\DRIVERS\\monitor.sys"",""DeviceInstanceID"":""DISPLAY\\DEFAULT_MONITOR\\4&amp;77741E3&amp;0&amp;12345678&amp;00&amp;02"",""PrimaryService"":""True"",""UpdateService"":""True"",""AddServiceStatus"":""0""}}}"
11,11,2024-05-27 02:37:05+00:00,1001,Info,Windows Error Reporting,Application,0,0,37L4247F27-25,0,,Application Crash,,,,,,,,,"0, PnPRequestAdditionalSoftware, Not available, 0, x64, USB\VID_0627&amp;PID_0001&amp;REV_0000, 6.1.1.0, 0409, input.inf, *, C:\ProgramData\Microsoft\Windows\WER\ReportQueue\NonCritical_x64_3eb5ea8473594499407cacbd9887e2953d50fd80_cab_0634d5af, 0, 010e2ac4-1bd2-11ef-a968-b880b7e05fa3, 6",False,C:\Users\BRIANNA\OneDrive\Documents\GitHub\NSSECU3_MP2\win7_files\Logs\Application.evtx,0x80000000000000,0,"{""EventData"":{""Data"":""0, PnPRequestAdditionalSoftware, Not available, 0, x64, USB\\VID_0627&amp;PID_0001&amp;REV_0000, 6.1.1.0, 0409, input.inf, *, C:\\ProgramData\\Microsoft\\Windows\\WER\\ReportQueue\\NonCritical_x64_3eb5ea8473594499407cacbd9887e2953d50fd80_cab_0634d5af, 0, 010e2ac4-1bd2-11ef-a968-b880b7e05fa3, 6"",""Binary"":""""}}"
218,218,2024-05-27 02:37:05.109375+00:00,20001,Info,Microsoft-Windows-UserPnp,System,904,2028,37L4247F27-25,1,S-1-5-18,Device installation,,,DriverDescription: Generic Non-PnP Monitor,InstallStatus: Installation Successful,IsDriverOEM: False,UpgradeDevice: False,RebootOption: False,DeviceInstanceID: DISPLAY\DEFAULT_MONITOR\4&amp;77741E3&amp;0&amp;12345678&amp;00&amp;02,FileRepository\monitor.inf_amd64_neutral_ab477c4d805d044f\monitor.inf,False,C:\Users\BRIANNA\OneDrive\Documents\GitHub\NSSECU3_MP2\win7_files\Logs\System.evtx,Classic,0,"{""UserData"":{""InstallDeviceID"":{""DriverName"":""FileRepository\\monitor.inf_amd64_neutral_ab477c4d805d044f\\monitor.inf"",""DriverVersion"":""6.1.7600.16385"",""DriverProvider"":""Microsoft"",""DeviceInstanceID"":""DISPLAY\\DEFAULT_MONITOR\\4&amp;77741E3&amp;0&amp;12345678&amp;00&amp;02"",""SetupClass"":""4d36e96e-e325-11ce-bfc1-08002be10318"",""RebootOption"":""False"",""UpgradeDevice"":""False"",""IsDriverOEM"":""False"",""InstallStatus"":""0x0"",""DriverDescription"":""Generic Non-PnP Monitor""}}}"
219,219,2024-05-27 02:37:05.265625+00:00,20003,Info,Microsoft-Windows-UserPnp,System,1588,1388,37L4247F27-25,1,S-1-5-18,Service installation,,,ServiceName: HidUsb,AddServiceStatus: Unknown code (0),,UpdateService: True,PrimaryService: True,DeviceInstanceID: USB\VID_0627&amp;PID_0001\28754-0000:00:01.2-1,system32\DRIVERS\hidusb.sys,False,C:\Users\BRIANNA\OneDrive\Documents\GitHub\NSSECU3_MP2\win7_files\Logs\System.evtx,Classic,0,"{""UserData"":{""AddServiceID"":{""ServiceName"":""HidUsb"",""DriverFileName"":""system32\\DRIVERS\\hidusb.sys"",""DeviceInstanceID"":""USB\\VID_0627&amp;PID_0001\\28754-0000:00:01.2-1"",""PrimaryService"":""True"",""UpdateService"":""True"",""AddServiceStatus"":""0""}}}"
220,220,2024-05-27 02:37:05.656250+00:00,20001,Info,Microsoft-Windows-UserPnp,System,1588,1388,37L4247F27-25,1,S-1-5-18,Device installation,,,DriverDescription: USB Input Device,InstallStatus: Installation Successful,IsDriverOEM: False,UpgradeDevice: False,RebootOption: False,DeviceInstanceID: USB\VID_0627&amp;PID_0001\28754-0000:00:01.2-1,FileRepository\input.inf_amd64_neutral_8693053514b10ee9\input.inf,False,C:\Users\BRIANNA\OneDrive\Documents\GitHub\NSSECU3_MP2\win7_files\Logs\System.evtx,Classic,0,"{""UserData"":{""InstallDeviceID"":{""DriverName"":""FileRepository\\input.inf_amd64_neutral_8693053514b10ee9\\input.inf"",""DriverVersion"":""6.1.7601.17514"",""DriverProvider"":""Microsoft"",""DeviceInstanceID"":""USB\\VID_0627&amp;PID_0001\\28754-0000:00:01.2-1"",""SetupClass"":""745a17a0-74d3-11d0-b6fe-00a0c90f57da"",""RebootOption"":""False"",""UpgradeDevice"":""False"",""IsDriverOEM"":""False"",""InstallStatus"":""0x0"",""DriverDescription"":""USB Input Device""}}}"
221,221,2024-05-27 02:37:05.843750+00:00,20003,Info,Microsoft-Windows-UserPnp,System,1980,1624,37L4247F27-25,1,S-1-5-18,Service installation,,,ServiceName: disk,AddServiceStatus: Unknown code (0),,UpdateService: True,PrimaryService: True,DeviceInstanceID: IDE\DISKQEMU_HARDDISK___________________________2.5+____\5&amp;2770A7AF&amp;0&amp;0.0.0,system32\DRIVERS\disk.sys,False,C:\Users\BRIANNA\OneDrive\Documents\GitHub\NSSECU3_MP2\win7_files\Logs\System.evtx,Classic,0,"{""UserData"":{""AddServiceID"":{""ServiceName"":""disk"",""DriverFileName"":""system32\\DRIVERS\\disk.sys"",""DeviceInstanceID"":""IDE\\DISKQEMU_HARDDISK___________________________2.5+____\\5&amp;2770A7AF&amp;0&amp;0.0.0"",""PrimaryService"":""True"",""UpdateService"":""True"",""AddServiceStatus"":""0""}}}"
222,222,2024-05-27 02:37:05.968750+00:00,20001,Info,Microsoft-Windows-UserPnp,System,1980,1624,37L4247F27-25,1,S-1-5-18,Device installation,,,DriverDescription: Disk drive,InstallStatus: Installation Successful,IsDriverOEM: False,UpgradeDevice: False,RebootOption: False,DeviceInstanceID: IDE\DISKQEMU_HARDDISK___________________________2.5+____\5&amp;2770A7AF&amp;0&amp;0.0.0,FileRepository\disk.inf_amd64_neutral_10ce25bbc5a9cc43\disk.inf,False,C:\Users\BRIANNA\OneDrive\Documents\GitHub\NSSECU3_MP2\win7_files\Logs\System.evtx,Classic,0,"{""UserData"":{""InstallDeviceID"":{""DriverName"":""FileRepository\\disk.inf_amd64_neutral_10ce25bbc5a9cc43\\disk.inf"",""DriverVersion"":""6.1.7600.16385"",""DriverProvider"":""Microsoft"",""DeviceInstanceID"":""IDE\\DISKQEMU_HARDDISK___________________________2.5+____\\5&amp;2770A7AF&amp;0&amp;0.0.0"",""SetupClass"":""4d36e967-e325-11ce-bfc1-08002be10318"",""RebootOption"":""False"",""UpgradeDevice"":""False"",""IsDriverOEM"":""False"",""InstallStatus"":""0x0"",""DriverDescription"":""Disk drive""}}}"
223,223,2024-05-27 02:37:06.093750+00:00,20003,Info,Microsoft-Windows-UserPnp,System,1600,1528,37L4247F27-25,1,S-1-5-18,Service installation,,,ServiceName: mouhid,AddServiceStatus: Unknown code (0),,UpdateService: True,PrimaryService: True,DeviceInstanceID: HID\VID_0627&amp;PID_0001\6&amp;37F336B9&amp;0&amp;0000,system32\DRIVERS\mouhid.sys,False,C:\Users\BRIANNA\OneDrive\Documents\GitHub\NSSECU3_MP2\win7_files\Logs\System.evtx,Classic,0,"{""UserData"":{""AddServiceID"":{""ServiceName"":""mouhid"",""DriverFileName"":""system32\\DRIVERS\\mouhid.sys"",""DeviceInstanceID"":""HID\\VID_0627&amp;PID_0001\\6&amp;37F336B9&amp;0&amp;0000"",""PrimaryService"":""True"",""UpdateService"":""True"",""AddServiceStatus"":""0""}}}"
224,224,2024-05-27 02:37:06.093750+00:00,20003,Info,Microsoft-Windows-UserPnp,System,1600,1528,37L4247F27-25,1,S-1-5-18,Service installation,,,ServiceName: mouclass,AddServiceStatus: Unknown code (0),,UpdateService: True,PrimaryService: False,DeviceInstanceID: HID\VID_0627&amp;PID_0001\6&amp;37F336B9&amp;0&amp;0000,system32\DRIVERS\mouclass.sys,False,C:\Users\BRIANNA\OneDrive\Documents\GitHub\NSSECU3_MP2\win7_files\Logs\System.evtx,Classic,0,"{""UserData"":{""AddServiceID"":{""ServiceName"":""mouclass"",""DriverFileName"":""system32\\DRIVERS\\mouclass.sys"",""DeviceInstanceID"":""HID\\VID_0627&amp;PID_0001\\6&amp;37F336B9&amp;0&amp;0000"",""PrimaryService"":""False"",""UpdateService"":""True"",""AddServiceStatus"":""0""}}}"
225,225,2024-05-27 02:37:06.281250+00:00,20001,Info,Microsoft-Windows-UserPnp,System,1600,1528,37L4247F27-25,1,S-1-5-18,Device installation,,,DriverDescription: HID-compliant mouse,InstallStatus: Installation Successful,IsDriverOEM: False,UpgradeDevice: False,RebootOption: False,DeviceInstanceID: HID\VID_0627&amp;PID_0001\6&amp;37F336B9&amp;0&amp;0000,FileRepository\msmouse.inf_amd64_neutral_7a5f47d3150cc0eb\msmouse.inf,False,C:\Users\BRIANNA\OneDrive\Documents\GitHub\NSSECU3_MP2\win7_files\Logs\System.evtx,Classic,0,"{""UserData"":{""InstallDeviceID"":{""DriverName"":""FileRepository\\msmouse.inf_amd64_neutral_7a5f47d3150cc0eb\\msmouse.inf"",""DriverVersion"":""6.1.7600.16385"",""DriverProvider"":""Microsoft"",""DeviceInstanceID"":""HID\\VID_0627&amp;PID_0001\\6&amp;37F336B9&amp;0&amp;0000"",""SetupClass"":""4d36e96f-e325-11ce-bfc1-08002be10318"",""RebootOption"":""False"",""UpgradeDevice"":""False"",""IsDriverOEM"":""False"",""InstallStatus"":""0x0"",""DriverDescription"":""HID-compliant mouse""}}}"
33,33,2024-05-27 02:37:08.500000+00:00,4738,LogAlways,Microsoft-Windows-Security-Auditing,Security,460,512,37L4247F27-25,0,,A user account was changed,WORKGROUP\37L4247F27-25$,,Target: 37L4247F27-25\Administrator,Changed Attribute SamAccountName: - DisplayName: - UserPrincipalName: - HomeDirectory: - HomePath: - ScriptPath: - ProfilePath: - UserWorkstations: - PasswordLastSet: - AccountExpires: - PrimaryGroupId: - AllowedToDelegateTo: - OldUacValue: 0x211 NewUacValue: 0x211 UserAccountControl: - UserParameters: - SidHistory: - LogonHours: -,,,,,,False,C:\Users\BRIANNA\OneDrive\Documents\GitHub\NSSECU3_MP2\win7_files\Logs\Security.evtx,Audit success,0,"{""EventData"":{""Data"":[{""@Name"":""Dummy"",""#text"":""-""},{""@Name"":""TargetUserName"",""#text"":""Administrator""},{""@Name"":""TargetDomainName"",""#text"":""37L4247F27-25""},{""@Name"":""TargetSid"",""#text"":""S-1-5-21-2630035287-469658536-4158816484-500""},{""@Name"":""SubjectUserSid"",""#text"":""S-1-5-18""},{""@Name"":""SubjectUserName"",""#text"":""37L4247F27-25$""},{""@Name"":""SubjectDomainName"",""#text"":""WORKGROUP""},{""@Name"":""SubjectLogonId"",""#text"":""0x3E7""},{""@Name"":""PrivilegeList"",""#text"":""-""},{""@Name"":""SamAccountName"",""#text"":""-""},{""@Name"":""DisplayName"",""#text"":""-""},{""@Name"":""UserPrincipalName"",""#text"":""-""},{""@Name"":""HomeDirectory"",""#text"":""-""},{""@Name"":""HomePath"",""#text"":""-""},{""@Name"":""ScriptPath"",""#text"":""-""},{""@Name"":""ProfilePath"",""#text"":""-""},{""@Name"":""UserWorkstations"",""#text"":""-""},{""@Name"":""PasswordLastSet"",""#text"":""-""},{""@Name"":""AccountExpires"",""#text"":""-""},{""@Name"":""PrimaryGroupId"",""#text"":""-""},{""@Name"":""AllowedToDelegateTo"",""#text"":""-""},{""@Name"":""OldUacValue"",""#text"":""0x211""},{""@Name"":""NewUacValue"",""#text"":""0x211""},{""@Name"":""UserAccountControl"",""#text"":""-""},{""@Name"":""UserParameters"",""#text"":""-""},{""@Name"":""SidHistory"",""#text"":""-""},{""@Name"":""LogonHours"",""#text"":""-""}]}}"
19,19,2024-05-27 02:37:10+00:00,1004,Info,Microsoft-Windows-Security-SPP,Application,0,0,37L4247F27-25,0,,,,,,,,,,,,False,C:\Users\BRIANNA\OneDrive\Documents\GitHub\NSSECU3_MP2\win7_files\Logs\Application.evtx,0x80000000000000,0,"{""EventData"":{""Data"":""Windows(TM) - Component PPD License (Microsoft-Windows-OfflineFiles-Core), fde9a948-da42-4dda-8551-5bc37d07ed22"",""Binary"":""""}}"
18,18,2024-05-27 02:37:10+00:00,1004,Info,Microsoft-Windows-Security-SPP,Application,0,0,37L4247F27-25,0,,,,,,,,,,,,False,C:\Users\BRIANNA\OneDrive\Documents\GitHub\NSSECU3_MP2\win7_files\Logs\Application.evtx,0x80000000000000,0,"{""EventData"":{""Data"":""Windows(TM) - Component PPD License (Microsoft-Windows-AuxiliaryDisplay), bb84a932-2455-c803-5571-28702ab9ef37"",""Binary"":""""}}"
12,12,2024-05-27 02:37:10+00:00,900,Info,Microsoft-Windows-Security-SPP,Application,0,0,37L4247F27-25,0,,,,,,,,,,,,False,C:\Users\BRIANNA\OneDrive\Documents\GitHub\NSSECU3_MP2\win7_files\Logs\Application.evtx,0x80000000000000,0,"{""EventData"":{""Data"":"""",""Binary"":""""}}"
13,13,2024-05-27 02:37:10+00:00,1066,Info,Microsoft-Windows-Security-SPP,Application,0,0,37L4247F27-25,0,,,,,,,,,,,,False,C:\Users\BRIANNA\OneDrive\Documents\GitHub\NSSECU3_MP2\win7_files\Logs\Application.evtx,0x80000000000000,0,"{""EventData"":{""Data"":""C:\\Windows\\system32\\sppwinob.dll, msft:spp/windowsfunctionality/agent/7.0, 0x00000000, 0x00000000\nC:\\Windows\\system32\\sppobjs.dll, msft:rm/algorithm/phone/1.0, 0x00000000, 0x00000000\nC:\\Windows\\system32\\sppobjs.dll, msft:rm/algorithm/pkey/2005, 0x00000000, 0x00000000\nC:\\Windows\\system32\\sppobjs.dll, msft:spp/TaskScheduler/1.0, 0x00000000, 0x00000000\nC:\\Windows\\system32\\sppobjs.dll, msft:spp/volume/services/kms/1.0, 0x00000000, 0x00000000\nC:\\Windows\\system32\\sppobjs.dll, msft:spp/volume/services/kms/licenserenewal/1.0, 0x00000000, 0x00000000\n"",""Binary"":""""}}"
14,14,2024-05-27 02:37:10+00:00,1004,Info,Microsoft-Windows-Security-SPP,Application,0,0,37L4247F27-25,0,,,,,,,,,,,,False,C:\Users\BRIANNA\OneDrive\Documents\GitHub\NSSECU3_MP2\win7_files\Logs\Application.evtx,0x80000000000000,0,"{""EventData"":{""Data"":""Windows(TM) - Component PPD License (DirectExperience), 63f7d6b3-2b29-5864-50cf-9f7231237dbe"",""Binary"":""""}}"
15,15,2024-05-27 02:37:10+00:00,1004,Info,Microsoft-Windows-Security-SPP,Application,0,0,37L4247F27-25,0,,,,,,,,,,,,False,C:\Users\BRIANNA\OneDrive\Documents\GitHub\NSSECU3_MP2\win7_files\Logs\Application.evtx,0x80000000000000,0,"{""EventData"":{""Data"":""Windows(TM) - Component PPD License (MathRecognizerEventsLicensing), 4a69babc-79ff-d8d0-e21f-1ad764610ba5"",""Binary"":""""}}"
16,16,2024-05-27 02:37:10+00:00,1004,Info,Microsoft-Windows-Security-SPP,Application,0,0,37L4247F27-25,0,,,,,,,,,,,,False,C:\Users\BRIANNA\OneDrive\Documents\GitHub\NSSECU3_MP2\win7_files\Logs\Application.evtx,0x80000000000000,0,"{""EventData"":{""Data"":""Windows(TM) - Component PPD License (MCLicense), 7e746adc-aded-b4e0-f905-958045b82a91"",""Binary"":""""}}"
17,17,2024-05-27 02:37:10+00:00,1004,Info,Microsoft-Windows-Security-SPP,Application,0,0,37L4247F27-25,0,,,,,,,,,,,,False,C:\Users\BRIANNA\OneDrive\Documents\GitHub\NSSECU3_MP2\win7_files\Logs\Application.evtx,0x80000000000000,0,"{""EventData"":{""Data"":""Windows(TM) - Component PPD License (MediaCenter), e3d4363f-c347-a427-5719-d0714ad4e28b"",""Binary"":""""}}"
226,226,2024-05-27 02:37:10.062500+00:00,7036,Info,Service Control Manager,System,448,556,37L4247F27-25,1,,Service started or stopped,,,Name: Software Protection | Software Protection,Status: running,,,,,,False,C:\Users\BRIANNA\OneDrive\Documents\GitHub\NSSECU3_MP2\win7_files\Logs\System.evtx,"Audit success, classic",0,"{""EventData"":{""Data"":[{""@Name"":""param1"",""#text"":""Software Protection""},{""@Name"":""param2"",""#text"":""running""}],""Binary"":""73-00-70-00-70-00-73-00-76-00-63-00-2F-00-34-00-00-00""}}"
29,29,2024-05-27 02:37:11+00:00,1004,Info,Microsoft-Windows-Security-SPP,Application,0,0,37L4247F27-25,0,,,,,,,,,,,,False,C:\Users\BRIANNA\OneDrive\Documents\GitHub\NSSECU3_MP2\win7_files\Logs\Application.evtx,0x80000000000000,0,"{""EventData"":{""Data"":""Windows(TM) - Component PPD License (SnippingToolLicensing), 9503a4e9-5367-9f58-682a-c903313a1221"",""Binary"":""""}}"
65,65,2024-05-27 02:37:11+00:00,1004,Info,Microsoft-Windows-Security-SPP,Application,0,0,37L4247F27-25,0,,,,,,,,,,,,False,C:\Users\BRIANNA\OneDrive\Documents\GitHub\NSSECU3_MP2\win7_files\Logs\Application.evtx,0x80000000000000,0,"{""EventData"":{""Data"":""Windows(R) 7 UL-OEM License (Public), 0b3b63ce-04f4-426d-aa3f-4c8fa055c975"",""Binary"":""""}}"
64,64,2024-05-27 02:37:11+00:00,1004,Info,Microsoft-Windows-Security-SPP,Application,0,0,37L4247F27-25,0,,,,,,,,,,,,False,C:\Users\BRIANNA\OneDrive\Documents\GitHub\NSSECU3_MP2\win7_files\Logs\Application.evtx,0x80000000000000,0,"{""EventData"":{""Data"":""Windows(R) 7 UL-OOB License (Private), 25a5ceb0-6809-40a2-9dc9-132858a804e5"",""Binary"":""""}}"
63,63,2024-05-27 02:37:11+00:00,1004,Info,Microsoft-Windows-Security-SPP,Application,0,0,37L4247F27-25,0,,,,,,,,,,,,False,C:\Users\BRIANNA\OneDrive\Documents\GitHub\NSSECU3_MP2\win7_files\Logs\Application.evtx,0x80000000000000,0,"{""EventData"":{""Data"":""Windows(R) 7 UL-OOB License (Public), cf111a65-1e6f-4500-bf7c-84479f44af87"",""Binary"":""""}}"
62,62,2024-05-27 02:37:11+00:00,1004,Info,Microsoft-Windows-Security-SPP,Application,0,0,37L4247F27-25,0,,,,,,,,,,,,False,C:\Users\BRIANNA\OneDrive\Documents\GitHub\NSSECU3_MP2\win7_files\Logs\Application.evtx,0x80000000000000,0,"{""EventData"":{""Data"":""Windows(R) 7 UL-PHN License (Private), 4bfe04c6-dd55-4fd5-81a9-b8a410c08bf2"",""Binary"":""""}}"
61,61,2024-05-27 02:37:11+00:00,1004,Info,Microsoft-Windows-Security-SPP,Application,0,0,37L4247F27-25,0,,,,,,,,,,,,False,C:\Users\BRIANNA\OneDrive\Documents\GitHub\NSSECU3_MP2\win7_files\Logs\Application.evtx,0x80000000000000,0,"{""EventData"":{""Data"":""Windows(R) 7 UL-PHN License (Public), 76967773-2719-41e4-b02f-b0aa92fd1806"",""Binary"":""""}}"
60,60,2024-05-27 02:37:11+00:00,1004,Info,Microsoft-Windows-Security-SPP,Application,0,0,37L4247F27-25,0,,,,,,,,,,,,False,C:\Users\BRIANNA\OneDrive\Documents\GitHub\NSSECU3_MP2\win7_files\Logs\Application.evtx,0x80000000000000,0,"{""EventData"":{""Data"":""Windows(R) 7 UL-OOB License (Private), 4d71088b-24f8-412d-abc8-a12096f92e63"",""Binary"":""""}}"
59,59,2024-05-27 02:37:11+00:00,1004,Info,Microsoft-Windows-Security-SPP,Application,0,0,37L4247F27-25,0,,,,,,,,,,,,False,C:\Users\BRIANNA\OneDrive\Documents\GitHub\NSSECU3_MP2\win7_files\Logs\Application.evtx,0x80000000000000,0,"{""EventData"":{""Data"":""Windows(R) 7 UL-OOB License (Public), 70f0e2df-3bd4-4781-9fa4-80592ec38ad5"",""Binary"":""""}}"
58,58,2024-05-27 02:37:11+00:00,1004,Info,Microsoft-Windows-Security-SPP,Application,0,0,37L4247F27-25,0,,,,,,,,,,,,False,C:\Users\BRIANNA\OneDrive\Documents\GitHub\NSSECU3_MP2\win7_files\Logs\Application.evtx,0x80000000000000,0,"{""EventData"":{""Data"":""Windows(R) 7 Publishing License (Private), d480b173-4ad0-40ed-9615-100576ece60e"",""Binary"":""""}}"
57,57,2024-05-27 02:37:11+00:00,1004,Info,Microsoft-Windows-Security-SPP,Application,0,0,37L4247F27-25,0,,,,,,,,,,,,False,C:\Users\BRIANNA\OneDrive\Documents\GitHub\NSSECU3_MP2\win7_files\Logs\Application.evtx,0x80000000000000,0,"{""EventData"":{""Data"":""Windows(R) 7 Publishing License (Public), bfaa79b3-36be-40ec-8810-cf24b7e67a29"",""Binary"":""""}}"
56,56,2024-05-27 02:37:11+00:00,1004,Info,Microsoft-Windows-Security-SPP,Application,0,0,37L4247F27-25,0,,,,,,,,,,,,False,C:\Users\BRIANNA\OneDrive\Documents\GitHub\NSSECU3_MP2\win7_files\Logs\Application.evtx,0x80000000000000,0,"{""EventData"":{""Data"":""Windows(R) 7 UL-PHN License (Private), a17a4dcf-15b9-447d-a1ce-637161ca4091"",""Binary"":""""}}"
102,102,2024-05-27 02:37:11+00:00,1004,Info,Microsoft-Windows-Security-SPP,Application,0,0,37L4247F27-25,0,,,,,,,,,,,,False,C:\Users\BRIANNA\OneDrive\Documents\GitHub\NSSECU3_MP2\win7_files\Logs\Application.evtx,0x80000000000000,0,"{""EventData"":{""Data"":""Windows(R) 7 UL-PHN License (Private), b7f50713-1c4f-4d3f-9ec2-e03ba8172d83"",""Binary"":""""}}"
66,66,2024-05-27 02:37:11+00:00,1004,Info,Microsoft-Windows-Security-SPP,Application,0,0,37L4247F27-25,0,,,,,,,,,,,,False,C:\Users\BRIANNA\OneDrive\Documents\GitHub\NSSECU3_MP2\win7_files\Logs\Application.evtx,0x80000000000000,0,"{""EventData"":{""Data"":""Windows(R) 7 UL-OEM License (Private), d518fd01-834d-4ee2-8641-7121d8ddcab6"",""Binary"":""""}}"
68,68,2024-05-27 02:37:11+00:00,1004,Info,Microsoft-Windows-Security-SPP,Application,0,0,37L4247F27-25,0,,,,,,,,,,,,False,C:\Users\BRIANNA\OneDrive\Documents\GitHub\NSSECU3_MP2\win7_files\Logs\Application.evtx,0x80000000000000,0,"{""EventData"":{""Data"":""Windows(R) 7 UL-OOB License (Private), c658f5f2-9b02-4036-9f4e-078ac9938ecd"",""Binary"":""""}}"
69,69,2024-05-27 02:37:11+00:00,1004,Info,Microsoft-Windows-Security-SPP,Application,0,0,37L4247F27-25,0,,,,,,,,,,,,False,C:\Users\BRIANNA\OneDrive\Documents\GitHub\NSSECU3_MP2\win7_files\Logs\Application.evtx,0x80000000000000,0,"{""EventData"":{""Data"":""Windows(R) 7 UL-OEM License (Public), cffc6b89-d73e-44d5-b642-9e42bd64677e"",""Binary"":""""}}"
82,82,2024-05-27 02:37:11+00:00,1004,Info,Microsoft-Windows-Security-SPP,Application,0,0,37L4247F27-25,0,,,,,,,,,,,,False,C:\Users\BRIANNA\OneDrive\Documents\GitHub\NSSECU3_MP2\win7_files\Logs\Application.evtx,0x80000000000000,0,"{""EventData"":{""Data"":""Windows(R) 7 UL-PHN License (Private), 6dcb9949-6881-4fcd-95be-071b500a2099"",""Binary"":""""}}"
81,81,2024-05-27 02:37:11+00:00,1004,Info,Microsoft-Windows-Security-SPP,Application,0,0,37L4247F27-25,0,,,,,,,,,,,,False,C:\Users\BRIANNA\OneDrive\Documents\GitHub\NSSECU3_MP2\win7_files\Logs\Application.evtx,0x80000000000000,0,"{""EventData"":{""Data"":""Windows(R) 7 UL-PHN License (Public), a98d362d-a183-444d-95b1-ab684b603ac6"",""Binary"":""""}}"
85,85,2024-05-27 02:37:11+00:00,1004,Info,Microsoft-Windows-Security-SPP,Application,0,0,37L4247F27-25,0,,,,,,,,,,,,False,C:\Users\BRIANNA\OneDrive\Documents\GitHub\NSSECU3_MP2\win7_files\Logs\Application.evtx,0x80000000000000,0,"{""EventData"":{""Data"":""Windows(R) 7 UL-OOB License (Public), c545bcf5-8459-4346-b455-9ef84575eb66"",""Binary"":""""}}"
86,86,2024-05-27 02:37:11+00:00,1004,Info,Microsoft-Windows-Security-SPP,Application,0,0,37L4247F27-25,0,,,,,,,,,,,,False,C:\Users\BRIANNA\OneDrive\Documents\GitHub\NSSECU3_MP2\win7_files\Logs\Application.evtx,0x80000000000000,0,"{""EventData"":{""Data"":""Windows(R) 7 UL-OOB License (Private), c3bb7c69-adc8-4f97-85e7-6c996a2289a9"",""Binary"":""""}}"
80,80,2024-05-27 02:37:11+00:00,1004,Info,Microsoft-Windows-Security-SPP,Application,0,0,37L4247F27-25,0,,,,,,,,,,,,False,C:\Users\BRIANNA\OneDrive\Documents\GitHub\NSSECU3_MP2\win7_files\Logs\Application.evtx,0x80000000000000,0,"{""EventData"":{""Data"":""Windows(R) 7 UL-OOB License (Private), a886ae4b-746f-4db1-af68-987f03ff7d55"",""Binary"":""""}}"
79,79,2024-05-27 02:37:11+00:00,1004,Info,Microsoft-Windows-Security-SPP,Application,0,0,37L4247F27-25,0,,,,,,,,,,,,False,C:\Users\BRIANNA\OneDrive\Documents\GitHub\NSSECU3_MP2\win7_files\Logs\Application.evtx,0x80000000000000,0,"{""EventData"":{""Data"":""Windows(R) 7 UL-OOB License (Public), 0e9aced1-0ea7-4f8a-8d60-ff31780ffdf9"",""Binary"":""""}}"
78,78,2024-05-27 02:37:11+00:00,1004,Info,Microsoft-Windows-Security-SPP,Application,0,0,37L4247F27-25,0,,,,,,,,,,,,False,C:\Users\BRIANNA\OneDrive\Documents\GitHub\NSSECU3_MP2\win7_files\Logs\Application.evtx,0x80000000000000,0,"{""EventData"":{""Data"":""Windows(R) 7 Publishing License (Private), 3f342e5f-06fe-41a4-8650-62f1c49eeb6b"",""Binary"":""""}}"
87,87,2024-05-27 02:37:11+00:00,1004,Info,Microsoft-Windows-Security-SPP,Application,0,0,37L4247F27-25,0,,,,,,,,,,,,False,C:\Users\BRIANNA\OneDrive\Documents\GitHub\NSSECU3_MP2\win7_files\Logs\Application.evtx,0x80000000000000,0,"{""EventData"":{""Data"":""Windows(R) 7 UL-PHN License (Public), 51a1d3a9-41d0-40a9-9ae6-a313842322a0"",""Binary"":""""}}"
88,88,2024-05-27 02:37:11+00:00,1004,Info,Microsoft-Windows-Security-SPP,Application,0,0,37L4247F27-25,0,,,,,,,,,,,,False,C:\Users\BRIANNA\OneDrive\Documents\GitHub\NSSECU3_MP2\win7_files\Logs\Application.evtx,0x80000000000000,0,"{""EventData"":{""Data"":""Windows(R) 7 UL-PHN License (Private), 3462d57e-8f08-400b-9516-7e00cbd17fb4"",""Binary"":""""}}"
71,71,2024-05-27 02:37:11+00:00,1004,Info,Microsoft-Windows-Security-SPP,Application,0,0,37L4247F27-25,0,,,,,,,,,,,,False,C:\Users\BRIANNA\OneDrive\Documents\GitHub\NSSECU3_MP2\win7_files\Logs\Application.evtx,0x80000000000000,0,"{""EventData"":{""Data"":""Windows(R) 7 Publishing License (Public), cbfbdf90-9ed8-463d-8753-9711844050b6"",""Binary"":""""}}"
89,89,2024-05-27 02:37:11+00:00,1004,Info,Microsoft-Windows-Security-SPP,Application,0,0,37L4247F27-25,0,,,,,,,,,,,,False,C:\Users\BRIANNA\OneDrive\Documents\GitHub\NSSECU3_MP2\win7_files\Logs\Application.evtx,0x80000000000000,0,"{""EventData"":{""Data"":""Windows(R) 7 Publishing License (Public), a441d3db-0f19-4ab9-b3c6-a2472c117e7d"",""Binary"":""""}}"
90,90,2024-05-27 02:37:11+00:00,1004,Info,Microsoft-Windows-Security-SPP,Application,0,0,37L4247F27-25,0,,,,,,,,,,,,False,C:\Users\BRIANNA\OneDrive\Documents\GitHub\NSSECU3_MP2\win7_files\Logs\Application.evtx,0x80000000000000,0,"{""EventData"":{""Data"":""Windows(R) 7 Publishing License (Private), 1ca3a757-bfb9-4ff9-a7d1-260a44a5250f"",""Binary"":""""}}"
70,70,2024-05-27 02:37:11+00:00,1004,Info,Microsoft-Windows-Security-SPP,Application,0,0,37L4247F27-25,0,,,,,,,,,,,,False,C:\Users\BRIANNA\OneDrive\Documents\GitHub\NSSECU3_MP2\win7_files\Logs\Application.evtx,0x80000000000000,0,"{""EventData"":{""Data"":""Windows(R) 7 UL-OEM License (Private), ddf8cd79-2b52-4d57-bfd5-376ddbab5d29"",""Binary"":""""}}"
77,77,2024-05-27 02:37:11+00:00,1004,Info,Microsoft-Windows-Security-SPP,Application,0,0,37L4247F27-25,0,,,,,,,,,,,,False,C:\Users\BRIANNA\OneDrive\Documents\GitHub\NSSECU3_MP2\win7_files\Logs\Application.evtx,0x80000000000000,0,"{""EventData"":{""Data"":""Windows(R) 7 Publishing License (Public), 82cbc178-4d41-49d8-8bba-cce2a7758559"",""Binary"":""""}}"
76,76,2024-05-27 02:37:11+00:00,1004,Info,Microsoft-Windows-Security-SPP,Application,0,0,37L4247F27-25,0,,,,,,,,,,,,False,C:\Users\BRIANNA\OneDrive\Documents\GitHub\NSSECU3_MP2\win7_files\Logs\Application.evtx,0x80000000000000,0,"{""EventData"":{""Data"":""Windows(R) 7 UL-PHN License (Private), 3b319e38-0a8d-4758-a392-fbf32958dc3a"",""Binary"":""""}}"
91,91,2024-05-27 02:37:11+00:00,1004,Info,Microsoft-Windows-Security-SPP,Application,0,0,37L4247F27-25,0,,,,,,,,,,,,False,C:\Users\BRIANNA\OneDrive\Documents\GitHub\NSSECU3_MP2\win7_files\Logs\Application.evtx,0x80000000000000,0,"{""EventData"":{""Data"":""Windows(R) 7 Publishing License (Public), deb0f439-5803-47e8-baae-b15d99a92c2a"",""Binary"":""""}}"
92,92,2024-05-27 02:37:11+00:00,1004,Info,Microsoft-Windows-Security-SPP,Application,0,0,37L4247F27-25,0,,,,,,,,,,,,False,C:\Users\BRIANNA\OneDrive\Documents\GitHub\NSSECU3_MP2\win7_files\Logs\Application.evtx,0x80000000000000,0,"{""EventData"":{""Data"":""Windows(R) 7 Publishing License (Private), 12612fc8-78d4-47c2-8e66-572fd0e164d3"",""Binary"":""""}}"
93,93,2024-05-27 02:37:11+00:00,1004,Info,Microsoft-Windows-Security-SPP,Application,0,0,37L4247F27-25,0,,,,,,,,,,,,False,C:\Users\BRIANNA\OneDrive\Documents\GitHub\NSSECU3_MP2\win7_files\Logs\Application.evtx,0x80000000000000,0,"{""EventData"":{""Data"":""Windows(R) 7 UL-OOB License (Public), 8a325e53-99b6-47b9-9619-f03d74cb67c5"",""Binary"":""""}}"
94,94,2024-05-27 02:37:11+00:00,1004,Info,Microsoft-Windows-Security-SPP,Application,0,0,37L4247F27-25,0,,,,,,,,,,,,False,C:\Users\BRIANNA\OneDrive\Documents\GitHub\NSSECU3_MP2\win7_files\Logs\Application.evtx,0x80000000000000,0,"{""EventData"":{""Data"":""Windows(R) 7 UL-OOB License (Private), 9b570fef-76d9-41a7-afba-e4486c599eaf"",""Binary"":""""}}"
75,75,2024-05-27 02:37:11+00:00,1004,Info,Microsoft-Windows-Security-SPP,Application,0,0,37L4247F27-25,0,,,,,,,,,,,,False,C:\Users\BRIANNA\OneDrive\Documents\GitHub\NSSECU3_MP2\win7_files\Logs\Application.evtx,0x80000000000000,0,"{""EventData"":{""Data"":""Windows(R) 7 UL-PHN License (Public), fe460fae-3632-489c-a4f8-578d5e4da031"",""Binary"":""""}}"
74,74,2024-05-27 02:37:11+00:00,1004,Info,Microsoft-Windows-Security-SPP,Application,0,0,37L4247F27-25,0,,,,,,,,,,,,False,C:\Users\BRIANNA\OneDrive\Documents\GitHub\NSSECU3_MP2\win7_files\Logs\Application.evtx,0x80000000000000,0,"{""EventData"":{""Data"":""Windows(R) 7 UL-OOB License (Private), 6880665f-6322-4d55-b2a0-32c0ed79faaa"",""Binary"":""""}}"
73,73,2024-05-27 02:37:11+00:00,1004,Info,Microsoft-Windows-Security-SPP,Application,0,0,37L4247F27-25,0,,,,,,,,,,,,False,C:\Users\BRIANNA\OneDrive\Documents\GitHub\NSSECU3_MP2\win7_files\Logs\Application.evtx,0x80000000000000,0,"{""EventData"":{""Data"":""Windows(R) 7 UL-OOB License (Public), fe413ad2-f631-409f-8d76-f7f32c8ffdc8"",""Binary"":""""}}"
72,72,2024-05-27 02:37:11+00:00,1004,Info,Microsoft-Windows-Security-SPP,Application,0,0,37L4247F27-25,0,,,,,,,,,,,,False,C:\Users\BRIANNA\OneDrive\Documents\GitHub\NSSECU3_MP2\win7_files\Logs\Application.evtx,0x80000000000000,0,"{""EventData"":{""Data"":""Windows(R) 7 Publishing License (Private), 1cb7d30a-4a9c-4353-a7b2-e87f150e082a"",""Binary"":""""}}"
67,67,2024-05-27 02:37:11+00:00,1004,Info,Microsoft-Windows-Security-SPP,Application,0,0,37L4247F27-25,0,,,,,,,,,,,,False,C:\Users\BRIANNA\OneDrive\Documents\GitHub\NSSECU3_MP2\win7_files\Logs\Application.evtx,0x80000000000000,0,"{""EventData"":{""Data"":""Windows(R) 7 UL-OOB License (Public), 79ef5d2a-bbe6-4609-aad8-7a07ef1cd6a4"",""Binary"":""""}}"
55,55,2024-05-27 02:37:11+00:00,1004,Info,Microsoft-Windows-Security-SPP,Application,0,0,37L4247F27-25,0,,,,,,,,,,,,False,C:\Users\BRIANNA\OneDrive\Documents\GitHub\NSSECU3_MP2\win7_files\Logs\Application.evtx,0x80000000000000,0,"{""EventData"":{""Data"":""Windows(R) 7 UL-PHN License (Public), 073ee3c4-e423-45d1-949c-6a2dad0aa351"",""Binary"":""""}}"
123,123,2024-05-27 02:37:11+00:00,1004,Info,Microsoft-Windows-Security-SPP,Application,0,0,37L4247F27-25,0,,,,,,,,,,,,False,C:\Users\BRIANNA\OneDrive\Documents\GitHub\NSSECU3_MP2\win7_files\Logs\Application.evtx,0x80000000000000,0,"{""EventData"":{""Data"":""Windows(R) 7 Publishing License (Public), 11dab65b-3c42-4ca3-aef3-a9d267c543d4"",""Binary"":""""}}"
31,31,2024-05-27 02:37:11+00:00,1004,Info,Microsoft-Windows-Security-SPP,Application,0,0,37L4247F27-25,0,,,,,,,,,,,,False,C:\Users\BRIANNA\OneDrive\Documents\GitHub\NSSECU3_MP2\win7_files\Logs\Application.evtx,0x80000000000000,0,"{""EventData"":{""Data"":""Windows(TM) - Component PPD License (TabletPC-MathInputLicensing), bf82650e-f5b5-7940-7b18-7d061958ea98"",""Binary"":""""}}"
96,96,2024-05-27 02:37:11+00:00,1004,Info,Microsoft-Windows-Security-SPP,Application,0,0,37L4247F27-25,0,,,,,,,,,,,,False,C:\Users\BRIANNA\OneDrive\Documents\GitHub\NSSECU3_MP2\win7_files\Logs\Application.evtx,0x80000000000000,0,"{""EventData"":{""Data"":""Windows(R) 7 UL-PHN License (Private), 8dc3e5e4-0020-4ab5-816e-64df41f25c6f"",""Binary"":""""}}"
95,95,2024-05-27 02:37:11+00:00,1004,Info,Microsoft-Windows-Security-SPP,Application,0,0,37L4247F27-25,0,,,,,,,,,,,,False,C:\Users\BRIANNA\OneDrive\Documents\GitHub\NSSECU3_MP2\win7_files\Logs\Application.evtx,0x80000000000000,0,"{""EventData"":{""Data"":""Windows(R) 7 UL-PHN License (Public), 77b69e0b-b26b-4cd2-a3aa-b46e0cfe9893"",""Binary"":""""}}"
103,103,2024-05-27 02:37:11+00:00,1004,Info,Microsoft-Windows-Security-SPP,Application,0,0,37L4247F27-25,0,,,,,,,,,,,,False,C:\Users\BRIANNA\OneDrive\Documents\GitHub\NSSECU3_MP2\win7_files\Logs\Application.evtx,0x80000000000000,0,"{""EventData"":{""Data"":""Windows(R) 7 Publishing License (Public), 510b833d-b99b-4153-9421-e24577bd27f8"",""Binary"":""""}}"
104,104,2024-05-27 02:37:11+00:00,1004,Info,Microsoft-Windows-Security-SPP,Application,0,0,37L4247F27-25,0,,,,,,,,,,,,False,C:\Users\BRIANNA\OneDrive\Documents\GitHub\NSSECU3_MP2\win7_files\Logs\Application.evtx,0x80000000000000,0,"{""EventData"":{""Data"":""Windows(R) 7 Publishing License (Private), 49e53044-49a6-4acc-8c49-b7e8b0212870"",""Binary"":""""}}"
105,105,2024-05-27 02:37:11+00:00,1004,Info,Microsoft-Windows-Security-SPP,Application,0,0,37L4247F27-25,0,,,,,,,,,,,,False,C:\Users\BRIANNA\OneDrive\Documents\GitHub\NSSECU3_MP2\win7_files\Logs\Application.evtx,0x80000000000000,0,"{""EventData"":{""Data"":""Windows(R) 7 UL-OOB License (Public), a275348c-0ffe-41f5-89b6-940c0e466ddf"",""Binary"":""""}}"
106,106,2024-05-27 02:37:11+00:00,1004,Info,Microsoft-Windows-Security-SPP,Application,0,0,37L4247F27-25,0,,,,,,,,,,,,False,C:\Users\BRIANNA\OneDrive\Documents\GitHub\NSSECU3_MP2\win7_files\Logs\Application.evtx,0x80000000000000,0,"{""EventData"":{""Data"":""Windows(R) 7 UL-OOB License (Private), 6bfe0237-8366-4950-824f-8fc74eb72e14"",""Binary"":""""}}"
107,107,2024-05-27 02:37:11+00:00,1004,Info,Microsoft-Windows-Security-SPP,Application,0,0,37L4247F27-25,0,,,,,,,,,,,,False,C:\Users\BRIANNA\OneDrive\Documents\GitHub\NSSECU3_MP2\win7_files\Logs\Application.evtx,0x80000000000000,0,"{""EventData"":{""Data"":""Windows(R) 7 UL-PHN License (Public), cb0f10ce-7242-421d-87f6-2f34cb7799e7"",""Binary"":""""}}"
108,108,2024-05-27 02:37:11+00:00,1004,Info,Microsoft-Windows-Security-SPP,Application,0,0,37L4247F27-25,0,,,,,,,,,,,,False,C:\Users\BRIANNA\OneDrive\Documents\GitHub\NSSECU3_MP2\win7_files\Logs\Application.evtx,0x80000000000000,0,"{""EventData"":{""Data"":""Windows(R) 7 UL-PHN License (Private), 3b0923d3-a59d-4b01-a1e6-749920b5173e"",""Binary"":""""}}"
109,109,2024-05-27 02:37:11+00:00,1004,Info,Microsoft-Windows-Security-SPP,Application,0,0,37L4247F27-25,0,,,,,,,,,,,,False,C:\Users\BRIANNA\OneDrive\Documents\GitHub\NSSECU3_MP2\win7_files\Logs\Application.evtx,0x80000000000000,0,"{""EventData"":{""Data"":""Windows(R) 7 Publishing License (Public), b8d87ff3-c072-4f42-9a37-be566f1eb8ad"",""Binary"":""""}}"
110,110,2024-05-27 02:37:11+00:00,1004,Info,Microsoft-Windows-Security-SPP,Application,0,0,37L4247F27-25,0,,,,,,,,,,,,False,C:\Users\BRIANNA\OneDrive\Documents\GitHub\NSSECU3_MP2\win7_files\Logs\Application.evtx,0x80000000000000,0,"{""EventData"":{""Data"":""Windows(R) 7 Publishing License (Private), 92d8ae52-e706-4e79-a728-58399bf176b8"",""Binary"":""""}}"
38,38,2024-05-27 02:37:11+00:00,1004,Info,Microsoft-Windows-Security-SPP,Application,0,0,37L4247F27-25,0,,,,,,,,,,,,False,C:\Users\BRIANNA\OneDrive\Documents\GitHub\NSSECU3_MP2\win7_files\Logs\Application.evtx,0x80000000000000,0,"{""EventData"":{""Data"":""Windows(TM) - Component PPD License (VirtualXP-licensing), 6b9b822b-3a52-cdf6-1a20-2c3ca2b44ad2"",""Binary"":""""}}"
111,111,2024-05-27 02:37:11+00:00,1004,Info,Microsoft-Windows-Security-SPP,Application,0,0,37L4247F27-25,0,,,,,,,,,,,,False,C:\Users\BRIANNA\OneDrive\Documents\GitHub\NSSECU3_MP2\win7_files\Logs\Application.evtx,0x80000000000000,0,"{""EventData"":{""Data"":""Windows(R) 7 UL-OOB License (Public), 7c5a72c9-3219-4109-a8d6-6cd3696dbca2"",""Binary"":""""}}"
113,113,2024-05-27 02:37:11+00:00,1004,Info,Microsoft-Windows-Security-SPP,Application,0,0,37L4247F27-25,0,,,,,,,,,,,,False,C:\Users\BRIANNA\OneDrive\Documents\GitHub\NSSECU3_MP2\win7_files\Logs\Application.evtx,0x80000000000000,0,"{""EventData"":{""Data"":""Windows(R) 7 UL-OOB License (Public), 6dc9b3b8-6814-4ecd-9bfc-158d9749a799"",""Binary"":""""}}"
114,114,2024-05-27 02:37:11+00:00,1004,Info,Microsoft-Windows-Security-SPP,Application,0,0,37L4247F27-25,0,,,,,,,,,,,,False,C:\Users\BRIANNA\OneDrive\Documents\GitHub\NSSECU3_MP2\win7_files\Logs\Application.evtx,0x80000000000000,0,"{""EventData"":{""Data"":""Windows(R) 7 UL-OOB License (Private), 74f54f31-971f-42ba-9143-46710caa39ee"",""Binary"":""""}}"
115,115,2024-05-27 02:37:11+00:00,1004,Info,Microsoft-Windows-Security-SPP,Application,0,0,37L4247F27-25,0,,,,,,,,,,,,False,C:\Users\BRIANNA\OneDrive\Documents\GitHub\NSSECU3_MP2\win7_files\Logs\Application.evtx,0x80000000000000,0,"{""EventData"":{""Data"":""Windows(R) 7 UL-PHN License (Public), 1b767908-f14a-42d5-98e1-2fb28ff96f2b"",""Binary"":""""}}"
116,116,2024-05-27 02:37:11+00:00,1004,Info,Microsoft-Windows-Security-SPP,Application,0,0,37L4247F27-25,0,,,,,,,,,,,,False,C:\Users\BRIANNA\OneDrive\Documents\GitHub\NSSECU3_MP2\win7_files\Logs\Application.evtx,0x80000000000000,0,"{""EventData"":{""Data"":""Windows(R) 7 UL-PHN License (Private), 22efd617-336e-482c-8c58-cfbdf2dec5e7"",""Binary"":""""}}"
117,117,2024-05-27 02:37:11+00:00,1004,Info,Microsoft-Windows-Security-SPP,Application,0,0,37L4247F27-25,0,,,,,,,,,,,,False,C:\Users\BRIANNA\OneDrive\Documents\GitHub\NSSECU3_MP2\win7_files\Logs\Application.evtx,0x80000000000000,0,"{""EventData"":{""Data"":""XrML 2.1 License - {msft:sl/RAC/VOLUME/PRIVATE}, 7d05d9a3-fe32-4420-94f4-261ac6026e7e"",""Binary"":""""}}"
118,118,2024-05-27 02:37:11+00:00,1004,Info,Microsoft-Windows-Security-SPP,Application,0,0,37L4247F27-25,0,,,,,,,,,,,,False,C:\Users\BRIANNA\OneDrive\Documents\GitHub\NSSECU3_MP2\win7_files\Logs\Application.evtx,0x80000000000000,0,"{""EventData"":{""Data"":""XrML 2.1 License - {msft:sl/RAC/VOLUME/PUBLIC}, 619e2f87-4fe2-4019-af27-afc11f6a0184"",""Binary"":""""}}"
119,119,2024-05-27 02:37:11+00:00,1004,Info,Microsoft-Windows-Security-SPP,Application,0,0,37L4247F27-25,0,,,,,,,,,,,,False,C:\Users\BRIANNA\OneDrive\Documents\GitHub\NSSECU3_MP2\win7_files\Logs\Application.evtx,0x80000000000000,0,"{""EventData"":{""Data"":""Windows(R) 7 UL-OOB License (Public), ec4d2bd8-bfc0-4deb-8ddf-2ac9f8d5243c"",""Binary"":""""}}"
120,120,2024-05-27 02:37:11+00:00,1004,Info,Microsoft-Windows-Security-SPP,Application,0,0,37L4247F27-25,0,,,,,,,,,,,,False,C:\Users\BRIANNA\OneDrive\Documents\GitHub\NSSECU3_MP2\win7_files\Logs\Application.evtx,0x80000000000000,0,"{""EventData"":{""Data"":""Windows(R) 7 UL-OOB License (Private), b3760e6e-e285-438b-bf90-114845352d00"",""Binary"":""""}}"
121,121,2024-05-27 02:37:11+00:00,1004,Info,Microsoft-Windows-Security-SPP,Application,0,0,37L4247F27-25,0,,,,,,,,,,,,False,C:\Users\BRIANNA\OneDrive\Documents\GitHub\NSSECU3_MP2\win7_files\Logs\Application.evtx,0x80000000000000,0,"{""EventData"":{""Data"":""Windows(R) 7 UL-Volume License (Public), 0024ec0e-f6a7-4a39-b109-fb2292e85fe1"",""Binary"":""""}}"
122,122,2024-05-27 02:37:11+00:00,1004,Info,Microsoft-Windows-Security-SPP,Application,0,0,37L4247F27-25,0,,,,,,,,,,,,False,C:\Users\BRIANNA\OneDrive\Documents\GitHub\NSSECU3_MP2\win7_files\Logs\Application.evtx,0x80000000000000,0,"{""EventData"":{""Data"":""Windows(R) 7 UL-Volume License (Private), 1eef121e-6a8d-4fc9-8acb-daeb8115e774"",""Binary"":""""}}"
112,112,2024-05-27 02:37:11+00:00,1004,Info,Microsoft-Windows-Security-SPP,Application,0,0,37L4247F27-25,0,,,,,,,,,,,,False,C:\Users\BRIANNA\OneDrive\Documents\GitHub\NSSECU3_MP2\win7_files\Logs\Application.evtx,0x80000000000000,0,"{""EventData"":{""Data"":""Windows(R) 7 UL-OOB License (Private), 359b3e25-023a-486b-bdff-dc36b5d388c1"",""Binary"":""""}}"
37,37,2024-05-27 02:37:11+00:00,1004,Info,Microsoft-Windows-Security-SPP,Application,0,0,37L4247F27-25,0,,,,,,,,,,,,False,C:\Users\BRIANNA\OneDrive\Documents\GitHub\NSSECU3_MP2\win7_files\Logs\Application.evtx,0x80000000000000,0,"{""EventData"":{""Data"":""Windows(TM) - Component PPD License (VirtualPC-licensing), 31745652-42b3-9db0-f12a-3cfcbebb5ee7"",""Binary"":""""}}"
36,36,2024-05-27 02:37:11+00:00,1004,Info,Microsoft-Windows-Security-SPP,Application,0,0,37L4247F27-25,0,,,,,,,,,,,,False,C:\Users\BRIANNA\OneDrive\Documents\GitHub\NSSECU3_MP2\win7_files\Logs\Application.evtx,0x80000000000000,0,"{""EventData"":{""Data"":""Windows(TM) - Component PPD License (TerminalServices-DeviceRedirection-Licenses), c4ddee78-55b7-8e06-319f-e099efa3c9f5"",""Binary"":""""}}"
39,39,2024-05-27 02:37:11+00:00,1004,Info,Microsoft-Windows-Security-SPP,Application,0,0,37L4247F27-25,0,,,,,,,,,,,,False,C:\Users\BRIANNA\OneDrive\Documents\GitHub\NSSECU3_MP2\win7_files\Logs\Application.evtx,0x80000000000000,0,"{""EventData"":{""Data"":""Windows(R) 7 Publishing License (Public), d0beddea-5911-48e1-a226-486ba31c8d78"",""Binary"":""""}}"
32,32,2024-05-27 02:37:11+00:00,1004,Info,Microsoft-Windows-Security-SPP,Application,0,0,37L4247F27-25,0,,,,,,,,,,,,False,C:\Users\BRIANNA\OneDrive\Documents\GitHub\NSSECU3_MP2\win7_files\Logs\Application.evtx,0x80000000000000,0,"{""EventData"":{""Data"":""Windows(TM) - Component PPD License (TabletPCAccessories), 69ac1b04-f36a-2bd1-b7ec-1ae9ee709361"",""Binary"":""""}}"
33,33,2024-05-27 02:37:11+00:00,1004,Info,Microsoft-Windows-Security-SPP,Application,0,0,37L4247F27-25,0,,,,,,,,,,,,False,C:\Users\BRIANNA\OneDrive\Documents\GitHub\NSSECU3_MP2\win7_files\Logs\Application.evtx,0x80000000000000,0,"{""EventData"":{""Data"":""Windows(TM) - Component PPD License (TabletPCCoreInkRecognitionLicensing), 8d61ad59-f947-03ff-1472-fb4bda47aae4"",""Binary"":""""}}"
34,34,2024-05-27 02:37:11+00:00,1004,Info,Microsoft-Windows-Security-SPP,Application,0,0,37L4247F27-25,0,,,,,,,,,,,,False,C:\Users\BRIANNA\OneDrive\Documents\GitHub\NSSECU3_MP2\win7_files\Logs\Application.evtx,0x80000000000000,0,"{""EventData"":{""Data"":""Windows(TM) - Component PPD License (TabletPCInputPanel), 3f2a5d05-fdc9-722d-1bae-26480a09b361"",""Binary"":""""}}"
35,35,2024-05-27 02:37:11+00:00,1004,Info,Microsoft-Windows-Security-SPP,Application,0,0,37L4247F27-25,0,,,,,,,,,,,,False,C:\Users\BRIANNA\OneDrive\Documents\GitHub\NSSECU3_MP2\win7_files\Logs\Application.evtx,0x80000000000000,0,"{""EventData"":{""Data"":""Windows(TM) - Component PPD License (TabletPCInputPersonalization), e04832c7-38ba-a7cf-b6a8-dc0589faf247"",""Binary"":""""}}"
53,53,2024-05-27 02:37:11+00:00,1004,Info,Microsoft-Windows-Security-SPP,Application,0,0,37L4247F27-25,0,,,,,,,,,,,,False,C:\Users\BRIANNA\OneDrive\Documents\GitHub\NSSECU3_MP2\win7_files\Logs\Application.evtx,0x80000000000000,0,"{""EventData"":{""Data"":""Windows(R) 7 UL-OOB License (Public), 1467675c-cac4-43a7-b9bc-63877bd7264b"",""Binary"":""""}}"
101,101,2024-05-27 02:37:11+00:00,1004,Info,Microsoft-Windows-Security-SPP,Application,0,0,37L4247F27-25,0,,,,,,,,,,,,False,C:\Users\BRIANNA\OneDrive\Documents\GitHub\NSSECU3_MP2\win7_files\Logs\Application.evtx,0x80000000000000,0,"{""EventData"":{""Data"":""Windows(R) 7 UL-PHN License (Public), 0f763ba7-df07-4276-a585-6274e2cafad2"",""Binary"":""""}}"
100,100,2024-05-27 02:37:11+00:00,1004,Info,Microsoft-Windows-Security-SPP,Application,0,0,37L4247F27-25,0,,,,,,,,,,,,False,C:\Users\BRIANNA\OneDrive\Documents\GitHub\NSSECU3_MP2\win7_files\Logs\Application.evtx,0x80000000000000,0,"{""EventData"":{""Data"":""Windows(R) 7 UL-OOB License (Private), 12143134-8323-4c28-8f91-0d6b42827fd7"",""Binary"":""""}}"
99,99,2024-05-27 02:37:11+00:00,1004,Info,Microsoft-Windows-Security-SPP,Application,0,0,37L4247F27-25,0,,,,,,,,,,,,False,C:\Users\BRIANNA\OneDrive\Documents\GitHub\NSSECU3_MP2\win7_files\Logs\Application.evtx,0x80000000000000,0,"{""EventData"":{""Data"":""Windows(R) 7 UL-OOB License (Public), 5c738edc-1bae-4ab1-b1a6-60acc51906b8"",""Binary"":""""}}"
98,98,2024-05-27 02:37:11+00:00,1004,Info,Microsoft-Windows-Security-SPP,Application,0,0,37L4247F27-25,0,,,,,,,,,,,,False,C:\Users\BRIANNA\OneDrive\Documents\GitHub\NSSECU3_MP2\win7_files\Logs\Application.evtx,0x80000000000000,0,"{""EventData"":{""Data"":""Windows(R) 7 Publishing License (Private), 7af52220-460d-4aca-a0f5-bf513c8f4679"",""Binary"":""""}}"
97,97,2024-05-27 02:37:11+00:00,1004,Info,Microsoft-Windows-Security-SPP,Application,0,0,37L4247F27-25,0,,,,,,,,,,,,False,C:\Users\BRIANNA\OneDrive\Documents\GitHub\NSSECU3_MP2\win7_files\Logs\Application.evtx,0x80000000000000,0,"{""EventData"":{""Data"":""Windows(R) 7 Publishing License (Public), 14af4adb-32f6-4637-8956-a150800cf070"",""Binary"":""""}}"
52,52,2024-05-27 02:37:11+00:00,1004,Info,Microsoft-Windows-Security-SPP,Application,0,0,37L4247F27-25,0,,,,,,,,,,,,False,C:\Users\BRIANNA\OneDrive\Documents\GitHub\NSSECU3_MP2\win7_files\Logs\Application.evtx,0x80000000000000,0,"{""EventData"":{""Data"":""Windows(R) 7 Publishing License (Private), fcf0d80f-de5b-4534-ad1e-e6cd62df3134"",""Binary"":""""}}"
51,51,2024-05-27 02:37:11+00:00,1004,Info,Microsoft-Windows-Security-SPP,Application,0,0,37L4247F27-25,0,,,,,,,,,,,,False,C:\Users\BRIANNA\OneDrive\Documents\GitHub\NSSECU3_MP2\win7_files\Logs\Application.evtx,0x80000000000000,0,"{""EventData"":{""Data"":""Windows(R) 7 Publishing License (Public), 3843bf55-ba03-4635-8461-02e1463f9090"",""Binary"":""""}}"
50,50,2024-05-27 02:37:11+00:00,1004,Info,Microsoft-Windows-Security-SPP,Application,0,0,37L4247F27-25,0,,,,,,,,,,,,False,C:\Users\BRIANNA\OneDrive\Documents\GitHub\NSSECU3_MP2\win7_files\Logs\Application.evtx,0x80000000000000,0,"{""EventData"":{""Data"":""Windows(R) 7 UL-PHN License (Private), 702ff831-4cb3-49eb-aecf-958048f9a887"",""Binary"":""""}}"
49,49,2024-05-27 02:37:11+00:00,1004,Info,Microsoft-Windows-Security-SPP,Application,0,0,37L4247F27-25,0,,,,,,,,,,,,False,C:\Users\BRIANNA\OneDrive\Documents\GitHub\NSSECU3_MP2\win7_files\Logs\Application.evtx,0x80000000000000,0,"{""EventData"":{""Data"":""Windows(R) 7 UL-PHN License (Public), b1394261-e2e4-4643-b639-cc5ddb44eefb"",""Binary"":""""}}"
48,48,2024-05-27 02:37:11+00:00,1004,Info,Microsoft-Windows-Security-SPP,Application,0,0,37L4247F27-25,0,,,,,,,,,,,,False,C:\Users\BRIANNA\OneDrive\Documents\GitHub\NSSECU3_MP2\win7_files\Logs\Application.evtx,0x80000000000000,0,"{""EventData"":{""Data"":""Windows(R) 7 UL-OOB License (Private), 2add1962-f370-4b57-b2ca-8886f5a5a629"",""Binary"":""""}}"
47,47,2024-05-27 02:37:11+00:00,1004,Info,Microsoft-Windows-Security-SPP,Application,0,0,37L4247F27-25,0,,,,,,,,,,,,False,C:\Users\BRIANNA\OneDrive\Documents\GitHub\NSSECU3_MP2\win7_files\Logs\Application.evtx,0x80000000000000,0,"{""EventData"":{""Data"":""Windows(R) 7 UL-OOB License (Public), c4b1fe60-9bf5-4210-852f-4fd6f27ce90b"",""Binary"":""""}}"
