155,155,2025-01-20 15:19:05.191156200+00:00,4624,LogAlways,Microsoft-Windows-Security-Auditing,Security,456,2344,win7,1,,Successful logon,WORKGROUP\WIN7$, (-),Target: NT AUTHORITY\SYSTEM,LogonType 5,LogonId: 0x3E7,AuthenticationPackageName: Negotiate,LogonProcessName: Advapi  ,,C:\Windows\System32\services.exe,False,C:\Users\BRIANNA\OneDrive\Documents\GitHub\NSSECU3_MP2\win7_files\Logs\Security.evtx,Audit success,0,"{""EventData"":{""Data"":[{""@Name"":""SubjectUserSid"",""#text"":""S-1-5-18""},{""@Name"":""SubjectUserName"",""#text"":""WIN7$""},{""@Name"":""SubjectDomainName"",""#text"":""WORKGROUP""},{""@Name"":""SubjectLogonId"",""#text"":""0x3E7""},{""@Name"":""TargetUserSid"",""#text"":""S-1-5-18""},{""@Name"":""TargetUserName"",""#text"":""SYSTEM""},{""@Name"":""TargetDomainName"",""#text"":""NT AUTHORITY""},{""@Name"":""TargetLogonId"",""#text"":""0x3E7""},{""@Name"":""LogonType"",""#text"":""5""},{""@Name"":""LogonProcessName"",""#text"":""Advapi  ""},{""@Name"":""AuthenticationPackageName"",""#text"":""Negotiate""},{""@Name"":""WorkstationName""},{""@Name"":""LogonGuid"",""#text"":""00000000-0000-0000-0000-000000000000""},{""@Name"":""TransmittedServices"",""#text"":""-""},{""@Name"":""LmPackageName"",""#text"":""-""},{""@Name"":""KeyLength"",""#text"":""0""},{""@Name"":""ProcessId"",""#text"":""0x1C0""},{""@Name"":""ProcessName"",""#text"":""C:\\Windows\\System32\\services.exe""},{""@Name"":""IpAddress"",""#text"":""-""},{""@Name"":""IpPort"",""#text"":""-""}]}}"
523,523,2025-01-20 15:19:05.238031200+00:00,7036,Info,Service Control Manager,System,448,2388,win7,3,,Service started or stopped,,,Name: Volume Shadow Copy | Volume Shadow Copy,Status: running,,,,,,False,C:\Users\BRIANNA\OneDrive\Documents\GitHub\NSSECU3_MP2\win7_files\Logs\System.evtx,"Audit success, classic",0,"{""EventData"":{""Data"":[{""@Name"":""param1"",""#text"":""Volume Shadow Copy""},{""@Name"":""param2"",""#text"":""running""}],""Binary"":""56-00-53-00-53-00-2F-00-34-00-00-00""}}"
157,157,2025-01-20 15:19:05.269281200+00:00,4624,LogAlways,Microsoft-Windows-Security-Auditing,Security,456,2344,win7,1,,Successful logon,WORKGROUP\WIN7$, (-),Target: NT AUTHORITY\SYSTEM,LogonType 5,LogonId: 0x3E7,AuthenticationPackageName: Negotiate,LogonProcessName: Advapi  ,,C:\Windows\System32\services.exe,False,C:\Users\BRIANNA\OneDrive\Documents\GitHub\NSSECU3_MP2\win7_files\Logs\Security.evtx,Audit success,0,"{""EventData"":{""Data"":[{""@Name"":""SubjectUserSid"",""#text"":""S-1-5-18""},{""@Name"":""SubjectUserName"",""#text"":""WIN7$""},{""@Name"":""SubjectDomainName"",""#text"":""WORKGROUP""},{""@Name"":""SubjectLogonId"",""#text"":""0x3E7""},{""@Name"":""TargetUserSid"",""#text"":""S-1-5-18""},{""@Name"":""TargetUserName"",""#text"":""SYSTEM""},{""@Name"":""TargetDomainName"",""#text"":""NT AUTHORITY""},{""@Name"":""TargetLogonId"",""#text"":""0x3E7""},{""@Name"":""LogonType"",""#text"":""5""},{""@Name"":""LogonProcessName"",""#text"":""Advapi  ""},{""@Name"":""AuthenticationPackageName"",""#text"":""Negotiate""},{""@Name"":""WorkstationName""},{""@Name"":""LogonGuid"",""#text"":""00000000-0000-0000-0000-000000000000""},{""@Name"":""TransmittedServices"",""#text"":""-""},{""@Name"":""LmPackageName"",""#text"":""-""},{""@Name"":""KeyLength"",""#text"":""0""},{""@Name"":""ProcessId"",""#text"":""0x1C0""},{""@Name"":""ProcessName"",""#text"":""C:\\Windows\\System32\\services.exe""},{""@Name"":""IpAddress"",""#text"":""-""},{""@Name"":""IpPort"",""#text"":""-""}]}}"
158,158,2025-01-20 15:19:05.269281200+00:00,4672,LogAlways,Microsoft-Windows-Security-Auditing,Security,456,2344,win7,1,,Administrative logon,NT AUTHORITY\SYSTEM (S-1-5-18),,"PrivilegeList: SeAssignPrimaryTokenPrivilege, SeTcbPrivilege, SeSecurityPrivilege, SeTakeOwnershipPrivilege, SeLoadDriverPrivilege, SeBackupPrivilege, SeRestorePrivilege, SeDebugPrivilege, SeAuditPrivilege, SeSystemEnvironmentPrivilege, SeImpersonatePrivilege",LogonId: 0x3E7,,,,,,False,C:\Users\BRIANNA\OneDrive\Documents\GitHub\NSSECU3_MP2\win7_files\Logs\Security.evtx,Audit success,0,"{""EventData"":{""Data"":[{""@Name"":""SubjectUserSid"",""#text"":""S-1-5-18""},{""@Name"":""SubjectUserName"",""#text"":""SYSTEM""},{""@Name"":""SubjectDomainName"",""#text"":""NT AUTHORITY""},{""@Name"":""SubjectLogonId"",""#text"":""0x3E7""},{""@Name"":""PrivilegeList"",""#text"":""SeAssignPrimaryTokenPrivilege, SeTcbPrivilege, SeSecurityPrivilege, SeTakeOwnershipPrivilege, SeLoadDriverPrivilege, SeBackupPrivilege, SeRestorePrivilege, SeDebugPrivilege, SeAuditPrivilege, SeSystemEnvironmentPrivilege, SeImpersonatePrivilege""}]}}"
524,524,2025-01-20 15:19:05.363031200+00:00,7036,Info,Service Control Manager,System,448,2388,win7,3,,Service started or stopped,,,Name: Microsoft Software Shadow Copy Provider | Microsoft Software Shadow Copy Provider,Status: running,,,,,,False,C:\Users\BRIANNA\OneDrive\Documents\GitHub\NSSECU3_MP2\win7_files\Logs\System.evtx,"Audit success, classic",0,"{""EventData"":{""Data"":[{""@Name"":""param1"",""#text"":""Microsoft Software Shadow Copy Provider""},{""@Name"":""param2"",""#text"":""running""}],""Binary"":""73-00-77-00-70-00-72-00-76-00-2F-00-34-00-00-00""}}"
525,525,2025-01-20 15:19:06.488031200+00:00,7036,Info,Service Control Manager,System,448,2612,win7,3,,Service started or stopped,,,Name: Windows Time | Windows Time,Status: running,,,,,,False,C:\Users\BRIANNA\OneDrive\Documents\GitHub\NSSECU3_MP2\win7_files\Logs\System.evtx,"Audit success, classic",0,"{""EventData"":{""Data"":[{""@Name"":""param1"",""#text"":""Windows Time""},{""@Name"":""param2"",""#text"":""running""}],""Binary"":""57-00-33-00-32-00-54-00-69-00-6D-00-65-00-2F-00-34-00-00-00""}}"
526,526,2025-01-20 15:19:10.441156200+00:00,20001,Info,Microsoft-Windows-UserPnp,System,1076,2108,win7,3,S-1-5-18,Device installation,,,DriverDescription: Generic volume shadow copy,InstallStatus: Installation Successful,IsDriverOEM: False,UpgradeDevice: False,RebootOption: False,DeviceInstanceID: STORAGE\VOLUMESNAPSHOT\HARDDISKVOLUMESNAPSHOT1,FileRepository\volsnap.inf_amd64_neutral_7499a4fac85b39fc\volsnap.inf,False,C:\Users\BRIANNA\OneDrive\Documents\GitHub\NSSECU3_MP2\win7_files\Logs\System.evtx,Classic,0,"{""UserData"":{""InstallDeviceID"":{""DriverName"":""FileRepository\\volsnap.inf_amd64_neutral_7499a4fac85b39fc\\volsnap.inf"",""DriverVersion"":""6.1.7600.16385"",""DriverProvider"":""Microsoft"",""DeviceInstanceID"":""STORAGE\\VOLUMESNAPSHOT\\HARDDISKVOLUMESNAPSHOT1"",""SetupClass"":""533c5b84-ec70-11d2-9505-00c04f79deaf"",""RebootOption"":""False"",""UpgradeDevice"":""False"",""IsDriverOEM"":""False"",""InstallStatus"":""0x0"",""DriverDescription"":""Generic volume shadow copy""}}}"
292,292,2025-01-20 15:19:11+00:00,8194,Info,System Restore,Application,0,0,win7,2,,Restore point created successfully,,,"Data: C:\Windows\system32\rundll32.exe /d srrstr.dll,ExecuteScheduledSPPCreation, Scheduled Checkpoint",,,,,,,False,C:\Users\BRIANNA\OneDrive\Documents\GitHub\NSSECU3_MP2\win7_files\Logs\Application.evtx,0x80000000000000,0,"{""EventData"":{""Data"":""C:\\Windows\\system32\\rundll32.exe /d srrstr.dll,ExecuteScheduledSPPCreation, Scheduled Checkpoint"",""Binary"":""00-00-00-00-A1-01-00-00-97-01-00-00-00-00-00-00-22-CE-28-67-7C-6D-DA-79-E2-8C-1C-00-00-00-00-00-00-00-00-00""}}"
293,293,2025-01-20 15:19:11+00:00,8212,Info,System Restore,Application,0,0,win7,2,,,,,,,,,,,,False,C:\Users\BRIANNA\OneDrive\Documents\GitHub\NSSECU3_MP2\win7_files\Logs\Application.evtx,0x80000000000000,0,"{""EventData"":{""Data"":"""",""Binary"":""00-00-00-00-00-00-00-00-33-01-00-00-00-00-00-00-57-4C-29-CE-58-43-BE-27-E2-6C-1C-00-00-00-00-00-00-00-00-00""}}"
160,160,2025-01-20 15:19:11.675531200+00:00,4905,LogAlways,Microsoft-Windows-Security-Auditing,Security,456,3020,win7,1,,,,,,,,,,,,False,C:\Users\BRIANNA\OneDrive\Documents\GitHub\NSSECU3_MP2\win7_files\Logs\Security.evtx,Audit success,0,"{""EventData"":{""Data"":[{""@Name"":""SubjectUserSid"",""#text"":""S-1-5-18""},{""@Name"":""SubjectUserName"",""#text"":""WIN7$""},{""@Name"":""SubjectDomainName"",""#text"":""WORKGROUP""},{""@Name"":""SubjectLogonId"",""#text"":""0x3E7""},{""@Name"":""AuditSourceName"",""#text"":""VSSAudit""},{""@Name"":""EventSourceId"",""#text"":""0x410CBC""},{""@Name"":""ProcessId"",""#text"":""0x6CC""},{""@Name"":""ProcessName"",""#text"":""C:\\Windows\\System32\\VSSVC.exe""}]}}"
159,159,2025-01-20 15:19:11.675531200+00:00,4904,LogAlways,Microsoft-Windows-Security-Auditing,Security,456,3020,win7,1,,,,,,,,,,,,False,C:\Users\BRIANNA\OneDrive\Documents\GitHub\NSSECU3_MP2\win7_files\Logs\Security.evtx,Audit success,0,"{""EventData"":{""Data"":[{""@Name"":""SubjectUserSid"",""#text"":""S-1-5-18""},{""@Name"":""SubjectUserName"",""#text"":""WIN7$""},{""@Name"":""SubjectDomainName"",""#text"":""WORKGROUP""},{""@Name"":""SubjectLogonId"",""#text"":""0x3E7""},{""@Name"":""AuditSourceName"",""#text"":""VSSAudit""},{""@Name"":""EventSourceId"",""#text"":""0x410CBC""},{""@Name"":""ProcessId"",""#text"":""0x6CC""},{""@Name"":""ProcessName"",""#text"":""C:\\Windows\\System32\\VSSVC.exe""}]}}"
527,527,2025-01-20 15:19:12.206781200+00:00,7036,Info,Service Control Manager,System,448,1664,win7,3,,Service started or stopped,,,Name: Windows Time | Windows Time,Status: stopped,,,,,,False,C:\Users\BRIANNA\OneDrive\Documents\GitHub\NSSECU3_MP2\win7_files\Logs\System.evtx,"Audit success, classic",0,"{""EventData"":{""Data"":[{""@Name"":""param1"",""#text"":""Windows Time""},{""@Name"":""param2"",""#text"":""stopped""}],""Binary"":""57-00-33-00-32-00-54-00-69-00-6D-00-65-00-2F-00-31-00-00-00""}}"
4,4,2025-01-20 15:19:13.206781200+00:00,104,Info,Microsoft-Windows-Diagnosis-Scripted,Microsoft-Windows-Diagnosis-Scripted/Operational,2644,3040,win7,0,S-1-5-21-2630035287-469658536-4158816484-1000,,,,,,,,,,,False,C:\Users\BRIANNA\OneDrive\Documents\GitHub\NSSECU3_MP2\win7_files\Logs\Microsoft-Windows-Diagnosis-Scripted_4Operational.evtx,0x4000000800000000,0,"{""EventData"":{""Data"":{""@Name"":""PackageId"",""#text"":""MaintenanceDiagnostic""}}}"
6,6,2025-01-20 15:19:13.206781200+00:00,100,Critical,Microsoft-Windows-Diagnosis-Scheduled,Microsoft-Windows-Diagnosis-Scheduled/Operational,2644,3040,win7,0,S-1-5-21-2630035287-469658536-4158816484-1000,,,,,,,,,,,False,C:\Users\BRIANNA\OneDrive\Documents\GitHub\NSSECU3_MP2\win7_files\Logs\Microsoft-Windows-Diagnosis-Scheduled_4Operational.evtx,0x8000000400000000,0,"{""EventData"":{""Data"":{""@Name"":""hc_stateid"",""#text"":""0""}}}"
5,5,2025-01-20 15:19:13.206781200+00:00,8,Info,Microsoft-Windows-Diagnosis-Scheduled,Microsoft-Windows-Diagnosis-Scheduled/Operational,2644,3040,win7,0,S-1-5-21-2630035287-469658536-4158816484-1000,,,,,,,,,,,False,C:\Users\BRIANNA\OneDrive\Documents\GitHub\NSSECU3_MP2\win7_files\Logs\Microsoft-Windows-Diagnosis-Scheduled_4Operational.evtx,0x8000000800000000,0,"{""EventData"":{""Data"":[{""@Name"":""PackageID"",""#text"":""MaintenanceDiagnostic""},{""@Name"":""RootCauseCount"",""#text"":""6""}]}}"
7,7,2025-01-20 15:19:13.238031200+00:00,3,Info,Microsoft-Windows-Diagnosis-Scheduled,Microsoft-Windows-Diagnosis-Scheduled/Operational,2644,3040,win7,0,S-1-5-21-2630035287-469658536-4158816484-1000,,,,,,,,,,,False,C:\Users\BRIANNA\OneDrive\Documents\GitHub\NSSECU3_MP2\win7_files\Logs\Microsoft-Windows-Diagnosis-Scheduled_4Operational.evtx,0x8000000800000000,0,"{""EventData"":""""}"
161,161,2025-01-20 15:19:27.066156200+00:00,4624,LogAlways,Microsoft-Windows-Security-Auditing,Security,456,2144,win7,1,,Successful logon,WORKGROUP\WIN7$, (-),Target: NT AUTHORITY\SYSTEM,LogonType 5,LogonId: 0x3E7,AuthenticationPackageName: Negotiate,LogonProcessName: Advapi  ,,C:\Windows\System32\services.exe,False,C:\Users\BRIANNA\OneDrive\Documents\GitHub\NSSECU3_MP2\win7_files\Logs\Security.evtx,Audit success,0,"{""EventData"":{""Data"":[{""@Name"":""SubjectUserSid"",""#text"":""S-1-5-18""},{""@Name"":""SubjectUserName"",""#text"":""WIN7$""},{""@Name"":""SubjectDomainName"",""#text"":""WORKGROUP""},{""@Name"":""SubjectLogonId"",""#text"":""0x3E7""},{""@Name"":""TargetUserSid"",""#text"":""S-1-5-18""},{""@Name"":""TargetUserName"",""#text"":""SYSTEM""},{""@Name"":""TargetDomainName"",""#text"":""NT AUTHORITY""},{""@Name"":""TargetLogonId"",""#text"":""0x3E7""},{""@Name"":""LogonType"",""#text"":""5""},{""@Name"":""LogonProcessName"",""#text"":""Advapi  ""},{""@Name"":""AuthenticationPackageName"",""#text"":""Negotiate""},{""@Name"":""WorkstationName""},{""@Name"":""LogonGuid"",""#text"":""00000000-0000-0000-0000-000000000000""},{""@Name"":""TransmittedServices"",""#text"":""-""},{""@Name"":""LmPackageName"",""#text"":""-""},{""@Name"":""KeyLength"",""#text"":""0""},{""@Name"":""ProcessId"",""#text"":""0x1C0""},{""@Name"":""ProcessName"",""#text"":""C:\\Windows\\System32\\services.exe""},{""@Name"":""IpAddress"",""#text"":""-""},{""@Name"":""IpPort"",""#text"":""-""}]}}"
162,162,2025-01-20 15:19:27.066156200+00:00,4672,LogAlways,Microsoft-Windows-Security-Auditing,Security,456,2144,win7,1,,Administrative logon,NT AUTHORITY\SYSTEM (S-1-5-18),,"PrivilegeList: SeAssignPrimaryTokenPrivilege, SeTcbPrivilege, SeSecurityPrivilege, SeTakeOwnershipPrivilege, SeLoadDriverPrivilege, SeBackupPrivilege, SeRestorePrivilege, SeDebugPrivilege, SeAuditPrivilege, SeSystemEnvironmentPrivilege, SeImpersonatePrivilege",LogonId: 0x3E7,,,,,,False,C:\Users\BRIANNA\OneDrive\Documents\GitHub\NSSECU3_MP2\win7_files\Logs\Security.evtx,Audit success,0,"{""EventData"":{""Data"":[{""@Name"":""SubjectUserSid"",""#text"":""S-1-5-18""},{""@Name"":""SubjectUserName"",""#text"":""SYSTEM""},{""@Name"":""SubjectDomainName"",""#text"":""NT AUTHORITY""},{""@Name"":""SubjectLogonId"",""#text"":""0x3E7""},{""@Name"":""PrivilegeList"",""#text"":""SeAssignPrimaryTokenPrivilege, SeTcbPrivilege, SeSecurityPrivilege, SeTakeOwnershipPrivilege, SeLoadDriverPrivilege, SeBackupPrivilege, SeRestorePrivilege, SeDebugPrivilege, SeAuditPrivilege, SeSystemEnvironmentPrivilege, SeImpersonatePrivilege""}]}}"
528,528,2025-01-20 15:19:27.675531200+00:00,7036,Info,Service Control Manager,System,448,1664,win7,3,,Service started or stopped,,,Name: Windows Modules Installer | Windows Modules Installer,Status: running,,,,,,False,C:\Users\BRIANNA\OneDrive\Documents\GitHub\NSSECU3_MP2\win7_files\Logs\System.evtx,"Audit success, classic",0,"{""EventData"":{""Data"":[{""@Name"":""param1"",""#text"":""Windows Modules Installer""},{""@Name"":""param2"",""#text"":""running""}],""Binary"":""54-00-72-00-75-00-73-00-74-00-65-00-64-00-49-00-6E-00-73-00-74-00-61-00-6C-00-6C-00-65-00-72-00-2F-00-34-00-00-00""}}"
529,529,2025-01-20 15:19:51.003656200+00:00,7036,Info,Service Control Manager,System,448,1664,win7,3,,Service started or stopped,,,Name: SPP Notification Service | SPP Notification Service,Status: running,,,,,,False,C:\Users\BRIANNA\OneDrive\Documents\GitHub\NSSECU3_MP2\win7_files\Logs\System.evtx,"Audit success, classic",0,"{""EventData"":{""Data"":[{""@Name"":""param1"",""#text"":""SPP Notification Service""},{""@Name"":""param2"",""#text"":""running""}],""Binary"":""73-00-70-00-70-00-75-00-69-00-6E-00-6F-00-74-00-69-00-66-00-79-00-2F-00-34-00-00-00""}}"
294,294,2025-01-20 15:22:12+00:00,8224,Info,VSS,Application,0,0,win7,2,,,,,,,,,,,,False,C:\Users\BRIANNA\OneDrive\Documents\GitHub\NSSECU3_MP2\win7_files\Logs\Application.evtx,0x80000000000000,0,"{""EventData"":{""Data"":"""",""Binary"":""2D-20-43-6F-64-65-3A-20-20-43-4F-52-53-56-43-43-30-30-30-30-30-37-37-33-2D-20-43-61-6C-6C-3A-20-20-43-4F-52-53-56-43-43-30-30-30-30-30-37-35-35-2D-20-50-49-44-3A-20-20-30-30-30-30-31-37-34-30-2D-20-54-49-44-3A-20-20-30-30-30-30-32-36-38-34-2D-20-43-4D-44-3A-20-20-43-3A-5C-57-69-6E-64-6F-77-73-5C-73-79-73-74-65-6D-33-32-5C-76-73-73-76-63-2E-65-78-65-20-20-20-2D-20-55-73-65-72-3A-20-4E-61-6D-65-3A-20-4E-54-20-41-55-54-48-4F-52-49-54-59-5C-53-59-53-54-45-4D-2C-20-53-49-44-3A-53-2D-31-2D-35-2D-31-38-20""}}"
530,530,2025-01-20 15:22:12.238031200+00:00,7036,Info,Service Control Manager,System,448,2760,win7,3,,Service started or stopped,,,Name: Volume Shadow Copy | Volume Shadow Copy,Status: stopped,,,,,,False,C:\Users\BRIANNA\OneDrive\Documents\GitHub\NSSECU3_MP2\win7_files\Logs\System.evtx,"Audit success, classic",0,"{""EventData"":{""Data"":[{""@Name"":""param1"",""#text"":""Volume Shadow Copy""},{""@Name"":""param2"",""#text"":""stopped""}],""Binary"":""56-00-53-00-53-00-2F-00-31-00-00-00""}}"
531,531,2025-01-20 15:25:12.238031200+00:00,7036,Info,Service Control Manager,System,448,1624,win7,3,,Service started or stopped,,,Name: Microsoft Software Shadow Copy Provider | Microsoft Software Shadow Copy Provider,Status: stopped,,,,,,False,C:\Users\BRIANNA\OneDrive\Documents\GitHub\NSSECU3_MP2\win7_files\Logs\System.evtx,"Audit success, classic",0,"{""EventData"":{""Data"":[{""@Name"":""param1"",""#text"":""Microsoft Software Shadow Copy Provider""},{""@Name"":""param2"",""#text"":""stopped""}],""Binary"":""73-00-77-00-70-00-72-00-76-00-2F-00-31-00-00-00""}}"
532,532,2025-01-20 15:27:47.394281200+00:00,7036,Info,Service Control Manager,System,448,2580,win7,3,,Service started or stopped,,,Name: Diagnostic System Host | Diagnostic System Host,Status: stopped,,,,,,False,C:\Users\BRIANNA\OneDrive\Documents\GitHub\NSSECU3_MP2\win7_files\Logs\System.evtx,"Audit success, classic",0,"{""EventData"":{""Data"":[{""@Name"":""param1"",""#text"":""Diagnostic System Host""},{""@Name"":""param2"",""#text"":""stopped""}],""Binary"":""57-00-64-00-69-00-53-00-79-00-73-00-74-00-65-00-6D-00-48-00-6F-00-73-00-74-00-2F-00-31-00-00-00""}}"
533,533,2025-01-20 15:29:06.800531200+00:00,7036,Info,Service Control Manager,System,448,928,win7,3,,Service started or stopped,,,Name: Application Experience | Application Experience,Status: stopped,,,,,,False,C:\Users\BRIANNA\OneDrive\Documents\GitHub\NSSECU3_MP2\win7_files\Logs\System.evtx,"Audit success, classic",0,"{""EventData"":{""Data"":[{""@Name"":""param1"",""#text"":""Application Experience""},{""@Name"":""param2"",""#text"":""stopped""}],""Binary"":""41-00-65-00-4C-00-6F-00-6F-00-6B-00-75-00-70-00-53-00-76-00-63-00-2F-00-31-00-00-00""}}"
534,534,2025-01-20 15:29:29.284906200+00:00,7040,Info,Service Control Manager,System,448,928,win7,3,S-1-5-18,Start type of a service has changed,,,The start type of the Windows Modules Installer was changed from demand start to auto start,,,,,,TrustedInstaller,False,C:\Users\BRIANNA\OneDrive\Documents\GitHub\NSSECU3_MP2\win7_files\Logs\System.evtx,"Audit success, classic",0,"{""EventData"":{""Data"":[{""@Name"":""param1"",""#text"":""Windows Modules Installer""},{""@Name"":""param2"",""#text"":""demand start""},{""@Name"":""param3"",""#text"":""auto start""},{""@Name"":""param4"",""#text"":""TrustedInstaller""}]}}"
535,535,2025-01-20 15:30:38.316156200+00:00,7040,Info,Service Control Manager,System,448,1512,win7,3,S-1-5-18,Start type of a service has changed,,,The start type of the Windows Modules Installer was changed from auto start to demand start,,,,,,TrustedInstaller,False,C:\Users\BRIANNA\OneDrive\Documents\GitHub\NSSECU3_MP2\win7_files\Logs\System.evtx,"Audit success, classic",0,"{""EventData"":{""Data"":[{""@Name"":""param1"",""#text"":""Windows Modules Installer""},{""@Name"":""param2"",""#text"":""auto start""},{""@Name"":""param3"",""#text"":""demand start""},{""@Name"":""param4"",""#text"":""TrustedInstaller""}]}}"
536,536,2025-01-20 15:30:38.550531200+00:00,7036,Info,Service Control Manager,System,448,1512,win7,3,,Service started or stopped,,,Name: Windows Modules Installer | Windows Modules Installer,Status: stopped,,,,,,False,C:\Users\BRIANNA\OneDrive\Documents\GitHub\NSSECU3_MP2\win7_files\Logs\System.evtx,"Audit success, classic",0,"{""EventData"":{""Data"":[{""@Name"":""param1"",""#text"":""Windows Modules Installer""},{""@Name"":""param2"",""#text"":""stopped""}],""Binary"":""54-00-72-00-75-00-73-00-74-00-65-00-64-00-49-00-6E-00-73-00-74-00-61-00-6C-00-6C-00-65-00-72-00-2F-00-31-00-00-00""}}"
537,537,2025-01-20 15:31:49.784906200+00:00,7036,Info,Service Control Manager,System,448,1400,win7,3,,Service started or stopped,,,Name: Application Experience | Application Experience,Status: running,,,,,,False,C:\Users\BRIANNA\OneDrive\Documents\GitHub\NSSECU3_MP2\win7_files\Logs\System.evtx,"Audit success, classic",0,"{""EventData"":{""Data"":[{""@Name"":""param1"",""#text"":""Application Experience""},{""@Name"":""param2"",""#text"":""running""}],""Binary"":""41-00-65-00-4C-00-6F-00-6F-00-6B-00-75-00-70-00-53-00-76-00-63-00-2F-00-34-00-00-00""}}"
1,1,2025-01-20 15:32:01.706781200+00:00,5008,Error,Microsoft-Windows-HomeGroup-ControlPanel,Microsoft-Windows-HomeGroup Control Panel/Operational,1796,852,win7,0,S-1-5-21-2630035287-469658536-4158816484-1000,,,,,,,,,,,False,C:\Users\BRIANNA\OneDrive\Documents\GitHub\NSSECU3_MP2\win7_files\Logs\Microsoft-Windows-HomeGroup Control Panel_4Operational.evtx,Classic,0,"{""EventData"":{""Data"":{""@Name"":""Error"",""#text"":""Unspecified error, ""}}}"
538,538,2025-01-20 15:32:21.566156200+00:00,7036,Info,Service Control Manager,System,448,2340,win7,3,,Service started or stopped,,,Name: Application Information | Application Information,Status: running,,,,,,False,C:\Users\BRIANNA\OneDrive\Documents\GitHub\NSSECU3_MP2\win7_files\Logs\System.evtx,"Audit success, classic",0,"{""EventData"":{""Data"":[{""@Name"":""param1"",""#text"":""Application Information""},{""@Name"":""param2"",""#text"":""running""}],""Binary"":""41-00-70-00-70-00-69-00-6E-00-66-00-6F-00-2F-00-34-00-00-00""}}"
63,63,2025-01-20 15:32:22.269281200+00:00,2004,Info,Microsoft-Windows-Windows Firewall With Advanced Security,Microsoft-Windows-Windows Firewall With Advanced Security/Firewall,984,1516,win7,0,S-1-5-19,A rule has been added to the Windows Defender Firewall exception list,,LocalSubnet: *,upnphost: Network Discovery (UPnPHost-Out),C:\Windows\system32\svchost.exe,Direction: Outbound,Action: Allow,Protocol: TCP,,,False,C:\Users\BRIANNA\OneDrive\Documents\GitHub\NSSECU3_MP2\win7_files\Logs\Microsoft-Windows-Windows Firewall With Advanced Security_4Firewall.evtx,0x8000020000000000,0,"{""EventData"":{""Data"":[{""@Name"":""RuleId"",""#text"":""{5B79F43D-1588-49DA-9992-2AE1EAD5BDA7}""},{""@Name"":""RuleName"",""#text"":""Network Discovery (UPnPHost-Out)""},{""@Name"":""Origin"",""#text"":""1""},{""@Name"":""ApplicationPath"",""#text"":""C:\\Windows\\system32\\svchost.exe""},{""@Name"":""ServiceName"",""#text"":""upnphost""},{""@Name"":""Direction"",""#text"":""2""},{""@Name"":""Protocol"",""#text"":""6""},{""@Name"":""LocalPorts"",""#text"":""*""},{""@Name"":""RemotePorts"",""#text"":""*""},{""@Name"":""Action"",""#text"":""3""},{""@Name"":""Profiles"",""#text"":""4""},{""@Name"":""LocalAddresses"",""#text"":""*""},{""@Name"":""RemoteAddresses"",""#text"":""LocalSubnet""},{""@Name"":""RemoteMachineAuthorizationList""},{""@Name"":""RemoteUserAuthorizationList""},{""@Name"":""EmbeddedContext"",""#text"":""@FirewallAPI.dll,-32752""},{""@Name"":""Flags"",""#text"":""0""},{""@Name"":""Active"",""#text"":""0""},{""@Name"":""EdgeTraversal"",""#text"":""0""},{""@Name"":""LooseSourceMapped"",""#text"":""0""},{""@Name"":""SecurityOptions"",""#text"":""0""},{""@Name"":""ModifyingUser"",""#text"":""S-1-5-21-2630035287-469658536-4158816484-1000""},{""@Name"":""ModifyingApplication"",""#text"":""C:\\Windows\\System32\\dllhost.exe""},{""@Name"":""SchemaVersion"",""#text"":""522""},{""@Name"":""RuleStatus"",""#text"":""65536""}]}}"
68,68,2025-01-20 15:32:22.269281200+00:00,2005,Info,Microsoft-Windows-Windows Firewall With Advanced Security,Microsoft-Windows-Windows Firewall With Advanced Security/Firewall,984,2644,win7,1,S-1-5-19,A rule has been modified in the Windows Defender Firewall exception list,,LocalSubnet: 137,: Network Discovery (NB-Name-Out),System,Direction: Outbound,Action: Allow,Protocol: UDP,,,False,C:\Users\BRIANNA\OneDrive\Documents\GitHub\NSSECU3_MP2\win7_files\Logs\Microsoft-Windows-Windows Firewall With Advanced Security_4Firewall.evtx,0x8000020000000000,0,"{""EventData"":{""Data"":[{""@Name"":""RuleId"",""#text"":""NETDIS-NB_Name-Out-UDP""},{""@Name"":""RuleName"",""#text"":""Network Discovery (NB-Name-Out)""},{""@Name"":""Origin"",""#text"":""1""},{""@Name"":""ApplicationPath"",""#text"":""System""},{""@Name"":""ServiceName""},{""@Name"":""Direction"",""#text"":""2""},{""@Name"":""Protocol"",""#text"":""17""},{""@Name"":""LocalPorts"",""#text"":""*""},{""@Name"":""RemotePorts"",""#text"":""137""},{""@Name"":""Action"",""#text"":""3""},{""@Name"":""Profiles"",""#text"":""4""},{""@Name"":""LocalAddresses"",""#text"":""*""},{""@Name"":""RemoteAddresses"",""#text"":""LocalSubnet""},{""@Name"":""RemoteMachineAuthorizationList""},{""@Name"":""RemoteUserAuthorizationList""},{""@Name"":""EmbeddedContext"",""#text"":""@FirewallAPI.dll,-32752""},{""@Name"":""Flags"",""#text"":""1""},{""@Name"":""Active"",""#text"":""1""},{""@Name"":""EdgeTraversal"",""#text"":""0""},{""@Name"":""LooseSourceMapped"",""#text"":""0""},{""@Name"":""SecurityOptions"",""#text"":""0""},{""@Name"":""ModifyingUser"",""#text"":""S-1-5-21-2630035287-469658536-4158816484-1000""},{""@Name"":""ModifyingApplication"",""#text"":""C:\\Windows\\System32\\dllhost.exe""},{""@Name"":""SchemaVersion"",""#text"":""522""},{""@Name"":""RuleStatus"",""#text"":""65536""}]}}"
67,67,2025-01-20 15:32:22.269281200+00:00,2005,Info,Microsoft-Windows-Windows Firewall With Advanced Security,Microsoft-Windows-Windows Firewall With Advanced Security/Firewall,984,2716,win7,0,S-1-5-19,A rule has been modified in the Windows Defender Firewall exception list,,LocalSubnet: *,: Network Discovery (NB-Name-In),System,Direction: Inbound,Action: Allow,Protocol: UDP,,,False,C:\Users\BRIANNA\OneDrive\Documents\GitHub\NSSECU3_MP2\win7_files\Logs\Microsoft-Windows-Windows Firewall With Advanced Security_4Firewall.evtx,0x8000020000000000,0,"{""EventData"":{""Data"":[{""@Name"":""RuleId"",""#text"":""NETDIS-NB_Name-In-UDP""},{""@Name"":""RuleName"",""#text"":""Network Discovery (NB-Name-In)""},{""@Name"":""Origin"",""#text"":""1""},{""@Name"":""ApplicationPath"",""#text"":""System""},{""@Name"":""ServiceName""},{""@Name"":""Direction"",""#text"":""1""},{""@Name"":""Protocol"",""#text"":""17""},{""@Name"":""LocalPorts"",""#text"":""137""},{""@Name"":""RemotePorts"",""#text"":""*""},{""@Name"":""Action"",""#text"":""3""},{""@Name"":""Profiles"",""#text"":""4""},{""@Name"":""LocalAddresses"",""#text"":""*""},{""@Name"":""RemoteAddresses"",""#text"":""LocalSubnet""},{""@Name"":""RemoteMachineAuthorizationList""},{""@Name"":""RemoteUserAuthorizationList""},{""@Name"":""EmbeddedContext"",""#text"":""@FirewallAPI.dll,-32752""},{""@Name"":""Flags"",""#text"":""1""},{""@Name"":""Active"",""#text"":""1""},{""@Name"":""EdgeTraversal"",""#text"":""0""},{""@Name"":""LooseSourceMapped"",""#text"":""0""},{""@Name"":""SecurityOptions"",""#text"":""0""},{""@Name"":""ModifyingUser"",""#text"":""S-1-5-21-2630035287-469658536-4158816484-1000""},{""@Name"":""ModifyingApplication"",""#text"":""C:\\Windows\\System32\\dllhost.exe""},{""@Name"":""SchemaVersion"",""#text"":""522""},{""@Name"":""RuleStatus"",""#text"":""65536""}]}}"
66,66,2025-01-20 15:32:22.269281200+00:00,2005,Info,Microsoft-Windows-Windows Firewall With Advanced Security,Microsoft-Windows-Windows Firewall With Advanced Security/Firewall,984,2644,win7,0,S-1-5-19,A rule has been modified in the Windows Defender Firewall exception list,,LocalSubnet: *,: Network Discovery (UPnP-Out),System,Direction: Outbound,Action: Allow,Protocol: TCP,,,False,C:\Users\BRIANNA\OneDrive\Documents\GitHub\NSSECU3_MP2\win7_files\Logs\Microsoft-Windows-Windows Firewall With Advanced Security_4Firewall.evtx,0x8000020000000000,0,"{""EventData"":{""Data"":[{""@Name"":""RuleId"",""#text"":""NETDIS-UPnPHost-Out-TCP""},{""@Name"":""RuleName"",""#text"":""Network Discovery (UPnP-Out)""},{""@Name"":""Origin"",""#text"":""1""},{""@Name"":""ApplicationPath"",""#text"":""System""},{""@Name"":""ServiceName""},{""@Name"":""Direction"",""#text"":""2""},{""@Name"":""Protocol"",""#text"":""6""},{""@Name"":""LocalPorts"",""#text"":""*""},{""@Name"":""RemotePorts"",""#text"":""*""},{""@Name"":""Action"",""#text"":""3""},{""@Name"":""Profiles"",""#text"":""4""},{""@Name"":""LocalAddresses"",""#text"":""*""},{""@Name"":""RemoteAddresses"",""#text"":""LocalSubnet""},{""@Name"":""RemoteMachineAuthorizationList""},{""@Name"":""RemoteUserAuthorizationList""},{""@Name"":""EmbeddedContext"",""#text"":""@FirewallAPI.dll,-32752""},{""@Name"":""Flags"",""#text"":""1""},{""@Name"":""Active"",""#text"":""1""},{""@Name"":""EdgeTraversal"",""#text"":""0""},{""@Name"":""LooseSourceMapped"",""#text"":""0""},{""@Name"":""SecurityOptions"",""#text"":""0""},{""@Name"":""ModifyingUser"",""#text"":""S-1-5-21-2630035287-469658536-4158816484-1000""},{""@Name"":""ModifyingApplication"",""#text"":""C:\\Windows\\System32\\dllhost.exe""},{""@Name"":""SchemaVersion"",""#text"":""522""},{""@Name"":""RuleStatus"",""#text"":""65536""}]}}"
64,64,2025-01-20 15:32:22.269281200+00:00,2005,Info,Microsoft-Windows-Windows Firewall With Advanced Security,Microsoft-Windows-Windows Firewall With Advanced Security/Firewall,984,2332,win7,0,S-1-5-19,A rule has been modified in the Windows Defender Firewall exception list,,LocalSubnet: *,upnphost: Network Discovery (UPnPHost-Out),C:\Windows\system32\svchost.exe,Direction: Outbound,Action: Allow,Protocol: TCP,,,False,C:\Users\BRIANNA\OneDrive\Documents\GitHub\NSSECU3_MP2\win7_files\Logs\Microsoft-Windows-Windows Firewall With Advanced Security_4Firewall.evtx,0x8000020000000000,0,"{""EventData"":{""Data"":[{""@Name"":""RuleId"",""#text"":""{5B79F43D-1588-49DA-9992-2AE1EAD5BDA7}""},{""@Name"":""RuleName"",""#text"":""Network Discovery (UPnPHost-Out)""},{""@Name"":""Origin"",""#text"":""1""},{""@Name"":""ApplicationPath"",""#text"":""C:\\Windows\\system32\\svchost.exe""},{""@Name"":""ServiceName"",""#text"":""upnphost""},{""@Name"":""Direction"",""#text"":""2""},{""@Name"":""Protocol"",""#text"":""6""},{""@Name"":""LocalPorts"",""#text"":""*""},{""@Name"":""RemotePorts"",""#text"":""*""},{""@Name"":""Action"",""#text"":""3""},{""@Name"":""Profiles"",""#text"":""4""},{""@Name"":""LocalAddresses"",""#text"":""*""},{""@Name"":""RemoteAddresses"",""#text"":""LocalSubnet""},{""@Name"":""RemoteMachineAuthorizationList""},{""@Name"":""RemoteUserAuthorizationList""},{""@Name"":""EmbeddedContext"",""#text"":""@FirewallAPI.dll,-32752""},{""@Name"":""Flags"",""#text"":""1""},{""@Name"":""Active"",""#text"":""1""},{""@Name"":""EdgeTraversal"",""#text"":""0""},{""@Name"":""LooseSourceMapped"",""#text"":""0""},{""@Name"":""SecurityOptions"",""#text"":""0""},{""@Name"":""ModifyingUser"",""#text"":""S-1-5-21-2630035287-469658536-4158816484-1000""},{""@Name"":""ModifyingApplication"",""#text"":""C:\\Windows\\System32\\dllhost.exe""},{""@Name"":""SchemaVersion"",""#text"":""522""},{""@Name"":""RuleStatus"",""#text"":""65536""}]}}"
62,62,2025-01-20 15:32:22.269281200+00:00,2005,Info,Microsoft-Windows-Windows Firewall With Advanced Security,Microsoft-Windows-Windows Firewall With Advanced Security/Firewall,984,2716,win7,0,S-1-5-19,A rule has been modified in the Windows Defender Firewall exception list,,LocalSubnet: *,upnphost: Network Discovery (UPnPHost-Out),C:\Windows\system32\svchost.exe,Direction: Outbound,Action: Allow,Protocol: TCP,,,False,C:\Users\BRIANNA\OneDrive\Documents\GitHub\NSSECU3_MP2\win7_files\Logs\Microsoft-Windows-Windows Firewall With Advanced Security_4Firewall.evtx,0x8000020000000000,0,"{""EventData"":{""Data"":[{""@Name"":""RuleId"",""#text"":""NETDIS-UPnP-Out-TCP""},{""@Name"":""RuleName"",""#text"":""Network Discovery (UPnPHost-Out)""},{""@Name"":""Origin"",""#text"":""1""},{""@Name"":""ApplicationPath"",""#text"":""C:\\Windows\\system32\\svchost.exe""},{""@Name"":""ServiceName"",""#text"":""upnphost""},{""@Name"":""Direction"",""#text"":""2""},{""@Name"":""Protocol"",""#text"":""6""},{""@Name"":""LocalPorts"",""#text"":""*""},{""@Name"":""RemotePorts"",""#text"":""*""},{""@Name"":""Action"",""#text"":""3""},{""@Name"":""Profiles"",""#text"":""1""},{""@Name"":""LocalAddresses"",""#text"":""*""},{""@Name"":""RemoteAddresses"",""#text"":""LocalSubnet""},{""@Name"":""RemoteMachineAuthorizationList""},{""@Name"":""RemoteUserAuthorizationList""},{""@Name"":""EmbeddedContext"",""#text"":""@FirewallAPI.dll,-32752""},{""@Name"":""Flags"",""#text"":""0""},{""@Name"":""Active"",""#text"":""0""},{""@Name"":""EdgeTraversal"",""#text"":""0""},{""@Name"":""LooseSourceMapped"",""#text"":""0""},{""@Name"":""SecurityOptions"",""#text"":""0""},{""@Name"":""ModifyingUser"",""#text"":""S-1-5-21-2630035287-469658536-4158816484-1000""},{""@Name"":""ModifyingApplication"",""#text"":""C:\\Windows\\System32\\dllhost.exe""},{""@Name"":""SchemaVersion"",""#text"":""522""},{""@Name"":""RuleStatus"",""#text"":""65536""}]}}"
65,65,2025-01-20 15:32:22.269281200+00:00,2005,Info,Microsoft-Windows-Windows Firewall With Advanced Security,Microsoft-Windows-Windows Firewall With Advanced Security/Firewall,984,2332,win7,0,S-1-5-19,A rule has been modified in the Windows Defender Firewall exception list,,LocalSubnet: *,: Network Discovery (UPnP-In),System,Direction: Inbound,Action: Allow,Protocol: TCP,,,False,C:\Users\BRIANNA\OneDrive\Documents\GitHub\NSSECU3_MP2\win7_files\Logs\Microsoft-Windows-Windows Firewall With Advanced Security_4Firewall.evtx,0x8000020000000000,0,"{""EventData"":{""Data"":[{""@Name"":""RuleId"",""#text"":""NETDIS-UPnPHost-In-TCP""},{""@Name"":""RuleName"",""#text"":""Network Discovery (UPnP-In)""},{""@Name"":""Origin"",""#text"":""1""},{""@Name"":""ApplicationPath"",""#text"":""System""},{""@Name"":""ServiceName""},{""@Name"":""Direction"",""#text"":""1""},{""@Name"":""Protocol"",""#text"":""6""},{""@Name"":""LocalPorts"",""#text"":""2869""},{""@Name"":""RemotePorts"",""#text"":""*""},{""@Name"":""Action"",""#text"":""3""},{""@Name"":""Profiles"",""#text"":""4""},{""@Name"":""LocalAddresses"",""#text"":""*""},{""@Name"":""RemoteAddresses"",""#text"":""LocalSubnet""},{""@Name"":""RemoteMachineAuthorizationList""},{""@Name"":""RemoteUserAuthorizationList""},{""@Name"":""EmbeddedContext"",""#text"":""@FirewallAPI.dll,-32752""},{""@Name"":""Flags"",""#text"":""1""},{""@Name"":""Active"",""#text"":""1""},{""@Name"":""EdgeTraversal"",""#text"":""0""},{""@Name"":""LooseSourceMapped"",""#text"":""0""},{""@Name"":""SecurityOptions"",""#text"":""0""},{""@Name"":""ModifyingUser"",""#text"":""S-1-5-21-2630035287-469658536-4158816484-1000""},{""@Name"":""ModifyingApplication"",""#text"":""C:\\Windows\\System32\\dllhost.exe""},{""@Name"":""SchemaVersion"",""#text"":""522""},{""@Name"":""RuleStatus"",""#text"":""65536""}]}}"
60,60,2025-01-20 15:32:22.269281200+00:00,2004,Info,Microsoft-Windows-Windows Firewall With Advanced Security,Microsoft-Windows-Windows Firewall With Advanced Security/Firewall,984,2716,win7,0,S-1-5-19,A rule has been added to the Windows Defender Firewall exception list,,LocalSubnet: 1900,Ssdpsrv: Network Discovery (SSDP-Out),C:\Windows\system32\svchost.exe,Direction: Outbound,Action: Allow,Protocol: UDP,,,False,C:\Users\BRIANNA\OneDrive\Documents\GitHub\NSSECU3_MP2\win7_files\Logs\Microsoft-Windows-Windows Firewall With Advanced Security_4Firewall.evtx,0x8000020000000000,0,"{""EventData"":{""Data"":[{""@Name"":""RuleId"",""#text"":""{C01C105F-8FE8-47F6-83A3-C44CFB959E5A}""},{""@Name"":""RuleName"",""#text"":""Network Discovery (SSDP-Out)""},{""@Name"":""Origin"",""#text"":""1""},{""@Name"":""ApplicationPath"",""#text"":""C:\\Windows\\system32\\svchost.exe""},{""@Name"":""ServiceName"",""#text"":""Ssdpsrv""},{""@Name"":""Direction"",""#text"":""2""},{""@Name"":""Protocol"",""#text"":""17""},{""@Name"":""LocalPorts"",""#text"":""*""},{""@Name"":""RemotePorts"",""#text"":""1900""},{""@Name"":""Action"",""#text"":""3""},{""@Name"":""Profiles"",""#text"":""4""},{""@Name"":""LocalAddresses"",""#text"":""*""},{""@Name"":""RemoteAddresses"",""#text"":""LocalSubnet""},{""@Name"":""RemoteMachineAuthorizationList""},{""@Name"":""RemoteUserAuthorizationList""},{""@Name"":""EmbeddedContext"",""#text"":""@FirewallAPI.dll,-32752""},{""@Name"":""Flags"",""#text"":""0""},{""@Name"":""Active"",""#text"":""0""},{""@Name"":""EdgeTraversal"",""#text"":""0""},{""@Name"":""LooseSourceMapped"",""#text"":""0""},{""@Name"":""SecurityOptions"",""#text"":""0""},{""@Name"":""ModifyingUser"",""#text"":""S-1-5-21-2630035287-469658536-4158816484-1000""},{""@Name"":""ModifyingApplication"",""#text"":""C:\\Windows\\System32\\dllhost.exe""},{""@Name"":""SchemaVersion"",""#text"":""522""},{""@Name"":""RuleStatus"",""#text"":""65536""}]}}"
56,56,2025-01-20 15:32:22.269281200+00:00,2005,Info,Microsoft-Windows-Windows Firewall With Advanced Security,Microsoft-Windows-Windows Firewall With Advanced Security/Firewall,984,2644,win7,0,S-1-5-19,A rule has been modified in the Windows Defender Firewall exception list,,LocalSubnet: *,Ssdpsrv: Network Discovery (SSDP-In),C:\Windows\system32\svchost.exe,Direction: Inbound,Action: Allow,Protocol: UDP,,,False,C:\Users\BRIANNA\OneDrive\Documents\GitHub\NSSECU3_MP2\win7_files\Logs\Microsoft-Windows-Windows Firewall With Advanced Security_4Firewall.evtx,0x8000020000000000,0,"{""EventData"":{""Data"":[{""@Name"":""RuleId"",""#text"":""NETDIS-SSDPSrv-In-UDP""},{""@Name"":""RuleName"",""#text"":""Network Discovery (SSDP-In)""},{""@Name"":""Origin"",""#text"":""1""},{""@Name"":""ApplicationPath"",""#text"":""C:\\Windows\\system32\\svchost.exe""},{""@Name"":""ServiceName"",""#text"":""Ssdpsrv""},{""@Name"":""Direction"",""#text"":""1""},{""@Name"":""Protocol"",""#text"":""17""},{""@Name"":""LocalPorts"",""#text"":""1900""},{""@Name"":""RemotePorts"",""#text"":""*""},{""@Name"":""Action"",""#text"":""3""},{""@Name"":""Profiles"",""#text"":""1""},{""@Name"":""LocalAddresses"",""#text"":""*""},{""@Name"":""RemoteAddresses"",""#text"":""LocalSubnet""},{""@Name"":""RemoteMachineAuthorizationList""},{""@Name"":""RemoteUserAuthorizationList""},{""@Name"":""EmbeddedContext"",""#text"":""@FirewallAPI.dll,-32752""},{""@Name"":""Flags"",""#text"":""0""},{""@Name"":""Active"",""#text"":""0""},{""@Name"":""EdgeTraversal"",""#text"":""0""},{""@Name"":""LooseSourceMapped"",""#text"":""0""},{""@Name"":""SecurityOptions"",""#text"":""0""},{""@Name"":""ModifyingUser"",""#text"":""S-1-5-21-2630035287-469658536-4158816484-1000""},{""@Name"":""ModifyingApplication"",""#text"":""C:\\Windows\\System32\\dllhost.exe""},{""@Name"":""SchemaVersion"",""#text"":""522""},{""@Name"":""RuleStatus"",""#text"":""65536""}]}}"
57,57,2025-01-20 15:32:22.269281200+00:00,2004,Info,Microsoft-Windows-Windows Firewall With Advanced Security,Microsoft-Windows-Windows Firewall With Advanced Security/Firewall,984,2644,win7,0,S-1-5-19,A rule has been added to the Windows Defender Firewall exception list,,LocalSubnet: *,Ssdpsrv: Network Discovery (SSDP-In),C:\Windows\system32\svchost.exe,Direction: Inbound,Action: Allow,Protocol: UDP,,,False,C:\Users\BRIANNA\OneDrive\Documents\GitHub\NSSECU3_MP2\win7_files\Logs\Microsoft-Windows-Windows Firewall With Advanced Security_4Firewall.evtx,0x8000020000000000,0,"{""EventData"":{""Data"":[{""@Name"":""RuleId"",""#text"":""{432DB089-E33F-4078-B22D-841408325B73}""},{""@Name"":""RuleName"",""#text"":""Network Discovery (SSDP-In)""},{""@Name"":""Origin"",""#text"":""1""},{""@Name"":""ApplicationPath"",""#text"":""C:\\Windows\\system32\\svchost.exe""},{""@Name"":""ServiceName"",""#text"":""Ssdpsrv""},{""@Name"":""Direction"",""#text"":""1""},{""@Name"":""Protocol"",""#text"":""17""},{""@Name"":""LocalPorts"",""#text"":""1900""},{""@Name"":""RemotePorts"",""#text"":""*""},{""@Name"":""Action"",""#text"":""3""},{""@Name"":""Profiles"",""#text"":""4""},{""@Name"":""LocalAddresses"",""#text"":""*""},{""@Name"":""RemoteAddresses"",""#text"":""LocalSubnet""},{""@Name"":""RemoteMachineAuthorizationList""},{""@Name"":""RemoteUserAuthorizationList""},{""@Name"":""EmbeddedContext"",""#text"":""@FirewallAPI.dll,-32752""},{""@Name"":""Flags"",""#text"":""0""},{""@Name"":""Active"",""#text"":""0""},{""@Name"":""EdgeTraversal"",""#text"":""0""},{""@Name"":""LooseSourceMapped"",""#text"":""0""},{""@Name"":""SecurityOptions"",""#text"":""0""},{""@Name"":""ModifyingUser"",""#text"":""S-1-5-21-2630035287-469658536-4158816484-1000""},{""@Name"":""ModifyingApplication"",""#text"":""C:\\Windows\\System32\\dllhost.exe""},{""@Name"":""SchemaVersion"",""#text"":""522""},{""@Name"":""RuleStatus"",""#text"":""65536""}]}}"
61,61,2025-01-20 15:32:22.269281200+00:00,2005,Info,Microsoft-Windows-Windows Firewall With Advanced Security,Microsoft-Windows-Windows Firewall With Advanced Security/Firewall,984,2716,win7,0,S-1-5-19,A rule has been modified in the Windows Defender Firewall exception list,,LocalSubnet: 1900,Ssdpsrv: Network Discovery (SSDP-Out),C:\Windows\system32\svchost.exe,Direction: Outbound,Action: Allow,Protocol: UDP,,,False,C:\Users\BRIANNA\OneDrive\Documents\GitHub\NSSECU3_MP2\win7_files\Logs\Microsoft-Windows-Windows Firewall With Advanced Security_4Firewall.evtx,0x8000020000000000,0,"{""EventData"":{""Data"":[{""@Name"":""RuleId"",""#text"":""{C01C105F-8FE8-47F6-83A3-C44CFB959E5A}""},{""@Name"":""RuleName"",""#text"":""Network Discovery (SSDP-Out)""},{""@Name"":""Origin"",""#text"":""1""},{""@Name"":""ApplicationPath"",""#text"":""C:\\Windows\\system32\\svchost.exe""},{""@Name"":""ServiceName"",""#text"":""Ssdpsrv""},{""@Name"":""Direction"",""#text"":""2""},{""@Name"":""Protocol"",""#text"":""17""},{""@Name"":""LocalPorts"",""#text"":""*""},{""@Name"":""RemotePorts"",""#text"":""1900""},{""@Name"":""Action"",""#text"":""3""},{""@Name"":""Profiles"",""#text"":""4""},{""@Name"":""LocalAddresses"",""#text"":""*""},{""@Name"":""RemoteAddresses"",""#text"":""LocalSubnet""},{""@Name"":""RemoteMachineAuthorizationList""},{""@Name"":""RemoteUserAuthorizationList""},{""@Name"":""EmbeddedContext"",""#text"":""@FirewallAPI.dll,-32752""},{""@Name"":""Flags"",""#text"":""1""},{""@Name"":""Active"",""#text"":""1""},{""@Name"":""EdgeTraversal"",""#text"":""0""},{""@Name"":""LooseSourceMapped"",""#text"":""0""},{""@Name"":""SecurityOptions"",""#text"":""0""},{""@Name"":""ModifyingUser"",""#text"":""S-1-5-21-2630035287-469658536-4158816484-1000""},{""@Name"":""ModifyingApplication"",""#text"":""C:\\Windows\\System32\\dllhost.exe""},{""@Name"":""SchemaVersion"",""#text"":""522""},{""@Name"":""RuleStatus"",""#text"":""65536""}]}}"
59,59,2025-01-20 15:32:22.269281200+00:00,2005,Info,Microsoft-Windows-Windows Firewall With Advanced Security,Microsoft-Windows-Windows Firewall With Advanced Security/Firewall,984,2928,win7,0,S-1-5-19,A rule has been modified in the Windows Defender Firewall exception list,,LocalSubnet: 1900,Ssdpsrv: Network Discovery (SSDP-Out),C:\Windows\system32\svchost.exe,Direction: Outbound,Action: Allow,Protocol: UDP,,,False,C:\Users\BRIANNA\OneDrive\Documents\GitHub\NSSECU3_MP2\win7_files\Logs\Microsoft-Windows-Windows Firewall With Advanced Security_4Firewall.evtx,0x8000020000000000,0,"{""EventData"":{""Data"":[{""@Name"":""RuleId"",""#text"":""NETDIS-SSDPSrv-Out-UDP""},{""@Name"":""RuleName"",""#text"":""Network Discovery (SSDP-Out)""},{""@Name"":""Origin"",""#text"":""1""},{""@Name"":""ApplicationPath"",""#text"":""C:\\Windows\\system32\\svchost.exe""},{""@Name"":""ServiceName"",""#text"":""Ssdpsrv""},{""@Name"":""Direction"",""#text"":""2""},{""@Name"":""Protocol"",""#text"":""17""},{""@Name"":""LocalPorts"",""#text"":""*""},{""@Name"":""RemotePorts"",""#text"":""1900""},{""@Name"":""Action"",""#text"":""3""},{""@Name"":""Profiles"",""#text"":""1""},{""@Name"":""LocalAddresses"",""#text"":""*""},{""@Name"":""RemoteAddresses"",""#text"":""LocalSubnet""},{""@Name"":""RemoteMachineAuthorizationList""},{""@Name"":""RemoteUserAuthorizationList""},{""@Name"":""EmbeddedContext"",""#text"":""@FirewallAPI.dll,-32752""},{""@Name"":""Flags"",""#text"":""0""},{""@Name"":""Active"",""#text"":""0""},{""@Name"":""EdgeTraversal"",""#text"":""0""},{""@Name"":""LooseSourceMapped"",""#text"":""0""},{""@Name"":""SecurityOptions"",""#text"":""0""},{""@Name"":""ModifyingUser"",""#text"":""S-1-5-21-2630035287-469658536-4158816484-1000""},{""@Name"":""ModifyingApplication"",""#text"":""C:\\Windows\\System32\\dllhost.exe""},{""@Name"":""SchemaVersion"",""#text"":""522""},{""@Name"":""RuleStatus"",""#text"":""65536""}]}}"
58,58,2025-01-20 15:32:22.269281200+00:00,2005,Info,Microsoft-Windows-Windows Firewall With Advanced Security,Microsoft-Windows-Windows Firewall With Advanced Security/Firewall,984,2644,win7,0,S-1-5-19,A rule has been modified in the Windows Defender Firewall exception list,,LocalSubnet: *,Ssdpsrv: Network Discovery (SSDP-In),C:\Windows\system32\svchost.exe,Direction: Inbound,Action: Allow,Protocol: UDP,,,False,C:\Users\BRIANNA\OneDrive\Documents\GitHub\NSSECU3_MP2\win7_files\Logs\Microsoft-Windows-Windows Firewall With Advanced Security_4Firewall.evtx,0x8000020000000000,0,"{""EventData"":{""Data"":[{""@Name"":""RuleId"",""#text"":""{432DB089-E33F-4078-B22D-841408325B73}""},{""@Name"":""RuleName"",""#text"":""Network Discovery (SSDP-In)""},{""@Name"":""Origin"",""#text"":""1""},{""@Name"":""ApplicationPath"",""#text"":""C:\\Windows\\system32\\svchost.exe""},{""@Name"":""ServiceName"",""#text"":""Ssdpsrv""},{""@Name"":""Direction"",""#text"":""1""},{""@Name"":""Protocol"",""#text"":""17""},{""@Name"":""LocalPorts"",""#text"":""1900""},{""@Name"":""RemotePorts"",""#text"":""*""},{""@Name"":""Action"",""#text"":""3""},{""@Name"":""Profiles"",""#text"":""4""},{""@Name"":""LocalAddresses"",""#text"":""*""},{""@Name"":""RemoteAddresses"",""#text"":""LocalSubnet""},{""@Name"":""RemoteMachineAuthorizationList""},{""@Name"":""RemoteUserAuthorizationList""},{""@Name"":""EmbeddedContext"",""#text"":""@FirewallAPI.dll,-32752""},{""@Name"":""Flags"",""#text"":""1""},{""@Name"":""Active"",""#text"":""1""},{""@Name"":""EdgeTraversal"",""#text"":""0""},{""@Name"":""LooseSourceMapped"",""#text"":""0""},{""@Name"":""SecurityOptions"",""#text"":""0""},{""@Name"":""ModifyingUser"",""#text"":""S-1-5-21-2630035287-469658536-4158816484-1000""},{""@Name"":""ModifyingApplication"",""#text"":""C:\\Windows\\System32\\dllhost.exe""},{""@Name"":""SchemaVersion"",""#text"":""522""},{""@Name"":""RuleStatus"",""#text"":""65536""}]}}"
88,88,2025-01-20 15:32:22.284906200+00:00,2005,Info,Microsoft-Windows-Windows Firewall With Advanced Security,Microsoft-Windows-Windows Firewall With Advanced Security/Firewall,984,2332,win7,1,S-1-5-19,A rule has been modified in the Windows Defender Firewall exception list,,LocalSubnet: 3702,fdrespub: Network Discovery (Pub WSD-Out),C:\Windows\system32\svchost.exe,Direction: Outbound,Action: Allow,Protocol: UDP,,,False,C:\Users\BRIANNA\OneDrive\Documents\GitHub\NSSECU3_MP2\win7_files\Logs\Microsoft-Windows-Windows Firewall With Advanced Security_4Firewall.evtx,0x8000020000000000,0,"{""EventData"":{""Data"":[{""@Name"":""RuleId"",""#text"":""{48821C3B-1676-44E6-BF6C-33E034316CA1}""},{""@Name"":""RuleName"",""#text"":""Network Discovery (Pub WSD-Out)""},{""@Name"":""Origin"",""#text"":""1""},{""@Name"":""ApplicationPath"",""#text"":""C:\\Windows\\system32\\svchost.exe""},{""@Name"":""ServiceName"",""#text"":""fdrespub""},{""@Name"":""Direction"",""#text"":""2""},{""@Name"":""Protocol"",""#text"":""17""},{""@Name"":""LocalPorts"",""#text"":""*""},{""@Name"":""RemotePorts"",""#text"":""3702""},{""@Name"":""Action"",""#text"":""3""},{""@Name"":""Profiles"",""#text"":""4""},{""@Name"":""LocalAddresses"",""#text"":""*""},{""@Name"":""RemoteAddresses"",""#text"":""LocalSubnet""},{""@Name"":""RemoteMachineAuthorizationList""},{""@Name"":""RemoteUserAuthorizationList""},{""@Name"":""EmbeddedContext"",""#text"":""@FirewallAPI.dll,-32752""},{""@Name"":""Flags"",""#text"":""1""},{""@Name"":""Active"",""#text"":""1""},{""@Name"":""EdgeTraversal"",""#text"":""0""},{""@Name"":""LooseSourceMapped"",""#text"":""0""},{""@Name"":""SecurityOptions"",""#text"":""0""},{""@Name"":""ModifyingUser"",""#text"":""S-1-5-21-2630035287-469658536-4158816484-1000""},{""@Name"":""ModifyingApplication"",""#text"":""C:\\Windows\\System32\\dllhost.exe""},{""@Name"":""SchemaVersion"",""#text"":""522""},{""@Name"":""RuleStatus"",""#text"":""65536""}]}}"
