242,242,2025-01-21 12:54:55.187500+00:00,4624,LogAlways,Microsoft-Windows-Security-Auditing,Security,468,520,win7,2,,Successful logon,WORKGROUP\WIN7$,WIN7 (127.0.0.1),Target: win7\student,LogonType 2,LogonId: 0x18118,AuthenticationPackageName: Negotiate,LogonProcessName: User32 ,,C:\Windows\System32\winlogon.exe,False,C:\Users\BRIANNA\OneDrive\Documents\GitHub\NSSECU3_MP2\win7_files\Logs\Security.evtx,Audit success,0,"{""EventData"":{""Data"":[{""@Name"":""SubjectUserSid"",""#text"":""S-1-5-18""},{""@Name"":""SubjectUserName"",""#text"":""WIN7$""},{""@Name"":""SubjectDomainName"",""#text"":""WORKGROUP""},{""@Name"":""SubjectLogonId"",""#text"":""0x3E7""},{""@Name"":""TargetUserSid"",""#text"":""S-1-5-21-2630035287-469658536-4158816484-1000""},{""@Name"":""TargetUserName"",""#text"":""student""},{""@Name"":""TargetDomainName"",""#text"":""win7""},{""@Name"":""TargetLogonId"",""#text"":""0x18118""},{""@Name"":""LogonType"",""#text"":""2""},{""@Name"":""LogonProcessName"",""#text"":""User32 ""},{""@Name"":""AuthenticationPackageName"",""#text"":""Negotiate""},{""@Name"":""WorkstationName"",""#text"":""WIN7""},{""@Name"":""LogonGuid"",""#text"":""00000000-0000-0000-0000-000000000000""},{""@Name"":""TransmittedServices"",""#text"":""-""},{""@Name"":""LmPackageName"",""#text"":""-""},{""@Name"":""KeyLength"",""#text"":""0""},{""@Name"":""ProcessId"",""#text"":""0x190""},{""@Name"":""ProcessName"",""#text"":""C:\\Windows\\System32\\winlogon.exe""},{""@Name"":""IpAddress"",""#text"":""127.0.0.1""},{""@Name"":""IpPort"",""#text"":""0""}]}}"
243,243,2025-01-21 12:54:55.187500+00:00,4672,LogAlways,Microsoft-Windows-Security-Auditing,Security,468,520,win7,2,,Administrative logon,win7\student (S-1-5-21-2630035287-469658536-4158816484-1000),,"PrivilegeList: SeSecurityPrivilege, SeTakeOwnershipPrivilege, SeLoadDriverPrivilege, SeBackupPrivilege, SeRestorePrivilege, SeDebugPrivilege, SeSystemEnvironmentPrivilege, SeImpersonatePrivilege",LogonId: 0x180E6,,,,,,False,C:\Users\BRIANNA\OneDrive\Documents\GitHub\NSSECU3_MP2\win7_files\Logs\Security.evtx,Audit success,0,"{""EventData"":{""Data"":[{""@Name"":""SubjectUserSid"",""#text"":""S-1-5-21-2630035287-469658536-4158816484-1000""},{""@Name"":""SubjectUserName"",""#text"":""student""},{""@Name"":""SubjectDomainName"",""#text"":""win7""},{""@Name"":""SubjectLogonId"",""#text"":""0x180E6""},{""@Name"":""PrivilegeList"",""#text"":""SeSecurityPrivilege, SeTakeOwnershipPrivilege, SeLoadDriverPrivilege, SeBackupPrivilege, SeRestorePrivilege, SeDebugPrivilege, SeSystemEnvironmentPrivilege, SeImpersonatePrivilege""}]}}"
17,17,2025-01-21 12:54:55.390625+00:00,1,Info,Microsoft-Windows-User Profiles Service,Microsoft-Windows-User Profile Service/Operational,808,1052,win7,0,S-1-5-21-2630035287-469658536-4158816484-1000,,,,,,,,,,,False,C:\Users\BRIANNA\OneDrive\Documents\GitHub\NSSECU3_MP2\win7_files\Logs\Microsoft-Windows-User Profile Service_4Operational.evtx,0x4000000000000000,0,"{""EventData"":{""Data"":{""@Name"":""Session"",""#text"":""1""}}}"
692,692,2025-01-21 12:54:55.390625+00:00,7001,Info,Microsoft-Windows-Winlogon,System,400,416,win7,4,S-1-5-18,User logon,,,UserSID: S-1-5-21-2630035287-469658536-4158816484-1000,,,,,,,False,C:\Users\BRIANNA\OneDrive\Documents\GitHub\NSSECU3_MP2\win7_files\Logs\System.evtx,0x2000000000000000,0,"{""EventData"":{""Data"":[{""@Name"":""TSId"",""#text"":""1""},{""@Name"":""UserSid"",""#text"":""S-1-5-21-2630035287-469658536-4158816484-1000""}]}}"
18,18,2025-01-21 12:54:55.546875+00:00,5,Info,Microsoft-Windows-User Profiles Service,Microsoft-Windows-User Profile Service/Operational,808,820,win7,0,S-1-5-18,,,,,,,,,,,False,C:\Users\BRIANNA\OneDrive\Documents\GitHub\NSSECU3_MP2\win7_files\Logs\Microsoft-Windows-User Profile Service_4Operational.evtx,0x4000000000000000,0,"{""EventData"":{""Data"":[{""@Name"":""File"",""#text"":""C:\\Users\\student\\ntuser.dat""},{""@Name"":""Key"",""#text"":""S-1-5-21-2630035287-469658536-4158816484-1000""}]}}"
19,19,2025-01-21 12:54:55.593750+00:00,5,Info,Microsoft-Windows-User Profiles Service,Microsoft-Windows-User Profile Service/Operational,808,820,win7,0,S-1-5-18,,,,,,,,,,,False,C:\Users\BRIANNA\OneDrive\Documents\GitHub\NSSECU3_MP2\win7_files\Logs\Microsoft-Windows-User Profile Service_4Operational.evtx,0x4000000000000000,0,"{""EventData"":{""Data"":[{""@Name"":""File"",""#text"":""C:\\Users\\student\\AppData\\Local\\Microsoft\\Windows\\\\UsrClass.dat""},{""@Name"":""Key"",""#text"":""S-1-5-21-2630035287-469658536-4158816484-1000_Classes""}]}}"
7,7,2025-01-21 12:54:55.687500+00:00,1001,Info,Microsoft-Windows-Resource-Exhaustion-Detector,Microsoft-Windows-Resource-Exhaustion-Detector/Operational,992,260,win7,0,S-1-5-19,,,,,,,,,,,False,C:\Users\BRIANNA\OneDrive\Documents\GitHub\NSSECU3_MP2\win7_files\Logs\Microsoft-Windows-Resource-Exhaustion-Detector_4Operational.evtx,0x4000000010000000,0,"{""EventData"":""""}"
9,9,2025-01-21 12:54:55.734375+00:00,21,Info,Microsoft-Windows-TerminalServices-LocalSessionManager,Microsoft-Windows-TerminalServices-LocalSessionManager/Operational,476,748,win7,0,S-1-5-18,Remote Desktop Services: Session logon succeeded,win7\student,LOCAL,Session ID: 1,,,,,,,False,C:\Users\BRIANNA\OneDrive\Documents\GitHub\NSSECU3_MP2\win7_files\Logs\Microsoft-Windows-TerminalServices-LocalSessionManager_4Operational.evtx,0x1000000000000000,0,"{""UserData"":{""EventXML"":{""User"":""win7\\student"",""SessionID"":""1"",""Address"":""LOCAL""}}}"
20,20,2025-01-21 12:54:55.734375+00:00,2,Info,Microsoft-Windows-User Profiles Service,Microsoft-Windows-User Profile Service/Operational,808,1052,win7,0,S-1-5-21-2630035287-469658536-4158816484-1000,An account was logged on,,,Session: 1,,,,,,,False,C:\Users\BRIANNA\OneDrive\Documents\GitHub\NSSECU3_MP2\win7_files\Logs\Microsoft-Windows-User Profile Service_4Operational.evtx,0x4000000000000000,0,"{""EventData"":{""Data"":{""@Name"":""Session"",""#text"":""1""}}}"
103,103,2025-01-21 12:54:55.734375+00:00,5311,Info,Microsoft-Windows-GroupPolicy,Microsoft-Windows-GroupPolicy/Operational,808,1688,win7,0,S-1-5-21-2630035287-469658536-4158816484-1000,,,,,,,,,,,False,C:\Users\BRIANNA\OneDrive\Documents\GitHub\NSSECU3_MP2\win7_files\Logs\Microsoft-Windows-GroupPolicy_4Operational.evtx,0x4000000000000000,0,"{""EventData"":{""Data"":{""@Name"":""PolicyProcessingMode"",""#text"":""0""}}}"
102,102,2025-01-21 12:54:55.734375+00:00,4001,Info,Microsoft-Windows-GroupPolicy,Microsoft-Windows-GroupPolicy/Operational,808,1688,win7,0,S-1-5-18,,,,,,,,,,,False,C:\Users\BRIANNA\OneDrive\Documents\GitHub\NSSECU3_MP2\win7_files\Logs\Microsoft-Windows-GroupPolicy_4Operational.evtx,0x4000000000000000,0,"{""EventData"":{""Data"":[{""@Name"":""PolicyActivityId"",""#text"":""788e2342-b9ec-4819-878c-d89046e31edb""},{""@Name"":""PrincipalSamName"",""#text"":""win7\\student""},{""@Name"":""IsMachine"",""#text"":""0""},{""@Name"":""IsDomainJoined"",""#text"":""False""},{""@Name"":""IsBackgroundProcessing"",""#text"":""False""},{""@Name"":""IsAsyncProcessing"",""#text"":""True""},{""@Name"":""IsServiceRestart"",""#text"":""False""},{""@Name"":""ReasonForSyncProcessing"",""#text"":""0""}]}}"
101,101,2025-01-21 12:54:55.734375+00:00,5324,Info,Microsoft-Windows-GroupPolicy,Microsoft-Windows-GroupPolicy/Operational,808,1052,win7,0,S-1-5-18,,,,,,,,,,,False,C:\Users\BRIANNA\OneDrive\Documents\GitHub\NSSECU3_MP2\win7_files\Logs\Microsoft-Windows-GroupPolicy_4Operational.evtx,0x4000000000000000,0,"{""EventData"":{""Data"":[{""@Name"":""NotificationType"",""#text"":""1""},{""@Name"":""SessionId"",""#text"":""1""}]}}"
105,105,2025-01-21 12:54:55.734375+00:00,5313,Info,Microsoft-Windows-GroupPolicy,Microsoft-Windows-GroupPolicy/Operational,808,1688,win7,0,S-1-5-18,,,,,,,,,,,False,C:\Users\BRIANNA\OneDrive\Documents\GitHub\NSSECU3_MP2\win7_files\Logs\Microsoft-Windows-GroupPolicy_4Operational.evtx,0x4000000000000000,0,"{""EventData"":{""Data"":[{""@Name"":""DescriptionString"",""#text"":""Local Group Policy, Not Applied (Empty), ""},{""@Name"":""GPOInfoList"",""#text"":""&lt;GPO ID=\""Local Group Policy\""&gt;&lt;Name&gt;Local Group Policy&lt;/Name&gt;&lt;Version&gt;0&lt;/Version&gt;&lt;SOM&gt;Local&lt;/SOM&gt;&lt;FSPath&gt;C:\\Windows\\System32\\GroupPolicy\\User&lt;/FSPath&gt;&lt;Reason&gt;NOTAPPLIED-EMPTY&lt;/Reason&gt;&lt;/GPO&gt;""}]}}"
104,104,2025-01-21 12:54:55.734375+00:00,5312,Info,Microsoft-Windows-GroupPolicy,Microsoft-Windows-GroupPolicy/Operational,808,1688,win7,0,S-1-5-18,,,,,,,,,,,False,C:\Users\BRIANNA\OneDrive\Documents\GitHub\NSSECU3_MP2\win7_files\Logs\Microsoft-Windows-GroupPolicy_4Operational.evtx,0x4000000000000000,0,"{""EventData"":{""Data"":[{""@Name"":""DescriptionString"",""#text"":""None""},{""@Name"":""GPOInfoList""}]}}"
106,106,2025-01-21 12:54:55.750000+00:00,5320,Info,Microsoft-Windows-GroupPolicy,Microsoft-Windows-GroupPolicy/Operational,808,1688,win7,0,S-1-5-18,,,,,,,,,,,False,C:\Users\BRIANNA\OneDrive\Documents\GitHub\NSSECU3_MP2\win7_files\Logs\Microsoft-Windows-GroupPolicy_4Operational.evtx,0x4000000000000000,0,"{""EventData"":{""Data"":{""@Name"":""InfoDescription"",""#text"":""%%4161""}}}"
107,107,2025-01-21 12:54:55.750000+00:00,5320,Info,Microsoft-Windows-GroupPolicy,Microsoft-Windows-GroupPolicy/Operational,808,1688,win7,0,S-1-5-18,,,,,,,,,,,False,C:\Users\BRIANNA\OneDrive\Documents\GitHub\NSSECU3_MP2\win7_files\Logs\Microsoft-Windows-GroupPolicy_4Operational.evtx,0x4000000000000000,0,"{""EventData"":{""Data"":{""@Name"":""InfoDescription"",""#text"":""%%4163""}}}"
108,108,2025-01-21 12:54:55.750000+00:00,5320,Info,Microsoft-Windows-GroupPolicy,Microsoft-Windows-GroupPolicy/Operational,808,1688,win7,0,S-1-5-18,,,,,,,,,,,False,C:\Users\BRIANNA\OneDrive\Documents\GitHub\NSSECU3_MP2\win7_files\Logs\Microsoft-Windows-GroupPolicy_4Operational.evtx,0x4000000000000000,0,"{""EventData"":{""Data"":{""@Name"":""InfoDescription"",""#text"":""%%4165""}}}"
109,109,2025-01-21 12:54:55.750000+00:00,8001,Info,Microsoft-Windows-GroupPolicy,Microsoft-Windows-GroupPolicy/Operational,808,1688,win7,0,S-1-5-18,,,,,,,,,,,False,C:\Users\BRIANNA\OneDrive\Documents\GitHub\NSSECU3_MP2\win7_files\Logs\Microsoft-Windows-GroupPolicy_4Operational.evtx,0x4000000000000000,0,"{""EventData"":{""Data"":[{""@Name"":""PolicyElaspedTimeInSeconds"",""#text"":""0""},{""@Name"":""ErrorCode"",""#text"":""0""},{""@Name"":""PrincipalSamName"",""#text"":""win7\\student""},{""@Name"":""IsMachine"",""#text"":""0""},{""@Name"":""IsConnectivityFailure"",""#text"":""False""}]}}"
110,110,2025-01-21 12:54:55.750000+00:00,5315,Info,Microsoft-Windows-GroupPolicy,Microsoft-Windows-GroupPolicy/Operational,808,1720,win7,0,S-1-5-18,,,,,,,,,,,False,C:\Users\BRIANNA\OneDrive\Documents\GitHub\NSSECU3_MP2\win7_files\Logs\Microsoft-Windows-GroupPolicy_4Operational.evtx,0x4000000000000000,0,"{""EventData"":{""Data"":[{""@Name"":""PrincipalSamName"",""#text"":""win7\\student""},{""@Name"":""NextPolicyApplicationTime"",""#text"":""98""},{""@Name"":""NextPolicyApplicationTimeUnit"",""#text"":""%%4100""}]}}"
11,11,2025-01-21 12:54:55.750000+00:00,7,Info,Microsoft-Windows-OfflineFiles,Microsoft-Windows-OfflineFiles/Operational,776,796,win7,0,S-1-5-18,,,,,,,,,,,False,C:\Users\BRIANNA\OneDrive\Documents\GitHub\NSSECU3_MP2\win7_files\Logs\Microsoft-Windows-OfflineFiles_4Operational.evtx,0x4000000000000008,0,"{""UserData"":{""Info"":{""Account"":""win7\\student"",""Session"":""1""}}}"
326,326,2025-01-21 12:54:56+00:00,900,Info,Microsoft-Windows-Security-SPP,Application,0,0,win7,2,,,,,,,,,,,,False,C:\Users\BRIANNA\OneDrive\Documents\GitHub\NSSECU3_MP2\win7_files\Logs\Application.evtx,0x80000000000000,0,"{""EventData"":{""Data"":"""",""Binary"":""""}}"
693,693,2025-01-21 12:54:56.562500+00:00,7036,Info,Service Control Manager,System,460,528,win7,4,,Service started or stopped,,,Name: Software Protection | Software Protection,Status: running,,,,,,False,C:\Users\BRIANNA\OneDrive\Documents\GitHub\NSSECU3_MP2\win7_files\Logs\System.evtx,"Audit success, classic",0,"{""EventData"":{""Data"":[{""@Name"":""param1"",""#text"":""Software Protection""},{""@Name"":""param2"",""#text"":""running""}],""Binary"":""73-00-70-00-70-00-73-00-76-00-63-00-2F-00-34-00-00-00""}}"
328,328,2025-01-21 12:54:57+00:00,1003,Info,Microsoft-Windows-Security-SPP,Application,0,0,win7,2,,,,,,,,,,,,False,C:\Users\BRIANNA\OneDrive\Documents\GitHub\NSSECU3_MP2\win7_files\Logs\Application.evtx,0x80000000000000,0,"{""EventData"":{""Data"":""55c92734-d682-4d71-983e-d6ec3f16059f, \n1: 4de78642-0f7f-4b61-9392-8add86d70ae8, 1, 0 [(0 [0xC004F014, 0, 0], [(?)(?)(?)(?)(?)(?)])(1 )(2 )]\n2: 50e329f7-a5fa-46b2-85fd-f224e5da7764, 1, 0 [(0 [0xC004F014, 0, 0], [(?)(?)(?)(?)(?)(?)])(1 )(2 )]\n3: 5a79ecd8-d33f-406c-a619-7785899b5d59, 1, 0 [(0 [0xC004F014, 0, 0], [(?)(?)(?)(?)(?)(?)])(1 )(2 )]\n4: 770bc271-8dc1-467d-b574-73cbacbeccd1, 1, 0 [(0 [0xC004F014, 0, 0], [(?)(?)(?)(?)(?)(?)])(1 )(2 )]\n5: 90a61a0d-0b76-4bf1-a8b8-89061855a4c9, 1, 0 [(0 [0xC004F014, 0, 0], [(?)(?)(?)(?)(?)(?)])(1 )(2 )]\n6: 92f9d22a-65f5-49a7-90fe-06491b4fc379, 1, 0 [(0 [0xC004F014, 0, 0], [(?)(?)(?)(?)(?)(?)])(1 )(2 )]\n7: 9abf5984-9c16-46f2-ad1e-7fe15931a8dd, 1, 0 [(0 [0xC004F014, 0, 0], [(?)(?)(?)(?)(?)(?)])(1 )(2 )]\n8: 9ccffaf9-86a2-414e-b031-b2f777720e90, 1, 0 [(0 [0xC004F014, 0, 0], [(?)(?)(?)(?)(?)(?)])(1 )(2 )]\n9: b92e9980-b9d5-4821-9c94-140f632f6312, 1, 0 [(0 [0xC004F014, 0, 0], [(?)(?)(?)(?)(?)(?)])(1 )(2 )]\n10: c1027486-8ae8-4633-9cf9-9658ed80504d, 1, 0 [(0 [0xC004F014, 0, 0], [(?)(?)(?)(?)(?)(?)])(1 )(2 )]\n11: c1e88de3-96c4-4563-ad7d-775f65b1e670, 1, 0 [(0 [0xC004F014, 0, 0], [(?)(?)(?)(?)(?)(?)])(1 )(2 )]\n12: c33001fc-5e9c-4f27-8c05-e0154adb0db4, 1, 0 [(0 [0xC004F014, 0, 0], [(?)(?)(?)(?)(?)(?)])(1 )(2 )]\n13: cf3c5b35-35ff-4c95-9bbd-a188e47ad14c, 1, 0 [(0 [0xC004F014, 0, 0], [(?)(?)(?)(?)(?)(?)])(1 )(2 )]\n14: cff07cac-7534-4cc3-b3f3-99e1a0aa3c20, 1, 0 [(0 [0xC004F014, 0, 0], [(?)(?)(?)(?)(?)(?)])(1 )(2 )]\n15: d188820a-cb63-4bad-a9a2-40b843ee23b7, 1, 0 [(0 [0xC004F014, 0, 0], [(?)(?)(?)(?)(?)(?)])(1 )(2 )]\n16: d8e04254-f9a5-4729-ae86-886de6aa907c, 1, 0 [(0 [0xC004F014, 0, 0], [(?)(?)(?)(?)(?)(?)])(1 )(2 )]\n17: da22eadd-46dc-4056-a287-f5041c852470, 1, 0 [(0 [0xC004F014, 0, 0], [(?)(?)(?)(?)(?)(?)])(1 )(2 )]\n18: e120e868-3df2-464a-95a0-b52fa5ada4bf, 1, 0 [(0 [0xC004F014, 0, 0], [(?)(?)(?)(?)(?)(?)])(1 )(2 )]\n19: e838d943-63ed-4a0b-9fb1-47152908acc9, 1, 1 [(0 )(1 )(2 [0x00000000, 0, 0], [( 5 0xC004F009 30 0)( 5 0xC004F009 30 0)( 1 0x00000000 0 0 msft:rm/algorithm/flags/1.0 0x00000000 0)(?)(?)( 9 0x00000000 0xC004F009)])]\n20: 4a8149bb-7d61-49f4-8822-82c7bf88d64b, 1, 0 [(0 [0xC004F014, 0, 0], [(?)(?)(?)(?)(?)(?)])(1 )(2 )]\n21: afd5f68f-b70f-4000-a21d-28dbc8be8b07, 1, 0 [(0 [0xC004F014, 0, 0], [(?)(?)(?)(?)(?)(?)])(1 )(2 )]\n\n"",""Binary"":""""}}"
329,329,2025-01-21 12:54:57+00:00,902,LogAlways,Microsoft-Windows-Security-SPP,Application,0,0,win7,2,,,,,,,,,,,,False,C:\Users\BRIANNA\OneDrive\Documents\GitHub\NSSECU3_MP2\win7_files\Logs\Application.evtx,0x80000000000000,0,"{""EventData"":{""Data"":""6.1.7601.17514"",""Binary"":""""}}"
327,327,2025-01-21 12:54:57+00:00,1066,Info,Microsoft-Windows-Security-SPP,Application,0,0,win7,2,,,,,,,,,,,,False,C:\Users\BRIANNA\OneDrive\Documents\GitHub\NSSECU3_MP2\win7_files\Logs\Application.evtx,0x80000000000000,0,"{""EventData"":{""Data"":""C:\\Windows\\system32\\sppwinob.dll, msft:spp/windowsfunctionality/agent/7.0, 0x00000000, 0x00000000\nC:\\Windows\\system32\\sppobjs.dll, msft:rm/algorithm/phone/1.0, 0x00000000, 0x00000000\nC:\\Windows\\system32\\sppobjs.dll, msft:rm/algorithm/pkey/2005, 0x00000000, 0x00000000\nC:\\Windows\\system32\\sppobjs.dll, msft:spp/TaskScheduler/1.0, 0x00000000, 0x00000000\nC:\\Windows\\system32\\sppobjs.dll, msft:spp/volume/services/kms/1.0, 0x00000000, 0x00000000\nC:\\Windows\\system32\\sppobjs.dll, msft:spp/volume/services/kms/licenserenewal/1.0, 0x00000000, 0x00000000\n"",""Binary"":""""}}"
331,331,2025-01-21 12:55:03+00:00,6000,Info,Microsoft-Windows-Winlogon,Application,0,0,win7,2,,,,,,,,,,,,False,C:\Users\BRIANNA\OneDrive\Documents\GitHub\NSSECU3_MP2\win7_files\Logs\Application.evtx,0x80000000000000,0,"{""EventData"":{""Data"":""SessionEnv"",""Binary"":""D9-06-00-00""}}"
330,330,2025-01-21 12:55:03+00:00,4104,Info,Microsoft-Windows-Winlogon,Application,0,0,win7,2,,,,,,,,,,,,False,C:\Users\BRIANNA\OneDrive\Documents\GitHub\NSSECU3_MP2\win7_files\Logs\Application.evtx,0x80000000000000,0,"{""EventData"":{""Data"":""0x00000000, 0x00000000"",""Binary"":""""}}"
332,332,2025-01-21 12:55:03+00:00,9007,Info,Desktop Window Manager,Application,0,0,win7,2,,,,,,,,,,,,False,C:\Users\BRIANNA\OneDrive\Documents\GitHub\NSSECU3_MP2\win7_files\Logs\Application.evtx,0x80000000000000,0,"{""EventData"":{""Data"":"""",""Binary"":""""}}"
111,111,2025-01-21 12:55:03.328125+00:00,5324,Info,Microsoft-Windows-GroupPolicy,Microsoft-Windows-GroupPolicy/Operational,808,820,win7,0,S-1-5-18,,,,,,,,,,,False,C:\Users\BRIANNA\OneDrive\Documents\GitHub\NSSECU3_MP2\win7_files\Logs\Microsoft-Windows-GroupPolicy_4Operational.evtx,0x4000000000000000,0,"{""EventData"":{""Data"":[{""@Name"":""NotificationType"",""#text"":""3""},{""@Name"":""SessionId"",""#text"":""1""}]}}"
10,10,2025-01-21 12:55:03.328125+00:00,22,Info,Microsoft-Windows-TerminalServices-LocalSessionManager,Microsoft-Windows-TerminalServices-LocalSessionManager/Operational,476,1604,win7,0,S-1-5-18,Remote Desktop Services: Shell start notification received,win7\student,LOCAL,,,,,,,,False,C:\Users\BRIANNA\OneDrive\Documents\GitHub\NSSECU3_MP2\win7_files\Logs\Microsoft-Windows-TerminalServices-LocalSessionManager_4Operational.evtx,0x1000000000000000,0,"{""UserData"":{""EventXML"":{""User"":""win7\\student"",""SessionID"":""1"",""Address"":""LOCAL""}}}"
244,244,2025-01-21 12:55:10.906250+00:00,4624,LogAlways,Microsoft-Windows-Security-Auditing,Security,468,520,win7,2,,Successful logon,WORKGROUP\WIN7$, (-),Target: NT AUTHORITY\SYSTEM,LogonType 5,LogonId: 0x3E7,AuthenticationPackageName: Negotiate,LogonProcessName: Advapi  ,,C:\Windows\System32\services.exe,False,C:\Users\BRIANNA\OneDrive\Documents\GitHub\NSSECU3_MP2\win7_files\Logs\Security.evtx,Audit success,0,"{""EventData"":{""Data"":[{""@Name"":""SubjectUserSid"",""#text"":""S-1-5-18""},{""@Name"":""SubjectUserName"",""#text"":""WIN7$""},{""@Name"":""SubjectDomainName"",""#text"":""WORKGROUP""},{""@Name"":""SubjectLogonId"",""#text"":""0x3E7""},{""@Name"":""TargetUserSid"",""#text"":""S-1-5-18""},{""@Name"":""TargetUserName"",""#text"":""SYSTEM""},{""@Name"":""TargetDomainName"",""#text"":""NT AUTHORITY""},{""@Name"":""TargetLogonId"",""#text"":""0x3E7""},{""@Name"":""LogonType"",""#text"":""5""},{""@Name"":""LogonProcessName"",""#text"":""Advapi  ""},{""@Name"":""AuthenticationPackageName"",""#text"":""Negotiate""},{""@Name"":""WorkstationName""},{""@Name"":""LogonGuid"",""#text"":""00000000-0000-0000-0000-000000000000""},{""@Name"":""TransmittedServices"",""#text"":""-""},{""@Name"":""LmPackageName"",""#text"":""-""},{""@Name"":""KeyLength"",""#text"":""0""},{""@Name"":""ProcessId"",""#text"":""0x1CC""},{""@Name"":""ProcessName"",""#text"":""C:\\Windows\\System32\\services.exe""},{""@Name"":""IpAddress"",""#text"":""-""},{""@Name"":""IpPort"",""#text"":""-""}]}}"
245,245,2025-01-21 12:55:10.906250+00:00,4672,LogAlways,Microsoft-Windows-Security-Auditing,Security,468,520,win7,2,,Administrative logon,NT AUTHORITY\SYSTEM (S-1-5-18),,"PrivilegeList: SeAssignPrimaryTokenPrivilege, SeTcbPrivilege, SeSecurityPrivilege, SeTakeOwnershipPrivilege, SeLoadDriverPrivilege, SeBackupPrivilege, SeRestorePrivilege, SeDebugPrivilege, SeAuditPrivilege, SeSystemEnvironmentPrivilege, SeImpersonatePrivilege",LogonId: 0x3E7,,,,,,False,C:\Users\BRIANNA\OneDrive\Documents\GitHub\NSSECU3_MP2\win7_files\Logs\Security.evtx,Audit success,0,"{""EventData"":{""Data"":[{""@Name"":""SubjectUserSid"",""#text"":""S-1-5-18""},{""@Name"":""SubjectUserName"",""#text"":""SYSTEM""},{""@Name"":""SubjectDomainName"",""#text"":""NT AUTHORITY""},{""@Name"":""SubjectLogonId"",""#text"":""0x3E7""},{""@Name"":""PrivilegeList"",""#text"":""SeAssignPrimaryTokenPrivilege, SeTcbPrivilege, SeSecurityPrivilege, SeTakeOwnershipPrivilege, SeLoadDriverPrivilege, SeBackupPrivilege, SeRestorePrivilege, SeDebugPrivilege, SeAuditPrivilege, SeSystemEnvironmentPrivilege, SeImpersonatePrivilege""}]}}"
333,333,2025-01-21 12:55:11+00:00,102,Info,ESENT,Application,0,0,win7,2,,,,,,,,,,,,False,C:\Users\BRIANNA\OneDrive\Documents\GitHub\NSSECU3_MP2\win7_files\Logs\Application.evtx,0x80000000000000,0,"{""EventData"":{""Data"":""Windows, 1588, Windows: , 0, 6, 01, 7601, 0000"",""Binary"":""""}}"
334,334,2025-01-21 12:55:11+00:00,300,Info,ESENT,Application,0,0,win7,2,,,,,,,,,,,,False,C:\Users\BRIANNA\OneDrive\Documents\GitHub\NSSECU3_MP2\win7_files\Logs\Application.evtx,0x80000000000000,0,"{""EventData"":{""Data"":""Windows, 1588, Windows: "",""Binary"":""""}}"
335,335,2025-01-21 12:55:11+00:00,301,Info,ESENT,Application,0,0,win7,2,,,,,,,,,,,,False,C:\Users\BRIANNA\OneDrive\Documents\GitHub\NSSECU3_MP2\win7_files\Logs\Application.evtx,0x80000000000000,0,"{""EventData"":{""Data"":""Windows, 1588, Windows: , C:\\ProgramData\\Microsoft\\Search\\Data\\Applications\\Windows\\MSS00004.log"",""Binary"":""""}}"
336,336,2025-01-21 12:55:11+00:00,301,Info,ESENT,Application,0,0,win7,2,,,,,,,,,,,,False,C:\Users\BRIANNA\OneDrive\Documents\GitHub\NSSECU3_MP2\win7_files\Logs\Application.evtx,0x80000000000000,0,"{""EventData"":{""Data"":""Windows, 1588, Windows: , C:\\ProgramData\\Microsoft\\Search\\Data\\Applications\\Windows\\MSS.log"",""Binary"":""""}}"
337,337,2025-01-21 12:55:11+00:00,302,Info,ESENT,Application,0,0,win7,2,,,,,,,,,,,,False,C:\Users\BRIANNA\OneDrive\Documents\GitHub\NSSECU3_MP2\win7_files\Logs\Application.evtx,0x80000000000000,0,"{""EventData"":{""Data"":""Windows, 1588, Windows: "",""Binary"":""""}}"
694,694,2025-01-21 12:55:11.218750+00:00,7036,Info,Service Control Manager,System,460,1692,win7,4,,Service started or stopped,,,Name: Network Connections | Network Connections,Status: running,,,,,,False,C:\Users\BRIANNA\OneDrive\Documents\GitHub\NSSECU3_MP2\win7_files\Logs\System.evtx,"Audit success, classic",0,"{""EventData"":{""Data"":[{""@Name"":""param1"",""#text"":""Network Connections""},{""@Name"":""param2"",""#text"":""running""}],""Binary"":""4E-00-65-00-74-00-6D-00-61-00-6E-00-2F-00-34-00-00-00""}}"
338,338,2025-01-21 12:55:12+00:00,1003,Info,Microsoft-Windows-Search,Application,0,0,win7,2,,,,,,,,,,,,False,C:\Users\BRIANNA\OneDrive\Documents\GitHub\NSSECU3_MP2\win7_files\Logs\Application.evtx,0x80000000000000,0,"{""EventData"":{""Data"":{""@Name"":""ExtraInfo"",""#text"":"", ""}}}"
695,695,2025-01-21 12:55:12.171875+00:00,7036,Info,Service Control Manager,System,460,1692,win7,4,,Service started or stopped,,,Name: Windows Search | Windows Search,Status: running,,,,,,False,C:\Users\BRIANNA\OneDrive\Documents\GitHub\NSSECU3_MP2\win7_files\Logs\System.evtx,"Audit success, classic",0,"{""EventData"":{""Data"":[{""@Name"":""param1"",""#text"":""Windows Search""},{""@Name"":""param2"",""#text"":""running""}],""Binary"":""57-00-53-00-65-00-61-00-72-00-63-00-68-00-2F-00-34-00-00-00""}}"
339,339,2025-01-21 12:55:27+00:00,10,Error,Microsoft-Windows-WMI,Application,0,0,win7,2,,,,,,,,,,,,False,C:\Users\BRIANNA\OneDrive\Documents\GitHub\NSSECU3_MP2\win7_files\Logs\Application.evtx,0x80000000000000,0,"{""EventData"":{""Data"":""//./root/CIMV2, SELECT * FROM __InstanceModificationEvent WITHIN 60 WHERE TargetInstance ISA \""Win32_Processor\"" AND TargetInstance.LoadPercentage &gt; 99, 0x80041003"",""Binary"":""""}}"
696,696,2025-01-21 12:55:41.375000+00:00,7036,Info,Service Control Manager,System,460,1692,win7,4,,Service started or stopped,,,Name: Background Intelligent Transfer Service | Background Intelligent Transfer Service,Status: running,,,,,,False,C:\Users\BRIANNA\OneDrive\Documents\GitHub\NSSECU3_MP2\win7_files\Logs\System.evtx,"Audit success, classic",0,"{""EventData"":{""Data"":[{""@Name"":""param1"",""#text"":""Background Intelligent Transfer Service""},{""@Name"":""param2"",""#text"":""running""}],""Binary"":""42-00-49-00-54-00-53-00-2F-00-34-00-00-00""}}"
697,697,2025-01-21 12:55:41.750000+00:00,7036,Info,Service Control Manager,System,460,1692,win7,4,,Service started or stopped,,,Name: Windows Font Cache Service | Windows Font Cache Service,Status: running,,,,,,False,C:\Users\BRIANNA\OneDrive\Documents\GitHub\NSSECU3_MP2\win7_files\Logs\System.evtx,"Audit success, classic",0,"{""EventData"":{""Data"":[{""@Name"":""param1"",""#text"":""Windows Font Cache Service""},{""@Name"":""param2"",""#text"":""running""}],""Binary"":""46-00-6F-00-6E-00-74-00-43-00-61-00-63-00-68-00-65-00-2F-00-34-00-00-00""}}"
698,698,2025-01-21 12:55:41.765625+00:00,7036,Info,Service Control Manager,System,460,1692,win7,4,,Service started or stopped,,,Name: SSDP Discovery | SSDP Discovery,Status: running,,,,,,False,C:\Users\BRIANNA\OneDrive\Documents\GitHub\NSSECU3_MP2\win7_files\Logs\System.evtx,"Audit success, classic",0,"{""EventData"":{""Data"":[{""@Name"":""param1"",""#text"":""SSDP Discovery""},{""@Name"":""param2"",""#text"":""running""}],""Binary"":""53-00-53-00-44-00-50-00-53-00-52-00-56-00-2F-00-34-00-00-00""}}"
246,246,2025-01-21 12:55:41.781250+00:00,4624,LogAlways,Microsoft-Windows-Security-Auditing,Security,468,520,win7,2,,Successful logon,WORKGROUP\WIN7$, (-),Target: NT AUTHORITY\SYSTEM,LogonType 5,LogonId: 0x3E7,AuthenticationPackageName: Negotiate,LogonProcessName: Advapi  ,,C:\Windows\System32\services.exe,False,C:\Users\BRIANNA\OneDrive\Documents\GitHub\NSSECU3_MP2\win7_files\Logs\Security.evtx,Audit success,0,"{""EventData"":{""Data"":[{""@Name"":""SubjectUserSid"",""#text"":""S-1-5-18""},{""@Name"":""SubjectUserName"",""#text"":""WIN7$""},{""@Name"":""SubjectDomainName"",""#text"":""WORKGROUP""},{""@Name"":""SubjectLogonId"",""#text"":""0x3E7""},{""@Name"":""TargetUserSid"",""#text"":""S-1-5-18""},{""@Name"":""TargetUserName"",""#text"":""SYSTEM""},{""@Name"":""TargetDomainName"",""#text"":""NT AUTHORITY""},{""@Name"":""TargetLogonId"",""#text"":""0x3E7""},{""@Name"":""LogonType"",""#text"":""5""},{""@Name"":""LogonProcessName"",""#text"":""Advapi  ""},{""@Name"":""AuthenticationPackageName"",""#text"":""Negotiate""},{""@Name"":""WorkstationName""},{""@Name"":""LogonGuid"",""#text"":""00000000-0000-0000-0000-000000000000""},{""@Name"":""TransmittedServices"",""#text"":""-""},{""@Name"":""LmPackageName"",""#text"":""-""},{""@Name"":""KeyLength"",""#text"":""0""},{""@Name"":""ProcessId"",""#text"":""0x1CC""},{""@Name"":""ProcessName"",""#text"":""C:\\Windows\\System32\\services.exe""},{""@Name"":""IpAddress"",""#text"":""-""},{""@Name"":""IpPort"",""#text"":""-""}]}}"
247,247,2025-01-21 12:55:41.781250+00:00,4672,LogAlways,Microsoft-Windows-Security-Auditing,Security,468,520,win7,2,,Administrative logon,NT AUTHORITY\SYSTEM (S-1-5-18),,"PrivilegeList: SeAssignPrimaryTokenPrivilege, SeTcbPrivilege, SeSecurityPrivilege, SeTakeOwnershipPrivilege, SeLoadDriverPrivilege, SeBackupPrivilege, SeRestorePrivilege, SeDebugPrivilege, SeAuditPrivilege, SeSystemEnvironmentPrivilege, SeImpersonatePrivilege",LogonId: 0x3E7,,,,,,False,C:\Users\BRIANNA\OneDrive\Documents\GitHub\NSSECU3_MP2\win7_files\Logs\Security.evtx,Audit success,0,"{""EventData"":{""Data"":[{""@Name"":""SubjectUserSid"",""#text"":""S-1-5-18""},{""@Name"":""SubjectUserName"",""#text"":""SYSTEM""},{""@Name"":""SubjectDomainName"",""#text"":""NT AUTHORITY""},{""@Name"":""SubjectLogonId"",""#text"":""0x3E7""},{""@Name"":""PrivilegeList"",""#text"":""SeAssignPrimaryTokenPrivilege, SeTcbPrivilege, SeSecurityPrivilege, SeTakeOwnershipPrivilege, SeLoadDriverPrivilege, SeBackupPrivilege, SeRestorePrivilege, SeDebugPrivilege, SeAuditPrivilege, SeSystemEnvironmentPrivilege, SeImpersonatePrivilege""}]}}"
4,4,2025-01-21 12:55:41.937500+00:00,306,Verbose,Microsoft-Windows-Bits-Client,Microsoft-Windows-Bits-Client/Operational,808,824,win7,0,S-1-5-18,,,,,,,,,,,False,C:\Users\BRIANNA\OneDrive\Documents\GitHub\NSSECU3_MP2\win7_files\Logs\Microsoft-Windows-Bits-Client_4Operational.evtx,0x4000000000000000,0,"{""EventData"":""""}"
699,699,2025-01-21 12:55:42.187500+00:00,7036,Info,Service Control Manager,System,460,1692,win7,4,,Service started or stopped,,,Name: Windows Defender | Windows Defender,Status: running,,,,,,False,C:\Users\BRIANNA\OneDrive\Documents\GitHub\NSSECU3_MP2\win7_files\Logs\System.evtx,"Audit success, classic",0,"{""EventData"":{""Data"":[{""@Name"":""param1"",""#text"":""Windows Defender""},{""@Name"":""param2"",""#text"":""running""}],""Binary"":""57-00-69-00-6E-00-44-00-65-00-66-00-65-00-6E-00-64-00-2F-00-34-00-00-00""}}"
11,11,2025-01-21 12:55:42.453125+00:00,101,LogAlways,Microsoft-Windows-Windows Defender,Microsoft-Windows-Windows Defender/WHC,1960,1952,win7,0,S-1-5-18,,,,,,,,,,,False,C:\Users\BRIANNA\OneDrive\Documents\GitHub\NSSECU3_MP2\win7_files\Logs\Microsoft-Windows-Windows Defender_4WHC.evtx,0x4000000000000000,0,"{""EventData"":{""Data"":{""@Name"":""hc_stateid"",""#text"":""10""}}}"
700,700,2025-01-21 12:55:42.640625+00:00,7036,Info,Service Control Manager,System,460,1692,win7,4,,Service started or stopped,,,Name: Security Center | Security Center,Status: running,,,,,,False,C:\Users\BRIANNA\OneDrive\Documents\GitHub\NSSECU3_MP2\win7_files\Logs\System.evtx,"Audit success, classic",0,"{""EventData"":{""Data"":[{""@Name"":""param1"",""#text"":""Security Center""},{""@Name"":""param2"",""#text"":""running""}],""Binary"":""77-00-73-00-63-00-73-00-76-00-63-00-2F-00-34-00-00-00""}}"
340,340,2025-01-21 12:55:43+00:00,1,Info,SecurityCenter,Application,0,0,win7,2,,,,,,,,,,,,False,C:\Users\BRIANNA\OneDrive\Documents\GitHub\NSSECU3_MP2\win7_files\Logs\Application.evtx,0x80000000000000,0,"{""EventData"":{""Data"":"""",""Binary"":""""}}"
701,701,2025-01-21 12:55:44.515625+00:00,7036,Info,Service Control Manager,System,460,1692,win7,4,,Service started or stopped,,,Name: Windows Update | Windows Update,Status: running,,,,,,False,C:\Users\BRIANNA\OneDrive\Documents\GitHub\NSSECU3_MP2\win7_files\Logs\System.evtx,"Audit success, classic",0,"{""EventData"":{""Data"":[{""@Name"":""param1"",""#text"":""Windows Update""},{""@Name"":""param2"",""#text"":""running""}],""Binary"":""77-00-75-00-61-00-75-00-73-00-65-00-72-00-76-00-2F-00-34-00-00-00""}}"
248,248,2025-01-21 12:55:45.140625+00:00,4672,LogAlways,Microsoft-Windows-Security-Auditing,Security,468,520,win7,2,,Administrative logon,win7\student (S-1-5-21-2630035287-469658536-4158816484-1000),,"PrivilegeList: SeSecurityPrivilege, SeBackupPrivilege, SeRestorePrivilege, SeTakeOwnershipPrivilege, SeDebugPrivilege, SeSystemEnvironmentPrivilege, SeLoadDriverPrivilege, SeImpersonatePrivilege",LogonId: 0x2C30E,,,,,,False,C:\Users\BRIANNA\OneDrive\Documents\GitHub\NSSECU3_MP2\win7_files\Logs\Security.evtx,Audit success,0,"{""EventData"":{""Data"":[{""@Name"":""SubjectUserSid"",""#text"":""S-1-5-21-2630035287-469658536-4158816484-1000""},{""@Name"":""SubjectUserName"",""#text"":""student""},{""@Name"":""SubjectDomainName"",""#text"":""win7""},{""@Name"":""SubjectLogonId"",""#text"":""0x2C30E""},{""@Name"":""PrivilegeList"",""#text"":""SeSecurityPrivilege, SeBackupPrivilege, SeRestorePrivilege, SeTakeOwnershipPrivilege, SeDebugPrivilege, SeSystemEnvironmentPrivilege, SeLoadDriverPrivilege, SeImpersonatePrivilege""}]}}"
249,249,2025-01-21 12:55:45.140625+00:00,4672,LogAlways,Microsoft-Windows-Security-Auditing,Security,468,520,win7,2,,Administrative logon,win7\student (S-1-5-21-2630035287-469658536-4158816484-1000),,"PrivilegeList: SeSecurityPrivilege, SeTakeOwnershipPrivilege, SeLoadDriverPrivilege, SeBackupPrivilege, SeRestorePrivilege, SeDebugPrivilege, SeSystemEnvironmentPrivilege, SeImpersonatePrivilege",LogonId: 0x2C30E,,,,,,False,C:\Users\BRIANNA\OneDrive\Documents\GitHub\NSSECU3_MP2\win7_files\Logs\Security.evtx,Audit success,0,"{""EventData"":{""Data"":[{""@Name"":""SubjectUserSid"",""#text"":""S-1-5-21-2630035287-469658536-4158816484-1000""},{""@Name"":""SubjectUserName"",""#text"":""student""},{""@Name"":""SubjectDomainName"",""#text"":""win7""},{""@Name"":""SubjectLogonId"",""#text"":""0x2C30E""},{""@Name"":""PrivilegeList"",""#text"":""SeSecurityPrivilege, SeTakeOwnershipPrivilege, SeLoadDriverPrivilege, SeBackupPrivilege, SeRestorePrivilege, SeDebugPrivilege, SeSystemEnvironmentPrivilege, SeImpersonatePrivilege""}]}}"
250,250,2025-01-21 12:55:45.140625+00:00,4624,LogAlways,Microsoft-Windows-Security-Auditing,Security,468,520,win7,2,,Successful logon,-\-,DESKTOP-O5RHV82 (10.2.200.133),Target: win7\student,LogonType 3,LogonId: 0x2C30E,AuthenticationPackageName: NTLM,LogonProcessName: NtLmSsp ,,-,False,C:\Users\BRIANNA\OneDrive\Documents\GitHub\NSSECU3_MP2\win7_files\Logs\Security.evtx,Audit success,0,"{""EventData"":{""Data"":[{""@Name"":""SubjectUserSid"",""#text"":""S-1-0-0""},{""@Name"":""SubjectUserName"",""#text"":""-""},{""@Name"":""SubjectDomainName"",""#text"":""-""},{""@Name"":""SubjectLogonId"",""#text"":""0x0""},{""@Name"":""TargetUserSid"",""#text"":""S-1-5-21-2630035287-469658536-4158816484-1000""},{""@Name"":""TargetUserName"",""#text"":""student""},{""@Name"":""TargetDomainName"",""#text"":""win7""},{""@Name"":""TargetLogonId"",""#text"":""0x2C30E""},{""@Name"":""LogonType"",""#text"":""3""},{""@Name"":""LogonProcessName"",""#text"":""NtLmSsp ""},{""@Name"":""AuthenticationPackageName"",""#text"":""NTLM""},{""@Name"":""WorkstationName"",""#text"":""DESKTOP-O5RHV82""},{""@Name"":""LogonGuid"",""#text"":""00000000-0000-0000-0000-000000000000""},{""@Name"":""TransmittedServices"",""#text"":""-""},{""@Name"":""LmPackageName"",""#text"":""NTLM V2""},{""@Name"":""KeyLength"",""#text"":""128""},{""@Name"":""ProcessId"",""#text"":""0x0""},{""@Name"":""ProcessName"",""#text"":""-""},{""@Name"":""IpAddress"",""#text"":""10.2.200.133""},{""@Name"":""IpPort"",""#text"":""50734""}]}}"
12,12,2025-01-21 12:55:45.531250+00:00,101,LogAlways,Microsoft-Windows-Windows Defender,Microsoft-Windows-Windows Defender/WHC,1960,1992,win7,0,S-1-5-18,,,,,,,,,,,False,C:\Users\BRIANNA\OneDrive\Documents\GitHub\NSSECU3_MP2\win7_files\Logs\Microsoft-Windows-Windows Defender_4WHC.evtx,0x4000000000000000,0,"{""EventData"":{""Data"":{""@Name"":""hc_stateid"",""#text"":""10""}}}"
21,21,2025-01-21 12:56:34.671875+00:00,105,Info,Microsoft-Windows-Diagnosis-DPS,Microsoft-Windows-Diagnosis-DPS/Operational,992,260,win7,0,S-1-5-19,,,,,,,,,,,False,C:\Users\BRIANNA\OneDrive\Documents\GitHub\NSSECU3_MP2\win7_files\Logs\Microsoft-Windows-Diagnosis-DPS_4Operational.evtx,0x4000000800000000,0,"{""EventData"":{""Data"":[{""@Name"":""ScenarioId"",""#text"":""86432a0b-3c7d-4ddf-a89c-172faa90485d""},{""@Name"":""InstanceId"",""#text"":""0a7ccaf8-7582-4327-9c1a-e42f3c4da2b6""},{""@Name"":""OriginalActivityId"",""#text"":""86432a0b-3c7d-4ddf-a89c-172faa90485d""},{""@Name"":""DiagnosticModuleImageName"",""#text"":""%SystemRoot%\\system32\\diagperf.dll""},{""@Name"":""DiagnosticModuleId"",""#text"":""c8544339-5be9-4f25-862e-485f1b1a6935""}]}}"
20,20,2025-01-21 12:56:34.671875+00:00,100,Info,Microsoft-Windows-Diagnosis-DPS,Microsoft-Windows-Diagnosis-DPS/Operational,992,260,win7,0,S-1-5-19,,,,,,,,,,,False,C:\Users\BRIANNA\OneDrive\Documents\GitHub\NSSECU3_MP2\win7_files\Logs\Microsoft-Windows-Diagnosis-DPS_4Operational.evtx,0x4000000800000000,0,"{""EventData"":{""Data"":[{""@Name"":""ScenarioId"",""#text"":""86432a0b-3c7d-4ddf-a89c-172faa90485d""},{""@Name"":""InstanceId"",""#text"":""0a7ccaf8-7582-4327-9c1a-e42f3c4da2b6""},{""@Name"":""OriginalActivityId"",""#text"":""86432a0b-3c7d-4ddf-a89c-172faa90485d""},{""@Name"":""DiagnosticModuleImageName"",""#text"":""%SystemRoot%\\system32\\diagperf.dll""},{""@Name"":""DiagnosticModuleId"",""#text"":""c8544339-5be9-4f25-862e-485f1b1a6935""}]}}"
4,4,2025-01-21 12:56:34.875000+00:00,200,Warning,Microsoft-Windows-Diagnostics-Performance,Microsoft-Windows-Diagnostics-Performance/Operational,992,1404,win7,0,S-1-5-19,Windows System was shutdown,,,ShutdownStartTime: 2025-01-20 23:11:33.2202647,ShutdownEndTime: 2025-01-20 23:11:38.9218750,ShutdownTime: 5701ms,,,,,False,C:\Users\BRIANNA\OneDrive\Documents\GitHub\NSSECU3_MP2\win7_files\Logs\Microsoft-Windows-Diagnostics-Performance_4Operational.evtx,0x8000000000010000,0,"{""EventData"":{""Data"":[{""@Name"":""ShutdownTsVersion"",""#text"":""1""},{""@Name"":""ShutdownStartTime"",""#text"":""2025-01-20 23:11:33.2202647""},{""@Name"":""ShutdownEndTime"",""#text"":""2025-01-20 23:11:38.9218750""},{""@Name"":""ShutdownTime"",""#text"":""5701""},{""@Name"":""ShutdownUserSessionTime"",""#text"":""1246""},{""@Name"":""ShutdownUserPolicyTime"",""#text"":""0""},{""@Name"":""ShutdownUserProfilesTime"",""#text"":""96""},{""@Name"":""ShutdownSystemSessionsTime"",""#text"":""2708""},{""@Name"":""ShutdownPreShutdownNotificationsTime"",""#text"":""231""},{""@Name"":""ShutdownServicesTime"",""#text"":""2311""},{""@Name"":""ShutdownKernelTime"",""#text"":""1746""},{""@Name"":""ShutdownRootCauseStepImprovementBits"",""#text"":""0""},{""@Name"":""ShutdownRootCauseGradualImprovementBits"",""#text"":""0""},{""@Name"":""ShutdownRootCauseStepDegradationBits"",""#text"":""0""},{""@Name"":""ShutdownRootCauseGradualDegradationBits"",""#text"":""0""},{""@Name"":""ShutdownIsDegradation"",""#text"":""False""},{""@Name"":""ShutdownTimeChange"",""#text"":""0""}]}}"
22,22,2025-01-21 12:56:34.890625+00:00,110,Info,Microsoft-Windows-Diagnosis-DPS,Microsoft-Windows-Diagnosis-DPS/Operational,992,1404,win7,0,S-1-5-19,,,,,,,,,,,False,C:\Users\BRIANNA\OneDrive\Documents\GitHub\NSSECU3_MP2\win7_files\Logs\Microsoft-Windows-Diagnosis-DPS_4Operational.evtx,0x4000000800000000,0,"{""EventData"":{""Data"":[{""@Name"":""ScenarioId"",""#text"":""2698178d-fdad-40ae-9d3c-1371703adc5b""},{""@Name"":""InstanceId"",""#text"":""e7841df0-d603-4797-99ad-97364624cf6c""},{""@Name"":""OriginalActivityId"",""#text"":""2698178d-fdad-40ae-9d3c-1371703adc5b""},{""@Name"":""DiagnosticModuleImageName"",""#text"":""%SystemRoot%\\system32\\diagperf.dll""},{""@Name"":""DiagnosticModuleId"",""#text"":""15fba3b8-a37a-4f91-bdba-fbb98fe804bf""}]}}"
251,251,2025-01-21 12:56:34.906250+00:00,4624,LogAlways,Microsoft-Windows-Security-Auditing,Security,468,1032,win7,2,,Successful logon,-\-,DESKTOP-O5RHV82 (10.2.200.133),Target: NT AUTHORITY\ANONYMOUS LOGON,LogonType 3,LogonId: 0x2DBA6,AuthenticationPackageName: NTLM,LogonProcessName: NtLmSsp ,,-,False,C:\Users\BRIANNA\OneDrive\Documents\GitHub\NSSECU3_MP2\win7_files\Logs\Security.evtx,Audit success,0,"{""EventData"":{""Data"":[{""@Name"":""SubjectUserSid"",""#text"":""S-1-0-0""},{""@Name"":""SubjectUserName"",""#text"":""-""},{""@Name"":""SubjectDomainName"",""#text"":""-""},{""@Name"":""SubjectLogonId"",""#text"":""0x0""},{""@Name"":""TargetUserSid"",""#text"":""S-1-5-7""},{""@Name"":""TargetUserName"",""#text"":""ANONYMOUS LOGON""},{""@Name"":""TargetDomainName"",""#text"":""NT AUTHORITY""},{""@Name"":""TargetLogonId"",""#text"":""0x2DBA6""},{""@Name"":""LogonType"",""#text"":""3""},{""@Name"":""LogonProcessName"",""#text"":""NtLmSsp ""},{""@Name"":""AuthenticationPackageName"",""#text"":""NTLM""},{""@Name"":""WorkstationName"",""#text"":""DESKTOP-O5RHV82""},{""@Name"":""LogonGuid"",""#text"":""00000000-0000-0000-0000-000000000000""},{""@Name"":""TransmittedServices"",""#text"":""-""},{""@Name"":""LmPackageName"",""#text"":""NTLM V1""},{""@Name"":""KeyLength"",""#text"":""128""},{""@Name"":""ProcessId"",""#text"":""0x0""},{""@Name"":""ProcessName"",""#text"":""-""},{""@Name"":""IpAddress"",""#text"":""10.2.200.133""},{""@Name"":""IpPort"",""#text"":""50734""}]}}"
252,252,2025-01-21 12:56:34.937500+00:00,4634,LogAlways,Microsoft-Windows-Security-Auditing,Security,468,1032,win7,2,,An account was logged off,,,Target: NT AUTHORITY\ANONYMOUS LOGON,LogonType 3,LogonId: 0x2DBA6,,,,,False,C:\Users\BRIANNA\OneDrive\Documents\GitHub\NSSECU3_MP2\win7_files\Logs\Security.evtx,Audit success,0,"{""EventData"":{""Data"":[{""@Name"":""TargetUserSid"",""#text"":""S-1-5-7""},{""@Name"":""TargetUserName"",""#text"":""ANONYMOUS LOGON""},{""@Name"":""TargetDomainName"",""#text"":""NT AUTHORITY""},{""@Name"":""TargetLogonId"",""#text"":""0x2DBA6""},{""@Name"":""LogonType"",""#text"":""3""}]}}"
5,5,2025-01-21 12:56:35.031250+00:00,100,Warning,Microsoft-Windows-Diagnostics-Performance,Microsoft-Windows-Diagnostics-Performance/Operational,992,1680,win7,0,S-1-5-19,Windows System was started,,,BootStartTime: 2025-01-21 12:53:27.7343750,BootEndTime: 2025-01-21 12:56:33.7031250,BootTime: 34962ms,,,,,False,C:\Users\BRIANNA\OneDrive\Documents\GitHub\NSSECU3_MP2\win7_files\Logs\Microsoft-Windows-Diagnostics-Performance_4Operational.evtx,0x8000000000010000,0,"{""EventData"":{""Data"":[{""@Name"":""BootTsVersion"",""#text"":""2""},{""@Name"":""BootStartTime"",""#text"":""2025-01-21 12:53:27.7343750""},{""@Name"":""BootEndTime"",""#text"":""2025-01-21 12:56:33.7031250""},{""@Name"":""SystemBootInstance"",""#text"":""8""},{""@Name"":""UserBootInstance"",""#text"":""3""},{""@Name"":""BootTime"",""#text"":""34962""},{""@Name"":""MainPathBootTime"",""#text"":""21062""},{""@Name"":""BootKernelInitTime"",""#text"":""13""},{""@Name"":""BootDriverInitTime"",""#text"":""504""},{""@Name"":""BootDevicesInitTime"",""#text"":""1928""},{""@Name"":""BootPrefetchInitTime"",""#text"":""0""},{""@Name"":""BootPrefetchBytes"",""#text"":""0""},{""@Name"":""BootAutoChkTime"",""#text"":""0""},{""@Name"":""BootSmssInitTime"",""#text"":""3262""},{""@Name"":""BootCriticalServicesInitTime"",""#text"":""3233""},{""@Name"":""BootUserProfileProcessingTime"",""#text"":""7938""},{""@Name"":""BootMachineProfileProcessingTime"",""#text"":""0""},{""@Name"":""BootExplorerInitTime"",""#text"":""1665""},{""@Name"":""BootNumStartupApps"",""#text"":""0""},{""@Name"":""BootPostBootTime"",""#text"":""13900""},{""@Name"":""BootIsRebootAfterInstall"",""#text"":""False""},{""@Name"":""BootRootCauseStepImprovementBits"",""#text"":""260""},{""@Name"":""BootRootCauseGradualImprovementBits"",""#text"":""256""},{""@Name"":""BootRootCauseStepDegradationBits"",""#text"":""2097152""},{""@Name"":""BootRootCauseGradualDegradationBits"",""#text"":""2097152""},{""@Name"":""BootIsDegradation"",""#text"":""False""},{""@Name"":""BootIsStepDegradation"",""#text"":""False""},{""@Name"":""BootIsGradualDegradation"",""#text"":""False""},{""@Name"":""BootImprovementDelta"",""#text"":""0""},{""@Name"":""BootDegradationDelta"",""#text"":""0""},{""@Name"":""BootIsRootCauseIdentified"",""#text"":""True""},{""@Name"":""OSLoaderDuration"",""#text"":""12269""},{""@Name"":""BootPNPInitStartTimeMS"",""#text"":""13""},{""@Name"":""BootPNPInitDuration"",""#text"":""1956""},{""@Name"":""OtherKernelInitDuration"",""#text"":""726""},{""@Name"":""SystemPNPInitStartTimeMS"",""#text"":""2606""},{""@Name"":""SystemPNPInitDuration"",""#text"":""475""},{""@Name"":""SessionInitStartTimeMS"",""#text"":""3159""},{""@Name"":""Session0InitDuration"",""#text"":""578""},{""@Name"":""Session1InitDuration"",""#text"":""126""},{""@Name"":""SessionInitOtherDuration"",""#text"":""2556""},{""@Name"":""WinLogonStartTimeMS"",""#text"":""6421""},{""@Name"":""OtherLogonInitActivityDuration"",""#text"":""5036""},{""@Name"":""UserLogonWaitDuration"",""#text"":""76200""}]}}"
7,7,2025-01-21 12:56:35.031250+00:00,108,Warning,Microsoft-Windows-Diagnostics-Performance,Microsoft-Windows-Diagnostics-Performance/Operational,992,1680,win7,0,S-1-5-19,,,,,,,,,,,False,C:\Users\BRIANNA\OneDrive\Documents\GitHub\NSSECU3_MP2\win7_files\Logs\Microsoft-Windows-Diagnostics-Performance_4Operational.evtx,0x8000000000010000,0,"{""EventData"":{""Data"":[{""@Name"":""StartTime"",""#text"":""2025-01-21 12:53:27.7343750""},{""@Name"":""NameLength"",""#text"":""13""},{""@Name"":""Name"",""#text"":""PreShellInit""},{""@Name"":""TotalTime"",""#text"":""7938""},{""@Name"":""DegradationTime"",""#text"":""3938""}]}}"
6,6,2025-01-21 12:56:35.031250+00:00,103,Warning,Microsoft-Windows-Diagnostics-Performance,Microsoft-Windows-Diagnostics-Performance/Operational,992,1680,win7,0,S-1-5-19,,,,,,,,,,,False,C:\Users\BRIANNA\OneDrive\Documents\GitHub\NSSECU3_MP2\win7_files\Logs\Microsoft-Windows-Diagnostics-Performance_4Operational.evtx,0x8000000000010000,0,"{""EventData"":{""Data"":[{""@Name"":""StartTime"",""#text"":""2025-01-21 12:53:27.7343750""},{""@Name"":""NameLength"",""#text"":""8""},{""@Name"":""Name"",""#text"":""profsvc""},{""@Name"":""FriendlyNameLength"",""#text"":""8""},{""@Name"":""FriendlyName"",""#text"":""ProfSvc""},{""@Name"":""VersionLength"",""#text"":""38""},{""@Name"":""Version"",""#text"":""6.1.7600.16385 (win7_rtm.090713-1255)""},{""@Name"":""TotalTime"",""#text"":""581""},{""@Name"":""DegradationTime"",""#text"":""354""},{""@Name"":""PathLength"",""#text"":""32""},{""@Name"":""Path"",""#text"":""C:\\Windows\\system32\\profsvc.dll""},{""@Name"":""ProductNameLength"",""#text"":""37""},{""@Name"":""ProductName"",""#text"":""Microsoft Windows Operating System""},{""@Name"":""CompanyNameLength"",""#text"":""22""},{""@Name"":""CompanyName"",""#text"":""Microsoft Corporation""}]}}"
23,23,2025-01-21 12:56:35.046875+00:00,110,Info,Microsoft-Windows-Diagnosis-DPS,Microsoft-Windows-Diagnosis-DPS/Operational,992,1404,win7,0,S-1-5-19,,,,,,,,,,,False,C:\Users\BRIANNA\OneDrive\Documents\GitHub\NSSECU3_MP2\win7_files\Logs\Microsoft-Windows-Diagnosis-DPS_4Operational.evtx,0x4000000800000000,0,"{""EventData"":{""Data"":[{""@Name"":""ScenarioId"",""#text"":""86432a0b-3c7d-4ddf-a89c-172faa90485d""},{""@Name"":""InstanceId"",""#text"":""0a7ccaf8-7582-4327-9c1a-e42f3c4da2b6""},{""@Name"":""OriginalActivityId"",""#text"":""86432a0b-3c7d-4ddf-a89c-172faa90485d""},{""@Name"":""DiagnosticModuleImageName"",""#text"":""%SystemRoot%\\system32\\diagperf.dll""},{""@Name"":""DiagnosticModuleId"",""#text"":""c8544339-5be9-4f25-862e-485f1b1a6935""}]}}"
15,15,2025-01-21 12:56:35.156250+00:00,42,Info,Microsoft-Windows-WindowsUpdateClient,Microsoft-Windows-WindowsUpdateClient/Operational,808,456,win7,0,S-1-5-18,,,,,,,,,,,False,C:\Users\BRIANNA\OneDrive\Documents\GitHub\NSSECU3_MP2\win7_files\Logs\Microsoft-Windows-WindowsUpdateClient_4Operational.evtx,0x4000000000000480,0,"{""EventData"":{""Data"":[{""@Name"":""hc_stateid"",""#text"":""0""},{""@Name"":""restartDate""},{""@Name"":""restartTime""}]}}"
14,14,2025-01-21 12:56:35.156250+00:00,42,Info,Microsoft-Windows-WindowsUpdateClient,Microsoft-Windows-WindowsUpdateClient/Operational,808,456,win7,0,S-1-5-18,,,,,,,,,,,False,C:\Users\BRIANNA\OneDrive\Documents\GitHub\NSSECU3_MP2\win7_files\Logs\Microsoft-Windows-WindowsUpdateClient_4Operational.evtx,0x4000000000000480,0,"{""EventData"":{""Data"":[{""@Name"":""hc_stateid"",""#text"":""0""},{""@Name"":""restartDate""},{""@Name"":""restartTime""}]}}"
16,16,2025-01-21 12:56:35.156250+00:00,30,Info,Microsoft-Windows-WindowsUpdateClient,Microsoft-Windows-WindowsUpdateClient/Operational,808,456,win7,0,S-1-5-18,,,,,,,,,,,False,C:\Users\BRIANNA\OneDrive\Documents\GitHub\NSSECU3_MP2\win7_files\Logs\Microsoft-Windows-WindowsUpdateClient_4Operational.evtx,0x4000000000000001,0,"{""EventData"":""""}"
3,3,2025-01-21 12:56:40.109375+00:00,100,Info,Microsoft-Windows-WindowsBackup,Microsoft-Windows-WindowsBackup/ActionCenter,1576,1880,win7,0,S-1-5-19,,,,,,,,,,,False,C:\Users\BRIANNA\OneDrive\Documents\GitHub\NSSECU3_MP2\win7_files\Logs\Microsoft-Windows-WindowsBackup_4ActionCenter.evtx,Classic,0,"{""EventData"":{""Data"":[{""@Name"":""hc_stateid"",""#text"":""1""},{""@Name"":""pwszTimeStamp""}]}}"
702,702,2025-01-21 12:56:52.671875+00:00,7036,Info,Service Control Manager,System,460,560,win7,4,,Service started or stopped,,,Name: Application Experience | Application Experience,Status: running,,,,,,False,C:\Users\BRIANNA\OneDrive\Documents\GitHub\NSSECU3_MP2\win7_files\Logs\System.evtx,"Audit success, classic",0,"{""EventData"":{""Data"":[{""@Name"":""param1"",""#text"":""Application Experience""},{""@Name"":""param2"",""#text"":""running""}],""Binary"":""41-00-65-00-4C-00-6F-00-6F-00-6B-00-75-00-70-00-53-00-76-00-63-00-2F-00-34-00-00-00""}}"
703,703,2025-01-21 12:56:55.765625+00:00,7036,Info,Service Control Manager,System,460,560,win7,4,,Service started or stopped,,,Name: Portable Device Enumerator Service | Portable Device Enumerator Service,Status: stopped,,,,,,False,C:\Users\BRIANNA\OneDrive\Documents\GitHub\NSSECU3_MP2\win7_files\Logs\System.evtx,"Audit success, classic",0,"{""EventData"":{""Data"":[{""@Name"":""param1"",""#text"":""Portable Device Enumerator Service""},{""@Name"":""param2"",""#text"":""stopped""}],""Binary"":""57-00-50-00-44-00-42-00-75-00-73-00-45-00-6E-00-75-00-6D-00-2F-00-31-00-00-00""}}"
342,342,2025-01-21 12:57:01.078125+00:00,4097,Info,Microsoft-Windows-CAPI2,Application,1016,1988,win7,2,,,,,,,,,,,,False,C:\Users\BRIANNA\OneDrive\Documents\GitHub\NSSECU3_MP2\win7_files\Logs\Application.evtx,"Audit success, classic",0,"{""EventData"":{""Data"":""CN=DigiCert Assured ID Root CA, OU=www.digicert.com, O=DigiCert Inc, C=US, 0563B8630D62D75ABBC8AB1E4BDFB5A899B24D43"",""Binary"":""""}}"
341,341,2025-01-21 12:57:01.078125+00:00,4107,Error,Microsoft-Windows-CAPI2,Application,1016,1988,win7,2,,,,,,,,,,,,False,C:\Users\BRIANNA\OneDrive\Documents\GitHub\NSSECU3_MP2\win7_files\Logs\Application.evtx,"Audit success, classic",0,"{""EventData"":{""Data"":""http://www.download.windowsupdate.com/msdownload/update/v3/static/trustedr/en/authrootstl.cab, A required certificate is not within its validity period when verifying against the current system clock or the timestamp in the signed file.\n"",""Binary"":""""}}"
343,343,2025-01-21 12:57:01.390625+00:00,4107,Error,Microsoft-Windows-CAPI2,Application,1016,2132,win7,2,,,,,,,,,,,,False,C:\Users\BRIANNA\OneDrive\Documents\GitHub\NSSECU3_MP2\win7_files\Logs\Application.evtx,"Audit success, classic",0,"{""EventData"":{""Data"":""http://www.download.windowsupdate.com/msdownload/update/v3/static/trustedr/en/authrootstl.cab, A required certificate is not within its validity period when verifying against the current system clock or the timestamp in the signed file.\n"",""Binary"":""""}}"
