46,46,2024-05-27 02:37:11+00:00,1004,Info,Microsoft-Windows-Security-SPP,Application,0,0,37L4247F27-25,0,,,,,,,,,,,,False,C:\Users\BRIANNA\OneDrive\Documents\GitHub\NSSECU3_MP2\win7_files\Logs\Application.evtx,0x80000000000000,0,"{""EventData"":{""Data"":""Windows(R) 7 Publishing License (Private), 566f32d9-f4ad-4e42-bd6e-2cb0790e1b24"",""Binary"":""""}}"
45,45,2024-05-27 02:37:11+00:00,1004,Info,Microsoft-Windows-Security-SPP,Application,0,0,37L4247F27-25,0,,,,,,,,,,,,False,C:\Users\BRIANNA\OneDrive\Documents\GitHub\NSSECU3_MP2\win7_files\Logs\Application.evtx,0x80000000000000,0,"{""EventData"":{""Data"":""Windows(R) 7 Publishing License (Public), ec929c6b-a635-4d89-8ac6-6240c29809d2"",""Binary"":""""}}"
44,44,2024-05-27 02:37:11+00:00,1004,Info,Microsoft-Windows-Security-SPP,Application,0,0,37L4247F27-25,0,,,,,,,,,,,,False,C:\Users\BRIANNA\OneDrive\Documents\GitHub\NSSECU3_MP2\win7_files\Logs\Application.evtx,0x80000000000000,0,"{""EventData"":{""Data"":""Windows(R) 7 UL-PHN License (Private), 4a60c0d1-c37f-4558-b07d-780fcf57b471"",""Binary"":""""}}"
43,43,2024-05-27 02:37:11+00:00,1004,Info,Microsoft-Windows-Security-SPP,Application,0,0,37L4247F27-25,0,,,,,,,,,,,,False,C:\Users\BRIANNA\OneDrive\Documents\GitHub\NSSECU3_MP2\win7_files\Logs\Application.evtx,0x80000000000000,0,"{""EventData"":{""Data"":""Windows(R) 7 UL-PHN License (Public), 00f52d78-f0e8-4064-9423-b6bbb6dd8721"",""Binary"":""""}}"
42,42,2024-05-27 02:37:11+00:00,1004,Info,Microsoft-Windows-Security-SPP,Application,0,0,37L4247F27-25,0,,,,,,,,,,,,False,C:\Users\BRIANNA\OneDrive\Documents\GitHub\NSSECU3_MP2\win7_files\Logs\Application.evtx,0x80000000000000,0,"{""EventData"":{""Data"":""Windows(R) 7 UL-OOB License (Private), 14ebbee6-7017-47c5-beb8-427ad9264835"",""Binary"":""""}}"
41,41,2024-05-27 02:37:11+00:00,1004,Info,Microsoft-Windows-Security-SPP,Application,0,0,37L4247F27-25,0,,,,,,,,,,,,False,C:\Users\BRIANNA\OneDrive\Documents\GitHub\NSSECU3_MP2\win7_files\Logs\Application.evtx,0x80000000000000,0,"{""EventData"":{""Data"":""Windows(R) 7 UL-OOB License (Public), 7a1fff6a-caa0-43d8-97ec-846205c37912"",""Binary"":""""}}"
40,40,2024-05-27 02:37:11+00:00,1004,Info,Microsoft-Windows-Security-SPP,Application,0,0,37L4247F27-25,0,,,,,,,,,,,,False,C:\Users\BRIANNA\OneDrive\Documents\GitHub\NSSECU3_MP2\win7_files\Logs\Application.evtx,0x80000000000000,0,"{""EventData"":{""Data"":""Windows(R) 7 Publishing License (Private), 3e484b48-a5aa-485f-804a-d17be6965a33"",""Binary"":""""}}"
54,54,2024-05-27 02:37:11+00:00,1004,Info,Microsoft-Windows-Security-SPP,Application,0,0,37L4247F27-25,0,,,,,,,,,,,,False,C:\Users\BRIANNA\OneDrive\Documents\GitHub\NSSECU3_MP2\win7_files\Logs\Application.evtx,0x80000000000000,0,"{""EventData"":{""Data"":""Windows(R) 7 UL-OOB License (Private), 71865021-c220-456d-8431-e443860e37df"",""Binary"":""""}}"
30,30,2024-05-27 02:37:11+00:00,1004,Info,Microsoft-Windows-Security-SPP,Application,0,0,37L4247F27-25,0,,,,,,,,,,,,False,C:\Users\BRIANNA\OneDrive\Documents\GitHub\NSSECU3_MP2\win7_files\Logs\Application.evtx,0x80000000000000,0,"{""EventData"":{""Data"":""Windows(TM) - Component PPD License (StickyNotesLicensing), 60bd071d-89a5-36a5-9ab8-5e94b8ceb81d"",""Binary"":""""}}"
84,84,2024-05-27 02:37:11+00:00,1004,Info,Microsoft-Windows-Security-SPP,Application,0,0,37L4247F27-25,0,,,,,,,,,,,,False,C:\Users\BRIANNA\OneDrive\Documents\GitHub\NSSECU3_MP2\win7_files\Logs\Application.evtx,0x80000000000000,0,"{""EventData"":{""Data"":""Windows(R) 7 Publishing License (Private), 8859d6ea-0a9a-4442-bed5-874f81f1db30"",""Binary"":""""}}"
83,83,2024-05-27 02:37:11+00:00,1004,Info,Microsoft-Windows-Security-SPP,Application,0,0,37L4247F27-25,0,,,,,,,,,,,,False,C:\Users\BRIANNA\OneDrive\Documents\GitHub\NSSECU3_MP2\win7_files\Logs\Application.evtx,0x80000000000000,0,"{""EventData"":{""Data"":""Windows(R) 7 Publishing License (Public), 73aadec4-bd35-4885-a2a7-a49fad1958d9"",""Binary"":""""}}"
130,130,2024-05-27 02:37:11+00:00,1004,Info,Microsoft-Windows-Security-SPP,Application,0,0,37L4247F27-25,0,,,,,,,,,,,,False,C:\Users\BRIANNA\OneDrive\Documents\GitHub\NSSECU3_MP2\win7_files\Logs\Application.evtx,0x80000000000000,0,"{""EventData"":{""Data"":""Windows(R) 7 Publishing License (Private), 818fc102-6be1-4d1e-b108-ae4175c1507c"",""Binary"":""""}}"
129,129,2024-05-27 02:37:11+00:00,1004,Info,Microsoft-Windows-Security-SPP,Application,0,0,37L4247F27-25,0,,,,,,,,,,,,False,C:\Users\BRIANNA\OneDrive\Documents\GitHub\NSSECU3_MP2\win7_files\Logs\Application.evtx,0x80000000000000,0,"{""EventData"":{""Data"":""Windows(R) 7 Publishing License (Public), b1373df2-c1df-4813-8ff4-52095e11f412"",""Binary"":""""}}"
20,20,2024-05-27 02:37:11+00:00,1004,Info,Microsoft-Windows-Security-SPP,Application,0,0,37L4247F27-25,0,,,,,,,,,,,,False,C:\Users\BRIANNA\OneDrive\Documents\GitHub\NSSECU3_MP2\win7_files\Logs\Application.evtx,0x80000000000000,0,"{""EventData"":{""Data"":""Windows(TM) - Component PPD License (Microsoft-Windows-SensorsLicense), 50e07dda-3e8f-7f35-e0e3-93d2d5801978"",""Binary"":""""}}"
21,21,2024-05-27 02:37:11+00:00,1004,Info,Microsoft-Windows-Security-SPP,Application,0,0,37L4247F27-25,0,,,,,,,,,,,,False,C:\Users\BRIANNA\OneDrive\Documents\GitHub\NSSECU3_MP2\win7_files\Logs\Application.evtx,0x80000000000000,0,"{""EventData"":{""Data"":""Windows(TM) - Component PPD License (MobilePCMobilityCenter), 3dbac6e0-a3bc-8c89-90b5-5e95e1e4456f"",""Binary"":""""}}"
22,22,2024-05-27 02:37:11+00:00,1004,Info,Microsoft-Windows-Security-SPP,Application,0,0,37L4247F27-25,0,,,,,,,,,,,,False,C:\Users\BRIANNA\OneDrive\Documents\GitHub\NSSECU3_MP2\win7_files\Logs\Application.evtx,0x80000000000000,0,"{""EventData"":{""Data"":""Windows(TM) - Component PPD License (MobilePCPresentationSettings), 829de4ec-c68f-e5b5-bfc8-09faa229aa76"",""Binary"":""""}}"
23,23,2024-05-27 02:37:11+00:00,1004,Info,Microsoft-Windows-Security-SPP,Application,0,0,37L4247F27-25,0,,,,,,,,,,,,False,C:\Users\BRIANNA\OneDrive\Documents\GitHub\NSSECU3_MP2\win7_files\Logs\Application.evtx,0x80000000000000,0,"{""EventData"":{""Data"":""Windows(TM) - Component PPD License (NetworkProjection), 8f41e452-9780-ff52-fa7f-3f473959bbee"",""Binary"":""""}}"
24,24,2024-05-27 02:37:11+00:00,1004,Info,Microsoft-Windows-Security-SPP,Application,0,0,37L4247F27-25,0,,,,,,,,,,,,False,C:\Users\BRIANNA\OneDrive\Documents\GitHub\NSSECU3_MP2\win7_files\Logs\Application.evtx,0x80000000000000,0,"{""EventData"":{""Data"":""Windows(TM) - Component PPD License (OMD-API), d8762de4-0e0c-3d1f-83f9-324bc2106432"",""Binary"":""""}}"
25,25,2024-05-27 02:37:11+00:00,1004,Info,Microsoft-Windows-Security-SPP,Application,0,0,37L4247F27-25,0,,,,,,,,,,,,False,C:\Users\BRIANNA\OneDrive\Documents\GitHub\NSSECU3_MP2\win7_files\Logs\Application.evtx,0x80000000000000,0,"{""EventData"":{""Data"":""Windows(TM) - Component PPD License (PeerDist-Common), 4d6bd88a-7817-3bec-4a2f-f8205a547e77"",""Binary"":""""}}"
26,26,2024-05-27 02:37:11+00:00,1004,Info,Microsoft-Windows-Security-SPP,Application,0,0,37L4247F27-25,0,,,,,,,,,,,,False,C:\Users\BRIANNA\OneDrive\Documents\GitHub\NSSECU3_MP2\win7_files\Logs\Application.evtx,0x80000000000000,0,"{""EventData"":{""Data"":""Windows(TM) - Component PPD License (Personalization), e424241c-3885-725a-612f-a597a877aabe"",""Binary"":""""}}"
27,27,2024-05-27 02:37:11+00:00,1004,Info,Microsoft-Windows-Security-SPP,Application,0,0,37L4247F27-25,0,,,,,,,,,,,,False,C:\Users\BRIANNA\OneDrive\Documents\GitHub\NSSECU3_MP2\win7_files\Logs\Application.evtx,0x80000000000000,0,"{""EventData"":{""Data"":""Windows(TM) - Component PPD License (Printing-Spooler-Pmc-Licensing), 65904b29-a3f7-213d-2a08-c712954e716c"",""Binary"":""""}}"
142,142,2024-05-27 02:37:11+00:00,1004,Info,Microsoft-Windows-Security-SPP,Application,0,0,37L4247F27-25,0,,,,,,,,,,,,False,C:\Users\BRIANNA\OneDrive\Documents\GitHub\NSSECU3_MP2\win7_files\Logs\Application.evtx,0x80000000000000,0,"{""EventData"":{""Data"":""Windows(R) 7 Publishing License (Private), dc1de346-9b83-4640-895e-a7945ae7ea0f"",""Binary"":""""}}"
143,143,2024-05-27 02:37:11+00:00,1004,Info,Microsoft-Windows-Security-SPP,Application,0,0,37L4247F27-25,0,,,,,,,,,,,,False,C:\Users\BRIANNA\OneDrive\Documents\GitHub\NSSECU3_MP2\win7_files\Logs\Application.evtx,0x80000000000000,0,"{""EventData"":{""Data"":""Windows(R) 7 UL-OOB License (Public), f7db92ec-4b50-4c60-932a-d1509d8a0756"",""Binary"":""""}}"
144,144,2024-05-27 02:37:11+00:00,1004,Info,Microsoft-Windows-Security-SPP,Application,0,0,37L4247F27-25,0,,,,,,,,,,,,False,C:\Users\BRIANNA\OneDrive\Documents\GitHub\NSSECU3_MP2\win7_files\Logs\Application.evtx,0x80000000000000,0,"{""EventData"":{""Data"":""Windows(R) 7 UL-OOB License (Private), 78ebcfbd-b328-4423-9a66-2a3f1be82ed1"",""Binary"":""""}}"
146,146,2024-05-27 02:37:11+00:00,1004,Info,Microsoft-Windows-Security-SPP,Application,0,0,37L4247F27-25,0,,,,,,,,,,,,False,C:\Users\BRIANNA\OneDrive\Documents\GitHub\NSSECU3_MP2\win7_files\Logs\Application.evtx,0x80000000000000,0,"{""EventData"":{""Data"":""Windows(R) 7 UL-PHN License (Private), b3981e60-7fd4-4303-a59a-9c10cddcb659"",""Binary"":""""}}"
28,28,2024-05-27 02:37:11+00:00,1004,Info,Microsoft-Windows-Security-SPP,Application,0,0,37L4247F27-25,0,,,,,,,,,,,,False,C:\Users\BRIANNA\OneDrive\Documents\GitHub\NSSECU3_MP2\win7_files\Logs\Application.evtx,0x80000000000000,0,"{""EventData"":{""Data"":""Windows(R) 7 - Product PPD License (Security-SPP-Component-SKU-Professional), d4eea32c-0105-ad15-8749-c7ff24f68005"",""Binary"":""""}}"
131,131,2024-05-27 02:37:11+00:00,1004,Info,Microsoft-Windows-Security-SPP,Application,0,0,37L4247F27-25,0,,,,,,,,,,,,False,C:\Users\BRIANNA\OneDrive\Documents\GitHub\NSSECU3_MP2\win7_files\Logs\Application.evtx,0x80000000000000,0,"{""EventData"":{""Data"":""Windows(R) 7 UL-OOB License (Public), 184603c9-5018-4e68-a56d-52a104ac8fa4"",""Binary"":""""}}"
132,132,2024-05-27 02:37:11+00:00,1004,Info,Microsoft-Windows-Security-SPP,Application,0,0,37L4247F27-25,0,,,,,,,,,,,,False,C:\Users\BRIANNA\OneDrive\Documents\GitHub\NSSECU3_MP2\win7_files\Logs\Application.evtx,0x80000000000000,0,"{""EventData"":{""Data"":""Windows(R) 7 UL-OOB License (Private), 5e6dc2c9-69bd-4e6e-91fd-2d5fdc96ef78"",""Binary"":""""}}"
145,145,2024-05-27 02:37:11+00:00,1004,Info,Microsoft-Windows-Security-SPP,Application,0,0,37L4247F27-25,0,,,,,,,,,,,,False,C:\Users\BRIANNA\OneDrive\Documents\GitHub\NSSECU3_MP2\win7_files\Logs\Application.evtx,0x80000000000000,0,"{""EventData"":{""Data"":""Windows(R) 7 UL-PHN License (Public), 15102dad-3060-41f6-a30d-3662ddaaa95c"",""Binary"":""""}}"
133,133,2024-05-27 02:37:11+00:00,1004,Info,Microsoft-Windows-Security-SPP,Application,0,0,37L4247F27-25,0,,,,,,,,,,,,False,C:\Users\BRIANNA\OneDrive\Documents\GitHub\NSSECU3_MP2\win7_files\Logs\Application.evtx,0x80000000000000,0,"{""EventData"":{""Data"":""Windows(R) 7 UL-PHN License (Public), 77a36652-3b04-481d-9cd0-1ab9865b7eb5"",""Binary"":""""}}"
126,126,2024-05-27 02:37:11+00:00,1004,Info,Microsoft-Windows-Security-SPP,Application,0,0,37L4247F27-25,0,,,,,,,,,,,,False,C:\Users\BRIANNA\OneDrive\Documents\GitHub\NSSECU3_MP2\win7_files\Logs\Application.evtx,0x80000000000000,0,"{""EventData"":{""Data"":""Windows(R) 7 UL-OOB License (Private), af6342b7-8ccc-4a18-b374-059c575b0b38"",""Binary"":""""}}"
127,127,2024-05-27 02:37:11+00:00,1004,Info,Microsoft-Windows-Security-SPP,Application,0,0,37L4247F27-25,0,,,,,,,,,,,,False,C:\Users\BRIANNA\OneDrive\Documents\GitHub\NSSECU3_MP2\win7_files\Logs\Application.evtx,0x80000000000000,0,"{""EventData"":{""Data"":""Windows(R) 7 UL-PHN License (Public), 7d2717ae-69b8-4d6c-acfa-98ceee8cb0a4"",""Binary"":""""}}"
141,141,2024-05-27 02:37:11+00:00,1004,Info,Microsoft-Windows-Security-SPP,Application,0,0,37L4247F27-25,0,,,,,,,,,,,,False,C:\Users\BRIANNA\OneDrive\Documents\GitHub\NSSECU3_MP2\win7_files\Logs\Application.evtx,0x80000000000000,0,"{""EventData"":{""Data"":""Windows(R) 7 Publishing License (Public), 5dd7d45d-e790-40cf-a9f3-3cb7f8f178f0"",""Binary"":""""}}"
140,140,2024-05-27 02:37:11+00:00,1004,Info,Microsoft-Windows-Security-SPP,Application,0,0,37L4247F27-25,0,,,,,,,,,,,,False,C:\Users\BRIANNA\OneDrive\Documents\GitHub\NSSECU3_MP2\win7_files\Logs\Application.evtx,0x80000000000000,0,"{""EventData"":{""Data"":""Windows(R) 7 UL-PHN License (Private), 37c3f4df-ad15-4278-a6c2-b52d7b4a1cea"",""Binary"":""""}}"
139,139,2024-05-27 02:37:11+00:00,1004,Info,Microsoft-Windows-Security-SPP,Application,0,0,37L4247F27-25,0,,,,,,,,,,,,False,C:\Users\BRIANNA\OneDrive\Documents\GitHub\NSSECU3_MP2\win7_files\Logs\Application.evtx,0x80000000000000,0,"{""EventData"":{""Data"":""Windows(R) 7 UL-PHN License (Public), d8369b7e-4b46-4a79-9044-a79448f43a58"",""Binary"":""""}}"
138,138,2024-05-27 02:37:11+00:00,1004,Info,Microsoft-Windows-Security-SPP,Application,0,0,37L4247F27-25,0,,,,,,,,,,,,False,C:\Users\BRIANNA\OneDrive\Documents\GitHub\NSSECU3_MP2\win7_files\Logs\Application.evtx,0x80000000000000,0,"{""EventData"":{""Data"":""Windows(R) 7 UL-OOB License (Private), 2644cecd-70f8-4948-a402-93040c227a53"",""Binary"":""""}}"
124,124,2024-05-27 02:37:11+00:00,1004,Info,Microsoft-Windows-Security-SPP,Application,0,0,37L4247F27-25,0,,,,,,,,,,,,False,C:\Users\BRIANNA\OneDrive\Documents\GitHub\NSSECU3_MP2\win7_files\Logs\Application.evtx,0x80000000000000,0,"{""EventData"":{""Data"":""Windows(R) 7 Publishing License (Private), 80f85e38-1ee2-4266-99a0-103262015043"",""Binary"":""""}}"
128,128,2024-05-27 02:37:11+00:00,1004,Info,Microsoft-Windows-Security-SPP,Application,0,0,37L4247F27-25,0,,,,,,,,,,,,False,C:\Users\BRIANNA\OneDrive\Documents\GitHub\NSSECU3_MP2\win7_files\Logs\Application.evtx,0x80000000000000,0,"{""EventData"":{""Data"":""Windows(R) 7 UL-PHN License (Private), 7241609c-7944-4eeb-a6cc-253767a60153"",""Binary"":""""}}"
137,137,2024-05-27 02:37:11+00:00,1004,Info,Microsoft-Windows-Security-SPP,Application,0,0,37L4247F27-25,0,,,,,,,,,,,,False,C:\Users\BRIANNA\OneDrive\Documents\GitHub\NSSECU3_MP2\win7_files\Logs\Application.evtx,0x80000000000000,0,"{""EventData"":{""Data"":""Windows(R) 7 UL-OOB License (Public), 0e80812a-3929-476a-85c1-684d8c0e2e5b"",""Binary"":""""}}"
136,136,2024-05-27 02:37:11+00:00,1004,Info,Microsoft-Windows-Security-SPP,Application,0,0,37L4247F27-25,0,,,,,,,,,,,,False,C:\Users\BRIANNA\OneDrive\Documents\GitHub\NSSECU3_MP2\win7_files\Logs\Application.evtx,0x80000000000000,0,"{""EventData"":{""Data"":""Windows(R) 7 Publishing License (Private), b23d04da-04aa-4834-bcdf-bf5fd8afe2b7"",""Binary"":""""}}"
135,135,2024-05-27 02:37:11+00:00,1004,Info,Microsoft-Windows-Security-SPP,Application,0,0,37L4247F27-25,0,,,,,,,,,,,,False,C:\Users\BRIANNA\OneDrive\Documents\GitHub\NSSECU3_MP2\win7_files\Logs\Application.evtx,0x80000000000000,0,"{""EventData"":{""Data"":""Windows(R) 7 Publishing License (Public), 998cdc6d-88cf-4c7f-b841-e480d85db8bd"",""Binary"":""""}}"
134,134,2024-05-27 02:37:11+00:00,1004,Info,Microsoft-Windows-Security-SPP,Application,0,0,37L4247F27-25,0,,,,,,,,,,,,False,C:\Users\BRIANNA\OneDrive\Documents\GitHub\NSSECU3_MP2\win7_files\Logs\Application.evtx,0x80000000000000,0,"{""EventData"":{""Data"":""Windows(R) 7 UL-PHN License (Private), e3af2336-5e08-4796-a5cf-812ca604d6a6"",""Binary"":""""}}"
125,125,2024-05-27 02:37:11+00:00,1004,Info,Microsoft-Windows-Security-SPP,Application,0,0,37L4247F27-25,0,,,,,,,,,,,,False,C:\Users\BRIANNA\OneDrive\Documents\GitHub\NSSECU3_MP2\win7_files\Logs\Application.evtx,0x80000000000000,0,"{""EventData"":{""Data"":""Windows(R) 7 UL-OOB License (Public), 841127d8-9cdf-4ac8-944f-5f90bef83e52"",""Binary"":""""}}"
147,147,2024-05-27 02:37:18+00:00,1016,Info,Microsoft-Windows-Security-SPP,Application,0,0,37L4247F27-25,0,,,,,,,,,,,,False,C:\Users\BRIANNA\OneDrive\Documents\GitHub\NSSECU3_MP2\win7_files\Logs\Application.evtx,0x80000000000000,0,"{""EventData"":{""Data"":""e838d943-63ed-4a0b-9fb1-47152908acc9, 1f1b9482-f4e7-6e74-f791-77a2547afe39"",""Binary"":""""}}"
148,148,2024-05-27 02:37:19+00:00,1025,Info,Microsoft-Windows-Security-SPP,Application,0,0,37L4247F27-25,0,,,,,,,,,,,,False,C:\Users\BRIANNA\OneDrive\Documents\GitHub\NSSECU3_MP2\win7_files\Logs\Application.evtx,0x80000000000000,0,"{""EventData"":{""Data"":""30, 5"",""Binary"":""""}}"
149,149,2024-05-27 02:37:19+00:00,1033,Info,Microsoft-Windows-Security-SPP,Application,0,0,37L4247F27-25,0,,,,,,,,,,,,False,C:\Users\BRIANNA\OneDrive\Documents\GitHub\NSSECU3_MP2\win7_files\Logs\Application.evtx,0x80000000000000,0,"{""EventData"":{""Data"":""(IIS-W3SVC-MaxConcurrentRequests) (Microsoft.Windows.Smc-Enabled) (Shell-InBoxGames-FreeCell-EnableGame) (Shell-InBoxGames-Hearts-EnableGame) (Shell-InBoxGames-Minesweeper-EnableGame) (Shell-InBoxGames-PurblePlace-EnableGame) (Shell-InBoxGames-Shanghai-EnableGame) (Shell-InBoxGames-Solitaire-EnableGame) (Shell-InBoxGames-SpiderSolitaire-EnableGame) (Shell-MultiplayerInboxGames-Backgammon-EnableGame) (Shell-MultiplayerInboxGames-Checkers-EnableGame) (Shell-MultiplayerInboxGames-Spades-EnableGame) (Shell-PremiumInBoxGames-Chess-EnableGame) (Telnet-Client-EnableTelnetClient) (Telnet-Server-EnableTelnetServer) (TiffIFilterLicensing-EnableTiffIFilter) , 55c92734-d682-4d71-983e-d6ec3f16059f, e838d943-63ed-4a0b-9fb1-47152908acc9"",""Binary"":""""}}"
151,151,2024-05-27 02:37:20+00:00,902,LogAlways,Microsoft-Windows-Security-SPP,Application,0,0,37L4247F27-25,1,,,,,,,,,,,,False,C:\Users\BRIANNA\OneDrive\Documents\GitHub\NSSECU3_MP2\win7_files\Logs\Application.evtx,0x80000000000000,0,"{""EventData"":{""Data"":""6.1.7601.17514"",""Binary"":""""}}"
150,150,2024-05-27 02:37:20+00:00,1003,Info,Microsoft-Windows-Security-SPP,Application,0,0,37L4247F27-25,1,,,,,,,,,,,,False,C:\Users\BRIANNA\OneDrive\Documents\GitHub\NSSECU3_MP2\win7_files\Logs\Application.evtx,0x80000000000000,0,"{""EventData"":{""Data"":""55c92734-d682-4d71-983e-d6ec3f16059f, \n1: 4de78642-0f7f-4b61-9392-8add86d70ae8, 1, 0 [(0 [0xC004F014, 0, 0], [(?)(?)(?)(?)(?)(?)])(1 )(2 )]\n2: 50e329f7-a5fa-46b2-85fd-f224e5da7764, 1, 0 [(0 [0xC004F014, 0, 0], [(?)(?)(?)(?)(?)(?)])(1 )(2 )]\n3: 5a79ecd8-d33f-406c-a619-7785899b5d59, 1, 0 [(0 [0xC004F014, 0, 0], [(?)(?)(?)(?)(?)(?)])(1 )(2 )]\n4: 770bc271-8dc1-467d-b574-73cbacbeccd1, 1, 0 [(0 [0xC004F014, 0, 0], [(?)(?)(?)(?)(?)(?)])(1 )(2 )]\n5: 90a61a0d-0b76-4bf1-a8b8-89061855a4c9, 1, 0 [(0 [0xC004F014, 0, 0], [(?)(?)(?)(?)(?)(?)])(1 )(2 )]\n6: 92f9d22a-65f5-49a7-90fe-06491b4fc379, 1, 0 [(0 [0xC004F014, 0, 0], [(?)(?)(?)(?)(?)(?)])(1 )(2 )]\n7: 9abf5984-9c16-46f2-ad1e-7fe15931a8dd, 1, 0 [(0 [0xC004F014, 0, 0], [(?)(?)(?)(?)(?)(?)])(1 )(2 )]\n8: 9ccffaf9-86a2-414e-b031-b2f777720e90, 1, 0 [(0 [0xC004F014, 0, 0], [(?)(?)(?)(?)(?)(?)])(1 )(2 )]\n9: b92e9980-b9d5-4821-9c94-140f632f6312, 1, 0 [(0 [0xC004F014, 0, 0], [(?)(?)(?)(?)(?)(?)])(1 )(2 )]\n10: c1027486-8ae8-4633-9cf9-9658ed80504d, 1, 0 [(0 [0xC004F014, 0, 0], [(?)(?)(?)(?)(?)(?)])(1 )(2 )]\n11: c1e88de3-96c4-4563-ad7d-775f65b1e670, 1, 0 [(0 [0xC004F014, 0, 0], [(?)(?)(?)(?)(?)(?)])(1 )(2 )]\n12: c33001fc-5e9c-4f27-8c05-e0154adb0db4, 1, 0 [(0 [0xC004F014, 0, 0], [(?)(?)(?)(?)(?)(?)])(1 )(2 )]\n13: cf3c5b35-35ff-4c95-9bbd-a188e47ad14c, 1, 0 [(0 [0xC004F014, 0, 0], [(?)(?)(?)(?)(?)(?)])(1 )(2 )]\n14: cff07cac-7534-4cc3-b3f3-99e1a0aa3c20, 1, 0 [(0 [0xC004F014, 0, 0], [(?)(?)(?)(?)(?)(?)])(1 )(2 )]\n15: d188820a-cb63-4bad-a9a2-40b843ee23b7, 1, 0 [(0 [0xC004F014, 0, 0], [(?)(?)(?)(?)(?)(?)])(1 )(2 )]\n16: d8e04254-f9a5-4729-ae86-886de6aa907c, 1, 0 [(0 [0xC004F014, 0, 0], [(?)(?)(?)(?)(?)(?)])(1 )(2 )]\n17: da22eadd-46dc-4056-a287-f5041c852470, 1, 0 [(0 [0xC004F014, 0, 0], [(?)(?)(?)(?)(?)(?)])(1 )(2 )]\n18: e120e868-3df2-464a-95a0-b52fa5ada4bf, 1, 0 [(0 [0xC004F014, 0, 0], [(?)(?)(?)(?)(?)(?)])(1 )(2 )]\n19: e838d943-63ed-4a0b-9fb1-47152908acc9, 1, 0 [(0 )(1 )(2 [0x00000000, 0, 1], [(?)( 5 0x00000000 30 43200)( 1 0x00000000 0 0 msft:rm/algorithm/flags/1.0 0x00000000 0)(?)(?)(?)])]\n20: 4a8149bb-7d61-49f4-8822-82c7bf88d64b, 1, 0 [(0 [0xC004F014, 0, 0], [(?)(?)(?)(?)(?)(?)])(1 )(2 )]\n21: afd5f68f-b70f-4000-a21d-28dbc8be8b07, 1, 0 [(0 [0xC004F014, 0, 0], [(?)(?)(?)(?)(?)(?)])(1 )(2 )]\n\n"",""Binary"":""""}}"
227,227,2024-05-27 02:37:20.421875+00:00,20003,Info,Microsoft-Windows-UserPnp,System,1476,1692,37L4247F27-25,1,S-1-5-18,Service installation,,,ServiceName: rdpbus,AddServiceStatus: Unknown code (0),,UpdateService: True,PrimaryService: True,DeviceInstanceID: ROOT\RDPBUS\0000,system32\DRIVERS\rdpbus.sys,False,C:\Users\BRIANNA\OneDrive\Documents\GitHub\NSSECU3_MP2\win7_files\Logs\System.evtx,Classic,0,"{""UserData"":{""AddServiceID"":{""ServiceName"":""rdpbus"",""DriverFileName"":""system32\\DRIVERS\\rdpbus.sys"",""DeviceInstanceID"":""ROOT\\RDPBUS\\0000"",""PrimaryService"":""True"",""UpdateService"":""True"",""AddServiceStatus"":""0""}}}"
228,228,2024-05-27 02:37:20.437500+00:00,20001,Info,Microsoft-Windows-UserPnp,System,1476,1692,37L4247F27-25,1,S-1-5-18,Device installation,,,DriverDescription: Remote Desktop Device Redirector Bus,InstallStatus: Installation Successful,IsDriverOEM: False,UpgradeDevice: False,RebootOption: False,DeviceInstanceID: ROOT\RDPBUS\0000,FileRepository\rdpbus.inf_amd64_neutral_3b741ca76444b9c3\rdpbus.inf,False,C:\Users\BRIANNA\OneDrive\Documents\GitHub\NSSECU3_MP2\win7_files\Logs\System.evtx,Classic,0,"{""UserData"":{""InstallDeviceID"":{""DriverName"":""FileRepository\\rdpbus.inf_amd64_neutral_3b741ca76444b9c3\\rdpbus.inf"",""DriverVersion"":""6.1.7600.16385"",""DriverProvider"":""Microsoft"",""DeviceInstanceID"":""ROOT\\RDPBUS\\0000"",""SetupClass"":""4d36e97d-e325-11ce-bfc1-08002be10318"",""RebootOption"":""False"",""UpgradeDevice"":""False"",""IsDriverOEM"":""False"",""InstallStatus"":""0x0"",""DriverDescription"":""Remote Desktop Device Redirector Bus""}}}"
229,229,2024-05-27 02:37:23.312500+00:00,15007,Info,Microsoft-Windows-HttpEvent,System,4,52,37L4247F27-25,1,,,,,,,,,,,,False,C:\Users\BRIANNA\OneDrive\Documents\GitHub\NSSECU3_MP2\win7_files\Logs\System.evtx,0x80000000000000,0,"{""EventData"":{""Data"":[{""@Name"":""DeviceObject"",""#text"":""\\Device\\Http\\ReqQueue""},{""@Name"":""Url"",""#text"":""http://+:80/116B50EB-ECE2-41ac-8429-9F9E963361B7/""}]}}"
230,230,2024-05-27 02:37:23.390625+00:00,15007,Info,Microsoft-Windows-HttpEvent,System,4,52,37L4247F27-25,1,,,,,,,,,,,,False,C:\Users\BRIANNA\OneDrive\Documents\GitHub\NSSECU3_MP2\win7_files\Logs\System.evtx,0x80000000000000,0,"{""EventData"":{""Data"":[{""@Name"":""DeviceObject"",""#text"":""\\Device\\Http\\ReqQueue""},{""@Name"":""Url"",""#text"":""https://+:443/C574AC30-5794-4AEE-B1BB-6651C5315029/""}]}}"
2,2,2024-05-27 02:37:24.687500+00:00,2004,Info,Microsoft-Windows-Windows Firewall With Advanced Security,Microsoft-Windows-Windows Firewall With Advanced Security/Firewall,340,1396,37L4247F27-25,0,S-1-5-19,A rule has been added to the Windows Defender Firewall exception list,,LocalSubnet: *,Ssdpsrv: Media Center Extenders - SSDP (UDP-In),C:\Windows\system32\svchost.exe,Direction: Inbound,Action: Allow,Protocol: UDP,,,False,C:\Users\BRIANNA\OneDrive\Documents\GitHub\NSSECU3_MP2\win7_files\Logs\Microsoft-Windows-Windows Firewall With Advanced Security_4Firewall.evtx,0x8000020000000000,0,"{""EventData"":{""Data"":[{""@Name"":""RuleId"",""#text"":""MCX-SSDPSrv-In-UDP""},{""@Name"":""RuleName"",""#text"":""Media Center Extenders - SSDP (UDP-In)""},{""@Name"":""Origin"",""#text"":""1""},{""@Name"":""ApplicationPath"",""#text"":""C:\\Windows\\system32\\svchost.exe""},{""@Name"":""ServiceName"",""#text"":""Ssdpsrv""},{""@Name"":""Direction"",""#text"":""1""},{""@Name"":""Protocol"",""#text"":""17""},{""@Name"":""LocalPorts"",""#text"":""1900""},{""@Name"":""RemotePorts"",""#text"":""*""},{""@Name"":""Action"",""#text"":""3""},{""@Name"":""Profiles"",""#text"":""2147483647""},{""@Name"":""LocalAddresses"",""#text"":""*""},{""@Name"":""RemoteAddresses"",""#text"":""LocalSubnet""},{""@Name"":""RemoteMachineAuthorizationList""},{""@Name"":""RemoteUserAuthorizationList""},{""@Name"":""EmbeddedContext"",""#text"":""@FirewallAPI.dll,-30752""},{""@Name"":""Flags"",""#text"":""0""},{""@Name"":""Active"",""#text"":""0""},{""@Name"":""EdgeTraversal"",""#text"":""0""},{""@Name"":""LooseSourceMapped"",""#text"":""0""},{""@Name"":""SecurityOptions"",""#text"":""0""},{""@Name"":""ModifyingUser"",""#text"":""S-1-5-18""},{""@Name"":""ModifyingApplication"",""#text"":""C:\\Windows\\System32\\oobe\\Setup.exe""},{""@Name"":""SchemaVersion"",""#text"":""522""},{""@Name"":""RuleStatus"",""#text"":""65536""}]}}"
3,3,2024-05-27 02:37:24.687500+00:00,2004,Info,Microsoft-Windows-Windows Firewall With Advanced Security,Microsoft-Windows-Windows Firewall With Advanced Security/Firewall,340,1536,37L4247F27-25,0,S-1-5-19,A rule has been added to the Windows Defender Firewall exception list,,LocalSubnet: 1900,Ssdpsrv: Media Center Extenders - SSDP (UDP-Out),C:\Windows\system32\svchost.exe,Direction: Outbound,Action: Allow,Protocol: UDP,,,False,C:\Users\BRIANNA\OneDrive\Documents\GitHub\NSSECU3_MP2\win7_files\Logs\Microsoft-Windows-Windows Firewall With Advanced Security_4Firewall.evtx,0x8000020000000000,0,"{""EventData"":{""Data"":[{""@Name"":""RuleId"",""#text"":""MCX-SSDPSrv-Out-UDP""},{""@Name"":""RuleName"",""#text"":""Media Center Extenders - SSDP (UDP-Out)""},{""@Name"":""Origin"",""#text"":""1""},{""@Name"":""ApplicationPath"",""#text"":""C:\\Windows\\system32\\svchost.exe""},{""@Name"":""ServiceName"",""#text"":""Ssdpsrv""},{""@Name"":""Direction"",""#text"":""2""},{""@Name"":""Protocol"",""#text"":""17""},{""@Name"":""LocalPorts"",""#text"":""*""},{""@Name"":""RemotePorts"",""#text"":""1900""},{""@Name"":""Action"",""#text"":""3""},{""@Name"":""Profiles"",""#text"":""2147483647""},{""@Name"":""LocalAddresses"",""#text"":""*""},{""@Name"":""RemoteAddresses"",""#text"":""LocalSubnet""},{""@Name"":""RemoteMachineAuthorizationList""},{""@Name"":""RemoteUserAuthorizationList""},{""@Name"":""EmbeddedContext"",""#text"":""@FirewallAPI.dll,-30752""},{""@Name"":""Flags"",""#text"":""0""},{""@Name"":""Active"",""#text"":""0""},{""@Name"":""EdgeTraversal"",""#text"":""0""},{""@Name"":""LooseSourceMapped"",""#text"":""0""},{""@Name"":""SecurityOptions"",""#text"":""0""},{""@Name"":""ModifyingUser"",""#text"":""S-1-5-18""},{""@Name"":""ModifyingApplication"",""#text"":""C:\\Windows\\System32\\oobe\\Setup.exe""},{""@Name"":""SchemaVersion"",""#text"":""522""},{""@Name"":""RuleStatus"",""#text"":""65536""}]}}"
6,6,2024-05-27 02:37:24.703125+00:00,2004,Info,Microsoft-Windows-Windows Firewall With Advanced Security,Microsoft-Windows-Windows Firewall With Advanced Security/Firewall,340,1396,37L4247F27-25,0,S-1-5-19,A rule has been added to the Windows Defender Firewall exception list,,LocalSubnet: *,Qwave: Media Center Extenders - qWave (UDP-In),C:\Windows\system32\svchost.exe,Direction: Inbound,Action: Allow,Protocol: UDP,,,False,C:\Users\BRIANNA\OneDrive\Documents\GitHub\NSSECU3_MP2\win7_files\Logs\Microsoft-Windows-Windows Firewall With Advanced Security_4Firewall.evtx,0x8000020000000000,0,"{""EventData"":{""Data"":[{""@Name"":""RuleId"",""#text"":""MCX-QWave-In-UDP""},{""@Name"":""RuleName"",""#text"":""Media Center Extenders - qWave (UDP-In)""},{""@Name"":""Origin"",""#text"":""1""},{""@Name"":""ApplicationPath"",""#text"":""C:\\Windows\\system32\\svchost.exe""},{""@Name"":""ServiceName"",""#text"":""Qwave""},{""@Name"":""Direction"",""#text"":""1""},{""@Name"":""Protocol"",""#text"":""17""},{""@Name"":""LocalPorts"",""#text"":""2177""},{""@Name"":""RemotePorts"",""#text"":""*""},{""@Name"":""Action"",""#text"":""3""},{""@Name"":""Profiles"",""#text"":""2147483647""},{""@Name"":""LocalAddresses"",""#text"":""*""},{""@Name"":""RemoteAddresses"",""#text"":""LocalSubnet""},{""@Name"":""RemoteMachineAuthorizationList""},{""@Name"":""RemoteUserAuthorizationList""},{""@Name"":""EmbeddedContext"",""#text"":""@FirewallAPI.dll,-30752""},{""@Name"":""Flags"",""#text"":""0""},{""@Name"":""Active"",""#text"":""0""},{""@Name"":""EdgeTraversal"",""#text"":""0""},{""@Name"":""LooseSourceMapped"",""#text"":""0""},{""@Name"":""SecurityOptions"",""#text"":""0""},{""@Name"":""ModifyingUser"",""#text"":""S-1-5-18""},{""@Name"":""ModifyingApplication"",""#text"":""C:\\Windows\\System32\\oobe\\Setup.exe""},{""@Name"":""SchemaVersion"",""#text"":""522""},{""@Name"":""RuleStatus"",""#text"":""65536""}]}}"
4,4,2024-05-27 02:37:24.703125+00:00,2004,Info,Microsoft-Windows-Windows Firewall With Advanced Security,Microsoft-Windows-Windows Firewall With Advanced Security/Firewall,340,1536,37L4247F27-25,0,S-1-5-19,A rule has been added to the Windows Defender Firewall exception list,,LocalSubnet: *,: Media Center Extenders - RTSP (TCP-In),C:\Windows\ehome\ehshell.exe,Direction: Inbound,Action: Allow,Protocol: TCP,,,False,C:\Users\BRIANNA\OneDrive\Documents\GitHub\NSSECU3_MP2\win7_files\Logs\Microsoft-Windows-Windows Firewall With Advanced Security_4Firewall.evtx,0x8000020000000000,0,"{""EventData"":{""Data"":[{""@Name"":""RuleId"",""#text"":""MCX-In-TCP""},{""@Name"":""RuleName"",""#text"":""Media Center Extenders - RTSP (TCP-In)""},{""@Name"":""Origin"",""#text"":""1""},{""@Name"":""ApplicationPath"",""#text"":""C:\\Windows\\ehome\\ehshell.exe""},{""@Name"":""ServiceName""},{""@Name"":""Direction"",""#text"":""1""},{""@Name"":""Protocol"",""#text"":""6""},{""@Name"":""LocalPorts"",""#text"":""554,8554,8555,8556,8557,8558""},{""@Name"":""RemotePorts"",""#text"":""*""},{""@Name"":""Action"",""#text"":""3""},{""@Name"":""Profiles"",""#text"":""2147483647""},{""@Name"":""LocalAddresses"",""#text"":""*""},{""@Name"":""RemoteAddresses"",""#text"":""LocalSubnet""},{""@Name"":""RemoteMachineAuthorizationList""},{""@Name"":""RemoteUserAuthorizationList""},{""@Name"":""EmbeddedContext"",""#text"":""@FirewallAPI.dll,-30752""},{""@Name"":""Flags"",""#text"":""0""},{""@Name"":""Active"",""#text"":""0""},{""@Name"":""EdgeTraversal"",""#text"":""0""},{""@Name"":""LooseSourceMapped"",""#text"":""0""},{""@Name"":""SecurityOptions"",""#text"":""0""},{""@Name"":""ModifyingUser"",""#text"":""S-1-5-18""},{""@Name"":""ModifyingApplication"",""#text"":""C:\\Windows\\System32\\oobe\\Setup.exe""},{""@Name"":""SchemaVersion"",""#text"":""522""},{""@Name"":""RuleStatus"",""#text"":""65536""}]}}"
5,5,2024-05-27 02:37:24.703125+00:00,2004,Info,Microsoft-Windows-Windows Firewall With Advanced Security,Microsoft-Windows-Windows Firewall With Advanced Security/Firewall,340,1396,37L4247F27-25,0,S-1-5-19,A rule has been added to the Windows Defender Firewall exception list,,LocalSubnet: *,: Media Center Extenders - RTSP (TCP-Out),C:\Windows\ehome\ehshell.exe,Direction: Outbound,Action: Allow,Protocol: TCP,,,False,C:\Users\BRIANNA\OneDrive\Documents\GitHub\NSSECU3_MP2\win7_files\Logs\Microsoft-Windows-Windows Firewall With Advanced Security_4Firewall.evtx,0x8000020000000000,0,"{""EventData"":{""Data"":[{""@Name"":""RuleId"",""#text"":""MCX-Out-TCP""},{""@Name"":""RuleName"",""#text"":""Media Center Extenders - RTSP (TCP-Out)""},{""@Name"":""Origin"",""#text"":""1""},{""@Name"":""ApplicationPath"",""#text"":""C:\\Windows\\ehome\\ehshell.exe""},{""@Name"":""ServiceName""},{""@Name"":""Direction"",""#text"":""2""},{""@Name"":""Protocol"",""#text"":""6""},{""@Name"":""LocalPorts"",""#text"":""*""},{""@Name"":""RemotePorts"",""#text"":""*""},{""@Name"":""Action"",""#text"":""3""},{""@Name"":""Profiles"",""#text"":""2147483647""},{""@Name"":""LocalAddresses"",""#text"":""*""},{""@Name"":""RemoteAddresses"",""#text"":""LocalSubnet""},{""@Name"":""RemoteMachineAuthorizationList""},{""@Name"":""RemoteUserAuthorizationList""},{""@Name"":""EmbeddedContext"",""#text"":""@FirewallAPI.dll,-30752""},{""@Name"":""Flags"",""#text"":""0""},{""@Name"":""Active"",""#text"":""0""},{""@Name"":""EdgeTraversal"",""#text"":""0""},{""@Name"":""LooseSourceMapped"",""#text"":""0""},{""@Name"":""SecurityOptions"",""#text"":""0""},{""@Name"":""ModifyingUser"",""#text"":""S-1-5-18""},{""@Name"":""ModifyingApplication"",""#text"":""C:\\Windows\\System32\\oobe\\Setup.exe""},{""@Name"":""SchemaVersion"",""#text"":""522""},{""@Name"":""RuleStatus"",""#text"":""65536""}]}}"
7,7,2024-05-27 02:37:24.718750+00:00,2004,Info,Microsoft-Windows-Windows Firewall With Advanced Security,Microsoft-Windows-Windows Firewall With Advanced Security/Firewall,340,1396,37L4247F27-25,0,S-1-5-19,A rule has been added to the Windows Defender Firewall exception list,,LocalSubnet: 2177,Qwave: Media Center Extenders - qWave (UDP-Out),C:\Windows\system32\svchost.exe,Direction: Outbound,Action: Allow,Protocol: UDP,,,False,C:\Users\BRIANNA\OneDrive\Documents\GitHub\NSSECU3_MP2\win7_files\Logs\Microsoft-Windows-Windows Firewall With Advanced Security_4Firewall.evtx,0x8000020000000000,0,"{""EventData"":{""Data"":[{""@Name"":""RuleId"",""#text"":""MCX-QWave-Out-UDP""},{""@Name"":""RuleName"",""#text"":""Media Center Extenders - qWave (UDP-Out)""},{""@Name"":""Origin"",""#text"":""1""},{""@Name"":""ApplicationPath"",""#text"":""C:\\Windows\\system32\\svchost.exe""},{""@Name"":""ServiceName"",""#text"":""Qwave""},{""@Name"":""Direction"",""#text"":""2""},{""@Name"":""Protocol"",""#text"":""17""},{""@Name"":""LocalPorts"",""#text"":""*""},{""@Name"":""RemotePorts"",""#text"":""2177""},{""@Name"":""Action"",""#text"":""3""},{""@Name"":""Profiles"",""#text"":""2147483647""},{""@Name"":""LocalAddresses"",""#text"":""*""},{""@Name"":""RemoteAddresses"",""#text"":""LocalSubnet""},{""@Name"":""RemoteMachineAuthorizationList""},{""@Name"":""RemoteUserAuthorizationList""},{""@Name"":""EmbeddedContext"",""#text"":""@FirewallAPI.dll,-30752""},{""@Name"":""Flags"",""#text"":""0""},{""@Name"":""Active"",""#text"":""0""},{""@Name"":""EdgeTraversal"",""#text"":""0""},{""@Name"":""LooseSourceMapped"",""#text"":""0""},{""@Name"":""SecurityOptions"",""#text"":""0""},{""@Name"":""ModifyingUser"",""#text"":""S-1-5-18""},{""@Name"":""ModifyingApplication"",""#text"":""C:\\Windows\\System32\\oobe\\Setup.exe""},{""@Name"":""SchemaVersion"",""#text"":""522""},{""@Name"":""RuleStatus"",""#text"":""65536""}]}}"
8,8,2024-05-27 02:37:24.718750+00:00,2004,Info,Microsoft-Windows-Windows Firewall With Advanced Security,Microsoft-Windows-Windows Firewall With Advanced Security/Firewall,340,1396,37L4247F27-25,0,S-1-5-19,A rule has been added to the Windows Defender Firewall exception list,,LocalSubnet: *,Qwave: Media Center Extenders - qWave (TCP-In),C:\Windows\system32\svchost.exe,Direction: Inbound,Action: Allow,Protocol: TCP,,,False,C:\Users\BRIANNA\OneDrive\Documents\GitHub\NSSECU3_MP2\win7_files\Logs\Microsoft-Windows-Windows Firewall With Advanced Security_4Firewall.evtx,0x8000020000000000,0,"{""EventData"":{""Data"":[{""@Name"":""RuleId"",""#text"":""MCX-QWave-In-TCP""},{""@Name"":""RuleName"",""#text"":""Media Center Extenders - qWave (TCP-In)""},{""@Name"":""Origin"",""#text"":""1""},{""@Name"":""ApplicationPath"",""#text"":""C:\\Windows\\system32\\svchost.exe""},{""@Name"":""ServiceName"",""#text"":""Qwave""},{""@Name"":""Direction"",""#text"":""1""},{""@Name"":""Protocol"",""#text"":""6""},{""@Name"":""LocalPorts"",""#text"":""2177""},{""@Name"":""RemotePorts"",""#text"":""*""},{""@Name"":""Action"",""#text"":""3""},{""@Name"":""Profiles"",""#text"":""2147483647""},{""@Name"":""LocalAddresses"",""#text"":""*""},{""@Name"":""RemoteAddresses"",""#text"":""LocalSubnet""},{""@Name"":""RemoteMachineAuthorizationList""},{""@Name"":""RemoteUserAuthorizationList""},{""@Name"":""EmbeddedContext"",""#text"":""@FirewallAPI.dll,-30752""},{""@Name"":""Flags"",""#text"":""0""},{""@Name"":""Active"",""#text"":""0""},{""@Name"":""EdgeTraversal"",""#text"":""0""},{""@Name"":""LooseSourceMapped"",""#text"":""0""},{""@Name"":""SecurityOptions"",""#text"":""0""},{""@Name"":""ModifyingUser"",""#text"":""S-1-5-18""},{""@Name"":""ModifyingApplication"",""#text"":""C:\\Windows\\System32\\oobe\\Setup.exe""},{""@Name"":""SchemaVersion"",""#text"":""522""},{""@Name"":""RuleStatus"",""#text"":""65536""}]}}"
9,9,2024-05-27 02:37:24.718750+00:00,2004,Info,Microsoft-Windows-Windows Firewall With Advanced Security,Microsoft-Windows-Windows Firewall With Advanced Security/Firewall,340,1396,37L4247F27-25,0,S-1-5-19,A rule has been added to the Windows Defender Firewall exception list,,LocalSubnet: 2177,Qwave: Media Center Extenders - qWave (TCP-Out),C:\Windows\system32\svchost.exe,Direction: Outbound,Action: Allow,Protocol: TCP,,,False,C:\Users\BRIANNA\OneDrive\Documents\GitHub\NSSECU3_MP2\win7_files\Logs\Microsoft-Windows-Windows Firewall With Advanced Security_4Firewall.evtx,0x8000020000000000,0,"{""EventData"":{""Data"":[{""@Name"":""RuleId"",""#text"":""MCX-QWave-Out-TCP""},{""@Name"":""RuleName"",""#text"":""Media Center Extenders - qWave (TCP-Out)""},{""@Name"":""Origin"",""#text"":""1""},{""@Name"":""ApplicationPath"",""#text"":""C:\\Windows\\system32\\svchost.exe""},{""@Name"":""ServiceName"",""#text"":""Qwave""},{""@Name"":""Direction"",""#text"":""2""},{""@Name"":""Protocol"",""#text"":""6""},{""@Name"":""LocalPorts"",""#text"":""*""},{""@Name"":""RemotePorts"",""#text"":""2177""},{""@Name"":""Action"",""#text"":""3""},{""@Name"":""Profiles"",""#text"":""2147483647""},{""@Name"":""LocalAddresses"",""#text"":""*""},{""@Name"":""RemoteAddresses"",""#text"":""LocalSubnet""},{""@Name"":""RemoteMachineAuthorizationList""},{""@Name"":""RemoteUserAuthorizationList""},{""@Name"":""EmbeddedContext"",""#text"":""@FirewallAPI.dll,-30752""},{""@Name"":""Flags"",""#text"":""0""},{""@Name"":""Active"",""#text"":""0""},{""@Name"":""EdgeTraversal"",""#text"":""0""},{""@Name"":""LooseSourceMapped"",""#text"":""0""},{""@Name"":""SecurityOptions"",""#text"":""0""},{""@Name"":""ModifyingUser"",""#text"":""S-1-5-18""},{""@Name"":""ModifyingApplication"",""#text"":""C:\\Windows\\System32\\oobe\\Setup.exe""},{""@Name"":""SchemaVersion"",""#text"":""522""},{""@Name"":""RuleStatus"",""#text"":""65536""}]}}"
10,10,2024-05-27 02:37:24.718750+00:00,2004,Info,Microsoft-Windows-Windows Firewall With Advanced Security,Microsoft-Windows-Windows Firewall With Advanced Security/Firewall,340,1396,37L4247F27-25,0,S-1-5-19,A rule has been added to the Windows Defender Firewall exception list,,LocalSubnet: *,: Media Center Extenders - HTTP Streaming (TCP-In),System,Direction: Inbound,Action: Allow,Protocol: TCP,,,False,C:\Users\BRIANNA\OneDrive\Documents\GitHub\NSSECU3_MP2\win7_files\Logs\Microsoft-Windows-Windows Firewall With Advanced Security_4Firewall.evtx,0x8000020000000000,0,"{""EventData"":{""Data"":[{""@Name"":""RuleId"",""#text"":""MCX-HTTPSTR-In-TCP""},{""@Name"":""RuleName"",""#text"":""Media Center Extenders - HTTP Streaming (TCP-In)""},{""@Name"":""Origin"",""#text"":""1""},{""@Name"":""ApplicationPath"",""#text"":""System""},{""@Name"":""ServiceName""},{""@Name"":""Direction"",""#text"":""1""},{""@Name"":""Protocol"",""#text"":""6""},{""@Name"":""LocalPorts"",""#text"":""10244""},{""@Name"":""RemotePorts"",""#text"":""*""},{""@Name"":""Action"",""#text"":""3""},{""@Name"":""Profiles"",""#text"":""2147483647""},{""@Name"":""LocalAddresses"",""#text"":""*""},{""@Name"":""RemoteAddresses"",""#text"":""LocalSubnet""},{""@Name"":""RemoteMachineAuthorizationList""},{""@Name"":""RemoteUserAuthorizationList""},{""@Name"":""EmbeddedContext"",""#text"":""@FirewallAPI.dll,-30752""},{""@Name"":""Flags"",""#text"":""0""},{""@Name"":""Active"",""#text"":""0""},{""@Name"":""EdgeTraversal"",""#text"":""0""},{""@Name"":""LooseSourceMapped"",""#text"":""0""},{""@Name"":""SecurityOptions"",""#text"":""0""},{""@Name"":""ModifyingUser"",""#text"":""S-1-5-18""},{""@Name"":""ModifyingApplication"",""#text"":""C:\\Windows\\System32\\oobe\\Setup.exe""},{""@Name"":""SchemaVersion"",""#text"":""522""},{""@Name"":""RuleStatus"",""#text"":""65536""}]}}"
14,14,2024-05-27 02:37:24.734375+00:00,2004,Info,Microsoft-Windows-Windows Firewall With Advanced Security,Microsoft-Windows-Windows Firewall With Advanced Security/Firewall,340,1396,37L4247F27-25,0,S-1-5-19,A rule has been added to the Windows Defender Firewall exception list,,LocalSubnet: *,mcx2svc: Media Center Extenders - Service (TCP-Out),C:\Windows\system32\svchost.exe,Direction: Outbound,Action: Allow,Protocol: TCP,,,False,C:\Users\BRIANNA\OneDrive\Documents\GitHub\NSSECU3_MP2\win7_files\Logs\Microsoft-Windows-Windows Firewall With Advanced Security_4Firewall.evtx,0x8000020000000000,0,"{""EventData"":{""Data"":[{""@Name"":""RuleId"",""#text"":""MCX-MCX2SVC-Out-TCP""},{""@Name"":""RuleName"",""#text"":""Media Center Extenders - Service (TCP-Out)""},{""@Name"":""Origin"",""#text"":""1""},{""@Name"":""ApplicationPath"",""#text"":""C:\\Windows\\system32\\svchost.exe""},{""@Name"":""ServiceName"",""#text"":""mcx2svc""},{""@Name"":""Direction"",""#text"":""2""},{""@Name"":""Protocol"",""#text"":""6""},{""@Name"":""LocalPorts"",""#text"":""*""},{""@Name"":""RemotePorts"",""#text"":""*""},{""@Name"":""Action"",""#text"":""3""},{""@Name"":""Profiles"",""#text"":""2147483647""},{""@Name"":""LocalAddresses"",""#text"":""*""},{""@Name"":""RemoteAddresses"",""#text"":""LocalSubnet""},{""@Name"":""RemoteMachineAuthorizationList""},{""@Name"":""RemoteUserAuthorizationList""},{""@Name"":""EmbeddedContext"",""#text"":""@FirewallAPI.dll,-30752""},{""@Name"":""Flags"",""#text"":""0""},{""@Name"":""Active"",""#text"":""0""},{""@Name"":""EdgeTraversal"",""#text"":""0""},{""@Name"":""LooseSourceMapped"",""#text"":""0""},{""@Name"":""SecurityOptions"",""#text"":""0""},{""@Name"":""ModifyingUser"",""#text"":""S-1-5-18""},{""@Name"":""ModifyingApplication"",""#text"":""C:\\Windows\\System32\\oobe\\Setup.exe""},{""@Name"":""SchemaVersion"",""#text"":""522""},{""@Name"":""RuleStatus"",""#text"":""65536""}]}}"
11,11,2024-05-27 02:37:24.734375+00:00,2004,Info,Microsoft-Windows-Windows Firewall With Advanced Security,Microsoft-Windows-Windows Firewall With Advanced Security/Firewall,340,1396,37L4247F27-25,0,S-1-5-19,A rule has been added to the Windows Defender Firewall exception list,,LocalSubnet: *,: Media Center Extenders - XSP (TCP-In),System,Direction: Inbound,Action: Allow,Protocol: TCP,,,False,C:\Users\BRIANNA\OneDrive\Documents\GitHub\NSSECU3_MP2\win7_files\Logs\Microsoft-Windows-Windows Firewall With Advanced Security_4Firewall.evtx,0x8000020000000000,0,"{""EventData"":{""Data"":[{""@Name"":""RuleId"",""#text"":""MCX-TERMSRV-In-TCP""},{""@Name"":""RuleName"",""#text"":""Media Center Extenders - XSP (TCP-In)""},{""@Name"":""Origin"",""#text"":""1""},{""@Name"":""ApplicationPath"",""#text"":""System""},{""@Name"":""ServiceName""},{""@Name"":""Direction"",""#text"":""1""},{""@Name"":""Protocol"",""#text"":""6""},{""@Name"":""LocalPorts"",""#text"":""3390""},{""@Name"":""RemotePorts"",""#text"":""*""},{""@Name"":""Action"",""#text"":""3""},{""@Name"":""Profiles"",""#text"":""2147483647""},{""@Name"":""LocalAddresses"",""#text"":""*""},{""@Name"":""RemoteAddresses"",""#text"":""LocalSubnet""},{""@Name"":""RemoteMachineAuthorizationList""},{""@Name"":""RemoteUserAuthorizationList""},{""@Name"":""EmbeddedContext"",""#text"":""@FirewallAPI.dll,-30752""},{""@Name"":""Flags"",""#text"":""0""},{""@Name"":""Active"",""#text"":""0""},{""@Name"":""EdgeTraversal"",""#text"":""0""},{""@Name"":""LooseSourceMapped"",""#text"":""0""},{""@Name"":""SecurityOptions"",""#text"":""0""},{""@Name"":""ModifyingUser"",""#text"":""S-1-5-18""},{""@Name"":""ModifyingApplication"",""#text"":""C:\\Windows\\System32\\oobe\\Setup.exe""},{""@Name"":""SchemaVersion"",""#text"":""522""},{""@Name"":""RuleStatus"",""#text"":""65536""}]}}"
12,12,2024-05-27 02:37:24.734375+00:00,2004,Info,Microsoft-Windows-Windows Firewall With Advanced Security,Microsoft-Windows-Windows Firewall With Advanced Security/Firewall,340,1536,37L4247F27-25,0,S-1-5-19,A rule has been added to the Windows Defender Firewall exception list,,LocalSubnet: *,: Media Center Extenders - WMDRM-ND/RTP/RTCP (UDP-In),C:\Windows\ehome\ehshell.exe,Direction: Inbound,Action: Allow,Protocol: UDP,,,False,C:\Users\BRIANNA\OneDrive\Documents\GitHub\NSSECU3_MP2\win7_files\Logs\Microsoft-Windows-Windows Firewall With Advanced Security_4Firewall.evtx,0x8000020000000000,0,"{""EventData"":{""Data"":[{""@Name"":""RuleId"",""#text"":""MCX-In-UDP""},{""@Name"":""RuleName"",""#text"":""Media Center Extenders - WMDRM-ND/RTP/RTCP (UDP-In)""},{""@Name"":""Origin"",""#text"":""1""},{""@Name"":""ApplicationPath"",""#text"":""C:\\Windows\\ehome\\ehshell.exe""},{""@Name"":""ServiceName""},{""@Name"":""Direction"",""#text"":""1""},{""@Name"":""Protocol"",""#text"":""17""},{""@Name"":""LocalPorts"",""#text"":""7777,7778,7779,7780,7781,5004,5005,50004,50005,50006,50007,50008,50009,50010,50011,50012,50013""},{""@Name"":""RemotePorts"",""#text"":""*""},{""@Name"":""Action"",""#text"":""3""},{""@Name"":""Profiles"",""#text"":""2147483647""},{""@Name"":""LocalAddresses"",""#text"":""*""},{""@Name"":""RemoteAddresses"",""#text"":""LocalSubnet""},{""@Name"":""RemoteMachineAuthorizationList""},{""@Name"":""RemoteUserAuthorizationList""},{""@Name"":""EmbeddedContext"",""#text"":""@FirewallAPI.dll,-30752""},{""@Name"":""Flags"",""#text"":""0""},{""@Name"":""Active"",""#text"":""0""},{""@Name"":""EdgeTraversal"",""#text"":""0""},{""@Name"":""LooseSourceMapped"",""#text"":""0""},{""@Name"":""SecurityOptions"",""#text"":""0""},{""@Name"":""ModifyingUser"",""#text"":""S-1-5-18""},{""@Name"":""ModifyingApplication"",""#text"":""C:\\Windows\\System32\\oobe\\Setup.exe""},{""@Name"":""SchemaVersion"",""#text"":""522""},{""@Name"":""RuleStatus"",""#text"":""65536""}]}}"
13,13,2024-05-27 02:37:24.734375+00:00,2004,Info,Microsoft-Windows-Windows Firewall With Advanced Security,Microsoft-Windows-Windows Firewall With Advanced Security/Firewall,340,1536,37L4247F27-25,0,S-1-5-19,A rule has been added to the Windows Defender Firewall exception list,,LocalSubnet: *,: Media Center Extenders - WMDRM-ND/RTP/RTCP (UDP-Out),C:\Windows\ehome\ehshell.exe,Direction: Outbound,Action: Allow,Protocol: UDP,,,False,C:\Users\BRIANNA\OneDrive\Documents\GitHub\NSSECU3_MP2\win7_files\Logs\Microsoft-Windows-Windows Firewall With Advanced Security_4Firewall.evtx,0x8000020000000000,0,"{""EventData"":{""Data"":[{""@Name"":""RuleId"",""#text"":""MCX-Out-UDP""},{""@Name"":""RuleName"",""#text"":""Media Center Extenders - WMDRM-ND/RTP/RTCP (UDP-Out)""},{""@Name"":""Origin"",""#text"":""1""},{""@Name"":""ApplicationPath"",""#text"":""C:\\Windows\\ehome\\ehshell.exe""},{""@Name"":""ServiceName""},{""@Name"":""Direction"",""#text"":""2""},{""@Name"":""Protocol"",""#text"":""17""},{""@Name"":""LocalPorts"",""#text"":""*""},{""@Name"":""RemotePorts"",""#text"":""*""},{""@Name"":""Action"",""#text"":""3""},{""@Name"":""Profiles"",""#text"":""2147483647""},{""@Name"":""LocalAddresses"",""#text"":""*""},{""@Name"":""RemoteAddresses"",""#text"":""LocalSubnet""},{""@Name"":""RemoteMachineAuthorizationList""},{""@Name"":""RemoteUserAuthorizationList""},{""@Name"":""EmbeddedContext"",""#text"":""@FirewallAPI.dll,-30752""},{""@Name"":""Flags"",""#text"":""0""},{""@Name"":""Active"",""#text"":""0""},{""@Name"":""EdgeTraversal"",""#text"":""0""},{""@Name"":""LooseSourceMapped"",""#text"":""0""},{""@Name"":""SecurityOptions"",""#text"":""0""},{""@Name"":""ModifyingUser"",""#text"":""S-1-5-18""},{""@Name"":""ModifyingApplication"",""#text"":""C:\\Windows\\System32\\oobe\\Setup.exe""},{""@Name"":""SchemaVersion"",""#text"":""522""},{""@Name"":""RuleStatus"",""#text"":""65536""}]}}"
15,15,2024-05-27 02:37:24.750000+00:00,2004,Info,Microsoft-Windows-Windows Firewall With Advanced Security,Microsoft-Windows-Windows Firewall With Advanced Security/Firewall,340,1536,37L4247F27-25,0,S-1-5-19,A rule has been added to the Windows Defender Firewall exception list,,*: *,: Media Center Extenders - Device Provisioning (TCP-Out),C:\Windows\ehome\mcx2prov.exe,Direction: Outbound,Action: Allow,Protocol: TCP,,,False,C:\Users\BRIANNA\OneDrive\Documents\GitHub\NSSECU3_MP2\win7_files\Logs\Microsoft-Windows-Windows Firewall With Advanced Security_4Firewall.evtx,0x8000020000000000,0,"{""EventData"":{""Data"":[{""@Name"":""RuleId"",""#text"":""MCX-Prov-Out-TCP""},{""@Name"":""RuleName"",""#text"":""Media Center Extenders - Device Provisioning (TCP-Out)""},{""@Name"":""Origin"",""#text"":""1""},{""@Name"":""ApplicationPath"",""#text"":""C:\\Windows\\ehome\\mcx2prov.exe""},{""@Name"":""ServiceName""},{""@Name"":""Direction"",""#text"":""2""},{""@Name"":""Protocol"",""#text"":""6""},{""@Name"":""LocalPorts"",""#text"":""*""},{""@Name"":""RemotePorts"",""#text"":""*""},{""@Name"":""Action"",""#text"":""3""},{""@Name"":""Profiles"",""#text"":""2147483647""},{""@Name"":""LocalAddresses"",""#text"":""*""},{""@Name"":""RemoteAddresses"",""#text"":""*""},{""@Name"":""RemoteMachineAuthorizationList""},{""@Name"":""RemoteUserAuthorizationList""},{""@Name"":""EmbeddedContext"",""#text"":""@FirewallAPI.dll,-30752""},{""@Name"":""Flags"",""#text"":""0""},{""@Name"":""Active"",""#text"":""0""},{""@Name"":""EdgeTraversal"",""#text"":""0""},{""@Name"":""LooseSourceMapped"",""#text"":""0""},{""@Name"":""SecurityOptions"",""#text"":""0""},{""@Name"":""ModifyingUser"",""#text"":""S-1-5-18""},{""@Name"":""ModifyingApplication"",""#text"":""C:\\Windows\\System32\\oobe\\Setup.exe""},{""@Name"":""SchemaVersion"",""#text"":""522""},{""@Name"":""RuleStatus"",""#text"":""65536""}]}}"
