97,97,2024-05-27 02:36:43.250000+00:00,51046,Info,Microsoft-Windows-DHCPv6-Client,System,812,436,37L4247F27-25,0,S-1-5-19,,,,,,,,,,,False,C:\Users\BRIANNA\OneDrive\Documents\GitHub\NSSECU3_MP2\win7_files\Logs\System.evtx,0x2000000000000000,0,"{""EventData"":""""}"
98,98,2024-05-27 02:36:43.265625+00:00,7036,Info,Service Control Manager,System,448,536,37L4247F27-25,0,,Service started or stopped,,,Name: DHCP Client | DHCP Client,Status: running,,,,,,False,C:\Users\BRIANNA\OneDrive\Documents\GitHub\NSSECU3_MP2\win7_files\Logs\System.evtx,"Audit success, classic",0,"{""EventData"":{""Data"":[{""@Name"":""param1"",""#text"":""DHCP Client""},{""@Name"":""param2"",""#text"":""running""}],""Binary"":""44-00-68-00-63-00-70-00-2F-00-34-00-00-00""}}"
99,99,2024-05-27 02:36:43.328125+00:00,7036,Info,Service Control Manager,System,448,556,37L4247F27-25,0,,Service started or stopped,,,Name: DNS Client | DNS Client,Status: running,,,,,,False,C:\Users\BRIANNA\OneDrive\Documents\GitHub\NSSECU3_MP2\win7_files\Logs\System.evtx,"Audit success, classic",0,"{""EventData"":{""Data"":[{""@Name"":""param1"",""#text"":""DNS Client""},{""@Name"":""param2"",""#text"":""running""}],""Binary"":""44-00-6E-00-73-00-63-00-61-00-63-00-68-00-65-00-2F-00-34-00-00-00""}}"
100,100,2024-05-27 02:36:43.375000+00:00,7036,Info,Service Control Manager,System,448,556,37L4247F27-25,0,,Service started or stopped,,,Name: Shell Hardware Detection | Shell Hardware Detection,Status: running,,,,,,False,C:\Users\BRIANNA\OneDrive\Documents\GitHub\NSSECU3_MP2\win7_files\Logs\System.evtx,"Audit success, classic",0,"{""EventData"":{""Data"":[{""@Name"":""param1"",""#text"":""Shell Hardware Detection""},{""@Name"":""param2"",""#text"":""running""}],""Binary"":""53-00-68-00-65-00-6C-00-6C-00-48-00-57-00-44-00-65-00-74-00-65-00-63-00-74-00-69-00-6F-00-6E-00-2F-00-34-00-00-00""}}"
101,101,2024-05-27 02:36:43.515625+00:00,7036,Info,Service Control Manager,System,448,556,37L4247F27-25,0,,Service started or stopped,,,Name: Shell Hardware Detection | Shell Hardware Detection,Status: stopped,,,,,,False,C:\Users\BRIANNA\OneDrive\Documents\GitHub\NSSECU3_MP2\win7_files\Logs\System.evtx,"Audit success, classic",0,"{""EventData"":{""Data"":[{""@Name"":""param1"",""#text"":""Shell Hardware Detection""},{""@Name"":""param2"",""#text"":""stopped""}],""Binary"":""53-00-68-00-65-00-6C-00-6C-00-48-00-57-00-44-00-65-00-74-00-65-00-63-00-74-00-69-00-6F-00-6E-00-2F-00-31-00-00-00""}}"
2,2,2024-05-27 02:36:43.703125+00:00,3001,Info,Microsoft-Windows-BranchCacheSMB,Microsoft-Windows-BranchCacheSMB/Operational,844,972,37L4247F27-25,0,S-1-5-18,,,,,,,,,,,False,C:\Users\BRIANNA\OneDrive\Documents\GitHub\NSSECU3_MP2\win7_files\Logs\Microsoft-Windows-BranchCacheSMB_4Operational.evtx,0x8000000000000800,0,"{""EventData"":""""}"
102,102,2024-05-27 02:36:43.718750+00:00,7036,Info,Service Control Manager,System,448,536,37L4247F27-25,0,,Service started or stopped,,,Name: Task Scheduler | Task Scheduler,Status: running,,,,,,False,C:\Users\BRIANNA\OneDrive\Documents\GitHub\NSSECU3_MP2\win7_files\Logs\System.evtx,"Audit success, classic",0,"{""EventData"":{""Data"":[{""@Name"":""param1"",""#text"":""Task Scheduler""},{""@Name"":""param2"",""#text"":""running""}],""Binary"":""53-00-63-00-68-00-65-00-64-00-75-00-6C-00-65-00-2F-00-34-00-00-00""}}"
29,29,2024-05-27 02:36:44.281250+00:00,4672,LogAlways,Microsoft-Windows-Security-Auditing,Security,460,508,37L4247F27-25,0,,Administrative logon,NT AUTHORITY\SYSTEM (S-1-5-18),,"PrivilegeList: SeAssignPrimaryTokenPrivilege, SeTcbPrivilege, SeSecurityPrivilege, SeTakeOwnershipPrivilege, SeLoadDriverPrivilege, SeBackupPrivilege, SeRestorePrivilege, SeDebugPrivilege, SeAuditPrivilege, SeSystemEnvironmentPrivilege, SeImpersonatePrivilege",LogonId: 0x3E7,,,,,,False,C:\Users\BRIANNA\OneDrive\Documents\GitHub\NSSECU3_MP2\win7_files\Logs\Security.evtx,Audit success,0,"{""EventData"":{""Data"":[{""@Name"":""SubjectUserSid"",""#text"":""S-1-5-18""},{""@Name"":""SubjectUserName"",""#text"":""SYSTEM""},{""@Name"":""SubjectDomainName"",""#text"":""NT AUTHORITY""},{""@Name"":""SubjectLogonId"",""#text"":""0x3E7""},{""@Name"":""PrivilegeList"",""#text"":""SeAssignPrimaryTokenPrivilege, SeTcbPrivilege, SeSecurityPrivilege, SeTakeOwnershipPrivilege, SeLoadDriverPrivilege, SeBackupPrivilege, SeRestorePrivilege, SeDebugPrivilege, SeAuditPrivilege, SeSystemEnvironmentPrivilege, SeImpersonatePrivilege""}]}}"
28,28,2024-05-27 02:36:44.281250+00:00,4624,LogAlways,Microsoft-Windows-Security-Auditing,Security,460,508,37L4247F27-25,0,,Successful logon,WORKGROUP\37L4247F27-25$, (-),Target: NT AUTHORITY\SYSTEM,LogonType 5,LogonId: 0x3E7,AuthenticationPackageName: Negotiate,LogonProcessName: Advapi  ,,C:\Windows\System32\services.exe,False,C:\Users\BRIANNA\OneDrive\Documents\GitHub\NSSECU3_MP2\win7_files\Logs\Security.evtx,Audit success,0,"{""EventData"":{""Data"":[{""@Name"":""SubjectUserSid"",""#text"":""S-1-5-18""},{""@Name"":""SubjectUserName"",""#text"":""37L4247F27-25$""},{""@Name"":""SubjectDomainName"",""#text"":""WORKGROUP""},{""@Name"":""SubjectLogonId"",""#text"":""0x3E7""},{""@Name"":""TargetUserSid"",""#text"":""S-1-5-18""},{""@Name"":""TargetUserName"",""#text"":""SYSTEM""},{""@Name"":""TargetDomainName"",""#text"":""NT AUTHORITY""},{""@Name"":""TargetLogonId"",""#text"":""0x3E7""},{""@Name"":""LogonType"",""#text"":""5""},{""@Name"":""LogonProcessName"",""#text"":""Advapi  ""},{""@Name"":""AuthenticationPackageName"",""#text"":""Negotiate""},{""@Name"":""WorkstationName""},{""@Name"":""LogonGuid"",""#text"":""00000000-0000-0000-0000-000000000000""},{""@Name"":""TransmittedServices"",""#text"":""-""},{""@Name"":""LmPackageName"",""#text"":""-""},{""@Name"":""KeyLength"",""#text"":""0""},{""@Name"":""ProcessId"",""#text"":""0x1C0""},{""@Name"":""ProcessName"",""#text"":""C:\\Windows\\System32\\services.exe""},{""@Name"":""IpAddress"",""#text"":""-""},{""@Name"":""IpPort"",""#text"":""-""}]}}"
103,103,2024-05-27 02:36:44.453125+00:00,7036,Info,Service Control Manager,System,448,520,37L4247F27-25,0,,Service started or stopped,,,Name: Print Spooler | Print Spooler,Status: running,,,,,,False,C:\Users\BRIANNA\OneDrive\Documents\GitHub\NSSECU3_MP2\win7_files\Logs\System.evtx,"Audit success, classic",0,"{""EventData"":{""Data"":[{""@Name"":""param1"",""#text"":""Print Spooler""},{""@Name"":""param2"",""#text"":""running""}],""Binary"":""53-00-70-00-6F-00-6F-00-6C-00-65-00-72-00-2F-00-34-00-00-00""}}"
104,104,2024-05-27 02:36:44.687500+00:00,7036,Info,Service Control Manager,System,448,520,37L4247F27-25,0,,Service started or stopped,,,Name: Base Filtering Engine | Base Filtering Engine,Status: running,,,,,,False,C:\Users\BRIANNA\OneDrive\Documents\GitHub\NSSECU3_MP2\win7_files\Logs\System.evtx,"Audit success, classic",0,"{""EventData"":{""Data"":[{""@Name"":""param1"",""#text"":""Base Filtering Engine""},{""@Name"":""param2"",""#text"":""running""}],""Binary"":""42-00-46-00-45-00-2F-00-34-00-00-00""}}"
30,30,2024-05-27 02:36:44.703125+00:00,5033,LogAlways,Microsoft-Windows-Security-Auditing,Security,4,64,37L4247F27-25,0,,,,,,,,,,,,False,C:\Users\BRIANNA\OneDrive\Documents\GitHub\NSSECU3_MP2\win7_files\Logs\Security.evtx,Audit success,0,"{""EventData"":""""}"
105,105,2024-05-27 02:36:44.812500+00:00,7036,Info,Service Control Manager,System,448,536,37L4247F27-25,0,,Service started or stopped,,,Name: Windows Firewall | Windows Firewall,Status: running,,,,,,False,C:\Users\BRIANNA\OneDrive\Documents\GitHub\NSSECU3_MP2\win7_files\Logs\System.evtx,"Audit success, classic",0,"{""EventData"":{""Data"":[{""@Name"":""param1"",""#text"":""Windows Firewall""},{""@Name"":""param2"",""#text"":""running""}],""Binary"":""4D-00-70-00-73-00-53-00-76-00-63-00-2F-00-34-00-00-00""}}"
106,106,2024-05-27 02:36:44.843750+00:00,7036,Info,Service Control Manager,System,448,536,37L4247F27-25,0,,Service started or stopped,,,Name: Workstation | Workstation,Status: running,,,,,,False,C:\Users\BRIANNA\OneDrive\Documents\GitHub\NSSECU3_MP2\win7_files\Logs\System.evtx,"Audit success, classic",0,"{""EventData"":{""Data"":[{""@Name"":""param1"",""#text"":""Workstation""},{""@Name"":""param2"",""#text"":""running""}],""Binary"":""4C-00-61-00-6E-00-6D-00-61-00-6E-00-57-00-6F-00-72-00-6B-00-73-00-74-00-61-00-74-00-69-00-6F-00-6E-00-2F-00-34-00-00-00""}}"
107,107,2024-05-27 02:36:44.906250+00:00,7036,Info,Service Control Manager,System,448,536,37L4247F27-25,0,,Service started or stopped,,,Name: Diagnostic Policy Service | Diagnostic Policy Service,Status: running,,,,,,False,C:\Users\BRIANNA\OneDrive\Documents\GitHub\NSSECU3_MP2\win7_files\Logs\System.evtx,"Audit success, classic",0,"{""EventData"":{""Data"":[{""@Name"":""param1"",""#text"":""Diagnostic Policy Service""},{""@Name"":""param2"",""#text"":""running""}],""Binary"":""44-00-50-00-53-00-2F-00-34-00-00-00""}}"
109,109,2024-05-27 02:36:44.968750+00:00,201,Info,Microsoft-Windows-Application-Experience,System,844,1124,37L4247F27-25,0,S-1-5-18,,,,,,,,,,,False,C:\Users\BRIANNA\OneDrive\Documents\GitHub\NSSECU3_MP2\win7_files\Logs\System.evtx,Classic,0,"{""EventData"":""""}"
108,108,2024-05-27 02:36:44.968750+00:00,7036,Info,Service Control Manager,System,448,520,37L4247F27-25,0,,Service started or stopped,,,Name: Cryptographic Services | Cryptographic Services,Status: running,,,,,,False,C:\Users\BRIANNA\OneDrive\Documents\GitHub\NSSECU3_MP2\win7_files\Logs\System.evtx,"Audit success, classic",0,"{""EventData"":{""Data"":[{""@Name"":""param1"",""#text"":""Cryptographic Services""},{""@Name"":""param2"",""#text"":""running""}],""Binary"":""43-00-72-00-79-00-70-00-74-00-53-00-76-00-63-00-2F-00-34-00-00-00""}}"
110,110,2024-05-27 02:36:44.968750+00:00,7036,Info,Service Control Manager,System,448,520,37L4247F27-25,0,,Service started or stopped,,,Name: Program Compatibility Assistant Service | Program Compatibility Assistant Service,Status: running,,,,,,False,C:\Users\BRIANNA\OneDrive\Documents\GitHub\NSSECU3_MP2\win7_files\Logs\System.evtx,"Audit success, classic",0,"{""EventData"":{""Data"":[{""@Name"":""param1"",""#text"":""Program Compatibility Assistant Service""},{""@Name"":""param2"",""#text"":""running""}],""Binary"":""50-00-63-00-61-00-53-00-76-00-63-00-2F-00-34-00-00-00""}}"
4,4,2024-05-27 02:36:45+00:00,5615,LogAlways,Microsoft-Windows-WMI,Application,0,0,37L4247F27-25,0,,,,,,,,,,,,False,C:\Users\BRIANNA\OneDrive\Documents\GitHub\NSSECU3_MP2\win7_files\Logs\Application.evtx,0x80000000000000,0,"{""EventData"":{""Data"":"""",""Binary"":""""}}"
111,111,2024-05-27 02:36:45.015625+00:00,7036,Info,Service Control Manager,System,448,520,37L4247F27-25,0,,Service started or stopped,,,Name: Network Location Awareness | Network Location Awareness,Status: running,,,,,,False,C:\Users\BRIANNA\OneDrive\Documents\GitHub\NSSECU3_MP2\win7_files\Logs\System.evtx,"Audit success, classic",0,"{""EventData"":{""Data"":[{""@Name"":""param1"",""#text"":""Network Location Awareness""},{""@Name"":""param2"",""#text"":""running""}],""Binary"":""4E-00-6C-00-61-00-53-00-76-00-63-00-2F-00-34-00-00-00""}}"
31,31,2024-05-27 02:36:45.171875+00:00,5024,LogAlways,Microsoft-Windows-Security-Auditing,Security,460,508,37L4247F27-25,0,,,,,,,,,,,,False,C:\Users\BRIANNA\OneDrive\Documents\GitHub\NSSECU3_MP2\win7_files\Logs\Security.evtx,Audit success,0,"{""EventData"":""""}"
112,112,2024-05-27 02:36:45.171875+00:00,7036,Info,Service Control Manager,System,448,520,37L4247F27-25,0,,Service started or stopped,,,Name: Superfetch | Superfetch,Status: running,,,,,,False,C:\Users\BRIANNA\OneDrive\Documents\GitHub\NSSECU3_MP2\win7_files\Logs\System.evtx,"Audit success, classic",0,"{""EventData"":{""Data"":[{""@Name"":""param1"",""#text"":""Superfetch""},{""@Name"":""param2"",""#text"":""running""}],""Binary"":""53-00-79-00-73-00-4D-00-61-00-69-00-6E-00-2F-00-34-00-00-00""}}"
113,113,2024-05-27 02:36:45.218750+00:00,7036,Info,Service Control Manager,System,448,520,37L4247F27-25,0,,Service started or stopped,,,Name: Distributed Link Tracking Client | Distributed Link Tracking Client,Status: running,,,,,,False,C:\Users\BRIANNA\OneDrive\Documents\GitHub\NSSECU3_MP2\win7_files\Logs\System.evtx,"Audit success, classic",0,"{""EventData"":{""Data"":[{""@Name"":""param1"",""#text"":""Distributed Link Tracking Client""},{""@Name"":""param2"",""#text"":""running""}],""Binary"":""54-00-72-00-6B-00-57-00-6B-00-73-00-2F-00-34-00-00-00""}}"
114,114,2024-05-27 02:36:45.250000+00:00,7036,Info,Service Control Manager,System,448,520,37L4247F27-25,0,,Service started or stopped,,,Name: Windows Management Instrumentation | Windows Management Instrumentation,Status: running,,,,,,False,C:\Users\BRIANNA\OneDrive\Documents\GitHub\NSSECU3_MP2\win7_files\Logs\System.evtx,"Audit success, classic",0,"{""EventData"":{""Data"":[{""@Name"":""param1"",""#text"":""Windows Management Instrumentation""},{""@Name"":""param2"",""#text"":""running""}],""Binary"":""57-00-69-00-6E-00-6D-00-67-00-6D-00-74-00-2F-00-34-00-00-00""}}"
1,1,2024-05-27 02:36:45.421875+00:00,1017,Info,Microsoft-Windows-ReadyBoost,Microsoft-Windows-ReadyBoost/Operational,844,1152,37L4247F27-25,0,S-1-5-18,,,,,,,,,,,False,C:\Users\BRIANNA\OneDrive\Documents\GitHub\NSSECU3_MP2\win7_files\Logs\Microsoft-Windows-ReadyBoost_4Operational.evtx,0x8000000000004000,0,"{""EventData"":{""Data"":{""@Name"":""DeviceName"",""#text"":""Unknown Unknown""}}}"
115,115,2024-05-27 02:36:45.484375+00:00,7036,Info,Service Control Manager,System,448,520,37L4247F27-25,0,,Service started or stopped,,,Name: IP Helper | IP Helper,Status: running,,,,,,False,C:\Users\BRIANNA\OneDrive\Documents\GitHub\NSSECU3_MP2\win7_files\Logs\System.evtx,"Audit success, classic",0,"{""EventData"":{""Data"":[{""@Name"":""param1"",""#text"":""IP Helper""},{""@Name"":""param2"",""#text"":""running""}],""Binary"":""69-00-70-00-68-00-6C-00-70-00-73-00-76-00-63-00-2F-00-34-00-00-00""}}"
116,116,2024-05-27 02:36:45.828125+00:00,7036,Info,Service Control Manager,System,448,1172,37L4247F27-25,0,,Service started or stopped,,,Name: Server | Server,Status: running,,,,,,False,C:\Users\BRIANNA\OneDrive\Documents\GitHub\NSSECU3_MP2\win7_files\Logs\System.evtx,"Audit success, classic",0,"{""EventData"":{""Data"":[{""@Name"":""param1"",""#text"":""Server""},{""@Name"":""param2"",""#text"":""running""}],""Binary"":""4C-00-61-00-6E-00-6D-00-61-00-6E-00-53-00-65-00-72-00-76-00-65-00-72-00-2F-00-34-00-00-00""}}"
32,32,2024-05-27 02:36:45.828125+00:00,4624,LogAlways,Microsoft-Windows-Security-Auditing,Security,460,512,37L4247F27-25,0,,Successful logon,-\-, (-),Target: NT AUTHORITY\ANONYMOUS LOGON,LogonType 3,LogonId: 0x3DF1F,AuthenticationPackageName: NTLM,LogonProcessName: NtLmSsp ,,-,False,C:\Users\BRIANNA\OneDrive\Documents\GitHub\NSSECU3_MP2\win7_files\Logs\Security.evtx,Audit success,0,"{""EventData"":{""Data"":[{""@Name"":""SubjectUserSid"",""#text"":""S-1-0-0""},{""@Name"":""SubjectUserName"",""#text"":""-""},{""@Name"":""SubjectDomainName"",""#text"":""-""},{""@Name"":""SubjectLogonId"",""#text"":""0x0""},{""@Name"":""TargetUserSid"",""#text"":""S-1-5-7""},{""@Name"":""TargetUserName"",""#text"":""ANONYMOUS LOGON""},{""@Name"":""TargetDomainName"",""#text"":""NT AUTHORITY""},{""@Name"":""TargetLogonId"",""#text"":""0x3DF1F""},{""@Name"":""LogonType"",""#text"":""3""},{""@Name"":""LogonProcessName"",""#text"":""NtLmSsp ""},{""@Name"":""AuthenticationPackageName"",""#text"":""NTLM""},{""@Name"":""WorkstationName""},{""@Name"":""LogonGuid"",""#text"":""00000000-0000-0000-0000-000000000000""},{""@Name"":""TransmittedServices"",""#text"":""-""},{""@Name"":""LmPackageName"",""#text"":""NTLM V1""},{""@Name"":""KeyLength"",""#text"":""0""},{""@Name"":""ProcessId"",""#text"":""0x0""},{""@Name"":""ProcessName"",""#text"":""-""},{""@Name"":""IpAddress"",""#text"":""-""},{""@Name"":""IpPort"",""#text"":""-""}]}}"
117,117,2024-05-27 02:36:45.890625+00:00,7036,Info,Service Control Manager,System,448,536,37L4247F27-25,0,,Service started or stopped,,,Name: Diagnostic Service Host | Diagnostic Service Host,Status: running,,,,,,False,C:\Users\BRIANNA\OneDrive\Documents\GitHub\NSSECU3_MP2\win7_files\Logs\System.evtx,"Audit success, classic",0,"{""EventData"":{""Data"":[{""@Name"":""param1"",""#text"":""Diagnostic Service Host""},{""@Name"":""param2"",""#text"":""running""}],""Binary"":""57-00-64-00-69-00-53-00-65-00-72-00-76-00-69-00-63-00-65-00-48-00-6F-00-73-00-74-00-2F-00-34-00-00-00""}}"
118,118,2024-05-27 02:36:45.937500+00:00,7036,Info,Service Control Manager,System,448,556,37L4247F27-25,0,,Service started or stopped,,,Name: Diagnostic System Host | Diagnostic System Host,Status: running,,,,,,False,C:\Users\BRIANNA\OneDrive\Documents\GitHub\NSSECU3_MP2\win7_files\Logs\System.evtx,"Audit success, classic",0,"{""EventData"":{""Data"":[{""@Name"":""param1"",""#text"":""Diagnostic System Host""},{""@Name"":""param2"",""#text"":""running""}],""Binary"":""57-00-64-00-69-00-53-00-79-00-73-00-74-00-65-00-6D-00-48-00-6F-00-73-00-74-00-2F-00-34-00-00-00""}}"
2,2,2024-05-27 02:36:45.984375+00:00,105,Info,Microsoft-Windows-Diagnosis-DPS,Microsoft-Windows-Diagnosis-DPS/Operational,340,1032,37L4247F27-25,0,S-1-5-19,,,,,,,,,,,False,C:\Users\BRIANNA\OneDrive\Documents\GitHub\NSSECU3_MP2\win7_files\Logs\Microsoft-Windows-Diagnosis-DPS_4Operational.evtx,0x4000000800000000,0,"{""EventData"":{""Data"":[{""@Name"":""ScenarioId"",""#text"":""2698178d-fdad-40ae-9d3c-1371703adc5b""},{""@Name"":""InstanceId"",""#text"":""aca9ee3e-69c8-4a76-8248-1f7380d7692d""},{""@Name"":""OriginalActivityId"",""#text"":""2698178d-fdad-40ae-9d3c-1371703adc5b""},{""@Name"":""DiagnosticModuleImageName"",""#text"":""%SystemRoot%\\system32\\diagperf.dll""},{""@Name"":""DiagnosticModuleId"",""#text"":""15fba3b8-a37a-4f91-bdba-fbb98fe804bf""}]}}"
1,1,2024-05-27 02:36:45.984375+00:00,100,Info,Microsoft-Windows-Diagnosis-DPS,Microsoft-Windows-Diagnosis-DPS/Operational,340,1032,37L4247F27-25,0,S-1-5-19,,,,,,,,,,,False,C:\Users\BRIANNA\OneDrive\Documents\GitHub\NSSECU3_MP2\win7_files\Logs\Microsoft-Windows-Diagnosis-DPS_4Operational.evtx,0x4000000800000000,0,"{""EventData"":{""Data"":[{""@Name"":""ScenarioId"",""#text"":""2698178d-fdad-40ae-9d3c-1371703adc5b""},{""@Name"":""InstanceId"",""#text"":""aca9ee3e-69c8-4a76-8248-1f7380d7692d""},{""@Name"":""OriginalActivityId"",""#text"":""2698178d-fdad-40ae-9d3c-1371703adc5b""},{""@Name"":""DiagnosticModuleImageName"",""#text"":""%SystemRoot%\\system32\\diagperf.dll""},{""@Name"":""DiagnosticModuleId"",""#text"":""15fba3b8-a37a-4f91-bdba-fbb98fe804bf""}]}}"
5,5,2024-05-27 02:36:46+00:00,5617,LogAlways,Microsoft-Windows-WMI,Application,0,0,37L4247F27-25,0,,,,,,,,,,,,False,C:\Users\BRIANNA\OneDrive\Documents\GitHub\NSSECU3_MP2\win7_files\Logs\Application.evtx,0x80000000000000,0,"{""EventData"":{""Data"":"""",""Binary"":""""}}"
119,119,2024-05-27 02:36:46.031250+00:00,7036,Info,Service Control Manager,System,448,536,37L4247F27-25,0,,Service started or stopped,,,Name: Application Experience | Application Experience,Status: running,,,,,,False,C:\Users\BRIANNA\OneDrive\Documents\GitHub\NSSECU3_MP2\win7_files\Logs\System.evtx,"Audit success, classic",0,"{""EventData"":{""Data"":[{""@Name"":""param1"",""#text"":""Application Experience""},{""@Name"":""param2"",""#text"":""running""}],""Binary"":""41-00-65-00-4C-00-6F-00-6F-00-6B-00-75-00-70-00-53-00-76-00-63-00-2F-00-34-00-00-00""}}"
120,120,2024-05-27 02:36:46.171875+00:00,7036,Info,Service Control Manager,System,448,556,37L4247F27-25,0,,Service started or stopped,,,Name: Network List Service | Network List Service,Status: running,,,,,,False,C:\Users\BRIANNA\OneDrive\Documents\GitHub\NSSECU3_MP2\win7_files\Logs\System.evtx,"Audit success, classic",0,"{""EventData"":{""Data"":[{""@Name"":""param1"",""#text"":""Network List Service""},{""@Name"":""param2"",""#text"":""running""}],""Binary"":""6E-00-65-00-74-00-70-00-72-00-6F-00-66-00-6D-00-2F-00-34-00-00-00""}}"
121,121,2024-05-27 02:36:46.187500+00:00,7036,Info,Service Control Manager,System,448,556,37L4247F27-25,0,,Service started or stopped,,,Name: Portable Device Enumerator Service | Portable Device Enumerator Service,Status: running,,,,,,False,C:\Users\BRIANNA\OneDrive\Documents\GitHub\NSSECU3_MP2\win7_files\Logs\System.evtx,"Audit success, classic",0,"{""EventData"":{""Data"":[{""@Name"":""param1"",""#text"":""Portable Device Enumerator Service""},{""@Name"":""param2"",""#text"":""running""}],""Binary"":""57-00-50-00-44-00-42-00-75-00-73-00-45-00-6E-00-75-00-6D-00-2F-00-34-00-00-00""}}"
1,1,2024-05-27 02:36:46.437500+00:00,2011,Info,Microsoft-Windows-Windows Firewall With Advanced Security,Microsoft-Windows-Windows Firewall With Advanced Security/Firewall,340,1072,37L4247F27-25,0,S-1-5-19,Windows Firewall unable to notify user of blocked application,,,S-1-5-18,C:\windows\system32\lsass.exe,,Protocol: TCP,,,,False,C:\Users\BRIANNA\OneDrive\Documents\GitHub\NSSECU3_MP2\win7_files\Logs\Microsoft-Windows-Windows Firewall With Advanced Security_4Firewall.evtx,Classic,0,"{""EventData"":{""Data"":[{""@Name"":""ReasonCode"",""#text"":""1""},{""@Name"":""ApplicationPath"",""#text"":""C:\\windows\\system32\\lsass.exe""},{""@Name"":""IPVersion"",""#text"":""1""},{""@Name"":""Protocol"",""#text"":""6""},{""@Name"":""Port"",""#text"":""49156""},{""@Name"":""ProcessId"",""#text"":""460""},{""@Name"":""ModifyingUser"",""#text"":""S-1-5-18""}]}}"
122,122,2024-05-27 02:36:47.203125+00:00,20003,Info,Microsoft-Windows-UserPnp,System,1424,1460,37L4247F27-25,0,S-1-5-18,Service installation,,,ServiceName: umbus,AddServiceStatus: Unknown code (0),,UpdateService: True,PrimaryService: True,DeviceInstanceID: ROOT\UMBUS\0000,system32\DRIVERS\umbus.sys,False,C:\Users\BRIANNA\OneDrive\Documents\GitHub\NSSECU3_MP2\win7_files\Logs\System.evtx,Classic,0,"{""UserData"":{""AddServiceID"":{""ServiceName"":""umbus"",""DriverFileName"":""system32\\DRIVERS\\umbus.sys"",""DeviceInstanceID"":""ROOT\\UMBUS\\0000"",""PrimaryService"":""True"",""UpdateService"":""True"",""AddServiceStatus"":""0""}}}"
123,123,2024-05-27 02:36:47.281250+00:00,20001,Info,Microsoft-Windows-UserPnp,System,1424,1460,37L4247F27-25,0,S-1-5-18,Device installation,,,DriverDescription: UMBus Root Bus Enumerator,InstallStatus: Installation Successful,IsDriverOEM: False,UpgradeDevice: True,RebootOption: False,DeviceInstanceID: ROOT\UMBUS\0000,FileRepository\umbus.inf_amd64_neutral_2d4257afa2e35253\umbus.inf,False,C:\Users\BRIANNA\OneDrive\Documents\GitHub\NSSECU3_MP2\win7_files\Logs\System.evtx,Classic,0,"{""UserData"":{""InstallDeviceID"":{""DriverName"":""FileRepository\\umbus.inf_amd64_neutral_2d4257afa2e35253\\umbus.inf"",""DriverVersion"":""6.1.7601.17514"",""DriverProvider"":""Microsoft"",""DeviceInstanceID"":""ROOT\\UMBUS\\0000"",""SetupClass"":""4d36e97d-e325-11ce-bfc1-08002be10318"",""RebootOption"":""False"",""UpgradeDevice"":""True"",""IsDriverOEM"":""False"",""InstallStatus"":""0x0"",""DriverDescription"":""UMBus Root Bus Enumerator""}}}"
124,124,2024-05-27 02:36:47.562500+00:00,20001,Info,Microsoft-Windows-UserPnp,System,1432,1448,37L4247F27-25,0,S-1-5-18,Device installation,,,DriverDescription: System CMOS/real time clock,InstallStatus: Installation Successful,IsDriverOEM: False,UpgradeDevice: False,RebootOption: True,DeviceInstanceID: ACPI\PNP0B00\4&amp;3B4F7DA4&amp;0,FileRepository\machine.inf_amd64_neutral_a2f120466549d68b\machine.inf,False,C:\Users\BRIANNA\OneDrive\Documents\GitHub\NSSECU3_MP2\win7_files\Logs\System.evtx,Classic,0,"{""UserData"":{""InstallDeviceID"":{""DriverName"":""FileRepository\\machine.inf_amd64_neutral_a2f120466549d68b\\machine.inf"",""DriverVersion"":""6.1.7601.17514"",""DriverProvider"":""Microsoft"",""DeviceInstanceID"":""ACPI\\PNP0B00\\4&amp;3B4F7DA4&amp;0"",""SetupClass"":""4d36e97d-e325-11ce-bfc1-08002be10318"",""RebootOption"":""True"",""UpgradeDevice"":""False"",""IsDriverOEM"":""False"",""InstallStatus"":""0x0"",""DriverDescription"":""System CMOS/real time clock""}}}"
125,125,2024-05-27 02:36:47.750000+00:00,20003,Info,Microsoft-Windows-UserPnp,System,1416,1456,37L4247F27-25,0,S-1-5-18,Service installation,,,ServiceName: vdrvroot,AddServiceStatus: Unknown code (0),,UpdateService: True,PrimaryService: True,DeviceInstanceID: ROOT\VDRVROOT\0000,system32\DRIVERS\vdrvroot.sys,False,C:\Users\BRIANNA\OneDrive\Documents\GitHub\NSSECU3_MP2\win7_files\Logs\System.evtx,Classic,0,"{""UserData"":{""AddServiceID"":{""ServiceName"":""vdrvroot"",""DriverFileName"":""system32\\DRIVERS\\vdrvroot.sys"",""DeviceInstanceID"":""ROOT\\VDRVROOT\\0000"",""PrimaryService"":""True"",""UpdateService"":""True"",""AddServiceStatus"":""0""}}}"
126,126,2024-05-27 02:36:47.921875+00:00,20001,Info,Microsoft-Windows-UserPnp,System,1416,1456,37L4247F27-25,0,S-1-5-18,Device installation,,,DriverDescription: Microsoft Virtual Drive Enumerator Driver,InstallStatus: Installation Successful,IsDriverOEM: False,UpgradeDevice: False,RebootOption: False,DeviceInstanceID: ROOT\VDRVROOT\0000,FileRepository\machine.inf_amd64_neutral_a2f120466549d68b\machine.inf,False,C:\Users\BRIANNA\OneDrive\Documents\GitHub\NSSECU3_MP2\win7_files\Logs\System.evtx,Classic,0,"{""UserData"":{""InstallDeviceID"":{""DriverName"":""FileRepository\\machine.inf_amd64_neutral_a2f120466549d68b\\machine.inf"",""DriverVersion"":""6.1.7601.17514"",""DriverProvider"":""Microsoft"",""DeviceInstanceID"":""ROOT\\VDRVROOT\\0000"",""SetupClass"":""4d36e97d-e325-11ce-bfc1-08002be10318"",""RebootOption"":""False"",""UpgradeDevice"":""False"",""IsDriverOEM"":""False"",""InstallStatus"":""0x0"",""DriverDescription"":""Microsoft Virtual Drive Enumerator Driver""}}}"
127,127,2024-05-27 02:36:48.046875+00:00,20003,Info,Microsoft-Windows-UserPnp,System,1408,1452,37L4247F27-25,0,S-1-5-18,Service installation,,,ServiceName: swenum,AddServiceStatus: Unknown code (0),,UpdateService: True,PrimaryService: True,DeviceInstanceID: ROOT\SYSTEM\0000,system32\DRIVERS\swenum.sys,False,C:\Users\BRIANNA\OneDrive\Documents\GitHub\NSSECU3_MP2\win7_files\Logs\System.evtx,Classic,0,"{""UserData"":{""AddServiceID"":{""ServiceName"":""swenum"",""DriverFileName"":""system32\\DRIVERS\\swenum.sys"",""DeviceInstanceID"":""ROOT\\SYSTEM\\0000"",""PrimaryService"":""True"",""UpdateService"":""True"",""AddServiceStatus"":""0""}}}"
128,128,2024-05-27 02:36:48.203125+00:00,20001,Info,Microsoft-Windows-UserPnp,System,1408,1452,37L4247F27-25,0,S-1-5-18,Device installation,,,DriverDescription: Plug and Play Software Device Enumerator,InstallStatus: Installation Successful,IsDriverOEM: False,UpgradeDevice: True,RebootOption: False,DeviceInstanceID: ROOT\SYSTEM\0000,FileRepository\machine.inf_amd64_neutral_a2f120466549d68b\machine.inf,False,C:\Users\BRIANNA\OneDrive\Documents\GitHub\NSSECU3_MP2\win7_files\Logs\System.evtx,Classic,0,"{""UserData"":{""InstallDeviceID"":{""DriverName"":""FileRepository\\machine.inf_amd64_neutral_a2f120466549d68b\\machine.inf"",""DriverVersion"":""6.1.7601.17514"",""DriverProvider"":""Microsoft"",""DeviceInstanceID"":""ROOT\\SYSTEM\\0000"",""SetupClass"":""4d36e97d-e325-11ce-bfc1-08002be10318"",""RebootOption"":""False"",""UpgradeDevice"":""True"",""IsDriverOEM"":""False"",""InstallStatus"":""0x0"",""DriverDescription"":""Plug and Play Software Device Enumerator""}}}"
129,129,2024-05-27 02:36:48.250000+00:00,20001,Info,Microsoft-Windows-UserPnp,System,1604,1612,37L4247F27-25,0,S-1-5-18,Device installation,,,DriverDescription: ACPI x64-based PC,InstallStatus: Installation Successful,IsDriverOEM: False,UpgradeDevice: True,RebootOption: True,DeviceInstanceID: ROOT\ACPI_HAL\0000,FileRepository\hal.inf_amd64_neutral_232b95977cf6d84c\hal.inf,False,C:\Users\BRIANNA\OneDrive\Documents\GitHub\NSSECU3_MP2\win7_files\Logs\System.evtx,Classic,0,"{""UserData"":{""InstallDeviceID"":{""DriverName"":""FileRepository\\hal.inf_amd64_neutral_232b95977cf6d84c\\hal.inf"",""DriverVersion"":""6.1.7600.16385"",""DriverProvider"":""Microsoft"",""DeviceInstanceID"":""ROOT\\ACPI_HAL\\0000"",""SetupClass"":""4d36e966-e325-11ce-bfc1-08002be10318"",""RebootOption"":""True"",""UpgradeDevice"":""True"",""IsDriverOEM"":""False"",""InstallStatus"":""0x0"",""DriverDescription"":""ACPI x64-based PC""}}}"
130,130,2024-05-27 02:36:48.437500+00:00,20003,Info,Microsoft-Windows-UserPnp,System,1636,1644,37L4247F27-25,0,S-1-5-18,Service installation,,,ServiceName: volmgr,AddServiceStatus: Unknown code (0),,UpdateService: True,PrimaryService: True,DeviceInstanceID: ROOT\VOLMGR\0000,system32\DRIVERS\volmgr.sys,False,C:\Users\BRIANNA\OneDrive\Documents\GitHub\NSSECU3_MP2\win7_files\Logs\System.evtx,Classic,0,"{""UserData"":{""AddServiceID"":{""ServiceName"":""volmgr"",""DriverFileName"":""system32\\DRIVERS\\volmgr.sys"",""DeviceInstanceID"":""ROOT\\VOLMGR\\0000"",""PrimaryService"":""True"",""UpdateService"":""True"",""AddServiceStatus"":""0""}}}"
131,131,2024-05-27 02:36:48.437500+00:00,20001,Info,Microsoft-Windows-UserPnp,System,1636,1644,37L4247F27-25,0,S-1-5-18,Device installation,,,DriverDescription: Volume Manager,InstallStatus: Installation Successful,IsDriverOEM: False,UpgradeDevice: True,RebootOption: True,DeviceInstanceID: ROOT\VOLMGR\0000,FileRepository\machine.inf_amd64_neutral_a2f120466549d68b\machine.inf,False,C:\Users\BRIANNA\OneDrive\Documents\GitHub\NSSECU3_MP2\win7_files\Logs\System.evtx,Classic,0,"{""UserData"":{""InstallDeviceID"":{""DriverName"":""FileRepository\\machine.inf_amd64_neutral_a2f120466549d68b\\machine.inf"",""DriverVersion"":""6.1.7601.17514"",""DriverProvider"":""Microsoft"",""DeviceInstanceID"":""ROOT\\VOLMGR\\0000"",""SetupClass"":""4d36e97d-e325-11ce-bfc1-08002be10318"",""RebootOption"":""True"",""UpgradeDevice"":""True"",""IsDriverOEM"":""False"",""InstallStatus"":""0x0"",""DriverDescription"":""Volume Manager""}}}"
132,132,2024-05-27 02:36:48.718750+00:00,20003,Info,Microsoft-Windows-UserPnp,System,1668,1676,37L4247F27-25,0,S-1-5-18,Service installation,,,ServiceName: blbdrive,AddServiceStatus: Unknown code (0),,UpdateService: True,PrimaryService: True,DeviceInstanceID: ROOT\BLBDRIVE\0000,system32\DRIVERS\blbdrive.sys,False,C:\Users\BRIANNA\OneDrive\Documents\GitHub\NSSECU3_MP2\win7_files\Logs\System.evtx,Classic,0,"{""UserData"":{""AddServiceID"":{""ServiceName"":""blbdrive"",""DriverFileName"":""system32\\DRIVERS\\blbdrive.sys"",""DeviceInstanceID"":""ROOT\\BLBDRIVE\\0000"",""PrimaryService"":""True"",""UpdateService"":""True"",""AddServiceStatus"":""0""}}}"
133,133,2024-05-27 02:36:48.828125+00:00,20001,Info,Microsoft-Windows-UserPnp,System,1668,1676,37L4247F27-25,0,S-1-5-18,Device installation,,,DriverDescription: File as Volume Driver,InstallStatus: Installation Successful,IsDriverOEM: False,UpgradeDevice: True,RebootOption: True,DeviceInstanceID: ROOT\BLBDRIVE\0000,FileRepository\blbdrive.inf_amd64_neutral_1aa816fe7dc98c3f\blbdrive.inf,False,C:\Users\BRIANNA\OneDrive\Documents\GitHub\NSSECU3_MP2\win7_files\Logs\System.evtx,Classic,0,"{""UserData"":{""InstallDeviceID"":{""DriverName"":""FileRepository\\blbdrive.inf_amd64_neutral_1aa816fe7dc98c3f\\blbdrive.inf"",""DriverVersion"":""6.1.7600.16385"",""DriverProvider"":""Microsoft"",""DeviceInstanceID"":""ROOT\\BLBDRIVE\\0000"",""SetupClass"":""4d36e97d-e325-11ce-bfc1-08002be10318"",""RebootOption"":""True"",""UpgradeDevice"":""True"",""IsDriverOEM"":""False"",""InstallStatus"":""0x0"",""DriverDescription"":""File as Volume Driver""}}}"
134,134,2024-05-27 02:36:49.062500+00:00,20003,Info,Microsoft-Windows-UserPnp,System,1736,1744,37L4247F27-25,0,S-1-5-18,Service installation,,,ServiceName: mssmbios,AddServiceStatus: Unknown code (0),,UpdateService: True,PrimaryService: True,DeviceInstanceID: ROOT\MSSMBIOS\0000,system32\DRIVERS\mssmbios.sys,False,C:\Users\BRIANNA\OneDrive\Documents\GitHub\NSSECU3_MP2\win7_files\Logs\System.evtx,Classic,0,"{""UserData"":{""AddServiceID"":{""ServiceName"":""mssmbios"",""DriverFileName"":""system32\\DRIVERS\\mssmbios.sys"",""DeviceInstanceID"":""ROOT\\MSSMBIOS\\0000"",""PrimaryService"":""True"",""UpdateService"":""True"",""AddServiceStatus"":""0""}}}"
135,135,2024-05-27 02:36:49.234375+00:00,20001,Info,Microsoft-Windows-UserPnp,System,1736,1744,37L4247F27-25,0,S-1-5-18,Device installation,,,DriverDescription: Microsoft System Management BIOS Driver,InstallStatus: Installation Successful,IsDriverOEM: False,UpgradeDevice: False,RebootOption: False,DeviceInstanceID: ROOT\MSSMBIOS\0000,FileRepository\machine.inf_amd64_neutral_a2f120466549d68b\machine.inf,False,C:\Users\BRIANNA\OneDrive\Documents\GitHub\NSSECU3_MP2\win7_files\Logs\System.evtx,Classic,0,"{""UserData"":{""InstallDeviceID"":{""DriverName"":""FileRepository\\machine.inf_amd64_neutral_a2f120466549d68b\\machine.inf"",""DriverVersion"":""6.1.7601.17514"",""DriverProvider"":""Microsoft"",""DeviceInstanceID"":""ROOT\\MSSMBIOS\\0000"",""SetupClass"":""4d36e97d-e325-11ce-bfc1-08002be10318"",""RebootOption"":""False"",""UpgradeDevice"":""False"",""IsDriverOEM"":""False"",""InstallStatus"":""0x0"",""DriverDescription"":""Microsoft System Management BIOS Driver""}}}"
136,136,2024-05-27 02:36:49.406250+00:00,20003,Info,Microsoft-Windows-UserPnp,System,1716,1724,37L4247F27-25,0,S-1-5-18,Service installation,,,ServiceName: CompositeBus,AddServiceStatus: Unknown code (0),,UpdateService: True,PrimaryService: True,DeviceInstanceID: ROOT\COMPOSITEBUS\0000,system32\DRIVERS\CompositeBus.sys,False,C:\Users\BRIANNA\OneDrive\Documents\GitHub\NSSECU3_MP2\win7_files\Logs\System.evtx,Classic,0,"{""UserData"":{""AddServiceID"":{""ServiceName"":""CompositeBus"",""DriverFileName"":""system32\\DRIVERS\\CompositeBus.sys"",""DeviceInstanceID"":""ROOT\\COMPOSITEBUS\\0000"",""PrimaryService"":""True"",""UpdateService"":""True"",""AddServiceStatus"":""0""}}}"
137,137,2024-05-27 02:36:49.593750+00:00,20001,Info,Microsoft-Windows-UserPnp,System,1716,1724,37L4247F27-25,0,S-1-5-18,Device installation,,,DriverDescription: Composite Bus Enumerator,InstallStatus: Installation Successful,IsDriverOEM: False,UpgradeDevice: True,RebootOption: False,DeviceInstanceID: ROOT\COMPOSITEBUS\0000,FileRepository\compositebus.inf_amd64_neutral_b9280780a8000d4b\compositebus.inf,False,C:\Users\BRIANNA\OneDrive\Documents\GitHub\NSSECU3_MP2\win7_files\Logs\System.evtx,Classic,0,"{""UserData"":{""InstallDeviceID"":{""DriverName"":""FileRepository\\compositebus.inf_amd64_neutral_b9280780a8000d4b\\compositebus.inf"",""DriverVersion"":""6.1.7601.17514"",""DriverProvider"":""Microsoft"",""DeviceInstanceID"":""ROOT\\COMPOSITEBUS\\0000"",""SetupClass"":""4d36e97d-e325-11ce-bfc1-08002be10318"",""RebootOption"":""False"",""UpgradeDevice"":""True"",""IsDriverOEM"":""False"",""InstallStatus"":""0x0"",""DriverDescription"":""Composite Bus Enumerator""}}}"
138,138,2024-05-27 02:36:49.984375+00:00,20003,Info,Microsoft-Windows-UserPnp,System,1908,1916,37L4247F27-25,0,S-1-5-18,Service installation,,,ServiceName: NdisWan,AddServiceStatus: Unknown code (0),,UpdateService: True,PrimaryService: True,DeviceInstanceID: ROOT\MS_NDISWANIP\0000,system32\DRIVERS\ndiswan.sys,False,C:\Users\BRIANNA\OneDrive\Documents\GitHub\NSSECU3_MP2\win7_files\Logs\System.evtx,Classic,0,"{""UserData"":{""AddServiceID"":{""ServiceName"":""NdisWan"",""DriverFileName"":""system32\\DRIVERS\\ndiswan.sys"",""DeviceInstanceID"":""ROOT\\MS_NDISWANIP\\0000"",""PrimaryService"":""True"",""UpdateService"":""True"",""AddServiceStatus"":""0""}}}"
139,139,2024-05-27 02:36:49.984375+00:00,20003,Info,Microsoft-Windows-UserPnp,System,1908,1916,37L4247F27-25,0,S-1-5-18,Service installation,,,ServiceName: NdisTapi,AddServiceStatus: Unknown code (0),,UpdateService: True,PrimaryService: False,DeviceInstanceID: ROOT\MS_NDISWANIP\0000,system32\DRIVERS\ndistapi.sys,False,C:\Users\BRIANNA\OneDrive\Documents\GitHub\NSSECU3_MP2\win7_files\Logs\System.evtx,Classic,0,"{""UserData"":{""AddServiceID"":{""ServiceName"":""NdisTapi"",""DriverFileName"":""system32\\DRIVERS\\ndistapi.sys"",""DeviceInstanceID"":""ROOT\\MS_NDISWANIP\\0000"",""PrimaryService"":""False"",""UpdateService"":""True"",""AddServiceStatus"":""0""}}}"
140,140,2024-05-27 02:36:50.390625+00:00,20001,Info,Microsoft-Windows-UserPnp,System,1908,1916,37L4247F27-25,0,S-1-5-18,Device installation,,,DriverDescription: WAN Miniport (IP),InstallStatus: Installation Successful,IsDriverOEM: False,UpgradeDevice: True,RebootOption: False,DeviceInstanceID: ROOT\MS_NDISWANIP\0000,,False,C:\Users\BRIANNA\OneDrive\Documents\GitHub\NSSECU3_MP2\win7_files\Logs\System.evtx,Classic,0,"{""UserData"":{""InstallDeviceID"":{""DriverName"":"""",""DriverVersion"":""6.1.7601.17514"",""DriverProvider"":""Microsoft"",""DeviceInstanceID"":""ROOT\\MS_NDISWANIP\\0000"",""SetupClass"":""4d36e972-e325-11ce-bfc1-08002be10318"",""RebootOption"":""False"",""UpgradeDevice"":""True"",""IsDriverOEM"":""False"",""InstallStatus"":""0x0"",""DriverDescription"":""WAN Miniport (IP)""}}}"
141,141,2024-05-27 02:36:50.468750+00:00,20003,Info,Microsoft-Windows-UserPnp,System,1820,1828,37L4247F27-25,0,S-1-5-18,Service installation,,,ServiceName: Rasl2tp,AddServiceStatus: Unknown code (0),,UpdateService: True,PrimaryService: True,DeviceInstanceID: ROOT\MS_L2TPMINIPORT\0000,system32\DRIVERS\rasl2tp.sys,False,C:\Users\BRIANNA\OneDrive\Documents\GitHub\NSSECU3_MP2\win7_files\Logs\System.evtx,Classic,0,"{""UserData"":{""AddServiceID"":{""ServiceName"":""Rasl2tp"",""DriverFileName"":""system32\\DRIVERS\\rasl2tp.sys"",""DeviceInstanceID"":""ROOT\\MS_L2TPMINIPORT\\0000"",""PrimaryService"":""True"",""UpdateService"":""True"",""AddServiceStatus"":""0""}}}"
142,142,2024-05-27 02:36:50.671875+00:00,20001,Info,Microsoft-Windows-UserPnp,System,1820,1828,37L4247F27-25,0,S-1-5-18,Device installation,,,DriverDescription: WAN Miniport (L2TP),InstallStatus: Installation Successful,IsDriverOEM: False,UpgradeDevice: True,RebootOption: False,DeviceInstanceID: ROOT\MS_L2TPMINIPORT\0000,,False,C:\Users\BRIANNA\OneDrive\Documents\GitHub\NSSECU3_MP2\win7_files\Logs\System.evtx,Classic,0,"{""UserData"":{""InstallDeviceID"":{""DriverName"":"""",""DriverVersion"":""6.1.7601.17514"",""DriverProvider"":""Microsoft"",""DeviceInstanceID"":""ROOT\\MS_L2TPMINIPORT\\0000"",""SetupClass"":""4d36e972-e325-11ce-bfc1-08002be10318"",""RebootOption"":""False"",""UpgradeDevice"":""True"",""IsDriverOEM"":""False"",""InstallStatus"":""0x0"",""DriverDescription"":""WAN Miniport (L2TP)""}}}"
143,143,2024-05-27 02:36:50.750000+00:00,20003,Info,Microsoft-Windows-UserPnp,System,1772,1780,37L4247F27-25,0,S-1-5-18,Service installation,,,ServiceName: RasAgileVpn,AddServiceStatus: Unknown code (0),,UpdateService: True,PrimaryService: True,DeviceInstanceID: ROOT\MS_AGILEVPNMINIPORT\0000,system32\DRIVERS\AgileVpn.sys,False,C:\Users\BRIANNA\OneDrive\Documents\GitHub\NSSECU3_MP2\win7_files\Logs\System.evtx,Classic,0,"{""UserData"":{""AddServiceID"":{""ServiceName"":""RasAgileVpn"",""DriverFileName"":""system32\\DRIVERS\\AgileVpn.sys"",""DeviceInstanceID"":""ROOT\\MS_AGILEVPNMINIPORT\\0000"",""PrimaryService"":""True"",""UpdateService"":""True"",""AddServiceStatus"":""0""}}}"
144,144,2024-05-27 02:36:50.968750+00:00,20001,Info,Microsoft-Windows-UserPnp,System,1772,1780,37L4247F27-25,0,S-1-5-18,Device installation,,,DriverDescription: WAN Miniport (IKEv2),InstallStatus: Installation Successful,IsDriverOEM: False,UpgradeDevice: True,RebootOption: False,DeviceInstanceID: ROOT\MS_AGILEVPNMINIPORT\0000,,False,C:\Users\BRIANNA\OneDrive\Documents\GitHub\NSSECU3_MP2\win7_files\Logs\System.evtx,Classic,0,"{""UserData"":{""InstallDeviceID"":{""DriverName"":"""",""DriverVersion"":""6.1.7601.17514"",""DriverProvider"":""Microsoft"",""DeviceInstanceID"":""ROOT\\MS_AGILEVPNMINIPORT\\0000"",""SetupClass"":""4d36e972-e325-11ce-bfc1-08002be10318"",""RebootOption"":""False"",""UpgradeDevice"":""True"",""IsDriverOEM"":""False"",""InstallStatus"":""0x0"",""DriverDescription"":""WAN Miniport (IKEv2)""}}}"
145,145,2024-05-27 02:36:51.046875+00:00,20003,Info,Microsoft-Windows-UserPnp,System,1860,1868,37L4247F27-25,0,S-1-5-18,Service installation,,,ServiceName: NdisWan,AddServiceStatus: Unknown code (0),,UpdateService: True,PrimaryService: True,DeviceInstanceID: ROOT\MS_NDISWANBH\0000,system32\DRIVERS\ndiswan.sys,False,C:\Users\BRIANNA\OneDrive\Documents\GitHub\NSSECU3_MP2\win7_files\Logs\System.evtx,Classic,0,"{""UserData"":{""AddServiceID"":{""ServiceName"":""NdisWan"",""DriverFileName"":""system32\\DRIVERS\\ndiswan.sys"",""DeviceInstanceID"":""ROOT\\MS_NDISWANBH\\0000"",""PrimaryService"":""True"",""UpdateService"":""True"",""AddServiceStatus"":""0""}}}"
146,146,2024-05-27 02:36:51.296875+00:00,20003,Info,Microsoft-Windows-UserPnp,System,1860,1868,37L4247F27-25,0,S-1-5-18,Service installation,,,ServiceName: NdisTapi,AddServiceStatus: Unknown code (0),,UpdateService: True,PrimaryService: False,DeviceInstanceID: ROOT\MS_NDISWANBH\0000,system32\DRIVERS\ndistapi.sys,False,C:\Users\BRIANNA\OneDrive\Documents\GitHub\NSSECU3_MP2\win7_files\Logs\System.evtx,Classic,0,"{""UserData"":{""AddServiceID"":{""ServiceName"":""NdisTapi"",""DriverFileName"":""system32\\DRIVERS\\ndistapi.sys"",""DeviceInstanceID"":""ROOT\\MS_NDISWANBH\\0000"",""PrimaryService"":""False"",""UpdateService"":""True"",""AddServiceStatus"":""0""}}}"
147,147,2024-05-27 02:36:51.796875+00:00,20001,Info,Microsoft-Windows-UserPnp,System,1860,1868,37L4247F27-25,0,S-1-5-18,Device installation,,,DriverDescription: WAN Miniport (Network Monitor),InstallStatus: Installation Successful,IsDriverOEM: False,UpgradeDevice: True,RebootOption: False,DeviceInstanceID: ROOT\MS_NDISWANBH\0000,,False,C:\Users\BRIANNA\OneDrive\Documents\GitHub\NSSECU3_MP2\win7_files\Logs\System.evtx,Classic,0,"{""UserData"":{""InstallDeviceID"":{""DriverName"":"""",""DriverVersion"":""6.1.7601.17514"",""DriverProvider"":""Microsoft"",""DeviceInstanceID"":""ROOT\\MS_NDISWANBH\\0000"",""SetupClass"":""4d36e972-e325-11ce-bfc1-08002be10318"",""RebootOption"":""False"",""UpgradeDevice"":""True"",""IsDriverOEM"":""False"",""InstallStatus"":""0x0"",""DriverDescription"":""WAN Miniport (Network Monitor)""}}}"
148,148,2024-05-27 02:36:51.968750+00:00,20003,Info,Microsoft-Windows-UserPnp,System,1940,1948,37L4247F27-25,0,S-1-5-18,Service installation,,,ServiceName: NdisWan,AddServiceStatus: Unknown code (0),,UpdateService: True,PrimaryService: True,DeviceInstanceID: ROOT\MS_NDISWANIPV6\0000,system32\DRIVERS\ndiswan.sys,False,C:\Users\BRIANNA\OneDrive\Documents\GitHub\NSSECU3_MP2\win7_files\Logs\System.evtx,Classic,0,"{""UserData"":{""AddServiceID"":{""ServiceName"":""NdisWan"",""DriverFileName"":""system32\\DRIVERS\\ndiswan.sys"",""DeviceInstanceID"":""ROOT\\MS_NDISWANIPV6\\0000"",""PrimaryService"":""True"",""UpdateService"":""True"",""AddServiceStatus"":""0""}}}"
149,149,2024-05-27 02:36:51.968750+00:00,20003,Info,Microsoft-Windows-UserPnp,System,1940,1948,37L4247F27-25,0,S-1-5-18,Service installation,,,ServiceName: NdisTapi,AddServiceStatus: Unknown code (0),,UpdateService: True,PrimaryService: False,DeviceInstanceID: ROOT\MS_NDISWANIPV6\0000,system32\DRIVERS\ndistapi.sys,False,C:\Users\BRIANNA\OneDrive\Documents\GitHub\NSSECU3_MP2\win7_files\Logs\System.evtx,Classic,0,"{""UserData"":{""AddServiceID"":{""ServiceName"":""NdisTapi"",""DriverFileName"":""system32\\DRIVERS\\ndistapi.sys"",""DeviceInstanceID"":""ROOT\\MS_NDISWANIPV6\\0000"",""PrimaryService"":""False"",""UpdateService"":""True"",""AddServiceStatus"":""0""}}}"
150,150,2024-05-27 02:36:52.187500+00:00,20001,Info,Microsoft-Windows-UserPnp,System,1940,1948,37L4247F27-25,0,S-1-5-18,Device installation,,,DriverDescription: WAN Miniport (IPv6),InstallStatus: Installation Successful,IsDriverOEM: False,UpgradeDevice: True,RebootOption: False,DeviceInstanceID: ROOT\MS_NDISWANIPV6\0000,,False,C:\Users\BRIANNA\OneDrive\Documents\GitHub\NSSECU3_MP2\win7_files\Logs\System.evtx,Classic,0,"{""UserData"":{""InstallDeviceID"":{""DriverName"":"""",""DriverVersion"":""6.1.7601.17514"",""DriverProvider"":""Microsoft"",""DeviceInstanceID"":""ROOT\\MS_NDISWANIPV6\\0000"",""SetupClass"":""4d36e972-e325-11ce-bfc1-08002be10318"",""RebootOption"":""False"",""UpgradeDevice"":""True"",""IsDriverOEM"":""False"",""InstallStatus"":""0x0"",""DriverDescription"":""WAN Miniport (IPv6)""}}}"
151,151,2024-05-27 02:36:52.421875+00:00,20003,Info,Microsoft-Windows-UserPnp,System,1956,1972,37L4247F27-25,0,S-1-5-18,Service installation,,,ServiceName: RasPppoe,AddServiceStatus: Unknown code (0),,UpdateService: True,PrimaryService: True,DeviceInstanceID: ROOT\MS_PPPOEMINIPORT\0000,system32\DRIVERS\raspppoe.sys,False,C:\Users\BRIANNA\OneDrive\Documents\GitHub\NSSECU3_MP2\win7_files\Logs\System.evtx,Classic,0,"{""UserData"":{""AddServiceID"":{""ServiceName"":""RasPppoe"",""DriverFileName"":""system32\\DRIVERS\\raspppoe.sys"",""DeviceInstanceID"":""ROOT\\MS_PPPOEMINIPORT\\0000"",""PrimaryService"":""True"",""UpdateService"":""True"",""AddServiceStatus"":""0""}}}"
152,152,2024-05-27 02:36:52.640625+00:00,20001,Info,Microsoft-Windows-UserPnp,System,1956,1972,37L4247F27-25,0,S-1-5-18,Device installation,,,DriverDescription: WAN Miniport (PPPOE),InstallStatus: Installation Successful,IsDriverOEM: False,UpgradeDevice: True,RebootOption: False,DeviceInstanceID: ROOT\MS_PPPOEMINIPORT\0000,,False,C:\Users\BRIANNA\OneDrive\Documents\GitHub\NSSECU3_MP2\win7_files\Logs\System.evtx,Classic,0,"{""UserData"":{""InstallDeviceID"":{""DriverName"":"""",""DriverVersion"":""6.1.7601.17514"",""DriverProvider"":""Microsoft"",""DeviceInstanceID"":""ROOT\\MS_PPPOEMINIPORT\\0000"",""SetupClass"":""4d36e972-e325-11ce-bfc1-08002be10318"",""RebootOption"":""False"",""UpgradeDevice"":""True"",""IsDriverOEM"":""False"",""InstallStatus"":""0x0"",""DriverDescription"":""WAN Miniport (PPPOE)""}}}"
153,153,2024-05-27 02:36:52.859375+00:00,20003,Info,Microsoft-Windows-UserPnp,System,1992,2004,37L4247F27-25,0,S-1-5-18,Service installation,,,ServiceName: PptpMiniport,AddServiceStatus: Unknown code (0),,UpdateService: True,PrimaryService: True,DeviceInstanceID: ROOT\MS_PPTPMINIPORT\0000,system32\DRIVERS\raspptp.sys,False,C:\Users\BRIANNA\OneDrive\Documents\GitHub\NSSECU3_MP2\win7_files\Logs\System.evtx,Classic,0,"{""UserData"":{""AddServiceID"":{""ServiceName"":""PptpMiniport"",""DriverFileName"":""system32\\DRIVERS\\raspptp.sys"",""DeviceInstanceID"":""ROOT\\MS_PPTPMINIPORT\\0000"",""PrimaryService"":""True"",""UpdateService"":""True"",""AddServiceStatus"":""0""}}}"
154,154,2024-05-27 02:36:53.078125+00:00,20001,Info,Microsoft-Windows-UserPnp,System,1992,2004,37L4247F27-25,0,S-1-5-18,Device installation,,,DriverDescription: WAN Miniport (PPTP),InstallStatus: Installation Successful,IsDriverOEM: False,UpgradeDevice: True,RebootOption: False,DeviceInstanceID: ROOT\MS_PPTPMINIPORT\0000,,False,C:\Users\BRIANNA\OneDrive\Documents\GitHub\NSSECU3_MP2\win7_files\Logs\System.evtx,Classic,0,"{""UserData"":{""InstallDeviceID"":{""DriverName"":"""",""DriverVersion"":""6.1.7601.17514"",""DriverProvider"":""Microsoft"",""DeviceInstanceID"":""ROOT\\MS_PPTPMINIPORT\\0000"",""SetupClass"":""4d36e972-e325-11ce-bfc1-08002be10318"",""RebootOption"":""False"",""UpgradeDevice"":""True"",""IsDriverOEM"":""False"",""InstallStatus"":""0x0"",""DriverDescription"":""WAN Miniport (PPTP)""}}}"
155,155,2024-05-27 02:36:53.328125+00:00,20003,Info,Microsoft-Windows-UserPnp,System,1080,1124,37L4247F27-25,0,S-1-5-18,Service installation,,,ServiceName: TermDD,AddServiceStatus: Unknown code (0),,UpdateService: True,PrimaryService: True,DeviceInstanceID: ROOT\RDP_KBD\0000,system32\DRIVERS\termdd.sys,False,C:\Users\BRIANNA\OneDrive\Documents\GitHub\NSSECU3_MP2\win7_files\Logs\System.evtx,Classic,0,"{""UserData"":{""AddServiceID"":{""ServiceName"":""TermDD"",""DriverFileName"":""system32\\DRIVERS\\termdd.sys"",""DeviceInstanceID"":""ROOT\\RDP_KBD\\0000"",""PrimaryService"":""True"",""UpdateService"":""True"",""AddServiceStatus"":""0""}}}"
156,156,2024-05-27 02:36:53.343750+00:00,20003,Info,Microsoft-Windows-UserPnp,System,1080,1124,37L4247F27-25,0,S-1-5-18,Service installation,,,ServiceName: kbdclass,AddServiceStatus: Unknown code (0),,UpdateService: True,PrimaryService: False,DeviceInstanceID: ROOT\RDP_KBD\0000,system32\DRIVERS\kbdclass.sys,False,C:\Users\BRIANNA\OneDrive\Documents\GitHub\NSSECU3_MP2\win7_files\Logs\System.evtx,Classic,0,"{""UserData"":{""AddServiceID"":{""ServiceName"":""kbdclass"",""DriverFileName"":""system32\\DRIVERS\\kbdclass.sys"",""DeviceInstanceID"":""ROOT\\RDP_KBD\\0000"",""PrimaryService"":""False"",""UpdateService"":""True"",""AddServiceStatus"":""0""}}}"
157,157,2024-05-27 02:36:53.437500+00:00,20001,Info,Microsoft-Windows-UserPnp,System,1080,1124,37L4247F27-25,0,S-1-5-18,Device installation,,,DriverDescription: Terminal Server Keyboard Driver,InstallStatus: Installation Successful,IsDriverOEM: False,UpgradeDevice: True,RebootOption: True,DeviceInstanceID: ROOT\RDP_KBD\0000,FileRepository\machine.inf_amd64_neutral_a2f120466549d68b\machine.inf,False,C:\Users\BRIANNA\OneDrive\Documents\GitHub\NSSECU3_MP2\win7_files\Logs\System.evtx,Classic,0,"{""UserData"":{""InstallDeviceID"":{""DriverName"":""FileRepository\\machine.inf_amd64_neutral_a2f120466549d68b\\machine.inf"",""DriverVersion"":""6.1.7601.17514"",""DriverProvider"":""Microsoft"",""DeviceInstanceID"":""ROOT\\RDP_KBD\\0000"",""SetupClass"":""4d36e97d-e325-11ce-bfc1-08002be10318"",""RebootOption"":""True"",""UpgradeDevice"":""True"",""IsDriverOEM"":""False"",""InstallStatus"":""0x0"",""DriverDescription"":""Terminal Server Keyboard Driver""}}}"
158,158,2024-05-27 02:36:53.640625+00:00,20003,Info,Microsoft-Windows-UserPnp,System,2036,2044,37L4247F27-25,0,S-1-5-18,Service installation,,,ServiceName: RasSstp,AddServiceStatus: Unknown code (0),,UpdateService: True,PrimaryService: True,DeviceInstanceID: ROOT\MS_SSTPMINIPORT\0000,system32\DRIVERS\rassstp.sys,False,C:\Users\BRIANNA\OneDrive\Documents\GitHub\NSSECU3_MP2\win7_files\Logs\System.evtx,Classic,0,"{""UserData"":{""AddServiceID"":{""ServiceName"":""RasSstp"",""DriverFileName"":""system32\\DRIVERS\\rassstp.sys"",""DeviceInstanceID"":""ROOT\\MS_SSTPMINIPORT\\0000"",""PrimaryService"":""True"",""UpdateService"":""True"",""AddServiceStatus"":""0""}}}"
