42,42,2024-05-27 02:37:24.906250+00:00,2004,Info,Microsoft-Windows-Windows Firewall With Advanced Security,Microsoft-Windows-Windows Firewall With Advanced Security/Firewall,340,1396,37L4247F27-25,0,S-1-5-19,A rule has been added to the Windows Defender Firewall exception list,,*: *,: Remote Desktop (TCP-In),System,Direction: Inbound,Action: Allow,Protocol: TCP,,,False,C:\Users\BRIANNA\OneDrive\Documents\GitHub\NSSECU3_MP2\win7_files\Logs\Microsoft-Windows-Windows Firewall With Advanced Security_4Firewall.evtx,0x8000020000000000,0,"{""EventData"":{""Data"":[{""@Name"":""RuleId"",""#text"":""RemoteDesktop-In-TCP""},{""@Name"":""RuleName"",""#text"":""Remote Desktop (TCP-In)""},{""@Name"":""Origin"",""#text"":""1""},{""@Name"":""ApplicationPath"",""#text"":""System""},{""@Name"":""ServiceName""},{""@Name"":""Direction"",""#text"":""1""},{""@Name"":""Protocol"",""#text"":""6""},{""@Name"":""LocalPorts"",""#text"":""3389""},{""@Name"":""RemotePorts"",""#text"":""*""},{""@Name"":""Action"",""#text"":""3""},{""@Name"":""Profiles"",""#text"":""2147483647""},{""@Name"":""LocalAddresses"",""#text"":""*""},{""@Name"":""RemoteAddresses"",""#text"":""*""},{""@Name"":""RemoteMachineAuthorizationList""},{""@Name"":""RemoteUserAuthorizationList""},{""@Name"":""EmbeddedContext"",""#text"":""@FirewallAPI.dll,-28752""},{""@Name"":""Flags"",""#text"":""0""},{""@Name"":""Active"",""#text"":""0""},{""@Name"":""EdgeTraversal"",""#text"":""0""},{""@Name"":""LooseSourceMapped"",""#text"":""0""},{""@Name"":""SecurityOptions"",""#text"":""0""},{""@Name"":""ModifyingUser"",""#text"":""S-1-5-18""},{""@Name"":""ModifyingApplication"",""#text"":""C:\\Windows\\System32\\oobe\\Setup.exe""},{""@Name"":""SchemaVersion"",""#text"":""522""},{""@Name"":""RuleStatus"",""#text"":""65536""}]}}"
43,43,2024-05-27 02:37:24.921875+00:00,2004,Info,Microsoft-Windows-Windows Firewall With Advanced Security,Microsoft-Windows-Windows Firewall With Advanced Security/Firewall,340,1396,37L4247F27-25,0,S-1-5-19,A rule has been added to the Windows Defender Firewall exception list,,*: *,termservice: Remote Desktop - RemoteFX (TCP-In),C:\Windows\system32\svchost.exe,Direction: Inbound,Action: Allow,Protocol: TCP,,,False,C:\Users\BRIANNA\OneDrive\Documents\GitHub\NSSECU3_MP2\win7_files\Logs\Microsoft-Windows-Windows Firewall With Advanced Security_4Firewall.evtx,0x8000020000000000,0,"{""EventData"":{""Data"":[{""@Name"":""RuleId"",""#text"":""RemoteDesktop-UserMode-In-TCP""},{""@Name"":""RuleName"",""#text"":""Remote Desktop - RemoteFX (TCP-In)""},{""@Name"":""Origin"",""#text"":""1""},{""@Name"":""ApplicationPath"",""#text"":""C:\\Windows\\system32\\svchost.exe""},{""@Name"":""ServiceName"",""#text"":""termservice""},{""@Name"":""Direction"",""#text"":""1""},{""@Name"":""Protocol"",""#text"":""6""},{""@Name"":""LocalPorts"",""#text"":""3389""},{""@Name"":""RemotePorts"",""#text"":""*""},{""@Name"":""Action"",""#text"":""3""},{""@Name"":""Profiles"",""#text"":""2147483647""},{""@Name"":""LocalAddresses"",""#text"":""*""},{""@Name"":""RemoteAddresses"",""#text"":""*""},{""@Name"":""RemoteMachineAuthorizationList""},{""@Name"":""RemoteUserAuthorizationList""},{""@Name"":""EmbeddedContext"",""#text"":""@FirewallAPI.dll,-28852""},{""@Name"":""Flags"",""#text"":""0""},{""@Name"":""Active"",""#text"":""0""},{""@Name"":""EdgeTraversal"",""#text"":""0""},{""@Name"":""LooseSourceMapped"",""#text"":""0""},{""@Name"":""SecurityOptions"",""#text"":""0""},{""@Name"":""ModifyingUser"",""#text"":""S-1-5-18""},{""@Name"":""ModifyingApplication"",""#text"":""C:\\Windows\\System32\\oobe\\Setup.exe""},{""@Name"":""SchemaVersion"",""#text"":""522""},{""@Name"":""RuleStatus"",""#text"":""65536""}]}}"
45,45,2024-05-27 02:37:24.953125+00:00,2004,Info,Microsoft-Windows-Windows Firewall With Advanced Security,Microsoft-Windows-Windows Firewall With Advanced Security/Firewall,340,1536,37L4247F27-25,0,S-1-5-19,A rule has been added to the Windows Defender Firewall exception list,,*: 80,: BranchCache Content Retrieval (HTTP-Out),SYSTEM,Direction: Outbound,Action: Allow,Protocol: TCP,,,False,C:\Users\BRIANNA\OneDrive\Documents\GitHub\NSSECU3_MP2\win7_files\Logs\Microsoft-Windows-Windows Firewall With Advanced Security_4Firewall.evtx,0x8000020000000000,0,"{""EventData"":{""Data"":[{""@Name"":""RuleId"",""#text"":""Microsoft-Windows-PeerDist-HttpTrans-Out""},{""@Name"":""RuleName"",""#text"":""BranchCache Content Retrieval (HTTP-Out)""},{""@Name"":""Origin"",""#text"":""1""},{""@Name"":""ApplicationPath"",""#text"":""SYSTEM""},{""@Name"":""ServiceName""},{""@Name"":""Direction"",""#text"":""2""},{""@Name"":""Protocol"",""#text"":""6""},{""@Name"":""LocalPorts"",""#text"":""*""},{""@Name"":""RemotePorts"",""#text"":""80""},{""@Name"":""Action"",""#text"":""3""},{""@Name"":""Profiles"",""#text"":""2147483647""},{""@Name"":""LocalAddresses"",""#text"":""*""},{""@Name"":""RemoteAddresses"",""#text"":""*""},{""@Name"":""RemoteMachineAuthorizationList""},{""@Name"":""RemoteUserAuthorizationList""},{""@Name"":""EmbeddedContext"",""#text"":""@peerdistsh.dll,-9000""},{""@Name"":""Flags"",""#text"":""0""},{""@Name"":""Active"",""#text"":""0""},{""@Name"":""EdgeTraversal"",""#text"":""0""},{""@Name"":""LooseSourceMapped"",""#text"":""0""},{""@Name"":""SecurityOptions"",""#text"":""0""},{""@Name"":""ModifyingUser"",""#text"":""S-1-5-18""},{""@Name"":""ModifyingApplication"",""#text"":""C:\\Windows\\System32\\oobe\\Setup.exe""},{""@Name"":""SchemaVersion"",""#text"":""522""},{""@Name"":""RuleStatus"",""#text"":""65536""}]}}"
44,44,2024-05-27 02:37:24.953125+00:00,2004,Info,Microsoft-Windows-Windows Firewall With Advanced Security,Microsoft-Windows-Windows Firewall With Advanced Security/Firewall,340,1396,37L4247F27-25,0,S-1-5-19,A rule has been added to the Windows Defender Firewall exception list,,*: *,: BranchCache Content Retrieval (HTTP-In),SYSTEM,Direction: Inbound,Action: Allow,Protocol: TCP,,,False,C:\Users\BRIANNA\OneDrive\Documents\GitHub\NSSECU3_MP2\win7_files\Logs\Microsoft-Windows-Windows Firewall With Advanced Security_4Firewall.evtx,0x8000020000000000,0,"{""EventData"":{""Data"":[{""@Name"":""RuleId"",""#text"":""Microsoft-Windows-PeerDist-HttpTrans-In""},{""@Name"":""RuleName"",""#text"":""BranchCache Content Retrieval (HTTP-In)""},{""@Name"":""Origin"",""#text"":""1""},{""@Name"":""ApplicationPath"",""#text"":""SYSTEM""},{""@Name"":""ServiceName""},{""@Name"":""Direction"",""#text"":""1""},{""@Name"":""Protocol"",""#text"":""6""},{""@Name"":""LocalPorts"",""#text"":""80""},{""@Name"":""RemotePorts"",""#text"":""*""},{""@Name"":""Action"",""#text"":""3""},{""@Name"":""Profiles"",""#text"":""2147483647""},{""@Name"":""LocalAddresses"",""#text"":""*""},{""@Name"":""RemoteAddresses"",""#text"":""*""},{""@Name"":""RemoteMachineAuthorizationList""},{""@Name"":""RemoteUserAuthorizationList""},{""@Name"":""EmbeddedContext"",""#text"":""@peerdistsh.dll,-9000""},{""@Name"":""Flags"",""#text"":""0""},{""@Name"":""Active"",""#text"":""0""},{""@Name"":""EdgeTraversal"",""#text"":""0""},{""@Name"":""LooseSourceMapped"",""#text"":""0""},{""@Name"":""SecurityOptions"",""#text"":""0""},{""@Name"":""ModifyingUser"",""#text"":""S-1-5-18""},{""@Name"":""ModifyingApplication"",""#text"":""C:\\Windows\\System32\\oobe\\Setup.exe""},{""@Name"":""SchemaVersion"",""#text"":""522""},{""@Name"":""RuleStatus"",""#text"":""65536""}]}}"
46,46,2024-05-27 02:37:24.968750+00:00,2004,Info,Microsoft-Windows-Windows Firewall With Advanced Security,Microsoft-Windows-Windows Firewall With Advanced Security/Firewall,340,1536,37L4247F27-25,0,S-1-5-19,A rule has been added to the Windows Defender Firewall exception list,,LocalSubnet: *,PeerDistSvc: BranchCache Peer Discovery (WSD-In),C:\Windows\system32\svchost.exe,Direction: Inbound,Action: Allow,Protocol: UDP,,,False,C:\Users\BRIANNA\OneDrive\Documents\GitHub\NSSECU3_MP2\win7_files\Logs\Microsoft-Windows-Windows Firewall With Advanced Security_4Firewall.evtx,0x8000020000000000,0,"{""EventData"":{""Data"":[{""@Name"":""RuleId"",""#text"":""Microsoft-Windows-PeerDist-WSD-In""},{""@Name"":""RuleName"",""#text"":""BranchCache Peer Discovery (WSD-In)""},{""@Name"":""Origin"",""#text"":""1""},{""@Name"":""ApplicationPath"",""#text"":""C:\\Windows\\system32\\svchost.exe""},{""@Name"":""ServiceName"",""#text"":""PeerDistSvc""},{""@Name"":""Direction"",""#text"":""1""},{""@Name"":""Protocol"",""#text"":""17""},{""@Name"":""LocalPorts"",""#text"":""3702""},{""@Name"":""RemotePorts"",""#text"":""*""},{""@Name"":""Action"",""#text"":""3""},{""@Name"":""Profiles"",""#text"":""2147483647""},{""@Name"":""LocalAddresses"",""#text"":""*""},{""@Name"":""RemoteAddresses"",""#text"":""LocalSubnet""},{""@Name"":""RemoteMachineAuthorizationList""},{""@Name"":""RemoteUserAuthorizationList""},{""@Name"":""EmbeddedContext"",""#text"":""@peerdistsh.dll,-9001""},{""@Name"":""Flags"",""#text"":""0""},{""@Name"":""Active"",""#text"":""0""},{""@Name"":""EdgeTraversal"",""#text"":""0""},{""@Name"":""LooseSourceMapped"",""#text"":""0""},{""@Name"":""SecurityOptions"",""#text"":""0""},{""@Name"":""ModifyingUser"",""#text"":""S-1-5-18""},{""@Name"":""ModifyingApplication"",""#text"":""C:\\Windows\\System32\\oobe\\Setup.exe""},{""@Name"":""SchemaVersion"",""#text"":""522""},{""@Name"":""RuleStatus"",""#text"":""65536""}]}}"
48,48,2024-05-27 02:37:24.968750+00:00,2004,Info,Microsoft-Windows-Windows Firewall With Advanced Security,Microsoft-Windows-Windows Firewall With Advanced Security/Firewall,340,1536,37L4247F27-25,0,S-1-5-19,A rule has been added to the Windows Defender Firewall exception list,,*: *,: BranchCache Hosted Cache Server (HTTP-In),SYSTEM,Direction: Inbound,Action: Allow,Protocol: TCP,,,False,C:\Users\BRIANNA\OneDrive\Documents\GitHub\NSSECU3_MP2\win7_files\Logs\Microsoft-Windows-Windows Firewall With Advanced Security_4Firewall.evtx,0x8000020000000000,0,"{""EventData"":{""Data"":[{""@Name"":""RuleId"",""#text"":""Microsoft-Windows-PeerDist-HostedServer-In""},{""@Name"":""RuleName"",""#text"":""BranchCache Hosted Cache Server (HTTP-In)""},{""@Name"":""Origin"",""#text"":""1""},{""@Name"":""ApplicationPath"",""#text"":""SYSTEM""},{""@Name"":""ServiceName""},{""@Name"":""Direction"",""#text"":""1""},{""@Name"":""Protocol"",""#text"":""6""},{""@Name"":""LocalPorts"",""#text"":""443""},{""@Name"":""RemotePorts"",""#text"":""*""},{""@Name"":""Action"",""#text"":""3""},{""@Name"":""Profiles"",""#text"":""2147483647""},{""@Name"":""LocalAddresses"",""#text"":""*""},{""@Name"":""RemoteAddresses"",""#text"":""*""},{""@Name"":""RemoteMachineAuthorizationList""},{""@Name"":""RemoteUserAuthorizationList""},{""@Name"":""EmbeddedContext"",""#text"":""@peerdistsh.dll,-9002""},{""@Name"":""Flags"",""#text"":""0""},{""@Name"":""Active"",""#text"":""0""},{""@Name"":""EdgeTraversal"",""#text"":""0""},{""@Name"":""LooseSourceMapped"",""#text"":""0""},{""@Name"":""SecurityOptions"",""#text"":""0""},{""@Name"":""ModifyingUser"",""#text"":""S-1-5-18""},{""@Name"":""ModifyingApplication"",""#text"":""C:\\Windows\\System32\\oobe\\Setup.exe""},{""@Name"":""SchemaVersion"",""#text"":""522""},{""@Name"":""RuleStatus"",""#text"":""65536""}]}}"
47,47,2024-05-27 02:37:24.968750+00:00,2004,Info,Microsoft-Windows-Windows Firewall With Advanced Security,Microsoft-Windows-Windows Firewall With Advanced Security/Firewall,340,1536,37L4247F27-25,0,S-1-5-19,A rule has been added to the Windows Defender Firewall exception list,,LocalSubnet: 3702,PeerDistSvc: BranchCache Peer Discovery (WSD-Out),C:\Windows\system32\svchost.exe,Direction: Outbound,Action: Allow,Protocol: UDP,,,False,C:\Users\BRIANNA\OneDrive\Documents\GitHub\NSSECU3_MP2\win7_files\Logs\Microsoft-Windows-Windows Firewall With Advanced Security_4Firewall.evtx,0x8000020000000000,0,"{""EventData"":{""Data"":[{""@Name"":""RuleId"",""#text"":""Microsoft-Windows-PeerDist-WSD-Out""},{""@Name"":""RuleName"",""#text"":""BranchCache Peer Discovery (WSD-Out)""},{""@Name"":""Origin"",""#text"":""1""},{""@Name"":""ApplicationPath"",""#text"":""C:\\Windows\\system32\\svchost.exe""},{""@Name"":""ServiceName"",""#text"":""PeerDistSvc""},{""@Name"":""Direction"",""#text"":""2""},{""@Name"":""Protocol"",""#text"":""17""},{""@Name"":""LocalPorts"",""#text"":""*""},{""@Name"":""RemotePorts"",""#text"":""3702""},{""@Name"":""Action"",""#text"":""3""},{""@Name"":""Profiles"",""#text"":""2147483647""},{""@Name"":""LocalAddresses"",""#text"":""*""},{""@Name"":""RemoteAddresses"",""#text"":""LocalSubnet""},{""@Name"":""RemoteMachineAuthorizationList""},{""@Name"":""RemoteUserAuthorizationList""},{""@Name"":""EmbeddedContext"",""#text"":""@peerdistsh.dll,-9001""},{""@Name"":""Flags"",""#text"":""0""},{""@Name"":""Active"",""#text"":""0""},{""@Name"":""EdgeTraversal"",""#text"":""0""},{""@Name"":""LooseSourceMapped"",""#text"":""0""},{""@Name"":""SecurityOptions"",""#text"":""0""},{""@Name"":""ModifyingUser"",""#text"":""S-1-5-18""},{""@Name"":""ModifyingApplication"",""#text"":""C:\\Windows\\System32\\oobe\\Setup.exe""},{""@Name"":""SchemaVersion"",""#text"":""522""},{""@Name"":""RuleStatus"",""#text"":""65536""}]}}"
50,50,2024-05-27 02:37:24.984375+00:00,2004,Info,Microsoft-Windows-Windows Firewall With Advanced Security,Microsoft-Windows-Windows Firewall With Advanced Security/Firewall,340,1396,37L4247F27-25,0,S-1-5-19,A rule has been added to the Windows Defender Firewall exception list,,*: 443,: BranchCache Hosted Cache Client (HTTP-Out),SYSTEM,Direction: Outbound,Action: Allow,Protocol: TCP,,,False,C:\Users\BRIANNA\OneDrive\Documents\GitHub\NSSECU3_MP2\win7_files\Logs\Microsoft-Windows-Windows Firewall With Advanced Security_4Firewall.evtx,0x8000020000000000,0,"{""EventData"":{""Data"":[{""@Name"":""RuleId"",""#text"":""Microsoft-Windows-PeerDist-HostedClient-Out""},{""@Name"":""RuleName"",""#text"":""BranchCache Hosted Cache Client (HTTP-Out)""},{""@Name"":""Origin"",""#text"":""1""},{""@Name"":""ApplicationPath"",""#text"":""SYSTEM""},{""@Name"":""ServiceName""},{""@Name"":""Direction"",""#text"":""2""},{""@Name"":""Protocol"",""#text"":""6""},{""@Name"":""LocalPorts"",""#text"":""*""},{""@Name"":""RemotePorts"",""#text"":""443""},{""@Name"":""Action"",""#text"":""3""},{""@Name"":""Profiles"",""#text"":""2147483647""},{""@Name"":""LocalAddresses"",""#text"":""*""},{""@Name"":""RemoteAddresses"",""#text"":""*""},{""@Name"":""RemoteMachineAuthorizationList""},{""@Name"":""RemoteUserAuthorizationList""},{""@Name"":""EmbeddedContext"",""#text"":""@peerdistsh.dll,-9003""},{""@Name"":""Flags"",""#text"":""0""},{""@Name"":""Active"",""#text"":""0""},{""@Name"":""EdgeTraversal"",""#text"":""0""},{""@Name"":""LooseSourceMapped"",""#text"":""0""},{""@Name"":""SecurityOptions"",""#text"":""0""},{""@Name"":""ModifyingUser"",""#text"":""S-1-5-18""},{""@Name"":""ModifyingApplication"",""#text"":""C:\\Windows\\System32\\oobe\\Setup.exe""},{""@Name"":""SchemaVersion"",""#text"":""522""},{""@Name"":""RuleStatus"",""#text"":""65536""}]}}"
49,49,2024-05-27 02:37:24.984375+00:00,2004,Info,Microsoft-Windows-Windows Firewall With Advanced Security,Microsoft-Windows-Windows Firewall With Advanced Security/Firewall,340,1536,37L4247F27-25,0,S-1-5-19,A rule has been added to the Windows Defender Firewall exception list,,*: *,: BranchCache Hosted Cache Server(HTTP-Out),SYSTEM,Direction: Outbound,Action: Allow,Protocol: TCP,,,False,C:\Users\BRIANNA\OneDrive\Documents\GitHub\NSSECU3_MP2\win7_files\Logs\Microsoft-Windows-Windows Firewall With Advanced Security_4Firewall.evtx,0x8000020000000000,0,"{""EventData"":{""Data"":[{""@Name"":""RuleId"",""#text"":""Microsoft-Windows-PeerDist-HostedServer-Out""},{""@Name"":""RuleName"",""#text"":""BranchCache Hosted Cache Server(HTTP-Out)""},{""@Name"":""Origin"",""#text"":""1""},{""@Name"":""ApplicationPath"",""#text"":""SYSTEM""},{""@Name"":""ServiceName""},{""@Name"":""Direction"",""#text"":""2""},{""@Name"":""Protocol"",""#text"":""6""},{""@Name"":""LocalPorts"",""#text"":""443""},{""@Name"":""RemotePorts"",""#text"":""*""},{""@Name"":""Action"",""#text"":""3""},{""@Name"":""Profiles"",""#text"":""2147483647""},{""@Name"":""LocalAddresses"",""#text"":""*""},{""@Name"":""RemoteAddresses"",""#text"":""*""},{""@Name"":""RemoteMachineAuthorizationList""},{""@Name"":""RemoteUserAuthorizationList""},{""@Name"":""EmbeddedContext"",""#text"":""@peerdistsh.dll,-9002""},{""@Name"":""Flags"",""#text"":""0""},{""@Name"":""Active"",""#text"":""0""},{""@Name"":""EdgeTraversal"",""#text"":""0""},{""@Name"":""LooseSourceMapped"",""#text"":""0""},{""@Name"":""SecurityOptions"",""#text"":""0""},{""@Name"":""ModifyingUser"",""#text"":""S-1-5-18""},{""@Name"":""ModifyingApplication"",""#text"":""C:\\Windows\\System32\\oobe\\Setup.exe""},{""@Name"":""SchemaVersion"",""#text"":""522""},{""@Name"":""RuleStatus"",""#text"":""65536""}]}}"
51,51,2024-05-27 02:37:25.031250+00:00,2004,Info,Microsoft-Windows-Windows Firewall With Advanced Security,Microsoft-Windows-Windows Firewall With Advanced Security/Firewall,340,1536,37L4247F27-25,0,S-1-5-19,A rule has been added to the Windows Defender Firewall exception list,,LocalSubnet: *,sppsvc: Key Management Service (TCP-In),C:\Windows\system32\sppsvc.exe,Direction: Inbound,Action: Allow,Protocol: TCP,,,False,C:\Users\BRIANNA\OneDrive\Documents\GitHub\NSSECU3_MP2\win7_files\Logs\Microsoft-Windows-Windows Firewall With Advanced Security_4Firewall.evtx,0x8000020000000000,0,"{""EventData"":{""Data"":[{""@Name"":""RuleId"",""#text"":""SPPSVC-In-TCP""},{""@Name"":""RuleName"",""#text"":""Key Management Service (TCP-In)""},{""@Name"":""Origin"",""#text"":""1""},{""@Name"":""ApplicationPath"",""#text"":""C:\\Windows\\system32\\sppsvc.exe""},{""@Name"":""ServiceName"",""#text"":""sppsvc""},{""@Name"":""Direction"",""#text"":""1""},{""@Name"":""Protocol"",""#text"":""6""},{""@Name"":""LocalPorts"",""#text"":""1688""},{""@Name"":""RemotePorts"",""#text"":""*""},{""@Name"":""Action"",""#text"":""3""},{""@Name"":""Profiles"",""#text"":""6""},{""@Name"":""LocalAddresses"",""#text"":""*""},{""@Name"":""RemoteAddresses"",""#text"":""LocalSubnet""},{""@Name"":""RemoteMachineAuthorizationList""},{""@Name"":""RemoteUserAuthorizationList""},{""@Name"":""EmbeddedContext"",""#text"":""@FirewallAPI.dll,-28002""},{""@Name"":""Flags"",""#text"":""0""},{""@Name"":""Active"",""#text"":""0""},{""@Name"":""EdgeTraversal"",""#text"":""0""},{""@Name"":""LooseSourceMapped"",""#text"":""0""},{""@Name"":""SecurityOptions"",""#text"":""0""},{""@Name"":""ModifyingUser"",""#text"":""S-1-5-18""},{""@Name"":""ModifyingApplication"",""#text"":""C:\\Windows\\System32\\oobe\\Setup.exe""},{""@Name"":""SchemaVersion"",""#text"":""522""},{""@Name"":""RuleStatus"",""#text"":""65536""}]}}"
52,52,2024-05-27 02:37:25.031250+00:00,2004,Info,Microsoft-Windows-Windows Firewall With Advanced Security,Microsoft-Windows-Windows Firewall With Advanced Security/Firewall,340,1536,37L4247F27-25,0,S-1-5-19,A rule has been added to the Windows Defender Firewall exception list,,*: *,sppsvc: Key Management Service (TCP-In),C:\Windows\system32\sppsvc.exe,Direction: Inbound,Action: Allow,Protocol: TCP,,,False,C:\Users\BRIANNA\OneDrive\Documents\GitHub\NSSECU3_MP2\win7_files\Logs\Microsoft-Windows-Windows Firewall With Advanced Security_4Firewall.evtx,0x8000020000000000,0,"{""EventData"":{""Data"":[{""@Name"":""RuleId"",""#text"":""SPPSVC-In-TCP-NoScope""},{""@Name"":""RuleName"",""#text"":""Key Management Service (TCP-In)""},{""@Name"":""Origin"",""#text"":""1""},{""@Name"":""ApplicationPath"",""#text"":""C:\\Windows\\system32\\sppsvc.exe""},{""@Name"":""ServiceName"",""#text"":""sppsvc""},{""@Name"":""Direction"",""#text"":""1""},{""@Name"":""Protocol"",""#text"":""6""},{""@Name"":""LocalPorts"",""#text"":""1688""},{""@Name"":""RemotePorts"",""#text"":""*""},{""@Name"":""Action"",""#text"":""3""},{""@Name"":""Profiles"",""#text"":""1""},{""@Name"":""LocalAddresses"",""#text"":""*""},{""@Name"":""RemoteAddresses"",""#text"":""*""},{""@Name"":""RemoteMachineAuthorizationList""},{""@Name"":""RemoteUserAuthorizationList""},{""@Name"":""EmbeddedContext"",""#text"":""@FirewallAPI.dll,-28002""},{""@Name"":""Flags"",""#text"":""0""},{""@Name"":""Active"",""#text"":""0""},{""@Name"":""EdgeTraversal"",""#text"":""0""},{""@Name"":""LooseSourceMapped"",""#text"":""0""},{""@Name"":""SecurityOptions"",""#text"":""0""},{""@Name"":""ModifyingUser"",""#text"":""S-1-5-18""},{""@Name"":""ModifyingApplication"",""#text"":""C:\\Windows\\System32\\oobe\\Setup.exe""},{""@Name"":""SchemaVersion"",""#text"":""522""},{""@Name"":""RuleStatus"",""#text"":""65536""}]}}"
231,231,2024-05-27 02:37:25.703125+00:00,7036,Info,Service Control Manager,System,448,532,37L4247F27-25,1,,Service started or stopped,,,Name: Microsoft .NET Framework NGEN v2.0.50727_X86 | Microsoft .NET Framework NGEN v2.0.50727_X86,Status: running,,,,,,False,C:\Users\BRIANNA\OneDrive\Documents\GitHub\NSSECU3_MP2\win7_files\Logs\System.evtx,"Audit success, classic",0,"{""EventData"":{""Data"":[{""@Name"":""param1"",""#text"":""Microsoft .NET Framework NGEN v2.0.50727_X86""},{""@Name"":""param2"",""#text"":""running""}],""Binary"":""63-00-6C-00-72-00-5F-00-6F-00-70-00-74-00-69-00-6D-00-69-00-7A-00-61-00-74-00-69-00-6F-00-6E-00-5F-00-76-00-32-00-2E-00-30-00-2E-00-35-00-30-00-37-00-32-00-37-00-5F-00-33-00-32-00-2F-00-34-00-00-00""}}"
232,232,2024-05-27 02:37:25.718750+00:00,7040,Info,Service Control Manager,System,448,532,37L4247F27-25,1,S-1-5-18,Start type of a service has changed,,,The start type of the Microsoft .NET Framework NGEN v2.0.50727_X86 was changed from demand start to auto start,,,,,,clr_optimization_v2.0.50727_32,False,C:\Users\BRIANNA\OneDrive\Documents\GitHub\NSSECU3_MP2\win7_files\Logs\System.evtx,"Audit success, classic",0,"{""EventData"":{""Data"":[{""@Name"":""param1"",""#text"":""Microsoft .NET Framework NGEN v2.0.50727_X86""},{""@Name"":""param2"",""#text"":""demand start""},{""@Name"":""param3"",""#text"":""auto start""},{""@Name"":""param4"",""#text"":""clr_optimization_v2.0.50727_32""}]}}"
234,234,2024-05-27 02:37:25.765625+00:00,7040,Info,Service Control Manager,System,448,556,37L4247F27-25,1,S-1-5-18,Start type of a service has changed,,,The start type of the Microsoft .NET Framework NGEN v2.0.50727_X64 was changed from demand start to auto start,,,,,,clr_optimization_v2.0.50727_64,False,C:\Users\BRIANNA\OneDrive\Documents\GitHub\NSSECU3_MP2\win7_files\Logs\System.evtx,"Audit success, classic",0,"{""EventData"":{""Data"":[{""@Name"":""param1"",""#text"":""Microsoft .NET Framework NGEN v2.0.50727_X64""},{""@Name"":""param2"",""#text"":""demand start""},{""@Name"":""param3"",""#text"":""auto start""},{""@Name"":""param4"",""#text"":""clr_optimization_v2.0.50727_64""}]}}"
233,233,2024-05-27 02:37:25.765625+00:00,7036,Info,Service Control Manager,System,448,556,37L4247F27-25,1,,Service started or stopped,,,Name: Microsoft .NET Framework NGEN v2.0.50727_X64 | Microsoft .NET Framework NGEN v2.0.50727_X64,Status: running,,,,,,False,C:\Users\BRIANNA\OneDrive\Documents\GitHub\NSSECU3_MP2\win7_files\Logs\System.evtx,"Audit success, classic",0,"{""EventData"":{""Data"":[{""@Name"":""param1"",""#text"":""Microsoft .NET Framework NGEN v2.0.50727_X64""},{""@Name"":""param2"",""#text"":""running""}],""Binary"":""63-00-6C-00-72-00-5F-00-6F-00-70-00-74-00-69-00-6D-00-69-00-7A-00-61-00-74-00-69-00-6F-00-6E-00-5F-00-76-00-32-00-2E-00-30-00-2E-00-35-00-30-00-37-00-32-00-37-00-5F-00-36-00-34-00-2F-00-34-00-00-00""}}"
235,235,2024-05-27 02:37:26.125000+00:00,20010,Info,Microsoft-Windows-UserPnp,System,572,584,37L4247F27-25,1,S-1-5-18,,,,,,,,,,,False,C:\Users\BRIANNA\OneDrive\Documents\GitHub\NSSECU3_MP2\win7_files\Logs\System.evtx,Classic,0,"{""UserData"":{""INFO_PNP_STATE"":{""InstallSubsystemState"":""True"",""CachingSubsystemState"":""True""}}}"
157,157,2024-05-27 02:37:28+00:00,8196,Info,System Restore,Application,0,0,37L4247F27-25,1,,System Restore has been enabled,,,Data: C:\Windows\system32\oobe\setup.exe,,,,,,,False,C:\Users\BRIANNA\OneDrive\Documents\GitHub\NSSECU3_MP2\win7_files\Logs\Application.evtx,0x80000000000000,0,"{""EventData"":{""Data"":""C:\\Windows\\system32\\oobe\\setup.exe"",""Binary"":""00-00-00-00-A7-00-00-00-A1-00-00-00-00-00-00-00-2D-2C-19-2F-07-00-00-00-00-00-00-00-00-00-00-00-00-00-00-00""}}"
152,152,2024-05-27 02:37:28+00:00,8195,Info,System Restore,Application,0,0,37L4247F27-25,1,,System Restore has been disabled,,,Data: C:\Windows\system32\oobe\setup.exe,,,,,,,False,C:\Users\BRIANNA\OneDrive\Documents\GitHub\NSSECU3_MP2\win7_files\Logs\Application.evtx,0x80000000000000,0,"{""EventData"":{""Data"":""C:\\Windows\\system32\\oobe\\setup.exe"",""Binary"":""00-00-00-00-89-00-00-00-83-00-00-00-00-00-00-00-43-86-25-23-07-00-00-00-00-00-00-00-00-00-00-00-00-00-00-00""}}"
153,153,2024-05-27 02:37:28+00:00,8212,Info,VSS,Application,0,0,37L4247F27-25,1,,,,,,,,,,,,False,C:\Users\BRIANNA\OneDrive\Documents\GitHub\NSSECU3_MP2\win7_files\Logs\Application.evtx,0x80000000000000,0,"{""EventData"":{""Data"":""Registry Writer, {afbab4a2-367d-4d15-a586-71dbb18f8485}, \n\nOperation:\n   Initializing Writer\n\nContext:\n   Writer Class Id: {afbab4a2-367d-4d15-a586-71dbb18f8485}\n   Writer Name: Registry Writer"",""Binary"":""2D-20-43-6F-64-65-3A-20-57-52-54-57-52-54-49-43-30-30-30-30-30-38-33-32-2D-20-43-61-6C-6C-3A-20-57-52-54-57-52-54-49-43-30-30-30-30-30-37-38-33-2D-20-50-49-44-3A-20-20-30-30-30-30-31-39-31-36-2D-20-54-49-44-3A-20-20-30-30-30-30-32-30-31-32-2D-20-43-4D-44-3A-20-20-43-3A-5C-57-69-6E-64-6F-77-73-5C-73-79-73-74-65-6D-33-32-5C-76-73-73-76-63-2E-65-78-65-20-20-20-2D-20-55-73-65-72-3A-20-4E-61-6D-65-3A-20-4E-54-20-41-55-54-48-4F-52-49-54-59-5C-53-59-53-54-45-4D-2C-20-53-49-44-3A-53-2D-31-2D-35-2D-31-38-20""}}"
154,154,2024-05-27 02:37:28+00:00,8212,Info,VSS,Application,0,0,37L4247F27-25,1,,,,,,,,,,,,False,C:\Users\BRIANNA\OneDrive\Documents\GitHub\NSSECU3_MP2\win7_files\Logs\Application.evtx,0x80000000000000,0,"{""EventData"":{""Data"":""COM+ REGDB Writer, {542da469-d3e1-473c-9f4f-7847f01fc64f}, \n\nOperation:\n   Initializing Writer\n\nContext:\n   Writer Class Id: {542da469-d3e1-473c-9f4f-7847f01fc64f}\n   Writer Name: COM+ REGDB Writer"",""Binary"":""2D-20-43-6F-64-65-3A-20-57-52-54-57-52-54-49-43-30-30-30-30-30-38-33-32-2D-20-43-61-6C-6C-3A-20-57-52-54-57-52-54-49-43-30-30-30-30-30-37-38-33-2D-20-50-49-44-3A-20-20-30-30-30-30-31-39-31-36-2D-20-54-49-44-3A-20-20-30-30-30-30-31-39-35-36-2D-20-43-4D-44-3A-20-20-43-3A-5C-57-69-6E-64-6F-77-73-5C-73-79-73-74-65-6D-33-32-5C-76-73-73-76-63-2E-65-78-65-20-20-20-2D-20-55-73-65-72-3A-20-4E-61-6D-65-3A-20-4E-54-20-41-55-54-48-4F-52-49-54-59-5C-53-59-53-54-45-4D-2C-20-53-49-44-3A-53-2D-31-2D-35-2D-31-38-20""}}"
155,155,2024-05-27 02:37:28+00:00,8212,Info,VSS,Application,0,0,37L4247F27-25,1,,,,,,,,,,,,False,C:\Users\BRIANNA\OneDrive\Documents\GitHub\NSSECU3_MP2\win7_files\Logs\Application.evtx,0x80000000000000,0,"{""EventData"":{""Data"":""ASR Writer, {be000cbe-11fe-4426-9c58-531aa6355fc4}, \n\nOperation:\n   Initializing Writer\n\nContext:\n   Writer Class Id: {be000cbe-11fe-4426-9c58-531aa6355fc4}\n   Writer Name: ASR Writer"",""Binary"":""2D-20-43-6F-64-65-3A-20-57-52-54-57-52-54-49-43-30-30-30-30-30-38-33-32-2D-20-43-61-6C-6C-3A-20-57-52-54-57-52-54-49-43-30-30-30-30-30-37-38-33-2D-20-50-49-44-3A-20-20-30-30-30-30-31-39-31-36-2D-20-54-49-44-3A-20-20-30-30-30-30-31-35-36-30-2D-20-43-4D-44-3A-20-20-43-3A-5C-57-69-6E-64-6F-77-73-5C-73-79-73-74-65-6D-33-32-5C-76-73-73-76-63-2E-65-78-65-20-20-20-2D-20-55-73-65-72-3A-20-4E-61-6D-65-3A-20-4E-54-20-41-55-54-48-4F-52-49-54-59-5C-53-59-53-54-45-4D-2C-20-53-49-44-3A-53-2D-31-2D-35-2D-31-38-20""}}"
156,156,2024-05-27 02:37:28+00:00,8212,Info,VSS,Application,0,0,37L4247F27-25,1,,,,,,,,,,,,False,C:\Users\BRIANNA\OneDrive\Documents\GitHub\NSSECU3_MP2\win7_files\Logs\Application.evtx,0x80000000000000,0,"{""EventData"":{""Data"":""Shadow Copy Optimization Writer, {4dc3bdd4-ab48-4d07-adb0-3bee2926fd7f}, \n\nOperation:\n   Initializing Writer\n\nContext:\n   Writer Class Id: {4dc3bdd4-ab48-4d07-adb0-3bee2926fd7f}\n   Writer Name: Shadow Copy Optimization Writer"",""Binary"":""2D-20-43-6F-64-65-3A-20-57-52-54-57-52-54-49-43-30-30-30-30-30-38-33-32-2D-20-43-61-6C-6C-3A-20-57-52-54-57-52-54-49-43-30-30-30-30-30-37-38-33-2D-20-50-49-44-3A-20-20-30-30-30-30-31-39-31-36-2D-20-54-49-44-3A-20-20-30-30-30-30-31-39-35-36-2D-20-43-4D-44-3A-20-20-43-3A-5C-57-69-6E-64-6F-77-73-5C-73-79-73-74-65-6D-33-32-5C-76-73-73-76-63-2E-65-78-65-20-20-20-2D-20-55-73-65-72-3A-20-4E-61-6D-65-3A-20-4E-54-20-41-55-54-48-4F-52-49-54-59-5C-53-59-53-54-45-4D-2C-20-53-49-44-3A-53-2D-31-2D-35-2D-31-38-20""}}"
35,35,2024-05-27 02:37:28.390625+00:00,4672,LogAlways,Microsoft-Windows-Security-Auditing,Security,460,512,37L4247F27-25,0,,Administrative logon,NT AUTHORITY\SYSTEM (S-1-5-18),,"PrivilegeList: SeAssignPrimaryTokenPrivilege, SeTcbPrivilege, SeSecurityPrivilege, SeTakeOwnershipPrivilege, SeLoadDriverPrivilege, SeBackupPrivilege, SeRestorePrivilege, SeDebugPrivilege, SeAuditPrivilege, SeSystemEnvironmentPrivilege, SeImpersonatePrivilege",LogonId: 0x3E7,,,,,,False,C:\Users\BRIANNA\OneDrive\Documents\GitHub\NSSECU3_MP2\win7_files\Logs\Security.evtx,Audit success,0,"{""EventData"":{""Data"":[{""@Name"":""SubjectUserSid"",""#text"":""S-1-5-18""},{""@Name"":""SubjectUserName"",""#text"":""SYSTEM""},{""@Name"":""SubjectDomainName"",""#text"":""NT AUTHORITY""},{""@Name"":""SubjectLogonId"",""#text"":""0x3E7""},{""@Name"":""PrivilegeList"",""#text"":""SeAssignPrimaryTokenPrivilege, SeTcbPrivilege, SeSecurityPrivilege, SeTakeOwnershipPrivilege, SeLoadDriverPrivilege, SeBackupPrivilege, SeRestorePrivilege, SeDebugPrivilege, SeAuditPrivilege, SeSystemEnvironmentPrivilege, SeImpersonatePrivilege""}]}}"
34,34,2024-05-27 02:37:28.390625+00:00,4624,LogAlways,Microsoft-Windows-Security-Auditing,Security,460,512,37L4247F27-25,0,,Successful logon,WORKGROUP\37L4247F27-25$, (-),Target: NT AUTHORITY\SYSTEM,LogonType 5,LogonId: 0x3E7,AuthenticationPackageName: Negotiate,LogonProcessName: Advapi  ,,C:\Windows\System32\services.exe,False,C:\Users\BRIANNA\OneDrive\Documents\GitHub\NSSECU3_MP2\win7_files\Logs\Security.evtx,Audit success,0,"{""EventData"":{""Data"":[{""@Name"":""SubjectUserSid"",""#text"":""S-1-5-18""},{""@Name"":""SubjectUserName"",""#text"":""37L4247F27-25$""},{""@Name"":""SubjectDomainName"",""#text"":""WORKGROUP""},{""@Name"":""SubjectLogonId"",""#text"":""0x3E7""},{""@Name"":""TargetUserSid"",""#text"":""S-1-5-18""},{""@Name"":""TargetUserName"",""#text"":""SYSTEM""},{""@Name"":""TargetDomainName"",""#text"":""NT AUTHORITY""},{""@Name"":""TargetLogonId"",""#text"":""0x3E7""},{""@Name"":""LogonType"",""#text"":""5""},{""@Name"":""LogonProcessName"",""#text"":""Advapi  ""},{""@Name"":""AuthenticationPackageName"",""#text"":""Negotiate""},{""@Name"":""WorkstationName""},{""@Name"":""LogonGuid"",""#text"":""00000000-0000-0000-0000-000000000000""},{""@Name"":""TransmittedServices"",""#text"":""-""},{""@Name"":""LmPackageName"",""#text"":""-""},{""@Name"":""KeyLength"",""#text"":""0""},{""@Name"":""ProcessId"",""#text"":""0x1C0""},{""@Name"":""ProcessName"",""#text"":""C:\\Windows\\System32\\services.exe""},{""@Name"":""IpAddress"",""#text"":""-""},{""@Name"":""IpPort"",""#text"":""-""}]}}"
236,236,2024-05-27 02:37:28.500000+00:00,7036,Info,Service Control Manager,System,448,536,37L4247F27-25,1,,Service started or stopped,,,Name: Volume Shadow Copy | Volume Shadow Copy,Status: running,,,,,,False,C:\Users\BRIANNA\OneDrive\Documents\GitHub\NSSECU3_MP2\win7_files\Logs\System.evtx,"Audit success, classic",0,"{""EventData"":{""Data"":[{""@Name"":""param1"",""#text"":""Volume Shadow Copy""},{""@Name"":""param2"",""#text"":""running""}],""Binary"":""56-00-53-00-53-00-2F-00-34-00-00-00""}}"
37,37,2024-05-27 02:37:28.500000+00:00,4672,LogAlways,Microsoft-Windows-Security-Auditing,Security,460,508,37L4247F27-25,0,,Administrative logon,NT AUTHORITY\SYSTEM (S-1-5-18),,"PrivilegeList: SeAssignPrimaryTokenPrivilege, SeTcbPrivilege, SeSecurityPrivilege, SeTakeOwnershipPrivilege, SeLoadDriverPrivilege, SeBackupPrivilege, SeRestorePrivilege, SeDebugPrivilege, SeAuditPrivilege, SeSystemEnvironmentPrivilege, SeImpersonatePrivilege",LogonId: 0x3E7,,,,,,False,C:\Users\BRIANNA\OneDrive\Documents\GitHub\NSSECU3_MP2\win7_files\Logs\Security.evtx,Audit success,0,"{""EventData"":{""Data"":[{""@Name"":""SubjectUserSid"",""#text"":""S-1-5-18""},{""@Name"":""SubjectUserName"",""#text"":""SYSTEM""},{""@Name"":""SubjectDomainName"",""#text"":""NT AUTHORITY""},{""@Name"":""SubjectLogonId"",""#text"":""0x3E7""},{""@Name"":""PrivilegeList"",""#text"":""SeAssignPrimaryTokenPrivilege, SeTcbPrivilege, SeSecurityPrivilege, SeTakeOwnershipPrivilege, SeLoadDriverPrivilege, SeBackupPrivilege, SeRestorePrivilege, SeDebugPrivilege, SeAuditPrivilege, SeSystemEnvironmentPrivilege, SeImpersonatePrivilege""}]}}"
36,36,2024-05-27 02:37:28.500000+00:00,4624,LogAlways,Microsoft-Windows-Security-Auditing,Security,460,508,37L4247F27-25,0,,Successful logon,WORKGROUP\37L4247F27-25$, (-),Target: NT AUTHORITY\SYSTEM,LogonType 5,LogonId: 0x3E7,AuthenticationPackageName: Negotiate,LogonProcessName: Advapi  ,,C:\Windows\System32\services.exe,False,C:\Users\BRIANNA\OneDrive\Documents\GitHub\NSSECU3_MP2\win7_files\Logs\Security.evtx,Audit success,0,"{""EventData"":{""Data"":[{""@Name"":""SubjectUserSid"",""#text"":""S-1-5-18""},{""@Name"":""SubjectUserName"",""#text"":""37L4247F27-25$""},{""@Name"":""SubjectDomainName"",""#text"":""WORKGROUP""},{""@Name"":""SubjectLogonId"",""#text"":""0x3E7""},{""@Name"":""TargetUserSid"",""#text"":""S-1-5-18""},{""@Name"":""TargetUserName"",""#text"":""SYSTEM""},{""@Name"":""TargetDomainName"",""#text"":""NT AUTHORITY""},{""@Name"":""TargetLogonId"",""#text"":""0x3E7""},{""@Name"":""LogonType"",""#text"":""5""},{""@Name"":""LogonProcessName"",""#text"":""Advapi  ""},{""@Name"":""AuthenticationPackageName"",""#text"":""Negotiate""},{""@Name"":""WorkstationName""},{""@Name"":""LogonGuid"",""#text"":""00000000-0000-0000-0000-000000000000""},{""@Name"":""TransmittedServices"",""#text"":""-""},{""@Name"":""LmPackageName"",""#text"":""-""},{""@Name"":""KeyLength"",""#text"":""0""},{""@Name"":""ProcessId"",""#text"":""0x1C0""},{""@Name"":""ProcessName"",""#text"":""C:\\Windows\\System32\\services.exe""},{""@Name"":""IpAddress"",""#text"":""-""},{""@Name"":""IpPort"",""#text"":""-""}]}}"
237,237,2024-05-27 02:37:28.546875+00:00,7036,Info,Service Control Manager,System,448,536,37L4247F27-25,1,,Service started or stopped,,,Name: Microsoft Software Shadow Copy Provider | Microsoft Software Shadow Copy Provider,Status: running,,,,,,False,C:\Users\BRIANNA\OneDrive\Documents\GitHub\NSSECU3_MP2\win7_files\Logs\System.evtx,"Audit success, classic",0,"{""EventData"":{""Data"":[{""@Name"":""param1"",""#text"":""Microsoft Software Shadow Copy Provider""},{""@Name"":""param2"",""#text"":""running""}],""Binary"":""73-00-77-00-70-00-72-00-76-00-2F-00-34-00-00-00""}}"
238,238,2024-05-27 02:37:28.718750+00:00,2003,Info,Microsoft-Windows-Setup,System,736,740,37L4247F27-25,1,S-1-5-18,,,,,,,,,,,False,C:\Users\BRIANNA\OneDrive\Documents\GitHub\NSSECU3_MP2\win7_files\Logs\System.evtx,0x2000000000000000,0,"{""EventData"":{""Data"":[{""@Name"":""Host OS Name"",""#text"":""Windows (TM) Code Name \""Longhorn\"" Preinstallation Environment""},{""@Name"":""Install was an upgrade"",""#text"":""False""},{""@Name"":""Host OS was Windows PE"",""#text"":""True""},{""@Name"":""Host OS major version"",""#text"":""6""},{""@Name"":""Host OS minor version"",""#text"":""1""},{""@Name"":""Host OS build version"",""#text"":""7601""},{""@Name"":""Host OS service pack Name"",""#text"":""Service Pack 1""},{""@Name"":""Host OS service pack major version"",""#text"":""1""},{""@Name"":""Host OS service pack minor version"",""#text"":""0""}]}}"
239,239,2024-05-27 02:37:28.718750+00:00,2004,Info,Microsoft-Windows-Setup,System,736,740,37L4247F27-25,1,S-1-5-18,,,,,,,,,,,False,C:\Users\BRIANNA\OneDrive\Documents\GitHub\NSSECU3_MP2\win7_files\Logs\System.evtx,0x2000000000000000,0,"{""EventData"":{""Data"":[{""@Name"":""OS Name"",""#text"":""Windows 7 Professional""},{""@Name"":""OS EditionID"",""#text"":""Professional""},{""@Name"":""OS major version"",""#text"":""6""},{""@Name"":""OS minor version"",""#text"":""1""},{""@Name"":""OS build version"",""#text"":""7601""},{""@Name"":""OS service pack Name"",""#text"":""Service Pack 1""},{""@Name"":""OS service pack major version"",""#text"":""1""},{""@Name"":""OS service pack minor version"",""#text"":""0""}]}}"
240,240,2024-05-27 02:37:29+00:00,1074,Info,USER32,System,0,0,37L4247F27-25,1,S-1-5-18,A user initiated a system restart,,,Hostname: ,Reason: ,Type: ,Code: ,,,,False,C:\Users\BRIANNA\OneDrive\Documents\GitHub\NSSECU3_MP2\win7_files\Logs\System.evtx,0x80000000000000,0,"{""EventData"":{""Data"":""C:\\Windows\\system32\\winlogon.exe (37L4247F27-25), WIN-QJNMT3LEKTG, Operating System: Upgrade (Planned), 0x80020003, restart, NT AUTHORITY\\SYSTEM"",""Binary"":""03-00-02-80-00-00-00-00-00-00-00-00-00-00-00-00-00-00-00-00-00-00-00-00-00-00-00-00-00-00-00-00-00-00-00-00-00-00-00-00""}}"
5,5,2024-05-27 02:37:29.828125+00:00,5325,Info,Microsoft-Windows-GroupPolicy,Microsoft-Windows-GroupPolicy/Operational,868,872,37L4247F27-25,0,S-1-5-18,,,,,,,,,,,False,C:\Users\BRIANNA\OneDrive\Documents\GitHub\NSSECU3_MP2\win7_files\Logs\Microsoft-Windows-GroupPolicy_4Operational.evtx,0x4000000000000000,0,"{""EventData"":{""Data"":{""@Name"":""NotificationType"",""#text"":""0""}}}"
241,241,2024-05-27 02:37:29.859375+00:00,7036,Info,Service Control Manager,System,448,532,37L4247F27-25,1,,Service started or stopped,,,Name: Group Policy Client | Group Policy Client,Status: stopped,,,,,,False,C:\Users\BRIANNA\OneDrive\Documents\GitHub\NSSECU3_MP2\win7_files\Logs\System.evtx,"Audit success, classic",0,"{""EventData"":{""Data"":[{""@Name"":""param1"",""#text"":""Group Policy Client""},{""@Name"":""param2"",""#text"":""stopped""}],""Binary"":""67-00-70-00-73-00-76-00-63-00-2F-00-31-00-00-00""}}"
242,242,2024-05-27 02:37:30+00:00,6006,Info,EventLog,System,0,0,37L4247F27-25,1,,The Event log service was stopped,,,Computer: 37L4247F27-25,,,,,,,False,C:\Users\BRIANNA\OneDrive\Documents\GitHub\NSSECU3_MP2\win7_files\Logs\System.evtx,0x80000000000000,0,"{""EventData"":{""Data"":"""",""Binary"":""01-00-00-00-00-00-00-00""}}"
243,243,2024-05-27 02:37:30.046875+00:00,7036,Info,Service Control Manager,System,448,556,37L4247F27-25,1,,Service started or stopped,,,Name: Microsoft .NET Framework NGEN v2.0.50727_X86 | Microsoft .NET Framework NGEN v2.0.50727_X86,Status: stopped,,,,,,False,C:\Users\BRIANNA\OneDrive\Documents\GitHub\NSSECU3_MP2\win7_files\Logs\System.evtx,"Audit success, classic",0,"{""EventData"":{""Data"":[{""@Name"":""param1"",""#text"":""Microsoft .NET Framework NGEN v2.0.50727_X86""},{""@Name"":""param2"",""#text"":""stopped""}],""Binary"":""63-00-6C-00-72-00-5F-00-6F-00-70-00-74-00-69-00-6D-00-69-00-7A-00-61-00-74-00-69-00-6F-00-6E-00-5F-00-76-00-32-00-2E-00-30-00-2E-00-35-00-30-00-37-00-32-00-37-00-5F-00-33-00-32-00-2F-00-31-00-00-00""}}"
244,244,2024-05-27 02:37:30.046875+00:00,7036,Info,Service Control Manager,System,448,556,37L4247F27-25,1,,Service started or stopped,,,Name: Microsoft .NET Framework NGEN v2.0.50727_X64 | Microsoft .NET Framework NGEN v2.0.50727_X64,Status: stopped,,,,,,False,C:\Users\BRIANNA\OneDrive\Documents\GitHub\NSSECU3_MP2\win7_files\Logs\System.evtx,"Audit success, classic",0,"{""EventData"":{""Data"":[{""@Name"":""param1"",""#text"":""Microsoft .NET Framework NGEN v2.0.50727_X64""},{""@Name"":""param2"",""#text"":""stopped""}],""Binary"":""63-00-6C-00-72-00-5F-00-6F-00-70-00-74-00-69-00-6D-00-69-00-7A-00-61-00-74-00-69-00-6F-00-6E-00-5F-00-76-00-32-00-2E-00-30-00-2E-00-35-00-30-00-37-00-32-00-37-00-5F-00-36-00-34-00-2F-00-31-00-00-00""}}"
247,247,2024-05-27 02:37:30.078125+00:00,7036,Info,Service Control Manager,System,448,536,37L4247F27-25,1,,Service started or stopped,,,Name: Diagnostic Service Host | Diagnostic Service Host,Status: stopped,,,,,,False,C:\Users\BRIANNA\OneDrive\Documents\GitHub\NSSECU3_MP2\win7_files\Logs\System.evtx,"Audit success, classic",0,"{""EventData"":{""Data"":[{""@Name"":""param1"",""#text"":""Diagnostic Service Host""},{""@Name"":""param2"",""#text"":""stopped""}],""Binary"":""57-00-64-00-69-00-53-00-65-00-72-00-76-00-69-00-63-00-65-00-48-00-6F-00-73-00-74-00-2F-00-31-00-00-00""}}"
245,245,2024-05-27 02:37:30.078125+00:00,7036,Info,Service Control Manager,System,448,556,37L4247F27-25,1,,Service started or stopped,,,Name: Power | Power,Status: stopped,,,,,,False,C:\Users\BRIANNA\OneDrive\Documents\GitHub\NSSECU3_MP2\win7_files\Logs\System.evtx,"Audit success, classic",0,"{""EventData"":{""Data"":[{""@Name"":""param1"",""#text"":""Power""},{""@Name"":""param2"",""#text"":""stopped""}],""Binary"":""50-00-6F-00-77-00-65-00-72-00-2F-00-31-00-00-00""}}"
246,246,2024-05-27 02:37:30.078125+00:00,7036,Info,Service Control Manager,System,448,536,37L4247F27-25,1,,Service started or stopped,,,Name: Diagnostic System Host | Diagnostic System Host,Status: stopped,,,,,,False,C:\Users\BRIANNA\OneDrive\Documents\GitHub\NSSECU3_MP2\win7_files\Logs\System.evtx,"Audit success, classic",0,"{""EventData"":{""Data"":[{""@Name"":""param1"",""#text"":""Diagnostic System Host""},{""@Name"":""param2"",""#text"":""stopped""}],""Binary"":""57-00-64-00-69-00-53-00-79-00-73-00-74-00-65-00-6D-00-48-00-6F-00-73-00-74-00-2F-00-31-00-00-00""}}"
248,248,2024-05-27 02:37:30.093750+00:00,7036,Info,Service Control Manager,System,448,536,37L4247F27-25,1,,Service started or stopped,,,Name: Microsoft Software Shadow Copy Provider | Microsoft Software Shadow Copy Provider,Status: stopped,,,,,,False,C:\Users\BRIANNA\OneDrive\Documents\GitHub\NSSECU3_MP2\win7_files\Logs\System.evtx,"Audit success, classic",0,"{""EventData"":{""Data"":[{""@Name"":""param1"",""#text"":""Microsoft Software Shadow Copy Provider""},{""@Name"":""param2"",""#text"":""stopped""}],""Binary"":""73-00-77-00-70-00-72-00-76-00-2F-00-31-00-00-00""}}"
251,251,2024-05-27 02:37:30.109375+00:00,7036,Info,Service Control Manager,System,448,536,37L4247F27-25,1,,Service started or stopped,,,Name: Windows Modules Installer | Windows Modules Installer,Status: stopped,,,,,,False,C:\Users\BRIANNA\OneDrive\Documents\GitHub\NSSECU3_MP2\win7_files\Logs\System.evtx,"Audit success, classic",0,"{""EventData"":{""Data"":[{""@Name"":""param1"",""#text"":""Windows Modules Installer""},{""@Name"":""param2"",""#text"":""stopped""}],""Binary"":""54-00-72-00-75-00-73-00-74-00-65-00-64-00-49-00-6E-00-73-00-74-00-61-00-6C-00-6C-00-65-00-72-00-2F-00-31-00-00-00""}}"
249,249,2024-05-27 02:37:30.109375+00:00,51047,Info,Microsoft-Windows-DHCPv6-Client,System,812,436,37L4247F27-25,1,S-1-5-19,,,,,,,,,,,False,C:\Users\BRIANNA\OneDrive\Documents\GitHub\NSSECU3_MP2\win7_files\Logs\System.evtx,0x2000000000000000,0,"{""EventData"":{""Data"":{""@Name"":""DwordVal"",""#text"":""1""}}}"
38,38,2024-05-27 02:37:30.109375+00:00,1100,Info,Microsoft-Windows-Eventlog,Security,812,828,37L4247F27-25,0,,The event logging service has shut down,,,,,,,,,,False,C:\Users\BRIANNA\OneDrive\Documents\GitHub\NSSECU3_MP2\win7_files\Logs\Security.evtx,0x4020000000000000,0,"{""UserData"":{""ServiceShutdown"":""""}}"
250,250,2024-05-27 02:37:30.109375+00:00,7036,Info,Service Control Manager,System,448,536,37L4247F27-25,1,,Service started or stopped,,,Name: Desktop Window Manager Session Manager | Desktop Window Manager Session Manager,Status: stopped,,,,,,False,C:\Users\BRIANNA\OneDrive\Documents\GitHub\NSSECU3_MP2\win7_files\Logs\System.evtx,"Audit success, classic",0,"{""EventData"":{""Data"":[{""@Name"":""param1"",""#text"":""Desktop Window Manager Session Manager""},{""@Name"":""param2"",""#text"":""stopped""}],""Binary"":""55-00-78-00-53-00-6D-00-73-00-2F-00-31-00-00-00""}}"
158,158,2024-05-27 02:37:30.125000+00:00,1532,Info,Microsoft-Windows-User Profiles Service,Application,868,940,37L4247F27-25,1,S-1-5-18,,,,,,,,,,,False,C:\Users\BRIANNA\OneDrive\Documents\GitHub\NSSECU3_MP2\win7_files\Logs\Application.evtx,Classic,0,"{""EventData"":""""}"
252,252,2024-05-27 02:37:30.125000+00:00,7036,Info,Service Control Manager,System,448,536,37L4247F27-25,1,,Service started or stopped,,,Name: User Profile Service | User Profile Service,Status: stopped,,,,,,False,C:\Users\BRIANNA\OneDrive\Documents\GitHub\NSSECU3_MP2\win7_files\Logs\System.evtx,"Audit success, classic",0,"{""EventData"":{""Data"":[{""@Name"":""param1"",""#text"":""User Profile Service""},{""@Name"":""param2"",""#text"":""stopped""}],""Binary"":""50-00-72-00-6F-00-66-00-53-00-76-00-63-00-2F-00-31-00-00-00""}}"
253,253,2024-05-27 02:37:30.140625+00:00,50037,Info,Microsoft-Windows-Dhcp-Client,System,812,288,37L4247F27-25,1,S-1-5-19,,,,,,,,,,,False,C:\Users\BRIANNA\OneDrive\Documents\GitHub\NSSECU3_MP2\win7_files\Logs\System.evtx,0x2000000000000000,0,"{""EventData"":{""Data"":{""@Name"":""DwordVal"",""#text"":""1""}}}"
254,254,2024-05-27 02:37:30.171875+00:00,7036,Info,Service Control Manager,System,448,536,37L4247F27-25,1,,Service started or stopped,,,Name: Diagnostic Policy Service | Diagnostic Policy Service,Status: stopped,,,,,,False,C:\Users\BRIANNA\OneDrive\Documents\GitHub\NSSECU3_MP2\win7_files\Logs\System.evtx,"Audit success, classic",0,"{""EventData"":{""Data"":[{""@Name"":""param1"",""#text"":""Diagnostic Policy Service""},{""@Name"":""param2"",""#text"":""stopped""}],""Binary"":""44-00-50-00-53-00-2F-00-31-00-00-00""}}"
255,255,2024-05-27 02:37:30.187500+00:00,7036,Info,Service Control Manager,System,448,556,37L4247F27-25,1,,Service started or stopped,,,Name: Distributed Link Tracking Client | Distributed Link Tracking Client,Status: stopped,,,,,,False,C:\Users\BRIANNA\OneDrive\Documents\GitHub\NSSECU3_MP2\win7_files\Logs\System.evtx,"Audit success, classic",0,"{""EventData"":{""Data"":[{""@Name"":""param1"",""#text"":""Distributed Link Tracking Client""},{""@Name"":""param2"",""#text"":""stopped""}],""Binary"":""54-00-72-00-6B-00-57-00-6B-00-73-00-2F-00-31-00-00-00""}}"
257,257,2024-05-27 02:37:30.187500+00:00,7036,Info,Service Control Manager,System,448,536,37L4247F27-25,1,,Service started or stopped,,,Name: DHCP Client | DHCP Client,Status: stopped,,,,,,False,C:\Users\BRIANNA\OneDrive\Documents\GitHub\NSSECU3_MP2\win7_files\Logs\System.evtx,"Audit success, classic",0,"{""EventData"":{""Data"":[{""@Name"":""param1"",""#text"":""DHCP Client""},{""@Name"":""param2"",""#text"":""stopped""}],""Binary"":""44-00-68-00-63-00-70-00-2F-00-31-00-00-00""}}"
256,256,2024-05-27 02:37:30.187500+00:00,7036,Info,Service Control Manager,System,448,532,37L4247F27-25,1,,Service started or stopped,,,Name: Windows Management Instrumentation | Windows Management Instrumentation,Status: stopped,,,,,,False,C:\Users\BRIANNA\OneDrive\Documents\GitHub\NSSECU3_MP2\win7_files\Logs\System.evtx,"Audit success, classic",0,"{""EventData"":{""Data"":[{""@Name"":""param1"",""#text"":""Windows Management Instrumentation""},{""@Name"":""param2"",""#text"":""stopped""}],""Binary"":""57-00-69-00-6E-00-6D-00-67-00-6D-00-74-00-2F-00-31-00-00-00""}}"
258,258,2024-05-27 02:37:30.218750+00:00,7036,Info,Service Control Manager,System,448,536,win7,1,,Service started or stopped,,,Name: Windows Event Log | Windows Event Log,Status: stopped,,,,,,False,C:\Users\BRIANNA\OneDrive\Documents\GitHub\NSSECU3_MP2\win7_files\Logs\System.evtx,"Audit success, classic",0,"{""EventData"":{""Data"":[{""@Name"":""param1"",""#text"":""Windows Event Log""},{""@Name"":""param2"",""#text"":""stopped""}],""Binary"":""65-00-76-00-65-00-6E-00-74-00-6C-00-6F-00-67-00-2F-00-31-00-00-00""}}"
259,259,2024-05-27 02:37:30.234375+00:00,7036,Info,Service Control Manager,System,448,556,win7,1,,Service started or stopped,,,Name: Volume Shadow Copy | Volume Shadow Copy,Status: stopped,,,,,,False,C:\Users\BRIANNA\OneDrive\Documents\GitHub\NSSECU3_MP2\win7_files\Logs\System.evtx,"Audit success, classic",0,"{""EventData"":{""Data"":[{""@Name"":""param1"",""#text"":""Volume Shadow Copy""},{""@Name"":""param2"",""#text"":""stopped""}],""Binary"":""56-00-53-00-53-00-2F-00-31-00-00-00""}}"
260,260,2024-05-27 02:37:30.234375+00:00,7036,Info,Service Control Manager,System,448,556,win7,1,,Service started or stopped,,,Name: Cryptographic Services | Cryptographic Services,Status: stopped,,,,,,False,C:\Users\BRIANNA\OneDrive\Documents\GitHub\NSSECU3_MP2\win7_files\Logs\System.evtx,"Audit success, classic",0,"{""EventData"":{""Data"":[{""@Name"":""param1"",""#text"":""Cryptographic Services""},{""@Name"":""param2"",""#text"":""stopped""}],""Binary"":""43-00-72-00-79-00-70-00-74-00-53-00-76-00-63-00-2F-00-31-00-00-00""}}"
261,261,2024-05-27 02:37:30.328125+00:00,7036,Info,Service Control Manager,System,448,536,win7,1,,Service started or stopped,,,Name: Software Protection | Software Protection,Status: stopped,,,,,,False,C:\Users\BRIANNA\OneDrive\Documents\GitHub\NSSECU3_MP2\win7_files\Logs\System.evtx,"Audit success, classic",0,"{""EventData"":{""Data"":[{""@Name"":""param1"",""#text"":""Software Protection""},{""@Name"":""param2"",""#text"":""stopped""}],""Binary"":""73-00-70-00-70-00-73-00-76-00-63-00-2F-00-31-00-00-00""}}"
262,262,2024-05-27 02:37:30.484375+00:00,7036,Info,Service Control Manager,System,448,536,win7,1,,Service started or stopped,,,Name: Superfetch | Superfetch,Status: stopped,,,,,,False,C:\Users\BRIANNA\OneDrive\Documents\GitHub\NSSECU3_MP2\win7_files\Logs\System.evtx,"Audit success, classic",0,"{""EventData"":{""Data"":[{""@Name"":""param1"",""#text"":""Superfetch""},{""@Name"":""param2"",""#text"":""stopped""}],""Binary"":""53-00-79-00-73-00-4D-00-61-00-69-00-6E-00-2F-00-31-00-00-00""}}"
