103,103,2025-01-20 15:09:45.430414+00:00,9,Info,Microsoft-Windows-WindowsSystemAssessmentTool,Microsoft-Windows-WindowsSystemAssessmentTool/Operational,2384,2448,win7,0,S-1-5-21-2630035287-469658536-4158816484-1000,,,,,,,,,,,False,C:\Users\BRIANNA\OneDrive\Documents\GitHub\NSSECU3_MP2\win7_files\Logs\Microsoft-Windows-WindowsSystemAssessmentTool_4Operational.evtx,Classic,0,"{""EventData"":{""Data"":[{""@Name"":""PhaseID"",""#text"":""1002""},{""@Name"":""DescriptionSize"",""#text"":""39""},{""@Name"":""Description"",""#text"":""Run Assessment, cpu, -compression2 -up""}]}}"
104,104,2025-01-20 15:09:55.461664+00:00,10,Info,Microsoft-Windows-WindowsSystemAssessmentTool,Microsoft-Windows-WindowsSystemAssessmentTool/Operational,2384,2448,win7,0,S-1-5-21-2630035287-469658536-4158816484-1000,,,,,,,,,,,False,C:\Users\BRIANNA\OneDrive\Documents\GitHub\NSSECU3_MP2\win7_files\Logs\Microsoft-Windows-WindowsSystemAssessmentTool_4Operational.evtx,Classic,0,"{""EventData"":{""Data"":{""@Name"":""PhaseID"",""#text"":""1002""}}}"
105,105,2025-01-20 15:09:55.461664+00:00,9,Info,Microsoft-Windows-WindowsSystemAssessmentTool,Microsoft-Windows-WindowsSystemAssessmentTool/Operational,2384,2448,win7,0,S-1-5-21-2630035287-469658536-4158816484-1000,,,,,,,,,,,False,C:\Users\BRIANNA\OneDrive\Documents\GitHub\NSSECU3_MP2\win7_files\Logs\Microsoft-Windows-WindowsSystemAssessmentTool_4Operational.evtx,Classic,0,"{""EventData"":{""Data"":[{""@Name"":""PhaseID"",""#text"":""1002""},{""@Name"":""DescriptionSize"",""#text"":""33""},{""@Name"":""Description"",""#text"":""Run Assessment, cpu, -encryption""}]}}"
106,106,2025-01-20 15:10:05.633539+00:00,10,Info,Microsoft-Windows-WindowsSystemAssessmentTool,Microsoft-Windows-WindowsSystemAssessmentTool/Operational,2384,2448,win7,0,S-1-5-21-2630035287-469658536-4158816484-1000,,,,,,,,,,,False,C:\Users\BRIANNA\OneDrive\Documents\GitHub\NSSECU3_MP2\win7_files\Logs\Microsoft-Windows-WindowsSystemAssessmentTool_4Operational.evtx,Classic,0,"{""EventData"":{""Data"":{""@Name"":""PhaseID"",""#text"":""1002""}}}"
107,107,2025-01-20 15:10:05.633539+00:00,9,Info,Microsoft-Windows-WindowsSystemAssessmentTool,Microsoft-Windows-WindowsSystemAssessmentTool/Operational,2384,2448,win7,0,S-1-5-21-2630035287-469658536-4158816484-1000,,,,,,,,,,,False,C:\Users\BRIANNA\OneDrive\Documents\GitHub\NSSECU3_MP2\win7_files\Logs\Microsoft-Windows-WindowsSystemAssessmentTool_4Operational.evtx,Classic,0,"{""EventData"":{""Data"":[{""@Name"":""PhaseID"",""#text"":""1002""},{""@Name"":""DescriptionSize"",""#text"":""34""},{""@Name"":""Description"",""#text"":""Run Assessment, cpu, -compression""}]}}"
108,108,2025-01-20 15:10:15.977289+00:00,10,Info,Microsoft-Windows-WindowsSystemAssessmentTool,Microsoft-Windows-WindowsSystemAssessmentTool/Operational,2384,2448,win7,0,S-1-5-21-2630035287-469658536-4158816484-1000,,,,,,,,,,,False,C:\Users\BRIANNA\OneDrive\Documents\GitHub\NSSECU3_MP2\win7_files\Logs\Microsoft-Windows-WindowsSystemAssessmentTool_4Operational.evtx,Classic,0,"{""EventData"":{""Data"":{""@Name"":""PhaseID"",""#text"":""1002""}}}"
109,109,2025-01-20 15:10:15.977289+00:00,9,Info,Microsoft-Windows-WindowsSystemAssessmentTool,Microsoft-Windows-WindowsSystemAssessmentTool/Operational,2384,2448,win7,0,S-1-5-21-2630035287-469658536-4158816484-1000,,,,,,,,,,,False,C:\Users\BRIANNA\OneDrive\Documents\GitHub\NSSECU3_MP2\win7_files\Logs\Microsoft-Windows-WindowsSystemAssessmentTool_4Operational.evtx,Classic,0,"{""EventData"":{""Data"":[{""@Name"":""PhaseID"",""#text"":""1002""},{""@Name"":""DescriptionSize"",""#text"":""34""},{""@Name"":""Description"",""#text"":""Run Assessment, cpu, -encryption2""}]}}"
111,111,2025-01-20 15:10:26.149164+00:00,9,Info,Microsoft-Windows-WindowsSystemAssessmentTool,Microsoft-Windows-WindowsSystemAssessmentTool/Operational,2384,2448,win7,0,S-1-5-21-2630035287-469658536-4158816484-1000,,,,,,,,,,,False,C:\Users\BRIANNA\OneDrive\Documents\GitHub\NSSECU3_MP2\win7_files\Logs\Microsoft-Windows-WindowsSystemAssessmentTool_4Operational.evtx,Classic,0,"{""EventData"":{""Data"":[{""@Name"":""PhaseID"",""#text"":""1002""},{""@Name"":""DescriptionSize"",""#text"":""35""},{""@Name"":""Description"",""#text"":""Run Assessment, cpu, -compression2""}]}}"
110,110,2025-01-20 15:10:26.149164+00:00,10,Info,Microsoft-Windows-WindowsSystemAssessmentTool,Microsoft-Windows-WindowsSystemAssessmentTool/Operational,2384,2448,win7,0,S-1-5-21-2630035287-469658536-4158816484-1000,,,,,,,,,,,False,C:\Users\BRIANNA\OneDrive\Documents\GitHub\NSSECU3_MP2\win7_files\Logs\Microsoft-Windows-WindowsSystemAssessmentTool_4Operational.evtx,Classic,0,"{""EventData"":{""Data"":{""@Name"":""PhaseID"",""#text"":""1002""}}}"
112,112,2025-01-20 15:10:36.383539+00:00,10,Info,Microsoft-Windows-WindowsSystemAssessmentTool,Microsoft-Windows-WindowsSystemAssessmentTool/Operational,2384,2448,win7,0,S-1-5-21-2630035287-469658536-4158816484-1000,,,,,,,,,,,False,C:\Users\BRIANNA\OneDrive\Documents\GitHub\NSSECU3_MP2\win7_files\Logs\Microsoft-Windows-WindowsSystemAssessmentTool_4Operational.evtx,Classic,0,"{""EventData"":{""Data"":{""@Name"":""PhaseID"",""#text"":""1002""}}}"
113,113,2025-01-20 15:10:36.383539+00:00,9,Info,Microsoft-Windows-WindowsSystemAssessmentTool,Microsoft-Windows-WindowsSystemAssessmentTool/Operational,2384,2448,win7,0,S-1-5-21-2630035287-469658536-4158816484-1000,,,,,,,,,,,False,C:\Users\BRIANNA\OneDrive\Documents\GitHub\NSSECU3_MP2\win7_files\Logs\Microsoft-Windows-WindowsSystemAssessmentTool_4Operational.evtx,Classic,0,"{""EventData"":{""Data"":[{""@Name"":""PhaseID"",""#text"":""1003""},{""@Name"":""DescriptionSize"",""#text"":""22""},{""@Name"":""Description"",""#text"":""Run Assessment, mem, ""}]}}"
114,114,2025-01-20 15:10:41.617914+00:00,10,Info,Microsoft-Windows-WindowsSystemAssessmentTool,Microsoft-Windows-WindowsSystemAssessmentTool/Operational,2384,2448,win7,0,S-1-5-21-2630035287-469658536-4158816484-1000,,,,,,,,,,,False,C:\Users\BRIANNA\OneDrive\Documents\GitHub\NSSECU3_MP2\win7_files\Logs\Microsoft-Windows-WindowsSystemAssessmentTool_4Operational.evtx,Classic,0,"{""EventData"":{""Data"":{""@Name"":""PhaseID"",""#text"":""1003""}}}"
115,115,2025-01-20 15:10:41.617914+00:00,9,Info,Microsoft-Windows-WindowsSystemAssessmentTool,Microsoft-Windows-WindowsSystemAssessmentTool/Operational,2384,2448,win7,0,S-1-5-21-2630035287-469658536-4158816484-1000,,,,,,,,,,,False,C:\Users\BRIANNA\OneDrive\Documents\GitHub\NSSECU3_MP2\win7_files\Logs\Microsoft-Windows-WindowsSystemAssessmentTool_4Operational.evtx,Classic,0,"{""EventData"":{""Data"":[{""@Name"":""PhaseID"",""#text"":""1004""},{""@Name"":""DescriptionSize"",""#text"":""38""},{""@Name"":""Description"",""#text"":""Run Assessment, disk, -seq -read -n 0""}]}}"
117,117,2025-01-20 15:10:42.965570300+00:00,9,Info,Microsoft-Windows-WindowsSystemAssessmentTool,Microsoft-Windows-WindowsSystemAssessmentTool/Operational,2384,2448,win7,1,S-1-5-21-2630035287-469658536-4158816484-1000,,,,,,,,,,,False,C:\Users\BRIANNA\OneDrive\Documents\GitHub\NSSECU3_MP2\win7_files\Logs\Microsoft-Windows-WindowsSystemAssessmentTool_4Operational.evtx,Classic,0,"{""EventData"":{""Data"":[{""@Name"":""PhaseID"",""#text"":""1004""},{""@Name"":""DescriptionSize"",""#text"":""38""},{""@Name"":""Description"",""#text"":""Run Assessment, disk, -ran -read -n 0""}]}}"
116,116,2025-01-20 15:10:42.965570300+00:00,10,Info,Microsoft-Windows-WindowsSystemAssessmentTool,Microsoft-Windows-WindowsSystemAssessmentTool/Operational,2384,2448,win7,0,S-1-5-21-2630035287-469658536-4158816484-1000,,,,,,,,,,,False,C:\Users\BRIANNA\OneDrive\Documents\GitHub\NSSECU3_MP2\win7_files\Logs\Microsoft-Windows-WindowsSystemAssessmentTool_4Operational.evtx,Classic,0,"{""EventData"":{""Data"":{""@Name"":""PhaseID"",""#text"":""1004""}}}"
119,119,2025-01-20 15:10:44.885492100+00:00,9,Info,Microsoft-Windows-WindowsSystemAssessmentTool,Microsoft-Windows-WindowsSystemAssessmentTool/Operational,2384,2448,win7,1,S-1-5-21-2630035287-469658536-4158816484-1000,,,,,,,,,,,False,C:\Users\BRIANNA\OneDrive\Documents\GitHub\NSSECU3_MP2\win7_files\Logs\Microsoft-Windows-WindowsSystemAssessmentTool_4Operational.evtx,Classic,0,"{""EventData"":{""Data"":[{""@Name"":""PhaseID"",""#text"":""1004""},{""@Name"":""DescriptionSize"",""#text"":""43""},{""@Name"":""Description"",""#text"":""Run Assessment, disk, -scen 2009 -drive C:""}]}}"
118,118,2025-01-20 15:10:44.885492100+00:00,10,Info,Microsoft-Windows-WindowsSystemAssessmentTool,Microsoft-Windows-WindowsSystemAssessmentTool/Operational,2384,2448,win7,1,S-1-5-21-2630035287-469658536-4158816484-1000,,,,,,,,,,,False,C:\Users\BRIANNA\OneDrive\Documents\GitHub\NSSECU3_MP2\win7_files\Logs\Microsoft-Windows-WindowsSystemAssessmentTool_4Operational.evtx,Classic,0,"{""EventData"":{""Data"":{""@Name"":""PhaseID"",""#text"":""1004""}}}"
120,120,2025-01-20 15:11:40.488031200+00:00,10,Info,Microsoft-Windows-WindowsSystemAssessmentTool,Microsoft-Windows-WindowsSystemAssessmentTool/Operational,2384,2448,win7,1,S-1-5-21-2630035287-469658536-4158816484-1000,,,,,,,,,,,False,C:\Users\BRIANNA\OneDrive\Documents\GitHub\NSSECU3_MP2\win7_files\Logs\Microsoft-Windows-WindowsSystemAssessmentTool_4Operational.evtx,Classic,0,"{""EventData"":{""Data"":{""@Name"":""PhaseID"",""#text"":""1004""}}}"
121,121,2025-01-20 15:11:40.488031200+00:00,9,Info,Microsoft-Windows-WindowsSystemAssessmentTool,Microsoft-Windows-WindowsSystemAssessmentTool/Operational,2384,2448,win7,1,S-1-5-21-2630035287-469658536-4158816484-1000,,,,,,,,,,,False,C:\Users\BRIANNA\OneDrive\Documents\GitHub\NSSECU3_MP2\win7_files\Logs\Microsoft-Windows-WindowsSystemAssessmentTool_4Operational.evtx,Classic,0,"{""EventData"":{""Data"":[{""@Name"":""PhaseID"",""#text"":""130""},{""@Name"":""DescriptionSize"",""#text"":""16""},{""@Name"":""Description"",""#text"":""Process Results""}]}}"
122,122,2025-01-20 15:11:41.034906200+00:00,10,Info,Microsoft-Windows-WindowsSystemAssessmentTool,Microsoft-Windows-WindowsSystemAssessmentTool/Operational,2384,2448,win7,1,S-1-5-21-2630035287-469658536-4158816484-1000,,,,,,,,,,,False,C:\Users\BRIANNA\OneDrive\Documents\GitHub\NSSECU3_MP2\win7_files\Logs\Microsoft-Windows-WindowsSystemAssessmentTool_4Operational.evtx,Classic,0,"{""EventData"":{""Data"":{""@Name"":""PhaseID"",""#text"":""130""}}}"
123,123,2025-01-20 15:11:41.034906200+00:00,9,Info,Microsoft-Windows-WindowsSystemAssessmentTool,Microsoft-Windows-WindowsSystemAssessmentTool/Operational,2384,2448,win7,1,S-1-5-21-2630035287-469658536-4158816484-1000,,,,,,,,,,,False,C:\Users\BRIANNA\OneDrive\Documents\GitHub\NSSECU3_MP2\win7_files\Logs\Microsoft-Windows-WindowsSystemAssessmentTool_4Operational.evtx,Classic,0,"{""EventData"":{""Data"":[{""@Name"":""PhaseID"",""#text"":""150""},{""@Name"":""DescriptionSize"",""#text"":""17""},{""@Name"":""Description"",""#text"":""Cleanup and exit""}]}}"
124,124,2025-01-20 15:11:41.034906200+00:00,9,Info,Microsoft-Windows-WindowsSystemAssessmentTool,Microsoft-Windows-WindowsSystemAssessmentTool/Operational,2384,2448,win7,1,S-1-5-21-2630035287-469658536-4158816484-1000,,,,,,,,,,,False,C:\Users\BRIANNA\OneDrive\Documents\GitHub\NSSECU3_MP2\win7_files\Logs\Microsoft-Windows-WindowsSystemAssessmentTool_4Operational.evtx,Classic,0,"{""EventData"":{""Data"":[{""@Name"":""PhaseID"",""#text"":""140""},{""@Name"":""DescriptionSize"",""#text"":""24""},{""@Name"":""Description"",""#text"":""Restore system policies""}]}}"
125,125,2025-01-20 15:11:41.081781200+00:00,10,Info,Microsoft-Windows-WindowsSystemAssessmentTool,Microsoft-Windows-WindowsSystemAssessmentTool/Operational,2384,2448,win7,1,S-1-5-21-2630035287-469658536-4158816484-1000,,,,,,,,,,,False,C:\Users\BRIANNA\OneDrive\Documents\GitHub\NSSECU3_MP2\win7_files\Logs\Microsoft-Windows-WindowsSystemAssessmentTool_4Operational.evtx,Classic,0,"{""EventData"":{""Data"":{""@Name"":""PhaseID"",""#text"":""140""}}}"
126,126,2025-01-20 15:11:41.097406200+00:00,3,LogAlways,Microsoft-Windows-WindowsSystemAssessmentTool,Microsoft-Windows-WindowsSystemAssessmentTool/Operational,2384,2448,win7,1,S-1-5-21-2630035287-469658536-4158816484-1000,,,,,,,,,,,False,C:\Users\BRIANNA\OneDrive\Documents\GitHub\NSSECU3_MP2\win7_files\Logs\Microsoft-Windows-WindowsSystemAssessmentTool_4Operational.evtx,Classic,0,"{""EventData"":{""Data"":{""@Name"":""ExitCode"",""#text"":""0""}}}"
1,1,2025-01-20 15:12:03.550531200+00:00,701,Info,Microsoft-Windows-Application-Experience,Microsoft-Windows-Application-Experience/Program-Telemetry,644,1520,win7,0,S-1-5-18,,,,,,,,,,,False,C:\Users\BRIANNA\OneDrive\Documents\GitHub\NSSECU3_MP2\win7_files\Logs\Microsoft-Windows-Application-Experience_4Program-Telemetry.evtx,0x1000000000000000,0,"{""EventData"":""""}"
32,32,2025-01-20 15:12:10.347406200+00:00,900,Info,Microsoft-Windows-Application-Experience,Microsoft-Windows-Application-Experience/Program-Inventory,3036,3028,win7,0,S-1-5-18,,,,,,,,,,,False,C:\Users\BRIANNA\OneDrive\Documents\GitHub\NSSECU3_MP2\win7_files\Logs\Microsoft-Windows-Application-Experience_4Program-Inventory.evtx,0x800000000000000,0,"{""UserData"":{""IEAddOnChangeInfoEvent"":{""Name"":""XML DOM Document"",""Type"":""ActiveX"",""Publisher"":""Microsoft Corporation"",""CLSID"":""f6d90f11-9c73-11d3-b32e-00c04f990bb4"",""FileName"":""msxml3.dll"",""FileID"":""0000e7055d6cacb8c3fae06dc10ad480c8e6b8b7b592"",""Language"":""0"",""FileVersion"":""8.110.7601.17514""}}}"
33,33,2025-01-20 15:12:10.347406200+00:00,900,Info,Microsoft-Windows-Application-Experience,Microsoft-Windows-Application-Experience/Program-Inventory,3036,3028,win7,0,S-1-5-18,,,,,,,,,,,False,C:\Users\BRIANNA\OneDrive\Documents\GitHub\NSSECU3_MP2\win7_files\Logs\Microsoft-Windows-Application-Experience_4Program-Inventory.evtx,0x800000000000000,0,"{""UserData"":{""IEAddOnChangeInfoEvent"":{""Name"":""Free Threaded XML DOM Document"",""Type"":""ActiveX"",""Publisher"":""Microsoft Corporation"",""CLSID"":""f6d90f12-9c73-11d3-b32e-00c04f990bb4"",""FileName"":""msxml3.dll"",""FileID"":""0000e7055d6cacb8c3fae06dc10ad480c8e6b8b7b592"",""Language"":""0"",""FileVersion"":""8.110.7601.17514""}}}"
34,34,2025-01-20 15:12:10.347406200+00:00,900,Info,Microsoft-Windows-Application-Experience,Microsoft-Windows-Application-Experience/Program-Inventory,3036,3028,win7,0,S-1-5-18,,,,,,,,,,,False,C:\Users\BRIANNA\OneDrive\Documents\GitHub\NSSECU3_MP2\win7_files\Logs\Microsoft-Windows-Application-Experience_4Program-Inventory.evtx,0x800000000000000,0,"{""UserData"":{""IEAddOnChangeInfoEvent"":{""Name"":""XML Data Source Object"",""Type"":""ActiveX"",""Publisher"":""Microsoft Corporation"",""CLSID"":""f6d90f14-9c73-11d3-b32e-00c04f990bb4"",""FileName"":""msxml3.dll"",""FileID"":""0000e7055d6cacb8c3fae06dc10ad480c8e6b8b7b592"",""Language"":""0"",""FileVersion"":""8.110.7601.17514""}}}"
31,31,2025-01-20 15:12:10.347406200+00:00,900,Info,Microsoft-Windows-Application-Experience,Microsoft-Windows-Application-Experience/Program-Inventory,3036,3028,win7,0,S-1-5-18,,,,,,,,,,,False,C:\Users\BRIANNA\OneDrive\Documents\GitHub\NSSECU3_MP2\win7_files\Logs\Microsoft-Windows-Application-Experience_4Program-Inventory.evtx,0x800000000000000,0,"{""UserData"":{""IEAddOnChangeInfoEvent"":{""Name"":""XML Data Source Object 3.0"",""Type"":""ActiveX"",""Publisher"":""Microsoft Corporation"",""CLSID"":""f5078f39-c551-11d3-89b9-0000f81fe221"",""FileName"":""msxml3.dll"",""FileID"":""0000e7055d6cacb8c3fae06dc10ad480c8e6b8b7b592"",""Language"":""0"",""FileVersion"":""8.110.7601.17514""}}}"
19,19,2025-01-20 15:12:10.347406200+00:00,900,Info,Microsoft-Windows-Application-Experience,Microsoft-Windows-Application-Experience/Program-Inventory,3036,3028,win7,0,S-1-5-18,,,,,,,,,,,False,C:\Users\BRIANNA\OneDrive\Documents\GitHub\NSSECU3_MP2\win7_files\Logs\Microsoft-Windows-Application-Experience_4Program-Inventory.evtx,0x800000000000000,0,"{""UserData"":{""IEAddOnChangeInfoEvent"":{""Name"":""InformationCardSigninHelper Class"",""Type"":""ActiveX"",""Publisher"":""Microsoft Corporation"",""CLSID"":""19916e01-b44e-4e31-94a4-4696df46157b"",""FileName"":""icardie.dll"",""FileID"":""000001ea13fd7daac87d64edf7cdf5369a39ac80c5ef"",""Language"":""1033"",""FileVersion"":""8.00.7600.16385(win7_rtm.090713-1255)""}}}"
20,20,2025-01-20 15:12:10.347406200+00:00,900,Info,Microsoft-Windows-Application-Experience,Microsoft-Windows-Application-Experience/Program-Inventory,3036,3028,win7,0,S-1-5-18,,,,,,,,,,,False,C:\Users\BRIANNA\OneDrive\Documents\GitHub\NSSECU3_MP2\win7_files\Logs\Microsoft-Windows-Application-Experience_4Program-Inventory.evtx,0x800000000000000,0,"{""UserData"":{""IEAddOnChangeInfoEvent"":{""Name"":""XML HTTP 6.0"",""Type"":""ActiveX"",""Publisher"":""Microsoft Corporation"",""CLSID"":""88d96a0a-f192-11d4-a65f-0040963251e5"",""FileName"":""msxml6.dll"",""FileID"":""0000a767e893427f9b24fe06cbb3a155dd54162a402a"",""Language"":""0"",""FileVersion"":""6.30.7601.17514""}}}"
21,21,2025-01-20 15:12:10.347406200+00:00,900,Info,Microsoft-Windows-Application-Experience,Microsoft-Windows-Application-Experience/Program-Inventory,3036,3028,win7,0,S-1-5-18,,,,,,,,,,,False,C:\Users\BRIANNA\OneDrive\Documents\GitHub\NSSECU3_MP2\win7_files\Logs\Microsoft-Windows-Application-Experience_4Program-Inventory.evtx,0x800000000000000,0,"{""UserData"":{""IEAddOnChangeInfoEvent"":{""Name"":""Registration Control"",""Type"":""ActiveX"",""Publisher"":""Microsoft Corporation"",""CLSID"":""8e4062d9-fe1b-4b9e-aa16-5e8eef68f48e"",""FileName"":""RegCtrl.dll"",""FileID"":""0000fbfb589af1f264af88b879f8aaf16475d499e737"",""Language"":""1033"",""FileVersion"":""6.1.7600.16385(win7_rtm.090713-1255)""}}}"
22,22,2025-01-20 15:12:10.347406200+00:00,900,Info,Microsoft-Windows-Application-Experience,Microsoft-Windows-Application-Experience/Program-Inventory,3036,3028,win7,0,S-1-5-18,,,,,,,,,,,False,C:\Users\BRIANNA\OneDrive\Documents\GitHub\NSSECU3_MP2\win7_files\Logs\Microsoft-Windows-Application-Experience_4Program-Inventory.evtx,0x800000000000000,0,"{""UserData"":{""IEAddOnChangeInfoEvent"":{""Name"":""prturl Class"",""Type"":""ActiveX"",""Publisher"":""Microsoft Corporation"",""CLSID"":""92337a8c-e11d-11d0-be48-00c04fc30df6"",""FileName"":""oleprn.dll"",""FileID"":""0000dbe7e379e77aa93c26456a787169d70a1cd7bb37"",""Language"":""1033"",""FileVersion"":""6.1.7600.16385(win7_rtm.090713-1255)""}}}"
23,23,2025-01-20 15:12:10.347406200+00:00,900,Info,Microsoft-Windows-Application-Experience,Microsoft-Windows-Application-Experience/Program-Inventory,3036,3028,win7,0,S-1-5-18,,,,,,,,,,,False,C:\Users\BRIANNA\OneDrive\Documents\GitHub\NSSECU3_MP2\win7_files\Logs\Microsoft-Windows-Application-Experience_4Program-Inventory.evtx,0x800000000000000,0,"{""UserData"":{""IEAddOnChangeInfoEvent"":{""Name"":""RMGetLicense Class"",""Type"":""ActiveX"",""Publisher"":""Microsoft Corporation"",""CLSID"":""a9fc132b-096d-460b-b7d5-1db0fae0c062"",""FileName"":""msnetobj.dll"",""FileID"":""0000d53f369d595d97213da95e643a414d6aa6a0e6b2"",""Language"":""1033"",""FileVersion"":""11.0.7601.17514""}}}"
24,24,2025-01-20 15:12:10.347406200+00:00,900,Info,Microsoft-Windows-Application-Experience,Microsoft-Windows-Application-Experience/Program-Inventory,3036,3028,win7,0,S-1-5-18,,,,,,,,,,,False,C:\Users\BRIANNA\OneDrive\Documents\GitHub\NSSECU3_MP2\win7_files\Logs\Microsoft-Windows-Application-Experience_4Program-Inventory.evtx,0x800000000000000,0,"{""UserData"":{""IEAddOnChangeInfoEvent"":{""Name"":""OleInstall Class"",""Type"":""ActiveX"",""Publisher"":""Microsoft Corporation"",""CLSID"":""c3701884-b39b-11d1-9d68-00c04fc30df6"",""FileName"":""oleprn.dll"",""FileID"":""0000dbe7e379e77aa93c26456a787169d70a1cd7bb37"",""Language"":""1033"",""FileVersion"":""6.1.7600.16385(win7_rtm.090713-1255)""}}}"
17,17,2025-01-20 15:12:10.347406200+00:00,900,Info,Microsoft-Windows-Application-Experience,Microsoft-Windows-Application-Experience/Program-Inventory,3036,3028,win7,0,S-1-5-18,,,,,,,,,,,False,C:\Users\BRIANNA\OneDrive\Documents\GitHub\NSSECU3_MP2\win7_files\Logs\Microsoft-Windows-Application-Experience_4Program-Inventory.evtx,0x800000000000000,0,"{""UserData"":{""IEAddOnChangeInfoEvent"":{""Name"":""oleprn Class"",""Type"":""ActiveX"",""Publisher"":""Microsoft Corporation"",""CLSID"":""3e4d4f1c-2aee-11d1-9d3d-00c04fc30df6"",""FileName"":""oleprn.dll"",""FileID"":""0000dbe7e379e77aa93c26456a787169d70a1cd7bb37"",""Language"":""1033"",""FileVersion"":""6.1.7600.16385(win7_rtm.090713-1255)""}}}"
29,29,2025-01-20 15:12:10.347406200+00:00,900,Info,Microsoft-Windows-Application-Experience,Microsoft-Windows-Application-Experience/Program-Inventory,3036,3028,win7,0,S-1-5-18,,,,,,,,,,,False,C:\Users\BRIANNA\OneDrive\Documents\GitHub\NSSECU3_MP2\win7_files\Logs\Microsoft-Windows-Application-Experience_4Program-Inventory.evtx,0x800000000000000,0,"{""UserData"":{""IEAddOnChangeInfoEvent"":{""Name"":""XML HTTP 3.0"",""Type"":""ActiveX"",""Publisher"":""Microsoft Corporation"",""CLSID"":""f5078f35-c551-11d3-89b9-0000f81fe221"",""FileName"":""msxml3.dll"",""FileID"":""0000e7055d6cacb8c3fae06dc10ad480c8e6b8b7b592"",""Language"":""0"",""FileVersion"":""8.110.7601.17514""}}}"
28,28,2025-01-20 15:12:10.347406200+00:00,900,Info,Microsoft-Windows-Application-Experience,Microsoft-Windows-Application-Experience/Program-Inventory,3036,3028,win7,0,S-1-5-18,,,,,,,,,,,False,C:\Users\BRIANNA\OneDrive\Documents\GitHub\NSSECU3_MP2\win7_files\Logs\Microsoft-Windows-Application-Experience_4Program-Inventory.evtx,0x800000000000000,0,"{""UserData"":{""IEAddOnChangeInfoEvent"":{""Name"":""XML Schema Cache 3.0"",""Type"":""ActiveX"",""Publisher"":""Microsoft Corporation"",""CLSID"":""f5078f34-c551-11d3-89b9-0000f81fe221"",""FileName"":""msxml3.dll"",""FileID"":""0000e7055d6cacb8c3fae06dc10ad480c8e6b8b7b592"",""Language"":""0"",""FileVersion"":""8.110.7601.17514""}}}"
25,25,2025-01-20 15:12:10.347406200+00:00,900,Info,Microsoft-Windows-Application-Experience,Microsoft-Windows-Application-Experience/Program-Inventory,3036,3028,win7,0,S-1-5-18,,,,,,,,,,,False,C:\Users\BRIANNA\OneDrive\Documents\GitHub\NSSECU3_MP2\win7_files\Logs\Microsoft-Windows-Application-Experience_4Program-Inventory.evtx,0x800000000000000,0,"{""UserData"":{""IEAddOnChangeInfoEvent"":{""Name"":""Scripting.Dictionary"",""Type"":""ActiveX"",""Publisher"":""Microsoft Corporation"",""CLSID"":""ee09b103-97e0-11cf-978f-00a02463e06f"",""FileName"":""scrrun.dll"",""FileID"":""0000243c82daa5f5d1a8c3e9fa305db33ee91907b60f"",""Language"":""1033"",""FileVersion"":""5.8.7600.16385""}}}"
26,26,2025-01-20 15:12:10.347406200+00:00,900,Info,Microsoft-Windows-Application-Experience,Microsoft-Windows-Application-Experience/Program-Inventory,3036,3028,win7,0,S-1-5-18,,,,,,,,,,,False,C:\Users\BRIANNA\OneDrive\Documents\GitHub\NSSECU3_MP2\win7_files\Logs\Microsoft-Windows-Application-Experience_4Program-Inventory.evtx,0x800000000000000,0,"{""UserData"":{""IEAddOnChangeInfoEvent"":{""Name"":""XML DOM Document 3.0"",""Type"":""ActiveX"",""Publisher"":""Microsoft Corporation"",""CLSID"":""f5078f32-c551-11d3-89b9-0000f81fe221"",""FileName"":""msxml3.dll"",""FileID"":""0000e7055d6cacb8c3fae06dc10ad480c8e6b8b7b592"",""Language"":""0"",""FileVersion"":""8.110.7601.17514""}}}"
27,27,2025-01-20 15:12:10.347406200+00:00,900,Info,Microsoft-Windows-Application-Experience,Microsoft-Windows-Application-Experience/Program-Inventory,3036,3028,win7,0,S-1-5-18,,,,,,,,,,,False,C:\Users\BRIANNA\OneDrive\Documents\GitHub\NSSECU3_MP2\win7_files\Logs\Microsoft-Windows-Application-Experience_4Program-Inventory.evtx,0x800000000000000,0,"{""UserData"":{""IEAddOnChangeInfoEvent"":{""Name"":""Free Threaded XML DOM Document 3.0"",""Type"":""ActiveX"",""Publisher"":""Microsoft Corporation"",""CLSID"":""f5078f33-c551-11d3-89b9-0000f81fe221"",""FileName"":""msxml3.dll"",""FileID"":""0000e7055d6cacb8c3fae06dc10ad480c8e6b8b7b592"",""Language"":""0"",""FileVersion"":""8.110.7601.17514""}}}"
14,14,2025-01-20 15:12:10.347406200+00:00,900,Info,Microsoft-Windows-Application-Experience,Microsoft-Windows-Application-Experience/Program-Inventory,3036,3028,win7,0,S-1-5-18,,,,,,,,,,,False,C:\Users\BRIANNA\OneDrive\Documents\GitHub\NSSECU3_MP2\win7_files\Logs\Microsoft-Windows-Application-Experience_4Program-Inventory.evtx,0x800000000000000,0,"{""UserData"":{""IEAddOnChangeInfoEvent"":{""Name"":""Microsoft Shell UI Helper"",""Type"":""ActiveX"",""Publisher"":""Microsoft Corporation"",""CLSID"":""64ab4bb7-111e-11d1-8f79-00c04fc2fbe1"",""FileName"":""ieframe.dll"",""FileID"":""0000639946c23b630798284a92117882990ea31d702e"",""Language"":""1033"",""FileVersion"":""8.00.7600.16385(win7_rtm.090713-1255)""}}}"
15,15,2025-01-20 15:12:10.347406200+00:00,900,Info,Microsoft-Windows-Application-Experience,Microsoft-Windows-Application-Experience/Program-Inventory,3036,3028,win7,0,S-1-5-18,,,,,,,,,,,False,C:\Users\BRIANNA\OneDrive\Documents\GitHub\NSSECU3_MP2\win7_files\Logs\Microsoft-Windows-Application-Experience_4Program-Inventory.evtx,0x800000000000000,0,"{""UserData"":{""IEAddOnChangeInfoEvent"":{""Name"":""OleSNMP Class"",""Type"":""ActiveX"",""Publisher"":""Microsoft Corporation"",""CLSID"":""4f664f91-ff01-11d0-8aed-00c04fd7b597"",""FileName"":""oleprn.dll"",""FileID"":""0000dbe7e379e77aa93c26456a787169d70a1cd7bb37"",""Language"":""1033"",""FileVersion"":""6.1.7600.16385(win7_rtm.090713-1255)""}}}"
16,16,2025-01-20 15:12:10.347406200+00:00,900,Info,Microsoft-Windows-Application-Experience,Microsoft-Windows-Application-Experience/Program-Inventory,3036,3028,win7,0,S-1-5-18,,,,,,,,,,,False,C:\Users\BRIANNA\OneDrive\Documents\GitHub\NSSECU3_MP2\win7_files\Logs\Microsoft-Windows-Application-Experience_4Program-Inventory.evtx,0x800000000000000,0,"{""UserData"":{""IEAddOnChangeInfoEvent"":{""Name"":""DSPrintQueue Class"",""Type"":""ActiveX"",""Publisher"":""Microsoft Corporation"",""CLSID"":""435899c9-44ab-11d1-af00-080036234103"",""FileName"":""oleprn.dll"",""FileID"":""0000dbe7e379e77aa93c26456a787169d70a1cd7bb37"",""Language"":""1033"",""FileVersion"":""6.1.7600.16385(win7_rtm.090713-1255)""}}}"
13,13,2025-01-20 15:12:10.347406200+00:00,900,Info,Microsoft-Windows-Application-Experience,Microsoft-Windows-Application-Experience/Program-Inventory,3036,3028,win7,0,S-1-5-18,,,,,,,,,,,False,C:\Users\BRIANNA\OneDrive\Documents\GitHub\NSSECU3_MP2\win7_files\Logs\Microsoft-Windows-Application-Experience_4Program-Inventory.evtx,0x800000000000000,0,"{""UserData"":{""IEAddOnChangeInfoEvent"":{""Name"":""XML DOM Document"",""Type"":""ActiveX"",""Publisher"":""Microsoft Corporation"",""CLSID"":""2933bf90-7b36-11d2-b20e-00c04f983e60"",""FileName"":""msxml3.dll"",""FileID"":""0000e7055d6cacb8c3fae06dc10ad480c8e6b8b7b592"",""Language"":""0"",""FileVersion"":""8.110.7601.17514""}}}"
35,35,2025-01-20 15:12:10.347406200+00:00,900,Info,Microsoft-Windows-Application-Experience,Microsoft-Windows-Application-Experience/Program-Inventory,3036,3028,win7,0,S-1-5-18,,,,,,,,,,,False,C:\Users\BRIANNA\OneDrive\Documents\GitHub\NSSECU3_MP2\win7_files\Logs\Microsoft-Windows-Application-Experience_4Program-Inventory.evtx,0x800000000000000,0,"{""UserData"":{""IEAddOnChangeInfoEvent"":{""Name"":""XML HTTP"",""Type"":""ActiveX"",""Publisher"":""Microsoft Corporation"",""CLSID"":""f6d90f16-9c73-11d3-b32e-00c04f990bb4"",""FileName"":""msxml3.dll"",""FileID"":""0000e7055d6cacb8c3fae06dc10ad480c8e6b8b7b592"",""Language"":""0"",""FileVersion"":""8.110.7601.17514""}}}"
18,18,2025-01-20 15:12:10.347406200+00:00,900,Info,Microsoft-Windows-Application-Experience,Microsoft-Windows-Application-Experience/Program-Inventory,3036,3028,win7,0,S-1-5-18,,,,,,,,,,,False,C:\Users\BRIANNA\OneDrive\Documents\GitHub\NSSECU3_MP2\win7_files\Logs\Microsoft-Windows-Application-Experience_4Program-Inventory.evtx,0x800000000000000,0,"{""UserData"":{""IEAddOnChangeInfoEvent"":{""Name"":""XML Schema Cache"",""Type"":""ActiveX"",""Publisher"":""Microsoft Corporation"",""CLSID"":""373984c9-b845-449b-91e7-45ac83036ade"",""FileName"":""msxml3.dll"",""FileID"":""0000e7055d6cacb8c3fae06dc10ad480c8e6b8b7b592"",""Language"":""0"",""FileVersion"":""8.110.7601.17514""}}}"
30,30,2025-01-20 15:12:10.347406200+00:00,900,Info,Microsoft-Windows-Application-Experience,Microsoft-Windows-Application-Experience/Program-Inventory,3036,3028,win7,0,S-1-5-18,,,,,,,,,,,False,C:\Users\BRIANNA\OneDrive\Documents\GitHub\NSSECU3_MP2\win7_files\Logs\Microsoft-Windows-Application-Experience_4Program-Inventory.evtx,0x800000000000000,0,"{""UserData"":{""IEAddOnChangeInfoEvent"":{""Name"":""XSL Template 3.0"",""Type"":""ActiveX"",""Publisher"":""Microsoft Corporation"",""CLSID"":""f5078f36-c551-11d3-89b9-0000f81fe221"",""FileName"":""msxml3.dll"",""FileID"":""0000e7055d6cacb8c3fae06dc10ad480c8e6b8b7b592"",""Language"":""0"",""FileVersion"":""8.110.7601.17514""}}}"
6,6,2025-01-20 15:12:10.347406200+00:00,900,Info,Microsoft-Windows-Application-Experience,Microsoft-Windows-Application-Experience/Program-Inventory,3036,3028,win7,0,S-1-5-18,,,,,,,,,,,False,C:\Users\BRIANNA\OneDrive\Documents\GitHub\NSSECU3_MP2\win7_files\Logs\Microsoft-Windows-Application-Experience_4Program-Inventory.evtx,0x800000000000000,0,"{""UserData"":{""IEAddOnChangeInfoEvent"":{""Name"":""X509 Enrollment WebClassFactory"",""Type"":""ActiveX"",""Publisher"":""Microsoft Corporation"",""CLSID"":""884e2049-217d-11da-b2a4-000e7bbb2b09"",""FileName"":""CertEnrollCtrl.exe"",""FileID"":""0000c6f773d69ed859ae48a767e439dd24dca9cbc45e"",""Language"":""1033"",""FileVersion"":""6.1.7600.16385(win7_rtm.090713-1255)""}}}"
1,1,2025-01-20 15:12:10.347406200+00:00,900,Info,Microsoft-Windows-Application-Experience,Microsoft-Windows-Application-Experience/Program-Inventory,3036,3028,win7,0,S-1-5-18,,,,,,,,,,,False,C:\Users\BRIANNA\OneDrive\Documents\GitHub\NSSECU3_MP2\win7_files\Logs\Microsoft-Windows-Application-Experience_4Program-Inventory.evtx,0x800000000000000,0,"{""UserData"":{""IEAddOnChangeInfoEvent"":{""Name"":""XSL Template 6.0"",""Type"":""ActiveX"",""Publisher"":""Microsoft Corporation"",""CLSID"":""88d96a08-f192-11d4-a65f-0040963251e5"",""FileName"":""msxml6.dll"",""FileID"":""0000a767e893427f9b24fe06cbb3a155dd54162a402a"",""Language"":""0"",""FileVersion"":""6.30.7601.17514""}}}"
2,2,2025-01-20 15:12:10.347406200+00:00,900,Info,Microsoft-Windows-Application-Experience,Microsoft-Windows-Application-Experience/Program-Inventory,3036,3028,win7,0,S-1-5-18,,,,,,,,,,,False,C:\Users\BRIANNA\OneDrive\Documents\GitHub\NSSECU3_MP2\win7_files\Logs\Microsoft-Windows-Application-Experience_4Program-Inventory.evtx,0x800000000000000,0,"{""UserData"":{""IEAddOnChangeInfoEvent"":{""Name"":""XML Schema Cache 6.0"",""Type"":""ActiveX"",""Publisher"":""Microsoft Corporation"",""CLSID"":""88d96a07-f192-11d4-a65f-0040963251e5"",""FileName"":""msxml6.dll"",""FileID"":""0000a767e893427f9b24fe06cbb3a155dd54162a402a"",""Language"":""0"",""FileVersion"":""6.30.7601.17514""}}}"
3,3,2025-01-20 15:12:10.347406200+00:00,900,Info,Microsoft-Windows-Application-Experience,Microsoft-Windows-Application-Experience/Program-Inventory,3036,3028,win7,0,S-1-5-18,,,,,,,,,,,False,C:\Users\BRIANNA\OneDrive\Documents\GitHub\NSSECU3_MP2\win7_files\Logs\Microsoft-Windows-Application-Experience_4Program-Inventory.evtx,0x800000000000000,0,"{""UserData"":{""IEAddOnChangeInfoEvent"":{""Name"":""X509 Machine Enrollment Factory"",""Type"":""ActiveX"",""Publisher"":""Microsoft Corporation"",""CLSID"":""884e2051-217d-11da-b2a4-000e7bbb2b09"",""FileName"":""CertEnroll.dll"",""FileID"":""0000cee23e7afce68bc02ed0912a3dab110528be66cb"",""Language"":""1033"",""FileVersion"":""6.1.7600.16385(win7_rtm.090713-1255)""}}}"
4,4,2025-01-20 15:12:10.347406200+00:00,900,Info,Microsoft-Windows-Application-Experience,Microsoft-Windows-Application-Experience/Program-Inventory,3036,3028,win7,0,S-1-5-18,,,,,,,,,,,False,C:\Users\BRIANNA\OneDrive\Documents\GitHub\NSSECU3_MP2\win7_files\Logs\Microsoft-Windows-Application-Experience_4Program-Inventory.evtx,0x800000000000000,0,"{""UserData"":{""IEAddOnChangeInfoEvent"":{""Name"":""Free Threaded XML DOM Document 6.0"",""Type"":""ActiveX"",""Publisher"":""Microsoft Corporation"",""CLSID"":""88d96a06-f192-11d4-a65f-0040963251e5"",""FileName"":""msxml6.dll"",""FileID"":""0000a767e893427f9b24fe06cbb3a155dd54162a402a"",""Language"":""0"",""FileVersion"":""6.30.7601.17514""}}}"
5,5,2025-01-20 15:12:10.347406200+00:00,900,Info,Microsoft-Windows-Application-Experience,Microsoft-Windows-Application-Experience/Program-Inventory,3036,3028,win7,0,S-1-5-18,,,,,,,,,,,False,C:\Users\BRIANNA\OneDrive\Documents\GitHub\NSSECU3_MP2\win7_files\Logs\Microsoft-Windows-Application-Experience_4Program-Inventory.evtx,0x800000000000000,0,"{""UserData"":{""IEAddOnChangeInfoEvent"":{""Name"":""XML DOM Document 6.0"",""Type"":""ActiveX"",""Publisher"":""Microsoft Corporation"",""CLSID"":""88d96a05-f192-11d4-a65f-0040963251e5"",""FileName"":""msxml6.dll"",""FileID"":""0000a767e893427f9b24fe06cbb3a155dd54162a402a"",""Language"":""0"",""FileVersion"":""6.30.7601.17514""}}}"
12,12,2025-01-20 15:12:10.347406200+00:00,900,Info,Microsoft-Windows-Application-Experience,Microsoft-Windows-Application-Experience/Program-Inventory,3036,3028,win7,0,S-1-5-18,,,,,,,,,,,False,C:\Users\BRIANNA\OneDrive\Documents\GitHub\NSSECU3_MP2\win7_files\Logs\Microsoft-Windows-Application-Experience_4Program-Inventory.evtx,0x800000000000000,0,"{""UserData"":{""IEAddOnChangeInfoEvent"":{""Name"":""XSL Template"",""Type"":""ActiveX"",""Publisher"":""Microsoft Corporation"",""CLSID"":""2933bf94-7b36-11d2-b20e-00c04f983e60"",""FileName"":""msxml3.dll"",""FileID"":""0000e7055d6cacb8c3fae06dc10ad480c8e6b8b7b592"",""Language"":""0"",""FileVersion"":""8.110.7601.17514""}}}"
11,11,2025-01-20 15:12:10.347406200+00:00,900,Info,Microsoft-Windows-Application-Experience,Microsoft-Windows-Application-Experience/Program-Inventory,3036,3028,win7,0,S-1-5-18,,,,,,,,,,,False,C:\Users\BRIANNA\OneDrive\Documents\GitHub\NSSECU3_MP2\win7_files\Logs\Microsoft-Windows-Application-Experience_4Program-Inventory.evtx,0x800000000000000,0,"{""UserData"":{""IEAddOnChangeInfoEvent"":{""Name"":""HtmlDlgSafeHelper Class"",""Type"":""ActiveX"",""Publisher"":""Microsoft Corporation"",""CLSID"":""3050f819-98b5-11cf-bb82-00aa00bdce0b"",""FileName"":""mshtmled.dll"",""FileID"":""000089dc827f5fecfe97fd45c50ed01d3b44aefbd073"",""Language"":""1033"",""FileVersion"":""8.00.7601.17514(win7sp1_rtm.101119-1850)""}}}"
7,7,2025-01-20 15:12:10.347406200+00:00,900,Info,Microsoft-Windows-Application-Experience,Microsoft-Windows-Application-Experience/Program-Inventory,3036,3028,win7,0,S-1-5-18,,,,,,,,,,,False,C:\Users\BRIANNA\OneDrive\Documents\GitHub\NSSECU3_MP2\win7_files\Logs\Microsoft-Windows-Application-Experience_4Program-Inventory.evtx,0x800000000000000,0,"{""UserData"":{""IEAddOnChangeInfoEvent"":{""Name"":""Windows Media Services DRM Storage object"",""Type"":""ActiveX"",""Publisher"":""Microsoft Corporation"",""CLSID"":""760c4b83-e211-11d2-bf3e-00805fbe84a6"",""FileName"":""msnetobj.dll"",""FileID"":""0000d53f369d595d97213da95e643a414d6aa6a0e6b2"",""Language"":""1033"",""FileVersion"":""11.0.7601.17514""}}}"
8,8,2025-01-20 15:12:10.347406200+00:00,900,Info,Microsoft-Windows-Application-Experience,Microsoft-Windows-Application-Experience/Program-Inventory,3036,3028,win7,0,S-1-5-18,,,,,,,,,,,False,C:\Users\BRIANNA\OneDrive\Documents\GitHub\NSSECU3_MP2\win7_files\Logs\Microsoft-Windows-Application-Experience_4Program-Inventory.evtx,0x800000000000000,0,"{""UserData"":{""IEAddOnChangeInfoEvent"":{""Name"":""Windows Media Player"",""Type"":""ActiveX"",""Publisher"":""Microsoft Corporation"",""CLSID"":""6bf52a52-394a-11d3-b153-00c04f79faa6"",""FileName"":""wmp.dll"",""FileID"":""00006d08eb142d0fc76f05c332194eacf28ca635016b"",""Language"":""1033"",""FileVersion"":""12.0.7601.17514(win7sp1_rtm.101119-1850)""}}}"
9,9,2025-01-20 15:12:10.347406200+00:00,900,Info,Microsoft-Windows-Application-Experience,Microsoft-Windows-Application-Experience/Program-Inventory,3036,3028,win7,0,S-1-5-18,,,,,,,,,,,False,C:\Users\BRIANNA\OneDrive\Documents\GitHub\NSSECU3_MP2\win7_files\Logs\Microsoft-Windows-Application-Experience_4Program-Inventory.evtx,0x800000000000000,0,"{""UserData"":{""IEAddOnChangeInfoEvent"":{""Name"":""OleCvt Class"",""Type"":""ActiveX"",""Publisher"":""Microsoft Corporation"",""CLSID"":""65303443-ad66-11d1-9d65-00c04fc30df6"",""FileName"":""oleprn.dll"",""FileID"":""0000dbe7e379e77aa93c26456a787169d70a1cd7bb37"",""Language"":""1033"",""FileVersion"":""6.1.7600.16385(win7_rtm.090713-1255)""}}}"
10,10,2025-01-20 15:12:10.347406200+00:00,900,Info,Microsoft-Windows-Application-Experience,Microsoft-Windows-Application-Experience/Program-Inventory,3036,3028,win7,0,S-1-5-18,,,,,,,,,,,False,C:\Users\BRIANNA\OneDrive\Documents\GitHub\NSSECU3_MP2\win7_files\Logs\Microsoft-Windows-Application-Experience_4Program-Inventory.evtx,0x800000000000000,0,"{""UserData"":{""IEAddOnChangeInfoEvent"":{""Name"":""Tabular Data Control"",""Type"":""ActiveX"",""Publisher"":""Microsoft Corporation"",""CLSID"":""333c7bc4-460f-11d0-bc04-0080c7055a83"",""FileName"":""tdc.ocx"",""FileID"":""0000453dd24332817649f8c5bcc67523ecbb2bdee76f"",""Language"":""1033"",""FileVersion"":""8.00.7600.16385(win7_rtm.090713-1255)""}}}"
36,36,2025-01-20 15:12:12.144281200+00:00,800,Info,Microsoft-Windows-Application-Experience,Microsoft-Windows-Application-Experience/Program-Inventory,3036,3028,win7,0,S-1-5-18,,,,,,,,,,,False,C:\Users\BRIANNA\OneDrive\Documents\GitHub\NSSECU3_MP2\win7_files\Logs\Microsoft-Windows-Application-Experience_4Program-Inventory.evtx,0x800000000000000,0,"{""UserData"":{""SessionInfoEvent"":{""StartTime"":""2025-01-20 15:12:03.0505312"",""StopTime"":""2025-01-20 15:12:12.1442812"",""ExitCode"":""223"",""NumNewPrograms"":""0"",""NumRemovedPrograms"":""0"",""NumUpdatedPrograms"":""0"",""NumInstalledPrograms"":""0"",""NumNewOrphans"":""51"",""NumNewAddOns"":""35"",""NumRemovedAddOns"":""0"",""NumUpdatedAddOns"":""0"",""NumInstalledAddOns"":""35"",""NumNewInstallations"":""0""}}}"
153,153,2025-01-20 15:12:16.238031200+00:00,4624,LogAlways,Microsoft-Windows-Security-Auditing,Security,456,2344,win7,1,,Successful logon,WORKGROUP\WIN7$, (-),Target: NT AUTHORITY\SYSTEM,LogonType 5,LogonId: 0x3E7,AuthenticationPackageName: Negotiate,LogonProcessName: Advapi  ,,C:\Windows\System32\services.exe,False,C:\Users\BRIANNA\OneDrive\Documents\GitHub\NSSECU3_MP2\win7_files\Logs\Security.evtx,Audit success,0,"{""EventData"":{""Data"":[{""@Name"":""SubjectUserSid"",""#text"":""S-1-5-18""},{""@Name"":""SubjectUserName"",""#text"":""WIN7$""},{""@Name"":""SubjectDomainName"",""#text"":""WORKGROUP""},{""@Name"":""SubjectLogonId"",""#text"":""0x3E7""},{""@Name"":""TargetUserSid"",""#text"":""S-1-5-18""},{""@Name"":""TargetUserName"",""#text"":""SYSTEM""},{""@Name"":""TargetDomainName"",""#text"":""NT AUTHORITY""},{""@Name"":""TargetLogonId"",""#text"":""0x3E7""},{""@Name"":""LogonType"",""#text"":""5""},{""@Name"":""LogonProcessName"",""#text"":""Advapi  ""},{""@Name"":""AuthenticationPackageName"",""#text"":""Negotiate""},{""@Name"":""WorkstationName""},{""@Name"":""LogonGuid"",""#text"":""00000000-0000-0000-0000-000000000000""},{""@Name"":""TransmittedServices"",""#text"":""-""},{""@Name"":""LmPackageName"",""#text"":""-""},{""@Name"":""KeyLength"",""#text"":""0""},{""@Name"":""ProcessId"",""#text"":""0x1C0""},{""@Name"":""ProcessName"",""#text"":""C:\\Windows\\System32\\services.exe""},{""@Name"":""IpAddress"",""#text"":""-""},{""@Name"":""IpPort"",""#text"":""-""}]}}"
154,154,2025-01-20 15:12:16.238031200+00:00,4672,LogAlways,Microsoft-Windows-Security-Auditing,Security,456,2344,win7,1,,Administrative logon,NT AUTHORITY\SYSTEM (S-1-5-18),,"PrivilegeList: SeAssignPrimaryTokenPrivilege, SeTcbPrivilege, SeSecurityPrivilege, SeTakeOwnershipPrivilege, SeLoadDriverPrivilege, SeBackupPrivilege, SeRestorePrivilege, SeDebugPrivilege, SeAuditPrivilege, SeSystemEnvironmentPrivilege, SeImpersonatePrivilege",LogonId: 0x3E7,,,,,,False,C:\Users\BRIANNA\OneDrive\Documents\GitHub\NSSECU3_MP2\win7_files\Logs\Security.evtx,Audit success,0,"{""EventData"":{""Data"":[{""@Name"":""SubjectUserSid"",""#text"":""S-1-5-18""},{""@Name"":""SubjectUserName"",""#text"":""SYSTEM""},{""@Name"":""SubjectDomainName"",""#text"":""NT AUTHORITY""},{""@Name"":""SubjectLogonId"",""#text"":""0x3E7""},{""@Name"":""PrivilegeList"",""#text"":""SeAssignPrimaryTokenPrivilege, SeTcbPrivilege, SeSecurityPrivilege, SeTakeOwnershipPrivilege, SeLoadDriverPrivilege, SeBackupPrivilege, SeRestorePrivilege, SeDebugPrivilege, SeAuditPrivilege, SeSystemEnvironmentPrivilege, SeImpersonatePrivilege""}]}}"
517,517,2025-01-20 15:12:16.284906200+00:00,7036,Info,Service Control Manager,System,448,2172,win7,3,,Service started or stopped,,,Name: Disk Defragmenter | Disk Defragmenter,Status: running,,,,,,False,C:\Users\BRIANNA\OneDrive\Documents\GitHub\NSSECU3_MP2\win7_files\Logs\System.evtx,"Audit success, classic",0,"{""EventData"":{""Data"":[{""@Name"":""param1"",""#text"":""Disk Defragmenter""},{""@Name"":""param2"",""#text"":""running""}],""Binary"":""64-00-65-00-66-00-72-00-61-00-67-00-73-00-76-00-63-00-2F-00-34-00-00-00""}}"
518,518,2025-01-20 15:14:09.300531200+00:00,7036,Info,Service Control Manager,System,448,2172,win7,3,,Service started or stopped,,,Name: Multimedia Class Scheduler | Multimedia Class Scheduler,Status: stopped,,,,,,False,C:\Users\BRIANNA\OneDrive\Documents\GitHub\NSSECU3_MP2\win7_files\Logs\System.evtx,"Audit success, classic",0,"{""EventData"":{""Data"":[{""@Name"":""param1"",""#text"":""Multimedia Class Scheduler""},{""@Name"":""param2"",""#text"":""stopped""}],""Binary"":""4D-00-4D-00-43-00-53-00-53-00-2F-00-31-00-00-00""}}"
519,519,2025-01-20 15:15:21.425531200+00:00,7036,Info,Service Control Manager,System,448,2388,win7,3,,Service started or stopped,,,Name: Disk Defragmenter | Disk Defragmenter,Status: stopped,,,,,,False,C:\Users\BRIANNA\OneDrive\Documents\GitHub\NSSECU3_MP2\win7_files\Logs\System.evtx,"Audit success, classic",0,"{""EventData"":{""Data"":[{""@Name"":""param1"",""#text"":""Disk Defragmenter""},{""@Name"":""param2"",""#text"":""stopped""}],""Binary"":""64-00-65-00-66-00-72-00-61-00-67-00-73-00-76-00-63-00-2F-00-31-00-00-00""}}"
520,520,2025-01-20 15:18:28.784906200+00:00,7040,Info,Service Control Manager,System,448,2612,win7,3,S-1-5-18,Start type of a service has changed,,,The start type of the Superfetch was changed from auto start to demand start,,,,,,SysMain,False,C:\Users\BRIANNA\OneDrive\Documents\GitHub\NSSECU3_MP2\win7_files\Logs\System.evtx,"Audit success, classic",0,"{""EventData"":{""Data"":[{""@Name"":""param1"",""#text"":""Superfetch""},{""@Name"":""param2"",""#text"":""auto start""},{""@Name"":""param3"",""#text"":""demand start""},{""@Name"":""param4"",""#text"":""SysMain""}]}}"
522,522,2025-01-20 15:18:29.128656200+00:00,7023,Error,Service Control Manager,System,448,2612,win7,3,,,,,,,,,,,,False,C:\Users\BRIANNA\OneDrive\Documents\GitHub\NSSECU3_MP2\win7_files\Logs\System.evtx,"Audit success, classic",0,"{""EventData"":{""Data"":[{""@Name"":""param1"",""#text"":""Superfetch""},{""@Name"":""param2"",""#text"":""%%1062""}]}}"
521,521,2025-01-20 15:18:29.128656200+00:00,7036,Info,Service Control Manager,System,448,2612,win7,3,,Service started or stopped,,,Name: Superfetch | Superfetch,Status: stopped,,,,,,False,C:\Users\BRIANNA\OneDrive\Documents\GitHub\NSSECU3_MP2\win7_files\Logs\System.evtx,"Audit success, classic",0,"{""EventData"":{""Data"":[{""@Name"":""param1"",""#text"":""Superfetch""},{""@Name"":""param2"",""#text"":""stopped""}],""Binary"":""53-00-79-00-73-00-4D-00-61-00-69-00-6E-00-2F-00-31-00-00-00""}}"
1,1,2025-01-20 15:19:02.550531200+00:00,4000,Info,Microsoft-Windows-LanguagePackSetup,Microsoft-Windows-LanguagePackSetup/Operational,2808,2780,win7,0,S-1-5-18,,,,,,,,,,,False,C:\Users\BRIANNA\OneDrive\Documents\GitHub\NSSECU3_MP2\win7_files\Logs\Microsoft-Windows-LanguagePackSetup_4Operational.evtx,0x4000000000000000,0,"{""EventData"":""""}"
2,2,2025-01-20 15:19:02.550531200+00:00,4001,Info,Microsoft-Windows-LanguagePackSetup,Microsoft-Windows-LanguagePackSetup/Operational,2808,2780,win7,0,S-1-5-18,,,,,,,,,,,False,C:\Users\BRIANNA\OneDrive\Documents\GitHub\NSSECU3_MP2\win7_files\Logs\Microsoft-Windows-LanguagePackSetup_4Operational.evtx,0x4000000000000000,0,"{""EventData"":""""}"
1,1,2025-01-20 15:19:02.581781200+00:00,2,Info,Microsoft-Windows-Diagnosis-Scheduled,Microsoft-Windows-Diagnosis-Scheduled/Operational,2644,156,win7,0,S-1-5-21-2630035287-469658536-4158816484-1000,,,,,,,,,,,False,C:\Users\BRIANNA\OneDrive\Documents\GitHub\NSSECU3_MP2\win7_files\Logs\Microsoft-Windows-Diagnosis-Scheduled_4Operational.evtx,0x8000000800000000,0,"{""EventData"":""""}"
2,2,2025-01-20 15:19:02.613031200+00:00,5,Info,Microsoft-Windows-Diagnosis-Scheduled,Microsoft-Windows-Diagnosis-Scheduled/Operational,2644,3040,win7,0,S-1-5-21-2630035287-469658536-4158816484-1000,,,,,,,,,,,False,C:\Users\BRIANNA\OneDrive\Documents\GitHub\NSSECU3_MP2\win7_files\Logs\Microsoft-Windows-Diagnosis-Scheduled_4Operational.evtx,0x8000000800000000,0,"{""EventData"":{""Data"":{""@Name"":""PackagePath"",""#text"":""C:\\Windows\\diagnostics\\scheduled\\Maintenance""}}}"
1,1,2025-01-20 15:19:02.613031200+00:00,101,Info,Microsoft-Windows-Diagnosis-Scripted,Microsoft-Windows-Diagnosis-Scripted/Operational,2644,3040,win7,0,S-1-5-21-2630035287-469658536-4158816484-1000,,,,,,,,,,,False,C:\Users\BRIANNA\OneDrive\Documents\GitHub\NSSECU3_MP2\win7_files\Logs\Microsoft-Windows-Diagnosis-Scripted_4Operational.evtx,0x4000000800000000,0,"{""EventData"":{""Data"":{""@Name"":""PackagePath"",""#text"":""C:\\Windows\\diagnostics\\scheduled\\Maintenance""}}}"
2,2,2025-01-20 15:19:02.800531200+00:00,102,Info,Microsoft-Windows-Diagnosis-Scripted,Microsoft-Windows-Diagnosis-Scripted/Operational,2644,3040,win7,0,S-1-5-21-2630035287-469658536-4158816484-1000,,,,,,,,,,,False,C:\Users\BRIANNA\OneDrive\Documents\GitHub\NSSECU3_MP2\win7_files\Logs\Microsoft-Windows-Diagnosis-Scripted_4Operational.evtx,0x4000000800000000,0,"{""EventData"":{""Data"":{""@Name"":""PackagePath"",""#text"":""C:\\Windows\\diagnostics\\scheduled\\Maintenance""}}}"
1,1,2025-01-20 15:19:02.800531200+00:00,1,Info,Microsoft-Windows-Diagnosis-Scripted,Microsoft-Windows-Diagnosis-Scripted/Admin,2644,3040,win7,0,S-1-5-21-2630035287-469658536-4158816484-1000,,,,,,,,,,,False,C:\Users\BRIANNA\OneDrive\Documents\GitHub\NSSECU3_MP2\win7_files\Logs\Microsoft-Windows-Diagnosis-Scripted_4Admin.evtx,0x8000000400000000,0,"{""EventData"":{""Data"":[{""@Name"":""PackagePath"",""#text"":""C:\\Windows\\diagnostics\\scheduled\\Maintenance""},{""@Name"":""PackageId"",""#text"":""MaintenanceDiagnostic""}]}}"
3,3,2025-01-20 15:19:02.816156200+00:00,103,Info,Microsoft-Windows-Diagnosis-Scripted,Microsoft-Windows-Diagnosis-Scripted/Operational,2644,3040,win7,0,S-1-5-21-2630035287-469658536-4158816484-1000,,,,,,,,,,,False,C:\Users\BRIANNA\OneDrive\Documents\GitHub\NSSECU3_MP2\win7_files\Logs\Microsoft-Windows-Diagnosis-Scripted_4Operational.evtx,0x4000000800000000,0,"{""EventData"":{""Data"":{""@Name"":""PackageId"",""#text"":""MaintenanceDiagnostic""}}}"
4,4,2025-01-20 15:19:02.816156200+00:00,7,Info,Microsoft-Windows-Diagnosis-Scheduled,Microsoft-Windows-Diagnosis-Scheduled/Operational,2644,3040,win7,0,S-1-5-21-2630035287-469658536-4158816484-1000,,,,,,,,,,,False,C:\Users\BRIANNA\OneDrive\Documents\GitHub\NSSECU3_MP2\win7_files\Logs\Microsoft-Windows-Diagnosis-Scheduled_4Operational.evtx,0x8000000800000000,0,"{""EventData"":{""Data"":{""@Name"":""PackageID"",""#text"":""MaintenanceDiagnostic""}}}"
3,3,2025-01-20 15:19:02.816156200+00:00,6,Info,Microsoft-Windows-Diagnosis-Scheduled,Microsoft-Windows-Diagnosis-Scheduled/Operational,2644,3040,win7,0,S-1-5-21-2630035287-469658536-4158816484-1000,,,,,,,,,,,False,C:\Users\BRIANNA\OneDrive\Documents\GitHub\NSSECU3_MP2\win7_files\Logs\Microsoft-Windows-Diagnosis-Scheduled_4Operational.evtx,0x8000000800000000,0,"{""EventData"":{""Data"":{""@Name"":""PackageID"",""#text"":""MaintenanceDiagnostic""}}}"
156,156,2025-01-20 15:19:05.191156200+00:00,4672,LogAlways,Microsoft-Windows-Security-Auditing,Security,456,2344,win7,1,,Administrative logon,NT AUTHORITY\SYSTEM (S-1-5-18),,"PrivilegeList: SeAssignPrimaryTokenPrivilege, SeTcbPrivilege, SeSecurityPrivilege, SeTakeOwnershipPrivilege, SeLoadDriverPrivilege, SeBackupPrivilege, SeRestorePrivilege, SeDebugPrivilege, SeAuditPrivilege, SeSystemEnvironmentPrivilege, SeImpersonatePrivilege",LogonId: 0x3E7,,,,,,False,C:\Users\BRIANNA\OneDrive\Documents\GitHub\NSSECU3_MP2\win7_files\Logs\Security.evtx,Audit success,0,"{""EventData"":{""Data"":[{""@Name"":""SubjectUserSid"",""#text"":""S-1-5-18""},{""@Name"":""SubjectUserName"",""#text"":""SYSTEM""},{""@Name"":""SubjectDomainName"",""#text"":""NT AUTHORITY""},{""@Name"":""SubjectLogonId"",""#text"":""0x3E7""},{""@Name"":""PrivilegeList"",""#text"":""SeAssignPrimaryTokenPrivilege, SeTcbPrivilege, SeSecurityPrivilege, SeTakeOwnershipPrivilege, SeLoadDriverPrivilege, SeBackupPrivilege, SeRestorePrivilege, SeDebugPrivilege, SeAuditPrivilege, SeSystemEnvironmentPrivilege, SeImpersonatePrivilege""}]}}"
