280,280,2025-01-21 13:22:32.140625+00:00,4624,LogAlways,Microsoft-Windows-Security-Auditing,Security,460,564,win7,2,,Successful logon,WORKGROUP\WIN7$, (-),Target: NT AUTHORITY\SYSTEM,LogonType 5,LogonId: 0x3E7,AuthenticationPackageName: Negotiate,LogonProcessName: Advapi  ,,C:\Windows\System32\services.exe,False,C:\Users\BRIANNA\OneDrive\Documents\GitHub\NSSECU3_MP2\win7_files\Logs\Security.evtx,Audit success,0,"{""EventData"":{""Data"":[{""@Name"":""SubjectUserSid"",""#text"":""S-1-5-18""},{""@Name"":""SubjectUserName"",""#text"":""WIN7$""},{""@Name"":""SubjectDomainName"",""#text"":""WORKGROUP""},{""@Name"":""SubjectLogonId"",""#text"":""0x3E7""},{""@Name"":""TargetUserSid"",""#text"":""S-1-5-18""},{""@Name"":""TargetUserName"",""#text"":""SYSTEM""},{""@Name"":""TargetDomainName"",""#text"":""NT AUTHORITY""},{""@Name"":""TargetLogonId"",""#text"":""0x3E7""},{""@Name"":""LogonType"",""#text"":""5""},{""@Name"":""LogonProcessName"",""#text"":""Advapi  ""},{""@Name"":""AuthenticationPackageName"",""#text"":""Negotiate""},{""@Name"":""WorkstationName""},{""@Name"":""LogonGuid"",""#text"":""00000000-0000-0000-0000-000000000000""},{""@Name"":""TransmittedServices"",""#text"":""-""},{""@Name"":""LmPackageName"",""#text"":""-""},{""@Name"":""KeyLength"",""#text"":""0""},{""@Name"":""ProcessId"",""#text"":""0x1C4""},{""@Name"":""ProcessName"",""#text"":""C:\\Windows\\System32\\services.exe""},{""@Name"":""IpAddress"",""#text"":""-""},{""@Name"":""IpPort"",""#text"":""-""}]}}"
281,281,2025-01-21 13:22:32.140625+00:00,4672,LogAlways,Microsoft-Windows-Security-Auditing,Security,460,564,win7,2,,Administrative logon,NT AUTHORITY\SYSTEM (S-1-5-18),,"PrivilegeList: SeAssignPrimaryTokenPrivilege, SeTcbPrivilege, SeSecurityPrivilege, SeTakeOwnershipPrivilege, SeLoadDriverPrivilege, SeBackupPrivilege, SeRestorePrivilege, SeDebugPrivilege, SeAuditPrivilege, SeSystemEnvironmentPrivilege, SeImpersonatePrivilege",LogonId: 0x3E7,,,,,,False,C:\Users\BRIANNA\OneDrive\Documents\GitHub\NSSECU3_MP2\win7_files\Logs\Security.evtx,Audit success,0,"{""EventData"":{""Data"":[{""@Name"":""SubjectUserSid"",""#text"":""S-1-5-18""},{""@Name"":""SubjectUserName"",""#text"":""SYSTEM""},{""@Name"":""SubjectDomainName"",""#text"":""NT AUTHORITY""},{""@Name"":""SubjectLogonId"",""#text"":""0x3E7""},{""@Name"":""PrivilegeList"",""#text"":""SeAssignPrimaryTokenPrivilege, SeTcbPrivilege, SeSecurityPrivilege, SeTakeOwnershipPrivilege, SeLoadDriverPrivilege, SeBackupPrivilege, SeRestorePrivilege, SeDebugPrivilege, SeAuditPrivilege, SeSystemEnvironmentPrivilege, SeImpersonatePrivilege""}]}}"
767,767,2025-01-21 13:22:32.421875+00:00,7036,Info,Service Control Manager,System,452,540,win7,4,,Service started or stopped,,,Name: Network Connections | Network Connections,Status: running,,,,,,False,C:\Users\BRIANNA\OneDrive\Documents\GitHub\NSSECU3_MP2\win7_files\Logs\System.evtx,"Audit success, classic",0,"{""EventData"":{""Data"":[{""@Name"":""param1"",""#text"":""Network Connections""},{""@Name"":""param2"",""#text"":""running""}],""Binary"":""4E-00-65-00-74-00-6D-00-61-00-6E-00-2F-00-34-00-00-00""}}"
768,768,2025-01-21 13:22:32.843750+00:00,7036,Info,Service Control Manager,System,452,540,win7,4,,Service started or stopped,,,Name: Windows Search | Windows Search,Status: running,,,,,,False,C:\Users\BRIANNA\OneDrive\Documents\GitHub\NSSECU3_MP2\win7_files\Logs\System.evtx,"Audit success, classic",0,"{""EventData"":{""Data"":[{""@Name"":""param1"",""#text"":""Windows Search""},{""@Name"":""param2"",""#text"":""running""}],""Binary"":""57-00-53-00-65-00-61-00-72-00-63-00-68-00-2F-00-34-00-00-00""}}"
23,23,2025-01-21 13:22:33.531250+00:00,1002,Warning,Microsoft-Windows-KnownFolders,Microsoft-Windows-Known Folders API Service,112,1404,win7,0,S-1-5-18,,,,,,,,,,,False,C:\Users\BRIANNA\OneDrive\Documents\GitHub\NSSECU3_MP2\win7_files\Logs\Microsoft-Windows-Known Folders API Service.evtx,Classic,0,"{""EventData"":{""Data"":[{""@Name"":""hrError"",""#text"":""0x80070002""},{""@Name"":""FolderId"",""#text"":""fdd39ad0-238f-46af-adb4-6c85480369c7""},{""@Name"":""Path"",""#text"":""C:\\Windows\\system32\\config\\systemprofile\\Documents""}]}}"
21,21,2025-01-21 13:22:33.531250+00:00,1002,Warning,Microsoft-Windows-KnownFolders,Microsoft-Windows-Known Folders API Service,112,1404,win7,0,S-1-5-18,,,,,,,,,,,False,C:\Users\BRIANNA\OneDrive\Documents\GitHub\NSSECU3_MP2\win7_files\Logs\Microsoft-Windows-Known Folders API Service.evtx,Classic,0,"{""EventData"":{""Data"":[{""@Name"":""hrError"",""#text"":""0x80070002""},{""@Name"":""FolderId"",""#text"":""1777f761-68ad-4d8a-87bd-30b759fa33dd""},{""@Name"":""Path"",""#text"":""C:\\Windows\\system32\\config\\systemprofile\\Favorites""}]}}"
22,22,2025-01-21 13:22:33.531250+00:00,1002,Warning,Microsoft-Windows-KnownFolders,Microsoft-Windows-Known Folders API Service,112,1404,win7,0,S-1-5-18,,,,,,,,,,,False,C:\Users\BRIANNA\OneDrive\Documents\GitHub\NSSECU3_MP2\win7_files\Logs\Microsoft-Windows-Known Folders API Service.evtx,Classic,0,"{""EventData"":{""Data"":[{""@Name"":""hrError"",""#text"":""0x80070002""},{""@Name"":""FolderId"",""#text"":""625b53c3-ab48-4ec1-ba1f-a1ef4146fc19""},{""@Name"":""Path"",""#text"":""C:\\Windows\\system32\\config\\systemprofile\\AppData\\Roaming\\Microsoft\\Windows\\Start Menu""}]}}"
24,24,2025-01-21 13:22:33.531250+00:00,1002,Warning,Microsoft-Windows-KnownFolders,Microsoft-Windows-Known Folders API Service,112,1404,win7,0,S-1-5-18,,,,,,,,,,,False,C:\Users\BRIANNA\OneDrive\Documents\GitHub\NSSECU3_MP2\win7_files\Logs\Microsoft-Windows-Known Folders API Service.evtx,Classic,0,"{""EventData"":{""Data"":[{""@Name"":""hrError"",""#text"":""0x80070002""},{""@Name"":""FolderId"",""#text"":""b4bfcc3a-db2c-424c-b029-7fe99a87c641""},{""@Name"":""Path"",""#text"":""C:\\Windows\\system32\\config\\systemprofile\\Desktop""}]}}"
407,407,2025-01-21 13:22:35+00:00,1109,Info,Wow64 Emulation Layer,Application,0,0,win7,3,,,,,,,,,,,,False,C:\Users\BRIANNA\OneDrive\Documents\GitHub\NSSECU3_MP2\win7_files\Logs\Application.evtx,0x80000000000000,0,"{""EventData"":{""Data"":""\\??\\C:\\Program Files\\Mozilla Firefox\\uninstall\\helper.exe"",""Binary"":""""}}"
408,408,2025-01-21 13:22:35+00:00,1109,Info,Wow64 Emulation Layer,Application,0,0,win7,3,,,,,,,,,,,,False,C:\Users\BRIANNA\OneDrive\Documents\GitHub\NSSECU3_MP2\win7_files\Logs\Application.evtx,0x80000000000000,0,"{""EventData"":{""Data"":""\\??\\C:\\Program Files\\Mozilla Firefox\\firefox.exe"",""Binary"":""""}}"
769,769,2025-01-21 13:22:35.671875+00:00,7036,Info,Service Control Manager,System,452,1764,win7,4,,Service started or stopped,,,Name: Mozilla Maintenance Service | Mozilla Maintenance Service,Status: running,,,,,,False,C:\Users\BRIANNA\OneDrive\Documents\GitHub\NSSECU3_MP2\win7_files\Logs\System.evtx,"Audit success, classic",0,"{""EventData"":{""Data"":[{""@Name"":""param1"",""#text"":""Mozilla Maintenance Service""},{""@Name"":""param2"",""#text"":""running""}],""Binary"":""4D-00-6F-00-7A-00-69-00-6C-00-6C-00-61-00-4D-00-61-00-69-00-6E-00-74-00-65-00-6E-00-61-00-6E-00-63-00-65-00-2F-00-34-00-00-00""}}"
409,409,2025-01-21 13:22:35.828125+00:00,4107,Error,Microsoft-Windows-CAPI2,Application,1016,220,win7,3,,,,,,,,,,,,False,C:\Users\BRIANNA\OneDrive\Documents\GitHub\NSSECU3_MP2\win7_files\Logs\Application.evtx,"Audit success, classic",0,"{""EventData"":{""Data"":""http://www.download.windowsupdate.com/msdownload/update/v3/static/trustedr/en/authrootstl.cab, A required certificate is not within its validity period when verifying against the current system clock or the timestamp in the signed file.\n"",""Binary"":""""}}"
770,770,2025-01-21 13:22:35.953125+00:00,7036,Info,Service Control Manager,System,452,1764,win7,4,,Service started or stopped,,,Name: Mozilla Maintenance Service | Mozilla Maintenance Service,Status: stopped,,,,,,False,C:\Users\BRIANNA\OneDrive\Documents\GitHub\NSSECU3_MP2\win7_files\Logs\System.evtx,"Audit success, classic",0,"{""EventData"":{""Data"":[{""@Name"":""param1"",""#text"":""Mozilla Maintenance Service""},{""@Name"":""param2"",""#text"":""stopped""}],""Binary"":""4D-00-6F-00-7A-00-69-00-6C-00-6C-00-61-00-4D-00-61-00-69-00-6E-00-74-00-65-00-6E-00-61-00-6E-00-63-00-65-00-2F-00-31-00-00-00""}}"
771,771,2025-01-21 13:22:47.078125+00:00,7036,Info,Service Control Manager,System,452,1764,win7,4,,Service started or stopped,,,Name: Background Intelligent Transfer Service | Background Intelligent Transfer Service,Status: running,,,,,,False,C:\Users\BRIANNA\OneDrive\Documents\GitHub\NSSECU3_MP2\win7_files\Logs\System.evtx,"Audit success, classic",0,"{""EventData"":{""Data"":[{""@Name"":""param1"",""#text"":""Background Intelligent Transfer Service""},{""@Name"":""param2"",""#text"":""running""}],""Binary"":""42-00-49-00-54-00-53-00-2F-00-34-00-00-00""}}"
772,772,2025-01-21 13:22:47.312500+00:00,7036,Info,Service Control Manager,System,452,1764,win7,4,,Service started or stopped,,,Name: Windows Font Cache Service | Windows Font Cache Service,Status: running,,,,,,False,C:\Users\BRIANNA\OneDrive\Documents\GitHub\NSSECU3_MP2\win7_files\Logs\System.evtx,"Audit success, classic",0,"{""EventData"":{""Data"":[{""@Name"":""param1"",""#text"":""Windows Font Cache Service""},{""@Name"":""param2"",""#text"":""running""}],""Binary"":""46-00-6F-00-6E-00-74-00-43-00-61-00-63-00-68-00-65-00-2F-00-34-00-00-00""}}"
282,282,2025-01-21 13:22:47.406250+00:00,4624,LogAlways,Microsoft-Windows-Security-Auditing,Security,460,1648,win7,2,,Successful logon,WORKGROUP\WIN7$, (-),Target: NT AUTHORITY\SYSTEM,LogonType 5,LogonId: 0x3E7,AuthenticationPackageName: Negotiate,LogonProcessName: Advapi  ,,C:\Windows\System32\services.exe,False,C:\Users\BRIANNA\OneDrive\Documents\GitHub\NSSECU3_MP2\win7_files\Logs\Security.evtx,Audit success,0,"{""EventData"":{""Data"":[{""@Name"":""SubjectUserSid"",""#text"":""S-1-5-18""},{""@Name"":""SubjectUserName"",""#text"":""WIN7$""},{""@Name"":""SubjectDomainName"",""#text"":""WORKGROUP""},{""@Name"":""SubjectLogonId"",""#text"":""0x3E7""},{""@Name"":""TargetUserSid"",""#text"":""S-1-5-18""},{""@Name"":""TargetUserName"",""#text"":""SYSTEM""},{""@Name"":""TargetDomainName"",""#text"":""NT AUTHORITY""},{""@Name"":""TargetLogonId"",""#text"":""0x3E7""},{""@Name"":""LogonType"",""#text"":""5""},{""@Name"":""LogonProcessName"",""#text"":""Advapi  ""},{""@Name"":""AuthenticationPackageName"",""#text"":""Negotiate""},{""@Name"":""WorkstationName""},{""@Name"":""LogonGuid"",""#text"":""00000000-0000-0000-0000-000000000000""},{""@Name"":""TransmittedServices"",""#text"":""-""},{""@Name"":""LmPackageName"",""#text"":""-""},{""@Name"":""KeyLength"",""#text"":""0""},{""@Name"":""ProcessId"",""#text"":""0x1C4""},{""@Name"":""ProcessName"",""#text"":""C:\\Windows\\System32\\services.exe""},{""@Name"":""IpAddress"",""#text"":""-""},{""@Name"":""IpPort"",""#text"":""-""}]}}"
283,283,2025-01-21 13:22:47.406250+00:00,4672,LogAlways,Microsoft-Windows-Security-Auditing,Security,460,1648,win7,2,,Administrative logon,NT AUTHORITY\SYSTEM (S-1-5-18),,"PrivilegeList: SeAssignPrimaryTokenPrivilege, SeTcbPrivilege, SeSecurityPrivilege, SeTakeOwnershipPrivilege, SeLoadDriverPrivilege, SeBackupPrivilege, SeRestorePrivilege, SeDebugPrivilege, SeAuditPrivilege, SeSystemEnvironmentPrivilege, SeImpersonatePrivilege",LogonId: 0x3E7,,,,,,False,C:\Users\BRIANNA\OneDrive\Documents\GitHub\NSSECU3_MP2\win7_files\Logs\Security.evtx,Audit success,0,"{""EventData"":{""Data"":[{""@Name"":""SubjectUserSid"",""#text"":""S-1-5-18""},{""@Name"":""SubjectUserName"",""#text"":""SYSTEM""},{""@Name"":""SubjectDomainName"",""#text"":""NT AUTHORITY""},{""@Name"":""SubjectLogonId"",""#text"":""0x3E7""},{""@Name"":""PrivilegeList"",""#text"":""SeAssignPrimaryTokenPrivilege, SeTcbPrivilege, SeSecurityPrivilege, SeTakeOwnershipPrivilege, SeLoadDriverPrivilege, SeBackupPrivilege, SeRestorePrivilege, SeDebugPrivilege, SeAuditPrivilege, SeSystemEnvironmentPrivilege, SeImpersonatePrivilege""}]}}"
773,773,2025-01-21 13:22:47.406250+00:00,7036,Info,Service Control Manager,System,452,1764,win7,4,,Service started or stopped,,,Name: SSDP Discovery | SSDP Discovery,Status: running,,,,,,False,C:\Users\BRIANNA\OneDrive\Documents\GitHub\NSSECU3_MP2\win7_files\Logs\System.evtx,"Audit success, classic",0,"{""EventData"":{""Data"":[{""@Name"":""param1"",""#text"":""SSDP Discovery""},{""@Name"":""param2"",""#text"":""running""}],""Binary"":""53-00-53-00-44-00-50-00-53-00-52-00-56-00-2F-00-34-00-00-00""}}"
774,774,2025-01-21 13:22:47.625000+00:00,7036,Info,Service Control Manager,System,452,1764,win7,4,,Service started or stopped,,,Name: Windows Defender | Windows Defender,Status: running,,,,,,False,C:\Users\BRIANNA\OneDrive\Documents\GitHub\NSSECU3_MP2\win7_files\Logs\System.evtx,"Audit success, classic",0,"{""EventData"":{""Data"":[{""@Name"":""param1"",""#text"":""Windows Defender""},{""@Name"":""param2"",""#text"":""running""}],""Binary"":""57-00-69-00-6E-00-44-00-65-00-66-00-65-00-6E-00-64-00-2F-00-34-00-00-00""}}"
5,5,2025-01-21 13:22:47.671875+00:00,306,Verbose,Microsoft-Windows-Bits-Client,Microsoft-Windows-Bits-Client/Operational,800,1964,win7,0,S-1-5-18,,,,,,,,,,,False,C:\Users\BRIANNA\OneDrive\Documents\GitHub\NSSECU3_MP2\win7_files\Logs\Microsoft-Windows-Bits-Client_4Operational.evtx,0x4000000000000000,0,"{""EventData"":""""}"
775,775,2025-01-21 13:22:47.828125+00:00,7036,Info,Service Control Manager,System,452,1716,win7,4,,Service started or stopped,,,Name: Security Center | Security Center,Status: running,,,,,,False,C:\Users\BRIANNA\OneDrive\Documents\GitHub\NSSECU3_MP2\win7_files\Logs\System.evtx,"Audit success, classic",0,"{""EventData"":{""Data"":[{""@Name"":""param1"",""#text"":""Security Center""},{""@Name"":""param2"",""#text"":""running""}],""Binary"":""77-00-73-00-63-00-73-00-76-00-63-00-2F-00-34-00-00-00""}}"
13,13,2025-01-21 13:22:47.953125+00:00,101,LogAlways,Microsoft-Windows-Windows Defender,Microsoft-Windows-Windows Defender/WHC,1508,752,win7,0,S-1-5-18,,,,,,,,,,,False,C:\Users\BRIANNA\OneDrive\Documents\GitHub\NSSECU3_MP2\win7_files\Logs\Microsoft-Windows-Windows Defender_4WHC.evtx,0x4000000000000000,0,"{""EventData"":{""Data"":{""@Name"":""hc_stateid"",""#text"":""10""}}}"
410,410,2025-01-21 13:22:48+00:00,1,Info,SecurityCenter,Application,0,0,win7,3,,,,,,,,,,,,False,C:\Users\BRIANNA\OneDrive\Documents\GitHub\NSSECU3_MP2\win7_files\Logs\Application.evtx,0x80000000000000,0,"{""EventData"":{""Data"":"""",""Binary"":""""}}"
411,411,2025-01-21 13:22:48+00:00,1109,Info,Wow64 Emulation Layer,Application,0,0,win7,3,,,,,,,,,,,,False,C:\Users\BRIANNA\OneDrive\Documents\GitHub\NSSECU3_MP2\win7_files\Logs\Application.evtx,0x80000000000000,0,"{""EventData"":{""Data"":""\\??\\C:\\Program Files\\Mozilla Firefox\\firefox.exe"",""Binary"":""""}}"
776,776,2025-01-21 13:22:49.406250+00:00,7036,Info,Service Control Manager,System,452,1764,win7,4,,Service started or stopped,,,Name: Windows Update | Windows Update,Status: running,,,,,,False,C:\Users\BRIANNA\OneDrive\Documents\GitHub\NSSECU3_MP2\win7_files\Logs\System.evtx,"Audit success, classic",0,"{""EventData"":{""Data"":[{""@Name"":""param1"",""#text"":""Windows Update""},{""@Name"":""param2"",""#text"":""running""}],""Binary"":""77-00-75-00-61-00-75-00-73-00-65-00-72-00-76-00-2F-00-34-00-00-00""}}"
14,14,2025-01-21 13:22:50.390625+00:00,101,LogAlways,Microsoft-Windows-Windows Defender,Microsoft-Windows-Windows Defender/WHC,1508,1592,win7,0,S-1-5-18,,,,,,,,,,,False,C:\Users\BRIANNA\OneDrive\Documents\GitHub\NSSECU3_MP2\win7_files\Logs\Microsoft-Windows-Windows Defender_4WHC.evtx,0x4000000000000000,0,"{""EventData"":{""Data"":{""@Name"":""hc_stateid"",""#text"":""10""}}}"
412,412,2025-01-21 13:22:58+00:00,1109,Info,Wow64 Emulation Layer,Application,0,0,win7,3,,,,,,,,,,,,False,C:\Users\BRIANNA\OneDrive\Documents\GitHub\NSSECU3_MP2\win7_files\Logs\Application.evtx,0x80000000000000,0,"{""EventData"":{""Data"":""\\??\\C:\\Program Files\\Mozilla Firefox\\firefox.exe"",""Binary"":""""}}"
413,413,2025-01-21 13:23:04+00:00,1109,Info,Wow64 Emulation Layer,Application,0,0,win7,3,,,,,,,,,,,,False,C:\Users\BRIANNA\OneDrive\Documents\GitHub\NSSECU3_MP2\win7_files\Logs\Application.evtx,0x80000000000000,0,"{""EventData"":{""Data"":""\\??\\C:\\Program Files\\Mozilla Firefox\\firefox.exe"",""Binary"":""""}}"
414,414,2025-01-21 13:23:18.156250+00:00,4107,Error,Microsoft-Windows-CAPI2,Application,1016,1492,win7,3,,,,,,,,,,,,False,C:\Users\BRIANNA\OneDrive\Documents\GitHub\NSSECU3_MP2\win7_files\Logs\Application.evtx,"Audit success, classic",0,"{""EventData"":{""Data"":""http://www.download.windowsupdate.com/msdownload/update/v3/static/trustedr/en/authrootstl.cab, A required certificate is not within its validity period when verifying against the current system clock or the timestamp in the signed file.\n"",""Binary"":""""}}"
777,777,2025-01-21 13:23:20.078125+00:00,206,Info,Microsoft-Windows-Application-Experience,System,776,788,win7,4,S-1-5-18,,,,,,,,,,,False,C:\Users\BRIANNA\OneDrive\Documents\GitHub\NSSECU3_MP2\win7_files\Logs\System.evtx,Classic,0,"{""EventData"":""""}"
778,778,2025-01-21 13:23:27.687500+00:00,7036,Info,Service Control Manager,System,452,1764,win7,4,,Service started or stopped,,,Name: Application Information | Application Information,Status: running,,,,,,False,C:\Users\BRIANNA\OneDrive\Documents\GitHub\NSSECU3_MP2\win7_files\Logs\System.evtx,"Audit success, classic",0,"{""EventData"":{""Data"":[{""@Name"":""param1"",""#text"":""Application Information""},{""@Name"":""param2"",""#text"":""running""}],""Binary"":""41-00-70-00-70-00-69-00-6E-00-66-00-6F-00-2F-00-34-00-00-00""}}"
154,154,2025-01-21 13:23:39.734375+00:00,2004,Info,Microsoft-Windows-Windows Firewall With Advanced Security,Microsoft-Windows-Windows Firewall With Advanced Security/Firewall,992,1832,win7,2,S-1-5-19,A rule has been added to the Windows Defender Firewall exception list,,*: *,: Firefox (C:\Program Files\Mozilla Firefox),C:\Program Files\Mozilla Firefox\firefox.exe,Direction: Inbound,Action: Allow,Protocol: UDP,,,False,C:\Users\BRIANNA\OneDrive\Documents\GitHub\NSSECU3_MP2\win7_files\Logs\Microsoft-Windows-Windows Firewall With Advanced Security_4Firewall.evtx,0x8000020000000000,0,"{""EventData"":{""Data"":[{""@Name"":""RuleId"",""#text"":""{9268703B-ED2B-4E4A-9B7E-2DF1CE4B756D}""},{""@Name"":""RuleName"",""#text"":""Firefox (C:\\Program Files\\Mozilla Firefox)""},{""@Name"":""Origin"",""#text"":""1""},{""@Name"":""ApplicationPath"",""#text"":""C:\\Program Files\\Mozilla Firefox\\firefox.exe""},{""@Name"":""ServiceName""},{""@Name"":""Direction"",""#text"":""1""},{""@Name"":""Protocol"",""#text"":""17""},{""@Name"":""LocalPorts"",""#text"":""*""},{""@Name"":""RemotePorts"",""#text"":""*""},{""@Name"":""Action"",""#text"":""3""},{""@Name"":""Profiles"",""#text"":""2""},{""@Name"":""LocalAddresses"",""#text"":""*""},{""@Name"":""RemoteAddresses"",""#text"":""*""},{""@Name"":""RemoteMachineAuthorizationList""},{""@Name"":""RemoteUserAuthorizationList""},{""@Name"":""EmbeddedContext""},{""@Name"":""Flags"",""#text"":""1""},{""@Name"":""Active"",""#text"":""1""},{""@Name"":""EdgeTraversal"",""#text"":""0""},{""@Name"":""LooseSourceMapped"",""#text"":""0""},{""@Name"":""SecurityOptions"",""#text"":""0""},{""@Name"":""ModifyingUser"",""#text"":""S-1-5-21-2630035287-469658536-4158816484-1000""},{""@Name"":""ModifyingApplication"",""#text"":""C:\\Users\\student\\AppData\\Local\\Temp\\7zS0B4F2282\\setup.exe""},{""@Name"":""SchemaVersion"",""#text"":""522""},{""@Name"":""RuleStatus"",""#text"":""65536""}]}}"
153,153,2025-01-21 13:23:39.734375+00:00,2004,Info,Microsoft-Windows-Windows Firewall With Advanced Security,Microsoft-Windows-Windows Firewall With Advanced Security/Firewall,992,300,win7,2,S-1-5-19,A rule has been added to the Windows Defender Firewall exception list,,*: *,: Firefox (C:\Program Files\Mozilla Firefox),C:\Program Files\Mozilla Firefox\firefox.exe,Direction: Inbound,Action: Allow,Protocol: TCP,,,False,C:\Users\BRIANNA\OneDrive\Documents\GitHub\NSSECU3_MP2\win7_files\Logs\Microsoft-Windows-Windows Firewall With Advanced Security_4Firewall.evtx,0x8000020000000000,0,"{""EventData"":{""Data"":[{""@Name"":""RuleId"",""#text"":""{0D4304D8-D42A-4387-A69E-B676474C0345}""},{""@Name"":""RuleName"",""#text"":""Firefox (C:\\Program Files\\Mozilla Firefox)""},{""@Name"":""Origin"",""#text"":""1""},{""@Name"":""ApplicationPath"",""#text"":""C:\\Program Files\\Mozilla Firefox\\firefox.exe""},{""@Name"":""ServiceName""},{""@Name"":""Direction"",""#text"":""1""},{""@Name"":""Protocol"",""#text"":""6""},{""@Name"":""LocalPorts"",""#text"":""*""},{""@Name"":""RemotePorts"",""#text"":""*""},{""@Name"":""Action"",""#text"":""3""},{""@Name"":""Profiles"",""#text"":""2""},{""@Name"":""LocalAddresses"",""#text"":""*""},{""@Name"":""RemoteAddresses"",""#text"":""*""},{""@Name"":""RemoteMachineAuthorizationList""},{""@Name"":""RemoteUserAuthorizationList""},{""@Name"":""EmbeddedContext""},{""@Name"":""Flags"",""#text"":""1""},{""@Name"":""Active"",""#text"":""1""},{""@Name"":""EdgeTraversal"",""#text"":""0""},{""@Name"":""LooseSourceMapped"",""#text"":""0""},{""@Name"":""SecurityOptions"",""#text"":""0""},{""@Name"":""ModifyingUser"",""#text"":""S-1-5-21-2630035287-469658536-4158816484-1000""},{""@Name"":""ModifyingApplication"",""#text"":""C:\\Users\\student\\AppData\\Local\\Temp\\7zS0B4F2282\\setup.exe""},{""@Name"":""SchemaVersion"",""#text"":""522""},{""@Name"":""RuleStatus"",""#text"":""65536""}]}}"
17,17,2025-01-21 13:23:40.109375+00:00,42,Info,Microsoft-Windows-WindowsUpdateClient,Microsoft-Windows-WindowsUpdateClient/Operational,800,2204,win7,0,S-1-5-18,,,,,,,,,,,False,C:\Users\BRIANNA\OneDrive\Documents\GitHub\NSSECU3_MP2\win7_files\Logs\Microsoft-Windows-WindowsUpdateClient_4Operational.evtx,0x4000000000000480,0,"{""EventData"":{""Data"":[{""@Name"":""hc_stateid"",""#text"":""0""},{""@Name"":""restartDate""},{""@Name"":""restartTime""}]}}"
18,18,2025-01-21 13:23:40.109375+00:00,42,Info,Microsoft-Windows-WindowsUpdateClient,Microsoft-Windows-WindowsUpdateClient/Operational,800,2204,win7,0,S-1-5-18,,,,,,,,,,,False,C:\Users\BRIANNA\OneDrive\Documents\GitHub\NSSECU3_MP2\win7_files\Logs\Microsoft-Windows-WindowsUpdateClient_4Operational.evtx,0x4000000000000480,0,"{""EventData"":{""Data"":[{""@Name"":""hc_stateid"",""#text"":""0""},{""@Name"":""restartDate""},{""@Name"":""restartTime""}]}}"
19,19,2025-01-21 13:23:40.109375+00:00,30,Info,Microsoft-Windows-WindowsUpdateClient,Microsoft-Windows-WindowsUpdateClient/Operational,800,2204,win7,0,S-1-5-18,,,,,,,,,,,False,C:\Users\BRIANNA\OneDrive\Documents\GitHub\NSSECU3_MP2\win7_files\Logs\Microsoft-Windows-WindowsUpdateClient_4Operational.evtx,0x4000000000000001,0,"{""EventData"":""""}"
415,415,2025-01-21 13:23:45.235351500+00:00,4107,Error,Microsoft-Windows-CAPI2,Application,1016,220,win7,3,,,,,,,,,,,,False,C:\Users\BRIANNA\OneDrive\Documents\GitHub\NSSECU3_MP2\win7_files\Logs\Application.evtx,"Audit success, classic",0,"{""EventData"":{""Data"":""http://www.download.windowsupdate.com/msdownload/update/v3/static/trustedr/en/authrootstl.cab, A required certificate is not within its validity period when verifying against the current system clock or the timestamp in the signed file.\n"",""Binary"":""""}}"
6,6,2025-01-21 13:23:51.887695300+00:00,3,Info,Microsoft-Windows-Bits-Client,Microsoft-Windows-Bits-Client/Operational,800,1640,win7,0,S-1-5-18,BITS service created a new job,,,jobTitle: ,jobId: ,,,,,,False,C:\Users\BRIANNA\OneDrive\Documents\GitHub\NSSECU3_MP2\win7_files\Logs\Microsoft-Windows-Bits-Client_4Operational.evtx,0x4000000000000000,0,"{""EventData"":{""Data"":[{""@Name"":""string"",""#text"":""MozillaUpdate 308046B0AF4A39CB""},{""@Name"":""string2"",""#text"":""win7\\student""},{""@Name"":""string3""}]}}"
416,416,2025-01-21 13:23:54.352539+00:00,4107,Error,Microsoft-Windows-CAPI2,Application,1016,2092,win7,3,,,,,,,,,,,,False,C:\Users\BRIANNA\OneDrive\Documents\GitHub\NSSECU3_MP2\win7_files\Logs\Application.evtx,"Audit success, classic",0,"{""EventData"":{""Data"":""http://www.download.windowsupdate.com/msdownload/update/v3/static/trustedr/en/authrootstl.cab, A required certificate is not within its validity period when verifying against the current system clock or the timestamp in the signed file.\n"",""Binary"":""""}}"
417,417,2025-01-21 13:23:54.821289+00:00,4107,Error,Microsoft-Windows-CAPI2,Application,1016,2092,win7,3,,,,,,,,,,,,False,C:\Users\BRIANNA\OneDrive\Documents\GitHub\NSSECU3_MP2\win7_files\Logs\Application.evtx,"Audit success, classic",0,"{""EventData"":{""Data"":""http://www.download.windowsupdate.com/msdownload/update/v3/static/trustedr/en/authrootstl.cab, A required certificate is not within its validity period when verifying against the current system clock or the timestamp in the signed file.\n"",""Binary"":""""}}"
418,418,2025-01-21 13:23:54.836914+00:00,4107,Error,Microsoft-Windows-CAPI2,Application,1016,2092,win7,3,,,,,,,,,,,,False,C:\Users\BRIANNA\OneDrive\Documents\GitHub\NSSECU3_MP2\win7_files\Logs\Application.evtx,"Audit success, classic",0,"{""EventData"":{""Data"":""http://www.download.windowsupdate.com/msdownload/update/v3/static/trustedr/en/authrootstl.cab, A required certificate is not within its validity period when verifying against the current system clock or the timestamp in the signed file.\n"",""Binary"":""""}}"
419,419,2025-01-21 13:23:54.922851500+00:00,4107,Error,Microsoft-Windows-CAPI2,Application,1016,1492,win7,3,,,,,,,,,,,,False,C:\Users\BRIANNA\OneDrive\Documents\GitHub\NSSECU3_MP2\win7_files\Logs\Application.evtx,"Audit success, classic",0,"{""EventData"":{""Data"":""http://www.download.windowsupdate.com/msdownload/update/v3/static/trustedr/en/authrootstl.cab, A required certificate is not within its validity period when verifying against the current system clock or the timestamp in the signed file.\n"",""Binary"":""""}}"
420,420,2025-01-21 13:23:54.930664+00:00,4107,Error,Microsoft-Windows-CAPI2,Application,1016,1492,win7,3,,,,,,,,,,,,False,C:\Users\BRIANNA\OneDrive\Documents\GitHub\NSSECU3_MP2\win7_files\Logs\Application.evtx,"Audit success, classic",0,"{""EventData"":{""Data"":""http://www.download.windowsupdate.com/msdownload/update/v3/static/trustedr/en/authrootstl.cab, A required certificate is not within its validity period when verifying against the current system clock or the timestamp in the signed file.\n"",""Binary"":""""}}"
421,421,2025-01-21 13:23:55.008789+00:00,4107,Error,Microsoft-Windows-CAPI2,Application,1016,1492,win7,3,,,,,,,,,,,,False,C:\Users\BRIANNA\OneDrive\Documents\GitHub\NSSECU3_MP2\win7_files\Logs\Application.evtx,"Audit success, classic",0,"{""EventData"":{""Data"":""http://www.download.windowsupdate.com/msdownload/update/v3/static/trustedr/en/authrootstl.cab, A required certificate is not within its validity period when verifying against the current system clock or the timestamp in the signed file.\n"",""Binary"":""""}}"
422,422,2025-01-21 13:23:55.172851500+00:00,4107,Error,Microsoft-Windows-CAPI2,Application,1016,220,win7,3,,,,,,,,,,,,False,C:\Users\BRIANNA\OneDrive\Documents\GitHub\NSSECU3_MP2\win7_files\Logs\Application.evtx,"Audit success, classic",0,"{""EventData"":{""Data"":""http://www.download.windowsupdate.com/msdownload/update/v3/static/trustedr/en/authrootstl.cab, A required certificate is not within its validity period when verifying against the current system clock or the timestamp in the signed file.\n"",""Binary"":""""}}"
423,423,2025-01-21 13:23:55.250976500+00:00,4107,Error,Microsoft-Windows-CAPI2,Application,1016,220,win7,3,,,,,,,,,,,,False,C:\Users\BRIANNA\OneDrive\Documents\GitHub\NSSECU3_MP2\win7_files\Logs\Application.evtx,"Audit success, classic",0,"{""EventData"":{""Data"":""http://www.download.windowsupdate.com/msdownload/update/v3/static/trustedr/en/authrootstl.cab, A required certificate is not within its validity period when verifying against the current system clock or the timestamp in the signed file.\n"",""Binary"":""""}}"
424,424,2025-01-21 13:23:55.258789+00:00,4107,Error,Microsoft-Windows-CAPI2,Application,1016,1492,win7,3,,,,,,,,,,,,False,C:\Users\BRIANNA\OneDrive\Documents\GitHub\NSSECU3_MP2\win7_files\Logs\Application.evtx,"Audit success, classic",0,"{""EventData"":{""Data"":""http://www.download.windowsupdate.com/msdownload/update/v3/static/trustedr/en/authrootstl.cab, A required certificate is not within its validity period when verifying against the current system clock or the timestamp in the signed file.\n"",""Binary"":""""}}"
425,425,2025-01-21 13:23:55.344726500+00:00,4107,Error,Microsoft-Windows-CAPI2,Application,1016,220,win7,3,,,,,,,,,,,,False,C:\Users\BRIANNA\OneDrive\Documents\GitHub\NSSECU3_MP2\win7_files\Logs\Application.evtx,"Audit success, classic",0,"{""EventData"":{""Data"":""http://www.download.windowsupdate.com/msdownload/update/v3/static/trustedr/en/authrootstl.cab, A required certificate is not within its validity period when verifying against the current system clock or the timestamp in the signed file.\n"",""Binary"":""""}}"
426,426,2025-01-21 13:23:55.352539+00:00,4107,Error,Microsoft-Windows-CAPI2,Application,1016,220,win7,3,,,,,,,,,,,,False,C:\Users\BRIANNA\OneDrive\Documents\GitHub\NSSECU3_MP2\win7_files\Logs\Application.evtx,"Audit success, classic",0,"{""EventData"":{""Data"":""http://www.download.windowsupdate.com/msdownload/update/v3/static/trustedr/en/authrootstl.cab, A required certificate is not within its validity period when verifying against the current system clock or the timestamp in the signed file.\n"",""Binary"":""""}}"
427,427,2025-01-21 13:23:55.430664+00:00,4107,Error,Microsoft-Windows-CAPI2,Application,1016,220,win7,3,,,,,,,,,,,,False,C:\Users\BRIANNA\OneDrive\Documents\GitHub\NSSECU3_MP2\win7_files\Logs\Application.evtx,"Audit success, classic",0,"{""EventData"":{""Data"":""http://www.download.windowsupdate.com/msdownload/update/v3/static/trustedr/en/authrootstl.cab, A required certificate is not within its validity period when verifying against the current system clock or the timestamp in the signed file.\n"",""Binary"":""""}}"
24,24,2025-01-21 13:23:56.766601500+00:00,100,Info,Microsoft-Windows-Diagnosis-DPS,Microsoft-Windows-Diagnosis-DPS/Operational,992,300,win7,0,S-1-5-19,,,,,,,,,,,False,C:\Users\BRIANNA\OneDrive\Documents\GitHub\NSSECU3_MP2\win7_files\Logs\Microsoft-Windows-Diagnosis-DPS_4Operational.evtx,0x4000000800000000,0,"{""EventData"":{""Data"":[{""@Name"":""ScenarioId"",""#text"":""86432a0b-3c7d-4ddf-a89c-172faa90485d""},{""@Name"":""InstanceId"",""#text"":""78798411-ce22-487b-9ba0-23461c8d7ae0""},{""@Name"":""OriginalActivityId"",""#text"":""86432a0b-3c7d-4ddf-a89c-172faa90485d""},{""@Name"":""DiagnosticModuleImageName"",""#text"":""%SystemRoot%\\system32\\diagperf.dll""},{""@Name"":""DiagnosticModuleId"",""#text"":""c8544339-5be9-4f25-862e-485f1b1a6935""}]}}"
25,25,2025-01-21 13:23:56.766601500+00:00,105,Info,Microsoft-Windows-Diagnosis-DPS,Microsoft-Windows-Diagnosis-DPS/Operational,992,300,win7,0,S-1-5-19,,,,,,,,,,,False,C:\Users\BRIANNA\OneDrive\Documents\GitHub\NSSECU3_MP2\win7_files\Logs\Microsoft-Windows-Diagnosis-DPS_4Operational.evtx,0x4000000800000000,0,"{""EventData"":{""Data"":[{""@Name"":""ScenarioId"",""#text"":""86432a0b-3c7d-4ddf-a89c-172faa90485d""},{""@Name"":""InstanceId"",""#text"":""78798411-ce22-487b-9ba0-23461c8d7ae0""},{""@Name"":""OriginalActivityId"",""#text"":""86432a0b-3c7d-4ddf-a89c-172faa90485d""},{""@Name"":""DiagnosticModuleImageName"",""#text"":""%SystemRoot%\\system32\\diagperf.dll""},{""@Name"":""DiagnosticModuleId"",""#text"":""c8544339-5be9-4f25-862e-485f1b1a6935""}]}}"
10,10,2025-01-21 13:23:57.352539+00:00,103,Warning,Microsoft-Windows-Diagnostics-Performance,Microsoft-Windows-Diagnostics-Performance/Operational,992,1832,win7,0,S-1-5-19,,,,,,,,,,,False,C:\Users\BRIANNA\OneDrive\Documents\GitHub\NSSECU3_MP2\win7_files\Logs\Microsoft-Windows-Diagnostics-Performance_4Operational.evtx,0x8000000000010000,0,"{""EventData"":{""Data"":[{""@Name"":""StartTime"",""#text"":""2025-01-21 13:20:31.6875000""},{""@Name"":""NameLength"",""#text"":""6""},{""@Name"":""Name"",""#text"":""gpsvc""},{""@Name"":""FriendlyNameLength"",""#text"":""20""},{""@Name"":""FriendlyName"",""#text"":""Group Policy Client""},{""@Name"":""VersionLength"",""#text"":""38""},{""@Name"":""Version"",""#text"":""6.1.7600.16385 (win7_rtm.090713-1255)""},{""@Name"":""TotalTime"",""#text"":""455""},{""@Name"":""DegradationTime"",""#text"":""347""},{""@Name"":""PathLength"",""#text"":""30""},{""@Name"":""Path"",""#text"":""C:\\Windows\\System32\\gpsvc.dll""},{""@Name"":""ProductNameLength"",""#text"":""37""},{""@Name"":""ProductName"",""#text"":""Microsoft Windows Operating System""},{""@Name"":""CompanyNameLength"",""#text"":""22""},{""@Name"":""CompanyName"",""#text"":""Microsoft Corporation""}]}}"
9,9,2025-01-21 13:23:57.352539+00:00,103,Warning,Microsoft-Windows-Diagnostics-Performance,Microsoft-Windows-Diagnostics-Performance/Operational,992,1832,win7,0,S-1-5-19,,,,,,,,,,,False,C:\Users\BRIANNA\OneDrive\Documents\GitHub\NSSECU3_MP2\win7_files\Logs\Microsoft-Windows-Diagnostics-Performance_4Operational.evtx,0x8000000000010000,0,"{""EventData"":{""Data"":[{""@Name"":""StartTime"",""#text"":""2025-01-21 13:20:31.6875000""},{""@Name"":""NameLength"",""#text"":""8""},{""@Name"":""Name"",""#text"":""profsvc""},{""@Name"":""FriendlyNameLength"",""#text"":""8""},{""@Name"":""FriendlyName"",""#text"":""ProfSvc""},{""@Name"":""VersionLength"",""#text"":""38""},{""@Name"":""Version"",""#text"":""6.1.7600.16385 (win7_rtm.090713-1255)""},{""@Name"":""TotalTime"",""#text"":""463""},{""@Name"":""DegradationTime"",""#text"":""356""},{""@Name"":""PathLength"",""#text"":""32""},{""@Name"":""Path"",""#text"":""C:\\Windows\\system32\\profsvc.dll""},{""@Name"":""ProductNameLength"",""#text"":""37""},{""@Name"":""ProductName"",""#text"":""Microsoft Windows Operating System""},{""@Name"":""CompanyNameLength"",""#text"":""22""},{""@Name"":""CompanyName"",""#text"":""Microsoft Corporation""}]}}"
8,8,2025-01-21 13:23:57.352539+00:00,100,Warning,Microsoft-Windows-Diagnostics-Performance,Microsoft-Windows-Diagnostics-Performance/Operational,992,1832,win7,0,S-1-5-19,Windows System was started,,,BootStartTime: 2025-01-21 13:20:31.6875000,BootEndTime: 2025-01-21 13:23:55.8212890,BootTime: 37317ms,,,,,False,C:\Users\BRIANNA\OneDrive\Documents\GitHub\NSSECU3_MP2\win7_files\Logs\Microsoft-Windows-Diagnostics-Performance_4Operational.evtx,0x8000000000010000,0,"{""EventData"":{""Data"":[{""@Name"":""BootTsVersion"",""#text"":""2""},{""@Name"":""BootStartTime"",""#text"":""2025-01-21 13:20:31.6875000""},{""@Name"":""BootEndTime"",""#text"":""2025-01-21 13:23:55.8212890""},{""@Name"":""SystemBootInstance"",""#text"":""9""},{""@Name"":""UserBootInstance"",""#text"":""4""},{""@Name"":""BootTime"",""#text"":""37317""},{""@Name"":""MainPathBootTime"",""#text"":""22617""},{""@Name"":""BootKernelInitTime"",""#text"":""11""},{""@Name"":""BootDriverInitTime"",""#text"":""527""},{""@Name"":""BootDevicesInitTime"",""#text"":""1751""},{""@Name"":""BootPrefetchInitTime"",""#text"":""0""},{""@Name"":""BootPrefetchBytes"",""#text"":""0""},{""@Name"":""BootAutoChkTime"",""#text"":""0""},{""@Name"":""BootSmssInitTime"",""#text"":""2913""},{""@Name"":""BootCriticalServicesInitTime"",""#text"":""2974""},{""@Name"":""BootUserProfileProcessingTime"",""#text"":""8185""},{""@Name"":""BootMachineProfileProcessingTime"",""#text"":""5""},{""@Name"":""BootExplorerInitTime"",""#text"":""1385""},{""@Name"":""BootNumStartupApps"",""#text"":""0""},{""@Name"":""BootPostBootTime"",""#text"":""14700""},{""@Name"":""BootIsRebootAfterInstall"",""#text"":""False""},{""@Name"":""BootRootCauseStepImprovementBits"",""#text"":""16393""},{""@Name"":""BootRootCauseGradualImprovementBits"",""#text"":""13""},{""@Name"":""BootRootCauseStepDegradationBits"",""#text"":""2097664""},{""@Name"":""BootRootCauseGradualDegradationBits"",""#text"":""0""},{""@Name"":""BootIsDegradation"",""#text"":""False""},{""@Name"":""BootIsStepDegradation"",""#text"":""False""},{""@Name"":""BootIsGradualDegradation"",""#text"":""False""},{""@Name"":""BootImprovementDelta"",""#text"":""81990""},{""@Name"":""BootDegradationDelta"",""#text"":""0""},{""@Name"":""BootIsRootCauseIdentified"",""#text"":""True""},{""@Name"":""OSLoaderDuration"",""#text"":""12171""},{""@Name"":""BootPNPInitStartTimeMS"",""#text"":""11""},{""@Name"":""BootPNPInitDuration"",""#text"":""1778""},{""@Name"":""OtherKernelInitDuration"",""#text"":""3059""},{""@Name"":""SystemPNPInitStartTimeMS"",""#text"":""4790""},{""@Name"":""SystemPNPInitDuration"",""#text"":""499""},{""@Name"":""SessionInitStartTimeMS"",""#text"":""5338""},{""@Name"":""Session0InitDuration"",""#text"":""468""},{""@Name"":""Session1InitDuration"",""#text"":""126""},{""@Name"":""SessionInitOtherDuration"",""#text"":""2318""},{""@Name"":""WinLogonStartTimeMS"",""#text"":""8252""},{""@Name"":""OtherLogonInitActivityDuration"",""#text"":""4788""},{""@Name"":""UserLogonWaitDuration"",""#text"":""91914""}]}}"
12,12,2025-01-21 13:23:57.352539+00:00,108,Warning,Microsoft-Windows-Diagnostics-Performance,Microsoft-Windows-Diagnostics-Performance/Operational,992,1832,win7,0,S-1-5-19,,,,,,,,,,,False,C:\Users\BRIANNA\OneDrive\Documents\GitHub\NSSECU3_MP2\win7_files\Logs\Microsoft-Windows-Diagnostics-Performance_4Operational.evtx,0x8000000000010000,0,"{""EventData"":{""Data"":[{""@Name"":""StartTime"",""#text"":""2025-01-21 13:20:31.6875000""},{""@Name"":""NameLength"",""#text"":""13""},{""@Name"":""Name"",""#text"":""PreShellInit""},{""@Name"":""TotalTime"",""#text"":""8185""},{""@Name"":""DegradationTime"",""#text"":""4185""}]}}"
11,11,2025-01-21 13:23:57.352539+00:00,103,Warning,Microsoft-Windows-Diagnostics-Performance,Microsoft-Windows-Diagnostics-Performance/Operational,992,1832,win7,0,S-1-5-19,,,,,,,,,,,False,C:\Users\BRIANNA\OneDrive\Documents\GitHub\NSSECU3_MP2\win7_files\Logs\Microsoft-Windows-Diagnostics-Performance_4Operational.evtx,0x8000000000010000,0,"{""EventData"":{""Data"":[{""@Name"":""StartTime"",""#text"":""2025-01-21 13:20:31.6875000""},{""@Name"":""NameLength"",""#text"":""21""},{""@Name"":""Name"",""#text"":""audioendpointbuilder""},{""@Name"":""FriendlyNameLength"",""#text"":""22""},{""@Name"":""FriendlyName"",""#text"":""Windows Audio Service""},{""@Name"":""VersionLength"",""#text"":""38""},{""@Name"":""Version"",""#text"":""6.1.7600.16385 (win7_rtm.090713-1255)""},{""@Name"":""TotalTime"",""#text"":""417""},{""@Name"":""DegradationTime"",""#text"":""198""},{""@Name"":""PathLength"",""#text"":""33""},{""@Name"":""Path"",""#text"":""C:\\Windows\\System32\\Audiosrv.dll""},{""@Name"":""ProductNameLength"",""#text"":""37""},{""@Name"":""ProductName"",""#text"":""Microsoft Windows Operating System""},{""@Name"":""CompanyNameLength"",""#text"":""22""},{""@Name"":""CompanyName"",""#text"":""Microsoft Corporation""}]}}"
26,26,2025-01-21 13:23:57.368164+00:00,110,Info,Microsoft-Windows-Diagnosis-DPS,Microsoft-Windows-Diagnosis-DPS/Operational,992,300,win7,0,S-1-5-19,,,,,,,,,,,False,C:\Users\BRIANNA\OneDrive\Documents\GitHub\NSSECU3_MP2\win7_files\Logs\Microsoft-Windows-Diagnosis-DPS_4Operational.evtx,0x4000000800000000,0,"{""EventData"":{""Data"":[{""@Name"":""ScenarioId"",""#text"":""86432a0b-3c7d-4ddf-a89c-172faa90485d""},{""@Name"":""InstanceId"",""#text"":""78798411-ce22-487b-9ba0-23461c8d7ae0""},{""@Name"":""OriginalActivityId"",""#text"":""86432a0b-3c7d-4ddf-a89c-172faa90485d""},{""@Name"":""DiagnosticModuleImageName"",""#text"":""%SystemRoot%\\system32\\diagperf.dll""},{""@Name"":""DiagnosticModuleId"",""#text"":""c8544339-5be9-4f25-862e-485f1b1a6935""}]}}"
779,779,2025-01-21 13:24:00+00:00,1074,Info,USER32,System,0,0,win7,4,S-1-5-21-2630035287-469658536-4158816484-1000,A user initiated a system restart,,,Hostname: ,Reason: ,Type: ,Code: ,,,,False,C:\Users\BRIANNA\OneDrive\Documents\GitHub\NSSECU3_MP2\win7_files\Logs\System.evtx,0x80000000000000,0,"{""EventData"":{""Data"":""Explorer.EXE, WIN7, Other (Unplanned), 0x0, power off, win7\\student"",""Binary"":""00-00-00-00-00-00-00-00-00-00-00-00-00-00-00-00-00-00-00-00-00-00-00-00-00-00-00-00-00-00-00-00-00-00-00-00-00-00-00-00""}}"
429,429,2025-01-21 13:24:01+00:00,6000,Info,Microsoft-Windows-Winlogon,Application,0,0,win7,3,,,,,,,,,,,,False,C:\Users\BRIANNA\OneDrive\Documents\GitHub\NSSECU3_MP2\win7_files\Logs\Application.evtx,0x80000000000000,0,"{""EventData"":{""Data"":""SessionEnv"",""Binary"":""D9-06-00-00""}}"
428,428,2025-01-21 13:24:01+00:00,9009,Info,Desktop Window Manager,Application,0,0,win7,3,,,,,,,,,,,,False,C:\Users\BRIANNA\OneDrive\Documents\GitHub\NSSECU3_MP2\win7_files\Logs\Application.evtx,0x80000000000000,0,"{""EventData"":{""Data"":""0x40010004"",""Binary"":""""}}"
780,780,2025-01-21 13:24:01+00:00,1074,Info,USER32,System,0,0,win7,4,S-1-5-21-2630035287-469658536-4158816484-1000,A user initiated a system restart,,,Hostname: ,Reason: ,Type: ,Code: ,,,,False,C:\Users\BRIANNA\OneDrive\Documents\GitHub\NSSECU3_MP2\win7_files\Logs\System.evtx,0x80000000000000,0,"{""EventData"":{""Data"":""C:\\Windows\\system32\\winlogon.exe (WIN7), WIN7, No title for this reason could be found, 0x500ff, power off, win7\\student"",""Binary"":""FF-00-05-00-00-00-00-00-00-00-00-00-00-00-00-00-00-00-00-00-00-00-00-00-00-00-00-00-00-00-00-00-00-00-00-00-00-00-00-00""}}"
137,137,2025-01-21 13:24:01.094726500+00:00,5324,Info,Microsoft-Windows-GroupPolicy,Microsoft-Windows-GroupPolicy/Operational,800,1640,win7,0,S-1-5-18,,,,,,,,,,,False,C:\Users\BRIANNA\OneDrive\Documents\GitHub\NSSECU3_MP2\win7_files\Logs\Microsoft-Windows-GroupPolicy_4Operational.evtx,0x4000000000000000,0,"{""EventData"":{""Data"":[{""@Name"":""NotificationType"",""#text"":""4""},{""@Name"":""SessionId"",""#text"":""1""}]}}"
285,285,2025-01-21 13:24:01.704101500+00:00,4647,LogAlways,Microsoft-Windows-Security-Auditing,Security,460,2316,win7,2,,User initiated logoff,Target: win7\student,,,,LogonId: 0x17FDD,,,,,False,C:\Users\BRIANNA\OneDrive\Documents\GitHub\NSSECU3_MP2\win7_files\Logs\Security.evtx,Audit success,0,"{""EventData"":{""Data"":[{""@Name"":""TargetUserSid"",""#text"":""S-1-5-21-2630035287-469658536-4158816484-1000""},{""@Name"":""TargetUserName"",""#text"":""student""},{""@Name"":""TargetDomainName"",""#text"":""win7""},{""@Name"":""TargetLogonId"",""#text"":""0x17FDD""}]}}"
138,138,2025-01-21 13:24:01.797851500+00:00,5324,Info,Microsoft-Windows-GroupPolicy,Microsoft-Windows-GroupPolicy/Operational,800,1640,win7,0,S-1-5-18,,,,,,,,,,,False,C:\Users\BRIANNA\OneDrive\Documents\GitHub\NSSECU3_MP2\win7_files\Logs\Microsoft-Windows-GroupPolicy_4Operational.evtx,0x4000000000000000,0,"{""EventData"":{""Data"":[{""@Name"":""NotificationType"",""#text"":""2""},{""@Name"":""SessionId"",""#text"":""1""}]}}"
13,13,2025-01-21 13:24:01.797851500+00:00,23,Info,Microsoft-Windows-TerminalServices-LocalSessionManager,Microsoft-Windows-TerminalServices-LocalSessionManager/Operational,468,1720,win7,0,S-1-5-18,Remote Desktop Services: Session logoff succeeded,win7\student,,Session ID: 1,,,,,,,False,C:\Users\BRIANNA\OneDrive\Documents\GitHub\NSSECU3_MP2\win7_files\Logs\Microsoft-Windows-TerminalServices-LocalSessionManager_4Operational.evtx,0x1000000000000000,0,"{""UserData"":{""EventXML"":{""User"":""win7\\student"",""SessionID"":""1""}}}"
25,25,2025-01-21 13:24:01.813476500+00:00,3,Info,Microsoft-Windows-User Profiles Service,Microsoft-Windows-User Profile Service/Operational,800,1640,win7,0,S-1-5-21-2630035287-469658536-4158816484-1000,,,,,,,,,,,False,C:\Users\BRIANNA\OneDrive\Documents\GitHub\NSSECU3_MP2\win7_files\Logs\Microsoft-Windows-User Profile Service_4Operational.evtx,0x4000000000000000,0,"{""EventData"":{""Data"":{""@Name"":""Session"",""#text"":""1""}}}"
26,26,2025-01-21 13:24:01.813476500+00:00,4,Info,Microsoft-Windows-User Profiles Service,Microsoft-Windows-User Profile Service/Operational,800,1640,win7,0,S-1-5-21-2630035287-469658536-4158816484-1000,An account was logged off,,,Session: 1,,,,,,,False,C:\Users\BRIANNA\OneDrive\Documents\GitHub\NSSECU3_MP2\win7_files\Logs\Microsoft-Windows-User Profile Service_4Operational.evtx,0x4000000000000000,0,"{""EventData"":{""Data"":{""@Name"":""Session"",""#text"":""1""}}}"
782,782,2025-01-21 13:24:01.860351500+00:00,7002,Info,Microsoft-Windows-Winlogon,System,392,416,win7,4,S-1-5-18,User logoff,,,UserSID: S-1-5-21-2630035287-469658536-4158816484-1000,,,,,,,False,C:\Users\BRIANNA\OneDrive\Documents\GitHub\NSSECU3_MP2\win7_files\Logs\System.evtx,0x2000000000000000,0,"{""EventData"":{""Data"":[{""@Name"":""TSId"",""#text"":""1""},{""@Name"":""UserSid"",""#text"":""S-1-5-21-2630035287-469658536-4158816484-1000""}]}}"
14,14,2025-01-21 13:24:01.938476500+00:00,8,Info,Microsoft-Windows-OfflineFiles,Microsoft-Windows-OfflineFiles/Operational,776,960,win7,0,S-1-5-18,,,,,,,,,,,False,C:\Users\BRIANNA\OneDrive\Documents\GitHub\NSSECU3_MP2\win7_files\Logs\Microsoft-Windows-OfflineFiles_4Operational.evtx,0x4000000000000008,0,"{""UserData"":{""Info"":{""Account"":""win7\\student"",""Session"":""1""}}}"
20,20,2025-01-21 13:24:01.969726500+00:00,39,Info,Microsoft-Windows-WindowsUpdateClient,Microsoft-Windows-WindowsUpdateClient/Operational,800,2044,win7,0,S-1-5-18,,,,,,,,,,,False,C:\Users\BRIANNA\OneDrive\Documents\GitHub\NSSECU3_MP2\win7_files\Logs\Microsoft-Windows-WindowsUpdateClient_4Operational.evtx,0x4000000000000280,0,"{""EventData"":""""}"
781,781,2025-01-21 13:24:02+00:00,6006,Info,EventLog,System,0,0,win7,4,,The Event log service was stopped,,,Computer: win7,,,,,,,False,C:\Users\BRIANNA\OneDrive\Documents\GitHub\NSSECU3_MP2\win7_files\Logs\System.evtx,0x80000000000000,0,"{""EventData"":{""Data"":"""",""Binary"":""01-00-00-00-00-00-00-00""}}"
783,783,2025-01-21 13:24:02.016601500+00:00,7036,Info,Service Control Manager,System,452,540,win7,4,,Service started or stopped,,,Name: Windows Update | Windows Update,Status: stopped,,,,,,False,C:\Users\BRIANNA\OneDrive\Documents\GitHub\NSSECU3_MP2\win7_files\Logs\System.evtx,"Audit success, classic",0,"{""EventData"":{""Data"":[{""@Name"":""param1"",""#text"":""Windows Update""},{""@Name"":""param2"",""#text"":""stopped""}],""Binary"":""77-00-75-00-61-00-75-00-73-00-65-00-72-00-76-00-2F-00-31-00-00-00""}}"
139,139,2025-01-21 13:24:02.079101500+00:00,5325,Info,Microsoft-Windows-GroupPolicy,Microsoft-Windows-GroupPolicy/Operational,800,804,win7,0,S-1-5-18,,,,,,,,,,,False,C:\Users\BRIANNA\OneDrive\Documents\GitHub\NSSECU3_MP2\win7_files\Logs\Microsoft-Windows-GroupPolicy_4Operational.evtx,0x4000000000000000,0,"{""EventData"":{""Data"":{""@Name"":""NotificationType"",""#text"":""0""}}}"
784,784,2025-01-21 13:24:02.094726500+00:00,7036,Info,Service Control Manager,System,452,1444,win7,4,,Service started or stopped,,,Name: Group Policy Client | Group Policy Client,Status: stopped,,,,,,False,C:\Users\BRIANNA\OneDrive\Documents\GitHub\NSSECU3_MP2\win7_files\Logs\System.evtx,"Audit success, classic",0,"{""EventData"":{""Data"":[{""@Name"":""param1"",""#text"":""Group Policy Client""},{""@Name"":""param2"",""#text"":""stopped""}],""Binary"":""67-00-70-00-73-00-76-00-63-00-2F-00-31-00-00-00""}}"
786,786,2025-01-21 13:24:02.250976500+00:00,50037,Info,Microsoft-Windows-Dhcp-Client,System,736,1012,win7,4,S-1-5-19,,,,,,,,,,,False,C:\Users\BRIANNA\OneDrive\Documents\GitHub\NSSECU3_MP2\win7_files\Logs\System.evtx,0x2000000000000000,0,"{""EventData"":{""Data"":{""@Name"":""DwordVal"",""#text"":""1""}}}"
785,785,2025-01-21 13:24:02.250976500+00:00,51047,Info,Microsoft-Windows-DHCPv6-Client,System,736,260,win7,4,S-1-5-19,,,,,,,,,,,False,C:\Users\BRIANNA\OneDrive\Documents\GitHub\NSSECU3_MP2\win7_files\Logs\System.evtx,0x2000000000000000,0,"{""EventData"":{""Data"":{""@Name"":""DwordVal"",""#text"":""1""}}}"
787,787,2025-01-21 13:24:02.266601500+00:00,7036,Info,Service Control Manager,System,452,2052,win7,4,,Service started or stopped,,,Name: DHCP Client | DHCP Client,Status: stopped,,,,,,False,C:\Users\BRIANNA\OneDrive\Documents\GitHub\NSSECU3_MP2\win7_files\Logs\System.evtx,"Audit success, classic",0,"{""EventData"":{""Data"":[{""@Name"":""param1"",""#text"":""DHCP Client""},{""@Name"":""param2"",""#text"":""stopped""}],""Binary"":""44-00-68-00-63-00-70-00-2F-00-31-00-00-00""}}"
