19,19,2024-05-27 02:36:37.515625+00:00,4672,LogAlways,Microsoft-Windows-Security-Auditing,Security,460,512,37L4247F27-25,0,,Administrative logon,NT AUTHORITY\NETWORK SERVICE (S-1-5-20),,"PrivilegeList: SeAssignPrimaryTokenPrivilege, SeAuditPrivilege, SeImpersonatePrivilege",LogonId: 0x3E4,,,,,,False,C:\Users\BRIANNA\OneDrive\Documents\GitHub\NSSECU3_MP2\win7_files\Logs\Security.evtx,Audit success,0,"{""EventData"":{""Data"":[{""@Name"":""SubjectUserSid"",""#text"":""S-1-5-20""},{""@Name"":""SubjectUserName"",""#text"":""NETWORK SERVICE""},{""@Name"":""SubjectDomainName"",""#text"":""NT AUTHORITY""},{""@Name"":""SubjectLogonId"",""#text"":""0x3E4""},{""@Name"":""PrivilegeList"",""#text"":""SeAssignPrimaryTokenPrivilege, SeAuditPrivilege, SeImpersonatePrivilege""}]}}"
36,36,2024-05-27 02:36:37.531250+00:00,7036,Info,Service Control Manager,System,448,536,37L4247F27-25,0,,Service started or stopped,,,Name: DCOM Server Process Launcher | DCOM Server Process Launcher,Status: running,,,,,,False,C:\Users\BRIANNA\OneDrive\Documents\GitHub\NSSECU3_MP2\win7_files\Logs\System.evtx,"Audit success, classic",0,"{""EventData"":{""Data"":[{""@Name"":""param1"",""#text"":""DCOM Server Process Launcher""},{""@Name"":""param2"",""#text"":""running""}],""Binary"":""44-00-63-00-6F-00-6D-00-4C-00-61-00-75-00-6E-00-63-00-68-00-2F-00-34-00-00-00""}}"
37,37,2024-05-27 02:36:37.546875+00:00,7036,Info,Service Control Manager,System,448,536,37L4247F27-25,0,,Service started or stopped,,,Name: RPC Endpoint Mapper | RPC Endpoint Mapper,Status: running,,,,,,False,C:\Users\BRIANNA\OneDrive\Documents\GitHub\NSSECU3_MP2\win7_files\Logs\System.evtx,"Audit success, classic",0,"{""EventData"":{""Data"":[{""@Name"":""param1"",""#text"":""RPC Endpoint Mapper""},{""@Name"":""param2"",""#text"":""running""}],""Binary"":""52-00-70-00-63-00-45-00-70-00-74-00-4D-00-61-00-70-00-70-00-65-00-72-00-2F-00-34-00-00-00""}}"
38,38,2024-05-27 02:36:37.593750+00:00,7036,Info,Service Control Manager,System,448,536,37L4247F27-25,0,,Service started or stopped,,,Name: Remote Procedure Call (RPC) | Remote Procedure Call (RPC),Status: running,,,,,,False,C:\Users\BRIANNA\OneDrive\Documents\GitHub\NSSECU3_MP2\win7_files\Logs\System.evtx,"Audit success, classic",0,"{""EventData"":{""Data"":[{""@Name"":""param1"",""#text"":""Remote Procedure Call (RPC)""},{""@Name"":""param2"",""#text"":""running""}],""Binary"":""52-00-70-00-63-00-53-00-73-00-2F-00-34-00-00-00""}}"
39,39,2024-05-27 02:36:40.640625+00:00,7040,Info,Service Control Manager,System,448,536,37L4247F27-25,0,S-1-5-18,Start type of a service has changed,,,The start type of the storvsc was changed from boot start to demand start,,,,,,storvsc,False,C:\Users\BRIANNA\OneDrive\Documents\GitHub\NSSECU3_MP2\win7_files\Logs\System.evtx,"Audit success, classic",0,"{""EventData"":{""Data"":[{""@Name"":""param1"",""#text"":""storvsc""},{""@Name"":""param2"",""#text"":""boot start""},{""@Name"":""param3"",""#text"":""demand start""},{""@Name"":""param4"",""#text"":""storvsc""}]}}"
41,41,2024-05-27 02:36:40.671875+00:00,7040,Info,Service Control Manager,System,448,536,37L4247F27-25,0,S-1-5-18,Start type of a service has changed,,,The start type of the mpio was changed from boot start to demand start,,,,,,mpio,False,C:\Users\BRIANNA\OneDrive\Documents\GitHub\NSSECU3_MP2\win7_files\Logs\System.evtx,"Audit success, classic",0,"{""EventData"":{""Data"":[{""@Name"":""param1"",""#text"":""mpio""},{""@Name"":""param2"",""#text"":""boot start""},{""@Name"":""param3"",""#text"":""demand start""},{""@Name"":""param4"",""#text"":""mpio""}]}}"
40,40,2024-05-27 02:36:40.671875+00:00,7040,Info,Service Control Manager,System,448,536,37L4247F27-25,0,S-1-5-18,Start type of a service has changed,,,The start type of the msdsm was changed from boot start to demand start,,,,,,msdsm,False,C:\Users\BRIANNA\OneDrive\Documents\GitHub\NSSECU3_MP2\win7_files\Logs\System.evtx,"Audit success, classic",0,"{""EventData"":{""Data"":[{""@Name"":""param1"",""#text"":""msdsm""},{""@Name"":""param2"",""#text"":""boot start""},{""@Name"":""param3"",""#text"":""demand start""},{""@Name"":""param4"",""#text"":""msdsm""}]}}"
42,42,2024-05-27 02:36:40.687500+00:00,7040,Info,Service Control Manager,System,448,536,37L4247F27-25,0,S-1-5-18,Start type of a service has changed,,,The start type of the adpu320 was changed from boot start to demand start,,,,,,adpu320,False,C:\Users\BRIANNA\OneDrive\Documents\GitHub\NSSECU3_MP2\win7_files\Logs\System.evtx,"Audit success, classic",0,"{""EventData"":{""Data"":[{""@Name"":""param1"",""#text"":""adpu320""},{""@Name"":""param2"",""#text"":""boot start""},{""@Name"":""param3"",""#text"":""demand start""},{""@Name"":""param4"",""#text"":""adpu320""}]}}"
43,43,2024-05-27 02:36:40.703125+00:00,7040,Info,Service Control Manager,System,448,536,37L4247F27-25,0,S-1-5-18,Start type of a service has changed,,,The start type of the adp94xx was changed from boot start to demand start,,,,,,adp94xx,False,C:\Users\BRIANNA\OneDrive\Documents\GitHub\NSSECU3_MP2\win7_files\Logs\System.evtx,"Audit success, classic",0,"{""EventData"":{""Data"":[{""@Name"":""param1"",""#text"":""adp94xx""},{""@Name"":""param2"",""#text"":""boot start""},{""@Name"":""param3"",""#text"":""demand start""},{""@Name"":""param4"",""#text"":""adp94xx""}]}}"
44,44,2024-05-27 02:36:40.718750+00:00,7040,Info,Service Control Manager,System,448,536,37L4247F27-25,0,S-1-5-18,Start type of a service has changed,,,The start type of the arcsas was changed from boot start to demand start,,,,,,arcsas,False,C:\Users\BRIANNA\OneDrive\Documents\GitHub\NSSECU3_MP2\win7_files\Logs\System.evtx,"Audit success, classic",0,"{""EventData"":{""Data"":[{""@Name"":""param1"",""#text"":""arcsas""},{""@Name"":""param2"",""#text"":""boot start""},{""@Name"":""param3"",""#text"":""demand start""},{""@Name"":""param4"",""#text"":""arcsas""}]}}"
45,45,2024-05-27 02:36:40.734375+00:00,7040,Info,Service Control Manager,System,448,536,37L4247F27-25,0,S-1-5-18,Start type of a service has changed,,,The start type of the arc was changed from boot start to demand start,,,,,,arc,False,C:\Users\BRIANNA\OneDrive\Documents\GitHub\NSSECU3_MP2\win7_files\Logs\System.evtx,"Audit success, classic",0,"{""EventData"":{""Data"":[{""@Name"":""param1"",""#text"":""arc""},{""@Name"":""param2"",""#text"":""boot start""},{""@Name"":""param3"",""#text"":""demand start""},{""@Name"":""param4"",""#text"":""arc""}]}}"
46,46,2024-05-27 02:36:40.750000+00:00,7040,Info,Service Control Manager,System,448,536,37L4247F27-25,0,S-1-5-18,Start type of a service has changed,,,The start type of the adpahci was changed from boot start to demand start,,,,,,adpahci,False,C:\Users\BRIANNA\OneDrive\Documents\GitHub\NSSECU3_MP2\win7_files\Logs\System.evtx,"Audit success, classic",0,"{""EventData"":{""Data"":[{""@Name"":""param1"",""#text"":""adpahci""},{""@Name"":""param2"",""#text"":""boot start""},{""@Name"":""param3"",""#text"":""demand start""},{""@Name"":""param4"",""#text"":""adpahci""}]}}"
47,47,2024-05-27 02:36:40.765625+00:00,7040,Info,Service Control Manager,System,448,536,37L4247F27-25,0,S-1-5-18,Start type of a service has changed,,,The start type of the iaStorV was changed from boot start to demand start,,,,,,iaStorV,False,C:\Users\BRIANNA\OneDrive\Documents\GitHub\NSSECU3_MP2\win7_files\Logs\System.evtx,"Audit success, classic",0,"{""EventData"":{""Data"":[{""@Name"":""param1"",""#text"":""iaStorV""},{""@Name"":""param2"",""#text"":""boot start""},{""@Name"":""param3"",""#text"":""demand start""},{""@Name"":""param4"",""#text"":""iaStorV""}]}}"
48,48,2024-05-27 02:36:40.781250+00:00,7040,Info,Service Control Manager,System,448,536,37L4247F27-25,0,S-1-5-18,Start type of a service has changed,,,The start type of the iirsp was changed from boot start to demand start,,,,,,iirsp,False,C:\Users\BRIANNA\OneDrive\Documents\GitHub\NSSECU3_MP2\win7_files\Logs\System.evtx,"Audit success, classic",0,"{""EventData"":{""Data"":[{""@Name"":""param1"",""#text"":""iirsp""},{""@Name"":""param2"",""#text"":""boot start""},{""@Name"":""param3"",""#text"":""demand start""},{""@Name"":""param4"",""#text"":""iirsp""}]}}"
49,49,2024-05-27 02:36:40.796875+00:00,7040,Info,Service Control Manager,System,448,536,37L4247F27-25,0,S-1-5-18,Start type of a service has changed,,,The start type of the vsmraid was changed from boot start to demand start,,,,,,vsmraid,False,C:\Users\BRIANNA\OneDrive\Documents\GitHub\NSSECU3_MP2\win7_files\Logs\System.evtx,"Audit success, classic",0,"{""EventData"":{""Data"":[{""@Name"":""param1"",""#text"":""vsmraid""},{""@Name"":""param2"",""#text"":""boot start""},{""@Name"":""param3"",""#text"":""demand start""},{""@Name"":""param4"",""#text"":""vsmraid""}]}}"
50,50,2024-05-27 02:36:40.796875+00:00,7040,Info,Service Control Manager,System,448,536,37L4247F27-25,0,S-1-5-18,Start type of a service has changed,,,The start type of the viaide was changed from boot start to demand start,,,,,,viaide,False,C:\Users\BRIANNA\OneDrive\Documents\GitHub\NSSECU3_MP2\win7_files\Logs\System.evtx,"Audit success, classic",0,"{""EventData"":{""Data"":[{""@Name"":""param1"",""#text"":""viaide""},{""@Name"":""param2"",""#text"":""boot start""},{""@Name"":""param3"",""#text"":""demand start""},{""@Name"":""param4"",""#text"":""viaide""}]}}"
51,51,2024-05-27 02:36:40.812500+00:00,7040,Info,Service Control Manager,System,448,536,37L4247F27-25,0,S-1-5-18,Start type of a service has changed,,,The start type of the elxstor was changed from boot start to demand start,,,,,,elxstor,False,C:\Users\BRIANNA\OneDrive\Documents\GitHub\NSSECU3_MP2\win7_files\Logs\System.evtx,"Audit success, classic",0,"{""EventData"":{""Data"":[{""@Name"":""param1"",""#text"":""elxstor""},{""@Name"":""param2"",""#text"":""boot start""},{""@Name"":""param3"",""#text"":""demand start""},{""@Name"":""param4"",""#text"":""elxstor""}]}}"
52,52,2024-05-27 02:36:40.828125+00:00,7040,Info,Service Control Manager,System,448,536,37L4247F27-25,0,S-1-5-18,Start type of a service has changed,,,The start type of the nvstor was changed from boot start to demand start,,,,,,nvstor,False,C:\Users\BRIANNA\OneDrive\Documents\GitHub\NSSECU3_MP2\win7_files\Logs\System.evtx,"Audit success, classic",0,"{""EventData"":{""Data"":[{""@Name"":""param1"",""#text"":""nvstor""},{""@Name"":""param2"",""#text"":""boot start""},{""@Name"":""param3"",""#text"":""demand start""},{""@Name"":""param4"",""#text"":""nvstor""}]}}"
53,53,2024-05-27 02:36:40.843750+00:00,7040,Info,Service Control Manager,System,448,536,37L4247F27-25,0,S-1-5-18,Start type of a service has changed,,,The start type of the aliide was changed from boot start to demand start,,,,,,aliide,False,C:\Users\BRIANNA\OneDrive\Documents\GitHub\NSSECU3_MP2\win7_files\Logs\System.evtx,"Audit success, classic",0,"{""EventData"":{""Data"":[{""@Name"":""param1"",""#text"":""aliide""},{""@Name"":""param2"",""#text"":""boot start""},{""@Name"":""param3"",""#text"":""demand start""},{""@Name"":""param4"",""#text"":""aliide""}]}}"
54,54,2024-05-27 02:36:40.859375+00:00,7040,Info,Service Control Manager,System,448,536,37L4247F27-25,0,S-1-5-18,Start type of a service has changed,,,The start type of the cmdide was changed from boot start to demand start,,,,,,cmdide,False,C:\Users\BRIANNA\OneDrive\Documents\GitHub\NSSECU3_MP2\win7_files\Logs\System.evtx,"Audit success, classic",0,"{""EventData"":{""Data"":[{""@Name"":""param1"",""#text"":""cmdide""},{""@Name"":""param2"",""#text"":""boot start""},{""@Name"":""param3"",""#text"":""demand start""},{""@Name"":""param4"",""#text"":""cmdide""}]}}"
55,55,2024-05-27 02:36:40.875000+00:00,7040,Info,Service Control Manager,System,448,536,37L4247F27-25,0,S-1-5-18,Start type of a service has changed,,,The start type of the ql40xx was changed from boot start to demand start,,,,,,ql40xx,False,C:\Users\BRIANNA\OneDrive\Documents\GitHub\NSSECU3_MP2\win7_files\Logs\System.evtx,"Audit success, classic",0,"{""EventData"":{""Data"":[{""@Name"":""param1"",""#text"":""ql40xx""},{""@Name"":""param2"",""#text"":""boot start""},{""@Name"":""param3"",""#text"":""demand start""},{""@Name"":""param4"",""#text"":""ql40xx""}]}}"
56,56,2024-05-27 02:36:40.890625+00:00,7040,Info,Service Control Manager,System,448,536,37L4247F27-25,0,S-1-5-18,Start type of a service has changed,,,The start type of the ql2300 was changed from boot start to demand start,,,,,,ql2300,False,C:\Users\BRIANNA\OneDrive\Documents\GitHub\NSSECU3_MP2\win7_files\Logs\System.evtx,"Audit success, classic",0,"{""EventData"":{""Data"":[{""@Name"":""param1"",""#text"":""ql2300""},{""@Name"":""param2"",""#text"":""boot start""},{""@Name"":""param3"",""#text"":""demand start""},{""@Name"":""param4"",""#text"":""ql2300""}]}}"
57,57,2024-05-27 02:36:40.906250+00:00,7040,Info,Service Control Manager,System,448,536,37L4247F27-25,0,S-1-5-18,Start type of a service has changed,,,The start type of the stexstor was changed from boot start to demand start,,,,,,stexstor,False,C:\Users\BRIANNA\OneDrive\Documents\GitHub\NSSECU3_MP2\win7_files\Logs\System.evtx,"Audit success, classic",0,"{""EventData"":{""Data"":[{""@Name"":""param1"",""#text"":""stexstor""},{""@Name"":""param2"",""#text"":""boot start""},{""@Name"":""param3"",""#text"":""demand start""},{""@Name"":""param4"",""#text"":""stexstor""}]}}"
58,58,2024-05-27 02:36:40.906250+00:00,7040,Info,Service Control Manager,System,448,536,37L4247F27-25,0,S-1-5-18,Start type of a service has changed,,,The start type of the SiSRaid4 was changed from boot start to demand start,,,,,,SiSRaid4,False,C:\Users\BRIANNA\OneDrive\Documents\GitHub\NSSECU3_MP2\win7_files\Logs\System.evtx,"Audit success, classic",0,"{""EventData"":{""Data"":[{""@Name"":""param1"",""#text"":""SiSRaid4""},{""@Name"":""param2"",""#text"":""boot start""},{""@Name"":""param3"",""#text"":""demand start""},{""@Name"":""param4"",""#text"":""SiSRaid4""}]}}"
59,59,2024-05-27 02:36:40.921875+00:00,7040,Info,Service Control Manager,System,448,536,37L4247F27-25,0,S-1-5-18,Start type of a service has changed,,,The start type of the SiSRaid2 was changed from boot start to demand start,,,,,,SiSRaid2,False,C:\Users\BRIANNA\OneDrive\Documents\GitHub\NSSECU3_MP2\win7_files\Logs\System.evtx,"Audit success, classic",0,"{""EventData"":{""Data"":[{""@Name"":""param1"",""#text"":""SiSRaid2""},{""@Name"":""param2"",""#text"":""boot start""},{""@Name"":""param3"",""#text"":""demand start""},{""@Name"":""param4"",""#text"":""SiSRaid2""}]}}"
60,60,2024-05-27 02:36:40.937500+00:00,7040,Info,Service Control Manager,System,448,536,37L4247F27-25,0,S-1-5-18,Start type of a service has changed,,,The start type of the amdide was changed from boot start to demand start,,,,,,amdide,False,C:\Users\BRIANNA\OneDrive\Documents\GitHub\NSSECU3_MP2\win7_files\Logs\System.evtx,"Audit success, classic",0,"{""EventData"":{""Data"":[{""@Name"":""param1"",""#text"":""amdide""},{""@Name"":""param2"",""#text"":""boot start""},{""@Name"":""param3"",""#text"":""demand start""},{""@Name"":""param4"",""#text"":""amdide""}]}}"
61,61,2024-05-27 02:36:40.953125+00:00,7040,Info,Service Control Manager,System,448,536,37L4247F27-25,0,S-1-5-18,Start type of a service has changed,,,The start type of the nfrd960 was changed from boot start to demand start,,,,,,nfrd960,False,C:\Users\BRIANNA\OneDrive\Documents\GitHub\NSSECU3_MP2\win7_files\Logs\System.evtx,"Audit success, classic",0,"{""EventData"":{""Data"":[{""@Name"":""param1"",""#text"":""nfrd960""},{""@Name"":""param2"",""#text"":""boot start""},{""@Name"":""param3"",""#text"":""demand start""},{""@Name"":""param4"",""#text"":""nfrd960""}]}}"
62,62,2024-05-27 02:36:40.968750+00:00,7040,Info,Service Control Manager,System,448,536,37L4247F27-25,0,S-1-5-18,Start type of a service has changed,,,The start type of the amdsata was changed from boot start to demand start,,,,,,amdsata,False,C:\Users\BRIANNA\OneDrive\Documents\GitHub\NSSECU3_MP2\win7_files\Logs\System.evtx,"Audit success, classic",0,"{""EventData"":{""Data"":[{""@Name"":""param1"",""#text"":""amdsata""},{""@Name"":""param2"",""#text"":""boot start""},{""@Name"":""param3"",""#text"":""demand start""},{""@Name"":""param4"",""#text"":""amdsata""}]}}"
63,63,2024-05-27 02:36:40.984375+00:00,7040,Info,Service Control Manager,System,448,536,37L4247F27-25,0,S-1-5-18,Start type of a service has changed,,,The start type of the amdsbs was changed from boot start to demand start,,,,,,amdsbs,False,C:\Users\BRIANNA\OneDrive\Documents\GitHub\NSSECU3_MP2\win7_files\Logs\System.evtx,"Audit success, classic",0,"{""EventData"":{""Data"":[{""@Name"":""param1"",""#text"":""amdsbs""},{""@Name"":""param2"",""#text"":""boot start""},{""@Name"":""param3"",""#text"":""demand start""},{""@Name"":""param4"",""#text"":""amdsbs""}]}}"
2,2,2024-05-27 02:36:41+00:00,6009,Info,EventLog,System,0,0,37L4247F27-25,0,,,,,,,,,,,,False,C:\Users\BRIANNA\OneDrive\Documents\GitHub\NSSECU3_MP2\win7_files\Logs\System.evtx,0x80000000000000,0,"{""EventData"":{""Data"":""6.01., 7601, Service Pack 1, Multiprocessor Free, 17514"",""Binary"":""""}}"
64,64,2024-05-27 02:36:41+00:00,7040,Info,Service Control Manager,System,448,536,37L4247F27-25,0,S-1-5-18,Start type of a service has changed,,,The start type of the LSI_FC was changed from boot start to demand start,,,,,,LSI_FC,False,C:\Users\BRIANNA\OneDrive\Documents\GitHub\NSSECU3_MP2\win7_files\Logs\System.evtx,"Audit success, classic",0,"{""EventData"":{""Data"":[{""@Name"":""param1"",""#text"":""LSI_FC""},{""@Name"":""param2"",""#text"":""boot start""},{""@Name"":""param3"",""#text"":""demand start""},{""@Name"":""param4"",""#text"":""LSI_FC""}]}}"
65,65,2024-05-27 02:36:41+00:00,7040,Info,Service Control Manager,System,448,536,37L4247F27-25,0,S-1-5-18,Start type of a service has changed,,,The start type of the LSI_SAS2 was changed from boot start to demand start,,,,,,LSI_SAS2,False,C:\Users\BRIANNA\OneDrive\Documents\GitHub\NSSECU3_MP2\win7_files\Logs\System.evtx,"Audit success, classic",0,"{""EventData"":{""Data"":[{""@Name"":""param1"",""#text"":""LSI_SAS2""},{""@Name"":""param2"",""#text"":""boot start""},{""@Name"":""param3"",""#text"":""demand start""},{""@Name"":""param4"",""#text"":""LSI_SAS2""}]}}"
1,1,2024-05-27 02:36:41+00:00,6011,Info,EventLog,System,0,0,37L4247F27-25,0,,System Name Changed,,,The NetBIOS name and DNS host name of this machine have been changed from 37L4247F27-25 to WIN-QJNMT3LEKTG,,,,,,,False,C:\Users\BRIANNA\OneDrive\Documents\GitHub\NSSECU3_MP2\win7_files\Logs\System.evtx,0x80000000000000,0,"{""EventData"":{""Data"":""37L4247F27-25, WIN-QJNMT3LEKTG"",""Binary"":""""}}"
3,3,2024-05-27 02:36:41+00:00,6005,Info,EventLog,System,0,0,37L4247F27-25,0,,The Event log service was started,,,Computer: 37L4247F27-25,,,,,,,False,C:\Users\BRIANNA\OneDrive\Documents\GitHub\NSSECU3_MP2\win7_files\Logs\System.evtx,0x80000000000000,0,"{""EventData"":{""Data"":"""",""Binary"":""E8-07-05-00-01-00-1B-00-02-00-24-00-29-00-51-02-00-00-00-00-00-00-00-00""}}"
66,66,2024-05-27 02:36:41.015625+00:00,7040,Info,Service Control Manager,System,448,536,37L4247F27-25,0,S-1-5-18,Start type of a service has changed,,,The start type of the megasas was changed from boot start to demand start,,,,,,megasas,False,C:\Users\BRIANNA\OneDrive\Documents\GitHub\NSSECU3_MP2\win7_files\Logs\System.evtx,"Audit success, classic",0,"{""EventData"":{""Data"":[{""@Name"":""param1"",""#text"":""megasas""},{""@Name"":""param2"",""#text"":""boot start""},{""@Name"":""param3"",""#text"":""demand start""},{""@Name"":""param4"",""#text"":""megasas""}]}}"
67,67,2024-05-27 02:36:41.031250+00:00,7040,Info,Service Control Manager,System,448,536,37L4247F27-25,0,S-1-5-18,Start type of a service has changed,,,The start type of the MegaSR was changed from boot start to demand start,,,,,,MegaSR,False,C:\Users\BRIANNA\OneDrive\Documents\GitHub\NSSECU3_MP2\win7_files\Logs\System.evtx,"Audit success, classic",0,"{""EventData"":{""Data"":[{""@Name"":""param1"",""#text"":""MegaSR""},{""@Name"":""param2"",""#text"":""boot start""},{""@Name"":""param3"",""#text"":""demand start""},{""@Name"":""param4"",""#text"":""MegaSR""}]}}"
68,68,2024-05-27 02:36:41.046875+00:00,7040,Info,Service Control Manager,System,448,536,37L4247F27-25,0,S-1-5-18,Start type of a service has changed,,,The start type of the LSI_SAS was changed from boot start to demand start,,,,,,LSI_SAS,False,C:\Users\BRIANNA\OneDrive\Documents\GitHub\NSSECU3_MP2\win7_files\Logs\System.evtx,"Audit success, classic",0,"{""EventData"":{""Data"":[{""@Name"":""param1"",""#text"":""LSI_SAS""},{""@Name"":""param2"",""#text"":""boot start""},{""@Name"":""param3"",""#text"":""demand start""},{""@Name"":""param4"",""#text"":""LSI_SAS""}]}}"
69,69,2024-05-27 02:36:41.062500+00:00,7040,Info,Service Control Manager,System,448,536,37L4247F27-25,0,S-1-5-18,Start type of a service has changed,,,The start type of the LSI_SCSI was changed from boot start to demand start,,,,,,LSI_SCSI,False,C:\Users\BRIANNA\OneDrive\Documents\GitHub\NSSECU3_MP2\win7_files\Logs\System.evtx,"Audit success, classic",0,"{""EventData"":{""Data"":[{""@Name"":""param1"",""#text"":""LSI_SCSI""},{""@Name"":""param2"",""#text"":""boot start""},{""@Name"":""param3"",""#text"":""demand start""},{""@Name"":""param4"",""#text"":""LSI_SCSI""}]}}"
70,70,2024-05-27 02:36:41.078125+00:00,7040,Info,Service Control Manager,System,448,536,37L4247F27-25,0,S-1-5-18,Start type of a service has changed,,,The start type of the HpSAMD was changed from boot start to demand start,,,,,,HpSAMD,False,C:\Users\BRIANNA\OneDrive\Documents\GitHub\NSSECU3_MP2\win7_files\Logs\System.evtx,"Audit success, classic",0,"{""EventData"":{""Data"":[{""@Name"":""param1"",""#text"":""HpSAMD""},{""@Name"":""param2"",""#text"":""boot start""},{""@Name"":""param3"",""#text"":""demand start""},{""@Name"":""param4"",""#text"":""HpSAMD""}]}}"
71,71,2024-05-27 02:36:41.093750+00:00,7040,Info,Service Control Manager,System,448,556,37L4247F27-25,0,S-1-5-18,Start type of a service has changed,,,The start type of the msahci was changed from boot start to demand start,,,,,,msahci,False,C:\Users\BRIANNA\OneDrive\Documents\GitHub\NSSECU3_MP2\win7_files\Logs\System.evtx,"Audit success, classic",0,"{""EventData"":{""Data"":[{""@Name"":""param1"",""#text"":""msahci""},{""@Name"":""param2"",""#text"":""boot start""},{""@Name"":""param3"",""#text"":""demand start""},{""@Name"":""param4"",""#text"":""msahci""}]}}"
72,72,2024-05-27 02:36:41.109375+00:00,7040,Info,Service Control Manager,System,448,556,37L4247F27-25,0,S-1-5-18,Start type of a service has changed,,,The start type of the pciide was changed from boot start to demand start,,,,,,pciide,False,C:\Users\BRIANNA\OneDrive\Documents\GitHub\NSSECU3_MP2\win7_files\Logs\System.evtx,"Audit success, classic",0,"{""EventData"":{""Data"":[{""@Name"":""param1"",""#text"":""pciide""},{""@Name"":""param2"",""#text"":""boot start""},{""@Name"":""param3"",""#text"":""demand start""},{""@Name"":""param4"",""#text"":""pciide""}]}}"
73,73,2024-05-27 02:36:41.125000+00:00,7040,Info,Service Control Manager,System,448,556,37L4247F27-25,0,S-1-5-18,Start type of a service has changed,,,The start type of the Compbatt was changed from boot start to demand start,,,,,,Compbatt,False,C:\Users\BRIANNA\OneDrive\Documents\GitHub\NSSECU3_MP2\win7_files\Logs\System.evtx,"Audit success, classic",0,"{""EventData"":{""Data"":[{""@Name"":""param1"",""#text"":""Compbatt""},{""@Name"":""param2"",""#text"":""boot start""},{""@Name"":""param3"",""#text"":""demand start""},{""@Name"":""param4"",""#text"":""Compbatt""}]}}"
74,74,2024-05-27 02:36:41.140625+00:00,7040,Info,Service Control Manager,System,448,556,37L4247F27-25,0,S-1-5-18,Start type of a service has changed,,,The start type of the vmbus was changed from boot start to demand start,,,,,,vmbus,False,C:\Users\BRIANNA\OneDrive\Documents\GitHub\NSSECU3_MP2\win7_files\Logs\System.evtx,"Audit success, classic",0,"{""EventData"":{""Data"":[{""@Name"":""param1"",""#text"":""vmbus""},{""@Name"":""param2"",""#text"":""boot start""},{""@Name"":""param3"",""#text"":""demand start""},{""@Name"":""param4"",""#text"":""vmbus""}]}}"
75,75,2024-05-27 02:36:41.156250+00:00,7040,Info,Service Control Manager,System,448,556,37L4247F27-25,0,S-1-5-18,Start type of a service has changed,,,The start type of the sbp2port was changed from boot start to demand start,,,,,,sbp2port,False,C:\Users\BRIANNA\OneDrive\Documents\GitHub\NSSECU3_MP2\win7_files\Logs\System.evtx,"Audit success, classic",0,"{""EventData"":{""Data"":[{""@Name"":""param1"",""#text"":""sbp2port""},{""@Name"":""param2"",""#text"":""boot start""},{""@Name"":""param3"",""#text"":""demand start""},{""@Name"":""param4"",""#text"":""sbp2port""}]}}"
76,76,2024-05-27 02:36:41.171875+00:00,7040,Info,Service Control Manager,System,448,556,37L4247F27-25,0,S-1-5-18,Start type of a service has changed,,,The start type of the Wd was changed from boot start to demand start,,,,,,Wd,False,C:\Users\BRIANNA\OneDrive\Documents\GitHub\NSSECU3_MP2\win7_files\Logs\System.evtx,"Audit success, classic",0,"{""EventData"":{""Data"":[{""@Name"":""param1"",""#text"":""Wd""},{""@Name"":""param2"",""#text"":""boot start""},{""@Name"":""param3"",""#text"":""demand start""},{""@Name"":""param4"",""#text"":""Wd""}]}}"
77,77,2024-05-27 02:36:41.187500+00:00,7040,Info,Service Control Manager,System,448,556,37L4247F27-25,0,S-1-5-18,Start type of a service has changed,,,The start type of the nvraid was changed from boot start to demand start,,,,,,nvraid,False,C:\Users\BRIANNA\OneDrive\Documents\GitHub\NSSECU3_MP2\win7_files\Logs\System.evtx,"Audit success, classic",0,"{""EventData"":{""Data"":[{""@Name"":""param1"",""#text"":""nvraid""},{""@Name"":""param2"",""#text"":""boot start""},{""@Name"":""param3"",""#text"":""demand start""},{""@Name"":""param4"",""#text"":""nvraid""}]}}"
79,79,2024-05-27 02:36:41.203125+00:00,7040,Info,Service Control Manager,System,448,556,37L4247F27-25,0,S-1-5-18,Start type of a service has changed,,,The start type of the Serial was changed from system start to demand start,,,,,,Serial,False,C:\Users\BRIANNA\OneDrive\Documents\GitHub\NSSECU3_MP2\win7_files\Logs\System.evtx,"Audit success, classic",0,"{""EventData"":{""Data"":[{""@Name"":""param1"",""#text"":""Serial""},{""@Name"":""param2"",""#text"":""system start""},{""@Name"":""param3"",""#text"":""demand start""},{""@Name"":""param4"",""#text"":""Serial""}]}}"
78,78,2024-05-27 02:36:41.203125+00:00,7040,Info,Service Control Manager,System,448,556,37L4247F27-25,0,S-1-5-18,Start type of a service has changed,,,The start type of the isapnp was changed from boot start to demand start,,,,,,isapnp,False,C:\Users\BRIANNA\OneDrive\Documents\GitHub\NSSECU3_MP2\win7_files\Logs\System.evtx,"Audit success, classic",0,"{""EventData"":{""Data"":[{""@Name"":""param1"",""#text"":""isapnp""},{""@Name"":""param2"",""#text"":""boot start""},{""@Name"":""param3"",""#text"":""demand start""},{""@Name"":""param4"",""#text"":""isapnp""}]}}"
80,80,2024-05-27 02:36:41.468750+00:00,6,Info,Microsoft-Windows-FilterManager,System,4,56,37L4247F27-25,0,S-1-5-18,,,,,,,,,,,False,C:\Users\BRIANNA\OneDrive\Documents\GitHub\NSSECU3_MP2\win7_files\Logs\System.evtx,Classic,0,"{""EventData"":{""Data"":[{""@Name"":""FinalStatus"",""#text"":""0x0""},{""@Name"":""DeviceVersionMajor"",""#text"":""6""},{""@Name"":""DeviceVersionMinor"",""#text"":""1""},{""@Name"":""DeviceNameLength"",""#text"":""5""},{""@Name"":""DeviceName"",""#text"":""luafv""},{""@Name"":""DeviceTime"",""#text"":""2009-07-13 16:26:13.0000000""}]}}"
20,20,2024-05-27 02:36:41.484375+00:00,4624,LogAlways,Microsoft-Windows-Security-Auditing,Security,460,508,37L4247F27-25,0,,Successful logon,WORKGROUP\37L4247F27-25$, (-),Target: NT AUTHORITY\LOCAL SERVICE,LogonType 5,LogonId: 0x3E5,AuthenticationPackageName: Negotiate,LogonProcessName: Advapi  ,,C:\Windows\System32\services.exe,False,C:\Users\BRIANNA\OneDrive\Documents\GitHub\NSSECU3_MP2\win7_files\Logs\Security.evtx,Audit success,0,"{""EventData"":{""Data"":[{""@Name"":""SubjectUserSid"",""#text"":""S-1-5-18""},{""@Name"":""SubjectUserName"",""#text"":""37L4247F27-25$""},{""@Name"":""SubjectDomainName"",""#text"":""WORKGROUP""},{""@Name"":""SubjectLogonId"",""#text"":""0x3E7""},{""@Name"":""TargetUserSid"",""#text"":""S-1-5-19""},{""@Name"":""TargetUserName"",""#text"":""LOCAL SERVICE""},{""@Name"":""TargetDomainName"",""#text"":""NT AUTHORITY""},{""@Name"":""TargetLogonId"",""#text"":""0x3E5""},{""@Name"":""LogonType"",""#text"":""5""},{""@Name"":""LogonProcessName"",""#text"":""Advapi  ""},{""@Name"":""AuthenticationPackageName"",""#text"":""Negotiate""},{""@Name"":""WorkstationName""},{""@Name"":""LogonGuid"",""#text"":""00000000-0000-0000-0000-000000000000""},{""@Name"":""TransmittedServices"",""#text"":""-""},{""@Name"":""LmPackageName"",""#text"":""-""},{""@Name"":""KeyLength"",""#text"":""0""},{""@Name"":""ProcessId"",""#text"":""0x1C0""},{""@Name"":""ProcessName"",""#text"":""C:\\Windows\\System32\\services.exe""},{""@Name"":""IpAddress"",""#text"":""-""},{""@Name"":""IpPort"",""#text"":""-""}]}}"
21,21,2024-05-27 02:36:41.484375+00:00,4672,LogAlways,Microsoft-Windows-Security-Auditing,Security,460,508,37L4247F27-25,0,,Administrative logon,NT AUTHORITY\LOCAL SERVICE (S-1-5-19),,"PrivilegeList: SeAssignPrimaryTokenPrivilege, SeAuditPrivilege, SeImpersonatePrivilege",LogonId: 0x3E5,,,,,,False,C:\Users\BRIANNA\OneDrive\Documents\GitHub\NSSECU3_MP2\win7_files\Logs\Security.evtx,Audit success,0,"{""EventData"":{""Data"":[{""@Name"":""SubjectUserSid"",""#text"":""S-1-5-19""},{""@Name"":""SubjectUserName"",""#text"":""LOCAL SERVICE""},{""@Name"":""SubjectDomainName"",""#text"":""NT AUTHORITY""},{""@Name"":""SubjectLogonId"",""#text"":""0x3E5""},{""@Name"":""PrivilegeList"",""#text"":""SeAssignPrimaryTokenPrivilege, SeAuditPrivilege, SeImpersonatePrivilege""}]}}"
81,81,2024-05-27 02:36:41.609375+00:00,7036,Info,Service Control Manager,System,448,536,37L4247F27-25,0,,Service started or stopped,,,Name: Windows Event Log | Windows Event Log,Status: running,,,,,,False,C:\Users\BRIANNA\OneDrive\Documents\GitHub\NSSECU3_MP2\win7_files\Logs\System.evtx,"Audit success, classic",0,"{""EventData"":{""Data"":[{""@Name"":""param1"",""#text"":""Windows Event Log""},{""@Name"":""param2"",""#text"":""running""}],""Binary"":""65-00-76-00-65-00-6E-00-74-00-6C-00-6F-00-67-00-2F-00-34-00-00-00""}}"
22,22,2024-05-27 02:36:41.609375+00:00,4624,LogAlways,Microsoft-Windows-Security-Auditing,Security,460,508,37L4247F27-25,0,,Successful logon,WORKGROUP\37L4247F27-25$, (-),Target: NT AUTHORITY\SYSTEM,LogonType 5,LogonId: 0x3E7,AuthenticationPackageName: Negotiate,LogonProcessName: Advapi  ,,C:\Windows\System32\services.exe,False,C:\Users\BRIANNA\OneDrive\Documents\GitHub\NSSECU3_MP2\win7_files\Logs\Security.evtx,Audit success,0,"{""EventData"":{""Data"":[{""@Name"":""SubjectUserSid"",""#text"":""S-1-5-18""},{""@Name"":""SubjectUserName"",""#text"":""37L4247F27-25$""},{""@Name"":""SubjectDomainName"",""#text"":""WORKGROUP""},{""@Name"":""SubjectLogonId"",""#text"":""0x3E7""},{""@Name"":""TargetUserSid"",""#text"":""S-1-5-18""},{""@Name"":""TargetUserName"",""#text"":""SYSTEM""},{""@Name"":""TargetDomainName"",""#text"":""NT AUTHORITY""},{""@Name"":""TargetLogonId"",""#text"":""0x3E7""},{""@Name"":""LogonType"",""#text"":""5""},{""@Name"":""LogonProcessName"",""#text"":""Advapi  ""},{""@Name"":""AuthenticationPackageName"",""#text"":""Negotiate""},{""@Name"":""WorkstationName""},{""@Name"":""LogonGuid"",""#text"":""00000000-0000-0000-0000-000000000000""},{""@Name"":""TransmittedServices"",""#text"":""-""},{""@Name"":""LmPackageName"",""#text"":""-""},{""@Name"":""KeyLength"",""#text"":""0""},{""@Name"":""ProcessId"",""#text"":""0x1C0""},{""@Name"":""ProcessName"",""#text"":""C:\\Windows\\System32\\services.exe""},{""@Name"":""IpAddress"",""#text"":""-""},{""@Name"":""IpPort"",""#text"":""-""}]}}"
23,23,2024-05-27 02:36:41.609375+00:00,4672,LogAlways,Microsoft-Windows-Security-Auditing,Security,460,508,37L4247F27-25,0,,Administrative logon,NT AUTHORITY\SYSTEM (S-1-5-18),,"PrivilegeList: SeAssignPrimaryTokenPrivilege, SeTcbPrivilege, SeSecurityPrivilege, SeTakeOwnershipPrivilege, SeLoadDriverPrivilege, SeBackupPrivilege, SeRestorePrivilege, SeDebugPrivilege, SeAuditPrivilege, SeSystemEnvironmentPrivilege, SeImpersonatePrivilege",LogonId: 0x3E7,,,,,,False,C:\Users\BRIANNA\OneDrive\Documents\GitHub\NSSECU3_MP2\win7_files\Logs\Security.evtx,Audit success,0,"{""EventData"":{""Data"":[{""@Name"":""SubjectUserSid"",""#text"":""S-1-5-18""},{""@Name"":""SubjectUserName"",""#text"":""SYSTEM""},{""@Name"":""SubjectDomainName"",""#text"":""NT AUTHORITY""},{""@Name"":""SubjectLogonId"",""#text"":""0x3E7""},{""@Name"":""PrivilegeList"",""#text"":""SeAssignPrimaryTokenPrivilege, SeTcbPrivilege, SeSecurityPrivilege, SeTakeOwnershipPrivilege, SeLoadDriverPrivilege, SeBackupPrivilege, SeRestorePrivilege, SeDebugPrivilege, SeAuditPrivilege, SeSystemEnvironmentPrivilege, SeImpersonatePrivilege""}]}}"
24,24,2024-05-27 02:36:41.625000+00:00,4624,LogAlways,Microsoft-Windows-Security-Auditing,Security,460,508,37L4247F27-25,0,,Successful logon,WORKGROUP\37L4247F27-25$, (-),Target: NT AUTHORITY\SYSTEM,LogonType 5,LogonId: 0x3E7,AuthenticationPackageName: Negotiate,LogonProcessName: Advapi  ,,C:\Windows\System32\services.exe,False,C:\Users\BRIANNA\OneDrive\Documents\GitHub\NSSECU3_MP2\win7_files\Logs\Security.evtx,Audit success,0,"{""EventData"":{""Data"":[{""@Name"":""SubjectUserSid"",""#text"":""S-1-5-18""},{""@Name"":""SubjectUserName"",""#text"":""37L4247F27-25$""},{""@Name"":""SubjectDomainName"",""#text"":""WORKGROUP""},{""@Name"":""SubjectLogonId"",""#text"":""0x3E7""},{""@Name"":""TargetUserSid"",""#text"":""S-1-5-18""},{""@Name"":""TargetUserName"",""#text"":""SYSTEM""},{""@Name"":""TargetDomainName"",""#text"":""NT AUTHORITY""},{""@Name"":""TargetLogonId"",""#text"":""0x3E7""},{""@Name"":""LogonType"",""#text"":""5""},{""@Name"":""LogonProcessName"",""#text"":""Advapi  ""},{""@Name"":""AuthenticationPackageName"",""#text"":""Negotiate""},{""@Name"":""WorkstationName""},{""@Name"":""LogonGuid"",""#text"":""00000000-0000-0000-0000-000000000000""},{""@Name"":""TransmittedServices"",""#text"":""-""},{""@Name"":""LmPackageName"",""#text"":""-""},{""@Name"":""KeyLength"",""#text"":""0""},{""@Name"":""ProcessId"",""#text"":""0x1C0""},{""@Name"":""ProcessName"",""#text"":""C:\\Windows\\System32\\services.exe""},{""@Name"":""IpAddress"",""#text"":""-""},{""@Name"":""IpPort"",""#text"":""-""}]}}"
25,25,2024-05-27 02:36:41.625000+00:00,4672,LogAlways,Microsoft-Windows-Security-Auditing,Security,460,508,37L4247F27-25,0,,Administrative logon,NT AUTHORITY\SYSTEM (S-1-5-18),,"PrivilegeList: SeAssignPrimaryTokenPrivilege, SeTcbPrivilege, SeSecurityPrivilege, SeTakeOwnershipPrivilege, SeLoadDriverPrivilege, SeBackupPrivilege, SeRestorePrivilege, SeDebugPrivilege, SeAuditPrivilege, SeSystemEnvironmentPrivilege, SeImpersonatePrivilege",LogonId: 0x3E7,,,,,,False,C:\Users\BRIANNA\OneDrive\Documents\GitHub\NSSECU3_MP2\win7_files\Logs\Security.evtx,Audit success,0,"{""EventData"":{""Data"":[{""@Name"":""SubjectUserSid"",""#text"":""S-1-5-18""},{""@Name"":""SubjectUserName"",""#text"":""SYSTEM""},{""@Name"":""SubjectDomainName"",""#text"":""NT AUTHORITY""},{""@Name"":""SubjectLogonId"",""#text"":""0x3E7""},{""@Name"":""PrivilegeList"",""#text"":""SeAssignPrimaryTokenPrivilege, SeTcbPrivilege, SeSecurityPrivilege, SeTakeOwnershipPrivilege, SeLoadDriverPrivilege, SeBackupPrivilege, SeRestorePrivilege, SeDebugPrivilege, SeAuditPrivilege, SeSystemEnvironmentPrivilege, SeImpersonatePrivilege""}]}}"
82,82,2024-05-27 02:36:41.687500+00:00,7036,Info,Service Control Manager,System,448,536,37L4247F27-25,0,,Service started or stopped,,,Name: Multimedia Class Scheduler | Multimedia Class Scheduler,Status: running,,,,,,False,C:\Users\BRIANNA\OneDrive\Documents\GitHub\NSSECU3_MP2\win7_files\Logs\System.evtx,"Audit success, classic",0,"{""EventData"":{""Data"":[{""@Name"":""param1"",""#text"":""Multimedia Class Scheduler""},{""@Name"":""param2"",""#text"":""running""}],""Binary"":""4D-00-4D-00-43-00-53-00-53-00-2F-00-34-00-00-00""}}"
83,83,2024-05-27 02:36:41.796875+00:00,7036,Info,Service Control Manager,System,448,536,37L4247F27-25,0,,Service started or stopped,,,Name: Windows Audio Endpoint Builder | Windows Audio Endpoint Builder,Status: running,,,,,,False,C:\Users\BRIANNA\OneDrive\Documents\GitHub\NSSECU3_MP2\win7_files\Logs\System.evtx,"Audit success, classic",0,"{""EventData"":{""Data"":[{""@Name"":""param1"",""#text"":""Windows Audio Endpoint Builder""},{""@Name"":""param2"",""#text"":""running""}],""Binary"":""41-00-75-00-64-00-69-00-6F-00-45-00-6E-00-64-00-70-00-6F-00-69-00-6E-00-74-00-42-00-75-00-69-00-6C-00-64-00-65-00-72-00-2F-00-34-00-00-00""}}"
26,26,2024-05-27 02:36:41.843750+00:00,4624,LogAlways,Microsoft-Windows-Security-Auditing,Security,460,512,37L4247F27-25,0,,Successful logon,WORKGROUP\37L4247F27-25$, (-),Target: NT AUTHORITY\SYSTEM,LogonType 5,LogonId: 0x3E7,AuthenticationPackageName: Negotiate,LogonProcessName: Advapi  ,,C:\Windows\System32\services.exe,False,C:\Users\BRIANNA\OneDrive\Documents\GitHub\NSSECU3_MP2\win7_files\Logs\Security.evtx,Audit success,0,"{""EventData"":{""Data"":[{""@Name"":""SubjectUserSid"",""#text"":""S-1-5-18""},{""@Name"":""SubjectUserName"",""#text"":""37L4247F27-25$""},{""@Name"":""SubjectDomainName"",""#text"":""WORKGROUP""},{""@Name"":""SubjectLogonId"",""#text"":""0x3E7""},{""@Name"":""TargetUserSid"",""#text"":""S-1-5-18""},{""@Name"":""TargetUserName"",""#text"":""SYSTEM""},{""@Name"":""TargetDomainName"",""#text"":""NT AUTHORITY""},{""@Name"":""TargetLogonId"",""#text"":""0x3E7""},{""@Name"":""LogonType"",""#text"":""5""},{""@Name"":""LogonProcessName"",""#text"":""Advapi  ""},{""@Name"":""AuthenticationPackageName"",""#text"":""Negotiate""},{""@Name"":""WorkstationName""},{""@Name"":""LogonGuid"",""#text"":""00000000-0000-0000-0000-000000000000""},{""@Name"":""TransmittedServices"",""#text"":""-""},{""@Name"":""LmPackageName"",""#text"":""-""},{""@Name"":""KeyLength"",""#text"":""0""},{""@Name"":""ProcessId"",""#text"":""0x1C0""},{""@Name"":""ProcessName"",""#text"":""C:\\Windows\\System32\\services.exe""},{""@Name"":""IpAddress"",""#text"":""-""},{""@Name"":""IpPort"",""#text"":""-""}]}}"
84,84,2024-05-27 02:36:41.843750+00:00,7036,Info,Service Control Manager,System,448,536,37L4247F27-25,0,,Service started or stopped,,,Name: Windows Audio | Windows Audio,Status: running,,,,,,False,C:\Users\BRIANNA\OneDrive\Documents\GitHub\NSSECU3_MP2\win7_files\Logs\System.evtx,"Audit success, classic",0,"{""EventData"":{""Data"":[{""@Name"":""param1"",""#text"":""Windows Audio""},{""@Name"":""param2"",""#text"":""running""}],""Binary"":""41-00-75-00-64-00-69-00-6F-00-53-00-72-00-76-00-2F-00-34-00-00-00""}}"
27,27,2024-05-27 02:36:41.843750+00:00,4672,LogAlways,Microsoft-Windows-Security-Auditing,Security,460,512,37L4247F27-25,0,,Administrative logon,NT AUTHORITY\SYSTEM (S-1-5-18),,"PrivilegeList: SeAssignPrimaryTokenPrivilege, SeTcbPrivilege, SeSecurityPrivilege, SeTakeOwnershipPrivilege, SeLoadDriverPrivilege, SeBackupPrivilege, SeRestorePrivilege, SeDebugPrivilege, SeAuditPrivilege, SeSystemEnvironmentPrivilege, SeImpersonatePrivilege",LogonId: 0x3E7,,,,,,False,C:\Users\BRIANNA\OneDrive\Documents\GitHub\NSSECU3_MP2\win7_files\Logs\Security.evtx,Audit success,0,"{""EventData"":{""Data"":[{""@Name"":""SubjectUserSid"",""#text"":""S-1-5-18""},{""@Name"":""SubjectUserName"",""#text"":""SYSTEM""},{""@Name"":""SubjectDomainName"",""#text"":""NT AUTHORITY""},{""@Name"":""SubjectLogonId"",""#text"":""0x3E7""},{""@Name"":""PrivilegeList"",""#text"":""SeAssignPrimaryTokenPrivilege, SeTcbPrivilege, SeSecurityPrivilege, SeTakeOwnershipPrivilege, SeLoadDriverPrivilege, SeBackupPrivilege, SeRestorePrivilege, SeDebugPrivilege, SeAuditPrivilege, SeSystemEnvironmentPrivilege, SeImpersonatePrivilege""}]}}"
2,2,2024-05-27 02:36:42+00:00,4625,Info,Microsoft-Windows-EventSystem,Application,0,0,37L4247F27-25,0,,,,,,,,,,,,False,C:\Users\BRIANNA\OneDrive\Documents\GitHub\NSSECU3_MP2\win7_files\Logs\Application.evtx,0x80000000000000,0,"{""EventData"":{""Data"":[{""@Name"":""param1"",""#text"":""86400""},{""@Name"":""param2"",""#text"":""SuppressDuplicateDuration""},{""@Name"":""param3"",""#text"":""Software\\Microsoft\\EventSystem\\EventLog""}]}}"
85,85,2024-05-27 02:36:42.156250+00:00,7036,Info,Service Control Manager,System,448,536,37L4247F27-25,0,,Service started or stopped,,,Name: Themes | Themes,Status: running,,,,,,False,C:\Users\BRIANNA\OneDrive\Documents\GitHub\NSSECU3_MP2\win7_files\Logs\System.evtx,"Audit success, classic",0,"{""EventData"":{""Data"":[{""@Name"":""param1"",""#text"":""Themes""},{""@Name"":""param2"",""#text"":""running""}],""Binary"":""54-00-68-00-65-00-6D-00-65-00-73-00-2F-00-34-00-00-00""}}"
86,86,2024-05-27 02:36:42.265625+00:00,7036,Info,Service Control Manager,System,448,556,37L4247F27-25,0,,Service started or stopped,,,Name: Group Policy Client | Group Policy Client,Status: running,,,,,,False,C:\Users\BRIANNA\OneDrive\Documents\GitHub\NSSECU3_MP2\win7_files\Logs\System.evtx,"Audit success, classic",0,"{""EventData"":{""Data"":[{""@Name"":""param1"",""#text"":""Group Policy Client""},{""@Name"":""param2"",""#text"":""running""}],""Binary"":""67-00-70-00-73-00-76-00-63-00-2F-00-34-00-00-00""}}"
3,3,2024-05-27 02:36:42.281250+00:00,1531,Info,Microsoft-Windows-User Profiles Service,Application,868,940,37L4247F27-25,0,S-1-5-18,,,,,,,,,,,False,C:\Users\BRIANNA\OneDrive\Documents\GitHub\NSSECU3_MP2\win7_files\Logs\Application.evtx,Classic,0,"{""EventData"":""""}"
1,1,2024-05-27 02:36:42.281250+00:00,5320,Info,Microsoft-Windows-GroupPolicy,Microsoft-Windows-GroupPolicy/Operational,868,884,37L4247F27-25,0,S-1-5-18,,,,,,,,,,,False,C:\Users\BRIANNA\OneDrive\Documents\GitHub\NSSECU3_MP2\win7_files\Logs\Microsoft-Windows-GroupPolicy_4Operational.evtx,0x4000000000000000,0,"{""EventData"":{""Data"":{""@Name"":""InfoDescription"",""#text"":""%%4168""}}}"
4,4,2024-05-27 02:36:42.281250+00:00,5321,Info,Microsoft-Windows-GroupPolicy,Microsoft-Windows-GroupPolicy/Operational,868,884,37L4247F27-25,0,S-1-5-18,,,,,,,,,,,False,C:\Users\BRIANNA\OneDrive\Documents\GitHub\NSSECU3_MP2\win7_files\Logs\Microsoft-Windows-GroupPolicy_4Operational.evtx,0x4000000000000000,0,"{""EventData"":{""Data"":[{""@Name"":""InfoDescription"",""#text"":""%%4167""},{""@Name"":""OperationParameter1"",""#text"":""d2ee73d6-6777-462a-aef0-142544249d9b""}]}}"
3,3,2024-05-27 02:36:42.281250+00:00,5320,Info,Microsoft-Windows-GroupPolicy,Microsoft-Windows-GroupPolicy/Operational,868,884,37L4247F27-25,0,S-1-5-18,,,,,,,,,,,False,C:\Users\BRIANNA\OneDrive\Documents\GitHub\NSSECU3_MP2\win7_files\Logs\Microsoft-Windows-GroupPolicy_4Operational.evtx,0x4000000000000000,0,"{""EventData"":{""Data"":{""@Name"":""InfoDescription"",""#text"":""%%4166""}}}"
87,87,2024-05-27 02:36:42.281250+00:00,7036,Info,Service Control Manager,System,448,556,37L4247F27-25,0,,Service started or stopped,,,Name: User Profile Service | User Profile Service,Status: running,,,,,,False,C:\Users\BRIANNA\OneDrive\Documents\GitHub\NSSECU3_MP2\win7_files\Logs\System.evtx,"Audit success, classic",0,"{""EventData"":{""Data"":[{""@Name"":""param1"",""#text"":""User Profile Service""},{""@Name"":""param2"",""#text"":""running""}],""Binary"":""50-00-72-00-6F-00-66-00-53-00-76-00-63-00-2F-00-34-00-00-00""}}"
2,2,2024-05-27 02:36:42.281250+00:00,5320,Info,Microsoft-Windows-GroupPolicy,Microsoft-Windows-GroupPolicy/Operational,868,884,37L4247F27-25,0,S-1-5-18,,,,,,,,,,,False,C:\Users\BRIANNA\OneDrive\Documents\GitHub\NSSECU3_MP2\win7_files\Logs\Microsoft-Windows-GroupPolicy_4Operational.evtx,0x4000000000000000,0,"{""EventData"":{""Data"":{""@Name"":""InfoDescription"",""#text"":""%%4160""}}}"
88,88,2024-05-27 02:36:42.453125+00:00,7036,Info,Service Control Manager,System,448,556,37L4247F27-25,0,,Service started or stopped,,,Name: COM+ Event System | COM+ Event System,Status: running,,,,,,False,C:\Users\BRIANNA\OneDrive\Documents\GitHub\NSSECU3_MP2\win7_files\Logs\System.evtx,"Audit success, classic",0,"{""EventData"":{""Data"":[{""@Name"":""param1"",""#text"":""COM+ Event System""},{""@Name"":""param2"",""#text"":""running""}],""Binary"":""45-00-76-00-65-00-6E-00-74-00-53-00-79-00-73-00-74-00-65-00-6D-00-2F-00-34-00-00-00""}}"
89,89,2024-05-27 02:36:42.531250+00:00,7036,Info,Service Control Manager,System,448,556,37L4247F27-25,0,,Service started or stopped,,,Name: System Event Notification Service | System Event Notification Service,Status: running,,,,,,False,C:\Users\BRIANNA\OneDrive\Documents\GitHub\NSSECU3_MP2\win7_files\Logs\System.evtx,"Audit success, classic",0,"{""EventData"":{""Data"":[{""@Name"":""param1"",""#text"":""System Event Notification Service""},{""@Name"":""param2"",""#text"":""running""}],""Binary"":""53-00-45-00-4E-00-53-00-2F-00-34-00-00-00""}}"
90,90,2024-05-27 02:36:42.562500+00:00,7036,Info,Service Control Manager,System,448,556,37L4247F27-25,0,,Service started or stopped,,,Name: Offline Files | Offline Files,Status: running,,,,,,False,C:\Users\BRIANNA\OneDrive\Documents\GitHub\NSSECU3_MP2\win7_files\Logs\System.evtx,"Audit success, classic",0,"{""EventData"":{""Data"":[{""@Name"":""param1"",""#text"":""Offline Files""},{""@Name"":""param2"",""#text"":""running""}],""Binary"":""43-00-73-00-63-00-53-00-65-00-72-00-76-00-69-00-63-00-65-00-2F-00-34-00-00-00""}}"
1,1,2024-05-27 02:36:42.562500+00:00,1,Info,Microsoft-Windows-OfflineFiles,Microsoft-Windows-OfflineFiles/Operational,844,932,37L4247F27-25,0,S-1-5-18,,,,,,,,,,,False,C:\Users\BRIANNA\OneDrive\Documents\GitHub\NSSECU3_MP2\win7_files\Logs\Microsoft-Windows-OfflineFiles_4Operational.evtx,0x4000000000000010,0,"{""EventData"":""""}"
1,1,2024-05-27 02:36:42.578125+00:00,3005,Info,Microsoft-Windows-BranchCacheSMB,Microsoft-Windows-BranchCacheSMB/Operational,844,860,37L4247F27-25,0,S-1-5-18,,,,,,,,,,,False,C:\Users\BRIANNA\OneDrive\Documents\GitHub\NSSECU3_MP2\win7_files\Logs\Microsoft-Windows-BranchCacheSMB_4Operational.evtx,0x8000000000000800,0,"{""UserData"":{""CounterSummary"":{""ServiceActiveTimeInSeconds"":""0"",""SMBBranchCacheBytesRequested"":""0"",""SMBBranchCacheBytesReceived"":""0"",""SMBBranchCacheBytesPublished"":""0"",""SMBBranchCacheBytesRequestedFromServer"":""0"",""SMBBranchCacheHashesRequested"":""0"",""SMBBranchCacheHashesReceived"":""0"",""SMBBranchCacheHashBytesReceived"":""0"",""PrefetchOperationsQueued"":""0"",""PrefetchBytesReadFromCache"":""0"",""PrefetchBytesReadFromServer"":""0"",""ApplicationBytesReadFromCache"":""0"",""ApplicationBytesReadFromServer"":""0"",""ApplicationBytesReadFromServerNotCached"":""0""}}}"
91,91,2024-05-27 02:36:43.109375+00:00,7036,Info,Service Control Manager,System,448,536,37L4247F27-25,0,,Service started or stopped,,,Name: Windows Modules Installer | Windows Modules Installer,Status: running,,,,,,False,C:\Users\BRIANNA\OneDrive\Documents\GitHub\NSSECU3_MP2\win7_files\Logs\System.evtx,"Audit success, classic",0,"{""EventData"":{""Data"":[{""@Name"":""param1"",""#text"":""Windows Modules Installer""},{""@Name"":""param2"",""#text"":""running""}],""Binary"":""54-00-72-00-75-00-73-00-74-00-65-00-64-00-49-00-6E-00-73-00-74-00-61-00-6C-00-6C-00-65-00-72-00-2F-00-34-00-00-00""}}"
93,93,2024-05-27 02:36:43.125000+00:00,7036,Info,Service Control Manager,System,448,536,37L4247F27-25,0,,Service started or stopped,,,Name: Security Accounts Manager | Security Accounts Manager,Status: running,,,,,,False,C:\Users\BRIANNA\OneDrive\Documents\GitHub\NSSECU3_MP2\win7_files\Logs\System.evtx,"Audit success, classic",0,"{""EventData"":{""Data"":[{""@Name"":""param1"",""#text"":""Security Accounts Manager""},{""@Name"":""param2"",""#text"":""running""}],""Binary"":""53-00-61-00-6D-00-53-00-73-00-2F-00-34-00-00-00""}}"
92,92,2024-05-27 02:36:43.125000+00:00,7036,Info,Service Control Manager,System,448,536,37L4247F27-25,0,,Service started or stopped,,,Name: Desktop Window Manager Session Manager | Desktop Window Manager Session Manager,Status: running,,,,,,False,C:\Users\BRIANNA\OneDrive\Documents\GitHub\NSSECU3_MP2\win7_files\Logs\System.evtx,"Audit success, classic",0,"{""EventData"":{""Data"":[{""@Name"":""param1"",""#text"":""Desktop Window Manager Session Manager""},{""@Name"":""param2"",""#text"":""running""}],""Binary"":""55-00-78-00-53-00-6D-00-73-00-2F-00-34-00-00-00""}}"
94,94,2024-05-27 02:36:43.156250+00:00,7036,Info,Service Control Manager,System,448,536,37L4247F27-25,0,,Service started or stopped,,,Name: Network Store Interface Service | Network Store Interface Service,Status: running,,,,,,False,C:\Users\BRIANNA\OneDrive\Documents\GitHub\NSSECU3_MP2\win7_files\Logs\System.evtx,"Audit success, classic",0,"{""EventData"":{""Data"":[{""@Name"":""param1"",""#text"":""Network Store Interface Service""},{""@Name"":""param2"",""#text"":""running""}],""Binary"":""6E-00-73-00-69-00-2F-00-34-00-00-00""}}"
95,95,2024-05-27 02:36:43.171875+00:00,7036,Info,Service Control Manager,System,448,536,37L4247F27-25,0,,Service started or stopped,,,Name: TCP/IP NetBIOS Helper | TCP/IP NetBIOS Helper,Status: running,,,,,,False,C:\Users\BRIANNA\OneDrive\Documents\GitHub\NSSECU3_MP2\win7_files\Logs\System.evtx,"Audit success, classic",0,"{""EventData"":{""Data"":[{""@Name"":""param1"",""#text"":""TCP/IP NetBIOS Helper""},{""@Name"":""param2"",""#text"":""running""}],""Binary"":""6C-00-6D-00-68-00-6F-00-73-00-74-00-73-00-2F-00-34-00-00-00""}}"
96,96,2024-05-27 02:36:43.171875+00:00,50036,Info,Microsoft-Windows-Dhcp-Client,System,812,288,37L4247F27-25,0,S-1-5-19,,,,,,,,,,,False,C:\Users\BRIANNA\OneDrive\Documents\GitHub\NSSECU3_MP2\win7_files\Logs\System.evtx,0x2000000000000000,0,"{""EventData"":""""}"
