19,19,2025-02-03 15:05:32.530500+00:00,2005,Info,Microsoft-Windows-Reliability-Analysis-Engine,Microsoft-Windows-ReliabilityAnalysisComponent/Operational,2272,2312,win7,0,S-1-5-19,,,,,,,,,,,False,C:\Users\BRIANNA\OneDrive\Documents\GitHub\NSSECU3_MP2\win7_files\Logs\Microsoft-Windows-ReliabilityAnalysisComponent_4Operational.evtx,0x8000000000001000,0,"{""UserData"":{""ProcessInfo"":{""Stability"":""7.473"",""Date"":""2025-01-29 00:00:00.0000000""}}}"
20,20,2025-02-03 15:05:32.780500+00:00,2005,Info,Microsoft-Windows-Reliability-Analysis-Engine,Microsoft-Windows-ReliabilityAnalysisComponent/Operational,2272,2312,win7,0,S-1-5-19,,,,,,,,,,,False,C:\Users\BRIANNA\OneDrive\Documents\GitHub\NSSECU3_MP2\win7_files\Logs\Microsoft-Windows-ReliabilityAnalysisComponent_4Operational.evtx,0x8000000000001000,0,"{""UserData"":{""ProcessInfo"":{""Stability"":""7.473"",""Date"":""2025-01-30 00:00:00.0000000""}}}"
21,21,2025-02-03 15:05:32.952375+00:00,2005,Info,Microsoft-Windows-Reliability-Analysis-Engine,Microsoft-Windows-ReliabilityAnalysisComponent/Operational,2272,2312,win7,0,S-1-5-19,,,,,,,,,,,False,C:\Users\BRIANNA\OneDrive\Documents\GitHub\NSSECU3_MP2\win7_files\Logs\Microsoft-Windows-ReliabilityAnalysisComponent_4Operational.evtx,0x8000000000001000,0,"{""UserData"":{""ProcessInfo"":{""Stability"":""7.473"",""Date"":""2025-01-31 00:00:00.0000000""}}}"
1,1,2025-02-03 15:05:54.936750+00:00,3024,Warning,Microsoft-Windows-CodeIntegrity,Microsoft-Windows-CodeIntegrity/Operational,4,48,win7,0,S-1-5-18,,,,,,,,,,,False,C:\Users\BRIANNA\OneDrive\Documents\GitHub\NSSECU3_MP2\win7_files\Logs\Microsoft-Windows-CodeIntegrity_4Operational.evtx,Classic,0,"{""EventData"":{""Data"":{""@Name"":""Status"",""#text"":""0xC0000034""}}}"
8,8,2025-02-03 15:06:32.625226500+00:00,3,Info,Microsoft-Windows-Bits-Client,Microsoft-Windows-Bits-Client/Operational,804,2616,win7,0,S-1-5-18,BITS service created a new job,,,jobTitle: ,jobId: ,,,,,,False,C:\Users\BRIANNA\OneDrive\Documents\GitHub\NSSECU3_MP2\win7_files\Logs\Microsoft-Windows-Bits-Client_4Operational.evtx,0x4000000000000000,0,"{""EventData"":{""Data"":[{""@Name"":""string"",""#text"":""MozillaUpdate 308046B0AF4A39CB""},{""@Name"":""string2"",""#text"":""win7\\student""},{""@Name"":""string3""}]}}"
452,452,2025-02-03 15:06:33.828351500+00:00,4107,Error,Microsoft-Windows-CAPI2,Application,112,260,win7,4,,,,,,,,,,,,False,C:\Users\BRIANNA\OneDrive\Documents\GitHub\NSSECU3_MP2\win7_files\Logs\Application.evtx,"Audit success, classic",0,"{""EventData"":{""Data"":""http://www.download.windowsupdate.com/msdownload/update/v3/static/trustedr/en/authrootstl.cab, A required certificate is not within its validity period when verifying against the current system clock or the timestamp in the signed file.\n"",""Binary"":""""}}"
453,453,2025-02-03 15:06:34.093976500+00:00,4107,Error,Microsoft-Windows-CAPI2,Application,112,260,win7,4,,,,,,,,,,,,False,C:\Users\BRIANNA\OneDrive\Documents\GitHub\NSSECU3_MP2\win7_files\Logs\Application.evtx,"Audit success, classic",0,"{""EventData"":{""Data"":""http://www.download.windowsupdate.com/msdownload/update/v3/static/trustedr/en/authrootstl.cab, A required certificate is not within its validity period when verifying against the current system clock or the timestamp in the signed file.\n"",""Binary"":""""}}"
454,454,2025-02-03 15:06:34.109601500+00:00,4107,Error,Microsoft-Windows-CAPI2,Application,112,260,win7,4,,,,,,,,,,,,False,C:\Users\BRIANNA\OneDrive\Documents\GitHub\NSSECU3_MP2\win7_files\Logs\Application.evtx,"Audit success, classic",0,"{""EventData"":{""Data"":""http://www.download.windowsupdate.com/msdownload/update/v3/static/trustedr/en/authrootstl.cab, A required certificate is not within its validity period when verifying against the current system clock or the timestamp in the signed file.\n"",""Binary"":""""}}"
455,455,2025-02-03 15:06:34.218976500+00:00,4107,Error,Microsoft-Windows-CAPI2,Application,112,260,win7,4,,,,,,,,,,,,False,C:\Users\BRIANNA\OneDrive\Documents\GitHub\NSSECU3_MP2\win7_files\Logs\Application.evtx,"Audit success, classic",0,"{""EventData"":{""Data"":""http://www.download.windowsupdate.com/msdownload/update/v3/static/trustedr/en/authrootstl.cab, A required certificate is not within its validity period when verifying against the current system clock or the timestamp in the signed file.\n"",""Binary"":""""}}"
456,456,2025-02-03 15:06:34.218976500+00:00,4107,Error,Microsoft-Windows-CAPI2,Application,112,260,win7,4,,,,,,,,,,,,False,C:\Users\BRIANNA\OneDrive\Documents\GitHub\NSSECU3_MP2\win7_files\Logs\Application.evtx,"Audit success, classic",0,"{""EventData"":{""Data"":""http://www.download.windowsupdate.com/msdownload/update/v3/static/trustedr/en/authrootstl.cab, A required certificate is not within its validity period when verifying against the current system clock or the timestamp in the signed file.\n"",""Binary"":""""}}"
457,457,2025-02-03 15:06:34.312726500+00:00,4107,Error,Microsoft-Windows-CAPI2,Application,112,260,win7,4,,,,,,,,,,,,False,C:\Users\BRIANNA\OneDrive\Documents\GitHub\NSSECU3_MP2\win7_files\Logs\Application.evtx,"Audit success, classic",0,"{""EventData"":{""Data"":""http://www.download.windowsupdate.com/msdownload/update/v3/static/trustedr/en/authrootstl.cab, A required certificate is not within its validity period when verifying against the current system clock or the timestamp in the signed file.\n"",""Binary"":""""}}"
458,458,2025-02-03 15:06:34.343976500+00:00,4107,Error,Microsoft-Windows-CAPI2,Application,112,260,win7,4,,,,,,,,,,,,False,C:\Users\BRIANNA\OneDrive\Documents\GitHub\NSSECU3_MP2\win7_files\Logs\Application.evtx,"Audit success, classic",0,"{""EventData"":{""Data"":""http://www.download.windowsupdate.com/msdownload/update/v3/static/trustedr/en/authrootstl.cab, A required certificate is not within its validity period when verifying against the current system clock or the timestamp in the signed file.\n"",""Binary"":""""}}"
459,459,2025-02-03 15:06:34.422101500+00:00,4107,Error,Microsoft-Windows-CAPI2,Application,112,260,win7,4,,,,,,,,,,,,False,C:\Users\BRIANNA\OneDrive\Documents\GitHub\NSSECU3_MP2\win7_files\Logs\Application.evtx,"Audit success, classic",0,"{""EventData"":{""Data"":""http://www.download.windowsupdate.com/msdownload/update/v3/static/trustedr/en/authrootstl.cab, A required certificate is not within its validity period when verifying against the current system clock or the timestamp in the signed file.\n"",""Binary"":""""}}"
460,460,2025-02-03 15:06:34.437726500+00:00,4107,Error,Microsoft-Windows-CAPI2,Application,112,260,win7,4,,,,,,,,,,,,False,C:\Users\BRIANNA\OneDrive\Documents\GitHub\NSSECU3_MP2\win7_files\Logs\Application.evtx,"Audit success, classic",0,"{""EventData"":{""Data"":""http://www.download.windowsupdate.com/msdownload/update/v3/static/trustedr/en/authrootstl.cab, A required certificate is not within its validity period when verifying against the current system clock or the timestamp in the signed file.\n"",""Binary"":""""}}"
461,461,2025-02-03 15:06:34.531476500+00:00,4107,Error,Microsoft-Windows-CAPI2,Application,112,260,win7,4,,,,,,,,,,,,False,C:\Users\BRIANNA\OneDrive\Documents\GitHub\NSSECU3_MP2\win7_files\Logs\Application.evtx,"Audit success, classic",0,"{""EventData"":{""Data"":""http://www.download.windowsupdate.com/msdownload/update/v3/static/trustedr/en/authrootstl.cab, A required certificate is not within its validity period when verifying against the current system clock or the timestamp in the signed file.\n"",""Binary"":""""}}"
462,462,2025-02-03 15:06:34.547101500+00:00,4107,Error,Microsoft-Windows-CAPI2,Application,112,260,win7,4,,,,,,,,,,,,False,C:\Users\BRIANNA\OneDrive\Documents\GitHub\NSSECU3_MP2\win7_files\Logs\Application.evtx,"Audit success, classic",0,"{""EventData"":{""Data"":""http://www.download.windowsupdate.com/msdownload/update/v3/static/trustedr/en/authrootstl.cab, A required certificate is not within its validity period when verifying against the current system clock or the timestamp in the signed file.\n"",""Binary"":""""}}"
463,463,2025-02-03 15:06:34.640851500+00:00,4107,Error,Microsoft-Windows-CAPI2,Application,112,256,win7,4,,,,,,,,,,,,False,C:\Users\BRIANNA\OneDrive\Documents\GitHub\NSSECU3_MP2\win7_files\Logs\Application.evtx,"Audit success, classic",0,"{""EventData"":{""Data"":""http://www.download.windowsupdate.com/msdownload/update/v3/static/trustedr/en/authrootstl.cab, A required certificate is not within its validity period when verifying against the current system clock or the timestamp in the signed file.\n"",""Binary"":""""}}"
464,464,2025-02-03 15:06:39+00:00,0,Info,Firefox Default Browser Agent,Application,0,0,win7,4,,,,,,,,,,,,False,C:\Users\BRIANNA\OneDrive\Documents\GitHub\NSSECU3_MP2\win7_files\Logs\Application.evtx,0x80000000000000,0,"{""EventData"":{""Data"":""INFO - Using remote settings URL: https://firefox.settings.services.mozilla.com/v1/buckets/main/collections/windows-default-browser-agent/records/state"",""Binary"":""""}}"
465,465,2025-02-03 15:06:39+00:00,0,Info,Firefox Default Browser Agent,Application,0,0,win7,4,,,,,,,,,,,,False,C:\Users\BRIANNA\OneDrive\Documents\GitHub\NSSECU3_MP2\win7_files\Logs\Application.evtx,0x80000000000000,0,"{""EventData"":{""Data"":""INFO - Using HTTP backend wininet.dll"",""Binary"":""""}}"
466,466,2025-02-03 15:06:39.707257800+00:00,4107,Error,Microsoft-Windows-CAPI2,Application,112,260,win7,4,,,,,,,,,,,,False,C:\Users\BRIANNA\OneDrive\Documents\GitHub\NSSECU3_MP2\win7_files\Logs\Application.evtx,"Audit success, classic",0,"{""EventData"":{""Data"":""http://www.download.windowsupdate.com/msdownload/update/v3/static/trustedr/en/authrootstl.cab, A required certificate is not within its validity period when verifying against the current system clock or the timestamp in the signed file.\n"",""Binary"":""""}}"
469,469,2025-02-03 15:06:39.879132800+00:00,4107,Error,Microsoft-Windows-CAPI2,Application,112,260,win7,4,,,,,,,,,,,,False,C:\Users\BRIANNA\OneDrive\Documents\GitHub\NSSECU3_MP2\win7_files\Logs\Application.evtx,"Audit success, classic",0,"{""EventData"":{""Data"":""http://www.download.windowsupdate.com/msdownload/update/v3/static/trustedr/en/authrootstl.cab, A required certificate is not within its validity period when verifying against the current system clock or the timestamp in the signed file.\n"",""Binary"":""""}}"
470,470,2025-02-03 15:06:39.894757800+00:00,4107,Error,Microsoft-Windows-CAPI2,Application,112,260,win7,4,,,,,,,,,,,,False,C:\Users\BRIANNA\OneDrive\Documents\GitHub\NSSECU3_MP2\win7_files\Logs\Application.evtx,"Audit success, classic",0,"{""EventData"":{""Data"":""http://www.download.windowsupdate.com/msdownload/update/v3/static/trustedr/en/authrootstl.cab, A required certificate is not within its validity period when verifying against the current system clock or the timestamp in the signed file.\n"",""Binary"":""""}}"
471,471,2025-02-03 15:06:39.988507800+00:00,4107,Error,Microsoft-Windows-CAPI2,Application,112,260,win7,4,,,,,,,,,,,,False,C:\Users\BRIANNA\OneDrive\Documents\GitHub\NSSECU3_MP2\win7_files\Logs\Application.evtx,"Audit success, classic",0,"{""EventData"":{""Data"":""http://www.download.windowsupdate.com/msdownload/update/v3/static/trustedr/en/authrootstl.cab, A required certificate is not within its validity period when verifying against the current system clock or the timestamp in the signed file.\n"",""Binary"":""""}}"
472,472,2025-02-03 15:06:39.988507800+00:00,4107,Error,Microsoft-Windows-CAPI2,Application,112,260,win7,4,,,,,,,,,,,,False,C:\Users\BRIANNA\OneDrive\Documents\GitHub\NSSECU3_MP2\win7_files\Logs\Application.evtx,"Audit success, classic",0,"{""EventData"":{""Data"":""http://www.download.windowsupdate.com/msdownload/update/v3/static/trustedr/en/authrootstl.cab, A required certificate is not within its validity period when verifying against the current system clock or the timestamp in the signed file.\n"",""Binary"":""""}}"
467,467,2025-02-03 15:06:40+00:00,0,Error,Firefox Default Browser Agent,Application,0,0,win7,4,,,,,,,,,,,,False,C:\Users\BRIANNA\OneDrive\Documents\GitHub\NSSECU3_MP2\win7_files\Logs\Application.evtx,0x80000000000000,0,"{""EventData"":{""Data"":""ERROR - Error::WindowsError(12045) (HRESULT: 0x80072f0d)"",""Binary"":""""}}"
468,468,2025-02-03 15:06:40+00:00,12045,Error,Firefox Default Browser Agent,Application,0,0,win7,4,,,,,,,,,,,,False,C:\Users\BRIANNA\OneDrive\Documents\GitHub\NSSECU3_MP2\win7_files\Logs\Application.evtx,0x80000000000000,0,"{""EventData"":{""Data"":""0x80072F0D in IsAgentRemoteDisabledInternal:70"",""Binary"":""""}}"
473,473,2025-02-03 15:06:40.097882800+00:00,4107,Error,Microsoft-Windows-CAPI2,Application,112,260,win7,4,,,,,,,,,,,,False,C:\Users\BRIANNA\OneDrive\Documents\GitHub\NSSECU3_MP2\win7_files\Logs\Application.evtx,"Audit success, classic",0,"{""EventData"":{""Data"":""http://www.download.windowsupdate.com/msdownload/update/v3/static/trustedr/en/authrootstl.cab, A required certificate is not within its validity period when verifying against the current system clock or the timestamp in the signed file.\n"",""Binary"":""""}}"
474,474,2025-02-03 15:06:40.472882800+00:00,4107,Error,Microsoft-Windows-CAPI2,Application,112,260,win7,4,,,,,,,,,,,,False,C:\Users\BRIANNA\OneDrive\Documents\GitHub\NSSECU3_MP2\win7_files\Logs\Application.evtx,"Audit success, classic",0,"{""EventData"":{""Data"":""http://www.download.windowsupdate.com/msdownload/update/v3/static/trustedr/en/authrootstl.cab, A required certificate is not within its validity period when verifying against the current system clock or the timestamp in the signed file.\n"",""Binary"":""""}}"
18,18,2025-02-03 15:08:36.176007800+00:00,101,LogAlways,Microsoft-Windows-Windows Defender,Microsoft-Windows-Windows Defender/WHC,868,1876,win7,0,S-1-5-18,,,,,,,,,,,False,C:\Users\BRIANNA\OneDrive\Documents\GitHub\NSSECU3_MP2\win7_files\Logs\Microsoft-Windows-Windows Defender_4WHC.evtx,0x4000000000000000,0,"{""EventData"":{""Data"":{""@Name"":""hc_stateid"",""#text"":""7""}}}"
886,886,2025-02-03 15:12:59.660382800+00:00,7036,Info,Service Control Manager,System,460,2080,win7,5,,Service started or stopped,,,Name: WinHTTP Web Proxy Auto-Discovery Service | WinHTTP Web Proxy Auto-Discovery Service,Status: stopped,,,,,,False,C:\Users\BRIANNA\OneDrive\Documents\GitHub\NSSECU3_MP2\win7_files\Logs\System.evtx,"Audit success, classic",0,"{""EventData"":{""Data"":[{""@Name"":""param1"",""#text"":""WinHTTP Web Proxy Auto-Discovery Service""},{""@Name"":""param2"",""#text"":""stopped""}],""Binary"":""57-00-69-00-6E-00-48-00-74-00-74-00-70-00-41-00-75-00-74-00-6F-00-50-00-72-00-6F-00-78-00-79-00-53-00-76-00-63-00-2F-00-31-00-00-00""}}"
887,887,2025-02-03 15:19:32.207257800+00:00,7036,Info,Service Control Manager,System,460,2548,win7,5,,Service started or stopped,,,Name: Application Experience | Application Experience,Status: stopped,,,,,,False,C:\Users\BRIANNA\OneDrive\Documents\GitHub\NSSECU3_MP2\win7_files\Logs\System.evtx,"Audit success, classic",0,"{""EventData"":{""Data"":[{""@Name"":""param1"",""#text"":""Application Experience""},{""@Name"":""param2"",""#text"":""stopped""}],""Binary"":""41-00-65-00-4C-00-6F-00-6F-00-6B-00-75-00-70-00-53-00-76-00-63-00-2F-00-31-00-00-00""}}"
888,888,2025-02-03 15:26:33.660382800+00:00,7036,Info,Service Control Manager,System,460,1960,win7,5,,Service started or stopped,,,Name: SPP Notification Service | SPP Notification Service,Status: running,,,,,,False,C:\Users\BRIANNA\OneDrive\Documents\GitHub\NSSECU3_MP2\win7_files\Logs\System.evtx,"Audit success, classic",0,"{""EventData"":{""Data"":[{""@Name"":""param1"",""#text"":""SPP Notification Service""},{""@Name"":""param2"",""#text"":""running""}],""Binary"":""73-00-70-00-70-00-75-00-69-00-6E-00-6F-00-74-00-69-00-66-00-79-00-2F-00-34-00-00-00""}}"
889,889,2025-02-03 15:32:53.754132800+00:00,7036,Info,Service Control Manager,System,460,2900,win7,5,,Service started or stopped,,,Name: Application Experience | Application Experience,Status: running,,,,,,False,C:\Users\BRIANNA\OneDrive\Documents\GitHub\NSSECU3_MP2\win7_files\Logs\System.evtx,"Audit success, classic",0,"{""EventData"":{""Data"":[{""@Name"":""param1"",""#text"":""Application Experience""},{""@Name"":""param2"",""#text"":""running""}],""Binary"":""41-00-65-00-4C-00-6F-00-6F-00-6B-00-75-00-70-00-53-00-76-00-63-00-2F-00-34-00-00-00""}}"
2,2,2025-02-03 15:32:56.832257800+00:00,701,Info,Microsoft-Windows-Application-Experience,Microsoft-Windows-Application-Experience/Program-Telemetry,2108,2076,win7,0,S-1-5-18,,,,,,,,,,,False,C:\Users\BRIANNA\OneDrive\Documents\GitHub\NSSECU3_MP2\win7_files\Logs\Microsoft-Windows-Application-Experience_4Program-Telemetry.evtx,0x1000000000000000,0,"{""EventData"":""""}"
38,38,2025-02-03 15:32:57.988507800+00:00,903,Info,Microsoft-Windows-Application-Experience,Microsoft-Windows-Application-Experience/Program-Inventory,736,1732,win7,0,S-1-5-18,,,,,,,,,,,False,C:\Users\BRIANNA\OneDrive\Documents\GitHub\NSSECU3_MP2\win7_files\Logs\Microsoft-Windows-Application-Experience_4Program-Inventory.evtx,0x800000000000000,0,"{""UserData"":{""ProgramChangeInfoEvent"":{""Name"":""Mozilla Maintenance Service"",""Version"":""115.0.1"",""Publisher"":""Mozilla"",""Language"":"""",""Source"":""AddRemoveProgram"",""ProgramID"":""0000c361bbced39ed9efa86f297e2366dba60000ffff"",""FileInstanceID"":""0000d8ad54287df82fb26c3bdb138738baeeaa1a7989""}}}"
37,37,2025-02-03 15:32:57.988507800+00:00,903,Info,Microsoft-Windows-Application-Experience,Microsoft-Windows-Application-Experience/Program-Inventory,736,1732,win7,0,S-1-5-18,,,,,,,,,,,False,C:\Users\BRIANNA\OneDrive\Documents\GitHub\NSSECU3_MP2\win7_files\Logs\Microsoft-Windows-Application-Experience_4Program-Inventory.evtx,0x800000000000000,0,"{""UserData"":{""ProgramChangeInfoEvent"":{""Name"":""Mozilla Firefox (x64 en-US)"",""Version"":""115.0.1"",""Publisher"":""Mozilla"",""Language"":"""",""Source"":""AddRemoveProgram"",""ProgramID"":""0000417f073609ed753b84cd788d5abe16b20000ffff"",""FileInstanceID"":""0000d1c2469f83975afd2ea5f10b24b0c5422ac3f3d2""}}}"
39,39,2025-02-03 15:32:58.660382800+00:00,800,Info,Microsoft-Windows-Application-Experience,Microsoft-Windows-Application-Experience/Program-Inventory,736,1732,win7,0,S-1-5-18,,,,,,,,,,,False,C:\Users\BRIANNA\OneDrive\Documents\GitHub\NSSECU3_MP2\win7_files\Logs\Microsoft-Windows-Application-Experience_4Program-Inventory.evtx,0x800000000000000,0,"{""UserData"":{""SessionInfoEvent"":{""StartTime"":""2025-02-03 15:32:52.8166328"",""StopTime"":""2025-02-03 15:32:58.6603828"",""ExitCode"":""223"",""NumNewPrograms"":""2"",""NumRemovedPrograms"":""0"",""NumUpdatedPrograms"":""0"",""NumInstalledPrograms"":""2"",""NumNewOrphans"":""14"",""NumNewAddOns"":""0"",""NumRemovedAddOns"":""0"",""NumUpdatedAddOns"":""0"",""NumInstalledAddOns"":""35"",""NumNewInstallations"":""0""}}}"
314,314,2025-02-03 15:33:00.238507800+00:00,4672,LogAlways,Microsoft-Windows-Security-Auditing,Security,468,1340,win7,3,,Administrative logon,NT AUTHORITY\SYSTEM (S-1-5-18),,"PrivilegeList: SeAssignPrimaryTokenPrivilege, SeTcbPrivilege, SeSecurityPrivilege, SeTakeOwnershipPrivilege, SeLoadDriverPrivilege, SeBackupPrivilege, SeRestorePrivilege, SeDebugPrivilege, SeAuditPrivilege, SeSystemEnvironmentPrivilege, SeImpersonatePrivilege",LogonId: 0x3E7,,,,,,False,C:\Users\BRIANNA\OneDrive\Documents\GitHub\NSSECU3_MP2\win7_files\Logs\Security.evtx,Audit success,0,"{""EventData"":{""Data"":[{""@Name"":""SubjectUserSid"",""#text"":""S-1-5-18""},{""@Name"":""SubjectUserName"",""#text"":""SYSTEM""},{""@Name"":""SubjectDomainName"",""#text"":""NT AUTHORITY""},{""@Name"":""SubjectLogonId"",""#text"":""0x3E7""},{""@Name"":""PrivilegeList"",""#text"":""SeAssignPrimaryTokenPrivilege, SeTcbPrivilege, SeSecurityPrivilege, SeTakeOwnershipPrivilege, SeLoadDriverPrivilege, SeBackupPrivilege, SeRestorePrivilege, SeDebugPrivilege, SeAuditPrivilege, SeSystemEnvironmentPrivilege, SeImpersonatePrivilege""}]}}"
313,313,2025-02-03 15:33:00.238507800+00:00,4624,LogAlways,Microsoft-Windows-Security-Auditing,Security,468,1340,win7,3,,Successful logon,WORKGROUP\WIN7$, (-),Target: NT AUTHORITY\SYSTEM,LogonType 5,LogonId: 0x3E7,AuthenticationPackageName: Negotiate,LogonProcessName: Advapi  ,,C:\Windows\System32\services.exe,False,C:\Users\BRIANNA\OneDrive\Documents\GitHub\NSSECU3_MP2\win7_files\Logs\Security.evtx,Audit success,0,"{""EventData"":{""Data"":[{""@Name"":""SubjectUserSid"",""#text"":""S-1-5-18""},{""@Name"":""SubjectUserName"",""#text"":""WIN7$""},{""@Name"":""SubjectDomainName"",""#text"":""WORKGROUP""},{""@Name"":""SubjectLogonId"",""#text"":""0x3E7""},{""@Name"":""TargetUserSid"",""#text"":""S-1-5-18""},{""@Name"":""TargetUserName"",""#text"":""SYSTEM""},{""@Name"":""TargetDomainName"",""#text"":""NT AUTHORITY""},{""@Name"":""TargetLogonId"",""#text"":""0x3E7""},{""@Name"":""LogonType"",""#text"":""5""},{""@Name"":""LogonProcessName"",""#text"":""Advapi  ""},{""@Name"":""AuthenticationPackageName"",""#text"":""Negotiate""},{""@Name"":""WorkstationName""},{""@Name"":""LogonGuid"",""#text"":""00000000-0000-0000-0000-000000000000""},{""@Name"":""TransmittedServices"",""#text"":""-""},{""@Name"":""LmPackageName"",""#text"":""-""},{""@Name"":""KeyLength"",""#text"":""0""},{""@Name"":""ProcessId"",""#text"":""0x1CC""},{""@Name"":""ProcessName"",""#text"":""C:\\Windows\\System32\\services.exe""},{""@Name"":""IpAddress"",""#text"":""-""},{""@Name"":""IpPort"",""#text"":""-""}]}}"
890,890,2025-02-03 15:33:00.301007800+00:00,7036,Info,Service Control Manager,System,460,2900,win7,5,,Service started or stopped,,,Name: Disk Defragmenter | Disk Defragmenter,Status: running,,,,,,False,C:\Users\BRIANNA\OneDrive\Documents\GitHub\NSSECU3_MP2\win7_files\Logs\System.evtx,"Audit success, classic",0,"{""EventData"":{""Data"":[{""@Name"":""param1"",""#text"":""Disk Defragmenter""},{""@Name"":""param2"",""#text"":""running""}],""Binary"":""64-00-65-00-66-00-72-00-61-00-67-00-73-00-76-00-63-00-2F-00-34-00-00-00""}}"
891,891,2025-02-03 15:36:05.363507800+00:00,7036,Info,Service Control Manager,System,460,2216,win7,5,,Service started or stopped,,,Name: Disk Defragmenter | Disk Defragmenter,Status: stopped,,,,,,False,C:\Users\BRIANNA\OneDrive\Documents\GitHub\NSSECU3_MP2\win7_files\Logs\System.evtx,"Audit success, classic",0,"{""EventData"":{""Data"":[{""@Name"":""param1"",""#text"":""Disk Defragmenter""},{""@Name"":""param2"",""#text"":""stopped""}],""Binary"":""64-00-65-00-66-00-72-00-61-00-67-00-73-00-76-00-63-00-2F-00-31-00-00-00""}}"
892,892,2025-02-03 15:36:22.207257800+00:00,7036,Info,Service Control Manager,System,460,2216,win7,5,,Service started or stopped,,,Name: Diagnostic System Host | Diagnostic System Host,Status: stopped,,,,,,False,C:\Users\BRIANNA\OneDrive\Documents\GitHub\NSSECU3_MP2\win7_files\Logs\System.evtx,"Audit success, classic",0,"{""EventData"":{""Data"":[{""@Name"":""param1"",""#text"":""Diagnostic System Host""},{""@Name"":""param2"",""#text"":""stopped""}],""Binary"":""57-00-64-00-69-00-53-00-79-00-73-00-74-00-65-00-6D-00-48-00-6F-00-73-00-74-00-2F-00-31-00-00-00""}}"
9,9,2025-02-03 15:39:52.644757800+00:00,5,Info,Microsoft-Windows-Diagnosis-Scheduled,Microsoft-Windows-Diagnosis-Scheduled/Operational,2388,2404,win7,0,S-1-5-21-2630035287-469658536-4158816484-1000,,,,,,,,,,,False,C:\Users\BRIANNA\OneDrive\Documents\GitHub\NSSECU3_MP2\win7_files\Logs\Microsoft-Windows-Diagnosis-Scheduled_4Operational.evtx,0x8000000800000000,0,"{""EventData"":{""Data"":{""@Name"":""PackagePath"",""#text"":""C:\\Windows\\diagnostics\\scheduled\\Maintenance""}}}"
8,8,2025-02-03 15:39:52.644757800+00:00,2,Info,Microsoft-Windows-Diagnosis-Scheduled,Microsoft-Windows-Diagnosis-Scheduled/Operational,2388,856,win7,0,S-1-5-21-2630035287-469658536-4158816484-1000,,,,,,,,,,,False,C:\Users\BRIANNA\OneDrive\Documents\GitHub\NSSECU3_MP2\win7_files\Logs\Microsoft-Windows-Diagnosis-Scheduled_4Operational.evtx,0x8000000800000000,0,"{""EventData"":""""}"
5,5,2025-02-03 15:39:52.676007800+00:00,101,Info,Microsoft-Windows-Diagnosis-Scripted,Microsoft-Windows-Diagnosis-Scripted/Operational,2388,2404,win7,0,S-1-5-21-2630035287-469658536-4158816484-1000,,,,,,,,,,,False,C:\Users\BRIANNA\OneDrive\Documents\GitHub\NSSECU3_MP2\win7_files\Logs\Microsoft-Windows-Diagnosis-Scripted_4Operational.evtx,0x4000000800000000,0,"{""EventData"":{""Data"":{""@Name"":""PackagePath"",""#text"":""C:\\Windows\\diagnostics\\scheduled\\Maintenance""}}}"
6,6,2025-02-03 15:39:53.004132800+00:00,102,Info,Microsoft-Windows-Diagnosis-Scripted,Microsoft-Windows-Diagnosis-Scripted/Operational,2388,2404,win7,0,S-1-5-21-2630035287-469658536-4158816484-1000,,,,,,,,,,,False,C:\Users\BRIANNA\OneDrive\Documents\GitHub\NSSECU3_MP2\win7_files\Logs\Microsoft-Windows-Diagnosis-Scripted_4Operational.evtx,0x4000000800000000,0,"{""EventData"":{""Data"":{""@Name"":""PackagePath"",""#text"":""C:\\Windows\\diagnostics\\scheduled\\Maintenance""}}}"
2,2,2025-02-03 15:39:53.004132800+00:00,1,Info,Microsoft-Windows-Diagnosis-Scripted,Microsoft-Windows-Diagnosis-Scripted/Admin,2388,2404,win7,0,S-1-5-21-2630035287-469658536-4158816484-1000,,,,,,,,,,,False,C:\Users\BRIANNA\OneDrive\Documents\GitHub\NSSECU3_MP2\win7_files\Logs\Microsoft-Windows-Diagnosis-Scripted_4Admin.evtx,0x8000000400000000,0,"{""EventData"":{""Data"":[{""@Name"":""PackagePath"",""#text"":""C:\\Windows\\diagnostics\\scheduled\\Maintenance""},{""@Name"":""PackageId"",""#text"":""MaintenanceDiagnostic""}]}}"
7,7,2025-02-03 15:39:53.004132800+00:00,103,Info,Microsoft-Windows-Diagnosis-Scripted,Microsoft-Windows-Diagnosis-Scripted/Operational,2388,2404,win7,0,S-1-5-21-2630035287-469658536-4158816484-1000,,,,,,,,,,,False,C:\Users\BRIANNA\OneDrive\Documents\GitHub\NSSECU3_MP2\win7_files\Logs\Microsoft-Windows-Diagnosis-Scripted_4Operational.evtx,0x4000000800000000,0,"{""EventData"":{""Data"":{""@Name"":""PackageId"",""#text"":""MaintenanceDiagnostic""}}}"
11,11,2025-02-03 15:39:53.004132800+00:00,7,Info,Microsoft-Windows-Diagnosis-Scheduled,Microsoft-Windows-Diagnosis-Scheduled/Operational,2388,2404,win7,0,S-1-5-21-2630035287-469658536-4158816484-1000,,,,,,,,,,,False,C:\Users\BRIANNA\OneDrive\Documents\GitHub\NSSECU3_MP2\win7_files\Logs\Microsoft-Windows-Diagnosis-Scheduled_4Operational.evtx,0x8000000800000000,0,"{""EventData"":{""Data"":{""@Name"":""PackageID"",""#text"":""MaintenanceDiagnostic""}}}"
10,10,2025-02-03 15:39:53.004132800+00:00,6,Info,Microsoft-Windows-Diagnosis-Scheduled,Microsoft-Windows-Diagnosis-Scheduled/Operational,2388,2404,win7,0,S-1-5-21-2630035287-469658536-4158816484-1000,,,,,,,,,,,False,C:\Users\BRIANNA\OneDrive\Documents\GitHub\NSSECU3_MP2\win7_files\Logs\Microsoft-Windows-Diagnosis-Scheduled_4Operational.evtx,0x8000000800000000,0,"{""EventData"":{""Data"":{""@Name"":""PackageID"",""#text"":""MaintenanceDiagnostic""}}}"
3,3,2025-02-03 15:39:53.082257800+00:00,4000,Info,Microsoft-Windows-LanguagePackSetup,Microsoft-Windows-LanguagePackSetup/Operational,1676,2356,win7,0,S-1-5-18,,,,,,,,,,,False,C:\Users\BRIANNA\OneDrive\Documents\GitHub\NSSECU3_MP2\win7_files\Logs\Microsoft-Windows-LanguagePackSetup_4Operational.evtx,0x4000000000000000,0,"{""EventData"":""""}"
4,4,2025-02-03 15:39:53.082257800+00:00,4001,Info,Microsoft-Windows-LanguagePackSetup,Microsoft-Windows-LanguagePackSetup/Operational,1676,2356,win7,0,S-1-5-18,,,,,,,,,,,False,C:\Users\BRIANNA\OneDrive\Documents\GitHub\NSSECU3_MP2\win7_files\Logs\Microsoft-Windows-LanguagePackSetup_4Operational.evtx,0x4000000000000000,0,"{""EventData"":""""}"
315,315,2025-02-03 15:39:59.426007800+00:00,4634,LogAlways,Microsoft-Windows-Security-Auditing,Security,468,568,win7,3,,An account was logged off,,,Target: win7\Guest,LogonType 3,LogonId: 0x59062,,,,,False,C:\Users\BRIANNA\OneDrive\Documents\GitHub\NSSECU3_MP2\win7_files\Logs\Security.evtx,Audit success,0,"{""EventData"":{""Data"":[{""@Name"":""TargetUserSid"",""#text"":""S-1-5-21-2630035287-469658536-4158816484-501""},{""@Name"":""TargetUserName"",""#text"":""Guest""},{""@Name"":""TargetDomainName"",""#text"":""win7""},{""@Name"":""TargetLogonId"",""#text"":""0x59062""},{""@Name"":""LogonType"",""#text"":""3""}]}}"
893,893,2025-02-03 15:40:01.066632800+00:00,7036,Info,Service Control Manager,System,460,1356,win7,5,,Service started or stopped,,,Name: Windows Time | Windows Time,Status: running,,,,,,False,C:\Users\BRIANNA\OneDrive\Documents\GitHub\NSSECU3_MP2\win7_files\Logs\System.evtx,"Audit success, classic",0,"{""EventData"":{""Data"":[{""@Name"":""param1"",""#text"":""Windows Time""},{""@Name"":""param2"",""#text"":""running""}],""Binary"":""57-00-33-00-32-00-54-00-69-00-6D-00-65-00-2F-00-34-00-00-00""}}"
316,316,2025-02-03 15:40:01.191632800+00:00,4624,LogAlways,Microsoft-Windows-Security-Auditing,Security,468,664,win7,3,,Successful logon,WORKGROUP\WIN7$, (-),Target: NT AUTHORITY\SYSTEM,LogonType 5,LogonId: 0x3E7,AuthenticationPackageName: Negotiate,LogonProcessName: Advapi  ,,C:\Windows\System32\services.exe,False,C:\Users\BRIANNA\OneDrive\Documents\GitHub\NSSECU3_MP2\win7_files\Logs\Security.evtx,Audit success,0,"{""EventData"":{""Data"":[{""@Name"":""SubjectUserSid"",""#text"":""S-1-5-18""},{""@Name"":""SubjectUserName"",""#text"":""WIN7$""},{""@Name"":""SubjectDomainName"",""#text"":""WORKGROUP""},{""@Name"":""SubjectLogonId"",""#text"":""0x3E7""},{""@Name"":""TargetUserSid"",""#text"":""S-1-5-18""},{""@Name"":""TargetUserName"",""#text"":""SYSTEM""},{""@Name"":""TargetDomainName"",""#text"":""NT AUTHORITY""},{""@Name"":""TargetLogonId"",""#text"":""0x3E7""},{""@Name"":""LogonType"",""#text"":""5""},{""@Name"":""LogonProcessName"",""#text"":""Advapi  ""},{""@Name"":""AuthenticationPackageName"",""#text"":""Negotiate""},{""@Name"":""WorkstationName""},{""@Name"":""LogonGuid"",""#text"":""00000000-0000-0000-0000-000000000000""},{""@Name"":""TransmittedServices"",""#text"":""-""},{""@Name"":""LmPackageName"",""#text"":""-""},{""@Name"":""KeyLength"",""#text"":""0""},{""@Name"":""ProcessId"",""#text"":""0x1CC""},{""@Name"":""ProcessName"",""#text"":""C:\\Windows\\System32\\services.exe""},{""@Name"":""IpAddress"",""#text"":""-""},{""@Name"":""IpPort"",""#text"":""-""}]}}"
317,317,2025-02-03 15:40:01.191632800+00:00,4672,LogAlways,Microsoft-Windows-Security-Auditing,Security,468,664,win7,3,,Administrative logon,NT AUTHORITY\SYSTEM (S-1-5-18),,"PrivilegeList: SeAssignPrimaryTokenPrivilege, SeTcbPrivilege, SeSecurityPrivilege, SeTakeOwnershipPrivilege, SeLoadDriverPrivilege, SeBackupPrivilege, SeRestorePrivilege, SeDebugPrivilege, SeAuditPrivilege, SeSystemEnvironmentPrivilege, SeImpersonatePrivilege",LogonId: 0x3E7,,,,,,False,C:\Users\BRIANNA\OneDrive\Documents\GitHub\NSSECU3_MP2\win7_files\Logs\Security.evtx,Audit success,0,"{""EventData"":{""Data"":[{""@Name"":""SubjectUserSid"",""#text"":""S-1-5-18""},{""@Name"":""SubjectUserName"",""#text"":""SYSTEM""},{""@Name"":""SubjectDomainName"",""#text"":""NT AUTHORITY""},{""@Name"":""SubjectLogonId"",""#text"":""0x3E7""},{""@Name"":""PrivilegeList"",""#text"":""SeAssignPrimaryTokenPrivilege, SeTcbPrivilege, SeSecurityPrivilege, SeTakeOwnershipPrivilege, SeLoadDriverPrivilege, SeBackupPrivilege, SeRestorePrivilege, SeDebugPrivilege, SeAuditPrivilege, SeSystemEnvironmentPrivilege, SeImpersonatePrivilege""}]}}"
894,894,2025-02-03 15:40:01.254132800+00:00,7036,Info,Service Control Manager,System,460,1356,win7,5,,Service started or stopped,,,Name: Volume Shadow Copy | Volume Shadow Copy,Status: running,,,,,,False,C:\Users\BRIANNA\OneDrive\Documents\GitHub\NSSECU3_MP2\win7_files\Logs\System.evtx,"Audit success, classic",0,"{""EventData"":{""Data"":[{""@Name"":""param1"",""#text"":""Volume Shadow Copy""},{""@Name"":""param2"",""#text"":""running""}],""Binary"":""56-00-53-00-53-00-2F-00-34-00-00-00""}}"
318,318,2025-02-03 15:40:01.660382800+00:00,4624,LogAlways,Microsoft-Windows-Security-Auditing,Security,468,568,win7,3,,Successful logon,WORKGROUP\WIN7$, (-),Target: NT AUTHORITY\SYSTEM,LogonType 5,LogonId: 0x3E7,AuthenticationPackageName: Negotiate,LogonProcessName: Advapi  ,,C:\Windows\System32\services.exe,False,C:\Users\BRIANNA\OneDrive\Documents\GitHub\NSSECU3_MP2\win7_files\Logs\Security.evtx,Audit success,0,"{""EventData"":{""Data"":[{""@Name"":""SubjectUserSid"",""#text"":""S-1-5-18""},{""@Name"":""SubjectUserName"",""#text"":""WIN7$""},{""@Name"":""SubjectDomainName"",""#text"":""WORKGROUP""},{""@Name"":""SubjectLogonId"",""#text"":""0x3E7""},{""@Name"":""TargetUserSid"",""#text"":""S-1-5-18""},{""@Name"":""TargetUserName"",""#text"":""SYSTEM""},{""@Name"":""TargetDomainName"",""#text"":""NT AUTHORITY""},{""@Name"":""TargetLogonId"",""#text"":""0x3E7""},{""@Name"":""LogonType"",""#text"":""5""},{""@Name"":""LogonProcessName"",""#text"":""Advapi  ""},{""@Name"":""AuthenticationPackageName"",""#text"":""Negotiate""},{""@Name"":""WorkstationName""},{""@Name"":""LogonGuid"",""#text"":""00000000-0000-0000-0000-000000000000""},{""@Name"":""TransmittedServices"",""#text"":""-""},{""@Name"":""LmPackageName"",""#text"":""-""},{""@Name"":""KeyLength"",""#text"":""0""},{""@Name"":""ProcessId"",""#text"":""0x1CC""},{""@Name"":""ProcessName"",""#text"":""C:\\Windows\\System32\\services.exe""},{""@Name"":""IpAddress"",""#text"":""-""},{""@Name"":""IpPort"",""#text"":""-""}]}}"
319,319,2025-02-03 15:40:01.660382800+00:00,4672,LogAlways,Microsoft-Windows-Security-Auditing,Security,468,568,win7,3,,Administrative logon,NT AUTHORITY\SYSTEM (S-1-5-18),,"PrivilegeList: SeAssignPrimaryTokenPrivilege, SeTcbPrivilege, SeSecurityPrivilege, SeTakeOwnershipPrivilege, SeLoadDriverPrivilege, SeBackupPrivilege, SeRestorePrivilege, SeDebugPrivilege, SeAuditPrivilege, SeSystemEnvironmentPrivilege, SeImpersonatePrivilege",LogonId: 0x3E7,,,,,,False,C:\Users\BRIANNA\OneDrive\Documents\GitHub\NSSECU3_MP2\win7_files\Logs\Security.evtx,Audit success,0,"{""EventData"":{""Data"":[{""@Name"":""SubjectUserSid"",""#text"":""S-1-5-18""},{""@Name"":""SubjectUserName"",""#text"":""SYSTEM""},{""@Name"":""SubjectDomainName"",""#text"":""NT AUTHORITY""},{""@Name"":""SubjectLogonId"",""#text"":""0x3E7""},{""@Name"":""PrivilegeList"",""#text"":""SeAssignPrimaryTokenPrivilege, SeTcbPrivilege, SeSecurityPrivilege, SeTakeOwnershipPrivilege, SeLoadDriverPrivilege, SeBackupPrivilege, SeRestorePrivilege, SeDebugPrivilege, SeAuditPrivilege, SeSystemEnvironmentPrivilege, SeImpersonatePrivilege""}]}}"
895,895,2025-02-03 15:40:01.738507800+00:00,7036,Info,Service Control Manager,System,460,1356,win7,5,,Service started or stopped,,,Name: Microsoft Software Shadow Copy Provider | Microsoft Software Shadow Copy Provider,Status: running,,,,,,False,C:\Users\BRIANNA\OneDrive\Documents\GitHub\NSSECU3_MP2\win7_files\Logs\System.evtx,"Audit success, classic",0,"{""EventData"":{""Data"":[{""@Name"":""param1"",""#text"":""Microsoft Software Shadow Copy Provider""},{""@Name"":""param2"",""#text"":""running""}],""Binary"":""73-00-77-00-70-00-72-00-76-00-2F-00-34-00-00-00""}}"
896,896,2025-02-03 15:40:02.722882800+00:00,7036,Info,Service Control Manager,System,460,1408,win7,5,,Service started or stopped,,,Name: Windows Time | Windows Time,Status: stopped,,,,,,False,C:\Users\BRIANNA\OneDrive\Documents\GitHub\NSSECU3_MP2\win7_files\Logs\System.evtx,"Audit success, classic",0,"{""EventData"":{""Data"":[{""@Name"":""param1"",""#text"":""Windows Time""},{""@Name"":""param2"",""#text"":""stopped""}],""Binary"":""57-00-33-00-32-00-54-00-69-00-6D-00-65-00-2F-00-31-00-00-00""}}"
8,8,2025-02-03 15:40:03.347882800+00:00,104,Info,Microsoft-Windows-Diagnosis-Scripted,Microsoft-Windows-Diagnosis-Scripted/Operational,2388,2404,win7,0,S-1-5-21-2630035287-469658536-4158816484-1000,,,,,,,,,,,False,C:\Users\BRIANNA\OneDrive\Documents\GitHub\NSSECU3_MP2\win7_files\Logs\Microsoft-Windows-Diagnosis-Scripted_4Operational.evtx,0x4000000800000000,0,"{""EventData"":{""Data"":{""@Name"":""PackageId"",""#text"":""MaintenanceDiagnostic""}}}"
13,13,2025-02-03 15:40:03.347882800+00:00,100,Critical,Microsoft-Windows-Diagnosis-Scheduled,Microsoft-Windows-Diagnosis-Scheduled/Operational,2388,2404,win7,0,S-1-5-21-2630035287-469658536-4158816484-1000,,,,,,,,,,,False,C:\Users\BRIANNA\OneDrive\Documents\GitHub\NSSECU3_MP2\win7_files\Logs\Microsoft-Windows-Diagnosis-Scheduled_4Operational.evtx,0x8000000400000000,0,"{""EventData"":{""Data"":{""@Name"":""hc_stateid"",""#text"":""0""}}}"
12,12,2025-02-03 15:40:03.347882800+00:00,8,Info,Microsoft-Windows-Diagnosis-Scheduled,Microsoft-Windows-Diagnosis-Scheduled/Operational,2388,2404,win7,0,S-1-5-21-2630035287-469658536-4158816484-1000,,,,,,,,,,,False,C:\Users\BRIANNA\OneDrive\Documents\GitHub\NSSECU3_MP2\win7_files\Logs\Microsoft-Windows-Diagnosis-Scheduled_4Operational.evtx,0x8000000800000000,0,"{""EventData"":{""Data"":[{""@Name"":""PackageID"",""#text"":""MaintenanceDiagnostic""},{""@Name"":""RootCauseCount"",""#text"":""6""}]}}"
14,14,2025-02-03 15:40:03.363507800+00:00,3,Info,Microsoft-Windows-Diagnosis-Scheduled,Microsoft-Windows-Diagnosis-Scheduled/Operational,2388,2404,win7,0,S-1-5-21-2630035287-469658536-4158816484-1000,,,,,,,,,,,False,C:\Users\BRIANNA\OneDrive\Documents\GitHub\NSSECU3_MP2\win7_files\Logs\Microsoft-Windows-Diagnosis-Scheduled_4Operational.evtx,0x8000000800000000,0,"{""EventData"":""""}"
897,897,2025-02-03 15:40:10.363507800+00:00,20001,Info,Microsoft-Windows-UserPnp,System,2672,2148,win7,5,S-1-5-18,Device installation,,,DriverDescription: Generic volume shadow copy,InstallStatus: Installation Successful,IsDriverOEM: False,UpgradeDevice: False,RebootOption: False,DeviceInstanceID: STORAGE\VOLUMESNAPSHOT\HARDDISKVOLUMESNAPSHOT2,FileRepository\volsnap.inf_amd64_neutral_7499a4fac85b39fc\volsnap.inf,False,C:\Users\BRIANNA\OneDrive\Documents\GitHub\NSSECU3_MP2\win7_files\Logs\System.evtx,Classic,0,"{""UserData"":{""InstallDeviceID"":{""DriverName"":""FileRepository\\volsnap.inf_amd64_neutral_7499a4fac85b39fc\\volsnap.inf"",""DriverVersion"":""6.1.7600.16385"",""DriverProvider"":""Microsoft"",""DeviceInstanceID"":""STORAGE\\VOLUMESNAPSHOT\\HARDDISKVOLUMESNAPSHOT2"",""SetupClass"":""533c5b84-ec70-11d2-9505-00c04f79deaf"",""RebootOption"":""False"",""UpgradeDevice"":""False"",""IsDriverOEM"":""False"",""InstallStatus"":""0x0"",""DriverDescription"":""Generic volume shadow copy""}}}"
475,475,2025-02-03 15:40:12+00:00,8194,Info,System Restore,Application,0,0,win7,4,,Restore point created successfully,,,"Data: C:\Windows\system32\rundll32.exe /d srrstr.dll,ExecuteScheduledSPPCreation, Scheduled Checkpoint",,,,,,,False,C:\Users\BRIANNA\OneDrive\Documents\GitHub\NSSECU3_MP2\win7_files\Logs\Application.evtx,0x80000000000000,0,"{""EventData"":{""Data"":""C:\\Windows\\system32\\rundll32.exe /d srrstr.dll,ExecuteScheduledSPPCreation, Scheduled Checkpoint"",""Binary"":""00-00-00-00-A1-01-00-00-97-01-00-00-00-00-00-00-22-CE-28-67-7C-6D-DA-79-E2-8C-1C-00-00-00-00-00-00-00-00-00""}}"
476,476,2025-02-03 15:40:12+00:00,8212,Info,System Restore,Application,0,0,win7,4,,,,,,,,,,,,False,C:\Users\BRIANNA\OneDrive\Documents\GitHub\NSSECU3_MP2\win7_files\Logs\Application.evtx,0x80000000000000,0,"{""EventData"":{""Data"":"""",""Binary"":""00-00-00-00-00-00-00-00-33-01-00-00-00-00-00-00-57-4C-29-CE-58-43-BE-27-E2-6C-1C-00-00-00-00-00-00-00-00-00""}}"
321,321,2025-02-03 15:40:12.613507800+00:00,4905,LogAlways,Microsoft-Windows-Security-Auditing,Security,468,1664,win7,3,,,,,,,,,,,,False,C:\Users\BRIANNA\OneDrive\Documents\GitHub\NSSECU3_MP2\win7_files\Logs\Security.evtx,Audit success,0,"{""EventData"":{""Data"":[{""@Name"":""SubjectUserSid"",""#text"":""S-1-5-18""},{""@Name"":""SubjectUserName"",""#text"":""WIN7$""},{""@Name"":""SubjectDomainName"",""#text"":""WORKGROUP""},{""@Name"":""SubjectLogonId"",""#text"":""0x3E7""},{""@Name"":""AuditSourceName"",""#text"":""VSSAudit""},{""@Name"":""EventSourceId"",""#text"":""0x7A309""},{""@Name"":""ProcessId"",""#text"":""0xAA4""},{""@Name"":""ProcessName"",""#text"":""C:\\Windows\\System32\\VSSVC.exe""}]}}"
320,320,2025-02-03 15:40:12.613507800+00:00,4904,LogAlways,Microsoft-Windows-Security-Auditing,Security,468,1664,win7,3,,,,,,,,,,,,False,C:\Users\BRIANNA\OneDrive\Documents\GitHub\NSSECU3_MP2\win7_files\Logs\Security.evtx,Audit success,0,"{""EventData"":{""Data"":[{""@Name"":""SubjectUserSid"",""#text"":""S-1-5-18""},{""@Name"":""SubjectUserName"",""#text"":""WIN7$""},{""@Name"":""SubjectDomainName"",""#text"":""WORKGROUP""},{""@Name"":""SubjectLogonId"",""#text"":""0x3E7""},{""@Name"":""AuditSourceName"",""#text"":""VSSAudit""},{""@Name"":""EventSourceId"",""#text"":""0x7A309""},{""@Name"":""ProcessId"",""#text"":""0xAA4""},{""@Name"":""ProcessName"",""#text"":""C:\\Windows\\System32\\VSSVC.exe""}]}}"
898,898,2025-02-03 15:40:12.926007800+00:00,7036,Info,Service Control Manager,System,460,1408,win7,5,,Service started or stopped,,,Name: WinHTTP Web Proxy Auto-Discovery Service | WinHTTP Web Proxy Auto-Discovery Service,Status: running,,,,,,False,C:\Users\BRIANNA\OneDrive\Documents\GitHub\NSSECU3_MP2\win7_files\Logs\System.evtx,"Audit success, classic",0,"{""EventData"":{""Data"":[{""@Name"":""param1"",""#text"":""WinHTTP Web Proxy Auto-Discovery Service""},{""@Name"":""param2"",""#text"":""running""}],""Binary"":""57-00-69-00-6E-00-48-00-74-00-74-00-70-00-41-00-75-00-74-00-6F-00-50-00-72-00-6F-00-78-00-79-00-53-00-76-00-63-00-2F-00-34-00-00-00""}}"
323,323,2025-02-03 15:40:34.629132800+00:00,4672,LogAlways,Microsoft-Windows-Security-Auditing,Security,468,664,win7,3,,Administrative logon,NT AUTHORITY\SYSTEM (S-1-5-18),,"PrivilegeList: SeAssignPrimaryTokenPrivilege, SeTcbPrivilege, SeSecurityPrivilege, SeTakeOwnershipPrivilege, SeLoadDriverPrivilege, SeBackupPrivilege, SeRestorePrivilege, SeDebugPrivilege, SeAuditPrivilege, SeSystemEnvironmentPrivilege, SeImpersonatePrivilege",LogonId: 0x3E7,,,,,,False,C:\Users\BRIANNA\OneDrive\Documents\GitHub\NSSECU3_MP2\win7_files\Logs\Security.evtx,Audit success,0,"{""EventData"":{""Data"":[{""@Name"":""SubjectUserSid"",""#text"":""S-1-5-18""},{""@Name"":""SubjectUserName"",""#text"":""SYSTEM""},{""@Name"":""SubjectDomainName"",""#text"":""NT AUTHORITY""},{""@Name"":""SubjectLogonId"",""#text"":""0x3E7""},{""@Name"":""PrivilegeList"",""#text"":""SeAssignPrimaryTokenPrivilege, SeTcbPrivilege, SeSecurityPrivilege, SeTakeOwnershipPrivilege, SeLoadDriverPrivilege, SeBackupPrivilege, SeRestorePrivilege, SeDebugPrivilege, SeAuditPrivilege, SeSystemEnvironmentPrivilege, SeImpersonatePrivilege""}]}}"
322,322,2025-02-03 15:40:34.629132800+00:00,4624,LogAlways,Microsoft-Windows-Security-Auditing,Security,468,664,win7,3,,Successful logon,WORKGROUP\WIN7$, (-),Target: NT AUTHORITY\SYSTEM,LogonType 5,LogonId: 0x3E7,AuthenticationPackageName: Negotiate,LogonProcessName: Advapi  ,,C:\Windows\System32\services.exe,False,C:\Users\BRIANNA\OneDrive\Documents\GitHub\NSSECU3_MP2\win7_files\Logs\Security.evtx,Audit success,0,"{""EventData"":{""Data"":[{""@Name"":""SubjectUserSid"",""#text"":""S-1-5-18""},{""@Name"":""SubjectUserName"",""#text"":""WIN7$""},{""@Name"":""SubjectDomainName"",""#text"":""WORKGROUP""},{""@Name"":""SubjectLogonId"",""#text"":""0x3E7""},{""@Name"":""TargetUserSid"",""#text"":""S-1-5-18""},{""@Name"":""TargetUserName"",""#text"":""SYSTEM""},{""@Name"":""TargetDomainName"",""#text"":""NT AUTHORITY""},{""@Name"":""TargetLogonId"",""#text"":""0x3E7""},{""@Name"":""LogonType"",""#text"":""5""},{""@Name"":""LogonProcessName"",""#text"":""Advapi  ""},{""@Name"":""AuthenticationPackageName"",""#text"":""Negotiate""},{""@Name"":""WorkstationName""},{""@Name"":""LogonGuid"",""#text"":""00000000-0000-0000-0000-000000000000""},{""@Name"":""TransmittedServices"",""#text"":""-""},{""@Name"":""LmPackageName"",""#text"":""-""},{""@Name"":""KeyLength"",""#text"":""0""},{""@Name"":""ProcessId"",""#text"":""0x1CC""},{""@Name"":""ProcessName"",""#text"":""C:\\Windows\\System32\\services.exe""},{""@Name"":""IpAddress"",""#text"":""-""},{""@Name"":""IpPort"",""#text"":""-""}]}}"
899,899,2025-02-03 15:40:35.785382800+00:00,7036,Info,Service Control Manager,System,460,1408,win7,5,,Service started or stopped,,,Name: Windows Modules Installer | Windows Modules Installer,Status: running,,,,,,False,C:\Users\BRIANNA\OneDrive\Documents\GitHub\NSSECU3_MP2\win7_files\Logs\System.evtx,"Audit success, classic",0,"{""EventData"":{""Data"":[{""@Name"":""param1"",""#text"":""Windows Modules Installer""},{""@Name"":""param2"",""#text"":""running""}],""Binary"":""54-00-72-00-75-00-73-00-74-00-65-00-64-00-49-00-6E-00-73-00-74-00-61-00-6C-00-6C-00-65-00-72-00-2F-00-34-00-00-00""}}"
477,477,2025-02-03 15:43:12+00:00,8224,Info,VSS,Application,0,0,win7,4,,,,,,,,,,,,False,C:\Users\BRIANNA\OneDrive\Documents\GitHub\NSSECU3_MP2\win7_files\Logs\Application.evtx,0x80000000000000,0,"{""EventData"":{""Data"":"""",""Binary"":""2D-20-43-6F-64-65-3A-20-20-43-4F-52-53-56-43-43-30-30-30-30-30-37-37-33-2D-20-43-61-6C-6C-3A-20-20-43-4F-52-53-56-43-43-30-30-30-30-30-37-35-35-2D-20-50-49-44-3A-20-20-30-30-30-30-32-37-32-34-2D-20-54-49-44-3A-20-20-30-30-30-30-31-38-35-32-2D-20-43-4D-44-3A-20-20-43-3A-5C-57-69-6E-64-6F-77-73-5C-73-79-73-74-65-6D-33-32-5C-76-73-73-76-63-2E-65-78-65-20-20-20-2D-20-55-73-65-72-3A-20-4E-61-6D-65-3A-20-4E-54-20-41-55-54-48-4F-52-49-54-59-5C-53-59-53-54-45-4D-2C-20-53-49-44-3A-53-2D-31-2D-35-2D-31-38-20""}}"
900,900,2025-02-03 15:43:13.097882800+00:00,7036,Info,Service Control Manager,System,460,1628,win7,5,,Service started or stopped,,,Name: Volume Shadow Copy | Volume Shadow Copy,Status: stopped,,,,,,False,C:\Users\BRIANNA\OneDrive\Documents\GitHub\NSSECU3_MP2\win7_files\Logs\System.evtx,"Audit success, classic",0,"{""EventData"":{""Data"":[{""@Name"":""param1"",""#text"":""Volume Shadow Copy""},{""@Name"":""param2"",""#text"":""stopped""}],""Binary"":""56-00-53-00-53-00-2F-00-31-00-00-00""}}"
901,901,2025-02-03 15:46:13.113507800+00:00,7036,Info,Service Control Manager,System,460,1892,win7,5,,Service started or stopped,,,Name: Microsoft Software Shadow Copy Provider | Microsoft Software Shadow Copy Provider,Status: stopped,,,,,,False,C:\Users\BRIANNA\OneDrive\Documents\GitHub\NSSECU3_MP2\win7_files\Logs\System.evtx,"Audit success, classic",0,"{""EventData"":{""Data"":[{""@Name"":""param1"",""#text"":""Microsoft Software Shadow Copy Provider""},{""@Name"":""param2"",""#text"":""stopped""}],""Binary"":""73-00-77-00-70-00-72-00-76-00-2F-00-31-00-00-00""}}"
902,902,2025-02-03 15:50:38.332257800+00:00,7040,Info,Service Control Manager,System,460,1908,win7,5,S-1-5-18,Start type of a service has changed,,,The start type of the Windows Modules Installer was changed from demand start to auto start,,,,,,TrustedInstaller,False,C:\Users\BRIANNA\OneDrive\Documents\GitHub\NSSECU3_MP2\win7_files\Logs\System.evtx,"Audit success, classic",0,"{""EventData"":{""Data"":[{""@Name"":""param1"",""#text"":""Windows Modules Installer""},{""@Name"":""param2"",""#text"":""demand start""},{""@Name"":""param3"",""#text"":""auto start""},{""@Name"":""param4"",""#text"":""TrustedInstaller""}]}}"
903,903,2025-02-03 15:50:39.394757800+00:00,7040,Info,Service Control Manager,System,460,1908,win7,5,S-1-5-18,Start type of a service has changed,,,The start type of the Windows Modules Installer was changed from auto start to demand start,,,,,,TrustedInstaller,False,C:\Users\BRIANNA\OneDrive\Documents\GitHub\NSSECU3_MP2\win7_files\Logs\System.evtx,"Audit success, classic",0,"{""EventData"":{""Data"":[{""@Name"":""param1"",""#text"":""Windows Modules Installer""},{""@Name"":""param2"",""#text"":""auto start""},{""@Name"":""param3"",""#text"":""demand start""},{""@Name"":""param4"",""#text"":""TrustedInstaller""}]}}"
904,904,2025-02-03 15:50:39.676007800+00:00,7036,Info,Service Control Manager,System,460,1908,win7,5,,Service started or stopped,,,Name: Windows Modules Installer | Windows Modules Installer,Status: stopped,,,,,,False,C:\Users\BRIANNA\OneDrive\Documents\GitHub\NSSECU3_MP2\win7_files\Logs\System.evtx,"Audit success, classic",0,"{""EventData"":{""Data"":[{""@Name"":""param1"",""#text"":""Windows Modules Installer""},{""@Name"":""param2"",""#text"":""stopped""}],""Binary"":""54-00-72-00-75-00-73-00-74-00-65-00-64-00-49-00-6E-00-73-00-74-00-61-00-6C-00-6C-00-65-00-72-00-2F-00-31-00-00-00""}}"
1,1,2025-02-03 15:55:13.347882800+00:00,5010,Info,Microsoft-Windows-Windows Defender,Microsoft-Windows-Windows Defender/Operational,868,1800,win7,0,S-1-5-18,,,,,,,,,,,False,C:\Users\BRIANNA\OneDrive\Documents\GitHub\NSSECU3_MP2\win7_files\Logs\Microsoft-Windows-Windows Defender_4Operational.evtx,Classic,0,"{""EventData"":{""Data"":[{""@Name"":""Product Name"",""#text"":""%%827""},{""@Name"":""Product Version"",""#text"":""6.1.7600.16385""}]}}"
905,905,2025-02-03 15:55:13.410382800+00:00,7040,Info,Service Control Manager,System,460,2556,win7,5,S-1-5-18,Start type of a service has changed,,,The start type of the Windows Defender was changed from auto start to demand start,,,,,,WinDefend,False,C:\Users\BRIANNA\OneDrive\Documents\GitHub\NSSECU3_MP2\win7_files\Logs\System.evtx,"Audit success, classic",0,"{""EventData"":{""Data"":[{""@Name"":""param1"",""#text"":""Windows Defender""},{""@Name"":""param2"",""#text"":""auto start""},{""@Name"":""param3"",""#text"":""demand start""},{""@Name"":""param4"",""#text"":""WinDefend""}]}}"
906,906,2025-02-03 15:55:13.926007800+00:00,7036,Info,Service Control Manager,System,460,2556,win7,5,,Service started or stopped,,,Name: Windows Defender | Windows Defender,Status: stopped,,,,,,False,C:\Users\BRIANNA\OneDrive\Documents\GitHub\NSSECU3_MP2\win7_files\Logs\System.evtx,"Audit success, classic",0,"{""EventData"":{""Data"":[{""@Name"":""param1"",""#text"":""Windows Defender""},{""@Name"":""param2"",""#text"":""stopped""}],""Binary"":""57-00-69-00-6E-00-44-00-65-00-66-00-65-00-6E-00-64-00-2F-00-31-00-00-00""}}"
19,19,2025-02-03 15:55:13.926007800+00:00,101,LogAlways,Microsoft-Windows-Windows Defender,Microsoft-Windows-Windows Defender/WHC,868,2408,win7,0,S-1-5-18,,,,,,,,,,,False,C:\Users\BRIANNA\OneDrive\Documents\GitHub\NSSECU3_MP2\win7_files\Logs\Microsoft-Windows-Windows Defender_4WHC.evtx,0x4000000000000000,0,"{""EventData"":{""Data"":{""@Name"":""hc_stateid"",""#text"":""1""}}}"
