267,267,2024-05-27 02:37:30.578125+00:00,20010,Info,Microsoft-Windows-UserPnp,System,572,1400,win7,1,S-1-5-18,,,,,,,,,,,False,C:\Users\BRIANNA\OneDrive\Documents\GitHub\NSSECU3_MP2\win7_files\Logs\System.evtx,Classic,0,"{""UserData"":{""INFO_PNP_STATE"":{""InstallSubsystemState"":""False"",""CachingSubsystemState"":""False""}}}"
268,268,2024-05-27 02:37:30.578125+00:00,7036,Info,Service Control Manager,System,448,536,win7,1,,Service started or stopped,,,Name: Plug and Play | Plug and Play,Status: stopped,,,,,,False,C:\Users\BRIANNA\OneDrive\Documents\GitHub\NSSECU3_MP2\win7_files\Logs\System.evtx,"Audit success, classic",0,"{""EventData"":{""Data"":[{""@Name"":""param1"",""#text"":""Plug and Play""},{""@Name"":""param2"",""#text"":""stopped""}],""Binary"":""50-00-6C-00-75-00-67-00-50-00-6C-00-61-00-79-00-2F-00-31-00-00-00""}}"
269,269,2024-05-27 02:37:30.640625+00:00,109,Info,Microsoft-Windows-Kernel-Power,System,348,352,win7,1,,,,,,,,,,,,False,C:\Users\BRIANNA\OneDrive\Documents\GitHub\NSSECU3_MP2\win7_files\Logs\System.evtx,0x8000000000000004,0,"{""EventData"":{""Data"":[{""@Name"":""ShutdownActionType"",""#text"":""5""},{""@Name"":""ShutdownEventCode"",""#text"":""0""},{""@Name"":""ShutdownReason"",""#text"":""0""}]}}"
270,270,2024-05-27 02:37:30.843750+00:00,13,Info,Microsoft-Windows-Kernel-General,System,4,36,win7,1,,OS was shutdown,,,StopTime: 2024-05-27 02:37:30.8437500,BootMode: ,,,,,,False,C:\Users\BRIANNA\OneDrive\Documents\GitHub\NSSECU3_MP2\win7_files\Logs\System.evtx,Classic,0,"{""EventData"":{""Data"":{""@Name"":""StopTime"",""#text"":""2024-05-27 02:37:30.8437500""}}}"
271,271,2024-05-27 02:37:47.671875+00:00,12,Info,Microsoft-Windows-Kernel-General,System,4,8,win7,1,S-1-5-18,OS was started,,,StartTime: 2024-05-27 02:37:47.4843750,BootMode: Normal boot,,,,,,False,C:\Users\BRIANNA\OneDrive\Documents\GitHub\NSSECU3_MP2\win7_files\Logs\System.evtx,Classic,0,"{""EventData"":{""Data"":[{""@Name"":""MajorVersion"",""#text"":""6""},{""@Name"":""MinorVersion"",""#text"":""1""},{""@Name"":""BuildVersion"",""#text"":""7601""},{""@Name"":""QfeVersion"",""#text"":""17514""},{""@Name"":""ServiceVersion"",""#text"":""1""},{""@Name"":""BootMode"",""#text"":""0""},{""@Name"":""StartTime"",""#text"":""2024-05-27 02:37:47.4843750""}]}}"
272,272,2024-05-27 02:37:49.281250+00:00,6,Info,Microsoft-Windows-FilterManager,System,4,8,win7,1,S-1-5-18,,,,,,,,,,,False,C:\Users\BRIANNA\OneDrive\Documents\GitHub\NSSECU3_MP2\win7_files\Logs\System.evtx,Classic,0,"{""EventData"":{""Data"":[{""@Name"":""FinalStatus"",""#text"":""0x0""},{""@Name"":""DeviceVersionMajor"",""#text"":""6""},{""@Name"":""DeviceVersionMinor"",""#text"":""1""},{""@Name"":""DeviceNameLength"",""#text"":""8""},{""@Name"":""DeviceName"",""#text"":""FileInfo""},{""@Name"":""DeviceTime"",""#text"":""2009-07-13 16:34:25.0000000""}]}}"
2,2,2024-05-27 02:37:49.546875+00:00,5,Info,Microsoft-Windows-Kernel-WHEA,Microsoft-Windows-Kernel-WHEA/Operational,4,8,win7,0,S-1-5-18,,,,,,,,,,,False,C:\Users\BRIANNA\OneDrive\Documents\GitHub\NSSECU3_MP2\win7_files\Logs\Microsoft-Windows-Kernel-WHEA_4Operational.evtx,0x2000000000000000,0,"{""EventData"":{""Data"":[{""@Name"":""ErrorSourceCount"",""#text"":""4""},{""@Name"":""ErrorRecordFormat"",""#text"":""10""},{""@Name"":""ErrorSourceTableLength"",""#text"":""4256""},{""@Name"":""ErrorSourceTable"",""#text"":""E0-C5-CA-04-80-FA-FF-FF-A8-9B-81-02-00-F8-FF-FF-00-00-00-00-00-00-00-80-00-00-00-00-02-00-00-00-28-07-00-00-57-68-65-61-00-00-00-00-00-00-00-00-10-10-CB-04-80-FA-FF-FF-00-00-00-00-00-00-00-00-04-00-00-00-58-01-00-00-00-00-00-00-00-00-00-00-00-00-00-00-00-00-00-00-00-CC-03-00-00-0A-00-00-00-00-00-00-00-02-00-00-00-41-01-00-00-02-00-00-00-04-00-00-00-00-00-00-00-00-00-00-80-00-00-00-00-00-00-01-06-00-00-00-00-00-00-00-00-00-00-00-00-FF-FF-FF-FF-FF-FF-FF-FF-00-01-00-00-00-04-00-00-01-04-00-00-02-04-00-00-03-04-00-00-FF-FF-FF-FF-FF-FF-FF-FF-01-01-00-00-04-04-00-00-05-04-00-00-06-04-00-00-07-04-00-00-FF-FF-FF-FF-FF-FF-FF-FF-02-01-00-00-08-04-00-00-09-04-00-00-0A-04-00-00-0B-04-00-00-FF-FF-FF-FF-FF-FF-FF-FF-03-01-00-00-0C-04-00-00-0D-04-00-00-0E-04-00-00-0F-04-00-00-FF-FF-FF-FF-FF-FF-FF-FF-04-01-00-00-10-04-00-00-11-04-00-00-12-04-00-00-13-04-00-00-FF-FF-FF-FF-FF-FF-FF-FF-05-01-00-00-14-04-00-00-15-04-00-00-16-04-00-00-17-04-00-00-FF-FF-FF-FF-FF-FF-FF-FF-06-01-00-00-18-04-00-00-19-04-00-00-1A-04-00-00-1B-04-00-00-FF-FF-FF-FF-FF-FF-FF-FF-07-01-00-00-1C-04-00-00-1D-04-00-00-1E-04-00-00-1F-04-00-00-FF-FF-FF-FF-FF-FF-FF-FF-08-01-00-00-20-04-00-00-21-04-00-00-22-04-00-00-23-04-00-00-FF-FF-FF-FF-FF-FF-FF-FF-09-01-00-00-24-04-00-00-25-04-00-00-26-04-00-00-27-04-00-00-FF-FF-FF-FF-FF-FF-FF-FF-0A-01-00-00-28-04-00-00-29-04-00-00-2A-04-00-00-2B-04-00-00-FF-FF-FF-FF-FF-FF-FF-FF-0B-01-00-00-2C-04-00-00-2D-04-00-00-2E-04-00-00-2F-04-00-00-FF-FF-FF-FF-FF-FF-FF-FF-0C-01-00-00-30-04-00-00-31-04-00-00-32-04-00-00-33-04-00-00-FF-FF-FF-FF-FF-FF-FF-FF-0D-01-00-00-34-04-00-00-35-04-00-00-36-04-00-00-37-04-00-00-FF-FF-FF-FF-FF-FF-FF-FF-0E-01-00-00-38-04-00-00-39-04-00-00-3A-04-00-00-3B-04-00-00-FF-FF-FF-FF-FF-FF-FF-FF-0F-01-00-00-3C-04-00-00-3D-04-00-00-3E-04-00-00-3F-04-00-00-FF-FF-FF-FF-FF-FF-FF-FF-00-00-00-00-00-00-00-00-00-00-00-00-00-00-00-00-00-00-00-00-00-00-00-00-00-00-00-00-00-00-00-00-00-00-00-00-00-00-00-00-00-00-00-00-00-00-00-00-00-00-00-00-00-00-00-00-00-00-00-00-00-00-00-00-00-00-00-00-00-00-00-00-00-00-00-00-00-00-00-00-00-00-00-00-00-00-00-00-00-00-00-00-00-00-00-00-00-00-00-00-00-00-00-00-00-00-00-00-00-00-00-00-00-00-00-00-00-00-00-00-00-00-00-00-00-00-00-00-00-00-00-00-00-00-00-00-00-00-00-00-00-00-00-00-00-00-00-00-00-00-00-00-00-00-00-00-00-00-00-00-00-00-00-00-00-00-00-00-00-00-00-00-00-00-00-00-00-00-00-00-00-00-00-00-00-00-00-00-00-00-00-00-00-00-00-00-00-00-00-00-00-00-00-00-00-00-00-00-00-00-00-00-00-00-00-00-00-00-00-00-00-00-00-00-00-00-00-00-00-00-00-00-00-00-00-00-00-00-00-00-00-00-00-00-00-00-00-00-00-00-00-00-00-00-00-00-00-00-00-00-00-00-00-00-00-00-00-00-00-00-00-00-00-00-00-00-00-00-00-00-00-00-00-00-00-00-00-00-00-00-00-00-00-00-00-00-00-00-00-00-00-00-00-00-00-00-00-00-00-00-00-00-00-00-00-00-00-00-00-00-00-00-00-00-00-00-00-00-00-00-00-00-00-00-00-00-00-00-00-00-00-00-00-00-00-00-00-00-00-00-00-00-00-00-00-00-00-00-00-00-00-00-00-00-00-00-00-00-00-00-00-00-00-00-00-00-00-00-00-00-00-00-00-00-00-00-00-00-00-00-00-00-00-00-00-00-00-00-00-00-00-00-00-00-00-00-00-00-00-00-00-00-00-00-00-00-00-00-00-00-00-00-00-00-00-00-00-00-00-00-00-00-00-00-00-00-00-00-00-00-00-00-00-00-00-00-00-00-00-00-00-00-00-00-00-00-00-00-00-00-00-00-00-10-B0-CA-04-80-FA-FF-FF-20-CA-CA-04-80-FA-FF-FF-00-00-00-00-00-00-00-80-00-00-00-00-03-00-00-00-28-07-00-00-57-68-65-61-01-00-00-00-00-00-00-00-00-C0-CB-04-80-FA-FF-FF-00-00-00-00-00-00-00-00-04-00-00-00-58-01-00-00-00-00-00-00-00-00-00-00-00-00-00-00-00-00-00-00-00-CC-03-00-00-0A-00-00-00-01-00-00-00-02-00-00-00-41-01-00-00-03-00-00-00-04-00-00-00-01-00-00-00-00-00-00-80-00-00-00-00-01-00-01-06-00-00-00-00-00-1C-00-00-60-EA-00-00-00-00-00-00-00-00-00-00-00-00-00-00-00-00-00-00-00-00-00-00-00-01-00-00-00-04-00-00-01-04-00-00-02-04-00-00-03-04-00-00-FF-FF-FF-FF-FF-FF-FF-FF-01-01-00-00-04-04-00-00-05-04-00-00-06-04-00-00-07-04-00-00-FF-FF-FF-FF-FF-FF-FF-FF-02-01-00-00-08-04-00-00-09-04-00-00-0A-04-00-00-0B-04-00-00-FF-FF-FF-FF-FF-FF-FF-FF-03-01-00-00-0C-04-00-00-0D-04-00-00-0E-04-00-00-0F-04-00-00-FF-FF-FF-FF-FF-FF-FF-FF-04-01-00-00-10-04-00-00-11-04-00-00-12-04-00-00-13-04-00-00-FF-FF-FF-FF-FF-FF-FF-FF-05-01-00-00-14-04-00-00-15-04-00-00-16-04-00-00-17-04-00-00-FF-FF-FF-FF-FF-FF-FF-FF-06-01-00-00-18-04-00-00-19-04-00-00-1A-04-00-00-1B-04-00-00-FF-FF-FF-FF-FF-FF-FF-FF-07-01-00-00-1C-04-00-00-1D-04-00-00-1E-04-00-00-1F-04-00-00-FF-FF-FF-FF-FF-FF-FF-FF-08-01-00-00-20-04-00-00-21-04-00-00-22-04-00-00-23-04-00-00-FF-FF-FF-FF-FF-FF-FF-FF-09-01-00-00-24-04-00-00-25-04-00-00-26-04-00-00-27-04-00-00-FF-FF-FF-FF-FF-FF-FF-FF-0A-01-00-00-28-04-00-00-29-04-00-00-2A-04-00-00-2B-04-00-00-FF-FF-FF-FF-FF-FF-FF-FF-0B-01-00-00-2C-04-00-00-2D-04-00-00-2E-04-00-00-2F-04-00-00-FF-FF-FF-FF-FF-FF-FF-FF-0C-01-00-00-30-04-00-00-31-04-00-00-32-04-00-00-33-04-00-00-FF-FF-FF-FF-FF-FF-FF-FF-0D-01-00-00-34-04-00-00-35-04-00-00-36-04-00-00-37-04-00-00-FF-FF-FF-FF-FF-FF-FF-FF-0E-01-00-00-38-04-00-00-39-04-00-00-3A-04-00-00-3B-04-00-00-FF-FF-FF-FF-FF-FF-FF-FF-0F-01-00-00-3C-04-00-00-3D-04-00-00-3E-04-00-00-3F-04-00-00-FF-FF-FF-FF-FF-FF-FF-FF-00-00-00-00-00-00-00-00-00-00-00-00-00-00-00-00-00-00-00-00-00-00-00-00-00-00-00-00-00-00-00-00-00-00-00-00-00-00-00-00-00-00-00-00-00-00-00-00-00-00-00-00-00-00-00-00-00-00-00-00-00-00-00-00-00-00-00-00-00-00-00-00-00-00-00-00-00-00-00-00-00-00-00-00-00-00-00-00-00-00-00-00-00-00-00-00-00-00-00-00-00-00-00-00-00-00-00-00-00-00-00-00-00-00-00-00-00-00-00-00-00-00-00-00-00-00-00-00-00-00-00-00-00-00-00-00-00-00-00-00-00-00-00-00-00-00-00-00-00-00-00-00-00-00-00-00-00-00-00-00-00-00-00-00-00-00-00-00-00-00-00-00-00-00-00-00-00-00-00-00-00-00-00-00-00-00-00-00-00-00-00-00-00-00-00-00-00-00-00-00-00-00-00-00-00-00-00-00-00-00-00-00-00-00-00-00-00-00-00-00-00-00-00-00-00-00-00-00-00-00-00-00-00-00-00-00-00-00-00-00-00-00-00-00-00-00-00-00-00-00-00-00-00-00-00-00-00-00-00-00-00-00-00-00-00-00-00-00-00-00-00-00-00-00-00-00-00-00-00-00-00-00-00-00-00-00-00-00-00-00-00-00-00-00-00-00-00-00-00-00-00-00-00-00-00-00-00-00-00-00-00-00-00-00-00-00-00-00-00-00-00-00-00-00-00-00-00-00-00-00-00-00-00-00-00-00-00-00-00-00-00-00-00-00-00-00-00-00-00-00-00-00-00-00-00-00-00-00-00-00-00-00-00-00-00-00-00-00-00-00-00-00-00-00-00-00-00-00-00-00-00-00-00-00-00-00-00-00-00-00-00-00-00-00-00-00-00-00-00-00-00-00-00-00-00-00-00-00-00-00-00-00-00-00-00-00-00-00-00-00-00-00-00-00-00-00-00-00-00-00-00-00-00-00-00-00-00-00-00-00-00-00-00-00-00-00-00-00-00-00-00-B0-B5-CA-04-80-FA-FF-FF-E0-C5-CA-04-80-FA-FF-FF-00-00-00-00-00-00-00-80-00-00-00-00-01-00-00-00-C0-06-00-00-57-68-65-61-03-00-00-00-00-00-00-00-40-D9-CB-04-80-FA-FF-FF-00-00-00-00-00-00-00-00-03-00-00-00-C0-01-00-00-00-00-00-00-00-00-00-00-00-00-00-00-00-00-00-00-00-CC-03-00-00-0A-00-00-00-03-00-00-00-02-00-00-00-00-01-00-00-01-00-00-00-03-00-00-00-02-00-00-00-00-00-00-80-00-00-00-00-02-00-01-00-00-00-00-00-00-00-00-00-00-00-00-00-00-00-00-00-00-00-00-00-00-00-00-00-00-00-00-00-00-00-00-00-00-00-00-00-00-00-00-00-00-00-00-00-00-00-00-00-00-00-00-00-00-00-00-00-00-00-00-00-00-00-00-00-00-00-00-00-00-00-00-00-00-00-00-00-00-00-00-00-00-00-00-00-00-00-00-00-00-00-00-00-00-00-00-00-00-00-00-00-00-00-00-00-00-00-00-00-00-00-00-00-00-00-00-00-00-00-00-00-00-00-00-00-00-00-00-00-00-00-00-00-00-00-00-00-00-00-00-00-00-00-00-00-00-00-00-00-00-00-00-00-00-00-00-00-00-00-00-00-00-00-00-00-00-00-00-00-00-00-00-00-00-00-00-00-00-00-00-00-00-00-00-00-00-00-00-00-00-00-00-00-00-00-00-00-00-00-00-00-00-00-00-00-00-00-00-00-00-00-00-00-00-00-00-00-00-00-00-00-00-00-00-00-00-00-00-00-00-00-00-00-00-00-00-00-00-00-00-00-00-00-00-00-00-00-00-00-00-00-00-00-00-00-00-00-00-00-00-00-00-00-00-00-00-00-00-00-00-00-00-00-00-00-00-00-00-00-00-00-00-00-00-00-00-00-00-00-00-00-00-00-00-00-00-00-00-00-00-00-00-00-00-00-00-00-00-00-00-00-00-00-00-00-00-00-00-00-00-00-00-00-00-00-00-00-00-00-00-00-00-00-00-00-00-00-00-00-00-00-00-00-00-00-00-00-00-00-00-00-00-00-00-00-00-00-00-00-00-00-00-00-00-00-00-00-00-00-00-00-00-00-00-00-00-00-00-00-00-00-00-00-00-00-00-00-00-00-00-00-00-00-00-00-00-00-00-00-00-00-00-00-00-00-00-00-00-00-00-00-00-00-00-00-00-00-00-00-00-00-00-00-00-00-00-00-00-00-00-00-00-00-00-00-00-00-00-00-00-00-00-00-00-00-00-00-00-00-00-00-00-00-00-00-00-00-00-00-00-00-00-00-00-00-00-00-00-00-00-00-00-00-00-00-00-00-00-00-00-00-00-00-00-00-00-00-00-00-00-00-00-00-00-00-00-00-00-00-00-00-00-00-00-00-00-00-00-00-00-00-00-00-00-00-00-00-00-00-00-00-00-00-00-00-00-00-00-00-00-00-00-00-00-00-00-00-00-00-00-00-00-00-00-00-00-00-00-00-00-00-00-00-00-00-00-00-00-00-00-00-00-00-00-00-00-00-00-00-00-00-00-00-00-00-00-00-00-00-00-00-00-00-00-00-00-00-00-00-00-00-00-00-00-00-00-00-00-00-00-00-00-00-00-00-00-00-00-00-00-00-00-00-00-00-00-00-00-00-00-00-00-00-00-00-00-00-00-00-00-00-00-00-00-00-00-00-00-00-00-00-00-00-00-00-00-00-00-00-00-00-00-00-00-00-00-00-00-00-00-00-00-00-00-00-00-00-00-00-00-00-00-00-00-00-00-00-00-00-00-00-00-00-00-00-00-00-00-00-00-00-00-00-00-00-00-00-00-00-00-00-00-00-00-00-00-00-00-00-00-00-00-00-00-00-00-00-00-00-00-00-00-00-00-00-00-00-00-00-00-00-00-00-00-00-00-00-00-00-00-00-00-00-00-00-00-00-00-00-00-00-00-00-00-00-00-00-00-00-00-00-00-00-00-00-00-00-00-00-00-00-00-00-00-00-00-00-00-00-00-00-00-00-00-00-00-00-00-00-00-00-00-00-00-00-00-00-00-00-00-00-00-00-00-00-00-00-00-00-00-00-00-00-00-00-00-00-00-00-00-00-00-00-00-00-00-00-00-00-00-00-00-00-00-00-00-00-00-00-00-00-00-00-00-00-00-00-00-00-00-00-00-00-00-00-00-00-00-00-00-00-00-00-00-00-00-00-00-00-00-00-00-00-00-00-00-00-00-00-00-00-00-00-00-00-00-00-00-00-00-00-00-00-00-00-00-00-00-00-00-00-00-00-00-00-00-00-00-00-00-00-00-00-00-00-00-00-00-00-00-00-00-00-00-00-00-00-00-00-00-00-00-A8-9B-81-02-00-F8-FF-FF-10-B0-CA-04-80-FA-FF-FF-00-00-00-00-00-00-00-00-00-00-00-00-00-00-00-00-00-00-00-00-00-00-00-00-07-00-00-00-00-00-00-00-00-00-00-00-00-00-00-00-00-00-00-00-00-00-00-00-00-00-00-00-00-00-00-00-00-00-00-00-00-00-00-00-00-00-00-00-00-00-00-00-01-CC-03-00-00-0A-00-00-00-07-00-00-00-02-00-00-00-00-04-00-00-01-00-00-00-01-00-00-00-03-00-00-00-00-00-00-80-00-00-00-00-00-00-00-00-00-00-00-00-00-00-00-00-00-00-00-00-00-00-00-00-00-00-00-00-00-00-00-00-00-00-00-00-00-00-00-00-00-00-00-00-00-00-00-00-00-00-00-00-00-00-00-00-00-00-00-00-00-00-00-00-00-00-00-00-00-00-00-00-00-00-00-00-00-00-00-00-00-00-00-00-00-00-00-00-00-00-00-00-00-00-00-00-00-00-00-00-00-00-00-00-00-00-00-00-00-00-00-00-00-00-00-00-00-00-00-00-00-00-00-00-00-00-00-00-00-00-00-00-00-00-00-00-00-00-00-00-00-00-00-00-00-00-00-00-00-00-00-00-00-00-00-00-00-00-00-00-00-00-00-00-00-00-00-00-00-00-00-00-00-00-00-00-00-00-00-00-00-00-00-00-00-00-00-00-00-00-00-00-00-00-00-00-00-00-00-00-00-00-00-00-00-00-00-00-00-00-00-00-00-00-00-00-00-00-00-00-00-00-00-00-00-00-00-00-00-00-00-00-00-00-00-00-00-00-00-00-00-00-00-00-00-00-00-00-00-00-00-00-00-00-00-00-00-00-00-00-00-00-00-00-00-00-00-00-00-00-00-00-00-00-00-00-00-00-00-00-00-00-00-00-00-00-00-00-00-00-00-00-00-00-00-00-00-00-00-00-00-00-00-00-00-00-00-00-00-00-00-00-00-00-00-00-00-00-00-00-00-00-00-00-00-00-00-00-00-00-00-00-00-00-00-00-00-00-00-00-00-00-00-00-00-00-00-00-00-00-00-00-00-00-00-00-00-00-00-00-00-00-00-00-00-00-00-00-00-00-00-00-00-00-00-00-00-00-00-00-00-00-00-00-00-00-00-00-00-00-00-00-00-00-00-00-00-00-00-00-00-00-00-00-00-00-00-00-00-00-00-00-00-00-00-00-00-00-00-00-00-00-00-00-00-00-00-00-00-00-00-00-00-00-00-00-00-00-00-00-00-00-00-00-00-00-00-00-00-00-00-00-00-00-00-00-00-00-00-00-00-00-00-00-00-00-00-00-00-00-00-00-00-00-00-00-00-00-00-00-00-00-00-00-00-00-00-00-00-00-00-00-00-00-00-00-00-00-00-00-00-00-00-00-00-00-00-00-00-00-00-00-00-00-00-00-00-00-00-00-00-00-00-00-00-00-00-00-00-00-00-00-00-00-00-00-00-00-00-00-00-00-00-00-00-00-00-00-00-00-00-00-00-00-00-00-00-00-00-00-00-00-00-00-00-00-00-00-00-00-00-00-00-00-00-00-00-00-00-00-00-00-00-00-00-00-00-00-00-00-00-00-00-00-00-00-00-00-00-00-00-00-00-00-00-00-00-00-00-00-00-00-00-00-00-00-00-00-00-00-00-00-00-00-00-00-00-00-00-00-00-00-00-00-00-00-00-00-00-00-00-00-00-00-00-00-00-00-00-00-00-00-00-00-00-00-00-00-00-00-00-00-00-00-00-00-00-00-00-00-00-00-00-00-00-00-00-00-00-00-00-00-00-00-00-00-00-00-00-00-00-00-00-00-00-00-00-00-00-00-00-00-00-00-00-00-00-00-00-00-00-00-00-00-00-00-00-00-00-00-00-00-00-00-00-00-00-00-00-00-00-00-00-00-00-00-00-00-00-00-00-00-00-00-00-00-00-00-00-00-00-00-00-00-00-00-00-00-00-00-00-00-00-00-00-00-00-00-00-00-00-00-00-00-00-00-00-00-00-00-00-00-00-00-00-00-00-00-00-00-00-00-00-00-00-00-00-00-00-00-00-00-00-00-00-00-00-00-00-00-00-00-00-00-00-00-00-00-00-00-00-00-00-00-00-00-00-00-00-00-00-00-00-00-00-00-00-00-00-00-00-00-00-00-00-00-00-00-00-00-00-00-00-00-00-00-00-00-00-00-00-00-00-00-00-00-00-00-00-00-00-00-00-00-00-00-00-00-00-00-00-00-00-00-00-00-00-00-00-00-00-00-00-00-00-00-00-00-00-00-00-00-00-00-00-00-00-00-00-00-00-00-00-00-00-00-00-00-00-00-00-00-00-00-00-00-00-00-00-00-00-00-00-00-00-00-00-00-00""}]}}"
274,274,2024-05-27 02:37:51.859375+00:00,26,Info,Microsoft-Windows-Kernel-Processor-Power,System,4,64,win7,1,S-1-5-18,,,,,,,,,,,False,C:\Users\BRIANNA\OneDrive\Documents\GitHub\NSSECU3_MP2\win7_files\Logs\System.evtx,Classic,0,"{""EventData"":{""Data"":[{""@Name"":""Group"",""#text"":""0""},{""@Name"":""Number"",""#text"":""1""},{""@Name"":""IdleStateCount"",""#text"":""1""},{""@Name"":""PerfStateCount"",""#text"":""0""},{""@Name"":""ThrottleStateCount"",""#text"":""0""}],""ComplexData"":[{""@Name"":""IdleState"",""#text"":""01""},{""@Name"":""PerfState""}]}}"
273,273,2024-05-27 02:37:51.859375+00:00,26,Info,Microsoft-Windows-Kernel-Processor-Power,System,4,64,win7,1,S-1-5-18,,,,,,,,,,,False,C:\Users\BRIANNA\OneDrive\Documents\GitHub\NSSECU3_MP2\win7_files\Logs\System.evtx,Classic,0,"{""EventData"":{""Data"":[{""@Name"":""Group"",""#text"":""0""},{""@Name"":""Number"",""#text"":""0""},{""@Name"":""IdleStateCount"",""#text"":""1""},{""@Name"":""PerfStateCount"",""#text"":""0""},{""@Name"":""ThrottleStateCount"",""#text"":""0""}],""ComplexData"":[{""@Name"":""IdleState"",""#text"":""01""},{""@Name"":""PerfState""}]}}"
39,39,2024-05-27 02:38:00.859375+00:00,4608,LogAlways,Microsoft-Windows-Security-Auditing,Security,468,472,win7,0,,Windows is starting up,,,,,,,,,,False,C:\Users\BRIANNA\OneDrive\Documents\GitHub\NSSECU3_MP2\win7_files\Logs\Security.evtx,Audit success,0,"{""EventData"":""""}"
40,40,2024-05-27 02:38:00.890625+00:00,4624,LogAlways,Microsoft-Windows-Security-Auditing,Security,468,472,win7,0,,Successful logon,-\-,- (-),Target: NT AUTHORITY\SYSTEM,LogonType 0,LogonId: 0x3E7,AuthenticationPackageName: -,LogonProcessName: -,,,False,C:\Users\BRIANNA\OneDrive\Documents\GitHub\NSSECU3_MP2\win7_files\Logs\Security.evtx,Audit success,0,"{""EventData"":{""Data"":[{""@Name"":""SubjectUserSid"",""#text"":""S-1-0-0""},{""@Name"":""SubjectUserName"",""#text"":""-""},{""@Name"":""SubjectDomainName"",""#text"":""-""},{""@Name"":""SubjectLogonId"",""#text"":""0x0""},{""@Name"":""TargetUserSid"",""#text"":""S-1-5-18""},{""@Name"":""TargetUserName"",""#text"":""SYSTEM""},{""@Name"":""TargetDomainName"",""#text"":""NT AUTHORITY""},{""@Name"":""TargetLogonId"",""#text"":""0x3E7""},{""@Name"":""LogonType"",""#text"":""0""},{""@Name"":""LogonProcessName"",""#text"":""-""},{""@Name"":""AuthenticationPackageName"",""#text"":""-""},{""@Name"":""WorkstationName"",""#text"":""-""},{""@Name"":""LogonGuid"",""#text"":""00000000-0000-0000-0000-000000000000""},{""@Name"":""TransmittedServices"",""#text"":""-""},{""@Name"":""LmPackageName"",""#text"":""-""},{""@Name"":""KeyLength"",""#text"":""0""},{""@Name"":""ProcessId"",""#text"":""0x4""},{""@Name"":""ProcessName""},{""@Name"":""IpAddress"",""#text"":""-""},{""@Name"":""IpPort"",""#text"":""-""}]}}"
41,41,2024-05-27 02:38:02.984375+00:00,4902,LogAlways,Microsoft-Windows-Security-Auditing,Security,468,532,win7,0,,,,,,,,,,,,False,C:\Users\BRIANNA\OneDrive\Documents\GitHub\NSSECU3_MP2\win7_files\Logs\Security.evtx,Audit success,0,"{""EventData"":{""Data"":[{""@Name"":""PuaCount"",""#text"":""0""},{""@Name"":""PuaPolicyId"",""#text"":""0x66F5""}]}}"
43,43,2024-05-27 02:38:03.296875+00:00,4672,LogAlways,Microsoft-Windows-Security-Auditing,Security,468,504,win7,0,,Administrative logon,NT AUTHORITY\SYSTEM (S-1-5-18),,"PrivilegeList: SeAssignPrimaryTokenPrivilege, SeTcbPrivilege, SeSecurityPrivilege, SeTakeOwnershipPrivilege, SeLoadDriverPrivilege, SeBackupPrivilege, SeRestorePrivilege, SeDebugPrivilege, SeAuditPrivilege, SeSystemEnvironmentPrivilege, SeImpersonatePrivilege",LogonId: 0x3E7,,,,,,False,C:\Users\BRIANNA\OneDrive\Documents\GitHub\NSSECU3_MP2\win7_files\Logs\Security.evtx,Audit success,0,"{""EventData"":{""Data"":[{""@Name"":""SubjectUserSid"",""#text"":""S-1-5-18""},{""@Name"":""SubjectUserName"",""#text"":""SYSTEM""},{""@Name"":""SubjectDomainName"",""#text"":""NT AUTHORITY""},{""@Name"":""SubjectLogonId"",""#text"":""0x3E7""},{""@Name"":""PrivilegeList"",""#text"":""SeAssignPrimaryTokenPrivilege, SeTcbPrivilege, SeSecurityPrivilege, SeTakeOwnershipPrivilege, SeLoadDriverPrivilege, SeBackupPrivilege, SeRestorePrivilege, SeDebugPrivilege, SeAuditPrivilege, SeSystemEnvironmentPrivilege, SeImpersonatePrivilege""}]}}"
42,42,2024-05-27 02:38:03.296875+00:00,4624,LogAlways,Microsoft-Windows-Security-Auditing,Security,468,504,win7,0,,Successful logon,WORKGROUP\WIN-QJNMT3LEKTG$, (-),Target: NT AUTHORITY\SYSTEM,LogonType 5,LogonId: 0x3E7,AuthenticationPackageName: Negotiate,LogonProcessName: Advapi  ,,C:\Windows\System32\services.exe,False,C:\Users\BRIANNA\OneDrive\Documents\GitHub\NSSECU3_MP2\win7_files\Logs\Security.evtx,Audit success,0,"{""EventData"":{""Data"":[{""@Name"":""SubjectUserSid"",""#text"":""S-1-5-18""},{""@Name"":""SubjectUserName"",""#text"":""WIN-QJNMT3LEKTG$""},{""@Name"":""SubjectDomainName"",""#text"":""WORKGROUP""},{""@Name"":""SubjectLogonId"",""#text"":""0x3E7""},{""@Name"":""TargetUserSid"",""#text"":""S-1-5-18""},{""@Name"":""TargetUserName"",""#text"":""SYSTEM""},{""@Name"":""TargetDomainName"",""#text"":""NT AUTHORITY""},{""@Name"":""TargetLogonId"",""#text"":""0x3E7""},{""@Name"":""LogonType"",""#text"":""5""},{""@Name"":""LogonProcessName"",""#text"":""Advapi  ""},{""@Name"":""AuthenticationPackageName"",""#text"":""Negotiate""},{""@Name"":""WorkstationName""},{""@Name"":""LogonGuid"",""#text"":""00000000-0000-0000-0000-000000000000""},{""@Name"":""TransmittedServices"",""#text"":""-""},{""@Name"":""LmPackageName"",""#text"":""-""},{""@Name"":""KeyLength"",""#text"":""0""},{""@Name"":""ProcessId"",""#text"":""0x1BC""},{""@Name"":""ProcessName"",""#text"":""C:\\Windows\\System32\\services.exe""},{""@Name"":""IpAddress"",""#text"":""-""},{""@Name"":""IpPort"",""#text"":""-""}]}}"
276,276,2024-05-27 02:38:03.890625+00:00,20010,Info,Microsoft-Windows-UserPnp,System,568,584,win7,1,S-1-5-18,,,,,,,,,,,False,C:\Users\BRIANNA\OneDrive\Documents\GitHub\NSSECU3_MP2\win7_files\Logs\System.evtx,Classic,0,"{""UserData"":{""INFO_PNP_STATE"":{""InstallSubsystemState"":""True"",""CachingSubsystemState"":""True""}}}"
275,275,2024-05-27 02:38:03.890625+00:00,7036,Info,Service Control Manager,System,444,560,win7,1,,Service started or stopped,,,Name: Plug and Play | Plug and Play,Status: running,,,,,,False,C:\Users\BRIANNA\OneDrive\Documents\GitHub\NSSECU3_MP2\win7_files\Logs\System.evtx,"Audit success, classic",0,"{""EventData"":{""Data"":[{""@Name"":""param1"",""#text"":""Plug and Play""},{""@Name"":""param2"",""#text"":""running""}],""Binary"":""50-00-6C-00-75-00-67-00-50-00-6C-00-61-00-79-00-2F-00-34-00-00-00""}}"
45,45,2024-05-27 02:38:04.765625+00:00,4672,LogAlways,Microsoft-Windows-Security-Auditing,Security,468,504,win7,0,,Administrative logon,NT AUTHORITY\NETWORK SERVICE (S-1-5-20),,"PrivilegeList: SeAssignPrimaryTokenPrivilege, SeAuditPrivilege, SeImpersonatePrivilege",LogonId: 0x3E4,,,,,,False,C:\Users\BRIANNA\OneDrive\Documents\GitHub\NSSECU3_MP2\win7_files\Logs\Security.evtx,Audit success,0,"{""EventData"":{""Data"":[{""@Name"":""SubjectUserSid"",""#text"":""S-1-5-20""},{""@Name"":""SubjectUserName"",""#text"":""NETWORK SERVICE""},{""@Name"":""SubjectDomainName"",""#text"":""NT AUTHORITY""},{""@Name"":""SubjectLogonId"",""#text"":""0x3E4""},{""@Name"":""PrivilegeList"",""#text"":""SeAssignPrimaryTokenPrivilege, SeAuditPrivilege, SeImpersonatePrivilege""}]}}"
277,277,2024-05-27 02:38:04.765625+00:00,7036,Info,Service Control Manager,System,444,540,win7,1,,Service started or stopped,,,Name: Power | Power,Status: running,,,,,,False,C:\Users\BRIANNA\OneDrive\Documents\GitHub\NSSECU3_MP2\win7_files\Logs\System.evtx,"Audit success, classic",0,"{""EventData"":{""Data"":[{""@Name"":""param1"",""#text"":""Power""},{""@Name"":""param2"",""#text"":""running""}],""Binary"":""50-00-6F-00-77-00-65-00-72-00-2F-00-34-00-00-00""}}"
44,44,2024-05-27 02:38:04.765625+00:00,4624,LogAlways,Microsoft-Windows-Security-Auditing,Security,468,504,win7,0,,Successful logon,WORKGROUP\WIN-QJNMT3LEKTG$, (-),Target: NT AUTHORITY\NETWORK SERVICE,LogonType 5,LogonId: 0x3E4,AuthenticationPackageName: Negotiate,LogonProcessName: Advapi  ,,C:\Windows\System32\services.exe,False,C:\Users\BRIANNA\OneDrive\Documents\GitHub\NSSECU3_MP2\win7_files\Logs\Security.evtx,Audit success,0,"{""EventData"":{""Data"":[{""@Name"":""SubjectUserSid"",""#text"":""S-1-5-18""},{""@Name"":""SubjectUserName"",""#text"":""WIN-QJNMT3LEKTG$""},{""@Name"":""SubjectDomainName"",""#text"":""WORKGROUP""},{""@Name"":""SubjectLogonId"",""#text"":""0x3E7""},{""@Name"":""TargetUserSid"",""#text"":""S-1-5-20""},{""@Name"":""TargetUserName"",""#text"":""NETWORK SERVICE""},{""@Name"":""TargetDomainName"",""#text"":""NT AUTHORITY""},{""@Name"":""TargetLogonId"",""#text"":""0x3E4""},{""@Name"":""LogonType"",""#text"":""5""},{""@Name"":""LogonProcessName"",""#text"":""Advapi  ""},{""@Name"":""AuthenticationPackageName"",""#text"":""Negotiate""},{""@Name"":""WorkstationName""},{""@Name"":""LogonGuid"",""#text"":""00000000-0000-0000-0000-000000000000""},{""@Name"":""TransmittedServices"",""#text"":""-""},{""@Name"":""LmPackageName"",""#text"":""-""},{""@Name"":""KeyLength"",""#text"":""0""},{""@Name"":""ProcessId"",""#text"":""0x1BC""},{""@Name"":""ProcessName"",""#text"":""C:\\Windows\\System32\\services.exe""},{""@Name"":""IpAddress"",""#text"":""-""},{""@Name"":""IpPort"",""#text"":""-""}]}}"
278,278,2024-05-27 02:38:04.843750+00:00,7036,Info,Service Control Manager,System,444,540,win7,1,,Service started or stopped,,,Name: DCOM Server Process Launcher | DCOM Server Process Launcher,Status: running,,,,,,False,C:\Users\BRIANNA\OneDrive\Documents\GitHub\NSSECU3_MP2\win7_files\Logs\System.evtx,"Audit success, classic",0,"{""EventData"":{""Data"":[{""@Name"":""param1"",""#text"":""DCOM Server Process Launcher""},{""@Name"":""param2"",""#text"":""running""}],""Binary"":""44-00-63-00-6F-00-6D-00-4C-00-61-00-75-00-6E-00-63-00-68-00-2F-00-34-00-00-00""}}"
279,279,2024-05-27 02:38:04.875000+00:00,7036,Info,Service Control Manager,System,444,560,win7,1,,Service started or stopped,,,Name: RPC Endpoint Mapper | RPC Endpoint Mapper,Status: running,,,,,,False,C:\Users\BRIANNA\OneDrive\Documents\GitHub\NSSECU3_MP2\win7_files\Logs\System.evtx,"Audit success, classic",0,"{""EventData"":{""Data"":[{""@Name"":""param1"",""#text"":""RPC Endpoint Mapper""},{""@Name"":""param2"",""#text"":""running""}],""Binary"":""52-00-70-00-63-00-45-00-70-00-74-00-4D-00-61-00-70-00-70-00-65-00-72-00-2F-00-34-00-00-00""}}"
280,280,2024-05-27 02:38:04.953125+00:00,7036,Info,Service Control Manager,System,444,560,win7,1,,Service started or stopped,,,Name: Remote Procedure Call (RPC) | Remote Procedure Call (RPC),Status: running,,,,,,False,C:\Users\BRIANNA\OneDrive\Documents\GitHub\NSSECU3_MP2\win7_files\Logs\System.evtx,"Audit success, classic",0,"{""EventData"":{""Data"":[{""@Name"":""param1"",""#text"":""Remote Procedure Call (RPC)""},{""@Name"":""param2"",""#text"":""running""}],""Binary"":""52-00-70-00-63-00-53-00-73-00-2F-00-34-00-00-00""}}"
2,2,2024-05-27 02:38:06.828125+00:00,9,Info,Microsoft-Windows-WindowsSystemAssessmentTool,Microsoft-Windows-WindowsSystemAssessmentTool/Operational,764,768,win7,0,S-1-5-18,,,,,,,,,,,False,C:\Users\BRIANNA\OneDrive\Documents\GitHub\NSSECU3_MP2\win7_files\Logs\Microsoft-Windows-WindowsSystemAssessmentTool_4Operational.evtx,Classic,0,"{""EventData"":{""Data"":[{""@Name"":""PhaseID"",""#text"":""10""},{""@Name"":""DescriptionSize"",""#text"":""25""},{""@Name"":""Description"",""#text"":""Application Intializaton""}]}}"
1,1,2024-05-27 02:38:06.828125+00:00,1,LogAlways,Microsoft-Windows-WindowsSystemAssessmentTool,Microsoft-Windows-WindowsSystemAssessmentTool/Operational,764,768,win7,0,S-1-5-18,,,,,,,,,,,False,C:\Users\BRIANNA\OneDrive\Documents\GitHub\NSSECU3_MP2\win7_files\Logs\Microsoft-Windows-WindowsSystemAssessmentTool_4Operational.evtx,Classic,0,"{""EventData"":{""Data"":{""@Name"":""StartTimeOfDay"",""#text"":""2024-05-27 02:38:06.8281250""}}}"
3,3,2024-05-27 02:38:06.859375+00:00,2,LogAlways,Microsoft-Windows-WindowsSystemAssessmentTool,Microsoft-Windows-WindowsSystemAssessmentTool/Operational,764,768,win7,0,S-1-5-18,,,,,,,,,,,False,C:\Users\BRIANNA\OneDrive\Documents\GitHub\NSSECU3_MP2\win7_files\Logs\Microsoft-Windows-WindowsSystemAssessmentTool_4Operational.evtx,Classic,0,"{""EventData"":{""Data"":[{""@Name"":""CommandLineSize"",""#text"":""139""},{""@Name"":""CommandLine"",""#text"":""\""C:\\Windows\\system32\\winsat.exe\"" moobe -cancelevent b4bd2193-e81c-439a-b596-a517a0a959d2 -moobegoevent fe9a9f7f-94ee-43cf-ae9c-3452a7b8bf44""}]}}"
4,4,2024-05-27 02:38:06.968750+00:00,9,Info,Microsoft-Windows-WindowsSystemAssessmentTool,Microsoft-Windows-WindowsSystemAssessmentTool/Operational,764,768,win7,0,S-1-5-18,,,,,,,,,,,False,C:\Users\BRIANNA\OneDrive\Documents\GitHub\NSSECU3_MP2\win7_files\Logs\Microsoft-Windows-WindowsSystemAssessmentTool_4Operational.evtx,Classic,0,"{""EventData"":{""Data"":[{""@Name"":""PhaseID"",""#text"":""20""},{""@Name"":""DescriptionSize"",""#text"":""23""},{""@Name"":""Description"",""#text"":""Modify system policies""}]}}"
5,5,2024-05-27 02:38:08.046875+00:00,10,Info,Microsoft-Windows-WindowsSystemAssessmentTool,Microsoft-Windows-WindowsSystemAssessmentTool/Operational,764,768,win7,0,S-1-5-18,,,,,,,,,,,False,C:\Users\BRIANNA\OneDrive\Documents\GitHub\NSSECU3_MP2\win7_files\Logs\Microsoft-Windows-WindowsSystemAssessmentTool_4Operational.evtx,Classic,0,"{""EventData"":{""Data"":{""@Name"":""PhaseID"",""#text"":""20""}}}"
8,8,2024-05-27 02:38:08.062500+00:00,10,Info,Microsoft-Windows-WindowsSystemAssessmentTool,Microsoft-Windows-WindowsSystemAssessmentTool/Operational,764,768,win7,0,S-1-5-18,,,,,,,,,,,False,C:\Users\BRIANNA\OneDrive\Documents\GitHub\NSSECU3_MP2\win7_files\Logs\Microsoft-Windows-WindowsSystemAssessmentTool_4Operational.evtx,Classic,0,"{""EventData"":{""Data"":{""@Name"":""PhaseID"",""#text"":""40""}}}"
7,7,2024-05-27 02:38:08.062500+00:00,9,Info,Microsoft-Windows-WindowsSystemAssessmentTool,Microsoft-Windows-WindowsSystemAssessmentTool/Operational,764,768,win7,0,S-1-5-18,,,,,,,,,,,False,C:\Users\BRIANNA\OneDrive\Documents\GitHub\NSSECU3_MP2\win7_files\Logs\Microsoft-Windows-WindowsSystemAssessmentTool_4Operational.evtx,Classic,0,"{""EventData"":{""Data"":[{""@Name"":""PhaseID"",""#text"":""40""},{""@Name"":""DescriptionSize"",""#text"":""23""},{""@Name"":""Description"",""#text"":""Gather CPU information""}]}}"
6,6,2024-05-27 02:38:08.062500+00:00,9,Info,Microsoft-Windows-WindowsSystemAssessmentTool,Microsoft-Windows-WindowsSystemAssessmentTool/Operational,764,768,win7,0,S-1-5-18,,,,,,,,,,,False,C:\Users\BRIANNA\OneDrive\Documents\GitHub\NSSECU3_MP2\win7_files\Logs\Microsoft-Windows-WindowsSystemAssessmentTool_4Operational.evtx,Classic,0,"{""EventData"":{""Data"":[{""@Name"":""PhaseID"",""#text"":""30""},{""@Name"":""DescriptionSize"",""#text"":""19""},{""@Name"":""Description"",""#text"":""Gathering Key Info""}]}}"
14,14,2024-05-27 02:38:08.062500+00:00,9,Info,Microsoft-Windows-WindowsSystemAssessmentTool,Microsoft-Windows-WindowsSystemAssessmentTool/Operational,764,768,win7,0,S-1-5-18,,,,,,,,,,,False,C:\Users\BRIANNA\OneDrive\Documents\GitHub\NSSECU3_MP2\win7_files\Logs\Microsoft-Windows-WindowsSystemAssessmentTool_4Operational.evtx,Classic,0,"{""EventData"":{""Data"":[{""@Name"":""PhaseID"",""#text"":""80""},{""@Name"":""DescriptionSize"",""#text"":""28""},{""@Name"":""Description"",""#text"":""Get DX9 Device capabilities""}]}}"
15,15,2024-05-27 02:38:08.062500+00:00,10,Info,Microsoft-Windows-WindowsSystemAssessmentTool,Microsoft-Windows-WindowsSystemAssessmentTool/Operational,764,768,win7,0,S-1-5-18,,,,,,,,,,,False,C:\Users\BRIANNA\OneDrive\Documents\GitHub\NSSECU3_MP2\win7_files\Logs\Microsoft-Windows-WindowsSystemAssessmentTool_4Operational.evtx,Classic,0,"{""EventData"":{""Data"":{""@Name"":""PhaseID"",""#text"":""80""}}}"
13,13,2024-05-27 02:38:08.062500+00:00,10,Info,Microsoft-Windows-WindowsSystemAssessmentTool,Microsoft-Windows-WindowsSystemAssessmentTool/Operational,764,768,win7,0,S-1-5-18,,,,,,,,,,,False,C:\Users\BRIANNA\OneDrive\Documents\GitHub\NSSECU3_MP2\win7_files\Logs\Microsoft-Windows-WindowsSystemAssessmentTool_4Operational.evtx,Classic,0,"{""EventData"":{""Data"":{""@Name"":""PhaseID"",""#text"":""70""}}}"
12,12,2024-05-27 02:38:08.062500+00:00,9,Info,Microsoft-Windows-WindowsSystemAssessmentTool,Microsoft-Windows-WindowsSystemAssessmentTool/Operational,764,768,win7,0,S-1-5-18,,,,,,,,,,,False,C:\Users\BRIANNA\OneDrive\Documents\GitHub\NSSECU3_MP2\win7_files\Logs\Microsoft-Windows-WindowsSystemAssessmentTool_4Operational.evtx,Classic,0,"{""EventData"":{""Data"":[{""@Name"":""PhaseID"",""#text"":""70""},{""@Name"":""DescriptionSize"",""#text"":""17""},{""@Name"":""Description"",""#text"":""Initializing DX9""}]}}"
10,10,2024-05-27 02:38:08.062500+00:00,9,Info,Microsoft-Windows-WindowsSystemAssessmentTool,Microsoft-Windows-WindowsSystemAssessmentTool/Operational,764,768,win7,0,S-1-5-18,,,,,,,,,,,False,C:\Users\BRIANNA\OneDrive\Documents\GitHub\NSSECU3_MP2\win7_files\Logs\Microsoft-Windows-WindowsSystemAssessmentTool_4Operational.evtx,Classic,0,"{""EventData"":{""Data"":[{""@Name"":""PhaseID"",""#text"":""60""},{""@Name"":""DescriptionSize"",""#text"":""27""},{""@Name"":""Description"",""#text"":""Gather Monitor information""}]}}"
9,9,2024-05-27 02:38:08.062500+00:00,9,Info,Microsoft-Windows-WindowsSystemAssessmentTool,Microsoft-Windows-WindowsSystemAssessmentTool/Operational,764,768,win7,0,S-1-5-18,,,,,,,,,,,False,C:\Users\BRIANNA\OneDrive\Documents\GitHub\NSSECU3_MP2\win7_files\Logs\Microsoft-Windows-WindowsSystemAssessmentTool_4Operational.evtx,Classic,0,"{""EventData"":{""Data"":[{""@Name"":""PhaseID"",""#text"":""50""},{""@Name"":""DescriptionSize"",""#text"":""28""},{""@Name"":""Description"",""#text"":""Gather Graphics information""}]}}"
16,16,2024-05-27 02:38:08.062500+00:00,9,Info,Microsoft-Windows-WindowsSystemAssessmentTool,Microsoft-Windows-WindowsSystemAssessmentTool/Operational,764,768,win7,0,S-1-5-18,,,,,,,,,,,False,C:\Users\BRIANNA\OneDrive\Documents\GitHub\NSSECU3_MP2\win7_files\Logs\Microsoft-Windows-WindowsSystemAssessmentTool_4Operational.evtx,Classic,0,"{""EventData"":{""Data"":[{""@Name"":""PhaseID"",""#text"":""90""},{""@Name"":""DescriptionSize"",""#text"":""24""},{""@Name"":""Description"",""#text"":""Get Adapter Description""}]}}"
11,11,2024-05-27 02:38:08.062500+00:00,10,Info,Microsoft-Windows-WindowsSystemAssessmentTool,Microsoft-Windows-WindowsSystemAssessmentTool/Operational,764,768,win7,0,S-1-5-18,,,,,,,,,,,False,C:\Users\BRIANNA\OneDrive\Documents\GitHub\NSSECU3_MP2\win7_files\Logs\Microsoft-Windows-WindowsSystemAssessmentTool_4Operational.evtx,Classic,0,"{""EventData"":{""Data"":{""@Name"":""PhaseID"",""#text"":""60""}}}"
17,17,2024-05-27 02:38:08.078125+00:00,10,Info,Microsoft-Windows-WindowsSystemAssessmentTool,Microsoft-Windows-WindowsSystemAssessmentTool/Operational,764,768,win7,0,S-1-5-18,,,,,,,,,,,False,C:\Users\BRIANNA\OneDrive\Documents\GitHub\NSSECU3_MP2\win7_files\Logs\Microsoft-Windows-WindowsSystemAssessmentTool_4Operational.evtx,Classic,0,"{""EventData"":{""Data"":{""@Name"":""PhaseID"",""#text"":""90""}}}"
20,20,2024-05-27 02:38:08.093750+00:00,10,Info,Microsoft-Windows-WindowsSystemAssessmentTool,Microsoft-Windows-WindowsSystemAssessmentTool/Operational,764,768,win7,0,S-1-5-18,,,,,,,,,,,False,C:\Users\BRIANNA\OneDrive\Documents\GitHub\NSSECU3_MP2\win7_files\Logs\Microsoft-Windows-WindowsSystemAssessmentTool_4Operational.evtx,Classic,0,"{""EventData"":{""Data"":{""@Name"":""PhaseID"",""#text"":""10""}}}"
18,18,2024-05-27 02:38:08.093750+00:00,10,Info,Microsoft-Windows-WindowsSystemAssessmentTool,Microsoft-Windows-WindowsSystemAssessmentTool/Operational,764,768,win7,0,S-1-5-18,,,,,,,,,,,False,C:\Users\BRIANNA\OneDrive\Documents\GitHub\NSSECU3_MP2\win7_files\Logs\Microsoft-Windows-WindowsSystemAssessmentTool_4Operational.evtx,Classic,0,"{""EventData"":{""Data"":{""@Name"":""PhaseID"",""#text"":""50""}}}"
19,19,2024-05-27 02:38:08.093750+00:00,10,Info,Microsoft-Windows-WindowsSystemAssessmentTool,Microsoft-Windows-WindowsSystemAssessmentTool/Operational,764,768,win7,0,S-1-5-18,,,,,,,,,,,False,C:\Users\BRIANNA\OneDrive\Documents\GitHub\NSSECU3_MP2\win7_files\Logs\Microsoft-Windows-WindowsSystemAssessmentTool_4Operational.evtx,Classic,0,"{""EventData"":{""Data"":{""@Name"":""PhaseID"",""#text"":""30""}}}"
21,21,2024-05-27 02:38:08.093750+00:00,9,Info,Microsoft-Windows-WindowsSystemAssessmentTool,Microsoft-Windows-WindowsSystemAssessmentTool/Operational,764,768,win7,0,S-1-5-18,,,,,,,,,,,False,C:\Users\BRIANNA\OneDrive\Documents\GitHub\NSSECU3_MP2\win7_files\Logs\Microsoft-Windows-WindowsSystemAssessmentTool_4Operational.evtx,Classic,0,"{""EventData"":{""Data"":[{""@Name"":""PhaseID"",""#text"":""1001""},{""@Name"":""DescriptionSize"",""#text"":""27""},{""@Name"":""Description"",""#text"":""Run Assessment, features, ""}]}}"
22,22,2024-05-27 02:38:08.109375+00:00,9,Info,Microsoft-Windows-WindowsSystemAssessmentTool,Microsoft-Windows-WindowsSystemAssessmentTool/Operational,764,768,win7,0,S-1-5-18,,,,,,,,,,,False,C:\Users\BRIANNA\OneDrive\Documents\GitHub\NSSECU3_MP2\win7_files\Logs\Microsoft-Windows-WindowsSystemAssessmentTool_4Operational.evtx,Classic,0,"{""EventData"":{""Data"":[{""@Name"":""PhaseID"",""#text"":""120""},{""@Name"":""DescriptionSize"",""#text"":""33""},{""@Name"":""Description"",""#text"":""Get graphics adapter information""}]}}"
23,23,2024-05-27 02:38:08.375000+00:00,10,Info,Microsoft-Windows-WindowsSystemAssessmentTool,Microsoft-Windows-WindowsSystemAssessmentTool/Operational,764,768,win7,0,S-1-5-18,,,,,,,,,,,False,C:\Users\BRIANNA\OneDrive\Documents\GitHub\NSSECU3_MP2\win7_files\Logs\Microsoft-Windows-WindowsSystemAssessmentTool_4Operational.evtx,Classic,0,"{""EventData"":{""Data"":{""@Name"":""PhaseID"",""#text"":""120""}}}"
25,25,2024-05-27 02:38:08.390625+00:00,9,Info,Microsoft-Windows-WindowsSystemAssessmentTool,Microsoft-Windows-WindowsSystemAssessmentTool/Operational,764,768,win7,0,S-1-5-18,,,,,,,,,,,False,C:\Users\BRIANNA\OneDrive\Documents\GitHub\NSSECU3_MP2\win7_files\Logs\Microsoft-Windows-WindowsSystemAssessmentTool_4Operational.evtx,Classic,0,"{""EventData"":{""Data"":[{""@Name"":""PhaseID"",""#text"":""1005""},{""@Name"":""DescriptionSize"",""#text"":""166""},{""@Name"":""Description"",""#text"":""Run Assessment, dwm, -aname DWM -time 10 -fbc 10 -disp off -normalw 12 -width 1280 -height 1024 -winwidth C(1144) -winheight C(915) -rendertotex 6 -rtdelta 3 -nolock""}]}}"
24,24,2024-05-27 02:38:08.390625+00:00,10,Info,Microsoft-Windows-WindowsSystemAssessmentTool,Microsoft-Windows-WindowsSystemAssessmentTool/Operational,764,768,win7,0,S-1-5-18,,,,,,,,,,,False,C:\Users\BRIANNA\OneDrive\Documents\GitHub\NSSECU3_MP2\win7_files\Logs\Microsoft-Windows-WindowsSystemAssessmentTool_4Operational.evtx,Classic,0,"{""EventData"":{""Data"":{""@Name"":""PhaseID"",""#text"":""1001""}}}"
27,27,2024-05-27 02:38:08.968750+00:00,9,Info,Microsoft-Windows-WindowsSystemAssessmentTool,Microsoft-Windows-WindowsSystemAssessmentTool/Operational,764,768,win7,0,S-1-5-18,,,,,,,,,,,False,C:\Users\BRIANNA\OneDrive\Documents\GitHub\NSSECU3_MP2\win7_files\Logs\Microsoft-Windows-WindowsSystemAssessmentTool_4Operational.evtx,Classic,0,"{""EventData"":{""Data"":[{""@Name"":""PhaseID"",""#text"":""130""},{""@Name"":""DescriptionSize"",""#text"":""16""},{""@Name"":""Description"",""#text"":""Process Results""}]}}"
26,26,2024-05-27 02:38:08.968750+00:00,10,Info,Microsoft-Windows-WindowsSystemAssessmentTool,Microsoft-Windows-WindowsSystemAssessmentTool/Operational,764,768,win7,0,S-1-5-18,,,,,,,,,,,False,C:\Users\BRIANNA\OneDrive\Documents\GitHub\NSSECU3_MP2\win7_files\Logs\Microsoft-Windows-WindowsSystemAssessmentTool_4Operational.evtx,Classic,0,"{""EventData"":{""Data"":{""@Name"":""PhaseID"",""#text"":""1005""}}}"
29,29,2024-05-27 02:38:09.140625+00:00,9,Info,Microsoft-Windows-WindowsSystemAssessmentTool,Microsoft-Windows-WindowsSystemAssessmentTool/Operational,764,768,win7,0,S-1-5-18,,,,,,,,,,,False,C:\Users\BRIANNA\OneDrive\Documents\GitHub\NSSECU3_MP2\win7_files\Logs\Microsoft-Windows-WindowsSystemAssessmentTool_4Operational.evtx,Classic,0,"{""EventData"":{""Data"":[{""@Name"":""PhaseID"",""#text"":""150""},{""@Name"":""DescriptionSize"",""#text"":""17""},{""@Name"":""Description"",""#text"":""Cleanup and exit""}]}}"
28,28,2024-05-27 02:38:09.140625+00:00,10,Info,Microsoft-Windows-WindowsSystemAssessmentTool,Microsoft-Windows-WindowsSystemAssessmentTool/Operational,764,768,win7,0,S-1-5-18,,,,,,,,,,,False,C:\Users\BRIANNA\OneDrive\Documents\GitHub\NSSECU3_MP2\win7_files\Logs\Microsoft-Windows-WindowsSystemAssessmentTool_4Operational.evtx,Classic,0,"{""EventData"":{""Data"":{""@Name"":""PhaseID"",""#text"":""130""}}}"
30,30,2024-05-27 02:38:09.156250+00:00,9,Info,Microsoft-Windows-WindowsSystemAssessmentTool,Microsoft-Windows-WindowsSystemAssessmentTool/Operational,764,768,win7,0,S-1-5-18,,,,,,,,,,,False,C:\Users\BRIANNA\OneDrive\Documents\GitHub\NSSECU3_MP2\win7_files\Logs\Microsoft-Windows-WindowsSystemAssessmentTool_4Operational.evtx,Classic,0,"{""EventData"":{""Data"":[{""@Name"":""PhaseID"",""#text"":""140""},{""@Name"":""DescriptionSize"",""#text"":""24""},{""@Name"":""Description"",""#text"":""Restore system policies""}]}}"
31,31,2024-05-27 02:38:09.187500+00:00,10,Info,Microsoft-Windows-WindowsSystemAssessmentTool,Microsoft-Windows-WindowsSystemAssessmentTool/Operational,764,768,win7,0,S-1-5-18,,,,,,,,,,,False,C:\Users\BRIANNA\OneDrive\Documents\GitHub\NSSECU3_MP2\win7_files\Logs\Microsoft-Windows-WindowsSystemAssessmentTool_4Operational.evtx,Classic,0,"{""EventData"":{""Data"":{""@Name"":""PhaseID"",""#text"":""140""}}}"
32,32,2024-05-27 02:38:09.203125+00:00,3,LogAlways,Microsoft-Windows-WindowsSystemAssessmentTool,Microsoft-Windows-WindowsSystemAssessmentTool/Operational,764,768,win7,0,S-1-5-18,,,,,,,,,,,False,C:\Users\BRIANNA\OneDrive\Documents\GitHub\NSSECU3_MP2\win7_files\Logs\Microsoft-Windows-WindowsSystemAssessmentTool_4Operational.evtx,Classic,0,"{""EventData"":{""Data"":{""@Name"":""ExitCode"",""#text"":""0""}}}"
281,281,2024-05-27 02:38:09.515625+00:00,7036,Info,Service Control Manager,System,444,528,win7,1,,Service started or stopped,,,Name: Software Protection | Software Protection,Status: running,,,,,,False,C:\Users\BRIANNA\OneDrive\Documents\GitHub\NSSECU3_MP2\win7_files\Logs\System.evtx,"Audit success, classic",0,"{""EventData"":{""Data"":[{""@Name"":""param1"",""#text"":""Software Protection""},{""@Name"":""param2"",""#text"":""running""}],""Binary"":""73-00-70-00-70-00-73-00-76-00-63-00-2F-00-34-00-00-00""}}"
47,47,2024-05-27 02:38:11.515625+00:00,4672,LogAlways,Microsoft-Windows-Security-Auditing,Security,468,504,win7,0,,Administrative logon,NT AUTHORITY\SYSTEM (S-1-5-18),,"PrivilegeList: SeAssignPrimaryTokenPrivilege, SeTcbPrivilege, SeSecurityPrivilege, SeTakeOwnershipPrivilege, SeLoadDriverPrivilege, SeBackupPrivilege, SeRestorePrivilege, SeDebugPrivilege, SeAuditPrivilege, SeSystemEnvironmentPrivilege, SeImpersonatePrivilege",LogonId: 0x3E7,,,,,,False,C:\Users\BRIANNA\OneDrive\Documents\GitHub\NSSECU3_MP2\win7_files\Logs\Security.evtx,Audit success,0,"{""EventData"":{""Data"":[{""@Name"":""SubjectUserSid"",""#text"":""S-1-5-18""},{""@Name"":""SubjectUserName"",""#text"":""SYSTEM""},{""@Name"":""SubjectDomainName"",""#text"":""NT AUTHORITY""},{""@Name"":""SubjectLogonId"",""#text"":""0x3E7""},{""@Name"":""PrivilegeList"",""#text"":""SeAssignPrimaryTokenPrivilege, SeTcbPrivilege, SeSecurityPrivilege, SeTakeOwnershipPrivilege, SeLoadDriverPrivilege, SeBackupPrivilege, SeRestorePrivilege, SeDebugPrivilege, SeAuditPrivilege, SeSystemEnvironmentPrivilege, SeImpersonatePrivilege""}]}}"
46,46,2024-05-27 02:38:11.515625+00:00,4624,LogAlways,Microsoft-Windows-Security-Auditing,Security,468,504,win7,0,,Successful logon,WORKGROUP\WIN-QJNMT3LEKTG$, (-),Target: NT AUTHORITY\SYSTEM,LogonType 5,LogonId: 0x3E7,AuthenticationPackageName: Negotiate,LogonProcessName: Advapi  ,,C:\Windows\System32\services.exe,False,C:\Users\BRIANNA\OneDrive\Documents\GitHub\NSSECU3_MP2\win7_files\Logs\Security.evtx,Audit success,0,"{""EventData"":{""Data"":[{""@Name"":""SubjectUserSid"",""#text"":""S-1-5-18""},{""@Name"":""SubjectUserName"",""#text"":""WIN-QJNMT3LEKTG$""},{""@Name"":""SubjectDomainName"",""#text"":""WORKGROUP""},{""@Name"":""SubjectLogonId"",""#text"":""0x3E7""},{""@Name"":""TargetUserSid"",""#text"":""S-1-5-18""},{""@Name"":""TargetUserName"",""#text"":""SYSTEM""},{""@Name"":""TargetDomainName"",""#text"":""NT AUTHORITY""},{""@Name"":""TargetLogonId"",""#text"":""0x3E7""},{""@Name"":""LogonType"",""#text"":""5""},{""@Name"":""LogonProcessName"",""#text"":""Advapi  ""},{""@Name"":""AuthenticationPackageName"",""#text"":""Negotiate""},{""@Name"":""WorkstationName""},{""@Name"":""LogonGuid"",""#text"":""00000000-0000-0000-0000-000000000000""},{""@Name"":""TransmittedServices"",""#text"":""-""},{""@Name"":""LmPackageName"",""#text"":""-""},{""@Name"":""KeyLength"",""#text"":""0""},{""@Name"":""ProcessId"",""#text"":""0x1BC""},{""@Name"":""ProcessName"",""#text"":""C:\\Windows\\System32\\services.exe""},{""@Name"":""IpAddress"",""#text"":""-""},{""@Name"":""IpPort"",""#text"":""-""}]}}"
48,48,2024-05-27 02:38:11.546875+00:00,4624,LogAlways,Microsoft-Windows-Security-Auditing,Security,468,504,win7,0,,Successful logon,WORKGROUP\WIN-QJNMT3LEKTG$, (-),Target: NT AUTHORITY\SYSTEM,LogonType 5,LogonId: 0x3E7,AuthenticationPackageName: Negotiate,LogonProcessName: Advapi  ,,C:\Windows\System32\services.exe,False,C:\Users\BRIANNA\OneDrive\Documents\GitHub\NSSECU3_MP2\win7_files\Logs\Security.evtx,Audit success,0,"{""EventData"":{""Data"":[{""@Name"":""SubjectUserSid"",""#text"":""S-1-5-18""},{""@Name"":""SubjectUserName"",""#text"":""WIN-QJNMT3LEKTG$""},{""@Name"":""SubjectDomainName"",""#text"":""WORKGROUP""},{""@Name"":""SubjectLogonId"",""#text"":""0x3E7""},{""@Name"":""TargetUserSid"",""#text"":""S-1-5-18""},{""@Name"":""TargetUserName"",""#text"":""SYSTEM""},{""@Name"":""TargetDomainName"",""#text"":""NT AUTHORITY""},{""@Name"":""TargetLogonId"",""#text"":""0x3E7""},{""@Name"":""LogonType"",""#text"":""5""},{""@Name"":""LogonProcessName"",""#text"":""Advapi  ""},{""@Name"":""AuthenticationPackageName"",""#text"":""Negotiate""},{""@Name"":""WorkstationName""},{""@Name"":""LogonGuid"",""#text"":""00000000-0000-0000-0000-000000000000""},{""@Name"":""TransmittedServices"",""#text"":""-""},{""@Name"":""LmPackageName"",""#text"":""-""},{""@Name"":""KeyLength"",""#text"":""0""},{""@Name"":""ProcessId"",""#text"":""0x1BC""},{""@Name"":""ProcessName"",""#text"":""C:\\Windows\\System32\\services.exe""},{""@Name"":""IpAddress"",""#text"":""-""},{""@Name"":""IpPort"",""#text"":""-""}]}}"
49,49,2024-05-27 02:38:11.546875+00:00,4672,LogAlways,Microsoft-Windows-Security-Auditing,Security,468,504,win7,0,,Administrative logon,NT AUTHORITY\SYSTEM (S-1-5-18),,"PrivilegeList: SeAssignPrimaryTokenPrivilege, SeTcbPrivilege, SeSecurityPrivilege, SeTakeOwnershipPrivilege, SeLoadDriverPrivilege, SeBackupPrivilege, SeRestorePrivilege, SeDebugPrivilege, SeAuditPrivilege, SeSystemEnvironmentPrivilege, SeImpersonatePrivilege",LogonId: 0x3E7,,,,,,False,C:\Users\BRIANNA\OneDrive\Documents\GitHub\NSSECU3_MP2\win7_files\Logs\Security.evtx,Audit success,0,"{""EventData"":{""Data"":[{""@Name"":""SubjectUserSid"",""#text"":""S-1-5-18""},{""@Name"":""SubjectUserName"",""#text"":""SYSTEM""},{""@Name"":""SubjectDomainName"",""#text"":""NT AUTHORITY""},{""@Name"":""SubjectLogonId"",""#text"":""0x3E7""},{""@Name"":""PrivilegeList"",""#text"":""SeAssignPrimaryTokenPrivilege, SeTcbPrivilege, SeSecurityPrivilege, SeTakeOwnershipPrivilege, SeLoadDriverPrivilege, SeBackupPrivilege, SeRestorePrivilege, SeDebugPrivilege, SeAuditPrivilege, SeSystemEnvironmentPrivilege, SeImpersonatePrivilege""}]}}"
282,282,2024-05-27 02:38:11.593750+00:00,7036,Info,Service Control Manager,System,444,844,win7,1,,Service started or stopped,,,Name: Multimedia Class Scheduler | Multimedia Class Scheduler,Status: running,,,,,,False,C:\Users\BRIANNA\OneDrive\Documents\GitHub\NSSECU3_MP2\win7_files\Logs\System.evtx,"Audit success, classic",0,"{""EventData"":{""Data"":[{""@Name"":""param1"",""#text"":""Multimedia Class Scheduler""},{""@Name"":""param2"",""#text"":""running""}],""Binary"":""4D-00-4D-00-43-00-53-00-53-00-2F-00-34-00-00-00""}}"
283,283,2024-05-27 02:38:11.625000+00:00,7036,Info,Service Control Manager,System,444,844,win7,1,,Service started or stopped,,,Name: Windows Audio Endpoint Builder | Windows Audio Endpoint Builder,Status: running,,,,,,False,C:\Users\BRIANNA\OneDrive\Documents\GitHub\NSSECU3_MP2\win7_files\Logs\System.evtx,"Audit success, classic",0,"{""EventData"":{""Data"":[{""@Name"":""param1"",""#text"":""Windows Audio Endpoint Builder""},{""@Name"":""param2"",""#text"":""running""}],""Binary"":""41-00-75-00-64-00-69-00-6F-00-45-00-6E-00-64-00-70-00-6F-00-69-00-6E-00-74-00-42-00-75-00-69-00-6C-00-64-00-65-00-72-00-2F-00-34-00-00-00""}}"
51,51,2024-05-27 02:38:11.625000+00:00,4672,LogAlways,Microsoft-Windows-Security-Auditing,Security,468,504,win7,0,,Administrative logon,NT AUTHORITY\LOCAL SERVICE (S-1-5-19),,"PrivilegeList: SeAssignPrimaryTokenPrivilege, SeAuditPrivilege, SeImpersonatePrivilege",LogonId: 0x3E5,,,,,,False,C:\Users\BRIANNA\OneDrive\Documents\GitHub\NSSECU3_MP2\win7_files\Logs\Security.evtx,Audit success,0,"{""EventData"":{""Data"":[{""@Name"":""SubjectUserSid"",""#text"":""S-1-5-19""},{""@Name"":""SubjectUserName"",""#text"":""LOCAL SERVICE""},{""@Name"":""SubjectDomainName"",""#text"":""NT AUTHORITY""},{""@Name"":""SubjectLogonId"",""#text"":""0x3E5""},{""@Name"":""PrivilegeList"",""#text"":""SeAssignPrimaryTokenPrivilege, SeAuditPrivilege, SeImpersonatePrivilege""}]}}"
