50,50,2024-05-27 02:38:11.625000+00:00,4624,LogAlways,Microsoft-Windows-Security-Auditing,Security,468,504,win7,0,,Successful logon,WORKGROUP\WIN-QJNMT3LEKTG$, (-),Target: NT AUTHORITY\LOCAL SERVICE,LogonType 5,LogonId: 0x3E5,AuthenticationPackageName: Negotiate,LogonProcessName: Advapi  ,,C:\Windows\System32\services.exe,False,C:\Users\BRIANNA\OneDrive\Documents\GitHub\NSSECU3_MP2\win7_files\Logs\Security.evtx,Audit success,0,"{""EventData"":{""Data"":[{""@Name"":""SubjectUserSid"",""#text"":""S-1-5-18""},{""@Name"":""SubjectUserName"",""#text"":""WIN-QJNMT3LEKTG$""},{""@Name"":""SubjectDomainName"",""#text"":""WORKGROUP""},{""@Name"":""SubjectLogonId"",""#text"":""0x3E7""},{""@Name"":""TargetUserSid"",""#text"":""S-1-5-19""},{""@Name"":""TargetUserName"",""#text"":""LOCAL SERVICE""},{""@Name"":""TargetDomainName"",""#text"":""NT AUTHORITY""},{""@Name"":""TargetLogonId"",""#text"":""0x3E5""},{""@Name"":""LogonType"",""#text"":""5""},{""@Name"":""LogonProcessName"",""#text"":""Advapi  ""},{""@Name"":""AuthenticationPackageName"",""#text"":""Negotiate""},{""@Name"":""WorkstationName""},{""@Name"":""LogonGuid"",""#text"":""00000000-0000-0000-0000-000000000000""},{""@Name"":""TransmittedServices"",""#text"":""-""},{""@Name"":""LmPackageName"",""#text"":""-""},{""@Name"":""KeyLength"",""#text"":""0""},{""@Name"":""ProcessId"",""#text"":""0x1BC""},{""@Name"":""ProcessName"",""#text"":""C:\\Windows\\System32\\services.exe""},{""@Name"":""IpAddress"",""#text"":""-""},{""@Name"":""IpPort"",""#text"":""-""}]}}"
284,284,2024-05-27 02:38:11.656250+00:00,7036,Info,Service Control Manager,System,444,528,win7,1,,Service started or stopped,,,Name: Windows Audio | Windows Audio,Status: running,,,,,,False,C:\Users\BRIANNA\OneDrive\Documents\GitHub\NSSECU3_MP2\win7_files\Logs\System.evtx,"Audit success, classic",0,"{""EventData"":{""Data"":[{""@Name"":""param1"",""#text"":""Windows Audio""},{""@Name"":""param2"",""#text"":""running""}],""Binary"":""41-00-75-00-64-00-69-00-6F-00-53-00-72-00-76-00-2F-00-34-00-00-00""}}"
285,285,2024-05-27 02:38:12.687500+00:00,7036,Info,Service Control Manager,System,444,844,win7,1,,Service started or stopped,,,Name: Themes | Themes,Status: running,,,,,,False,C:\Users\BRIANNA\OneDrive\Documents\GitHub\NSSECU3_MP2\win7_files\Logs\System.evtx,"Audit success, classic",0,"{""EventData"":{""Data"":[{""@Name"":""param1"",""#text"":""Themes""},{""@Name"":""param2"",""#text"":""running""}],""Binary"":""54-00-68-00-65-00-6D-00-65-00-73-00-2F-00-34-00-00-00""}}"
286,286,2024-05-27 02:38:13.906250+00:00,7036,Info,Service Control Manager,System,444,528,win7,1,,Service started or stopped,,,Name: Tablet PC Input Service | Tablet PC Input Service,Status: running,,,,,,False,C:\Users\BRIANNA\OneDrive\Documents\GitHub\NSSECU3_MP2\win7_files\Logs\System.evtx,"Audit success, classic",0,"{""EventData"":{""Data"":[{""@Name"":""param1"",""#text"":""Tablet PC Input Service""},{""@Name"":""param2"",""#text"":""running""}],""Binary"":""54-00-61-00-62-00-6C-00-65-00-74-00-49-00-6E-00-70-00-75-00-74-00-53-00-65-00-72-00-76-00-69-00-63-00-65-00-2F-00-34-00-00-00""}}"
287,287,2024-05-27 02:38:13.937500+00:00,7036,Info,Service Control Manager,System,444,528,win7,1,,Service started or stopped,,,Name: Tablet PC Input Service | Tablet PC Input Service,Status: stopped,,,,,,False,C:\Users\BRIANNA\OneDrive\Documents\GitHub\NSSECU3_MP2\win7_files\Logs\System.evtx,"Audit success, classic",0,"{""EventData"":{""Data"":[{""@Name"":""param1"",""#text"":""Tablet PC Input Service""},{""@Name"":""param2"",""#text"":""stopped""}],""Binary"":""54-00-61-00-62-00-6C-00-65-00-74-00-49-00-6E-00-70-00-75-00-74-00-53-00-65-00-72-00-76-00-69-00-63-00-65-00-2F-00-31-00-00-00""}}"
265,265,2024-05-27 02:40:40+00:00,6005,Info,EventLog,System,0,0,win7,1,,The Event log service was started,,,Computer: win7,,,,,,,False,C:\Users\BRIANNA\OneDrive\Documents\GitHub\NSSECU3_MP2\win7_files\Logs\System.evtx,0x80000000000000,0,"{""EventData"":{""Data"":"""",""Binary"":""E8-07-05-00-01-00-1B-00-02-00-28-00-28-00-09-01-00-00-00-00-00-00-00-00""}}"
266,266,2024-05-27 02:40:40+00:00,6013,Info,EventLog,System,0,0,win7,1,,System uptime,,,The system uptime is 172 seconds,"TimeZone: 60, 480 Pacific Standard Time",,,,,,False,C:\Users\BRIANNA\OneDrive\Documents\GitHub\NSSECU3_MP2\win7_files\Logs\System.evtx,0x80000000000000,0,"{""EventData"":{""Data"":""172, 60, 480 Pacific Standard Time"",""Binary"":""31-00-2E-00-31-00-00-00-30-00-00-00-57-00-69-00-6E-00-64-00-6F-00-77-00-73-00-20-00-37-00-20-00-50-00-72-00-6F-00-66-00-65-00-73-00-73-00-69-00-6F-00-6E-00-61-00-6C-00-00-00-36-00-2E-00-31-00-2E-00-37-00-36-00-30-00-31-00-20-00-42-00-75-00-69-00-6C-00-64-00-20-00-37-00-36-00-30-00-31-00-20-00-53-00-65-00-72-00-76-00-69-00-63-00-65-00-20-00-50-00-61-00-63-00-6B-00-20-00-31-00-00-00-4D-00-75-00-6C-00-74-00-69-00-70-00-72-00-6F-00-63-00-65-00-73-00-73-00-6F-00-72-00-20-00-46-00-72-00-65-00-65-00-00-00-37-00-36-00-30-00-31-00-2E-00-77-00-69-00-6E-00-37-00-73-00-70-00-31-00-5F-00-72-00-74-00-6D-00-2E-00-31-00-30-00-31-00-31-00-31-00-39-00-2D-00-31-00-38-00-35-00-30-00-00-00-36-00-36-00-35-00-33-00-66-00-31-00-65-00-39-00-00-00-4E-00-6F-00-74-00-20-00-41-00-76-00-61-00-69-00-6C-00-61-00-62-00-6C-00-65-00-00-00-4E-00-6F-00-74-00-20-00-41-00-76-00-61-00-69-00-6C-00-61-00-62-00-6C-00-65-00-00-00-39-00-00-00-32-00-00-00-34-00-30-00-39-00-36-00-00-00-34-00-30-00-39-00-00-00-77-00-69-00-6E-00-37-00-00-00-00-00""}}"
263,263,2024-05-27 02:40:40+00:00,6011,Info,EventLog,System,0,0,win7,1,,System Name Changed,,,The NetBIOS name and DNS host name of this machine have been changed from WIN-QJNMT3LEKTG to WIN7,,,,,,,False,C:\Users\BRIANNA\OneDrive\Documents\GitHub\NSSECU3_MP2\win7_files\Logs\System.evtx,0x80000000000000,0,"{""EventData"":{""Data"":""WIN-QJNMT3LEKTG, WIN7"",""Binary"":""""}}"
264,264,2024-05-27 02:40:40+00:00,6009,Info,EventLog,System,0,0,win7,1,,,,,,,,,,,,False,C:\Users\BRIANNA\OneDrive\Documents\GitHub\NSSECU3_MP2\win7_files\Logs\System.evtx,0x80000000000000,0,"{""EventData"":{""Data"":""6.01., 7601, Service Pack 1, Multiprocessor Free, 17514"",""Binary"":""""}}"
288,288,2024-05-27 02:40:40.281250+00:00,7036,Info,Service Control Manager,System,444,300,win7,1,,Service started or stopped,,,Name: Windows Event Log | Windows Event Log,Status: running,,,,,,False,C:\Users\BRIANNA\OneDrive\Documents\GitHub\NSSECU3_MP2\win7_files\Logs\System.evtx,"Audit success, classic",0,"{""EventData"":{""Data"":[{""@Name"":""param1"",""#text"":""Windows Event Log""},{""@Name"":""param2"",""#text"":""running""}],""Binary"":""65-00-76-00-65-00-6E-00-74-00-6C-00-6F-00-67-00-2F-00-34-00-00-00""}}"
289,289,2024-05-27 02:40:40.343750+00:00,7036,Info,Service Control Manager,System,444,844,win7,1,,Service started or stopped,,,Name: Network Store Interface Service | Network Store Interface Service,Status: running,,,,,,False,C:\Users\BRIANNA\OneDrive\Documents\GitHub\NSSECU3_MP2\win7_files\Logs\System.evtx,"Audit success, classic",0,"{""EventData"":{""Data"":[{""@Name"":""param1"",""#text"":""Network Store Interface Service""},{""@Name"":""param2"",""#text"":""running""}],""Binary"":""6E-00-73-00-69-00-2F-00-34-00-00-00""}}"
290,290,2024-05-27 02:40:40.625000+00:00,7036,Info,Service Control Manager,System,444,844,win7,2,,Service started or stopped,,,Name: Task Scheduler | Task Scheduler,Status: running,,,,,,False,C:\Users\BRIANNA\OneDrive\Documents\GitHub\NSSECU3_MP2\win7_files\Logs\System.evtx,"Audit success, classic",0,"{""EventData"":{""Data"":[{""@Name"":""param1"",""#text"":""Task Scheduler""},{""@Name"":""param2"",""#text"":""running""}],""Binary"":""53-00-63-00-68-00-65-00-64-00-75-00-6C-00-65-00-2F-00-34-00-00-00""}}"
291,291,2024-05-27 02:40:40.671875+00:00,7036,Info,Service Control Manager,System,444,844,win7,2,,Service started or stopped,,,Name: Network Location Awareness | Network Location Awareness,Status: running,,,,,,False,C:\Users\BRIANNA\OneDrive\Documents\GitHub\NSSECU3_MP2\win7_files\Logs\System.evtx,"Audit success, classic",0,"{""EventData"":{""Data"":[{""@Name"":""param1"",""#text"":""Network Location Awareness""},{""@Name"":""param2"",""#text"":""running""}],""Binary"":""4E-00-6C-00-61-00-53-00-76-00-63-00-2F-00-34-00-00-00""}}"
292,292,2024-05-27 02:40:40.843750+00:00,7036,Info,Service Control Manager,System,444,248,win7,2,,Service started or stopped,,,Name: Network List Service | Network List Service,Status: running,,,,,,False,C:\Users\BRIANNA\OneDrive\Documents\GitHub\NSSECU3_MP2\win7_files\Logs\System.evtx,"Audit success, classic",0,"{""EventData"":{""Data"":[{""@Name"":""param1"",""#text"":""Network List Service""},{""@Name"":""param2"",""#text"":""running""}],""Binary"":""6E-00-65-00-74-00-70-00-72-00-6F-00-66-00-6D-00-2F-00-34-00-00-00""}}"
159,159,2024-05-27 02:40:41+00:00,4625,Info,Microsoft-Windows-EventSystem,Application,0,0,win7,1,,,,,,,,,,,,False,C:\Users\BRIANNA\OneDrive\Documents\GitHub\NSSECU3_MP2\win7_files\Logs\Application.evtx,0x80000000000000,0,"{""EventData"":{""Data"":[{""@Name"":""param1"",""#text"":""86400""},{""@Name"":""param2"",""#text"":""SuppressDuplicateDuration""},{""@Name"":""param3"",""#text"":""Software\\Microsoft\\EventSystem\\EventLog""}]}}"
293,293,2024-05-27 02:40:41.375000+00:00,7036,Info,Service Control Manager,System,444,300,win7,2,,Service started or stopped,,,Name: Cryptographic Services | Cryptographic Services,Status: running,,,,,,False,C:\Users\BRIANNA\OneDrive\Documents\GitHub\NSSECU3_MP2\win7_files\Logs\System.evtx,"Audit success, classic",0,"{""EventData"":{""Data"":[{""@Name"":""param1"",""#text"":""Cryptographic Services""},{""@Name"":""param2"",""#text"":""running""}],""Binary"":""43-00-72-00-79-00-70-00-74-00-53-00-76-00-63-00-2F-00-34-00-00-00""}}"
52,52,2024-05-27 02:40:41.687500+00:00,4624,LogAlways,Microsoft-Windows-Security-Auditing,Security,468,112,win7,0,,Successful logon,WORKGROUP\WIN-QJNMT3LEKTG$, (-),Target: NT AUTHORITY\SYSTEM,LogonType 5,LogonId: 0x3E7,AuthenticationPackageName: Negotiate,LogonProcessName: Advapi  ,,C:\Windows\System32\services.exe,False,C:\Users\BRIANNA\OneDrive\Documents\GitHub\NSSECU3_MP2\win7_files\Logs\Security.evtx,Audit success,0,"{""EventData"":{""Data"":[{""@Name"":""SubjectUserSid"",""#text"":""S-1-5-18""},{""@Name"":""SubjectUserName"",""#text"":""WIN-QJNMT3LEKTG$""},{""@Name"":""SubjectDomainName"",""#text"":""WORKGROUP""},{""@Name"":""SubjectLogonId"",""#text"":""0x3E7""},{""@Name"":""TargetUserSid"",""#text"":""S-1-5-18""},{""@Name"":""TargetUserName"",""#text"":""SYSTEM""},{""@Name"":""TargetDomainName"",""#text"":""NT AUTHORITY""},{""@Name"":""TargetLogonId"",""#text"":""0x3E7""},{""@Name"":""LogonType"",""#text"":""5""},{""@Name"":""LogonProcessName"",""#text"":""Advapi  ""},{""@Name"":""AuthenticationPackageName"",""#text"":""Negotiate""},{""@Name"":""WorkstationName""},{""@Name"":""LogonGuid"",""#text"":""00000000-0000-0000-0000-000000000000""},{""@Name"":""TransmittedServices"",""#text"":""-""},{""@Name"":""LmPackageName"",""#text"":""-""},{""@Name"":""KeyLength"",""#text"":""0""},{""@Name"":""ProcessId"",""#text"":""0x1BC""},{""@Name"":""ProcessName"",""#text"":""C:\\Windows\\System32\\services.exe""},{""@Name"":""IpAddress"",""#text"":""-""},{""@Name"":""IpPort"",""#text"":""-""}]}}"
294,294,2024-05-27 02:40:41.687500+00:00,6,Info,Microsoft-Windows-FilterManager,System,4,68,win7,2,S-1-5-18,,,,,,,,,,,False,C:\Users\BRIANNA\OneDrive\Documents\GitHub\NSSECU3_MP2\win7_files\Logs\System.evtx,Classic,0,"{""EventData"":{""Data"":[{""@Name"":""FinalStatus"",""#text"":""0x0""},{""@Name"":""DeviceVersionMajor"",""#text"":""6""},{""@Name"":""DeviceVersionMinor"",""#text"":""1""},{""@Name"":""DeviceNameLength"",""#text"":""5""},{""@Name"":""DeviceName"",""#text"":""luafv""},{""@Name"":""DeviceTime"",""#text"":""2009-07-13 16:26:13.0000000""}]}}"
53,53,2024-05-27 02:40:41.687500+00:00,4672,LogAlways,Microsoft-Windows-Security-Auditing,Security,468,112,win7,0,,Administrative logon,NT AUTHORITY\SYSTEM (S-1-5-18),,"PrivilegeList: SeAssignPrimaryTokenPrivilege, SeTcbPrivilege, SeSecurityPrivilege, SeTakeOwnershipPrivilege, SeLoadDriverPrivilege, SeBackupPrivilege, SeRestorePrivilege, SeDebugPrivilege, SeAuditPrivilege, SeSystemEnvironmentPrivilege, SeImpersonatePrivilege",LogonId: 0x3E7,,,,,,False,C:\Users\BRIANNA\OneDrive\Documents\GitHub\NSSECU3_MP2\win7_files\Logs\Security.evtx,Audit success,0,"{""EventData"":{""Data"":[{""@Name"":""SubjectUserSid"",""#text"":""S-1-5-18""},{""@Name"":""SubjectUserName"",""#text"":""SYSTEM""},{""@Name"":""SubjectDomainName"",""#text"":""NT AUTHORITY""},{""@Name"":""SubjectLogonId"",""#text"":""0x3E7""},{""@Name"":""PrivilegeList"",""#text"":""SeAssignPrimaryTokenPrivilege, SeTcbPrivilege, SeSecurityPrivilege, SeTakeOwnershipPrivilege, SeLoadDriverPrivilege, SeBackupPrivilege, SeRestorePrivilege, SeDebugPrivilege, SeAuditPrivilege, SeSystemEnvironmentPrivilege, SeImpersonatePrivilege""}]}}"
295,295,2024-05-27 02:40:41.859375+00:00,7036,Info,Service Control Manager,System,444,300,win7,2,,Service started or stopped,,,Name: User Profile Service | User Profile Service,Status: running,,,,,,False,C:\Users\BRIANNA\OneDrive\Documents\GitHub\NSSECU3_MP2\win7_files\Logs\System.evtx,"Audit success, classic",0,"{""EventData"":{""Data"":[{""@Name"":""param1"",""#text"":""User Profile Service""},{""@Name"":""param2"",""#text"":""running""}],""Binary"":""50-00-72-00-6F-00-66-00-53-00-76-00-63-00-2F-00-34-00-00-00""}}"
160,160,2024-05-27 02:40:41.859375+00:00,1531,Info,Microsoft-Windows-User Profiles Service,Application,888,936,win7,1,S-1-5-18,,,,,,,,,,,False,C:\Users\BRIANNA\OneDrive\Documents\GitHub\NSSECU3_MP2\win7_files\Logs\Application.evtx,Classic,0,"{""EventData"":""""}"
296,296,2024-05-27 02:40:41.953125+00:00,7036,Info,Service Control Manager,System,444,300,win7,2,,Service started or stopped,,,Name: Group Policy Client | Group Policy Client,Status: running,,,,,,False,C:\Users\BRIANNA\OneDrive\Documents\GitHub\NSSECU3_MP2\win7_files\Logs\System.evtx,"Audit success, classic",0,"{""EventData"":{""Data"":[{""@Name"":""param1"",""#text"":""Group Policy Client""},{""@Name"":""param2"",""#text"":""running""}],""Binary"":""67-00-70-00-73-00-76-00-63-00-2F-00-34-00-00-00""}}"
9,9,2024-05-27 02:40:41.968750+00:00,5321,Info,Microsoft-Windows-GroupPolicy,Microsoft-Windows-GroupPolicy/Operational,888,780,win7,0,S-1-5-18,,,,,,,,,,,False,C:\Users\BRIANNA\OneDrive\Documents\GitHub\NSSECU3_MP2\win7_files\Logs\Microsoft-Windows-GroupPolicy_4Operational.evtx,0x4000000000000000,0,"{""EventData"":{""Data"":[{""@Name"":""InfoDescription"",""#text"":""%%4167""},{""@Name"":""OperationParameter1"",""#text"":""7567f0c6-800c-48be-8da4-b38459e54145""}]}}"
8,8,2024-05-27 02:40:41.968750+00:00,5320,Info,Microsoft-Windows-GroupPolicy,Microsoft-Windows-GroupPolicy/Operational,888,780,win7,0,S-1-5-18,,,,,,,,,,,False,C:\Users\BRIANNA\OneDrive\Documents\GitHub\NSSECU3_MP2\win7_files\Logs\Microsoft-Windows-GroupPolicy_4Operational.evtx,0x4000000000000000,0,"{""EventData"":{""Data"":{""@Name"":""InfoDescription"",""#text"":""%%4166""}}}"
7,7,2024-05-27 02:40:41.968750+00:00,5320,Info,Microsoft-Windows-GroupPolicy,Microsoft-Windows-GroupPolicy/Operational,888,780,win7,0,S-1-5-18,,,,,,,,,,,False,C:\Users\BRIANNA\OneDrive\Documents\GitHub\NSSECU3_MP2\win7_files\Logs\Microsoft-Windows-GroupPolicy_4Operational.evtx,0x4000000000000000,0,"{""EventData"":{""Data"":{""@Name"":""InfoDescription"",""#text"":""%%4160""}}}"
6,6,2024-05-27 02:40:41.968750+00:00,5320,Info,Microsoft-Windows-GroupPolicy,Microsoft-Windows-GroupPolicy/Operational,888,780,win7,0,S-1-5-18,,,,,,,,,,,False,C:\Users\BRIANNA\OneDrive\Documents\GitHub\NSSECU3_MP2\win7_files\Logs\Microsoft-Windows-GroupPolicy_4Operational.evtx,0x4000000000000000,0,"{""EventData"":{""Data"":{""@Name"":""InfoDescription"",""#text"":""%%4168""}}}"
297,297,2024-05-27 02:40:41.984375+00:00,7036,Info,Service Control Manager,System,444,248,win7,2,,Service started or stopped,,,Name: COM+ Event System | COM+ Event System,Status: running,,,,,,False,C:\Users\BRIANNA\OneDrive\Documents\GitHub\NSSECU3_MP2\win7_files\Logs\System.evtx,"Audit success, classic",0,"{""EventData"":{""Data"":[{""@Name"":""param1"",""#text"":""COM+ Event System""},{""@Name"":""param2"",""#text"":""running""}],""Binary"":""45-00-76-00-65-00-6E-00-74-00-53-00-79-00-73-00-74-00-65-00-6D-00-2F-00-34-00-00-00""}}"
298,298,2024-05-27 02:40:42.031250+00:00,7036,Info,Service Control Manager,System,444,248,win7,2,,Service started or stopped,,,Name: System Event Notification Service | System Event Notification Service,Status: running,,,,,,False,C:\Users\BRIANNA\OneDrive\Documents\GitHub\NSSECU3_MP2\win7_files\Logs\System.evtx,"Audit success, classic",0,"{""EventData"":{""Data"":[{""@Name"":""param1"",""#text"":""System Event Notification Service""},{""@Name"":""param2"",""#text"":""running""}],""Binary"":""53-00-45-00-4E-00-53-00-2F-00-34-00-00-00""}}"
2,2,2024-05-27 02:40:42.406250+00:00,1,Info,Microsoft-Windows-OfflineFiles,Microsoft-Windows-OfflineFiles/Operational,864,412,win7,0,S-1-5-18,,,,,,,,,,,False,C:\Users\BRIANNA\OneDrive\Documents\GitHub\NSSECU3_MP2\win7_files\Logs\Microsoft-Windows-OfflineFiles_4Operational.evtx,0x4000000000000010,0,"{""EventData"":""""}"
299,299,2024-05-27 02:40:42.406250+00:00,7036,Info,Service Control Manager,System,444,248,win7,2,,Service started or stopped,,,Name: Offline Files | Offline Files,Status: running,,,,,,False,C:\Users\BRIANNA\OneDrive\Documents\GitHub\NSSECU3_MP2\win7_files\Logs\System.evtx,"Audit success, classic",0,"{""EventData"":{""Data"":[{""@Name"":""param1"",""#text"":""Offline Files""},{""@Name"":""param2"",""#text"":""running""}],""Binary"":""43-00-73-00-63-00-53-00-65-00-72-00-76-00-69-00-63-00-65-00-2F-00-34-00-00-00""}}"
3,3,2024-05-27 02:40:42.421875+00:00,3005,Info,Microsoft-Windows-BranchCacheSMB,Microsoft-Windows-BranchCacheSMB/Operational,864,904,win7,0,S-1-5-18,,,,,,,,,,,False,C:\Users\BRIANNA\OneDrive\Documents\GitHub\NSSECU3_MP2\win7_files\Logs\Microsoft-Windows-BranchCacheSMB_4Operational.evtx,0x8000000000000800,0,"{""UserData"":{""CounterSummary"":{""ServiceActiveTimeInSeconds"":""0"",""SMBBranchCacheBytesRequested"":""0"",""SMBBranchCacheBytesReceived"":""0"",""SMBBranchCacheBytesPublished"":""0"",""SMBBranchCacheBytesRequestedFromServer"":""0"",""SMBBranchCacheHashesRequested"":""0"",""SMBBranchCacheHashesReceived"":""0"",""SMBBranchCacheHashBytesReceived"":""0"",""PrefetchOperationsQueued"":""0"",""PrefetchBytesReadFromCache"":""0"",""PrefetchBytesReadFromServer"":""0"",""ApplicationBytesReadFromCache"":""0"",""ApplicationBytesReadFromServer"":""0"",""ApplicationBytesReadFromServerNotCached"":""0""}}}"
300,300,2024-05-27 02:40:42.703125+00:00,7036,Info,Service Control Manager,System,444,248,win7,2,,Service started or stopped,,,Name: Windows Modules Installer | Windows Modules Installer,Status: running,,,,,,False,C:\Users\BRIANNA\OneDrive\Documents\GitHub\NSSECU3_MP2\win7_files\Logs\System.evtx,"Audit success, classic",0,"{""EventData"":{""Data"":[{""@Name"":""param1"",""#text"":""Windows Modules Installer""},{""@Name"":""param2"",""#text"":""running""}],""Binary"":""54-00-72-00-75-00-73-00-74-00-65-00-64-00-49-00-6E-00-73-00-74-00-61-00-6C-00-6C-00-65-00-72-00-2F-00-34-00-00-00""}}"
302,302,2024-05-27 02:40:42.734375+00:00,7036,Info,Service Control Manager,System,444,248,win7,2,,Service started or stopped,,,Name: Security Accounts Manager | Security Accounts Manager,Status: running,,,,,,False,C:\Users\BRIANNA\OneDrive\Documents\GitHub\NSSECU3_MP2\win7_files\Logs\System.evtx,"Audit success, classic",0,"{""EventData"":{""Data"":[{""@Name"":""param1"",""#text"":""Security Accounts Manager""},{""@Name"":""param2"",""#text"":""running""}],""Binary"":""53-00-61-00-6D-00-53-00-73-00-2F-00-34-00-00-00""}}"
301,301,2024-05-27 02:40:42.734375+00:00,7036,Info,Service Control Manager,System,444,248,win7,2,,Service started or stopped,,,Name: Desktop Window Manager Session Manager | Desktop Window Manager Session Manager,Status: running,,,,,,False,C:\Users\BRIANNA\OneDrive\Documents\GitHub\NSSECU3_MP2\win7_files\Logs\System.evtx,"Audit success, classic",0,"{""EventData"":{""Data"":[{""@Name"":""param1"",""#text"":""Desktop Window Manager Session Manager""},{""@Name"":""param2"",""#text"":""running""}],""Binary"":""55-00-78-00-53-00-6D-00-73-00-2F-00-34-00-00-00""}}"
303,303,2024-05-27 02:40:42.906250+00:00,50036,Info,Microsoft-Windows-Dhcp-Client,System,924,1056,win7,2,S-1-5-19,,,,,,,,,,,False,C:\Users\BRIANNA\OneDrive\Documents\GitHub\NSSECU3_MP2\win7_files\Logs\System.evtx,0x2000000000000000,0,"{""EventData"":""""}"
304,304,2024-05-27 02:40:43.015625+00:00,7036,Info,Service Control Manager,System,444,536,win7,2,,Service started or stopped,,,Name: DNS Client | DNS Client,Status: running,,,,,,False,C:\Users\BRIANNA\OneDrive\Documents\GitHub\NSSECU3_MP2\win7_files\Logs\System.evtx,"Audit success, classic",0,"{""EventData"":{""Data"":[{""@Name"":""param1"",""#text"":""DNS Client""},{""@Name"":""param2"",""#text"":""running""}],""Binary"":""44-00-6E-00-73-00-63-00-61-00-63-00-68-00-65-00-2F-00-34-00-00-00""}}"
305,305,2024-05-27 02:40:43.031250+00:00,7036,Info,Service Control Manager,System,444,536,win7,2,,Service started or stopped,,,Name: TCP/IP NetBIOS Helper | TCP/IP NetBIOS Helper,Status: running,,,,,,False,C:\Users\BRIANNA\OneDrive\Documents\GitHub\NSSECU3_MP2\win7_files\Logs\System.evtx,"Audit success, classic",0,"{""EventData"":{""Data"":[{""@Name"":""param1"",""#text"":""TCP/IP NetBIOS Helper""},{""@Name"":""param2"",""#text"":""running""}],""Binary"":""6C-00-6D-00-68-00-6F-00-73-00-74-00-73-00-2F-00-34-00-00-00""}}"
306,306,2024-05-27 02:40:43.062500+00:00,51046,Info,Microsoft-Windows-DHCPv6-Client,System,924,1088,win7,2,S-1-5-19,,,,,,,,,,,False,C:\Users\BRIANNA\OneDrive\Documents\GitHub\NSSECU3_MP2\win7_files\Logs\System.evtx,0x2000000000000000,0,"{""EventData"":""""}"
307,307,2024-05-27 02:40:43.062500+00:00,7036,Info,Service Control Manager,System,444,536,win7,2,,Service started or stopped,,,Name: DHCP Client | DHCP Client,Status: running,,,,,,False,C:\Users\BRIANNA\OneDrive\Documents\GitHub\NSSECU3_MP2\win7_files\Logs\System.evtx,"Audit success, classic",0,"{""EventData"":{""Data"":[{""@Name"":""param1"",""#text"":""DHCP Client""},{""@Name"":""param2"",""#text"":""running""}],""Binary"":""44-00-68-00-63-00-70-00-2F-00-34-00-00-00""}}"
308,308,2024-05-27 02:40:43.109375+00:00,7036,Info,Service Control Manager,System,444,536,win7,2,,Service started or stopped,,,Name: Shell Hardware Detection | Shell Hardware Detection,Status: running,,,,,,False,C:\Users\BRIANNA\OneDrive\Documents\GitHub\NSSECU3_MP2\win7_files\Logs\System.evtx,"Audit success, classic",0,"{""EventData"":{""Data"":[{""@Name"":""param1"",""#text"":""Shell Hardware Detection""},{""@Name"":""param2"",""#text"":""running""}],""Binary"":""53-00-68-00-65-00-6C-00-6C-00-48-00-57-00-44-00-65-00-74-00-65-00-63-00-74-00-69-00-6F-00-6E-00-2F-00-34-00-00-00""}}"
55,55,2024-05-27 02:40:43.171875+00:00,4672,LogAlways,Microsoft-Windows-Security-Auditing,Security,468,260,win7,0,,Administrative logon,NT AUTHORITY\SYSTEM (S-1-5-18),,"PrivilegeList: SeAssignPrimaryTokenPrivilege, SeTcbPrivilege, SeSecurityPrivilege, SeTakeOwnershipPrivilege, SeLoadDriverPrivilege, SeBackupPrivilege, SeRestorePrivilege, SeDebugPrivilege, SeAuditPrivilege, SeSystemEnvironmentPrivilege, SeImpersonatePrivilege",LogonId: 0x3E7,,,,,,False,C:\Users\BRIANNA\OneDrive\Documents\GitHub\NSSECU3_MP2\win7_files\Logs\Security.evtx,Audit success,0,"{""EventData"":{""Data"":[{""@Name"":""SubjectUserSid"",""#text"":""S-1-5-18""},{""@Name"":""SubjectUserName"",""#text"":""SYSTEM""},{""@Name"":""SubjectDomainName"",""#text"":""NT AUTHORITY""},{""@Name"":""SubjectLogonId"",""#text"":""0x3E7""},{""@Name"":""PrivilegeList"",""#text"":""SeAssignPrimaryTokenPrivilege, SeTcbPrivilege, SeSecurityPrivilege, SeTakeOwnershipPrivilege, SeLoadDriverPrivilege, SeBackupPrivilege, SeRestorePrivilege, SeDebugPrivilege, SeAuditPrivilege, SeSystemEnvironmentPrivilege, SeImpersonatePrivilege""}]}}"
54,54,2024-05-27 02:40:43.171875+00:00,4624,LogAlways,Microsoft-Windows-Security-Auditing,Security,468,260,win7,0,,Successful logon,WORKGROUP\WIN-QJNMT3LEKTG$, (-),Target: NT AUTHORITY\SYSTEM,LogonType 5,LogonId: 0x3E7,AuthenticationPackageName: Negotiate,LogonProcessName: Advapi  ,,C:\Windows\System32\services.exe,False,C:\Users\BRIANNA\OneDrive\Documents\GitHub\NSSECU3_MP2\win7_files\Logs\Security.evtx,Audit success,0,"{""EventData"":{""Data"":[{""@Name"":""SubjectUserSid"",""#text"":""S-1-5-18""},{""@Name"":""SubjectUserName"",""#text"":""WIN-QJNMT3LEKTG$""},{""@Name"":""SubjectDomainName"",""#text"":""WORKGROUP""},{""@Name"":""SubjectLogonId"",""#text"":""0x3E7""},{""@Name"":""TargetUserSid"",""#text"":""S-1-5-18""},{""@Name"":""TargetUserName"",""#text"":""SYSTEM""},{""@Name"":""TargetDomainName"",""#text"":""NT AUTHORITY""},{""@Name"":""TargetLogonId"",""#text"":""0x3E7""},{""@Name"":""LogonType"",""#text"":""5""},{""@Name"":""LogonProcessName"",""#text"":""Advapi  ""},{""@Name"":""AuthenticationPackageName"",""#text"":""Negotiate""},{""@Name"":""WorkstationName""},{""@Name"":""LogonGuid"",""#text"":""00000000-0000-0000-0000-000000000000""},{""@Name"":""TransmittedServices"",""#text"":""-""},{""@Name"":""LmPackageName"",""#text"":""-""},{""@Name"":""KeyLength"",""#text"":""0""},{""@Name"":""ProcessId"",""#text"":""0x1BC""},{""@Name"":""ProcessName"",""#text"":""C:\\Windows\\System32\\services.exe""},{""@Name"":""IpAddress"",""#text"":""-""},{""@Name"":""IpPort"",""#text"":""-""}]}}"
309,309,2024-05-27 02:40:43.281250+00:00,7036,Info,Service Control Manager,System,444,248,win7,2,,Service started or stopped,,,Name: Print Spooler | Print Spooler,Status: running,,,,,,False,C:\Users\BRIANNA\OneDrive\Documents\GitHub\NSSECU3_MP2\win7_files\Logs\System.evtx,"Audit success, classic",0,"{""EventData"":{""Data"":[{""@Name"":""param1"",""#text"":""Print Spooler""},{""@Name"":""param2"",""#text"":""running""}],""Binary"":""53-00-70-00-6F-00-6F-00-6C-00-65-00-72-00-2F-00-34-00-00-00""}}"
4,4,2024-05-27 02:40:43.406250+00:00,3001,Info,Microsoft-Windows-BranchCacheSMB,Microsoft-Windows-BranchCacheSMB/Operational,864,880,win7,0,S-1-5-18,,,,,,,,,,,False,C:\Users\BRIANNA\OneDrive\Documents\GitHub\NSSECU3_MP2\win7_files\Logs\Microsoft-Windows-BranchCacheSMB_4Operational.evtx,0x8000000000000800,0,"{""EventData"":""""}"
310,310,2024-05-27 02:40:43.421875+00:00,7036,Info,Service Control Manager,System,444,536,win7,2,,Service started or stopped,,,Name: Base Filtering Engine | Base Filtering Engine,Status: running,,,,,,False,C:\Users\BRIANNA\OneDrive\Documents\GitHub\NSSECU3_MP2\win7_files\Logs\System.evtx,"Audit success, classic",0,"{""EventData"":{""Data"":[{""@Name"":""param1"",""#text"":""Base Filtering Engine""},{""@Name"":""param2"",""#text"":""running""}],""Binary"":""42-00-46-00-45-00-2F-00-34-00-00-00""}}"
56,56,2024-05-27 02:40:43.468750+00:00,5033,LogAlways,Microsoft-Windows-Security-Auditing,Security,4,68,win7,0,,,,,,,,,,,,False,C:\Users\BRIANNA\OneDrive\Documents\GitHub\NSSECU3_MP2\win7_files\Logs\Security.evtx,Audit success,0,"{""EventData"":""""}"
311,311,2024-05-27 02:40:43.546875+00:00,7036,Info,Service Control Manager,System,444,536,win7,2,,Service started or stopped,,,Name: Windows Firewall | Windows Firewall,Status: running,,,,,,False,C:\Users\BRIANNA\OneDrive\Documents\GitHub\NSSECU3_MP2\win7_files\Logs\System.evtx,"Audit success, classic",0,"{""EventData"":{""Data"":[{""@Name"":""param1"",""#text"":""Windows Firewall""},{""@Name"":""param2"",""#text"":""running""}],""Binary"":""4D-00-70-00-73-00-53-00-76-00-63-00-2F-00-34-00-00-00""}}"
312,312,2024-05-27 02:40:43.593750+00:00,7036,Info,Service Control Manager,System,444,536,win7,2,,Service started or stopped,,,Name: Workstation | Workstation,Status: running,,,,,,False,C:\Users\BRIANNA\OneDrive\Documents\GitHub\NSSECU3_MP2\win7_files\Logs\System.evtx,"Audit success, classic",0,"{""EventData"":{""Data"":[{""@Name"":""param1"",""#text"":""Workstation""},{""@Name"":""param2"",""#text"":""running""}],""Binary"":""4C-00-61-00-6E-00-6D-00-61-00-6E-00-57-00-6F-00-72-00-6B-00-73-00-74-00-61-00-74-00-69-00-6F-00-6E-00-2F-00-34-00-00-00""}}"
313,313,2024-05-27 02:40:43.687500+00:00,7036,Info,Service Control Manager,System,444,536,win7,2,,Service started or stopped,,,Name: Diagnostic Policy Service | Diagnostic Policy Service,Status: running,,,,,,False,C:\Users\BRIANNA\OneDrive\Documents\GitHub\NSSECU3_MP2\win7_files\Logs\System.evtx,"Audit success, classic",280,"{""EventData"":{""Data"":[{""@Name"":""param1"",""#text"":""Diagnostic Policy Service""},{""@Name"":""param2"",""#text"":""running""}],""Binary"":""44-00-50-00-53-00-2F-00-34-00-00-00""}}"
314,314,2024-05-27 02:40:43.781250+00:00,201,Info,Microsoft-Windows-Application-Experience,System,864,1224,win7,2,S-1-5-18,,,,,,,,,,,False,C:\Users\BRIANNA\OneDrive\Documents\GitHub\NSSECU3_MP2\win7_files\Logs\System.evtx,Classic,0,"{""EventData"":""""}"
315,315,2024-05-27 02:40:43.781250+00:00,7036,Info,Service Control Manager,System,444,300,win7,2,,Service started or stopped,,,Name: Program Compatibility Assistant Service | Program Compatibility Assistant Service,Status: running,,,,,,False,C:\Users\BRIANNA\OneDrive\Documents\GitHub\NSSECU3_MP2\win7_files\Logs\System.evtx,"Audit success, classic",0,"{""EventData"":{""Data"":[{""@Name"":""param1"",""#text"":""Program Compatibility Assistant Service""},{""@Name"":""param2"",""#text"":""running""}],""Binary"":""50-00-63-00-61-00-53-00-76-00-63-00-2F-00-34-00-00-00""}}"
161,161,2024-05-27 02:40:44+00:00,5615,LogAlways,Microsoft-Windows-WMI,Application,0,0,win7,1,,,,,,,,,,,,False,C:\Users\BRIANNA\OneDrive\Documents\GitHub\NSSECU3_MP2\win7_files\Logs\Application.evtx,0x80000000000000,0,"{""EventData"":{""Data"":"""",""Binary"":""""}}"
316,316,2024-05-27 02:40:44.062500+00:00,7036,Info,Service Control Manager,System,444,300,win7,2,,Service started or stopped,,,Name: Superfetch | Superfetch,Status: running,,,,,,False,C:\Users\BRIANNA\OneDrive\Documents\GitHub\NSSECU3_MP2\win7_files\Logs\System.evtx,"Audit success, classic",0,"{""EventData"":{""Data"":[{""@Name"":""param1"",""#text"":""Superfetch""},{""@Name"":""param2"",""#text"":""running""}],""Binary"":""53-00-79-00-73-00-4D-00-61-00-69-00-6E-00-2F-00-34-00-00-00""}}"
57,57,2024-05-27 02:40:44.109375+00:00,5024,LogAlways,Microsoft-Windows-Security-Auditing,Security,468,260,win7,0,,,,,,,,,,,,False,C:\Users\BRIANNA\OneDrive\Documents\GitHub\NSSECU3_MP2\win7_files\Logs\Security.evtx,Audit success,0,"{""EventData"":""""}"
317,317,2024-05-27 02:40:44.109375+00:00,7036,Info,Service Control Manager,System,444,300,win7,2,,Service started or stopped,,,Name: Distributed Link Tracking Client | Distributed Link Tracking Client,Status: running,,,,,,False,C:\Users\BRIANNA\OneDrive\Documents\GitHub\NSSECU3_MP2\win7_files\Logs\System.evtx,"Audit success, classic",0,"{""EventData"":{""Data"":[{""@Name"":""param1"",""#text"":""Distributed Link Tracking Client""},{""@Name"":""param2"",""#text"":""running""}],""Binary"":""54-00-72-00-6B-00-57-00-6B-00-73-00-2F-00-34-00-00-00""}}"
318,318,2024-05-27 02:40:44.312500+00:00,7036,Info,Service Control Manager,System,444,300,win7,2,,Service started or stopped,,,Name: Windows Management Instrumentation | Windows Management Instrumentation,Status: running,,,,,,False,C:\Users\BRIANNA\OneDrive\Documents\GitHub\NSSECU3_MP2\win7_files\Logs\System.evtx,"Audit success, classic",0,"{""EventData"":{""Data"":[{""@Name"":""param1"",""#text"":""Windows Management Instrumentation""},{""@Name"":""param2"",""#text"":""running""}],""Binary"":""57-00-69-00-6E-00-6D-00-67-00-6D-00-74-00-2F-00-34-00-00-00""}}"
319,319,2024-05-27 02:40:44.578125+00:00,7036,Info,Service Control Manager,System,444,248,win7,2,,Service started or stopped,,,Name: IP Helper | IP Helper,Status: running,,,,,,False,C:\Users\BRIANNA\OneDrive\Documents\GitHub\NSSECU3_MP2\win7_files\Logs\System.evtx,"Audit success, classic",0,"{""EventData"":{""Data"":[{""@Name"":""param1"",""#text"":""IP Helper""},{""@Name"":""param2"",""#text"":""running""}],""Binary"":""69-00-70-00-68-00-6C-00-70-00-73-00-76-00-63-00-2F-00-34-00-00-00""}}"
58,58,2024-05-27 02:40:44.843750+00:00,4624,LogAlways,Microsoft-Windows-Security-Auditing,Security,468,112,win7,0,,Successful logon,-\-, (-),Target: NT AUTHORITY\ANONYMOUS LOGON,LogonType 3,LogonId: 0x1AE7B,AuthenticationPackageName: NTLM,LogonProcessName: NtLmSsp ,,-,False,C:\Users\BRIANNA\OneDrive\Documents\GitHub\NSSECU3_MP2\win7_files\Logs\Security.evtx,Audit success,0,"{""EventData"":{""Data"":[{""@Name"":""SubjectUserSid"",""#text"":""S-1-0-0""},{""@Name"":""SubjectUserName"",""#text"":""-""},{""@Name"":""SubjectDomainName"",""#text"":""-""},{""@Name"":""SubjectLogonId"",""#text"":""0x0""},{""@Name"":""TargetUserSid"",""#text"":""S-1-5-7""},{""@Name"":""TargetUserName"",""#text"":""ANONYMOUS LOGON""},{""@Name"":""TargetDomainName"",""#text"":""NT AUTHORITY""},{""@Name"":""TargetLogonId"",""#text"":""0x1AE7B""},{""@Name"":""LogonType"",""#text"":""3""},{""@Name"":""LogonProcessName"",""#text"":""NtLmSsp ""},{""@Name"":""AuthenticationPackageName"",""#text"":""NTLM""},{""@Name"":""WorkstationName""},{""@Name"":""LogonGuid"",""#text"":""00000000-0000-0000-0000-000000000000""},{""@Name"":""TransmittedServices"",""#text"":""-""},{""@Name"":""LmPackageName"",""#text"":""NTLM V1""},{""@Name"":""KeyLength"",""#text"":""0""},{""@Name"":""ProcessId"",""#text"":""0x0""},{""@Name"":""ProcessName"",""#text"":""-""},{""@Name"":""IpAddress"",""#text"":""-""},{""@Name"":""IpPort"",""#text"":""-""}]}}"
320,320,2024-05-27 02:40:44.859375+00:00,7036,Info,Service Control Manager,System,444,300,win7,2,,Service started or stopped,,,Name: Server | Server,Status: running,,,,,,False,C:\Users\BRIANNA\OneDrive\Documents\GitHub\NSSECU3_MP2\win7_files\Logs\System.evtx,"Audit success, classic",0,"{""EventData"":{""Data"":[{""@Name"":""param1"",""#text"":""Server""},{""@Name"":""param2"",""#text"":""running""}],""Binary"":""4C-00-61-00-6E-00-6D-00-61-00-6E-00-53-00-65-00-72-00-76-00-65-00-72-00-2F-00-34-00-00-00""}}"
321,321,2024-05-27 02:40:44.875000+00:00,7036,Info,Service Control Manager,System,444,844,win7,2,,Service started or stopped,,,Name: Diagnostic Service Host | Diagnostic Service Host,Status: running,,,,,,False,C:\Users\BRIANNA\OneDrive\Documents\GitHub\NSSECU3_MP2\win7_files\Logs\System.evtx,"Audit success, classic",0,"{""EventData"":{""Data"":[{""@Name"":""param1"",""#text"":""Diagnostic Service Host""},{""@Name"":""param2"",""#text"":""running""}],""Binary"":""57-00-64-00-69-00-53-00-65-00-72-00-76-00-69-00-63-00-65-00-48-00-6F-00-73-00-74-00-2F-00-34-00-00-00""}}"
322,322,2024-05-27 02:40:45+00:00,7036,Info,Service Control Manager,System,444,108,win7,2,,Service started or stopped,,,Name: Application Experience | Application Experience,Status: running,,,,,,False,C:\Users\BRIANNA\OneDrive\Documents\GitHub\NSSECU3_MP2\win7_files\Logs\System.evtx,"Audit success, classic",0,"{""EventData"":{""Data"":[{""@Name"":""param1"",""#text"":""Application Experience""},{""@Name"":""param2"",""#text"":""running""}],""Binary"":""41-00-65-00-4C-00-6F-00-6F-00-6B-00-75-00-70-00-53-00-76-00-63-00-2F-00-34-00-00-00""}}"
162,162,2024-05-27 02:40:45+00:00,5617,LogAlways,Microsoft-Windows-WMI,Application,0,0,win7,1,,,,,,,,,,,,False,C:\Users\BRIANNA\OneDrive\Documents\GitHub\NSSECU3_MP2\win7_files\Logs\Application.evtx,0x80000000000000,0,"{""EventData"":{""Data"":"""",""Binary"":""""}}"
163,163,2024-05-27 02:40:45+00:00,10,Error,Microsoft-Windows-WMI,Application,0,0,win7,1,,,,,,,,,,,,False,C:\Users\BRIANNA\OneDrive\Documents\GitHub\NSSECU3_MP2\win7_files\Logs\Application.evtx,0x80000000000000,520,"{""EventData"":{""Data"":""//./root/CIMV2, SELECT * FROM __InstanceModificationEvent WITHIN 60 WHERE TargetInstance ISA \""Win32_Processor\"" AND TargetInstance.LoadPercentage &gt; 99, 0x80041003"",""Binary"":""""}}"
323,323,2024-05-27 02:40:45.125000+00:00,7036,Info,Service Control Manager,System,444,108,win7,2,,Service started or stopped,,,Name: Diagnostic System Host | Diagnostic System Host,Status: running,,,,,,False,C:\Users\BRIANNA\OneDrive\Documents\GitHub\NSSECU3_MP2\win7_files\Logs\System.evtx,"Audit success, classic",0,"{""EventData"":{""Data"":[{""@Name"":""param1"",""#text"":""Diagnostic System Host""},{""@Name"":""param2"",""#text"":""running""}],""Binary"":""57-00-64-00-69-00-53-00-79-00-73-00-74-00-65-00-6D-00-48-00-6F-00-73-00-74-00-2F-00-34-00-00-00""}}"
3,3,2024-05-27 02:40:45.140625+00:00,100,Info,Microsoft-Windows-Diagnosis-DPS,Microsoft-Windows-Diagnosis-DPS/Operational,1136,1148,win7,0,S-1-5-19,,,,,,,,,,,False,C:\Users\BRIANNA\OneDrive\Documents\GitHub\NSSECU3_MP2\win7_files\Logs\Microsoft-Windows-Diagnosis-DPS_4Operational.evtx,0x4000000800000000,0,"{""EventData"":{""Data"":[{""@Name"":""ScenarioId"",""#text"":""2698178d-fdad-40ae-9d3c-1371703adc5b""},{""@Name"":""InstanceId"",""#text"":""b6516d5a-f51d-4c01-9848-986a2eff722e""},{""@Name"":""OriginalActivityId"",""#text"":""2698178d-fdad-40ae-9d3c-1371703adc5b""},{""@Name"":""DiagnosticModuleImageName"",""#text"":""%SystemRoot%\\system32\\diagperf.dll""},{""@Name"":""DiagnosticModuleId"",""#text"":""15fba3b8-a37a-4f91-bdba-fbb98fe804bf""}]}}"
4,4,2024-05-27 02:40:45.140625+00:00,105,Info,Microsoft-Windows-Diagnosis-DPS,Microsoft-Windows-Diagnosis-DPS/Operational,1136,1148,win7,0,S-1-5-19,,,,,,,,,,,False,C:\Users\BRIANNA\OneDrive\Documents\GitHub\NSSECU3_MP2\win7_files\Logs\Microsoft-Windows-Diagnosis-DPS_4Operational.evtx,0x4000000800000000,0,"{""EventData"":{""Data"":[{""@Name"":""ScenarioId"",""#text"":""2698178d-fdad-40ae-9d3c-1371703adc5b""},{""@Name"":""InstanceId"",""#text"":""b6516d5a-f51d-4c01-9848-986a2eff722e""},{""@Name"":""OriginalActivityId"",""#text"":""2698178d-fdad-40ae-9d3c-1371703adc5b""},{""@Name"":""DiagnosticModuleImageName"",""#text"":""%SystemRoot%\\system32\\diagperf.dll""},{""@Name"":""DiagnosticModuleId"",""#text"":""15fba3b8-a37a-4f91-bdba-fbb98fe804bf""}]}}"
324,324,2024-05-27 02:40:45.156250+00:00,7040,Info,Service Control Manager,System,444,108,win7,2,S-1-5-18,Start type of a service has changed,,,The start type of the Windows Modules Installer was changed from auto start to demand start,,,,,,TrustedInstaller,False,C:\Users\BRIANNA\OneDrive\Documents\GitHub\NSSECU3_MP2\win7_files\Logs\System.evtx,"Audit success, classic",0,"{""EventData"":{""Data"":[{""@Name"":""param1"",""#text"":""Windows Modules Installer""},{""@Name"":""param2"",""#text"":""auto start""},{""@Name"":""param3"",""#text"":""demand start""},{""@Name"":""param4"",""#text"":""TrustedInstaller""}]}}"
325,325,2024-05-27 02:40:45.328125+00:00,7036,Info,Service Control Manager,System,444,300,win7,2,,Service started or stopped,,,Name: Portable Device Enumerator Service | Portable Device Enumerator Service,Status: running,,,,,,False,C:\Users\BRIANNA\OneDrive\Documents\GitHub\NSSECU3_MP2\win7_files\Logs\System.evtx,"Audit success, classic",0,"{""EventData"":{""Data"":[{""@Name"":""param1"",""#text"":""Portable Device Enumerator Service""},{""@Name"":""param2"",""#text"":""running""}],""Binary"":""57-00-50-00-44-00-42-00-75-00-73-00-45-00-6E-00-75-00-6D-00-2F-00-34-00-00-00""}}"
1,1,2024-05-27 02:40:46.453125+00:00,3000,Info,Microsoft-Windows-MUI,Microsoft-Windows-MUI/Operational,812,208,win7,0,S-1-5-18,,,,,,,,,,,False,C:\Users\BRIANNA\OneDrive\Documents\GitHub\NSSECU3_MP2\win7_files\Logs\Microsoft-Windows-MUI_4Operational.evtx,Classic,0,"{""EventData"":{""Data"":[{""@Name"":""Flags"",""#text"":""264""},{""@Name"":""NewLanguage"",""#text"":""(null)""},{""@Name"":""PrevLanguage"",""#text"":""(null)""},{""@Name"":""ExtendedFlag"",""#text"":""0""}]}}"
2,2,2024-05-27 02:40:46.515625+00:00,3002,Info,Microsoft-Windows-MUI,Microsoft-Windows-MUI/Operational,812,208,win7,0,S-1-5-18,,,,,,,,,,,False,C:\Users\BRIANNA\OneDrive\Documents\GitHub\NSSECU3_MP2\win7_files\Logs\Microsoft-Windows-MUI_4Operational.evtx,Classic,0,"{""EventData"":{""Data"":[{""@Name"":""FileName"",""#text"":""c:\\windows\\system32\\muifontsetup.dll""},{""@Name"":""FunctionName"",""#text"":""OnMachineUILanguageInit""},{""@Name"":""ReturnValue"",""#text"":""0""}]}}"
3,3,2024-05-27 02:40:46.578125+00:00,3002,Info,Microsoft-Windows-MUI,Microsoft-Windows-MUI/Operational,812,208,win7,0,S-1-5-18,,,,,,,,,,,False,C:\Users\BRIANNA\OneDrive\Documents\GitHub\NSSECU3_MP2\win7_files\Logs\Microsoft-Windows-MUI_4Operational.evtx,Classic,0,"{""EventData"":{""Data"":[{""@Name"":""FileName"",""#text"":""c:\\windows\\system32\\nci.dll""},{""@Name"":""FunctionName"",""#text"":""OnMachineUILanguageInit""},{""@Name"":""ReturnValue"",""#text"":""0""}]}}"
79,79,2024-05-27 02:40:46.640625+00:00,4735,LogAlways,Microsoft-Windows-Security-Auditing,Security,468,260,win7,0,,A security-enabled local group was changed,WORKGROUP\WIN-QJNMT3LEKTG$ (S-1-5-18),,Target: Builtin\Network Configuration Operators (S-1-5-32-556),SubjectLogonId: 0x3E7,SamAccountName: Network Configuration Operators,SidHistory: -,PrivilegeList: -,,,False,C:\Users\BRIANNA\OneDrive\Documents\GitHub\NSSECU3_MP2\win7_files\Logs\Security.evtx,Audit success,0,"{""EventData"":{""Data"":[{""@Name"":""TargetUserName"",""#text"":""Network Configuration Operators""},{""@Name"":""TargetDomainName"",""#text"":""Builtin""},{""@Name"":""TargetSid"",""#text"":""S-1-5-32-556""},{""@Name"":""SubjectUserSid"",""#text"":""S-1-5-18""},{""@Name"":""SubjectUserName"",""#text"":""WIN-QJNMT3LEKTG$""},{""@Name"":""SubjectDomainName"",""#text"":""WORKGROUP""},{""@Name"":""SubjectLogonId"",""#text"":""0x3E7""},{""@Name"":""PrivilegeList"",""#text"":""-""},{""@Name"":""SamAccountName"",""#text"":""Network Configuration Operators""},{""@Name"":""SidHistory"",""#text"":""-""}]}}"
78,78,2024-05-27 02:40:46.640625+00:00,4781,LogAlways,Microsoft-Windows-Security-Auditing,Security,468,260,win7,0,,The name of an account was changed,WORKGROUP\WIN-QJNMT3LEKTG$ (S-1-5-18),,OldTargetUserName: Network Configuration Operators,NewTargetUserName: Network Configuration Operators,TargetDomainName: Builtin,TargetSid: S-1-5-32-556,,,,False,C:\Users\BRIANNA\OneDrive\Documents\GitHub\NSSECU3_MP2\win7_files\Logs\Security.evtx,Audit success,0,"{""EventData"":{""Data"":[{""@Name"":""OldTargetUserName"",""#text"":""Network Configuration Operators""},{""@Name"":""NewTargetUserName"",""#text"":""Network Configuration Operators""},{""@Name"":""TargetDomainName"",""#text"":""Builtin""},{""@Name"":""TargetSid"",""#text"":""S-1-5-32-556""},{""@Name"":""SubjectUserSid"",""#text"":""S-1-5-18""},{""@Name"":""SubjectUserName"",""#text"":""WIN-QJNMT3LEKTG$""},{""@Name"":""SubjectDomainName"",""#text"":""WORKGROUP""},{""@Name"":""SubjectLogonId"",""#text"":""0x3E7""},{""@Name"":""PrivilegeList"",""#text"":""-""}]}}"
76,76,2024-05-27 02:40:46.640625+00:00,4735,LogAlways,Microsoft-Windows-Security-Auditing,Security,468,260,win7,0,,A security-enabled local group was changed,WORKGROUP\WIN-QJNMT3LEKTG$ (S-1-5-18),,Target: Builtin\Remote Desktop Users (S-1-5-32-555),SubjectLogonId: 0x3E7,SamAccountName: Remote Desktop Users,SidHistory: -,PrivilegeList: -,,,False,C:\Users\BRIANNA\OneDrive\Documents\GitHub\NSSECU3_MP2\win7_files\Logs\Security.evtx,Audit success,0,"{""EventData"":{""Data"":[{""@Name"":""TargetUserName"",""#text"":""Remote Desktop Users""},{""@Name"":""TargetDomainName"",""#text"":""Builtin""},{""@Name"":""TargetSid"",""#text"":""S-1-5-32-555""},{""@Name"":""SubjectUserSid"",""#text"":""S-1-5-18""},{""@Name"":""SubjectUserName"",""#text"":""WIN-QJNMT3LEKTG$""},{""@Name"":""SubjectDomainName"",""#text"":""WORKGROUP""},{""@Name"":""SubjectLogonId"",""#text"":""0x3E7""},{""@Name"":""PrivilegeList"",""#text"":""-""},{""@Name"":""SamAccountName"",""#text"":""Remote Desktop Users""},{""@Name"":""SidHistory"",""#text"":""-""}]}}"
80,80,2024-05-27 02:40:46.640625+00:00,4735,LogAlways,Microsoft-Windows-Security-Auditing,Security,468,260,win7,0,,A security-enabled local group was changed,WORKGROUP\WIN-QJNMT3LEKTG$ (S-1-5-18),,Target: Builtin\Power Users (S-1-5-32-547),SubjectLogonId: 0x3E7,SamAccountName: -,SidHistory: -,PrivilegeList: -,,,False,C:\Users\BRIANNA\OneDrive\Documents\GitHub\NSSECU3_MP2\win7_files\Logs\Security.evtx,Audit success,0,"{""EventData"":{""Data"":[{""@Name"":""TargetUserName"",""#text"":""Power Users""},{""@Name"":""TargetDomainName"",""#text"":""Builtin""},{""@Name"":""TargetSid"",""#text"":""S-1-5-32-547""},{""@Name"":""SubjectUserSid"",""#text"":""S-1-5-18""},{""@Name"":""SubjectUserName"",""#text"":""WIN-QJNMT3LEKTG$""},{""@Name"":""SubjectDomainName"",""#text"":""WORKGROUP""},{""@Name"":""SubjectLogonId"",""#text"":""0x3E7""},{""@Name"":""PrivilegeList"",""#text"":""-""},{""@Name"":""SamAccountName"",""#text"":""-""},{""@Name"":""SidHistory"",""#text"":""-""}]}}"
75,75,2024-05-27 02:40:46.640625+00:00,4781,LogAlways,Microsoft-Windows-Security-Auditing,Security,468,260,win7,0,,The name of an account was changed,WORKGROUP\WIN-QJNMT3LEKTG$ (S-1-5-18),,OldTargetUserName: Remote Desktop Users,NewTargetUserName: Remote Desktop Users,TargetDomainName: Builtin,TargetSid: S-1-5-32-555,,,,False,C:\Users\BRIANNA\OneDrive\Documents\GitHub\NSSECU3_MP2\win7_files\Logs\Security.evtx,Audit success,0,"{""EventData"":{""Data"":[{""@Name"":""OldTargetUserName"",""#text"":""Remote Desktop Users""},{""@Name"":""NewTargetUserName"",""#text"":""Remote Desktop Users""},{""@Name"":""TargetDomainName"",""#text"":""Builtin""},{""@Name"":""TargetSid"",""#text"":""S-1-5-32-555""},{""@Name"":""SubjectUserSid"",""#text"":""S-1-5-18""},{""@Name"":""SubjectUserName"",""#text"":""WIN-QJNMT3LEKTG$""},{""@Name"":""SubjectDomainName"",""#text"":""WORKGROUP""},{""@Name"":""SubjectLogonId"",""#text"":""0x3E7""},{""@Name"":""PrivilegeList"",""#text"":""-""}]}}"
77,77,2024-05-27 02:40:46.640625+00:00,4735,LogAlways,Microsoft-Windows-Security-Auditing,Security,468,260,win7,0,,A security-enabled local group was changed,WORKGROUP\WIN-QJNMT3LEKTG$ (S-1-5-18),,Target: Builtin\Network Configuration Operators (S-1-5-32-556),SubjectLogonId: 0x3E7,SamAccountName: -,SidHistory: -,PrivilegeList: -,,,False,C:\Users\BRIANNA\OneDrive\Documents\GitHub\NSSECU3_MP2\win7_files\Logs\Security.evtx,Audit success,0,"{""EventData"":{""Data"":[{""@Name"":""TargetUserName"",""#text"":""Network Configuration Operators""},{""@Name"":""TargetDomainName"",""#text"":""Builtin""},{""@Name"":""TargetSid"",""#text"":""S-1-5-32-556""},{""@Name"":""SubjectUserSid"",""#text"":""S-1-5-18""},{""@Name"":""SubjectUserName"",""#text"":""WIN-QJNMT3LEKTG$""},{""@Name"":""SubjectDomainName"",""#text"":""WORKGROUP""},{""@Name"":""SubjectLogonId"",""#text"":""0x3E7""},{""@Name"":""PrivilegeList"",""#text"":""-""},{""@Name"":""SamAccountName"",""#text"":""-""},{""@Name"":""SidHistory"",""#text"":""-""}]}}"
81,81,2024-05-27 02:40:46.640625+00:00,4781,LogAlways,Microsoft-Windows-Security-Auditing,Security,468,260,win7,0,,The name of an account was changed,WORKGROUP\WIN-QJNMT3LEKTG$ (S-1-5-18),,OldTargetUserName: Power Users,NewTargetUserName: Power Users,TargetDomainName: Builtin,TargetSid: S-1-5-32-547,,,,False,C:\Users\BRIANNA\OneDrive\Documents\GitHub\NSSECU3_MP2\win7_files\Logs\Security.evtx,Audit success,0,"{""EventData"":{""Data"":[{""@Name"":""OldTargetUserName"",""#text"":""Power Users""},{""@Name"":""NewTargetUserName"",""#text"":""Power Users""},{""@Name"":""TargetDomainName"",""#text"":""Builtin""},{""@Name"":""TargetSid"",""#text"":""S-1-5-32-547""},{""@Name"":""SubjectUserSid"",""#text"":""S-1-5-18""},{""@Name"":""SubjectUserName"",""#text"":""WIN-QJNMT3LEKTG$""},{""@Name"":""SubjectDomainName"",""#text"":""WORKGROUP""},{""@Name"":""SubjectLogonId"",""#text"":""0x3E7""},{""@Name"":""PrivilegeList"",""#text"":""-""}]}}"
87,87,2024-05-27 02:40:46.640625+00:00,4781,LogAlways,Microsoft-Windows-Security-Auditing,Security,468,260,win7,0,,The name of an account was changed,WORKGROUP\WIN-QJNMT3LEKTG$ (S-1-5-18),,OldTargetUserName: Performance Log Users,NewTargetUserName: Performance Log Users,TargetDomainName: Builtin,TargetSid: S-1-5-32-559,,,,False,C:\Users\BRIANNA\OneDrive\Documents\GitHub\NSSECU3_MP2\win7_files\Logs\Security.evtx,Audit success,0,"{""EventData"":{""Data"":[{""@Name"":""OldTargetUserName"",""#text"":""Performance Log Users""},{""@Name"":""NewTargetUserName"",""#text"":""Performance Log Users""},{""@Name"":""TargetDomainName"",""#text"":""Builtin""},{""@Name"":""TargetSid"",""#text"":""S-1-5-32-559""},{""@Name"":""SubjectUserSid"",""#text"":""S-1-5-18""},{""@Name"":""SubjectUserName"",""#text"":""WIN-QJNMT3LEKTG$""},{""@Name"":""SubjectDomainName"",""#text"":""WORKGROUP""},{""@Name"":""SubjectLogonId"",""#text"":""0x3E7""},{""@Name"":""PrivilegeList"",""#text"":""-""}]}}"
83,83,2024-05-27 02:40:46.640625+00:00,4735,LogAlways,Microsoft-Windows-Security-Auditing,Security,468,260,win7,0,,A security-enabled local group was changed,WORKGROUP\WIN-QJNMT3LEKTG$ (S-1-5-18),,Target: Builtin\Performance Monitor Users (S-1-5-32-558),SubjectLogonId: 0x3E7,SamAccountName: -,SidHistory: -,PrivilegeList: -,,,False,C:\Users\BRIANNA\OneDrive\Documents\GitHub\NSSECU3_MP2\win7_files\Logs\Security.evtx,Audit success,0,"{""EventData"":{""Data"":[{""@Name"":""TargetUserName"",""#text"":""Performance Monitor Users""},{""@Name"":""TargetDomainName"",""#text"":""Builtin""},{""@Name"":""TargetSid"",""#text"":""S-1-5-32-558""},{""@Name"":""SubjectUserSid"",""#text"":""S-1-5-18""},{""@Name"":""SubjectUserName"",""#text"":""WIN-QJNMT3LEKTG$""},{""@Name"":""SubjectDomainName"",""#text"":""WORKGROUP""},{""@Name"":""SubjectLogonId"",""#text"":""0x3E7""},{""@Name"":""PrivilegeList"",""#text"":""-""},{""@Name"":""SamAccountName"",""#text"":""-""},{""@Name"":""SidHistory"",""#text"":""-""}]}}"
