295,295,2025-02-03 14:56:12.703125+00:00,4624,LogAlways,Microsoft-Windows-Security-Auditing,Security,468,504,win7,3,,Successful logon,WORKGROUP\WIN7$, (-),Target: NT AUTHORITY\SYSTEM,LogonType 5,LogonId: 0x3E7,AuthenticationPackageName: Negotiate,LogonProcessName: Advapi  ,,C:\Windows\System32\services.exe,False,C:\Users\BRIANNA\OneDrive\Documents\GitHub\NSSECU3_MP2\win7_files\Logs\Security.evtx,Audit success,0,"{""EventData"":{""Data"":[{""@Name"":""SubjectUserSid"",""#text"":""S-1-5-18""},{""@Name"":""SubjectUserName"",""#text"":""WIN7$""},{""@Name"":""SubjectDomainName"",""#text"":""WORKGROUP""},{""@Name"":""SubjectLogonId"",""#text"":""0x3E7""},{""@Name"":""TargetUserSid"",""#text"":""S-1-5-18""},{""@Name"":""TargetUserName"",""#text"":""SYSTEM""},{""@Name"":""TargetDomainName"",""#text"":""NT AUTHORITY""},{""@Name"":""TargetLogonId"",""#text"":""0x3E7""},{""@Name"":""LogonType"",""#text"":""5""},{""@Name"":""LogonProcessName"",""#text"":""Advapi  ""},{""@Name"":""AuthenticationPackageName"",""#text"":""Negotiate""},{""@Name"":""WorkstationName""},{""@Name"":""LogonGuid"",""#text"":""00000000-0000-0000-0000-000000000000""},{""@Name"":""TransmittedServices"",""#text"":""-""},{""@Name"":""LmPackageName"",""#text"":""-""},{""@Name"":""KeyLength"",""#text"":""0""},{""@Name"":""ProcessId"",""#text"":""0x1CC""},{""@Name"":""ProcessName"",""#text"":""C:\\Windows\\System32\\services.exe""},{""@Name"":""IpAddress"",""#text"":""-""},{""@Name"":""IpPort"",""#text"":""-""}]}}"
823,823,2025-02-03 14:56:13.171875+00:00,7036,Info,Service Control Manager,System,460,524,win7,4,,Service started or stopped,,,Name: Multimedia Class Scheduler | Multimedia Class Scheduler,Status: running,,,,,,False,C:\Users\BRIANNA\OneDrive\Documents\GitHub\NSSECU3_MP2\win7_files\Logs\System.evtx,"Audit success, classic",0,"{""EventData"":{""Data"":[{""@Name"":""param1"",""#text"":""Multimedia Class Scheduler""},{""@Name"":""param2"",""#text"":""running""}],""Binary"":""4D-00-4D-00-43-00-53-00-53-00-2F-00-34-00-00-00""}}"
824,824,2025-02-03 14:56:13.875000+00:00,7036,Info,Service Control Manager,System,460,524,win7,4,,Service started or stopped,,,Name: Windows Audio Endpoint Builder | Windows Audio Endpoint Builder,Status: running,,,,,,False,C:\Users\BRIANNA\OneDrive\Documents\GitHub\NSSECU3_MP2\win7_files\Logs\System.evtx,"Audit success, classic",0,"{""EventData"":{""Data"":[{""@Name"":""param1"",""#text"":""Windows Audio Endpoint Builder""},{""@Name"":""param2"",""#text"":""running""}],""Binary"":""41-00-75-00-64-00-69-00-6F-00-45-00-6E-00-64-00-70-00-6F-00-69-00-6E-00-74-00-42-00-75-00-69-00-6C-00-64-00-65-00-72-00-2F-00-34-00-00-00""}}"
825,825,2025-02-03 14:56:13.906250+00:00,7036,Info,Service Control Manager,System,460,524,win7,4,,Service started or stopped,,,Name: Windows Audio | Windows Audio,Status: running,,,,,,False,C:\Users\BRIANNA\OneDrive\Documents\GitHub\NSSECU3_MP2\win7_files\Logs\System.evtx,"Audit success, classic",0,"{""EventData"":{""Data"":[{""@Name"":""param1"",""#text"":""Windows Audio""},{""@Name"":""param2"",""#text"":""running""}],""Binary"":""41-00-75-00-64-00-69-00-6F-00-53-00-72-00-76-00-2F-00-34-00-00-00""}}"
826,826,2025-02-03 14:56:14.546875+00:00,7036,Info,Service Control Manager,System,460,572,win7,4,,Service started or stopped,,,Name: Themes | Themes,Status: running,,,,,,False,C:\Users\BRIANNA\OneDrive\Documents\GitHub\NSSECU3_MP2\win7_files\Logs\System.evtx,"Audit success, classic",0,"{""EventData"":{""Data"":[{""@Name"":""param1"",""#text"":""Themes""},{""@Name"":""param2"",""#text"":""running""}],""Binary"":""54-00-68-00-65-00-6D-00-65-00-73-00-2F-00-34-00-00-00""}}"
827,827,2025-02-03 14:56:14.890625+00:00,7036,Info,Service Control Manager,System,460,572,win7,4,,Service started or stopped,,,Name: Group Policy Client | Group Policy Client,Status: running,,,,,,False,C:\Users\BRIANNA\OneDrive\Documents\GitHub\NSSECU3_MP2\win7_files\Logs\System.evtx,"Audit success, classic",0,"{""EventData"":{""Data"":[{""@Name"":""param1"",""#text"":""Group Policy Client""},{""@Name"":""param2"",""#text"":""running""}],""Binary"":""67-00-70-00-73-00-76-00-63-00-2F-00-34-00-00-00""}}"
143,143,2025-02-03 14:56:14.921875+00:00,5321,Info,Microsoft-Windows-GroupPolicy,Microsoft-Windows-GroupPolicy/Operational,804,816,win7,0,S-1-5-18,,,,,,,,,,,False,C:\Users\BRIANNA\OneDrive\Documents\GitHub\NSSECU3_MP2\win7_files\Logs\Microsoft-Windows-GroupPolicy_4Operational.evtx,0x4000000000000000,0,"{""EventData"":{""Data"":[{""@Name"":""InfoDescription"",""#text"":""%%4167""},{""@Name"":""OperationParameter1"",""#text"":""4765c096-5971-4bf2-9838-210fcfb939b3""}]}}"
142,142,2025-02-03 14:56:14.921875+00:00,5320,Info,Microsoft-Windows-GroupPolicy,Microsoft-Windows-GroupPolicy/Operational,804,816,win7,0,S-1-5-18,,,,,,,,,,,False,C:\Users\BRIANNA\OneDrive\Documents\GitHub\NSSECU3_MP2\win7_files\Logs\Microsoft-Windows-GroupPolicy_4Operational.evtx,0x4000000000000000,0,"{""EventData"":{""Data"":{""@Name"":""InfoDescription"",""#text"":""%%4166""}}}"
141,141,2025-02-03 14:56:14.921875+00:00,5320,Info,Microsoft-Windows-GroupPolicy,Microsoft-Windows-GroupPolicy/Operational,804,816,win7,0,S-1-5-18,,,,,,,,,,,False,C:\Users\BRIANNA\OneDrive\Documents\GitHub\NSSECU3_MP2\win7_files\Logs\Microsoft-Windows-GroupPolicy_4Operational.evtx,0x4000000000000000,0,"{""EventData"":{""Data"":{""@Name"":""InfoDescription"",""#text"":""%%4160""}}}"
140,140,2025-02-03 14:56:14.921875+00:00,5320,Info,Microsoft-Windows-GroupPolicy,Microsoft-Windows-GroupPolicy/Operational,804,816,win7,0,S-1-5-18,,,,,,,,,,,False,C:\Users\BRIANNA\OneDrive\Documents\GitHub\NSSECU3_MP2\win7_files\Logs\Microsoft-Windows-GroupPolicy_4Operational.evtx,0x4000000000000000,0,"{""EventData"":{""Data"":{""@Name"":""InfoDescription"",""#text"":""%%4168""}}}"
432,432,2025-02-03 14:56:14.937500+00:00,1531,Info,Microsoft-Windows-User Profiles Service,Application,804,892,win7,3,S-1-5-18,,,,,,,,,,,False,C:\Users\BRIANNA\OneDrive\Documents\GitHub\NSSECU3_MP2\win7_files\Logs\Application.evtx,Classic,0,"{""EventData"":""""}"
828,828,2025-02-03 14:56:14.937500+00:00,7036,Info,Service Control Manager,System,460,524,win7,4,,Service started or stopped,,,Name: User Profile Service | User Profile Service,Status: running,,,,,,False,C:\Users\BRIANNA\OneDrive\Documents\GitHub\NSSECU3_MP2\win7_files\Logs\System.evtx,"Audit success, classic",0,"{""EventData"":{""Data"":[{""@Name"":""param1"",""#text"":""User Profile Service""},{""@Name"":""param2"",""#text"":""running""}],""Binary"":""50-00-72-00-6F-00-66-00-53-00-76-00-63-00-2F-00-34-00-00-00""}}"
15,15,2025-02-03 14:56:14.953125+00:00,1,Info,Microsoft-Windows-OfflineFiles,Microsoft-Windows-OfflineFiles/Operational,780,884,win7,0,S-1-5-18,,,,,,,,,,,False,C:\Users\BRIANNA\OneDrive\Documents\GitHub\NSSECU3_MP2\win7_files\Logs\Microsoft-Windows-OfflineFiles_4Operational.evtx,0x4000000000000010,0,"{""EventData"":""""}"
829,829,2025-02-03 14:56:14.953125+00:00,7036,Info,Service Control Manager,System,460,524,win7,4,,Service started or stopped,,,Name: Offline Files | Offline Files,Status: running,,,,,,False,C:\Users\BRIANNA\OneDrive\Documents\GitHub\NSSECU3_MP2\win7_files\Logs\System.evtx,"Audit success, classic",0,"{""EventData"":{""Data"":[{""@Name"":""param1"",""#text"":""Offline Files""},{""@Name"":""param2"",""#text"":""running""}],""Binary"":""43-00-73-00-63-00-53-00-65-00-72-00-76-00-69-00-63-00-65-00-2F-00-34-00-00-00""}}"
14,14,2025-02-03 14:56:14.968750+00:00,3005,Info,Microsoft-Windows-BranchCacheSMB,Microsoft-Windows-BranchCacheSMB/Operational,780,796,win7,0,S-1-5-18,,,,,,,,,,,False,C:\Users\BRIANNA\OneDrive\Documents\GitHub\NSSECU3_MP2\win7_files\Logs\Microsoft-Windows-BranchCacheSMB_4Operational.evtx,0x8000000000000800,0,"{""UserData"":{""CounterSummary"":{""ServiceActiveTimeInSeconds"":""0"",""SMBBranchCacheBytesRequested"":""0"",""SMBBranchCacheBytesReceived"":""0"",""SMBBranchCacheBytesPublished"":""0"",""SMBBranchCacheBytesRequestedFromServer"":""0"",""SMBBranchCacheHashesRequested"":""0"",""SMBBranchCacheHashesReceived"":""0"",""SMBBranchCacheHashBytesReceived"":""0"",""PrefetchOperationsQueued"":""0"",""PrefetchBytesReadFromCache"":""0"",""PrefetchBytesReadFromServer"":""0"",""ApplicationBytesReadFromCache"":""0"",""ApplicationBytesReadFromServer"":""0"",""ApplicationBytesReadFromServerNotCached"":""0""}}}"
431,431,2025-02-03 14:56:15+00:00,4625,Info,Microsoft-Windows-EventSystem,Application,0,0,win7,3,,,,,,,,,,,,False,C:\Users\BRIANNA\OneDrive\Documents\GitHub\NSSECU3_MP2\win7_files\Logs\Application.evtx,0x80000000000000,0,"{""EventData"":{""Data"":[{""@Name"":""param1"",""#text"":""86400""},{""@Name"":""param2"",""#text"":""SuppressDuplicateDuration""},{""@Name"":""param3"",""#text"":""Software\\Microsoft\\EventSystem\\EventLog""}]}}"
830,830,2025-02-03 14:56:15.140625+00:00,7036,Info,Service Control Manager,System,460,524,win7,4,,Service started or stopped,,,Name: COM+ Event System | COM+ Event System,Status: running,,,,,,False,C:\Users\BRIANNA\OneDrive\Documents\GitHub\NSSECU3_MP2\win7_files\Logs\System.evtx,"Audit success, classic",0,"{""EventData"":{""Data"":[{""@Name"":""param1"",""#text"":""COM+ Event System""},{""@Name"":""param2"",""#text"":""running""}],""Binary"":""45-00-76-00-65-00-6E-00-74-00-53-00-79-00-73-00-74-00-65-00-6D-00-2F-00-34-00-00-00""}}"
831,831,2025-02-03 14:56:15.187500+00:00,7036,Info,Service Control Manager,System,460,524,win7,4,,Service started or stopped,,,Name: System Event Notification Service | System Event Notification Service,Status: running,,,,,,False,C:\Users\BRIANNA\OneDrive\Documents\GitHub\NSSECU3_MP2\win7_files\Logs\System.evtx,"Audit success, classic",0,"{""EventData"":{""Data"":[{""@Name"":""param1"",""#text"":""System Event Notification Service""},{""@Name"":""param2"",""#text"":""running""}],""Binary"":""53-00-45-00-4E-00-53-00-2F-00-34-00-00-00""}}"
833,833,2025-02-03 14:56:15.234375+00:00,7036,Info,Service Control Manager,System,460,572,win7,4,,Service started or stopped,,,Name: Security Accounts Manager | Security Accounts Manager,Status: running,,,,,,False,C:\Users\BRIANNA\OneDrive\Documents\GitHub\NSSECU3_MP2\win7_files\Logs\System.evtx,"Audit success, classic",0,"{""EventData"":{""Data"":[{""@Name"":""param1"",""#text"":""Security Accounts Manager""},{""@Name"":""param2"",""#text"":""running""}],""Binary"":""53-00-61-00-6D-00-53-00-73-00-2F-00-34-00-00-00""}}"
832,832,2025-02-03 14:56:15.234375+00:00,7036,Info,Service Control Manager,System,460,524,win7,4,,Service started or stopped,,,Name: Desktop Window Manager Session Manager | Desktop Window Manager Session Manager,Status: running,,,,,,False,C:\Users\BRIANNA\OneDrive\Documents\GitHub\NSSECU3_MP2\win7_files\Logs\System.evtx,"Audit success, classic",0,"{""EventData"":{""Data"":[{""@Name"":""param1"",""#text"":""Desktop Window Manager Session Manager""},{""@Name"":""param2"",""#text"":""running""}],""Binary"":""55-00-78-00-53-00-6D-00-73-00-2F-00-34-00-00-00""}}"
834,834,2025-02-03 14:56:15.343750+00:00,7036,Info,Service Control Manager,System,460,572,win7,4,,Service started or stopped,,,Name: Network Store Interface Service | Network Store Interface Service,Status: running,,,,,,False,C:\Users\BRIANNA\OneDrive\Documents\GitHub\NSSECU3_MP2\win7_files\Logs\System.evtx,"Audit success, classic",0,"{""EventData"":{""Data"":[{""@Name"":""param1"",""#text"":""Network Store Interface Service""},{""@Name"":""param2"",""#text"":""running""}],""Binary"":""6E-00-73-00-69-00-2F-00-34-00-00-00""}}"
835,835,2025-02-03 14:56:15.437500+00:00,7036,Info,Service Control Manager,System,460,524,win7,4,,Service started or stopped,,,Name: TCP/IP NetBIOS Helper | TCP/IP NetBIOS Helper,Status: running,,,,,,False,C:\Users\BRIANNA\OneDrive\Documents\GitHub\NSSECU3_MP2\win7_files\Logs\System.evtx,"Audit success, classic",0,"{""EventData"":{""Data"":[{""@Name"":""param1"",""#text"":""TCP/IP NetBIOS Helper""},{""@Name"":""param2"",""#text"":""running""}],""Binary"":""6C-00-6D-00-68-00-6F-00-73-00-74-00-73-00-2F-00-34-00-00-00""}}"
836,836,2025-02-03 14:56:15.500000+00:00,50036,Info,Microsoft-Windows-Dhcp-Client,System,744,1020,win7,4,S-1-5-19,,,,,,,,,,,False,C:\Users\BRIANNA\OneDrive\Documents\GitHub\NSSECU3_MP2\win7_files\Logs\System.evtx,0x2000000000000000,0,"{""EventData"":""""}"
837,837,2025-02-03 14:56:15.546875+00:00,51046,Info,Microsoft-Windows-DHCPv6-Client,System,744,280,win7,4,S-1-5-19,,,,,,,,,,,False,C:\Users\BRIANNA\OneDrive\Documents\GitHub\NSSECU3_MP2\win7_files\Logs\System.evtx,0x2000000000000000,0,"{""EventData"":""""}"
839,839,2025-02-03 14:56:15.546875+00:00,7036,Info,Service Control Manager,System,460,524,win7,4,,Service started or stopped,,,Name: DHCP Client | DHCP Client,Status: running,,,,,,False,C:\Users\BRIANNA\OneDrive\Documents\GitHub\NSSECU3_MP2\win7_files\Logs\System.evtx,"Audit success, classic",0,"{""EventData"":{""Data"":[{""@Name"":""param1"",""#text"":""DHCP Client""},{""@Name"":""param2"",""#text"":""running""}],""Binary"":""44-00-68-00-63-00-70-00-2F-00-34-00-00-00""}}"
838,838,2025-02-03 14:56:15.546875+00:00,7036,Info,Service Control Manager,System,460,524,win7,4,,Service started or stopped,,,Name: DNS Client | DNS Client,Status: running,,,,,,False,C:\Users\BRIANNA\OneDrive\Documents\GitHub\NSSECU3_MP2\win7_files\Logs\System.evtx,"Audit success, classic",0,"{""EventData"":{""Data"":[{""@Name"":""param1"",""#text"":""DNS Client""},{""@Name"":""param2"",""#text"":""running""}],""Binary"":""44-00-6E-00-73-00-63-00-61-00-63-00-68-00-65-00-2F-00-34-00-00-00""}}"
840,840,2025-02-03 14:56:15.593750+00:00,7036,Info,Service Control Manager,System,460,524,win7,4,,Service started or stopped,,,Name: Shell Hardware Detection | Shell Hardware Detection,Status: running,,,,,,False,C:\Users\BRIANNA\OneDrive\Documents\GitHub\NSSECU3_MP2\win7_files\Logs\System.evtx,"Audit success, classic",0,"{""EventData"":{""Data"":[{""@Name"":""param1"",""#text"":""Shell Hardware Detection""},{""@Name"":""param2"",""#text"":""running""}],""Binary"":""53-00-68-00-65-00-6C-00-6C-00-48-00-57-00-44-00-65-00-74-00-65-00-63-00-74-00-69-00-6F-00-6E-00-2F-00-34-00-00-00""}}"
15,15,2025-02-03 14:56:16.062500+00:00,3001,Info,Microsoft-Windows-BranchCacheSMB,Microsoft-Windows-BranchCacheSMB/Operational,780,908,win7,0,S-1-5-18,,,,,,,,,,,False,C:\Users\BRIANNA\OneDrive\Documents\GitHub\NSSECU3_MP2\win7_files\Logs\Microsoft-Windows-BranchCacheSMB_4Operational.evtx,0x8000000000000800,0,"{""EventData"":""""}"
841,841,2025-02-03 14:56:17.203125+00:00,7036,Info,Service Control Manager,System,460,532,win7,4,,Service started or stopped,,,Name: Task Scheduler | Task Scheduler,Status: running,,,,,,False,C:\Users\BRIANNA\OneDrive\Documents\GitHub\NSSECU3_MP2\win7_files\Logs\System.evtx,"Audit success, classic",0,"{""EventData"":{""Data"":[{""@Name"":""param1"",""#text"":""Task Scheduler""},{""@Name"":""param2"",""#text"":""running""}],""Binary"":""53-00-63-00-68-00-65-00-64-00-75-00-6C-00-65-00-2F-00-34-00-00-00""}}"
299,299,2025-02-03 14:56:17.406250+00:00,4624,LogAlways,Microsoft-Windows-Security-Auditing,Security,468,852,win7,3,,Successful logon,WORKGROUP\WIN7$, (-),Target: NT AUTHORITY\SYSTEM,LogonType 5,LogonId: 0x3E7,AuthenticationPackageName: Negotiate,LogonProcessName: Advapi  ,,C:\Windows\System32\services.exe,False,C:\Users\BRIANNA\OneDrive\Documents\GitHub\NSSECU3_MP2\win7_files\Logs\Security.evtx,Audit success,0,"{""EventData"":{""Data"":[{""@Name"":""SubjectUserSid"",""#text"":""S-1-5-18""},{""@Name"":""SubjectUserName"",""#text"":""WIN7$""},{""@Name"":""SubjectDomainName"",""#text"":""WORKGROUP""},{""@Name"":""SubjectLogonId"",""#text"":""0x3E7""},{""@Name"":""TargetUserSid"",""#text"":""S-1-5-18""},{""@Name"":""TargetUserName"",""#text"":""SYSTEM""},{""@Name"":""TargetDomainName"",""#text"":""NT AUTHORITY""},{""@Name"":""TargetLogonId"",""#text"":""0x3E7""},{""@Name"":""LogonType"",""#text"":""5""},{""@Name"":""LogonProcessName"",""#text"":""Advapi  ""},{""@Name"":""AuthenticationPackageName"",""#text"":""Negotiate""},{""@Name"":""WorkstationName""},{""@Name"":""LogonGuid"",""#text"":""00000000-0000-0000-0000-000000000000""},{""@Name"":""TransmittedServices"",""#text"":""-""},{""@Name"":""LmPackageName"",""#text"":""-""},{""@Name"":""KeyLength"",""#text"":""0""},{""@Name"":""ProcessId"",""#text"":""0x1CC""},{""@Name"":""ProcessName"",""#text"":""C:\\Windows\\System32\\services.exe""},{""@Name"":""IpAddress"",""#text"":""-""},{""@Name"":""IpPort"",""#text"":""-""}]}}"
300,300,2025-02-03 14:56:17.406250+00:00,4672,LogAlways,Microsoft-Windows-Security-Auditing,Security,468,852,win7,3,,Administrative logon,NT AUTHORITY\SYSTEM (S-1-5-18),,"PrivilegeList: SeAssignPrimaryTokenPrivilege, SeTcbPrivilege, SeSecurityPrivilege, SeTakeOwnershipPrivilege, SeLoadDriverPrivilege, SeBackupPrivilege, SeRestorePrivilege, SeDebugPrivilege, SeAuditPrivilege, SeSystemEnvironmentPrivilege, SeImpersonatePrivilege",LogonId: 0x3E7,,,,,,False,C:\Users\BRIANNA\OneDrive\Documents\GitHub\NSSECU3_MP2\win7_files\Logs\Security.evtx,Audit success,0,"{""EventData"":{""Data"":[{""@Name"":""SubjectUserSid"",""#text"":""S-1-5-18""},{""@Name"":""SubjectUserName"",""#text"":""SYSTEM""},{""@Name"":""SubjectDomainName"",""#text"":""NT AUTHORITY""},{""@Name"":""SubjectLogonId"",""#text"":""0x3E7""},{""@Name"":""PrivilegeList"",""#text"":""SeAssignPrimaryTokenPrivilege, SeTcbPrivilege, SeSecurityPrivilege, SeTakeOwnershipPrivilege, SeLoadDriverPrivilege, SeBackupPrivilege, SeRestorePrivilege, SeDebugPrivilege, SeAuditPrivilege, SeSystemEnvironmentPrivilege, SeImpersonatePrivilege""}]}}"
842,842,2025-02-03 14:56:17.937500+00:00,7036,Info,Service Control Manager,System,460,572,win7,4,,Service started or stopped,,,Name: Print Spooler | Print Spooler,Status: running,,,,,,False,C:\Users\BRIANNA\OneDrive\Documents\GitHub\NSSECU3_MP2\win7_files\Logs\System.evtx,"Audit success, classic",0,"{""EventData"":{""Data"":[{""@Name"":""param1"",""#text"":""Print Spooler""},{""@Name"":""param2"",""#text"":""running""}],""Binary"":""53-00-70-00-6F-00-6F-00-6C-00-65-00-72-00-2F-00-34-00-00-00""}}"
144,144,2025-02-03 14:56:18.421875+00:00,5324,Info,Microsoft-Windows-GroupPolicy,Microsoft-Windows-GroupPolicy/Operational,804,956,win7,1,S-1-5-18,,,,,,,,,,,False,C:\Users\BRIANNA\OneDrive\Documents\GitHub\NSSECU3_MP2\win7_files\Logs\Microsoft-Windows-GroupPolicy_4Operational.evtx,0x4000000000000000,0,"{""EventData"":{""Data"":[{""@Name"":""NotificationType"",""#text"":""0""},{""@Name"":""SessionId"",""#text"":""1""}]}}"
145,145,2025-02-03 14:56:18.453125+00:00,4000,Info,Microsoft-Windows-GroupPolicy,Microsoft-Windows-GroupPolicy/Operational,804,1036,win7,1,S-1-5-18,,,,,,,,,,,False,C:\Users\BRIANNA\OneDrive\Documents\GitHub\NSSECU3_MP2\win7_files\Logs\Microsoft-Windows-GroupPolicy_4Operational.evtx,0x4000000000000000,0,"{""EventData"":{""Data"":[{""@Name"":""PolicyActivityId"",""#text"":""63546ef7-c04c-418f-a46b-b651d0744225""},{""@Name"":""PrincipalSamName"",""#text"":""WORKGROUP\\WIN7$""},{""@Name"":""IsMachine"",""#text"":""1""},{""@Name"":""IsDomainJoined"",""#text"":""False""},{""@Name"":""IsBackgroundProcessing"",""#text"":""False""},{""@Name"":""IsAsyncProcessing"",""#text"":""True""},{""@Name"":""IsServiceRestart"",""#text"":""False""},{""@Name"":""ReasonForSyncProcessing"",""#text"":""0""}]}}"
146,146,2025-02-03 14:56:18.484375+00:00,5311,Info,Microsoft-Windows-GroupPolicy,Microsoft-Windows-GroupPolicy/Operational,804,1036,win7,1,S-1-5-18,,,,,,,,,,,False,C:\Users\BRIANNA\OneDrive\Documents\GitHub\NSSECU3_MP2\win7_files\Logs\Microsoft-Windows-GroupPolicy_4Operational.evtx,0x4000000000000000,0,"{""EventData"":{""Data"":{""@Name"":""PolicyProcessingMode"",""#text"":""0""}}}"
147,147,2025-02-03 14:56:18.515625+00:00,5312,Info,Microsoft-Windows-GroupPolicy,Microsoft-Windows-GroupPolicy/Operational,804,1036,win7,1,S-1-5-18,,,,,,,,,,,False,C:\Users\BRIANNA\OneDrive\Documents\GitHub\NSSECU3_MP2\win7_files\Logs\Microsoft-Windows-GroupPolicy_4Operational.evtx,0x4000000000000000,0,"{""EventData"":{""Data"":[{""@Name"":""DescriptionString"",""#text"":""None""},{""@Name"":""GPOInfoList""}]}}"
148,148,2025-02-03 14:56:18.515625+00:00,5313,Info,Microsoft-Windows-GroupPolicy,Microsoft-Windows-GroupPolicy/Operational,804,1036,win7,1,S-1-5-18,,,,,,,,,,,False,C:\Users\BRIANNA\OneDrive\Documents\GitHub\NSSECU3_MP2\win7_files\Logs\Microsoft-Windows-GroupPolicy_4Operational.evtx,0x4000000000000000,0,"{""EventData"":{""Data"":[{""@Name"":""DescriptionString"",""#text"":""Local Group Policy, Not Applied (Empty), ""},{""@Name"":""GPOInfoList"",""#text"":""&lt;GPO ID=\""Local Group Policy\""&gt;&lt;Name&gt;Local Group Policy&lt;/Name&gt;&lt;Version&gt;0&lt;/Version&gt;&lt;SOM&gt;Local&lt;/SOM&gt;&lt;FSPath&gt;C:\\Windows\\System32\\GroupPolicy\\Machine&lt;/FSPath&gt;&lt;Reason&gt;NOTAPPLIED-EMPTY&lt;/Reason&gt;&lt;/GPO&gt;""}]}}"
152,152,2025-02-03 14:56:18.515625+00:00,8000,Info,Microsoft-Windows-GroupPolicy,Microsoft-Windows-GroupPolicy/Operational,804,1036,win7,1,S-1-5-18,,,,,,,,,,,False,C:\Users\BRIANNA\OneDrive\Documents\GitHub\NSSECU3_MP2\win7_files\Logs\Microsoft-Windows-GroupPolicy_4Operational.evtx,0x4000000000000000,0,"{""EventData"":{""Data"":[{""@Name"":""PolicyElaspedTimeInSeconds"",""#text"":""0""},{""@Name"":""ErrorCode"",""#text"":""0""},{""@Name"":""PrincipalSamName"",""#text"":""WORKGROUP\\WIN7$""},{""@Name"":""IsMachine"",""#text"":""1""},{""@Name"":""IsConnectivityFailure"",""#text"":""False""}]}}"
153,153,2025-02-03 14:56:18.515625+00:00,5315,Info,Microsoft-Windows-GroupPolicy,Microsoft-Windows-GroupPolicy/Operational,804,1040,win7,1,S-1-5-18,,,,,,,,,,,False,C:\Users\BRIANNA\OneDrive\Documents\GitHub\NSSECU3_MP2\win7_files\Logs\Microsoft-Windows-GroupPolicy_4Operational.evtx,0x4000000000000000,0,"{""EventData"":{""Data"":[{""@Name"":""PrincipalSamName"",""#text"":""WORKGROUP\\WIN7$""},{""@Name"":""NextPolicyApplicationTime"",""#text"":""105""},{""@Name"":""NextPolicyApplicationTimeUnit"",""#text"":""%%4100""}]}}"
151,151,2025-02-03 14:56:18.515625+00:00,5320,Info,Microsoft-Windows-GroupPolicy,Microsoft-Windows-GroupPolicy/Operational,804,1036,win7,1,S-1-5-18,,,,,,,,,,,False,C:\Users\BRIANNA\OneDrive\Documents\GitHub\NSSECU3_MP2\win7_files\Logs\Microsoft-Windows-GroupPolicy_4Operational.evtx,0x4000000000000000,0,"{""EventData"":{""Data"":{""@Name"":""InfoDescription"",""#text"":""%%4165""}}}"
150,150,2025-02-03 14:56:18.515625+00:00,5320,Info,Microsoft-Windows-GroupPolicy,Microsoft-Windows-GroupPolicy/Operational,804,1036,win7,1,S-1-5-18,,,,,,,,,,,False,C:\Users\BRIANNA\OneDrive\Documents\GitHub\NSSECU3_MP2\win7_files\Logs\Microsoft-Windows-GroupPolicy_4Operational.evtx,0x4000000000000000,0,"{""EventData"":{""Data"":{""@Name"":""InfoDescription"",""#text"":""%%4163""}}}"
149,149,2025-02-03 14:56:18.515625+00:00,5320,Info,Microsoft-Windows-GroupPolicy,Microsoft-Windows-GroupPolicy/Operational,804,1036,win7,1,S-1-5-18,,,,,,,,,,,False,C:\Users\BRIANNA\OneDrive\Documents\GitHub\NSSECU3_MP2\win7_files\Logs\Microsoft-Windows-GroupPolicy_4Operational.evtx,0x4000000000000000,0,"{""EventData"":{""Data"":{""@Name"":""InfoDescription"",""#text"":""%%4161""}}}"
843,843,2025-02-03 14:56:18.828125+00:00,7036,Info,Service Control Manager,System,460,532,win7,4,,Service started or stopped,,,Name: Base Filtering Engine | Base Filtering Engine,Status: running,,,,,,False,C:\Users\BRIANNA\OneDrive\Documents\GitHub\NSSECU3_MP2\win7_files\Logs\System.evtx,"Audit success, classic",0,"{""EventData"":{""Data"":[{""@Name"":""param1"",""#text"":""Base Filtering Engine""},{""@Name"":""param2"",""#text"":""running""}],""Binary"":""42-00-46-00-45-00-2F-00-34-00-00-00""}}"
301,301,2025-02-03 14:56:19+00:00,5033,LogAlways,Microsoft-Windows-Security-Auditing,Security,4,48,win7,3,,,,,,,,,,,,False,C:\Users\BRIANNA\OneDrive\Documents\GitHub\NSSECU3_MP2\win7_files\Logs\Security.evtx,Audit success,0,"{""EventData"":""""}"
844,844,2025-02-03 14:56:19.328125+00:00,7036,Info,Service Control Manager,System,460,572,win7,4,,Service started or stopped,,,Name: Windows Firewall | Windows Firewall,Status: running,,,,,,False,C:\Users\BRIANNA\OneDrive\Documents\GitHub\NSSECU3_MP2\win7_files\Logs\System.evtx,"Audit success, classic",0,"{""EventData"":{""Data"":[{""@Name"":""param1"",""#text"":""Windows Firewall""},{""@Name"":""param2"",""#text"":""running""}],""Binary"":""4D-00-70-00-73-00-53-00-76-00-63-00-2F-00-34-00-00-00""}}"
845,845,2025-02-03 14:56:19.625000+00:00,7036,Info,Service Control Manager,System,460,572,win7,4,,Service started or stopped,,,Name: Workstation | Workstation,Status: running,,,,,,False,C:\Users\BRIANNA\OneDrive\Documents\GitHub\NSSECU3_MP2\win7_files\Logs\System.evtx,"Audit success, classic",0,"{""EventData"":{""Data"":[{""@Name"":""param1"",""#text"":""Workstation""},{""@Name"":""param2"",""#text"":""running""}],""Binary"":""4C-00-61-00-6E-00-6D-00-61-00-6E-00-57-00-6F-00-72-00-6B-00-73-00-74-00-61-00-74-00-69-00-6F-00-6E-00-2F-00-34-00-00-00""}}"
846,846,2025-02-03 14:56:22.171875+00:00,7036,Info,Service Control Manager,System,460,532,win7,4,,Service started or stopped,,,Name: Diagnostic Policy Service | Diagnostic Policy Service,Status: running,,,,,,False,C:\Users\BRIANNA\OneDrive\Documents\GitHub\NSSECU3_MP2\win7_files\Logs\System.evtx,"Audit success, classic",0,"{""EventData"":{""Data"":[{""@Name"":""param1"",""#text"":""Diagnostic Policy Service""},{""@Name"":""param2"",""#text"":""running""}],""Binary"":""44-00-50-00-53-00-2F-00-34-00-00-00""}}"
847,847,2025-02-03 14:56:23.062500+00:00,201,Info,Microsoft-Windows-Application-Experience,System,780,1140,win7,4,S-1-5-18,,,,,,,,,,,False,C:\Users\BRIANNA\OneDrive\Documents\GitHub\NSSECU3_MP2\win7_files\Logs\System.evtx,Classic,0,"{""EventData"":""""}"
848,848,2025-02-03 14:56:23.062500+00:00,7036,Info,Service Control Manager,System,460,572,win7,4,,Service started or stopped,,,Name: Program Compatibility Assistant Service | Program Compatibility Assistant Service,Status: running,,,,,,False,C:\Users\BRIANNA\OneDrive\Documents\GitHub\NSSECU3_MP2\win7_files\Logs\System.evtx,"Audit success, classic",0,"{""EventData"":{""Data"":[{""@Name"":""param1"",""#text"":""Program Compatibility Assistant Service""},{""@Name"":""param2"",""#text"":""running""}],""Binary"":""50-00-63-00-61-00-53-00-76-00-63-00-2F-00-34-00-00-00""}}"
302,302,2025-02-03 14:56:23.359375+00:00,5024,LogAlways,Microsoft-Windows-Security-Auditing,Security,468,568,win7,3,,,,,,,,,,,,False,C:\Users\BRIANNA\OneDrive\Documents\GitHub\NSSECU3_MP2\win7_files\Logs\Security.evtx,Audit success,0,"{""EventData"":""""}"
849,849,2025-02-03 14:56:23.500000+00:00,7036,Info,Service Control Manager,System,460,572,win7,4,,Service started or stopped,,,Name: Cryptographic Services | Cryptographic Services,Status: running,,,,,,False,C:\Users\BRIANNA\OneDrive\Documents\GitHub\NSSECU3_MP2\win7_files\Logs\System.evtx,"Audit success, classic",0,"{""EventData"":{""Data"":[{""@Name"":""param1"",""#text"":""Cryptographic Services""},{""@Name"":""param2"",""#text"":""running""}],""Binary"":""43-00-72-00-79-00-70-00-74-00-53-00-76-00-63-00-2F-00-34-00-00-00""}}"
433,433,2025-02-03 14:56:24+00:00,5615,LogAlways,Microsoft-Windows-WMI,Application,0,0,win7,3,,,,,,,,,,,,False,C:\Users\BRIANNA\OneDrive\Documents\GitHub\NSSECU3_MP2\win7_files\Logs\Application.evtx,0x80000000000000,0,"{""EventData"":{""Data"":"""",""Binary"":""""}}"
850,850,2025-02-03 14:56:24.109375+00:00,7036,Info,Service Control Manager,System,460,544,win7,4,,Service started or stopped,,,Name: Distributed Link Tracking Client | Distributed Link Tracking Client,Status: running,,,,,,False,C:\Users\BRIANNA\OneDrive\Documents\GitHub\NSSECU3_MP2\win7_files\Logs\System.evtx,"Audit success, classic",0,"{""EventData"":{""Data"":[{""@Name"":""param1"",""#text"":""Distributed Link Tracking Client""},{""@Name"":""param2"",""#text"":""running""}],""Binary"":""54-00-72-00-6B-00-57-00-6B-00-73-00-2F-00-34-00-00-00""}}"
851,851,2025-02-03 14:56:24.281250+00:00,7036,Info,Service Control Manager,System,460,544,win7,4,,Service started or stopped,,,Name: Network Location Awareness | Network Location Awareness,Status: running,,,,,,False,C:\Users\BRIANNA\OneDrive\Documents\GitHub\NSSECU3_MP2\win7_files\Logs\System.evtx,"Audit success, classic",0,"{""EventData"":{""Data"":[{""@Name"":""param1"",""#text"":""Network Location Awareness""},{""@Name"":""param2"",""#text"":""running""}],""Binary"":""4E-00-6C-00-61-00-53-00-76-00-63-00-2F-00-34-00-00-00""}}"
852,852,2025-02-03 14:56:24.609375+00:00,7036,Info,Service Control Manager,System,460,524,win7,4,,Service started or stopped,,,Name: Windows Management Instrumentation | Windows Management Instrumentation,Status: running,,,,,,False,C:\Users\BRIANNA\OneDrive\Documents\GitHub\NSSECU3_MP2\win7_files\Logs\System.evtx,"Audit success, classic",0,"{""EventData"":{""Data"":[{""@Name"":""param1"",""#text"":""Windows Management Instrumentation""},{""@Name"":""param2"",""#text"":""running""}],""Binary"":""57-00-69-00-6E-00-6D-00-67-00-6D-00-74-00-2F-00-34-00-00-00""}}"
853,853,2025-02-03 14:56:25.046875+00:00,7036,Info,Service Control Manager,System,460,544,win7,4,,Service started or stopped,,,Name: IP Helper | IP Helper,Status: running,,,,,,False,C:\Users\BRIANNA\OneDrive\Documents\GitHub\NSSECU3_MP2\win7_files\Logs\System.evtx,"Audit success, classic",0,"{""EventData"":{""Data"":[{""@Name"":""param1"",""#text"":""IP Helper""},{""@Name"":""param2"",""#text"":""running""}],""Binary"":""69-00-70-00-68-00-6C-00-70-00-73-00-76-00-63-00-2F-00-34-00-00-00""}}"
303,303,2025-02-03 14:56:25.265625+00:00,4624,LogAlways,Microsoft-Windows-Security-Auditing,Security,468,568,win7,3,,Successful logon,-\-, (-),Target: NT AUTHORITY\ANONYMOUS LOGON,LogonType 3,LogonId: 0x1255A,AuthenticationPackageName: NTLM,LogonProcessName: NtLmSsp ,,-,False,C:\Users\BRIANNA\OneDrive\Documents\GitHub\NSSECU3_MP2\win7_files\Logs\Security.evtx,Audit success,0,"{""EventData"":{""Data"":[{""@Name"":""SubjectUserSid"",""#text"":""S-1-0-0""},{""@Name"":""SubjectUserName"",""#text"":""-""},{""@Name"":""SubjectDomainName"",""#text"":""-""},{""@Name"":""SubjectLogonId"",""#text"":""0x0""},{""@Name"":""TargetUserSid"",""#text"":""S-1-5-7""},{""@Name"":""TargetUserName"",""#text"":""ANONYMOUS LOGON""},{""@Name"":""TargetDomainName"",""#text"":""NT AUTHORITY""},{""@Name"":""TargetLogonId"",""#text"":""0x1255A""},{""@Name"":""LogonType"",""#text"":""3""},{""@Name"":""LogonProcessName"",""#text"":""NtLmSsp ""},{""@Name"":""AuthenticationPackageName"",""#text"":""NTLM""},{""@Name"":""WorkstationName""},{""@Name"":""LogonGuid"",""#text"":""00000000-0000-0000-0000-000000000000""},{""@Name"":""TransmittedServices"",""#text"":""-""},{""@Name"":""LmPackageName"",""#text"":""NTLM V1""},{""@Name"":""KeyLength"",""#text"":""0""},{""@Name"":""ProcessId"",""#text"":""0x0""},{""@Name"":""ProcessName"",""#text"":""-""},{""@Name"":""IpAddress"",""#text"":""-""},{""@Name"":""IpPort"",""#text"":""-""}]}}"
854,854,2025-02-03 14:56:25.312500+00:00,7036,Info,Service Control Manager,System,460,524,win7,4,,Service started or stopped,,,Name: Server | Server,Status: running,,,,,,False,C:\Users\BRIANNA\OneDrive\Documents\GitHub\NSSECU3_MP2\win7_files\Logs\System.evtx,"Audit success, classic",0,"{""EventData"":{""Data"":[{""@Name"":""param1"",""#text"":""Server""},{""@Name"":""param2"",""#text"":""running""}],""Binary"":""4C-00-61-00-6E-00-6D-00-61-00-6E-00-53-00-65-00-72-00-76-00-65-00-72-00-2F-00-34-00-00-00""}}"
855,855,2025-02-03 14:56:25.343750+00:00,7036,Info,Service Control Manager,System,460,532,win7,4,,Service started or stopped,,,Name: Computer Browser | Computer Browser,Status: running,,,,,,False,C:\Users\BRIANNA\OneDrive\Documents\GitHub\NSSECU3_MP2\win7_files\Logs\System.evtx,"Audit success, classic",0,"{""EventData"":{""Data"":[{""@Name"":""param1"",""#text"":""Computer Browser""},{""@Name"":""param2"",""#text"":""running""}],""Binary"":""42-00-72-00-6F-00-77-00-73-00-65-00-72-00-2F-00-34-00-00-00""}}"
856,856,2025-02-03 14:56:25.390625+00:00,7036,Info,Service Control Manager,System,460,564,win7,4,,Service started or stopped,,,Name: Diagnostic System Host | Diagnostic System Host,Status: running,,,,,,False,C:\Users\BRIANNA\OneDrive\Documents\GitHub\NSSECU3_MP2\win7_files\Logs\System.evtx,"Audit success, classic",0,"{""EventData"":{""Data"":[{""@Name"":""param1"",""#text"":""Diagnostic System Host""},{""@Name"":""param2"",""#text"":""running""}],""Binary"":""57-00-64-00-69-00-53-00-79-00-73-00-74-00-65-00-6D-00-48-00-6F-00-73-00-74-00-2F-00-34-00-00-00""}}"
857,857,2025-02-03 14:56:25.578125+00:00,7036,Info,Service Control Manager,System,460,564,win7,4,,Service started or stopped,,,Name: Network List Service | Network List Service,Status: running,,,,,,False,C:\Users\BRIANNA\OneDrive\Documents\GitHub\NSSECU3_MP2\win7_files\Logs\System.evtx,"Audit success, classic",0,"{""EventData"":{""Data"":[{""@Name"":""param1"",""#text"":""Network List Service""},{""@Name"":""param2"",""#text"":""running""}],""Binary"":""6E-00-65-00-74-00-70-00-72-00-6F-00-66-00-6D-00-2F-00-34-00-00-00""}}"
858,858,2025-02-03 14:56:25.593750+00:00,7036,Info,Service Control Manager,System,460,564,win7,4,,Service started or stopped,,,Name: Diagnostic Service Host | Diagnostic Service Host,Status: running,,,,,,False,C:\Users\BRIANNA\OneDrive\Documents\GitHub\NSSECU3_MP2\win7_files\Logs\System.evtx,"Audit success, classic",0,"{""EventData"":{""Data"":[{""@Name"":""param1"",""#text"":""Diagnostic Service Host""},{""@Name"":""param2"",""#text"":""running""}],""Binary"":""57-00-64-00-69-00-53-00-65-00-72-00-76-00-69-00-63-00-65-00-48-00-6F-00-73-00-74-00-2F-00-34-00-00-00""}}"
28,28,2025-02-03 14:56:25.703125+00:00,105,Info,Microsoft-Windows-Diagnosis-DPS,Microsoft-Windows-Diagnosis-DPS/Operational,996,1092,win7,0,S-1-5-19,,,,,,,,,,,False,C:\Users\BRIANNA\OneDrive\Documents\GitHub\NSSECU3_MP2\win7_files\Logs\Microsoft-Windows-Diagnosis-DPS_4Operational.evtx,0x4000000800000000,0,"{""EventData"":{""Data"":[{""@Name"":""ScenarioId"",""#text"":""2698178d-fdad-40ae-9d3c-1371703adc5b""},{""@Name"":""InstanceId"",""#text"":""f50e9187-1a3f-4cae-90c7-afdc2d3b1229""},{""@Name"":""OriginalActivityId"",""#text"":""2698178d-fdad-40ae-9d3c-1371703adc5b""},{""@Name"":""DiagnosticModuleImageName"",""#text"":""%SystemRoot%\\system32\\diagperf.dll""},{""@Name"":""DiagnosticModuleId"",""#text"":""15fba3b8-a37a-4f91-bdba-fbb98fe804bf""}]}}"
27,27,2025-02-03 14:56:25.703125+00:00,100,Info,Microsoft-Windows-Diagnosis-DPS,Microsoft-Windows-Diagnosis-DPS/Operational,996,1092,win7,0,S-1-5-19,,,,,,,,,,,False,C:\Users\BRIANNA\OneDrive\Documents\GitHub\NSSECU3_MP2\win7_files\Logs\Microsoft-Windows-Diagnosis-DPS_4Operational.evtx,0x4000000800000000,0,"{""EventData"":{""Data"":[{""@Name"":""ScenarioId"",""#text"":""2698178d-fdad-40ae-9d3c-1371703adc5b""},{""@Name"":""InstanceId"",""#text"":""f50e9187-1a3f-4cae-90c7-afdc2d3b1229""},{""@Name"":""OriginalActivityId"",""#text"":""2698178d-fdad-40ae-9d3c-1371703adc5b""},{""@Name"":""DiagnosticModuleImageName"",""#text"":""%SystemRoot%\\system32\\diagperf.dll""},{""@Name"":""DiagnosticModuleId"",""#text"":""15fba3b8-a37a-4f91-bdba-fbb98fe804bf""}]}}"
30,30,2025-02-03 14:56:25.968750+00:00,4001,Info,Microsoft-Windows-NetworkProfile,Microsoft-Windows-NetworkProfile/Operational,928,1400,win7,0,S-1-5-19,,,,,,,,,,,False,C:\Users\BRIANNA\OneDrive\Documents\GitHub\NSSECU3_MP2\win7_files\Logs\Microsoft-Windows-NetworkProfile_4Operational.evtx,0x4000200000000000,0,"{""EventData"":{""Data"":[{""@Name"":""InterfaceGuid"",""#text"":""44402f8f-94a0-402e-b05b-91cd67e6a424""},{""@Name"":""CurrentOrNextState"",""#text"":""0""}]}}"
859,859,2025-02-03 14:56:25.984375+00:00,7036,Info,Service Control Manager,System,460,532,win7,4,,Service started or stopped,,,Name: Portable Device Enumerator Service | Portable Device Enumerator Service,Status: running,,,,,,False,C:\Users\BRIANNA\OneDrive\Documents\GitHub\NSSECU3_MP2\win7_files\Logs\System.evtx,"Audit success, classic",0,"{""EventData"":{""Data"":[{""@Name"":""param1"",""#text"":""Portable Device Enumerator Service""},{""@Name"":""param2"",""#text"":""running""}],""Binary"":""57-00-50-00-44-00-42-00-75-00-73-00-45-00-6E-00-75-00-6D-00-2F-00-34-00-00-00""}}"
31,31,2025-02-03 14:56:26.031250+00:00,10000,Info,Microsoft-Windows-NetworkProfile,Microsoft-Windows-NetworkProfile/Operational,928,1412,win7,0,S-1-5-19,Connect to the Internet,,,Identifying...,,,,,,,False,C:\Users\BRIANNA\OneDrive\Documents\GitHub\NSSECU3_MP2\win7_files\Logs\Microsoft-Windows-NetworkProfile_4Operational.evtx,0x4000200000000000,0,"{""EventData"":{""Data"":[{""@Name"":""Name"",""#text"":""Identifying...""},{""@Name"":""Description"",""#text"":""Identifying...""},{""@Name"":""Guid"",""#text"":""24b254a6-f9fc-4b32-b857-27283ec497e6""},{""@Name"":""Type"",""#text"":""0""},{""@Name"":""State"",""#text"":""1""},{""@Name"":""Category"",""#text"":""0""}]}}"
155,155,2025-02-03 14:56:26.078125+00:00,2010,Info,Microsoft-Windows-Windows Firewall With Advanced Security,Microsoft-Windows-Windows Firewall With Advanced Security/Firewall,996,1420,win7,2,S-1-5-19,,,,,,,,,,,False,C:\Users\BRIANNA\OneDrive\Documents\GitHub\NSSECU3_MP2\win7_files\Logs\Microsoft-Windows-Windows Firewall With Advanced Security_4Firewall.evtx,Classic,0,"{""EventData"":{""Data"":[{""@Name"":""InterfaceGuid"",""#text"":""44402f8f-94a0-402e-b05b-91cd67e6a424""},{""@Name"":""InterfaceName"",""#text"":""ethernet_6""},{""@Name"":""OldProfile"",""#text"":""2147483649""},{""@Name"":""NewProfile"",""#text"":""4""}]}}"
434,434,2025-02-03 14:56:28+00:00,5617,LogAlways,Microsoft-Windows-WMI,Application,0,0,win7,3,,,,,,,,,,,,False,C:\Users\BRIANNA\OneDrive\Documents\GitHub\NSSECU3_MP2\win7_files\Logs\Application.evtx,0x80000000000000,0,"{""EventData"":{""Data"":"""",""Binary"":""""}}"
860,860,2025-02-03 14:56:29+00:00,2505,Error,Server,System,0,0,win7,5,,,,,,,,,,,,False,C:\Users\BRIANNA\OneDrive\Documents\GitHub\NSSECU3_MP2\win7_files\Logs\System.evtx,0x80000000000000,0,"{""EventData"":{""Data"":""\\Device\\NetBT_Tcpip_{44402F8F-94A0-402E-B05B-91CD67E6A424}"",""Binary"":""34-00-00-00""}}"
861,861,2025-02-03 14:56:29.656250+00:00,7036,Info,Service Control Manager,System,460,532,win7,5,,Service started or stopped,,,Name: WinHTTP Web Proxy Auto-Discovery Service | WinHTTP Web Proxy Auto-Discovery Service,Status: running,,,,,,False,C:\Users\BRIANNA\OneDrive\Documents\GitHub\NSSECU3_MP2\win7_files\Logs\System.evtx,"Audit success, classic",0,"{""EventData"":{""Data"":[{""@Name"":""param1"",""#text"":""WinHTTP Web Proxy Auto-Discovery Service""},{""@Name"":""param2"",""#text"":""running""}],""Binary"":""57-00-69-00-6E-00-48-00-74-00-74-00-70-00-41-00-75-00-74-00-6F-00-50-00-72-00-6F-00-78-00-79-00-53-00-76-00-63-00-2F-00-34-00-00-00""}}"
862,862,2025-02-03 14:56:29.671875+00:00,4321,Error,NetBT,System,0,0,win7,5,,,,,,,,,,,,False,C:\Users\BRIANNA\OneDrive\Documents\GitHub\NSSECU3_MP2\win7_files\Logs\System.evtx,0x80000000000000,0,"{""EventData"":{""Data"":""WIN7           :20, 10.2.200.247, 10.2.200.227"",""Binary"":""00-00-00-00-04-00-32-00-00-00-00-00-E1-10-00-C0-01-01-00-00-01-00-00-C0-00-00-00-00-00-00-00-00-00-00-00-00-00-00-00-00""}}"
863,863,2025-02-03 14:56:30.296875+00:00,20003,Info,Microsoft-Windows-UserPnp,System,804,1240,win7,5,S-1-5-18,Service installation,,,ServiceName: tunnel,AddServiceStatus: Unknown code (0),,UpdateService: True,PrimaryService: True,DeviceInstanceID: ROOT\*ISATAP\0001,system32\DRIVERS\tunnel.sys,False,C:\Users\BRIANNA\OneDrive\Documents\GitHub\NSSECU3_MP2\win7_files\Logs\System.evtx,Classic,0,"{""UserData"":{""AddServiceID"":{""ServiceName"":""tunnel"",""DriverFileName"":""system32\\DRIVERS\\tunnel.sys"",""DeviceInstanceID"":""ROOT\\*ISATAP\\0001"",""PrimaryService"":""True"",""UpdateService"":""True"",""AddServiceStatus"":""0""}}}"
32,32,2025-02-03 14:56:30.343750+00:00,4002,Info,Microsoft-Windows-NetworkProfile,Microsoft-Windows-NetworkProfile/Operational,928,944,win7,0,S-1-5-19,,,,,,,,,,,False,C:\Users\BRIANNA\OneDrive\Documents\GitHub\NSSECU3_MP2\win7_files\Logs\Microsoft-Windows-NetworkProfile_4Operational.evtx,0x4001200000000000,0,"{""EventData"":{""Data"":[{""@Name"":""InterfaceGuid"",""#text"":""44402f8f-94a0-402e-b05b-91cd67e6a424""},{""@Name"":""CurrentOrNextState"",""#text"":""1""}]}}"
33,33,2025-02-03 14:56:30.375000+00:00,10000,Info,Microsoft-Windows-NetworkProfile,Microsoft-Windows-NetworkProfile/Operational,928,1412,win7,0,S-1-5-19,Connect to the Internet,,,Network,,,,,,,False,C:\Users\BRIANNA\OneDrive\Documents\GitHub\NSSECU3_MP2\win7_files\Logs\Microsoft-Windows-NetworkProfile_4Operational.evtx,0x4000200000000000,0,"{""EventData"":{""Data"":[{""@Name"":""Name"",""#text"":""Network  2""},{""@Name"":""Description"",""#text"":""Network""},{""@Name"":""Guid"",""#text"":""e4eaca53-e007-4a87-9d04-77017fd7e6c9""},{""@Name"":""Type"",""#text"":""0""},{""@Name"":""State"",""#text"":""21""},{""@Name"":""Category"",""#text"":""0""}]}}"
304,304,2025-02-03 14:56:30.687500+00:00,4648,LogAlways,Microsoft-Windows-Security-Auditing,Security,468,568,win7,3,,A logon was attempted using explicit credentials,WORKGROUP\WIN7$,127.0.0.1:0,Target: win7\student,TargetServerName: localhost,PID: 0x190,TargetInfo: localhost,,,C:\Windows\System32\winlogon.exe,False,C:\Users\BRIANNA\OneDrive\Documents\GitHub\NSSECU3_MP2\win7_files\Logs\Security.evtx,Audit success,0,"{""EventData"":{""Data"":[{""@Name"":""SubjectUserSid"",""#text"":""S-1-5-18""},{""@Name"":""SubjectUserName"",""#text"":""WIN7$""},{""@Name"":""SubjectDomainName"",""#text"":""WORKGROUP""},{""@Name"":""SubjectLogonId"",""#text"":""0x3E7""},{""@Name"":""LogonGuid"",""#text"":""00000000-0000-0000-0000-000000000000""},{""@Name"":""TargetUserName"",""#text"":""student""},{""@Name"":""TargetDomainName"",""#text"":""win7""},{""@Name"":""TargetLogonGuid"",""#text"":""00000000-0000-0000-0000-000000000000""},{""@Name"":""TargetServerName"",""#text"":""localhost""},{""@Name"":""TargetInfo"",""#text"":""localhost""},{""@Name"":""ProcessId"",""#text"":""0x190""},{""@Name"":""ProcessName"",""#text"":""C:\\Windows\\System32\\winlogon.exe""},{""@Name"":""IpAddress"",""#text"":""127.0.0.1""},{""@Name"":""IpPort"",""#text"":""0""}]}}"
305,305,2025-02-03 14:56:30.687500+00:00,4624,LogAlways,Microsoft-Windows-Security-Auditing,Security,468,568,win7,3,,Successful logon,WORKGROUP\WIN7$,WIN7 (127.0.0.1),Target: win7\student,LogonType 2,LogonId: 0x1682C,AuthenticationPackageName: Negotiate,LogonProcessName: User32 ,,C:\Windows\System32\winlogon.exe,False,C:\Users\BRIANNA\OneDrive\Documents\GitHub\NSSECU3_MP2\win7_files\Logs\Security.evtx,Audit success,0,"{""EventData"":{""Data"":[{""@Name"":""SubjectUserSid"",""#text"":""S-1-5-18""},{""@Name"":""SubjectUserName"",""#text"":""WIN7$""},{""@Name"":""SubjectDomainName"",""#text"":""WORKGROUP""},{""@Name"":""SubjectLogonId"",""#text"":""0x3E7""},{""@Name"":""TargetUserSid"",""#text"":""S-1-5-21-2630035287-469658536-4158816484-1000""},{""@Name"":""TargetUserName"",""#text"":""student""},{""@Name"":""TargetDomainName"",""#text"":""win7""},{""@Name"":""TargetLogonId"",""#text"":""0x1682C""},{""@Name"":""LogonType"",""#text"":""2""},{""@Name"":""LogonProcessName"",""#text"":""User32 ""},{""@Name"":""AuthenticationPackageName"",""#text"":""Negotiate""},{""@Name"":""WorkstationName"",""#text"":""WIN7""},{""@Name"":""LogonGuid"",""#text"":""00000000-0000-0000-0000-000000000000""},{""@Name"":""TransmittedServices"",""#text"":""-""},{""@Name"":""LmPackageName"",""#text"":""-""},{""@Name"":""KeyLength"",""#text"":""0""},{""@Name"":""ProcessId"",""#text"":""0x190""},{""@Name"":""ProcessName"",""#text"":""C:\\Windows\\System32\\winlogon.exe""},{""@Name"":""IpAddress"",""#text"":""127.0.0.1""},{""@Name"":""IpPort"",""#text"":""0""}]}}"
306,306,2025-02-03 14:56:30.687500+00:00,4624,LogAlways,Microsoft-Windows-Security-Auditing,Security,468,568,win7,3,,Successful logon,WORKGROUP\WIN7$,WIN7 (127.0.0.1),Target: win7\student,LogonType 2,LogonId: 0x16852,AuthenticationPackageName: Negotiate,LogonProcessName: User32 ,,C:\Windows\System32\winlogon.exe,False,C:\Users\BRIANNA\OneDrive\Documents\GitHub\NSSECU3_MP2\win7_files\Logs\Security.evtx,Audit success,0,"{""EventData"":{""Data"":[{""@Name"":""SubjectUserSid"",""#text"":""S-1-5-18""},{""@Name"":""SubjectUserName"",""#text"":""WIN7$""},{""@Name"":""SubjectDomainName"",""#text"":""WORKGROUP""},{""@Name"":""SubjectLogonId"",""#text"":""0x3E7""},{""@Name"":""TargetUserSid"",""#text"":""S-1-5-21-2630035287-469658536-4158816484-1000""},{""@Name"":""TargetUserName"",""#text"":""student""},{""@Name"":""TargetDomainName"",""#text"":""win7""},{""@Name"":""TargetLogonId"",""#text"":""0x16852""},{""@Name"":""LogonType"",""#text"":""2""},{""@Name"":""LogonProcessName"",""#text"":""User32 ""},{""@Name"":""AuthenticationPackageName"",""#text"":""Negotiate""},{""@Name"":""WorkstationName"",""#text"":""WIN7""},{""@Name"":""LogonGuid"",""#text"":""00000000-0000-0000-0000-000000000000""},{""@Name"":""TransmittedServices"",""#text"":""-""},{""@Name"":""LmPackageName"",""#text"":""-""},{""@Name"":""KeyLength"",""#text"":""0""},{""@Name"":""ProcessId"",""#text"":""0x190""},{""@Name"":""ProcessName"",""#text"":""C:\\Windows\\System32\\winlogon.exe""},{""@Name"":""IpAddress"",""#text"":""127.0.0.1""},{""@Name"":""IpPort"",""#text"":""0""}]}}"
307,307,2025-02-03 14:56:30.687500+00:00,4672,LogAlways,Microsoft-Windows-Security-Auditing,Security,468,568,win7,3,,Administrative logon,win7\student (S-1-5-21-2630035287-469658536-4158816484-1000),,"PrivilegeList: SeSecurityPrivilege, SeTakeOwnershipPrivilege, SeLoadDriverPrivilege, SeBackupPrivilege, SeRestorePrivilege, SeDebugPrivilege, SeSystemEnvironmentPrivilege, SeImpersonatePrivilege",LogonId: 0x1682C,,,,,,False,C:\Users\BRIANNA\OneDrive\Documents\GitHub\NSSECU3_MP2\win7_files\Logs\Security.evtx,Audit success,0,"{""EventData"":{""Data"":[{""@Name"":""SubjectUserSid"",""#text"":""S-1-5-21-2630035287-469658536-4158816484-1000""},{""@Name"":""SubjectUserName"",""#text"":""student""},{""@Name"":""SubjectDomainName"",""#text"":""win7""},{""@Name"":""SubjectLogonId"",""#text"":""0x1682C""},{""@Name"":""PrivilegeList"",""#text"":""SeSecurityPrivilege, SeTakeOwnershipPrivilege, SeLoadDriverPrivilege, SeBackupPrivilege, SeRestorePrivilege, SeDebugPrivilege, SeSystemEnvironmentPrivilege, SeImpersonatePrivilege""}]}}"
864,864,2025-02-03 14:56:30.718750+00:00,7001,Info,Microsoft-Windows-Winlogon,System,400,416,win7,5,S-1-5-18,User logon,,,UserSID: S-1-5-21-2630035287-469658536-4158816484-1000,,,,,,,False,C:\Users\BRIANNA\OneDrive\Documents\GitHub\NSSECU3_MP2\win7_files\Logs\System.evtx,0x2000000000000000,0,"{""EventData"":{""Data"":[{""@Name"":""TSId"",""#text"":""1""},{""@Name"":""UserSid"",""#text"":""S-1-5-21-2630035287-469658536-4158816484-1000""}]}}"
27,27,2025-02-03 14:56:30.734375+00:00,1,Info,Microsoft-Windows-User Profiles Service,Microsoft-Windows-User Profile Service/Operational,804,1448,win7,0,S-1-5-21-2630035287-469658536-4158816484-1000,,,,,,,,,,,False,C:\Users\BRIANNA\OneDrive\Documents\GitHub\NSSECU3_MP2\win7_files\Logs\Microsoft-Windows-User Profile Service_4Operational.evtx,0x4000000000000000,0,"{""EventData"":{""Data"":{""@Name"":""Session"",""#text"":""1""}}}"
10,10,2025-02-03 14:56:30.812500+00:00,1001,Info,Microsoft-Windows-Resource-Exhaustion-Detector,Microsoft-Windows-Resource-Exhaustion-Detector/Operational,996,360,win7,0,S-1-5-19,,,,,,,,,,,False,C:\Users\BRIANNA\OneDrive\Documents\GitHub\NSSECU3_MP2\win7_files\Logs\Microsoft-Windows-Resource-Exhaustion-Detector_4Operational.evtx,0x4000000010000000,0,"{""EventData"":""""}"
28,28,2025-02-03 14:56:30.984375+00:00,5,Info,Microsoft-Windows-User Profiles Service,Microsoft-Windows-User Profile Service/Operational,804,956,win7,0,S-1-5-18,,,,,,,,,,,False,C:\Users\BRIANNA\OneDrive\Documents\GitHub\NSSECU3_MP2\win7_files\Logs\Microsoft-Windows-User Profile Service_4Operational.evtx,0x4000000000000000,0,"{""EventData"":{""Data"":[{""@Name"":""File"",""#text"":""C:\\Users\\student\\ntuser.dat""},{""@Name"":""Key"",""#text"":""S-1-5-21-2630035287-469658536-4158816484-1000""}]}}"
435,435,2025-02-03 14:56:31+00:00,4105,Warning,Microsoft-Windows-Winlogon,Application,0,0,win7,3,,,,,,,,,,,,False,C:\Users\BRIANNA\OneDrive\Documents\GitHub\NSSECU3_MP2\win7_files\Logs\Application.evtx,0x80000000000000,0,"{""EventData"":{""Data"":""0x00000000, 0x00000000"",""Binary"":""""}}"
29,29,2025-02-03 14:56:31.031250+00:00,5,Info,Microsoft-Windows-User Profiles Service,Microsoft-Windows-User Profile Service/Operational,804,956,win7,0,S-1-5-18,,,,,,,,,,,False,C:\Users\BRIANNA\OneDrive\Documents\GitHub\NSSECU3_MP2\win7_files\Logs\Microsoft-Windows-User Profile Service_4Operational.evtx,0x4000000000000000,0,"{""EventData"":{""Data"":[{""@Name"":""File"",""#text"":""C:\\Users\\student\\AppData\\Local\\Microsoft\\Windows\\\\UsrClass.dat""},{""@Name"":""Key"",""#text"":""S-1-5-21-2630035287-469658536-4158816484-1000_Classes""}]}}"
156,156,2025-02-03 14:56:31.187500+00:00,5311,Info,Microsoft-Windows-GroupPolicy,Microsoft-Windows-GroupPolicy/Operational,804,1624,win7,1,S-1-5-21-2630035287-469658536-4158816484-1000,,,,,,,,,,,False,C:\Users\BRIANNA\OneDrive\Documents\GitHub\NSSECU3_MP2\win7_files\Logs\Microsoft-Windows-GroupPolicy_4Operational.evtx,0x4000000000000000,0,"{""EventData"":{""Data"":{""@Name"":""PolicyProcessingMode"",""#text"":""0""}}}"
154,154,2025-02-03 14:56:31.187500+00:00,5324,Info,Microsoft-Windows-GroupPolicy,Microsoft-Windows-GroupPolicy/Operational,804,1448,win7,1,S-1-5-18,,,,,,,,,,,False,C:\Users\BRIANNA\OneDrive\Documents\GitHub\NSSECU3_MP2\win7_files\Logs\Microsoft-Windows-GroupPolicy_4Operational.evtx,0x4000000000000000,0,"{""EventData"":{""Data"":[{""@Name"":""NotificationType"",""#text"":""1""},{""@Name"":""SessionId"",""#text"":""1""}]}}"
