8,8,2024-05-26 11:43:24.271359300+00:00,110,Info,Microsoft-Windows-Diagnosis-DPS,Microsoft-Windows-Diagnosis-DPS/Operational,1136,1280,win7,0,S-1-5-19,,,,,,,,,,,False,C:\Users\BRIANNA\OneDrive\Documents\GitHub\NSSECU3_MP2\win7_files\Logs\Microsoft-Windows-Diagnosis-DPS_4Operational.evtx,0x4000000800000000,0,"{""EventData"":{""Data"":[{""@Name"":""ScenarioId"",""#text"":""2698178d-fdad-40ae-9d3c-1371703adc5b""},{""@Name"":""InstanceId"",""#text"":""b6516d5a-f51d-4c01-9848-986a2eff722e""},{""@Name"":""OriginalActivityId"",""#text"":""2698178d-fdad-40ae-9d3c-1371703adc5b""},{""@Name"":""DiagnosticModuleImageName"",""#text"":""%SystemRoot%\\system32\\diagperf.dll""},{""@Name"":""DiagnosticModuleId"",""#text"":""15fba3b8-a37a-4f91-bdba-fbb98fe804bf""}]}}"
236,236,2024-05-26 11:43:26+00:00,1130,LogAlways,.NET Runtime Optimization Service,Application,0,0,win7,1,,,,,,,,,,,,False,C:\Users\BRIANNA\OneDrive\Documents\GitHub\NSSECU3_MP2\win7_files\Logs\Application.evtx,0x80000000000000,0,"{""EventData"":{""Data"":"".NET Runtime Optimization Service (2.0.50727.5420) - Installed from repository: Microsoft.Security.ApplicationId.Wizards.AutomaticRuleGenerationWizard"",""Binary"":""""}}"
237,237,2024-05-26 11:43:34+00:00,1130,LogAlways,.NET Runtime Optimization Service,Application,0,0,win7,1,,,,,,,,,,,,False,C:\Users\BRIANNA\OneDrive\Documents\GitHub\NSSECU3_MP2\win7_files\Logs\Application.evtx,0x80000000000000,0,"{""EventData"":{""Data"":"".NET Runtime Optimization Service (2.0.50727.5420) - Installed from repository: SrpUxSnapIn"",""Binary"":""""}}"
238,238,2024-05-26 11:43:36+00:00,1130,LogAlways,.NET Runtime Optimization Service,Application,0,0,win7,1,,,,,,,,,,,,False,C:\Users\BRIANNA\OneDrive\Documents\GitHub\NSSECU3_MP2\win7_files\Logs\Application.evtx,0x80000000000000,0,"{""EventData"":{""Data"":"".NET Runtime Optimization Service (2.0.50727.5420) - Installed from repository: AuditPolicyGPManagedStubs.Interop"",""Binary"":""""}}"
239,239,2024-05-26 11:43:39+00:00,1130,LogAlways,.NET Runtime Optimization Service,Application,0,0,win7,1,,,,,,,,,,,,False,C:\Users\BRIANNA\OneDrive\Documents\GitHub\NSSECU3_MP2\win7_files\Logs\Application.evtx,0x80000000000000,0,"{""EventData"":{""Data"":"".NET Runtime Optimization Service (2.0.50727.5420) - Installed from repository: BDATunePIA"",""Binary"":""""}}"
2,2,2024-05-26 11:43:39.896359300+00:00,42,Info,Microsoft-Windows-WindowsUpdateClient,Microsoft-Windows-WindowsUpdateClient/Operational,888,1444,win7,0,S-1-5-18,,,,,,,,,,,False,C:\Users\BRIANNA\OneDrive\Documents\GitHub\NSSECU3_MP2\win7_files\Logs\Microsoft-Windows-WindowsUpdateClient_4Operational.evtx,0x4000000000000480,0,"{""EventData"":{""Data"":[{""@Name"":""hc_stateid"",""#text"":""0""},{""@Name"":""restartDate""},{""@Name"":""restartTime""}]}}"
1,1,2024-05-26 11:43:39.896359300+00:00,42,Info,Microsoft-Windows-WindowsUpdateClient,Microsoft-Windows-WindowsUpdateClient/Operational,888,1444,win7,0,S-1-5-18,,,,,,,,,,,False,C:\Users\BRIANNA\OneDrive\Documents\GitHub\NSSECU3_MP2\win7_files\Logs\Microsoft-Windows-WindowsUpdateClient_4Operational.evtx,0x4000000000000480,0,"{""EventData"":{""Data"":[{""@Name"":""hc_stateid"",""#text"":""0""},{""@Name"":""restartDate""},{""@Name"":""restartTime""}]}}"
3,3,2024-05-26 11:43:39.896359300+00:00,29,Warning,Microsoft-Windows-WindowsUpdateClient,Microsoft-Windows-WindowsUpdateClient/Operational,888,1444,win7,0,S-1-5-18,,,,,,,,,,,False,C:\Users\BRIANNA\OneDrive\Documents\GitHub\NSSECU3_MP2\win7_files\Logs\Microsoft-Windows-WindowsUpdateClient_4Operational.evtx,0x4000000000000001,0,"{""EventData"":""""}"
240,240,2024-05-26 11:43:40+00:00,1005,Info,Microsoft-Windows-CEIP,Application,0,0,win7,1,,,,,,,,,,,,False,C:\Users\BRIANNA\OneDrive\Documents\GitHub\NSSECU3_MP2\win7_files\Logs\Application.evtx,0x80000000000000,0,"{""EventData"":""""}"
242,242,2024-05-26 11:43:42+00:00,1130,LogAlways,.NET Runtime Optimization Service,Application,0,0,win7,1,,,,,,,,,,,,False,C:\Users\BRIANNA\OneDrive\Documents\GitHub\NSSECU3_MP2\win7_files\Logs\Application.evtx,0x80000000000000,0,"{""EventData"":{""Data"":"".NET Runtime Optimization Service (2.0.50727.5420) - Installed from repository: Microsoft.MediaCenter"",""Binary"":""""}}"
246,246,2024-05-26 11:43:42+00:00,1130,LogAlways,.NET Runtime Optimization Service,Application,0,0,win7,1,,,,,,,,,,,,False,C:\Users\BRIANNA\OneDrive\Documents\GitHub\NSSECU3_MP2\win7_files\Logs\Application.evtx,0x80000000000000,0,"{""EventData"":{""Data"":"".NET Runtime Optimization Service (2.0.50727.5420) - Installed from repository: ehiProxy"",""Binary"":""""}}"
245,245,2024-05-26 11:43:42+00:00,1130,LogAlways,.NET Runtime Optimization Service,Application,0,0,win7,1,,,,,,,,,,,,False,C:\Users\BRIANNA\OneDrive\Documents\GitHub\NSSECU3_MP2\win7_files\Logs\Application.evtx,0x80000000000000,0,"{""EventData"":{""Data"":"".NET Runtime Optimization Service (2.0.50727.5420) - Installed from repository: ehRecObj"",""Binary"":""""}}"
243,243,2024-05-26 11:43:42+00:00,1130,LogAlways,.NET Runtime Optimization Service,Application,0,0,win7,1,,,,,,,,,,,,False,C:\Users\BRIANNA\OneDrive\Documents\GitHub\NSSECU3_MP2\win7_files\Logs\Application.evtx,0x80000000000000,0,"{""EventData"":{""Data"":"".NET Runtime Optimization Service (2.0.50727.5420) - Installed from repository: Microsoft.MediaCenter.UI"",""Binary"":""""}}"
244,244,2024-05-26 11:43:42+00:00,1130,LogAlways,.NET Runtime Optimization Service,Application,0,0,win7,1,,,,,,,,,,,,False,C:\Users\BRIANNA\OneDrive\Documents\GitHub\NSSECU3_MP2\win7_files\Logs\Application.evtx,0x80000000000000,0,"{""EventData"":{""Data"":"".NET Runtime Optimization Service (2.0.50727.5420) - Installed from repository: ehiUserXp"",""Binary"":""""}}"
241,241,2024-05-26 11:43:42+00:00,1130,LogAlways,.NET Runtime Optimization Service,Application,0,0,win7,1,,,,,,,,,,,,False,C:\Users\BRIANNA\OneDrive\Documents\GitHub\NSSECU3_MP2\win7_files\Logs\Application.evtx,0x80000000000000,0,"{""EventData"":{""Data"":"".NET Runtime Optimization Service (2.0.50727.5420) - Installed from repository: ehExtHost32"",""Binary"":""""}}"
252,252,2024-05-26 11:43:43+00:00,1130,LogAlways,.NET Runtime Optimization Service,Application,0,0,win7,1,,,,,,,,,,,,False,C:\Users\BRIANNA\OneDrive\Documents\GitHub\NSSECU3_MP2\win7_files\Logs\Application.evtx,0x80000000000000,0,"{""EventData"":{""Data"":"".NET Runtime Optimization Service (2.0.50727.5420) - Installed from repository: Microsoft.ApplicationId.Framework"",""Binary"":""""}}"
247,247,2024-05-26 11:43:43+00:00,1130,LogAlways,.NET Runtime Optimization Service,Application,0,0,win7,1,,,,,,,,,,,,False,C:\Users\BRIANNA\OneDrive\Documents\GitHub\NSSECU3_MP2\win7_files\Logs\Application.evtx,0x80000000000000,0,"{""EventData"":{""Data"":"".NET Runtime Optimization Service (2.0.50727.5420) - Installed from repository: mcepg"",""Binary"":""""}}"
248,248,2024-05-26 11:43:43+00:00,1130,LogAlways,.NET Runtime Optimization Service,Application,0,0,win7,1,,,,,,,,,,,,False,C:\Users\BRIANNA\OneDrive\Documents\GitHub\NSSECU3_MP2\win7_files\Logs\Application.evtx,0x80000000000000,0,"{""EventData"":{""Data"":"".NET Runtime Optimization Service (2.0.50727.5420) - Installed from repository: mcstore"",""Binary"":""""}}"
249,249,2024-05-26 11:43:43+00:00,1130,LogAlways,.NET Runtime Optimization Service,Application,0,0,win7,1,,,,,,,,,,,,False,C:\Users\BRIANNA\OneDrive\Documents\GitHub\NSSECU3_MP2\win7_files\Logs\Application.evtx,0x80000000000000,0,"{""EventData"":{""Data"":"".NET Runtime Optimization Service (2.0.50727.5420) - Installed from repository: mcstoredb"",""Binary"":""""}}"
250,250,2024-05-26 11:43:43+00:00,1130,LogAlways,.NET Runtime Optimization Service,Application,0,0,win7,1,,,,,,,,,,,,False,C:\Users\BRIANNA\OneDrive\Documents\GitHub\NSSECU3_MP2\win7_files\Logs\Application.evtx,0x80000000000000,0,"{""EventData"":{""Data"":"".NET Runtime Optimization Service (2.0.50727.5420) - Installed from repository: ehiVidCtl"",""Binary"":""""}}"
251,251,2024-05-26 11:43:43+00:00,1130,LogAlways,.NET Runtime Optimization Service,Application,0,0,win7,1,,,,,,,,,,,,False,C:\Users\BRIANNA\OneDrive\Documents\GitHub\NSSECU3_MP2\win7_files\Logs\Application.evtx,0x80000000000000,0,"{""EventData"":{""Data"":"".NET Runtime Optimization Service (2.0.50727.5420) - Installed from repository: ehiExtens"",""Binary"":""""}}"
1,1,2024-05-26 11:43:43.974484300+00:00,100,Info,Microsoft-Windows-WindowsBackup,Microsoft-Windows-WindowsBackup/ActionCenter,2064,2548,win7,0,S-1-5-19,,,,,,,,,,,False,C:\Users\BRIANNA\OneDrive\Documents\GitHub\NSSECU3_MP2\win7_files\Logs\Microsoft-Windows-WindowsBackup_4ActionCenter.evtx,Classic,0,"{""EventData"":{""Data"":[{""@Name"":""hc_stateid"",""#text"":""1""},{""@Name"":""pwszTimeStamp""}]}}"
257,257,2024-05-26 11:43:44+00:00,1130,LogAlways,.NET Runtime Optimization Service,Application,0,0,win7,2,,,,,,,,,,,,False,C:\Users\BRIANNA\OneDrive\Documents\GitHub\NSSECU3_MP2\win7_files\Logs\Application.evtx,0x80000000000000,0,"{""EventData"":{""Data"":"".NET Runtime Optimization Service (2.0.50727.5420) - Installed from repository: Microsoft.Security.ApplicationId.PolicyManagement.PolicyEngineApi.Interop"",""Binary"":""""}}"
258,258,2024-05-26 11:43:44+00:00,1130,LogAlways,.NET Runtime Optimization Service,Application,0,0,win7,2,,,,,,,,,,,,False,C:\Users\BRIANNA\OneDrive\Documents\GitHub\NSSECU3_MP2\win7_files\Logs\Application.evtx,0x80000000000000,0,"{""EventData"":{""Data"":"".NET Runtime Optimization Service (2.0.50727.5420) - Installed from repository: Microsoft.GroupPolicy.AdmTmplEditor"",""Binary"":""""}}"
256,256,2024-05-26 11:43:44+00:00,1130,LogAlways,.NET Runtime Optimization Service,Application,0,0,win7,2,,,,,,,,,,,,False,C:\Users\BRIANNA\OneDrive\Documents\GitHub\NSSECU3_MP2\win7_files\Logs\Application.evtx,0x80000000000000,0,"{""EventData"":{""Data"":"".NET Runtime Optimization Service (2.0.50727.5420) - Installed from repository: Microsoft.Security.ApplicationId.PolicyManagement.PolicyManager"",""Binary"":""""}}"
255,255,2024-05-26 11:43:44+00:00,1130,LogAlways,.NET Runtime Optimization Service,Application,0,0,win7,1,,,,,,,,,,,,False,C:\Users\BRIANNA\OneDrive\Documents\GitHub\NSSECU3_MP2\win7_files\Logs\Application.evtx,0x80000000000000,0,"{""EventData"":{""Data"":"".NET Runtime Optimization Service (2.0.50727.5420) - Installed from repository: Microsoft.Security.ApplicationId.PolicyManagement.XmlHelper"",""Binary"":""""}}"
253,253,2024-05-26 11:43:44+00:00,1130,LogAlways,.NET Runtime Optimization Service,Application,0,0,win7,1,,,,,,,,,,,,False,C:\Users\BRIANNA\OneDrive\Documents\GitHub\NSSECU3_MP2\win7_files\Logs\Application.evtx,0x80000000000000,0,"{""EventData"":{""Data"":"".NET Runtime Optimization Service (2.0.50727.5420) - Installed from repository: Microsoft.ApplicationId.RuleWizard"",""Binary"":""""}}"
254,254,2024-05-26 11:43:44+00:00,1130,LogAlways,.NET Runtime Optimization Service,Application,0,0,win7,1,,,,,,,,,,,,False,C:\Users\BRIANNA\OneDrive\Documents\GitHub\NSSECU3_MP2\win7_files\Logs\Application.evtx,0x80000000000000,0,"{""EventData"":{""Data"":"".NET Runtime Optimization Service (2.0.50727.5420) - Installed from repository: Microsoft.Security.ApplicationId.PolicyManagement.PolicyModel"",""Binary"":""""}}"
259,259,2024-05-26 11:43:45+00:00,1130,LogAlways,.NET Runtime Optimization Service,Application,0,0,win7,2,,,,,,,,,,,,False,C:\Users\BRIANNA\OneDrive\Documents\GitHub\NSSECU3_MP2\win7_files\Logs\Application.evtx,0x80000000000000,0,"{""EventData"":{""Data"":"".NET Runtime Optimization Service (2.0.50727.5420) - Installed from repository: Microsoft.GroupPolicy.Interop"",""Binary"":""""}}"
260,260,2024-05-26 11:43:45+00:00,1130,LogAlways,.NET Runtime Optimization Service,Application,0,0,win7,2,,,,,,,,,,,,False,C:\Users\BRIANNA\OneDrive\Documents\GitHub\NSSECU3_MP2\win7_files\Logs\Application.evtx,0x80000000000000,0,"{""EventData"":{""Data"":"".NET Runtime Optimization Service (2.0.50727.5420) - Installed from repository: Microsoft.GroupPolicy.Reporting"",""Binary"":""""}}"
261,261,2024-05-26 11:43:45+00:00,1130,LogAlways,.NET Runtime Optimization Service,Application,0,0,win7,2,,,,,,,,,,,,False,C:\Users\BRIANNA\OneDrive\Documents\GitHub\NSSECU3_MP2\win7_files\Logs\Application.evtx,0x80000000000000,0,"{""EventData"":{""Data"":"".NET Runtime Optimization Service (2.0.50727.5420) - Installed from repository: SecurityAuditPoliciesSnapIn"",""Binary"":""""}}"
262,262,2024-05-26 11:43:46+00:00,1130,LogAlways,.NET Runtime Optimization Service,Application,0,0,win7,2,,,,,,,,,,,,False,C:\Users\BRIANNA\OneDrive\Documents\GitHub\NSSECU3_MP2\win7_files\Logs\Application.evtx,0x80000000000000,0,"{""EventData"":{""Data"":"".NET Runtime Optimization Service (2.0.50727.5420) - Installed from repository: Microsoft.Security.ApplicationId.Wizards.AutomaticRuleGenerationWizard"",""Binary"":""""}}"
263,263,2024-05-26 11:43:47+00:00,1130,LogAlways,.NET Runtime Optimization Service,Application,0,0,win7,2,,,,,,,,,,,,False,C:\Users\BRIANNA\OneDrive\Documents\GitHub\NSSECU3_MP2\win7_files\Logs\Application.evtx,0x80000000000000,0,"{""EventData"":{""Data"":"".NET Runtime Optimization Service (2.0.50727.5420) - Installed from repository: SrpUxSnapIn"",""Binary"":""""}}"
345,345,2024-05-26 11:43:50.021359300+00:00,7036,Info,Service Control Manager,System,444,108,win7,2,,Service started or stopped,,,Name: Portable Device Enumerator Service | Portable Device Enumerator Service,Status: stopped,,,,,,False,C:\Users\BRIANNA\OneDrive\Documents\GitHub\NSSECU3_MP2\win7_files\Logs\System.evtx,"Audit success, classic",0,"{""EventData"":{""Data"":[{""@Name"":""param1"",""#text"":""Portable Device Enumerator Service""},{""@Name"":""param2"",""#text"":""stopped""}],""Binary"":""57-00-50-00-44-00-42-00-75-00-73-00-45-00-6E-00-75-00-6D-00-2F-00-31-00-00-00""}}"
8,8,2024-05-26 11:44:23.599484300+00:00,1002,Warning,Microsoft-Windows-KnownFolders,Microsoft-Windows-Known Folders API Service,2260,1524,win7,0,S-1-5-18,,,,,,,,,,,False,C:\Users\BRIANNA\OneDrive\Documents\GitHub\NSSECU3_MP2\win7_files\Logs\Microsoft-Windows-Known Folders API Service.evtx,Classic,0,"{""EventData"":{""Data"":[{""@Name"":""hrError"",""#text"":""0x80070002""},{""@Name"":""FolderId"",""#text"":""fdd39ad0-238f-46af-adb4-6c85480369c7""},{""@Name"":""Path"",""#text"":""C:\\Windows\\system32\\config\\systemprofile\\Documents""}]}}"
346,346,2024-05-26 11:44:23.724484300+00:00,7045,Info,Service Control Manager,System,444,108,win7,2,S-1-5-18,A new service was installed in the system,,,Name: Intel(R) PRO/1000 NDIS 6 Adapter Driver,StartType: demand start,Account: ,,,,system32\DRIVERS\E1G6032E.sys,False,C:\Users\BRIANNA\OneDrive\Documents\GitHub\NSSECU3_MP2\win7_files\Logs\System.evtx,"Audit success, classic",0,"{""EventData"":{""Data"":[{""@Name"":""ServiceName"",""#text"":""Intel(R) PRO/1000 NDIS 6 Adapter Driver""},{""@Name"":""ImagePath"",""#text"":""system32\\DRIVERS\\E1G6032E.sys""},{""@Name"":""ServiceType"",""#text"":""kernel mode driver""},{""@Name"":""StartType"",""#text"":""demand start""},{""@Name"":""AccountName""}]}}"
347,347,2024-05-26 11:44:23.771359300+00:00,20003,Info,Microsoft-Windows-UserPnp,System,2260,1524,win7,2,S-1-5-18,Service installation,,,ServiceName: E1G60,AddServiceStatus: Unknown code (0),,UpdateService: False,PrimaryService: True,DeviceInstanceID: PCI\VEN_8086&amp;DEV_100E&amp;SUBSYS_11001AF4&amp;REV_03\3&amp;13C0B0C5&amp;0&amp;90,system32\DRIVERS\E1G6032E.sys,False,C:\Users\BRIANNA\OneDrive\Documents\GitHub\NSSECU3_MP2\win7_files\Logs\System.evtx,Classic,0,"{""UserData"":{""AddServiceID"":{""ServiceName"":""E1G60"",""DriverFileName"":""system32\\DRIVERS\\E1G6032E.sys"",""DeviceInstanceID"":""PCI\\VEN_8086&amp;DEV_100E&amp;SUBSYS_11001AF4&amp;REV_03\\3&amp;13C0B0C5&amp;0&amp;90"",""PrimaryService"":""True"",""UpdateService"":""False"",""AddServiceStatus"":""0""}}}"
348,348,2024-05-26 11:44:24.474484300+00:00,20001,Info,Microsoft-Windows-UserPnp,System,2260,1524,win7,2,S-1-5-18,Device installation,,,DriverDescription: Intel(R) PRO/1000 MT Network Connection,InstallStatus: Installation Successful,IsDriverOEM: False,UpgradeDevice: False,RebootOption: False,DeviceInstanceID: PCI\VEN_8086&amp;DEV_100E&amp;SUBSYS_11001AF4&amp;REV_03\3&amp;13C0B0C5&amp;0&amp;90,FileRepository\nete1g3e.inf_amd64_neutral_7f08406e40c6ede2\nete1g3e.inf,False,C:\Users\BRIANNA\OneDrive\Documents\GitHub\NSSECU3_MP2\win7_files\Logs\System.evtx,Classic,0,"{""UserData"":{""InstallDeviceID"":{""DriverName"":""FileRepository\\nete1g3e.inf_amd64_neutral_7f08406e40c6ede2\\nete1g3e.inf"",""DriverVersion"":""8.4.1.0"",""DriverProvider"":""Microsoft"",""DeviceInstanceID"":""PCI\\VEN_8086&amp;DEV_100E&amp;SUBSYS_11001AF4&amp;REV_03\\3&amp;13C0B0C5&amp;0&amp;90"",""SetupClass"":""4d36e972-e325-11ce-bfc1-08002be10318"",""RebootOption"":""False"",""UpgradeDevice"":""False"",""IsDriverOEM"":""False"",""InstallStatus"":""0x0"",""DriverDescription"":""Intel(R) PRO/1000 MT Network Connection""}}}"
349,349,2024-05-26 11:44:25.583859300+00:00,20003,Info,Microsoft-Windows-UserPnp,System,888,2344,win7,2,S-1-5-18,Service installation,,,ServiceName: tunnel,AddServiceStatus: Unknown code (0),,UpdateService: True,PrimaryService: True,DeviceInstanceID: ROOT\*ISATAP\0000,system32\DRIVERS\tunnel.sys,False,C:\Users\BRIANNA\OneDrive\Documents\GitHub\NSSECU3_MP2\win7_files\Logs\System.evtx,Classic,0,"{""UserData"":{""AddServiceID"":{""ServiceName"":""tunnel"",""DriverFileName"":""system32\\DRIVERS\\tunnel.sys"",""DeviceInstanceID"":""ROOT\\*ISATAP\\0000"",""PrimaryService"":""True"",""UpdateService"":""True"",""AddServiceStatus"":""0""}}}"
1,1,2024-05-26 11:44:26.349484300+00:00,4001,Info,Microsoft-Windows-NetworkProfile,Microsoft-Windows-NetworkProfile/Operational,452,1684,win7,0,S-1-5-19,,,,,,,,,,,False,C:\Users\BRIANNA\OneDrive\Documents\GitHub\NSSECU3_MP2\win7_files\Logs\Microsoft-Windows-NetworkProfile_4Operational.evtx,0x4000200000000000,0,"{""EventData"":{""Data"":[{""@Name"":""InterfaceGuid"",""#text"":""44402f8f-94a0-402e-b05b-91cd67e6a424""},{""@Name"":""CurrentOrNextState"",""#text"":""0""}]}}"
2,2,2024-05-26 11:44:26.365109300+00:00,10000,Info,Microsoft-Windows-NetworkProfile,Microsoft-Windows-NetworkProfile/Operational,452,972,win7,0,S-1-5-19,Connect to the Internet,,,Identifying...,,,,,,,False,C:\Users\BRIANNA\OneDrive\Documents\GitHub\NSSECU3_MP2\win7_files\Logs\Microsoft-Windows-NetworkProfile_4Operational.evtx,0x4000200000000000,0,"{""EventData"":{""Data"":[{""@Name"":""Name"",""#text"":""Identifying...""},{""@Name"":""Description"",""#text"":""Identifying...""},{""@Name"":""Guid"",""#text"":""1733b37f-a44f-487d-9e14-2879443f4dd6""},{""@Name"":""Type"",""#text"":""0""},{""@Name"":""State"",""#text"":""1""},{""@Name"":""Category"",""#text"":""0""}]}}"
53,53,2024-05-26 11:44:26.380734300+00:00,2010,Info,Microsoft-Windows-Windows Firewall With Advanced Security,Microsoft-Windows-Windows Firewall With Advanced Security/Firewall,1136,2032,win7,0,S-1-5-19,,,,,,,,,,,False,C:\Users\BRIANNA\OneDrive\Documents\GitHub\NSSECU3_MP2\win7_files\Logs\Microsoft-Windows-Windows Firewall With Advanced Security_4Firewall.evtx,Classic,0,"{""EventData"":{""Data"":[{""@Name"":""InterfaceGuid"",""#text"":""44402f8f-94a0-402e-b05b-91cd67e6a424""},{""@Name"":""InterfaceName"",""#text"":""ethernet_6""},{""@Name"":""OldProfile"",""#text"":""2147483649""},{""@Name"":""NewProfile"",""#text"":""4""}]}}"
350,350,2024-05-26 11:44:27.161984300+00:00,7036,Info,Service Control Manager,System,444,108,win7,2,,Service started or stopped,,,Name: WinHTTP Web Proxy Auto-Discovery Service | WinHTTP Web Proxy Auto-Discovery Service,Status: running,,,,,,False,C:\Users\BRIANNA\OneDrive\Documents\GitHub\NSSECU3_MP2\win7_files\Logs\System.evtx,"Audit success, classic",0,"{""EventData"":{""Data"":[{""@Name"":""param1"",""#text"":""WinHTTP Web Proxy Auto-Discovery Service""},{""@Name"":""param2"",""#text"":""running""}],""Binary"":""57-00-69-00-6E-00-48-00-74-00-74-00-70-00-41-00-75-00-74-00-6F-00-50-00-72-00-6F-00-78-00-79-00-53-00-76-00-63-00-2F-00-34-00-00-00""}}"
3,3,2024-05-26 11:44:27.349484300+00:00,4002,Info,Microsoft-Windows-NetworkProfile,Microsoft-Windows-NetworkProfile/Operational,452,556,win7,0,S-1-5-19,,,,,,,,,,,False,C:\Users\BRIANNA\OneDrive\Documents\GitHub\NSSECU3_MP2\win7_files\Logs\Microsoft-Windows-NetworkProfile_4Operational.evtx,0x4001200000000000,0,"{""EventData"":{""Data"":[{""@Name"":""InterfaceGuid"",""#text"":""44402f8f-94a0-402e-b05b-91cd67e6a424""},{""@Name"":""CurrentOrNextState"",""#text"":""1""}]}}"
4,4,2024-05-26 11:44:27.380734300+00:00,10000,Info,Microsoft-Windows-NetworkProfile,Microsoft-Windows-NetworkProfile/Operational,452,972,win7,0,S-1-5-19,Connect to the Internet,,,Network,,,,,,,False,C:\Users\BRIANNA\OneDrive\Documents\GitHub\NSSECU3_MP2\win7_files\Logs\Microsoft-Windows-NetworkProfile_4Operational.evtx,0x4000200000000000,0,"{""EventData"":{""Data"":[{""@Name"":""Name"",""#text"":""Network""},{""@Name"":""Description"",""#text"":""Network""},{""@Name"":""Guid"",""#text"":""292c6792-fc9f-487c-8565-c04ef0459223""},{""@Name"":""Type"",""#text"":""0""},{""@Name"":""State"",""#text"":""5""},{""@Name"":""Category"",""#text"":""0""}]}}"
351,351,2024-05-26 11:44:27.427609300+00:00,7036,Info,Service Control Manager,System,444,2444,win7,2,,Service started or stopped,,,Name: Windows Time | Windows Time,Status: running,,,,,,False,C:\Users\BRIANNA\OneDrive\Documents\GitHub\NSSECU3_MP2\win7_files\Logs\System.evtx,"Audit success, classic",264,"{""EventData"":{""Data"":[{""@Name"":""param1"",""#text"":""Windows Time""},{""@Name"":""param2"",""#text"":""running""}],""Binary"":""57-00-33-00-32-00-54-00-69-00-6D-00-65-00-2F-00-34-00-00-00""}}"
352,352,2024-05-26 11:44:30.036984300+00:00,37,Info,Microsoft-Windows-Time-Service,System,452,2780,win7,2,S-1-5-19,Synchronizing system time from time service,,,ServerAddress: time.windows.com,"ServerIP: time.windows.com,0x9 (ntp.m|0x9|0.0.0.0:123-&gt;20.189.79.72:123)",,,,,,False,C:\Users\BRIANNA\OneDrive\Documents\GitHub\NSSECU3_MP2\win7_files\Logs\System.evtx,Classic,0,"{""EventData"":{""@Name"":""TMP_EVENT_TIME_SOURCE_REACHABLE"",""Data"":{""@Name"":""TimeSource"",""#text"":""time.windows.com,0x9 (ntp.m|0x9|0.0.0.0:123-&gt;20.189.79.72:123)""}}}"
5,5,2024-05-26 11:44:30.958859300+00:00,30,Info,Microsoft-Windows-WindowsUpdateClient,Microsoft-Windows-WindowsUpdateClient/Operational,888,1444,win7,0,S-1-5-18,,,,,,,,,,,False,C:\Users\BRIANNA\OneDrive\Documents\GitHub\NSSECU3_MP2\win7_files\Logs\Microsoft-Windows-WindowsUpdateClient_4Operational.evtx,0x4000000000000001,0,"{""EventData"":""""}"
4,4,2024-05-26 11:44:30.958859300+00:00,30,Info,Microsoft-Windows-WindowsUpdateClient,Microsoft-Windows-WindowsUpdateClient/Operational,888,1444,win7,0,S-1-5-18,,,,,,,,,,,False,C:\Users\BRIANNA\OneDrive\Documents\GitHub\NSSECU3_MP2\win7_files\Logs\Microsoft-Windows-WindowsUpdateClient_4Operational.evtx,0x4000000000000001,0,"{""EventData"":""""}"
1,1,2024-05-26 11:44:36.958859300+00:00,1006,Info,Microsoft-Windows-DHCPv6-Client,Microsoft-Windows-Dhcpv6-Client/Admin,924,764,win7,0,S-1-5-19,,,,,,,,,,,False,C:\Users\BRIANNA\OneDrive\Documents\GitHub\NSSECU3_MP2\win7_files\Logs\Microsoft-Windows-Dhcpv6-Client_4Admin.evtx,Classic,0,"{""EventData"":{""Data"":[{""@Name"":""InterfaceId"",""#text"":""14""},{""@Name"":""Flag1"",""#text"":""True""},{""@Name"":""Flag2"",""#text"":""True""}]}}"
353,353,2024-05-26 11:44:39+00:00,1074,Info,USER32,System,0,0,win7,2,S-1-5-21-2630035287-469658536-4158816484-1000,A user initiated a system restart,,,Hostname: ,Reason: ,Type: ,Code: ,,,,False,C:\Users\BRIANNA\OneDrive\Documents\GitHub\NSSECU3_MP2\win7_files\Logs\System.evtx,0x80000000000000,0,"{""EventData"":{""Data"":""Explorer.EXE, WIN7, Other (Unplanned), 0x0, power off, win7\\student"",""Binary"":""00-00-00-00-00-00-00-00-00-00-00-00-00-00-00-00-00-00-00-00-00-00-00-00-00-00-00-00-00-00-00-00-00-00-00-00-00-00-00-00""}}"
265,265,2024-05-26 11:44:40+00:00,6000,Info,Microsoft-Windows-Winlogon,Application,0,0,win7,2,,,,,,,,,,,,False,C:\Users\BRIANNA\OneDrive\Documents\GitHub\NSSECU3_MP2\win7_files\Logs\Application.evtx,0x80000000000000,0,"{""EventData"":{""Data"":""SessionEnv"",""Binary"":""D9-06-00-00""}}"
354,354,2024-05-26 11:44:40+00:00,1074,Info,USER32,System,0,0,win7,2,S-1-5-21-2630035287-469658536-4158816484-1000,A user initiated a system restart,,,Hostname: ,Reason: ,Type: ,Code: ,,,,False,C:\Users\BRIANNA\OneDrive\Documents\GitHub\NSSECU3_MP2\win7_files\Logs\System.evtx,0x80000000000000,0,"{""EventData"":{""Data"":""C:\\Windows\\system32\\winlogon.exe (WIN-QJNMT3LEKTG), WIN7, No title for this reason could be found, 0x500ff, power off, win7\\student"",""Binary"":""FF-00-05-00-00-00-00-00-00-00-00-00-00-00-00-00-00-00-00-00-00-00-00-00-00-00-00-00-00-00-00-00-00-00-00-00-00-00-00-00""}}"
264,264,2024-05-26 11:44:40+00:00,9009,Info,Desktop Window Manager,Application,0,0,win7,2,,,,,,,,,,,,False,C:\Users\BRIANNA\OneDrive\Documents\GitHub\NSSECU3_MP2\win7_files\Logs\Application.evtx,0x80000000000000,0,"{""EventData"":{""Data"":""0x40010004"",""Binary"":""""}}"
31,31,2024-05-26 11:44:40.177609300+00:00,5324,Info,Microsoft-Windows-GroupPolicy,Microsoft-Windows-GroupPolicy/Operational,888,2476,win7,0,S-1-5-18,,,,,,,,,,,False,C:\Users\BRIANNA\OneDrive\Documents\GitHub\NSSECU3_MP2\win7_files\Logs\Microsoft-Windows-GroupPolicy_4Operational.evtx,0x4000000000000000,0,"{""EventData"":{""Data"":[{""@Name"":""NotificationType"",""#text"":""4""},{""@Name"":""SessionId"",""#text"":""1""}]}}"
124,124,2024-05-26 11:44:40.786984300+00:00,4647,LogAlways,Microsoft-Windows-Security-Auditing,Security,468,2328,win7,1,,User initiated logoff,Target: win7\student,,,,LogonId: 0x27A86,,,,,False,C:\Users\BRIANNA\OneDrive\Documents\GitHub\NSSECU3_MP2\win7_files\Logs\Security.evtx,Audit success,0,"{""EventData"":{""Data"":[{""@Name"":""TargetUserSid"",""#text"":""S-1-5-21-2630035287-469658536-4158816484-1000""},{""@Name"":""TargetUserName"",""#text"":""student""},{""@Name"":""TargetDomainName"",""#text"":""win7""},{""@Name"":""TargetLogonId"",""#text"":""0x27A86""}]}}"
266,266,2024-05-26 11:44:40.865109300+00:00,1530,Warning,Microsoft-Windows-User Profiles Service,Application,888,2476,win7,2,S-1-5-18,,,,,,,,,,,False,C:\Users\BRIANNA\OneDrive\Documents\GitHub\NSSECU3_MP2\win7_files\Logs\Application.evtx,Classic,0,"{""EventData"":{""@Name"":""EVENT_HIVE_LEAK"",""Data"":{""@Name"":""Detail"",""#text"":""1 user registry handles leaked from \\Registry\\User\\S-1-5-21-2630035287-469658536-4158816484-1000:, Process 396 (\\Device\\HarddiskVolume2\\Windows\\System32\\winlogon.exe) has opened key \\REGISTRY\\USER\\S-1-5-21-2630035287-469658536-4158816484-1000, ""}}}"
4,4,2024-05-26 11:44:40.865109300+00:00,8,Info,Microsoft-Windows-OfflineFiles,Microsoft-Windows-OfflineFiles/Operational,864,772,win7,0,S-1-5-18,,,,,,,,,,,False,C:\Users\BRIANNA\OneDrive\Documents\GitHub\NSSECU3_MP2\win7_files\Logs\Microsoft-Windows-OfflineFiles_4Operational.evtx,0x4000000000000008,0,"{""UserData"":{""Info"":{""Account"":""win7\\student"",""Session"":""1""}}}"
3,3,2024-05-26 11:44:40.865109300+00:00,23,Info,Microsoft-Windows-TerminalServices-LocalSessionManager,Microsoft-Windows-TerminalServices-LocalSessionManager/Operational,476,1604,win7,0,S-1-5-18,Remote Desktop Services: Session logoff succeeded,win7\student,,Session ID: 1,,,,,,,False,C:\Users\BRIANNA\OneDrive\Documents\GitHub\NSSECU3_MP2\win7_files\Logs\Microsoft-Windows-TerminalServices-LocalSessionManager_4Operational.evtx,0x1000000000000000,0,"{""UserData"":{""EventXML"":{""User"":""win7\\student"",""SessionID"":""1""}}}"
32,32,2024-05-26 11:44:40.865109300+00:00,5324,Info,Microsoft-Windows-GroupPolicy,Microsoft-Windows-GroupPolicy/Operational,888,2448,win7,0,S-1-5-18,,,,,,,,,,,False,C:\Users\BRIANNA\OneDrive\Documents\GitHub\NSSECU3_MP2\win7_files\Logs\Microsoft-Windows-GroupPolicy_4Operational.evtx,0x4000000000000000,0,"{""EventData"":{""Data"":[{""@Name"":""NotificationType"",""#text"":""2""},{""@Name"":""SessionId"",""#text"":""1""}]}}"
5,5,2024-05-26 11:44:40.865109300+00:00,3,Info,Microsoft-Windows-User Profiles Service,Microsoft-Windows-User Profile Service/Operational,888,2448,win7,0,S-1-5-21-2630035287-469658536-4158816484-1000,,,,,,,,,,,False,C:\Users\BRIANNA\OneDrive\Documents\GitHub\NSSECU3_MP2\win7_files\Logs\Microsoft-Windows-User Profile Service_4Operational.evtx,0x4000000000000000,0,"{""EventData"":{""Data"":{""@Name"":""Session"",""#text"":""1""}}}"
6,6,2024-05-26 11:44:40.943234300+00:00,4,Info,Microsoft-Windows-User Profiles Service,Microsoft-Windows-User Profile Service/Operational,888,2448,win7,0,S-1-5-21-2630035287-469658536-4158816484-1000,An account was logged off,,,Session: 1,,,,,,,False,C:\Users\BRIANNA\OneDrive\Documents\GitHub\NSSECU3_MP2\win7_files\Logs\Microsoft-Windows-User Profile Service_4Operational.evtx,0x4000000000000000,0,"{""EventData"":{""Data"":{""@Name"":""Session"",""#text"":""1""}}}"
355,355,2024-05-26 11:44:40.943234300+00:00,7002,Info,Microsoft-Windows-Winlogon,System,396,2436,win7,2,S-1-5-18,User logoff,,,UserSID: S-1-5-21-2630035287-469658536-4158816484-1000,,,,,,,False,C:\Users\BRIANNA\OneDrive\Documents\GitHub\NSSECU3_MP2\win7_files\Logs\System.evtx,0x2000000000000000,0,"{""EventData"":{""Data"":[{""@Name"":""TSId"",""#text"":""1""},{""@Name"":""UserSid"",""#text"":""S-1-5-21-2630035287-469658536-4158816484-1000""}]}}"
356,356,2024-05-26 11:44:41+00:00,6006,Info,EventLog,System,0,0,win7,2,,The Event log service was stopped,,,Computer: win7,,,,,,,False,C:\Users\BRIANNA\OneDrive\Documents\GitHub\NSSECU3_MP2\win7_files\Logs\System.evtx,0x80000000000000,0,"{""EventData"":{""Data"":"""",""Binary"":""01-00-00-00-10-2D-FF-FF""}}"
6,6,2024-05-26 11:44:41.286984300+00:00,39,Info,Microsoft-Windows-WindowsUpdateClient,Microsoft-Windows-WindowsUpdateClient/Operational,888,1296,win7,0,S-1-5-18,,,,,,,,,,,False,C:\Users\BRIANNA\OneDrive\Documents\GitHub\NSSECU3_MP2\win7_files\Logs\Microsoft-Windows-WindowsUpdateClient_4Operational.evtx,0x4000000000000280,0,"{""EventData"":""""}"
357,357,2024-05-26 11:44:41.318234300+00:00,7036,Info,Service Control Manager,System,444,300,win7,2,,Service started or stopped,,,Name: Windows Update | Windows Update,Status: stopped,,,,,,False,C:\Users\BRIANNA\OneDrive\Documents\GitHub\NSSECU3_MP2\win7_files\Logs\System.evtx,"Audit success, classic",0,"{""EventData"":{""Data"":[{""@Name"":""param1"",""#text"":""Windows Update""},{""@Name"":""param2"",""#text"":""stopped""}],""Binary"":""77-00-75-00-61-00-75-00-73-00-65-00-72-00-76-00-2F-00-31-00-00-00""}}"
33,33,2024-05-26 11:44:41.380734300+00:00,5325,Info,Microsoft-Windows-GroupPolicy,Microsoft-Windows-GroupPolicy/Operational,888,892,win7,0,S-1-5-18,,,,,,,,,,,False,C:\Users\BRIANNA\OneDrive\Documents\GitHub\NSSECU3_MP2\win7_files\Logs\Microsoft-Windows-GroupPolicy_4Operational.evtx,0x4000000000000000,0,"{""EventData"":{""Data"":{""@Name"":""NotificationType"",""#text"":""0""}}}"
358,358,2024-05-26 11:44:41.380734300+00:00,7036,Info,Service Control Manager,System,444,300,win7,2,,Service started or stopped,,,Name: Group Policy Client | Group Policy Client,Status: stopped,,,,,,False,C:\Users\BRIANNA\OneDrive\Documents\GitHub\NSSECU3_MP2\win7_files\Logs\System.evtx,"Audit success, classic",0,"{""EventData"":{""Data"":[{""@Name"":""param1"",""#text"":""Group Policy Client""},{""@Name"":""param2"",""#text"":""stopped""}],""Binary"":""67-00-70-00-73-00-76-00-63-00-2F-00-31-00-00-00""}}"
359,359,2024-05-26 11:44:41.505734300+00:00,7036,Info,Service Control Manager,System,444,300,win7,2,,Service started or stopped,,,Name: Microsoft .NET Framework NGEN v2.0.50727_X86 | Microsoft .NET Framework NGEN v2.0.50727_X86,Status: stopped,,,,,,False,C:\Users\BRIANNA\OneDrive\Documents\GitHub\NSSECU3_MP2\win7_files\Logs\System.evtx,"Audit success, classic",0,"{""EventData"":{""Data"":[{""@Name"":""param1"",""#text"":""Microsoft .NET Framework NGEN v2.0.50727_X86""},{""@Name"":""param2"",""#text"":""stopped""}],""Binary"":""63-00-6C-00-72-00-5F-00-6F-00-70-00-74-00-69-00-6D-00-69-00-7A-00-61-00-74-00-69-00-6F-00-6E-00-5F-00-76-00-32-00-2E-00-30-00-2E-00-35-00-30-00-37-00-32-00-37-00-5F-00-33-00-32-00-2F-00-31-00-00-00""}}"
360,360,2024-05-26 11:44:41.521359300+00:00,7036,Info,Service Control Manager,System,444,2444,win7,2,,Service started or stopped,,,Name: Microsoft .NET Framework NGEN v2.0.50727_X64 | Microsoft .NET Framework NGEN v2.0.50727_X64,Status: stopped,,,,,,False,C:\Users\BRIANNA\OneDrive\Documents\GitHub\NSSECU3_MP2\win7_files\Logs\System.evtx,"Audit success, classic",0,"{""EventData"":{""Data"":[{""@Name"":""param1"",""#text"":""Microsoft .NET Framework NGEN v2.0.50727_X64""},{""@Name"":""param2"",""#text"":""stopped""}],""Binary"":""63-00-6C-00-72-00-5F-00-6F-00-70-00-74-00-69-00-6D-00-69-00-7A-00-61-00-74-00-69-00-6F-00-6E-00-5F-00-76-00-32-00-2E-00-30-00-2E-00-35-00-30-00-37-00-32-00-37-00-5F-00-36-00-34-00-2F-00-31-00-00-00""}}"
125,125,2024-05-26 11:44:41.552609300+00:00,1100,Info,Microsoft-Windows-Eventlog,Security,924,1412,win7,1,,The event logging service has shut down,,,,,,,,,,False,C:\Users\BRIANNA\OneDrive\Documents\GitHub\NSSECU3_MP2\win7_files\Logs\Security.evtx,0x4020000000000000,0,"{""UserData"":{""ServiceShutdown"":""""}}"
361,361,2024-05-26 11:44:41.552609300+00:00,51047,Info,Microsoft-Windows-DHCPv6-Client,System,924,1088,win7,2,S-1-5-19,,,,,,,,,,,False,C:\Users\BRIANNA\OneDrive\Documents\GitHub\NSSECU3_MP2\win7_files\Logs\System.evtx,0x2000000000000000,0,"{""EventData"":{""Data"":{""@Name"":""DwordVal"",""#text"":""1""}}}"
363,363,2024-05-26 11:44:41.568234300+00:00,7036,Info,Service Control Manager,System,444,300,win7,2,,Service started or stopped,,,Name: Diagnostic System Host | Diagnostic System Host,Status: stopped,,,,,,False,C:\Users\BRIANNA\OneDrive\Documents\GitHub\NSSECU3_MP2\win7_files\Logs\System.evtx,"Audit success, classic",0,"{""EventData"":{""Data"":[{""@Name"":""param1"",""#text"":""Diagnostic System Host""},{""@Name"":""param2"",""#text"":""stopped""}],""Binary"":""57-00-64-00-69-00-53-00-79-00-73-00-74-00-65-00-6D-00-48-00-6F-00-73-00-74-00-2F-00-31-00-00-00""}}"
362,362,2024-05-26 11:44:41.568234300+00:00,50037,Info,Microsoft-Windows-Dhcp-Client,System,924,1056,win7,2,S-1-5-19,,,,,,,,,,,False,C:\Users\BRIANNA\OneDrive\Documents\GitHub\NSSECU3_MP2\win7_files\Logs\System.evtx,0x2000000000000000,0,"{""EventData"":{""Data"":{""@Name"":""DwordVal"",""#text"":""1""}}}"
364,364,2024-05-26 11:44:41.583859300+00:00,7036,Info,Service Control Manager,System,444,300,win7,2,,Service started or stopped,,,Name: Diagnostic Service Host | Diagnostic Service Host,Status: stopped,,,,,,False,C:\Users\BRIANNA\OneDrive\Documents\GitHub\NSSECU3_MP2\win7_files\Logs\System.evtx,"Audit success, classic",0,"{""EventData"":{""Data"":[{""@Name"":""param1"",""#text"":""Diagnostic Service Host""},{""@Name"":""param2"",""#text"":""stopped""}],""Binary"":""57-00-64-00-69-00-53-00-65-00-72-00-76-00-69-00-63-00-65-00-48-00-6F-00-73-00-74-00-2F-00-31-00-00-00""}}"
367,367,2024-05-26 11:44:41.599484300+00:00,7036,Info,Service Control Manager,System,444,300,win7,2,,Service started or stopped,,,Name: Diagnostic Policy Service | Diagnostic Policy Service,Status: stopped,,,,,,False,C:\Users\BRIANNA\OneDrive\Documents\GitHub\NSSECU3_MP2\win7_files\Logs\System.evtx,"Audit success, classic",0,"{""EventData"":{""Data"":[{""@Name"":""param1"",""#text"":""Diagnostic Policy Service""},{""@Name"":""param2"",""#text"":""stopped""}],""Binary"":""44-00-50-00-53-00-2F-00-31-00-00-00""}}"
3,3,2024-05-26 11:44:41.599484300+00:00,1002,Info,Microsoft-Windows-Resource-Exhaustion-Detector,Microsoft-Windows-Resource-Exhaustion-Detector/Operational,1136,2956,win7,0,S-1-5-19,,,,,,,,,,,False,C:\Users\BRIANNA\OneDrive\Documents\GitHub\NSSECU3_MP2\win7_files\Logs\Microsoft-Windows-Resource-Exhaustion-Detector_4Operational.evtx,0x4000000010000000,0,"{""EventData"":""""}"
365,365,2024-05-26 11:44:41.599484300+00:00,7036,Info,Service Control Manager,System,444,300,win7,2,,Service started or stopped,,,Name: DHCP Client | DHCP Client,Status: stopped,,,,,,False,C:\Users\BRIANNA\OneDrive\Documents\GitHub\NSSECU3_MP2\win7_files\Logs\System.evtx,"Audit success, classic",0,"{""EventData"":{""Data"":[{""@Name"":""param1"",""#text"":""DHCP Client""},{""@Name"":""param2"",""#text"":""stopped""}],""Binary"":""44-00-68-00-63-00-70-00-2F-00-31-00-00-00""}}"
366,366,2024-05-26 11:44:41.599484300+00:00,7036,Info,Service Control Manager,System,444,300,win7,2,,Service started or stopped,,,Name: Power | Power,Status: stopped,,,,,,False,C:\Users\BRIANNA\OneDrive\Documents\GitHub\NSSECU3_MP2\win7_files\Logs\System.evtx,"Audit success, classic",0,"{""EventData"":{""Data"":[{""@Name"":""param1"",""#text"":""Power""},{""@Name"":""param2"",""#text"":""stopped""}],""Binary"":""50-00-6F-00-77-00-65-00-72-00-2F-00-31-00-00-00""}}"
267,267,2024-05-26 11:44:41.615109300+00:00,1532,Info,Microsoft-Windows-User Profiles Service,Application,888,936,win7,2,S-1-5-18,,,,,,,,,,,False,C:\Users\BRIANNA\OneDrive\Documents\GitHub\NSSECU3_MP2\win7_files\Logs\Application.evtx,Classic,0,"{""EventData"":""""}"
370,370,2024-05-26 11:44:41.615109300+00:00,7036,Info,Service Control Manager,System,444,300,win7,2,,Service started or stopped,,,Name: Desktop Window Manager Session Manager | Desktop Window Manager Session Manager,Status: stopped,,,,,,False,C:\Users\BRIANNA\OneDrive\Documents\GitHub\NSSECU3_MP2\win7_files\Logs\System.evtx,"Audit success, classic",0,"{""EventData"":{""Data"":[{""@Name"":""param1"",""#text"":""Desktop Window Manager Session Manager""},{""@Name"":""param2"",""#text"":""stopped""}],""Binary"":""55-00-78-00-53-00-6D-00-73-00-2F-00-31-00-00-00""}}"
368,368,2024-05-26 11:44:41.615109300+00:00,7036,Info,Service Control Manager,System,444,300,win7,2,,Service started or stopped,,,Name: User Profile Service | User Profile Service,Status: stopped,,,,,,False,C:\Users\BRIANNA\OneDrive\Documents\GitHub\NSSECU3_MP2\win7_files\Logs\System.evtx,"Audit success, classic",0,"{""EventData"":{""Data"":[{""@Name"":""param1"",""#text"":""User Profile Service""},{""@Name"":""param2"",""#text"":""stopped""}],""Binary"":""50-00-72-00-6F-00-66-00-53-00-76-00-63-00-2F-00-31-00-00-00""}}"
369,369,2024-05-26 11:44:41.615109300+00:00,7036,Info,Service Control Manager,System,444,300,win7,2,,Service started or stopped,,,Name: Distributed Link Tracking Client | Distributed Link Tracking Client,Status: stopped,,,,,,False,C:\Users\BRIANNA\OneDrive\Documents\GitHub\NSSECU3_MP2\win7_files\Logs\System.evtx,"Audit success, classic",0,"{""EventData"":{""Data"":[{""@Name"":""param1"",""#text"":""Distributed Link Tracking Client""},{""@Name"":""param2"",""#text"":""stopped""}],""Binary"":""54-00-72-00-6B-00-57-00-6B-00-73-00-2F-00-31-00-00-00""}}"
371,371,2024-05-26 11:44:41.646359300+00:00,7036,Info,Service Control Manager,System,444,300,win7,2,,Service started or stopped,,,Name: SSDP Discovery | SSDP Discovery,Status: stopped,,,,,,False,C:\Users\BRIANNA\OneDrive\Documents\GitHub\NSSECU3_MP2\win7_files\Logs\System.evtx,"Audit success, classic",0,"{""EventData"":{""Data"":[{""@Name"":""param1"",""#text"":""SSDP Discovery""},{""@Name"":""param2"",""#text"":""stopped""}],""Binary"":""53-00-53-00-44-00-50-00-53-00-52-00-56-00-2F-00-31-00-00-00""}}"
372,372,2024-05-26 11:44:41.646359300+00:00,7036,Info,Service Control Manager,System,444,300,win7,2,,Service started or stopped,,,Name: Windows Time | Windows Time,Status: stopped,,,,,,False,C:\Users\BRIANNA\OneDrive\Documents\GitHub\NSSECU3_MP2\win7_files\Logs\System.evtx,"Audit success, classic",0,"{""EventData"":{""Data"":[{""@Name"":""param1"",""#text"":""Windows Time""},{""@Name"":""param2"",""#text"":""stopped""}],""Binary"":""57-00-33-00-32-00-54-00-69-00-6D-00-65-00-2F-00-31-00-00-00""}}"
373,373,2024-05-26 11:44:41.661984300+00:00,7036,Info,Service Control Manager,System,444,2444,win7,2,,Service started or stopped,,,Name: Windows Font Cache Service | Windows Font Cache Service,Status: stopped,,,,,,False,C:\Users\BRIANNA\OneDrive\Documents\GitHub\NSSECU3_MP2\win7_files\Logs\System.evtx,"Audit success, classic",0,"{""EventData"":{""Data"":[{""@Name"":""param1"",""#text"":""Windows Font Cache Service""},{""@Name"":""param2"",""#text"":""stopped""}],""Binary"":""46-00-6F-00-6E-00-74-00-43-00-61-00-63-00-68-00-65-00-2F-00-31-00-00-00""}}"
374,374,2024-05-26 11:44:41.880734300+00:00,7036,Info,Service Control Manager,System,444,2444,win7,2,,Service started or stopped,,,Name: Software Protection | Software Protection,Status: stopped,,,,,,False,C:\Users\BRIANNA\OneDrive\Documents\GitHub\NSSECU3_MP2\win7_files\Logs\System.evtx,"Audit success, classic",0,"{""EventData"":{""Data"":[{""@Name"":""param1"",""#text"":""Software Protection""},{""@Name"":""param2"",""#text"":""stopped""}],""Binary"":""73-00-70-00-70-00-73-00-76-00-63-00-2F-00-31-00-00-00""}}"
375,375,2024-05-26 11:44:41.943234300+00:00,7036,Info,Service Control Manager,System,444,2444,win7,2,,Service started or stopped,,,Name: Windows Event Log | Windows Event Log,Status: stopped,,,,,,False,C:\Users\BRIANNA\OneDrive\Documents\GitHub\NSSECU3_MP2\win7_files\Logs\System.evtx,"Audit success, classic",0,"{""EventData"":{""Data"":[{""@Name"":""param1"",""#text"":""Windows Event Log""},{""@Name"":""param2"",""#text"":""stopped""}],""Binary"":""65-00-76-00-65-00-6E-00-74-00-6C-00-6F-00-67-00-2F-00-31-00-00-00""}}"
376,376,2024-05-26 11:44:41.943234300+00:00,7036,Info,Service Control Manager,System,444,2444,win7,2,,Service started or stopped,,,Name: Windows Management Instrumentation | Windows Management Instrumentation,Status: stopped,,,,,,False,C:\Users\BRIANNA\OneDrive\Documents\GitHub\NSSECU3_MP2\win7_files\Logs\System.evtx,"Audit success, classic",0,"{""EventData"":{""Data"":[{""@Name"":""param1"",""#text"":""Windows Management Instrumentation""},{""@Name"":""param2"",""#text"":""stopped""}],""Binary"":""57-00-69-00-6E-00-6D-00-67-00-6D-00-74-00-2F-00-31-00-00-00""}}"
377,377,2024-05-26 11:44:41.943234300+00:00,7036,Info,Service Control Manager,System,444,300,win7,2,,Service started or stopped,,,Name: Windows Modules Installer | Windows Modules Installer,Status: stopped,,,,,,False,C:\Users\BRIANNA\OneDrive\Documents\GitHub\NSSECU3_MP2\win7_files\Logs\System.evtx,"Audit success, classic",0,"{""EventData"":{""Data"":[{""@Name"":""param1"",""#text"":""Windows Modules Installer""},{""@Name"":""param2"",""#text"":""stopped""}],""Binary"":""54-00-72-00-75-00-73-00-74-00-65-00-64-00-49-00-6E-00-73-00-74-00-61-00-6C-00-6C-00-65-00-72-00-2F-00-31-00-00-00""}}"
4,4,2024-05-26 11:44:41.958859300+00:00,101,LogAlways,Microsoft-Windows-Windows Defender,Microsoft-Windows-Windows Defender/WHC,596,1516,win7,0,S-1-5-18,,,,,,,,,,,False,C:\Users\BRIANNA\OneDrive\Documents\GitHub\NSSECU3_MP2\win7_files\Logs\Microsoft-Windows-Windows Defender_4WHC.evtx,0x4000000000000000,0,"{""EventData"":{""Data"":{""@Name"":""hc_stateid"",""#text"":""2""}}}"
384,384,2024-05-26 11:44:41.974484300+00:00,7036,Info,Service Control Manager,System,444,300,win7,2,,Service started or stopped,,,Name: Security Center | Security Center,Status: stopped,,,,,,False,C:\Users\BRIANNA\OneDrive\Documents\GitHub\NSSECU3_MP2\win7_files\Logs\System.evtx,"Audit success, classic",0,"{""EventData"":{""Data"":[{""@Name"":""param1"",""#text"":""Security Center""},{""@Name"":""param2"",""#text"":""stopped""}],""Binary"":""77-00-73-00-63-00-73-00-76-00-63-00-2F-00-31-00-00-00""}}"
381,381,2024-05-26 11:44:41.974484300+00:00,7036,Info,Service Control Manager,System,444,300,win7,2,,Service started or stopped,,,Name: Windows Defender | Windows Defender,Status: stopped,,,,,,False,C:\Users\BRIANNA\OneDrive\Documents\GitHub\NSSECU3_MP2\win7_files\Logs\System.evtx,"Audit success, classic",0,"{""EventData"":{""Data"":[{""@Name"":""param1"",""#text"":""Windows Defender""},{""@Name"":""param2"",""#text"":""stopped""}],""Binary"":""57-00-69-00-6E-00-44-00-65-00-66-00-65-00-6E-00-64-00-2F-00-31-00-00-00""}}"
382,382,2024-05-26 11:44:41.974484300+00:00,7036,Info,Service Control Manager,System,444,300,win7,2,,Service started or stopped,,,Name: Cryptographic Services | Cryptographic Services,Status: stopped,,,,,,False,C:\Users\BRIANNA\OneDrive\Documents\GitHub\NSSECU3_MP2\win7_files\Logs\System.evtx,"Audit success, classic",0,"{""EventData"":{""Data"":[{""@Name"":""param1"",""#text"":""Cryptographic Services""},{""@Name"":""param2"",""#text"":""stopped""}],""Binary"":""43-00-72-00-79-00-70-00-74-00-53-00-76-00-63-00-2F-00-31-00-00-00""}}"
383,383,2024-05-26 11:44:41.974484300+00:00,7036,Info,Service Control Manager,System,444,300,win7,2,,Service started or stopped,,,Name: Superfetch | Superfetch,Status: stopped,,,,,,False,C:\Users\BRIANNA\OneDrive\Documents\GitHub\NSSECU3_MP2\win7_files\Logs\System.evtx,"Audit success, classic",0,"{""EventData"":{""Data"":[{""@Name"":""param1"",""#text"":""Superfetch""},{""@Name"":""param2"",""#text"":""stopped""}],""Binary"":""53-00-79-00-73-00-4D-00-61-00-69-00-6E-00-2F-00-31-00-00-00""}}"
385,385,2024-05-26 11:44:42.052609300+00:00,7036,Info,Service Control Manager,System,444,300,win7,2,,Service started or stopped,,,Name: Windows Search | Windows Search,Status: stopped,,,,,,False,C:\Users\BRIANNA\OneDrive\Documents\GitHub\NSSECU3_MP2\win7_files\Logs\System.evtx,"Audit success, classic",0,"{""EventData"":{""Data"":[{""@Name"":""param1"",""#text"":""Windows Search""},{""@Name"":""param2"",""#text"":""stopped""}],""Binary"":""57-00-53-00-65-00-61-00-72-00-63-00-68-00-2F-00-31-00-00-00""}}"
386,386,2024-05-26 11:44:42.099484300+00:00,20010,Info,Microsoft-Windows-UserPnp,System,568,2276,win7,2,S-1-5-18,,,,,,,,,,,False,C:\Users\BRIANNA\OneDrive\Documents\GitHub\NSSECU3_MP2\win7_files\Logs\System.evtx,Classic,0,"{""UserData"":{""INFO_PNP_STATE"":{""InstallSubsystemState"":""False"",""CachingSubsystemState"":""False""}}}"
387,387,2024-05-26 11:44:42.099484300+00:00,7036,Info,Service Control Manager,System,444,300,win7,2,,Service started or stopped,,,Name: Plug and Play | Plug and Play,Status: stopped,,,,,,False,C:\Users\BRIANNA\OneDrive\Documents\GitHub\NSSECU3_MP2\win7_files\Logs\System.evtx,"Audit success, classic",0,"{""EventData"":{""Data"":[{""@Name"":""param1"",""#text"":""Plug and Play""},{""@Name"":""param2"",""#text"":""stopped""}],""Binary"":""50-00-6C-00-75-00-67-00-50-00-6C-00-61-00-79-00-2F-00-31-00-00-00""}}"
388,388,2024-05-26 11:44:42.255734300+00:00,109,Info,Microsoft-Windows-Kernel-Power,System,336,340,win7,2,,,,,,,,,,,,False,C:\Users\BRIANNA\OneDrive\Documents\GitHub\NSSECU3_MP2\win7_files\Logs\System.evtx,0x8000000000000004,0,"{""EventData"":{""Data"":[{""@Name"":""ShutdownActionType"",""#text"":""6""},{""@Name"":""ShutdownEventCode"",""#text"":""0""},{""@Name"":""ShutdownReason"",""#text"":""0""}]}}"
5,5,2024-05-26 11:44:42.443234300+00:00,4001,Info,Microsoft-Windows-NetworkProfile,Microsoft-Windows-NetworkProfile/Operational,452,2780,win7,0,S-1-5-19,,,,,,,,,,,False,C:\Users\BRIANNA\OneDrive\Documents\GitHub\NSSECU3_MP2\win7_files\Logs\Microsoft-Windows-NetworkProfile_4Operational.evtx,0x4000200000000000,0,"{""EventData"":{""Data"":[{""@Name"":""InterfaceGuid"",""#text"":""44402f8f-94a0-402e-b05b-91cd67e6a424""},{""@Name"":""CurrentOrNextState"",""#text"":""0""}]}}"
7,7,2024-05-26 11:44:42.458859300+00:00,10001,Info,Microsoft-Windows-NetworkProfile,Microsoft-Windows-NetworkProfile/Operational,452,972,win7,0,S-1-5-19,Disconnect from the Internet,,,Network,,,,,,,False,C:\Users\BRIANNA\OneDrive\Documents\GitHub\NSSECU3_MP2\win7_files\Logs\Microsoft-Windows-NetworkProfile_4Operational.evtx,0x4000200000000000,0,"{""EventData"":{""Data"":[{""@Name"":""Name"",""#text"":""Network""},{""@Name"":""Description"",""#text"":""Network""},{""@Name"":""Guid"",""#text"":""292c6792-fc9f-487c-8565-c04ef0459223""},{""@Name"":""Type"",""#text"":""0""},{""@Name"":""State"",""#text"":""2""},{""@Name"":""Category"",""#text"":""0""}]}}"
6,6,2024-05-26 11:44:42.458859300+00:00,10000,Info,Microsoft-Windows-NetworkProfile,Microsoft-Windows-NetworkProfile/Operational,452,972,win7,0,S-1-5-19,Connect to the Internet,,,Identifying...,,,,,,,False,C:\Users\BRIANNA\OneDrive\Documents\GitHub\NSSECU3_MP2\win7_files\Logs\Microsoft-Windows-NetworkProfile_4Operational.evtx,0x4000200000000000,0,"{""EventData"":{""Data"":[{""@Name"":""Name"",""#text"":""Identifying...""},{""@Name"":""Description"",""#text"":""Identifying...""},{""@Name"":""Guid"",""#text"":""1733b37f-a44f-487d-9e14-2879443f4dd6""},{""@Name"":""Type"",""#text"":""0""},{""@Name"":""State"",""#text"":""9""},{""@Name"":""Category"",""#text"":""0""}]}}"
389,389,2024-05-26 11:44:42.740109300+00:00,13,Info,Microsoft-Windows-Kernel-General,System,4,40,win7,2,,OS was shutdown,,,StopTime: 2024-05-26 11:44:42.7401093,BootMode: ,,,,,,False,C:\Users\BRIANNA\OneDrive\Documents\GitHub\NSSECU3_MP2\win7_files\Logs\System.evtx,Classic,0,"{""EventData"":{""Data"":{""@Name"":""StopTime"",""#text"":""2024-05-26 11:44:42.7401093""}}}"
29,29,2024-05-27 02:36:11.562500+00:00,12,Info,Microsoft-Windows-Kernel-General,System,4,8,37L4247F27-25,0,S-1-5-18,OS was started,,,StartTime: 2024-05-27 01:36:11.3593750,BootMode: Normal boot,,,,,,False,C:\Users\BRIANNA\OneDrive\Documents\GitHub\NSSECU3_MP2\win7_files\Logs\System.evtx,Classic,0,"{""EventData"":{""Data"":[{""@Name"":""MajorVersion"",""#text"":""6""},{""@Name"":""MinorVersion"",""#text"":""1""},{""@Name"":""BuildVersion"",""#text"":""7601""},{""@Name"":""QfeVersion"",""#text"":""17514""},{""@Name"":""ServiceVersion"",""#text"":""1""},{""@Name"":""BootMode"",""#text"":""0""},{""@Name"":""StartTime"",""#text"":""2024-05-27 01:36:11.3593750""}]}}"
