20,20,2024-05-26 11:41:47.896359300+00:00,5324,Info,Microsoft-Windows-GroupPolicy,Microsoft-Windows-GroupPolicy/Operational,888,900,win7,0,S-1-5-18,,,,,,,,,,,False,C:\Users\BRIANNA\OneDrive\Documents\GitHub\NSSECU3_MP2\win7_files\Logs\Microsoft-Windows-GroupPolicy_4Operational.evtx,0x4000000000000000,0,"{""EventData"":{""Data"":[{""@Name"":""NotificationType"",""#text"":""1""},{""@Name"":""SessionId"",""#text"":""1""}]}}"
174,174,2024-05-26 11:41:48+00:00,9003,Info,Desktop Window Manager,Application,0,0,win7,1,,,,,,,,,,,,False,C:\Users\BRIANNA\OneDrive\Documents\GitHub\NSSECU3_MP2\win7_files\Logs\Application.evtx,0x80000000000000,0,"{""EventData"":{""Data"":"""",""Binary"":""""}}"
172,172,2024-05-26 11:41:48+00:00,4101,Info,Microsoft-Windows-Winlogon,Application,0,0,win7,1,,,,,,,,,,,,False,C:\Users\BRIANNA\OneDrive\Documents\GitHub\NSSECU3_MP2\win7_files\Logs\Application.evtx,0x80000000000000,0,"{""EventData"":{""Data"":""0x00000000, 0x00000001"",""Binary"":""""}}"
173,173,2024-05-26 11:41:48+00:00,6000,Info,Microsoft-Windows-Winlogon,Application,0,0,win7,1,,,,,,,,,,,,False,C:\Users\BRIANNA\OneDrive\Documents\GitHub\NSSECU3_MP2\win7_files\Logs\Application.evtx,0x80000000000000,0,"{""EventData"":{""Data"":""SessionEnv"",""Binary"":""D9-06-00-00""}}"
2,2,2024-05-26 11:41:48.021359300+00:00,1001,Info,Microsoft-Windows-Resource-Exhaustion-Detector,Microsoft-Windows-Resource-Exhaustion-Detector/Operational,1136,1452,win7,0,S-1-5-19,,,,,,,,,,,False,C:\Users\BRIANNA\OneDrive\Documents\GitHub\NSSECU3_MP2\win7_files\Logs\Microsoft-Windows-Resource-Exhaustion-Detector_4Operational.evtx,0x4000000010000000,0,"{""EventData"":""""}"
27,27,2024-05-26 11:41:48.068234300+00:00,5320,Info,Microsoft-Windows-GroupPolicy,Microsoft-Windows-GroupPolicy/Operational,888,2020,win7,0,S-1-5-18,,,,,,,,,,,False,C:\Users\BRIANNA\OneDrive\Documents\GitHub\NSSECU3_MP2\win7_files\Logs\Microsoft-Windows-GroupPolicy_4Operational.evtx,0x4000000000000000,0,"{""EventData"":{""Data"":{""@Name"":""InfoDescription"",""#text"":""%%4165""}}}"
26,26,2024-05-26 11:41:48.068234300+00:00,5320,Info,Microsoft-Windows-GroupPolicy,Microsoft-Windows-GroupPolicy/Operational,888,2020,win7,0,S-1-5-18,,,,,,,,,,,False,C:\Users\BRIANNA\OneDrive\Documents\GitHub\NSSECU3_MP2\win7_files\Logs\Microsoft-Windows-GroupPolicy_4Operational.evtx,0x4000000000000000,0,"{""EventData"":{""Data"":{""@Name"":""InfoDescription"",""#text"":""%%4163""}}}"
25,25,2024-05-26 11:41:48.068234300+00:00,5320,Info,Microsoft-Windows-GroupPolicy,Microsoft-Windows-GroupPolicy/Operational,888,2020,win7,0,S-1-5-18,,,,,,,,,,,False,C:\Users\BRIANNA\OneDrive\Documents\GitHub\NSSECU3_MP2\win7_files\Logs\Microsoft-Windows-GroupPolicy_4Operational.evtx,0x4000000000000000,0,"{""EventData"":{""Data"":{""@Name"":""InfoDescription"",""#text"":""%%4161""}}}"
29,29,2024-05-26 11:41:48.083859300+00:00,5315,Info,Microsoft-Windows-GroupPolicy,Microsoft-Windows-GroupPolicy/Operational,888,2036,win7,0,S-1-5-18,,,,,,,,,,,False,C:\Users\BRIANNA\OneDrive\Documents\GitHub\NSSECU3_MP2\win7_files\Logs\Microsoft-Windows-GroupPolicy_4Operational.evtx,0x4000000000000000,0,"{""EventData"":{""Data"":[{""@Name"":""PrincipalSamName"",""#text"":""win7\\student""},{""@Name"":""NextPolicyApplicationTime"",""#text"":""102""},{""@Name"":""NextPolicyApplicationTimeUnit"",""#text"":""%%4100""}]}}"
3,3,2024-05-26 11:41:48.083859300+00:00,7,Info,Microsoft-Windows-OfflineFiles,Microsoft-Windows-OfflineFiles/Operational,864,876,win7,0,S-1-5-18,,,,,,,,,,,False,C:\Users\BRIANNA\OneDrive\Documents\GitHub\NSSECU3_MP2\win7_files\Logs\Microsoft-Windows-OfflineFiles_4Operational.evtx,0x4000000000000008,0,"{""UserData"":{""Info"":{""Account"":""win7\\student"",""Session"":""1""}}}"
330,330,2024-05-26 11:41:48.083859300+00:00,1501,Info,Microsoft-Windows-GroupPolicy,System,888,2020,win7,2,S-1-5-21-2630035287-469658536-4158816484-1000,Group Policy Settings processed successfully for USER,,,,,,,,,,False,C:\Users\BRIANNA\OneDrive\Documents\GitHub\NSSECU3_MP2\win7_files\Logs\System.evtx,Classic,0,"{""EventData"":{""Data"":[{""@Name"":""SupportInfo1"",""#text"":""1""},{""@Name"":""SupportInfo2"",""#text"":""3182""},{""@Name"":""ProcessingMode"",""#text"":""1""},{""@Name"":""ProcessingTimeInMilliseconds"",""#text"":""171""},{""@Name"":""DCName""}]}}"
1,1,2024-05-26 11:41:48.083859300+00:00,21,Info,Microsoft-Windows-TerminalServices-LocalSessionManager,Microsoft-Windows-TerminalServices-LocalSessionManager/Operational,476,1496,win7,0,S-1-5-18,Remote Desktop Services: Session logon succeeded,win7\student,LOCAL,Session ID: 1,,,,,,,False,C:\Users\BRIANNA\OneDrive\Documents\GitHub\NSSECU3_MP2\win7_files\Logs\Microsoft-Windows-TerminalServices-LocalSessionManager_4Operational.evtx,0x1000000000000000,0,"{""UserData"":{""EventXML"":{""User"":""win7\\student"",""SessionID"":""1"",""Address"":""LOCAL""}}}"
28,28,2024-05-26 11:41:48.083859300+00:00,8001,Info,Microsoft-Windows-GroupPolicy,Microsoft-Windows-GroupPolicy/Operational,888,2020,win7,0,S-1-5-18,,,,,,,,,,,False,C:\Users\BRIANNA\OneDrive\Documents\GitHub\NSSECU3_MP2\win7_files\Logs\Microsoft-Windows-GroupPolicy_4Operational.evtx,0x4000000000000000,0,"{""EventData"":{""Data"":[{""@Name"":""PolicyElaspedTimeInSeconds"",""#text"":""0""},{""@Name"":""ErrorCode"",""#text"":""0""},{""@Name"":""PrincipalSamName"",""#text"":""win7\\student""},{""@Name"":""IsMachine"",""#text"":""0""},{""@Name"":""IsConnectivityFailure"",""#text"":""False""}]}}"
2,2,2024-05-26 11:41:48.177609300+00:00,22,Info,Microsoft-Windows-TerminalServices-LocalSessionManager,Microsoft-Windows-TerminalServices-LocalSessionManager/Operational,476,1496,win7,0,S-1-5-18,Remote Desktop Services: Shell start notification received,win7\student,LOCAL,,,,,,,,False,C:\Users\BRIANNA\OneDrive\Documents\GitHub\NSSECU3_MP2\win7_files\Logs\Microsoft-Windows-TerminalServices-LocalSessionManager_4Operational.evtx,0x1000000000000000,0,"{""UserData"":{""EventXML"":{""User"":""win7\\student"",""SessionID"":""1"",""Address"":""LOCAL""}}}"
30,30,2024-05-26 11:41:48.177609300+00:00,5324,Info,Microsoft-Windows-GroupPolicy,Microsoft-Windows-GroupPolicy/Operational,888,836,win7,0,S-1-5-18,,,,,,,,,,,False,C:\Users\BRIANNA\OneDrive\Documents\GitHub\NSSECU3_MP2\win7_files\Logs\Microsoft-Windows-GroupPolicy_4Operational.evtx,0x4000000000000000,0,"{""EventData"":{""Data"":[{""@Name"":""NotificationType"",""#text"":""3""},{""@Name"":""SessionId"",""#text"":""1""}]}}"
331,331,2024-05-26 11:41:50.333859300+00:00,20003,Info,Microsoft-Windows-UserPnp,System,1052,1604,win7,2,S-1-5-18,Service installation,,,ServiceName: umbus,AddServiceStatus: Unknown code (0),,UpdateService: True,PrimaryService: True,DeviceInstanceID: UMB\UMB\1&amp;841921D&amp;0&amp;PRINTERBUSENUMERATOR,system32\DRIVERS\umbus.sys,False,C:\Users\BRIANNA\OneDrive\Documents\GitHub\NSSECU3_MP2\win7_files\Logs\System.evtx,Classic,0,"{""UserData"":{""AddServiceID"":{""ServiceName"":""umbus"",""DriverFileName"":""system32\\DRIVERS\\umbus.sys"",""DeviceInstanceID"":""UMB\\UMB\\1&amp;841921D&amp;0&amp;PRINTERBUSENUMERATOR"",""PrimaryService"":""True"",""UpdateService"":""True"",""AddServiceStatus"":""0""}}}"
333,333,2024-05-26 11:41:50.474484300+00:00,20001,Info,Microsoft-Windows-UserPnp,System,1052,1604,win7,2,S-1-5-18,Device installation,,,DriverDescription: UMBus Enumerator,InstallStatus: Installation Successful,IsDriverOEM: False,UpgradeDevice: False,RebootOption: False,DeviceInstanceID: UMB\UMB\1&amp;841921D&amp;0&amp;PRINTERBUSENUMERATOR,FileRepository\umbus.inf_amd64_neutral_2d4257afa2e35253\umbus.inf,False,C:\Users\BRIANNA\OneDrive\Documents\GitHub\NSSECU3_MP2\win7_files\Logs\System.evtx,Classic,0,"{""UserData"":{""InstallDeviceID"":{""DriverName"":""FileRepository\\umbus.inf_amd64_neutral_2d4257afa2e35253\\umbus.inf"",""DriverVersion"":""6.1.7601.17514"",""DriverProvider"":""Microsoft"",""DeviceInstanceID"":""UMB\\UMB\\1&amp;841921D&amp;0&amp;PRINTERBUSENUMERATOR"",""SetupClass"":""4d36e97d-e325-11ce-bfc1-08002be10318"",""RebootOption"":""False"",""UpgradeDevice"":""False"",""IsDriverOEM"":""False"",""InstallStatus"":""0x0"",""DriverDescription"":""UMBus Enumerator""}}}"
332,332,2024-05-26 11:41:50.474484300+00:00,7036,Info,Service Control Manager,System,444,300,win7,2,,Service started or stopped,,,Name: Application Information | Application Information,Status: running,,,,,,False,C:\Users\BRIANNA\OneDrive\Documents\GitHub\NSSECU3_MP2\win7_files\Logs\System.evtx,"Audit success, classic",0,"{""EventData"":{""Data"":[{""@Name"":""param1"",""#text"":""Application Information""},{""@Name"":""param2"",""#text"":""running""}],""Binary"":""41-00-70-00-70-00-69-00-6E-00-66-00-6F-00-2F-00-34-00-00-00""}}"
1,1,2024-05-26 11:41:50.505734300+00:00,823,Info,Microsoft-Windows-PrintService,Microsoft-Windows-PrintService/Admin,1108,1060,win7,0,S-1-5-18,,,,,,,,,,,False,C:\Users\BRIANNA\OneDrive\Documents\GitHub\NSSECU3_MP2\win7_files\Logs\Microsoft-Windows-PrintService_4Admin.evtx,0x8000000000020000,0,"{""UserData"":{""ChangingDefaultPrinter"":{""DefaultPrinterSelectedBySpooler"":""1"",""OldDefaultPrinter"":"""",""NewDefaultPrinter"":""Microsoft XPS Document Writer,winspool,Ne00:"",""Status"":""0x0"",""Module"":""spoolsv.exe""}}}"
1,1,2024-05-26 11:41:51.786984300+00:00,1002,Warning,Microsoft-Windows-KnownFolders,Microsoft-Windows-Known Folders API Service,1900,1904,win7,0,S-1-5-21-2630035287-469658536-4158816484-1000,,,,,,,,,,,False,C:\Users\BRIANNA\OneDrive\Documents\GitHub\NSSECU3_MP2\win7_files\Logs\Microsoft-Windows-Known Folders API Service.evtx,Classic,0,"{""EventData"":{""Data"":[{""@Name"":""hrError"",""#text"":""0x80070003""},{""@Name"":""FolderId"",""#text"":""7b0db17d-9cd2-4a93-9733-46cc89022e7c""},{""@Name"":""Path"",""#text"":""C:\\Users\\student\\AppData\\Roaming\\Microsoft\\Windows\\Libraries\\Documents.library-ms""}]}}"
175,175,2024-05-26 11:41:53+00:00,9007,Info,Desktop Window Manager,Application,0,0,win7,1,,,,,,,,,,,,False,C:\Users\BRIANNA\OneDrive\Documents\GitHub\NSSECU3_MP2\win7_files\Logs\Application.evtx,0x80000000000000,0,"{""EventData"":{""Data"":"""",""Binary"":""""}}"
176,176,2024-05-26 11:41:58+00:00,102,Info,ESENT,Application,0,0,win7,1,,,,,,,,,,,,False,C:\Users\BRIANNA\OneDrive\Documents\GitHub\NSSECU3_MP2\win7_files\Logs\Application.evtx,0x80000000000000,0,"{""EventData"":{""Data"":""WinMail, 1532, WindowsMail0: , 0, 6, 01, 7601, 0000"",""Binary"":""""}}"
177,177,2024-05-26 11:41:58+00:00,210,Info,ESENT,Application,0,0,win7,1,,,,,,,,,,,,False,C:\Users\BRIANNA\OneDrive\Documents\GitHub\NSSECU3_MP2\win7_files\Logs\Application.evtx,0x80000000000000,0,"{""EventData"":{""Data"":""WinMail, 1532, WindowsMail0: "",""Binary"":""""}}"
178,178,2024-05-26 11:41:58+00:00,220,Info,ESENT,Application,0,0,win7,1,,,,,,,,,,,,False,C:\Users\BRIANNA\OneDrive\Documents\GitHub\NSSECU3_MP2\win7_files\Logs\Application.evtx,0x80000000000000,0,"{""EventData"":{""Data"":""WinMail, 1532, WindowsMail0: , C:\\Users\\student\\AppData\\Local\\Microsoft\\Windows Mail\\WindowsMail.MSMessageStore, 2 Mb"",""Binary"":""""}}"
179,179,2024-05-26 11:41:58+00:00,221,Info,ESENT,Application,0,0,win7,1,,,,,,,,,,,,False,C:\Users\BRIANNA\OneDrive\Documents\GitHub\NSSECU3_MP2\win7_files\Logs\Application.evtx,0x80000000000000,0,"{""EventData"":{""Data"":""WinMail, 1532, WindowsMail0: , C:\\Users\\student\\AppData\\Local\\Microsoft\\Windows Mail\\WindowsMail.MSMessageStore"",""Binary"":""""}}"
182,182,2024-05-26 11:41:59+00:00,213,Info,ESENT,Application,0,0,win7,1,,,,,,,,,,,,False,C:\Users\BRIANNA\OneDrive\Documents\GitHub\NSSECU3_MP2\win7_files\Logs\Application.evtx,0x80000000000000,0,"{""EventData"":{""Data"":""WinMail, 1532, WindowsMail0: "",""Binary"":""""}}"
180,180,2024-05-26 11:41:59+00:00,223,Info,ESENT,Application,0,0,win7,1,,,,,,,,,,,,False,C:\Users\BRIANNA\OneDrive\Documents\GitHub\NSSECU3_MP2\win7_files\Logs\Application.evtx,0x80000000000000,0,"{""EventData"":{""Data"":""WinMail, 1532, WindowsMail0: , C:\\Users\\student\\AppData\\Local\\Microsoft\\Windows Mail\\edb00001.log, C:\\Users\\student\\AppData\\Local\\Microsoft\\Windows Mail\\edb00001.log"",""Binary"":""""}}"
181,181,2024-05-26 11:41:59+00:00,225,Info,ESENT,Application,0,0,win7,1,,,,,,,,,,,,False,C:\Users\BRIANNA\OneDrive\Documents\GitHub\NSSECU3_MP2\win7_files\Logs\Application.evtx,0x80000000000000,0,"{""EventData"":{""Data"":""WinMail, 1532, WindowsMail0: "",""Binary"":""""}}"
334,334,2024-05-26 11:41:59.193234300+00:00,7036,Info,Service Control Manager,System,444,300,win7,2,,Service started or stopped,,,Name: Protected Storage | Protected Storage,Status: running,,,,,,False,C:\Users\BRIANNA\OneDrive\Documents\GitHub\NSSECU3_MP2\win7_files\Logs\System.evtx,"Audit success, classic",0,"{""EventData"":{""Data"":[{""@Name"":""param1"",""#text"":""Protected Storage""},{""@Name"":""param2"",""#text"":""running""}],""Binary"":""50-00-72-00-6F-00-74-00-65-00-63-00-74-00-65-00-64-00-53-00-74-00-6F-00-72-00-61-00-67-00-65-00-2F-00-34-00-00-00""}}"
183,183,2024-05-26 11:42:04+00:00,103,Info,ESENT,Application,0,0,win7,1,,,,,,,,,,,,False,C:\Users\BRIANNA\OneDrive\Documents\GitHub\NSSECU3_MP2\win7_files\Logs\Application.evtx,0x80000000000000,0,"{""EventData"":{""Data"":""WinMail, 1532, WindowsMail0: , 0"",""Binary"":""""}}"
185,185,2024-05-26 11:42:11+00:00,103,Info,ESENT,Application,0,0,win7,1,,,,,,,,,,,,False,C:\Users\BRIANNA\OneDrive\Documents\GitHub\NSSECU3_MP2\win7_files\Logs\Application.evtx,0x80000000000000,0,"{""EventData"":{""Data"":""WinMail, 236, WindowsMail0: , 0"",""Binary"":""""}}"
184,184,2024-05-26 11:42:11+00:00,102,Info,ESENT,Application,0,0,win7,1,,,,,,,,,,,,False,C:\Users\BRIANNA\OneDrive\Documents\GitHub\NSSECU3_MP2\win7_files\Logs\Application.evtx,0x80000000000000,0,"{""EventData"":{""Data"":""WinMail, 236, WindowsMail0: , 0, 6, 01, 7601, 0000"",""Binary"":""""}}"
2,2,2024-05-26 11:42:12.849484300+00:00,1002,Warning,Microsoft-Windows-KnownFolders,Microsoft-Windows-Known Folders API Service,1960,1976,win7,0,S-1-5-18,,,,,,,,,,,False,C:\Users\BRIANNA\OneDrive\Documents\GitHub\NSSECU3_MP2\win7_files\Logs\Microsoft-Windows-Known Folders API Service.evtx,Classic,0,"{""EventData"":{""Data"":[{""@Name"":""hrError"",""#text"":""0x80070002""},{""@Name"":""FolderId"",""#text"":""b4bfcc3a-db2c-424c-b029-7fe99a87c641""},{""@Name"":""Path"",""#text"":""C:\\Windows\\system32\\config\\systemprofile\\Desktop""}]}}"
3,3,2024-05-26 11:42:14.349484300+00:00,1002,Warning,Microsoft-Windows-KnownFolders,Microsoft-Windows-Known Folders API Service,1960,1976,win7,0,S-1-5-18,,,,,,,,,,,False,C:\Users\BRIANNA\OneDrive\Documents\GitHub\NSSECU3_MP2\win7_files\Logs\Microsoft-Windows-Known Folders API Service.evtx,Classic,0,"{""EventData"":{""Data"":[{""@Name"":""hrError"",""#text"":""0x80070002""},{""@Name"":""FolderId"",""#text"":""ae50c081-ebd2-438a-8655-8a092e34987a""},{""@Name"":""Path"",""#text"":""C:\\Windows\\system32\\config\\systemprofile\\AppData\\Roaming\\Microsoft\\Windows\\Recent""}]}}"
335,335,2024-05-26 11:42:22.896359300+00:00,7036,Info,Service Control Manager,System,444,300,win7,2,,Service started or stopped,,,Name: Network Connections | Network Connections,Status: running,,,,,,False,C:\Users\BRIANNA\OneDrive\Documents\GitHub\NSSECU3_MP2\win7_files\Logs\System.evtx,"Audit success, classic",0,"{""EventData"":{""Data"":[{""@Name"":""param1"",""#text"":""Network Connections""},{""@Name"":""param2"",""#text"":""running""}],""Binary"":""4E-00-65-00-74-00-6D-00-61-00-6E-00-2F-00-34-00-00-00""}}"
4,4,2024-05-26 11:42:24.427609300+00:00,1002,Warning,Microsoft-Windows-KnownFolders,Microsoft-Windows-Known Folders API Service,1696,1752,win7,0,S-1-5-18,,,,,,,,,,,False,C:\Users\BRIANNA\OneDrive\Documents\GitHub\NSSECU3_MP2\win7_files\Logs\Microsoft-Windows-Known Folders API Service.evtx,Classic,0,"{""EventData"":{""Data"":[{""@Name"":""hrError"",""#text"":""0x80070002""},{""@Name"":""FolderId"",""#text"":""1777f761-68ad-4d8a-87bd-30b759fa33dd""},{""@Name"":""Path"",""#text"":""C:\\Windows\\system32\\config\\systemprofile\\Favorites""}]}}"
5,5,2024-05-26 11:42:24.427609300+00:00,1002,Warning,Microsoft-Windows-KnownFolders,Microsoft-Windows-Known Folders API Service,1696,1752,win7,0,S-1-5-18,,,,,,,,,,,False,C:\Users\BRIANNA\OneDrive\Documents\GitHub\NSSECU3_MP2\win7_files\Logs\Microsoft-Windows-Known Folders API Service.evtx,Classic,0,"{""EventData"":{""Data"":[{""@Name"":""hrError"",""#text"":""0x80070002""},{""@Name"":""FolderId"",""#text"":""625b53c3-ab48-4ec1-ba1f-a1ef4146fc19""},{""@Name"":""Path"",""#text"":""C:\\Windows\\system32\\config\\systemprofile\\AppData\\Roaming\\Microsoft\\Windows\\Start Menu""}]}}"
6,6,2024-05-26 11:42:24.427609300+00:00,1002,Warning,Microsoft-Windows-KnownFolders,Microsoft-Windows-Known Folders API Service,1696,1752,win7,0,S-1-5-18,,,,,,,,,,,False,C:\Users\BRIANNA\OneDrive\Documents\GitHub\NSSECU3_MP2\win7_files\Logs\Microsoft-Windows-Known Folders API Service.evtx,Classic,0,"{""EventData"":{""Data"":[{""@Name"":""hrError"",""#text"":""0x80070002""},{""@Name"":""FolderId"",""#text"":""fdd39ad0-238f-46af-adb4-6c85480369c7""},{""@Name"":""Path"",""#text"":""C:\\Windows\\system32\\config\\systemprofile\\Documents""}]}}"
7,7,2024-05-26 11:42:24.427609300+00:00,1002,Warning,Microsoft-Windows-KnownFolders,Microsoft-Windows-Known Folders API Service,1696,1752,win7,0,S-1-5-18,,,,,,,,,,,False,C:\Users\BRIANNA\OneDrive\Documents\GitHub\NSSECU3_MP2\win7_files\Logs\Microsoft-Windows-Known Folders API Service.evtx,Classic,0,"{""EventData"":{""Data"":[{""@Name"":""hrError"",""#text"":""0x80070002""},{""@Name"":""FolderId"",""#text"":""b4bfcc3a-db2c-424c-b029-7fe99a87c641""},{""@Name"":""Path"",""#text"":""C:\\Windows\\system32\\config\\systemprofile\\Desktop""}]}}"
336,336,2024-05-26 11:42:44.943234300+00:00,7036,Info,Service Control Manager,System,444,300,win7,2,,Service started or stopped,,,Name: Background Intelligent Transfer Service | Background Intelligent Transfer Service,Status: running,,,,,,False,C:\Users\BRIANNA\OneDrive\Documents\GitHub\NSSECU3_MP2\win7_files\Logs\System.evtx,"Audit success, classic",0,"{""EventData"":{""Data"":[{""@Name"":""param1"",""#text"":""Background Intelligent Transfer Service""},{""@Name"":""param2"",""#text"":""running""}],""Binary"":""42-00-49-00-54-00-53-00-2F-00-34-00-00-00""}}"
337,337,2024-05-26 11:42:45.208859300+00:00,7036,Info,Service Control Manager,System,444,300,win7,2,,Service started or stopped,,,Name: SSDP Discovery | SSDP Discovery,Status: running,,,,,,False,C:\Users\BRIANNA\OneDrive\Documents\GitHub\NSSECU3_MP2\win7_files\Logs\System.evtx,"Audit success, classic",0,"{""EventData"":{""Data"":[{""@Name"":""param1"",""#text"":""SSDP Discovery""},{""@Name"":""param2"",""#text"":""running""}],""Binary"":""53-00-53-00-44-00-50-00-53-00-52-00-56-00-2F-00-34-00-00-00""}}"
338,338,2024-05-26 11:42:45.286984300+00:00,7036,Info,Service Control Manager,System,444,300,win7,2,,Service started or stopped,,,Name: Microsoft .NET Framework NGEN v2.0.50727_X86 | Microsoft .NET Framework NGEN v2.0.50727_X86,Status: running,,,,,,False,C:\Users\BRIANNA\OneDrive\Documents\GitHub\NSSECU3_MP2\win7_files\Logs\System.evtx,"Audit success, classic",0,"{""EventData"":{""Data"":[{""@Name"":""param1"",""#text"":""Microsoft .NET Framework NGEN v2.0.50727_X86""},{""@Name"":""param2"",""#text"":""running""}],""Binary"":""63-00-6C-00-72-00-5F-00-6F-00-70-00-74-00-69-00-6D-00-69-00-7A-00-61-00-74-00-69-00-6F-00-6E-00-5F-00-76-00-32-00-2E-00-30-00-2E-00-35-00-30-00-37-00-32-00-37-00-5F-00-33-00-32-00-2F-00-34-00-00-00""}}"
1,1,2024-05-26 11:42:45.552609300+00:00,306,Verbose,Microsoft-Windows-Bits-Client,Microsoft-Windows-Bits-Client/Operational,888,1300,win7,0,S-1-5-18,,,,,,,,,,,False,C:\Users\BRIANNA\OneDrive\Documents\GitHub\NSSECU3_MP2\win7_files\Logs\Microsoft-Windows-Bits-Client_4Operational.evtx,0x4000000000000000,0,"{""EventData"":""""}"
339,339,2024-05-26 11:42:45.677609300+00:00,7036,Info,Service Control Manager,System,444,300,win7,2,,Service started or stopped,,,Name: Microsoft .NET Framework NGEN v2.0.50727_X64 | Microsoft .NET Framework NGEN v2.0.50727_X64,Status: running,,,,,,False,C:\Users\BRIANNA\OneDrive\Documents\GitHub\NSSECU3_MP2\win7_files\Logs\System.evtx,"Audit success, classic",0,"{""EventData"":{""Data"":[{""@Name"":""param1"",""#text"":""Microsoft .NET Framework NGEN v2.0.50727_X64""},{""@Name"":""param2"",""#text"":""running""}],""Binary"":""63-00-6C-00-72-00-5F-00-6F-00-70-00-74-00-69-00-6D-00-69-00-7A-00-61-00-74-00-69-00-6F-00-6E-00-5F-00-76-00-32-00-2E-00-30-00-2E-00-35-00-30-00-37-00-32-00-37-00-5F-00-36-00-34-00-2F-00-34-00-00-00""}}"
340,340,2024-05-26 11:42:45.896359300+00:00,7036,Info,Service Control Manager,System,444,300,win7,2,,Service started or stopped,,,Name: Windows Font Cache Service | Windows Font Cache Service,Status: running,,,,,,False,C:\Users\BRIANNA\OneDrive\Documents\GitHub\NSSECU3_MP2\win7_files\Logs\System.evtx,"Audit success, classic",0,"{""EventData"":{""Data"":[{""@Name"":""param1"",""#text"":""Windows Font Cache Service""},{""@Name"":""param2"",""#text"":""running""}],""Binary"":""46-00-6F-00-6E-00-74-00-43-00-61-00-63-00-68-00-65-00-2F-00-34-00-00-00""}}"
122,122,2024-05-26 11:42:45.990109300+00:00,4624,LogAlways,Microsoft-Windows-Security-Auditing,Security,468,1020,win7,1,,Successful logon,WORKGROUP\WIN-QJNMT3LEKTG$, (-),Target: NT AUTHORITY\SYSTEM,LogonType 5,LogonId: 0x3E7,AuthenticationPackageName: Negotiate,LogonProcessName: Advapi  ,,C:\Windows\System32\services.exe,False,C:\Users\BRIANNA\OneDrive\Documents\GitHub\NSSECU3_MP2\win7_files\Logs\Security.evtx,Audit success,0,"{""EventData"":{""Data"":[{""@Name"":""SubjectUserSid"",""#text"":""S-1-5-18""},{""@Name"":""SubjectUserName"",""#text"":""WIN-QJNMT3LEKTG$""},{""@Name"":""SubjectDomainName"",""#text"":""WORKGROUP""},{""@Name"":""SubjectLogonId"",""#text"":""0x3E7""},{""@Name"":""TargetUserSid"",""#text"":""S-1-5-18""},{""@Name"":""TargetUserName"",""#text"":""SYSTEM""},{""@Name"":""TargetDomainName"",""#text"":""NT AUTHORITY""},{""@Name"":""TargetLogonId"",""#text"":""0x3E7""},{""@Name"":""LogonType"",""#text"":""5""},{""@Name"":""LogonProcessName"",""#text"":""Advapi  ""},{""@Name"":""AuthenticationPackageName"",""#text"":""Negotiate""},{""@Name"":""WorkstationName""},{""@Name"":""LogonGuid"",""#text"":""00000000-0000-0000-0000-000000000000""},{""@Name"":""TransmittedServices"",""#text"":""-""},{""@Name"":""LmPackageName"",""#text"":""-""},{""@Name"":""KeyLength"",""#text"":""0""},{""@Name"":""ProcessId"",""#text"":""0x1BC""},{""@Name"":""ProcessName"",""#text"":""C:\\Windows\\System32\\services.exe""},{""@Name"":""IpAddress"",""#text"":""-""},{""@Name"":""IpPort"",""#text"":""-""}]}}"
123,123,2024-05-26 11:42:45.990109300+00:00,4672,LogAlways,Microsoft-Windows-Security-Auditing,Security,468,1020,win7,1,,Administrative logon,NT AUTHORITY\SYSTEM (S-1-5-18),,"PrivilegeList: SeAssignPrimaryTokenPrivilege, SeTcbPrivilege, SeSecurityPrivilege, SeTakeOwnershipPrivilege, SeLoadDriverPrivilege, SeBackupPrivilege, SeRestorePrivilege, SeDebugPrivilege, SeAuditPrivilege, SeSystemEnvironmentPrivilege, SeImpersonatePrivilege",LogonId: 0x3E7,,,,,,False,C:\Users\BRIANNA\OneDrive\Documents\GitHub\NSSECU3_MP2\win7_files\Logs\Security.evtx,Audit success,0,"{""EventData"":{""Data"":[{""@Name"":""SubjectUserSid"",""#text"":""S-1-5-18""},{""@Name"":""SubjectUserName"",""#text"":""SYSTEM""},{""@Name"":""SubjectDomainName"",""#text"":""NT AUTHORITY""},{""@Name"":""SubjectLogonId"",""#text"":""0x3E7""},{""@Name"":""PrivilegeList"",""#text"":""SeAssignPrimaryTokenPrivilege, SeTcbPrivilege, SeSecurityPrivilege, SeTakeOwnershipPrivilege, SeLoadDriverPrivilege, SeBackupPrivilege, SeRestorePrivilege, SeDebugPrivilege, SeAuditPrivilege, SeSystemEnvironmentPrivilege, SeImpersonatePrivilege""}]}}"
341,341,2024-05-26 11:42:46.349484300+00:00,7036,Info,Service Control Manager,System,444,300,win7,2,,Service started or stopped,,,Name: Windows Defender | Windows Defender,Status: running,,,,,,False,C:\Users\BRIANNA\OneDrive\Documents\GitHub\NSSECU3_MP2\win7_files\Logs\System.evtx,"Audit success, classic",0,"{""EventData"":{""Data"":[{""@Name"":""param1"",""#text"":""Windows Defender""},{""@Name"":""param2"",""#text"":""running""}],""Binary"":""57-00-69-00-6E-00-44-00-65-00-66-00-65-00-6E-00-64-00-2F-00-34-00-00-00""}}"
2,2,2024-05-26 11:42:46.474484300+00:00,101,LogAlways,Microsoft-Windows-Windows Defender,Microsoft-Windows-Windows Defender/WHC,596,1332,win7,0,S-1-5-18,,,,,,,,,,,False,C:\Users\BRIANNA\OneDrive\Documents\GitHub\NSSECU3_MP2\win7_files\Logs\Microsoft-Windows-Windows Defender_4WHC.evtx,0x4000000000000000,0,"{""EventData"":{""Data"":{""@Name"":""hc_stateid"",""#text"":""10""}}}"
342,342,2024-05-26 11:42:46.474484300+00:00,7036,Info,Service Control Manager,System,444,300,win7,2,,Service started or stopped,,,Name: Security Center | Security Center,Status: running,,,,,,False,C:\Users\BRIANNA\OneDrive\Documents\GitHub\NSSECU3_MP2\win7_files\Logs\System.evtx,"Audit success, classic",0,"{""EventData"":{""Data"":[{""@Name"":""param1"",""#text"":""Security Center""},{""@Name"":""param2"",""#text"":""running""}],""Binary"":""77-00-73-00-63-00-73-00-76-00-63-00-2F-00-34-00-00-00""}}"
186,186,2024-05-26 11:42:47+00:00,1,Info,SecurityCenter,Application,0,0,win7,1,,,,,,,,,,,,False,C:\Users\BRIANNA\OneDrive\Documents\GitHub\NSSECU3_MP2\win7_files\Logs\Application.evtx,0x80000000000000,0,"{""EventData"":{""Data"":"""",""Binary"":""""}}"
343,343,2024-05-26 11:42:49.427609300+00:00,7036,Info,Service Control Manager,System,444,300,win7,2,,Service started or stopped,,,Name: Windows Update | Windows Update,Status: running,,,,,,False,C:\Users\BRIANNA\OneDrive\Documents\GitHub\NSSECU3_MP2\win7_files\Logs\System.evtx,"Audit success, classic",0,"{""EventData"":{""Data"":[{""@Name"":""param1"",""#text"":""Windows Update""},{""@Name"":""param2"",""#text"":""running""}],""Binary"":""77-00-75-00-61-00-75-00-73-00-65-00-72-00-76-00-2F-00-34-00-00-00""}}"
3,3,2024-05-26 11:42:50.255734300+00:00,101,LogAlways,Microsoft-Windows-Windows Defender,Microsoft-Windows-Windows Defender/WHC,596,1120,win7,0,S-1-5-18,,,,,,,,,,,False,C:\Users\BRIANNA\OneDrive\Documents\GitHub\NSSECU3_MP2\win7_files\Logs\Microsoft-Windows-Windows Defender_4WHC.evtx,0x4000000000000000,0,"{""EventData"":{""Data"":{""@Name"":""hc_stateid"",""#text"":""10""}}}"
187,187,2024-05-26 11:42:54+00:00,1130,LogAlways,.NET Runtime Optimization Service,Application,0,0,win7,1,,,,,,,,,,,,False,C:\Users\BRIANNA\OneDrive\Documents\GitHub\NSSECU3_MP2\win7_files\Logs\Application.evtx,0x80000000000000,0,"{""EventData"":{""Data"":"".NET Runtime Optimization Service (2.0.50727.5420) - Installed from repository: AuditPolicyGPManagedStubs.Interop"",""Binary"":""""}}"
188,188,2024-05-26 11:42:55+00:00,1130,LogAlways,.NET Runtime Optimization Service,Application,0,0,win7,1,,,,,,,,,,,,False,C:\Users\BRIANNA\OneDrive\Documents\GitHub\NSSECU3_MP2\win7_files\Logs\Application.evtx,0x80000000000000,0,"{""EventData"":{""Data"":"".NET Runtime Optimization Service (2.0.50727.5420) - Installed from repository: BDATunePIA"",""Binary"":""""}}"
189,189,2024-05-26 11:42:55+00:00,1130,LogAlways,.NET Runtime Optimization Service,Application,0,0,win7,1,,,,,,,,,,,,False,C:\Users\BRIANNA\OneDrive\Documents\GitHub\NSSECU3_MP2\win7_files\Logs\Application.evtx,0x80000000000000,0,"{""EventData"":{""Data"":"".NET Runtime Optimization Service (2.0.50727.5420) - Installed from repository: ehCIR"",""Binary"":""""}}"
190,190,2024-05-26 11:42:56+00:00,1130,LogAlways,.NET Runtime Optimization Service,Application,0,0,win7,1,,,,,,,,,,,,False,C:\Users\BRIANNA\OneDrive\Documents\GitHub\NSSECU3_MP2\win7_files\Logs\Application.evtx,0x80000000000000,0,"{""EventData"":{""Data"":"".NET Runtime Optimization Service (2.0.50727.5420) - Installed from repository: ehiProxy"",""Binary"":""""}}"
191,191,2024-05-26 11:42:58+00:00,1130,LogAlways,.NET Runtime Optimization Service,Application,0,0,win7,1,,,,,,,,,,,,False,C:\Users\BRIANNA\OneDrive\Documents\GitHub\NSSECU3_MP2\win7_files\Logs\Application.evtx,0x80000000000000,0,"{""EventData"":{""Data"":"".NET Runtime Optimization Service (2.0.50727.5420) - Installed from repository: ehExtHost"",""Binary"":""""}}"
194,194,2024-05-26 11:42:59+00:00,1130,LogAlways,.NET Runtime Optimization Service,Application,0,0,win7,1,,,,,,,,,,,,False,C:\Users\BRIANNA\OneDrive\Documents\GitHub\NSSECU3_MP2\win7_files\Logs\Application.evtx,0x80000000000000,0,"{""EventData"":{""Data"":"".NET Runtime Optimization Service (2.0.50727.5420) - Installed from repository: ehiUserXp"",""Binary"":""""}}"
192,192,2024-05-26 11:42:59+00:00,1130,LogAlways,.NET Runtime Optimization Service,Application,0,0,win7,1,,,,,,,,,,,,False,C:\Users\BRIANNA\OneDrive\Documents\GitHub\NSSECU3_MP2\win7_files\Logs\Application.evtx,0x80000000000000,0,"{""EventData"":{""Data"":"".NET Runtime Optimization Service (2.0.50727.5420) - Installed from repository: Microsoft.MediaCenter"",""Binary"":""""}}"
195,195,2024-05-26 11:42:59+00:00,1130,LogAlways,.NET Runtime Optimization Service,Application,0,0,win7,1,,,,,,,,,,,,False,C:\Users\BRIANNA\OneDrive\Documents\GitHub\NSSECU3_MP2\win7_files\Logs\Application.evtx,0x80000000000000,0,"{""EventData"":{""Data"":"".NET Runtime Optimization Service (2.0.50727.5420) - Installed from repository: ehRecObj"",""Binary"":""""}}"
193,193,2024-05-26 11:42:59+00:00,1130,LogAlways,.NET Runtime Optimization Service,Application,0,0,win7,1,,,,,,,,,,,,False,C:\Users\BRIANNA\OneDrive\Documents\GitHub\NSSECU3_MP2\win7_files\Logs\Application.evtx,0x80000000000000,0,"{""EventData"":{""Data"":"".NET Runtime Optimization Service (2.0.50727.5420) - Installed from repository: Microsoft.MediaCenter.UI"",""Binary"":""""}}"
199,199,2024-05-26 11:43:00+00:00,1130,LogAlways,.NET Runtime Optimization Service,Application,0,0,win7,1,,,,,,,,,,,,False,C:\Users\BRIANNA\OneDrive\Documents\GitHub\NSSECU3_MP2\win7_files\Logs\Application.evtx,0x80000000000000,0,"{""EventData"":{""Data"":"".NET Runtime Optimization Service (2.0.50727.5420) - Installed from repository: ehiVidCtl"",""Binary"":""""}}"
196,196,2024-05-26 11:43:00+00:00,1130,LogAlways,.NET Runtime Optimization Service,Application,0,0,win7,1,,,,,,,,,,,,False,C:\Users\BRIANNA\OneDrive\Documents\GitHub\NSSECU3_MP2\win7_files\Logs\Application.evtx,0x80000000000000,0,"{""EventData"":{""Data"":"".NET Runtime Optimization Service (2.0.50727.5420) - Installed from repository: mcepg"",""Binary"":""""}}"
197,197,2024-05-26 11:43:00+00:00,1130,LogAlways,.NET Runtime Optimization Service,Application,0,0,win7,1,,,,,,,,,,,,False,C:\Users\BRIANNA\OneDrive\Documents\GitHub\NSSECU3_MP2\win7_files\Logs\Application.evtx,0x80000000000000,0,"{""EventData"":{""Data"":"".NET Runtime Optimization Service (2.0.50727.5420) - Installed from repository: mcstore"",""Binary"":""""}}"
198,198,2024-05-26 11:43:00+00:00,1130,LogAlways,.NET Runtime Optimization Service,Application,0,0,win7,1,,,,,,,,,,,,False,C:\Users\BRIANNA\OneDrive\Documents\GitHub\NSSECU3_MP2\win7_files\Logs\Application.evtx,0x80000000000000,0,"{""EventData"":{""Data"":"".NET Runtime Optimization Service (2.0.50727.5420) - Installed from repository: mcstoredb"",""Binary"":""""}}"
203,203,2024-05-26 11:43:00+00:00,1130,LogAlways,.NET Runtime Optimization Service,Application,0,0,win7,1,,,,,,,,,,,,False,C:\Users\BRIANNA\OneDrive\Documents\GitHub\NSSECU3_MP2\win7_files\Logs\Application.evtx,0x80000000000000,0,"{""EventData"":{""Data"":"".NET Runtime Optimization Service (2.0.50727.5420) - Installed from repository: ehiiTv"",""Binary"":""""}}"
202,202,2024-05-26 11:43:00+00:00,1130,LogAlways,.NET Runtime Optimization Service,Application,0,0,win7,1,,,,,,,,,,,,False,C:\Users\BRIANNA\OneDrive\Documents\GitHub\NSSECU3_MP2\win7_files\Logs\Application.evtx,0x80000000000000,0,"{""EventData"":{""Data"":"".NET Runtime Optimization Service (2.0.50727.5420) - Installed from repository: ehiBmlDataCarousel"",""Binary"":""""}}"
201,201,2024-05-26 11:43:00+00:00,1130,LogAlways,.NET Runtime Optimization Service,Application,0,0,win7,1,,,,,,,,,,,,False,C:\Users\BRIANNA\OneDrive\Documents\GitHub\NSSECU3_MP2\win7_files\Logs\Application.evtx,0x80000000000000,0,"{""EventData"":{""Data"":"".NET Runtime Optimization Service (2.0.50727.5420) - Installed from repository: ehiActivScp"",""Binary"":""""}}"
200,200,2024-05-26 11:43:00+00:00,1130,LogAlways,.NET Runtime Optimization Service,Application,0,0,win7,1,,,,,,,,,,,,False,C:\Users\BRIANNA\OneDrive\Documents\GitHub\NSSECU3_MP2\win7_files\Logs\Application.evtx,0x80000000000000,0,"{""EventData"":{""Data"":"".NET Runtime Optimization Service (2.0.50727.5420) - Installed from repository: ehiExtens"",""Binary"":""""}}"
207,207,2024-05-26 11:43:06+00:00,1130,LogAlways,.NET Runtime Optimization Service,Application,0,0,win7,1,,,,,,,,,,,,False,C:\Users\BRIANNA\OneDrive\Documents\GitHub\NSSECU3_MP2\win7_files\Logs\Application.evtx,0x80000000000000,0,"{""EventData"":{""Data"":"".NET Runtime Optimization Service (2.0.50727.5420) - Installed from repository: ehiwmp"",""Binary"":""""}}"
204,204,2024-05-26 11:43:06+00:00,1130,LogAlways,.NET Runtime Optimization Service,Application,0,0,win7,1,,,,,,,,,,,,False,C:\Users\BRIANNA\OneDrive\Documents\GitHub\NSSECU3_MP2\win7_files\Logs\Application.evtx,0x80000000000000,0,"{""EventData"":{""Data"":"".NET Runtime Optimization Service (2.0.50727.5420) - Installed from repository: ehiTVMSMusic"",""Binary"":""""}}"
205,205,2024-05-26 11:43:06+00:00,1130,LogAlways,.NET Runtime Optimization Service,Application,0,0,win7,1,,,,,,,,,,,,False,C:\Users\BRIANNA\OneDrive\Documents\GitHub\NSSECU3_MP2\win7_files\Logs\Application.evtx,0x80000000000000,0,"{""EventData"":{""Data"":"".NET Runtime Optimization Service (2.0.50727.5420) - Installed from repository: Microsoft.MediaCenter.iTv.Hosting"",""Binary"":""""}}"
206,206,2024-05-26 11:43:06+00:00,1130,LogAlways,.NET Runtime Optimization Service,Application,0,0,win7,1,,,,,,,,,,,,False,C:\Users\BRIANNA\OneDrive\Documents\GitHub\NSSECU3_MP2\win7_files\Logs\Application.evtx,0x80000000000000,0,"{""EventData"":{""Data"":"".NET Runtime Optimization Service (2.0.50727.5420) - Installed from repository: ehiUPnP"",""Binary"":""""}}"
208,208,2024-05-26 11:43:06+00:00,1130,LogAlways,.NET Runtime Optimization Service,Application,0,0,win7,1,,,,,,,,,,,,False,C:\Users\BRIANNA\OneDrive\Documents\GitHub\NSSECU3_MP2\win7_files\Logs\Application.evtx,0x80000000000000,0,"{""EventData"":{""Data"":"".NET Runtime Optimization Service (2.0.50727.5420) - Installed from repository: ehiWUapi"",""Binary"":""""}}"
209,209,2024-05-26 11:43:10+00:00,1130,LogAlways,.NET Runtime Optimization Service,Application,0,0,win7,1,,,,,,,,,,,,False,C:\Users\BRIANNA\OneDrive\Documents\GitHub\NSSECU3_MP2\win7_files\Logs\Application.evtx,0x80000000000000,0,"{""EventData"":{""Data"":"".NET Runtime Optimization Service (2.0.50727.5420) - Installed from repository: Microsoft.MediaCenter.Shell"",""Binary"":""""}}"
210,210,2024-05-26 11:43:10+00:00,1130,LogAlways,.NET Runtime Optimization Service,Application,0,0,win7,1,,,,,,,,,,,,False,C:\Users\BRIANNA\OneDrive\Documents\GitHub\NSSECU3_MP2\win7_files\Logs\Application.evtx,0x80000000000000,0,"{""EventData"":{""Data"":"".NET Runtime Optimization Service (2.0.50727.5420) - Installed from repository: Microsoft.MediaCenter.Interop"",""Binary"":""""}}"
214,214,2024-05-26 11:43:11+00:00,1130,LogAlways,.NET Runtime Optimization Service,Application,0,0,win7,1,,,,,,,,,,,,False,C:\Users\BRIANNA\OneDrive\Documents\GitHub\NSSECU3_MP2\win7_files\Logs\Application.evtx,0x80000000000000,0,"{""EventData"":{""Data"":"".NET Runtime Optimization Service (2.0.50727.5420) - Installed from repository: Microsoft.MediaCenter.Sports"",""Binary"":""""}}"
215,215,2024-05-26 11:43:11+00:00,1130,LogAlways,.NET Runtime Optimization Service,Application,0,0,win7,1,,,,,,,,,,,,False,C:\Users\BRIANNA\OneDrive\Documents\GitHub\NSSECU3_MP2\win7_files\Logs\Application.evtx,0x80000000000000,0,"{""EventData"":{""Data"":"".NET Runtime Optimization Service (2.0.50727.5420) - Installed from repository: ehshell"",""Binary"":""""}}"
211,211,2024-05-26 11:43:11+00:00,1130,LogAlways,.NET Runtime Optimization Service,Application,0,0,win7,1,,,,,,,,,,,,False,C:\Users\BRIANNA\OneDrive\Documents\GitHub\NSSECU3_MP2\win7_files\Logs\Application.evtx,0x80000000000000,0,"{""EventData"":{""Data"":"".NET Runtime Optimization Service (2.0.50727.5420) - Installed from repository: Microsoft.MediaCenter.ITVVM"",""Binary"":""""}}"
212,212,2024-05-26 11:43:11+00:00,1130,LogAlways,.NET Runtime Optimization Service,Application,0,0,win7,1,,,,,,,,,,,,False,C:\Users\BRIANNA\OneDrive\Documents\GitHub\NSSECU3_MP2\win7_files\Logs\Application.evtx,0x80000000000000,0,"{""EventData"":{""Data"":"".NET Runtime Optimization Service (2.0.50727.5420) - Installed from repository: Microsoft.MediaCenter.Playback"",""Binary"":""""}}"
213,213,2024-05-26 11:43:11+00:00,1130,LogAlways,.NET Runtime Optimization Service,Application,0,0,win7,1,,,,,,,,,,,,False,C:\Users\BRIANNA\OneDrive\Documents\GitHub\NSSECU3_MP2\win7_files\Logs\Application.evtx,0x80000000000000,0,"{""EventData"":{""Data"":"".NET Runtime Optimization Service (2.0.50727.5420) - Installed from repository: Microsoft.MediaCenter.TV.Tuners.Interop"",""Binary"":""""}}"
216,216,2024-05-26 11:43:11+00:00,1130,LogAlways,.NET Runtime Optimization Service,Application,0,0,win7,1,,,,,,,,,,,,False,C:\Users\BRIANNA\OneDrive\Documents\GitHub\NSSECU3_MP2\win7_files\Logs\Application.evtx,0x80000000000000,0,"{""EventData"":{""Data"":"".NET Runtime Optimization Service (2.0.50727.5420) - Installed from repository: Mcx2Dvcs"",""Binary"":""""}}"
344,344,2024-05-26 11:43:11.505734300+00:00,7036,Info,Service Control Manager,System,444,108,win7,2,,Service started or stopped,,,Name: Multimedia Class Scheduler | Multimedia Class Scheduler,Status: stopped,,,,,,False,C:\Users\BRIANNA\OneDrive\Documents\GitHub\NSSECU3_MP2\win7_files\Logs\System.evtx,"Audit success, classic",0,"{""EventData"":{""Data"":[{""@Name"":""param1"",""#text"":""Multimedia Class Scheduler""},{""@Name"":""param2"",""#text"":""stopped""}],""Binary"":""4D-00-4D-00-43-00-53-00-53-00-2F-00-31-00-00-00""}}"
217,217,2024-05-26 11:43:13+00:00,1130,LogAlways,.NET Runtime Optimization Service,Application,0,0,win7,1,,,,,,,,,,,,False,C:\Users\BRIANNA\OneDrive\Documents\GitHub\NSSECU3_MP2\win7_files\Logs\Application.evtx,0x80000000000000,0,"{""EventData"":{""Data"":"".NET Runtime Optimization Service (2.0.50727.5420) - Installed from repository: Microsoft.MediaCenter.iTv"",""Binary"":""""}}"
219,219,2024-05-26 11:43:14+00:00,1130,LogAlways,.NET Runtime Optimization Service,Application,0,0,win7,1,,,,,,,,,,,,False,C:\Users\BRIANNA\OneDrive\Documents\GitHub\NSSECU3_MP2\win7_files\Logs\Application.evtx,0x80000000000000,0,"{""EventData"":{""Data"":"".NET Runtime Optimization Service (2.0.50727.5420) - Installed from repository: LoadMxf"",""Binary"":""""}}"
218,218,2024-05-26 11:43:14+00:00,1130,LogAlways,.NET Runtime Optimization Service,Application,0,0,win7,1,,,,,,,,,,,,False,C:\Users\BRIANNA\OneDrive\Documents\GitHub\NSSECU3_MP2\win7_files\Logs\Application.evtx,0x80000000000000,0,"{""EventData"":{""Data"":"".NET Runtime Optimization Service (2.0.50727.5420) - Installed from repository: Microsoft.MediaCenter.iTv.Media"",""Binary"":""""}}"
222,222,2024-05-26 11:43:15+00:00,1130,LogAlways,.NET Runtime Optimization Service,Application,0,0,win7,1,,,,,,,,,,,,False,C:\Users\BRIANNA\OneDrive\Documents\GitHub\NSSECU3_MP2\win7_files\Logs\Application.evtx,0x80000000000000,0,"{""EventData"":{""Data"":"".NET Runtime Optimization Service (2.0.50727.5420) - Installed from repository: mcplayerinterop"",""Binary"":""""}}"
221,221,2024-05-26 11:43:15+00:00,1130,LogAlways,.NET Runtime Optimization Service,Application,0,0,win7,1,,,,,,,,,,,,False,C:\Users\BRIANNA\OneDrive\Documents\GitHub\NSSECU3_MP2\win7_files\Logs\Application.evtx,0x80000000000000,0,"{""EventData"":{""Data"":"".NET Runtime Optimization Service (2.0.50727.5420) - Installed from repository: mcGlidHostObj"",""Binary"":""""}}"
220,220,2024-05-26 11:43:15+00:00,1130,LogAlways,.NET Runtime Optimization Service,Application,0,0,win7,1,,,,,,,,,,,,False,C:\Users\BRIANNA\OneDrive\Documents\GitHub\NSSECU3_MP2\win7_files\Logs\Application.evtx,0x80000000000000,0,"{""EventData"":{""Data"":"".NET Runtime Optimization Service (2.0.50727.5420) - Installed from repository: MCESidebarCtrl"",""Binary"":""""}}"
224,224,2024-05-26 11:43:16+00:00,1130,LogAlways,.NET Runtime Optimization Service,Application,0,0,win7,1,,,,,,,,,,,,False,C:\Users\BRIANNA\OneDrive\Documents\GitHub\NSSECU3_MP2\win7_files\Logs\Application.evtx,0x80000000000000,0,"{""EventData"":{""Data"":"".NET Runtime Optimization Service (2.0.50727.5420) - Installed from repository: Microsoft.ApplicationId.Framework"",""Binary"":""""}}"
223,223,2024-05-26 11:43:16+00:00,1130,LogAlways,.NET Runtime Optimization Service,Application,0,0,win7,1,,,,,,,,,,,,False,C:\Users\BRIANNA\OneDrive\Documents\GitHub\NSSECU3_MP2\win7_files\Logs\Application.evtx,0x80000000000000,0,"{""EventData"":{""Data"":"".NET Runtime Optimization Service (2.0.50727.5420) - Installed from repository: mcupdate"",""Binary"":""""}}"
225,225,2024-05-26 11:43:16+00:00,1130,LogAlways,.NET Runtime Optimization Service,Application,0,0,win7,1,,,,,,,,,,,,False,C:\Users\BRIANNA\OneDrive\Documents\GitHub\NSSECU3_MP2\win7_files\Logs\Application.evtx,0x80000000000000,0,"{""EventData"":{""Data"":"".NET Runtime Optimization Service (2.0.50727.5420) - Installed from repository: Microsoft.ApplicationId.RuleWizard"",""Binary"":""""}}"
226,226,2024-05-26 11:43:17+00:00,1130,LogAlways,.NET Runtime Optimization Service,Application,0,0,win7,1,,,,,,,,,,,,False,C:\Users\BRIANNA\OneDrive\Documents\GitHub\NSSECU3_MP2\win7_files\Logs\Application.evtx,0x80000000000000,0,"{""EventData"":{""Data"":"".NET Runtime Optimization Service (2.0.50727.5420) - Installed from repository: Microsoft.Security.ApplicationId.PolicyManagement.PolicyModel"",""Binary"":""""}}"
227,227,2024-05-26 11:43:17+00:00,1130,LogAlways,.NET Runtime Optimization Service,Application,0,0,win7,1,,,,,,,,,,,,False,C:\Users\BRIANNA\OneDrive\Documents\GitHub\NSSECU3_MP2\win7_files\Logs\Application.evtx,0x80000000000000,0,"{""EventData"":{""Data"":"".NET Runtime Optimization Service (2.0.50727.5420) - Installed from repository: Microsoft.Security.ApplicationId.PolicyManagement.XmlHelper"",""Binary"":""""}}"
228,228,2024-05-26 11:43:17+00:00,1130,LogAlways,.NET Runtime Optimization Service,Application,0,0,win7,1,,,,,,,,,,,,False,C:\Users\BRIANNA\OneDrive\Documents\GitHub\NSSECU3_MP2\win7_files\Logs\Application.evtx,0x80000000000000,0,"{""EventData"":{""Data"":"".NET Runtime Optimization Service (2.0.50727.5420) - Installed from repository: Microsoft.Security.ApplicationId.PolicyManagement.PolicyManager"",""Binary"":""""}}"
229,229,2024-05-26 11:43:17+00:00,1130,LogAlways,.NET Runtime Optimization Service,Application,0,0,win7,1,,,,,,,,,,,,False,C:\Users\BRIANNA\OneDrive\Documents\GitHub\NSSECU3_MP2\win7_files\Logs\Application.evtx,0x80000000000000,0,"{""EventData"":{""Data"":"".NET Runtime Optimization Service (2.0.50727.5420) - Installed from repository: Microsoft.Security.ApplicationId.PolicyManagement.PolicyEngineApi.Interop"",""Binary"":""""}}"
230,230,2024-05-26 11:43:17+00:00,1130,LogAlways,.NET Runtime Optimization Service,Application,0,0,win7,1,,,,,,,,,,,,False,C:\Users\BRIANNA\OneDrive\Documents\GitHub\NSSECU3_MP2\win7_files\Logs\Application.evtx,0x80000000000000,0,"{""EventData"":{""Data"":"".NET Runtime Optimization Service (2.0.50727.5420) - Installed from repository: Microsoft.GroupPolicy.AdmTmplEditor"",""Binary"":""""}}"
231,231,2024-05-26 11:43:19+00:00,1130,LogAlways,.NET Runtime Optimization Service,Application,0,0,win7,1,,,,,,,,,,,,False,C:\Users\BRIANNA\OneDrive\Documents\GitHub\NSSECU3_MP2\win7_files\Logs\Application.evtx,0x80000000000000,0,"{""EventData"":{""Data"":"".NET Runtime Optimization Service (2.0.50727.5420) - Installed from repository: Microsoft.GroupPolicy.Interop"",""Binary"":""""}}"
232,232,2024-05-26 11:43:21+00:00,1130,LogAlways,.NET Runtime Optimization Service,Application,0,0,win7,1,,,,,,,,,,,,False,C:\Users\BRIANNA\OneDrive\Documents\GitHub\NSSECU3_MP2\win7_files\Logs\Application.evtx,0x80000000000000,0,"{""EventData"":{""Data"":"".NET Runtime Optimization Service (2.0.50727.5420) - Installed from repository: Microsoft.GroupPolicy.Reporting"",""Binary"":""""}}"
233,233,2024-05-26 11:43:21+00:00,1130,LogAlways,.NET Runtime Optimization Service,Application,0,0,win7,1,,,,,,,,,,,,False,C:\Users\BRIANNA\OneDrive\Documents\GitHub\NSSECU3_MP2\win7_files\Logs\Application.evtx,0x80000000000000,0,"{""EventData"":{""Data"":"".NET Runtime Optimization Service (2.0.50727.5420) - Installed from repository: SecurityAuditPoliciesSnapIn"",""Binary"":""""}}"
234,234,2024-05-26 11:43:22+00:00,1130,LogAlways,.NET Runtime Optimization Service,Application,0,0,win7,1,,,,,,,,,,,,False,C:\Users\BRIANNA\OneDrive\Documents\GitHub\NSSECU3_MP2\win7_files\Logs\Application.evtx,0x80000000000000,0,"{""EventData"":{""Data"":"".NET Runtime Optimization Service (2.0.50727.5420) - Installed from repository: Microsoft.MediaCenter.Bml"",""Binary"":""""}}"
6,6,2024-05-26 11:43:22.021359300+00:00,105,Info,Microsoft-Windows-Diagnosis-DPS,Microsoft-Windows-Diagnosis-DPS/Operational,1136,1280,win7,0,S-1-5-19,,,,,,,,,,,False,C:\Users\BRIANNA\OneDrive\Documents\GitHub\NSSECU3_MP2\win7_files\Logs\Microsoft-Windows-Diagnosis-DPS_4Operational.evtx,0x4000000800000000,0,"{""EventData"":{""Data"":[{""@Name"":""ScenarioId"",""#text"":""86432a0b-3c7d-4ddf-a89c-172faa90485d""},{""@Name"":""InstanceId"",""#text"":""0fc63b22-0b58-44a1-8dc3-27251cf19e22""},{""@Name"":""OriginalActivityId"",""#text"":""86432a0b-3c7d-4ddf-a89c-172faa90485d""},{""@Name"":""DiagnosticModuleImageName"",""#text"":""%SystemRoot%\\system32\\diagperf.dll""},{""@Name"":""DiagnosticModuleId"",""#text"":""c8544339-5be9-4f25-862e-485f1b1a6935""}]}}"
5,5,2024-05-26 11:43:22.021359300+00:00,100,Info,Microsoft-Windows-Diagnosis-DPS,Microsoft-Windows-Diagnosis-DPS/Operational,1136,1280,win7,0,S-1-5-19,,,,,,,,,,,False,C:\Users\BRIANNA\OneDrive\Documents\GitHub\NSSECU3_MP2\win7_files\Logs\Microsoft-Windows-Diagnosis-DPS_4Operational.evtx,0x4000000800000000,0,"{""EventData"":{""Data"":[{""@Name"":""ScenarioId"",""#text"":""86432a0b-3c7d-4ddf-a89c-172faa90485d""},{""@Name"":""InstanceId"",""#text"":""0fc63b22-0b58-44a1-8dc3-27251cf19e22""},{""@Name"":""OriginalActivityId"",""#text"":""86432a0b-3c7d-4ddf-a89c-172faa90485d""},{""@Name"":""DiagnosticModuleImageName"",""#text"":""%SystemRoot%\\system32\\diagperf.dll""},{""@Name"":""DiagnosticModuleId"",""#text"":""c8544339-5be9-4f25-862e-485f1b1a6935""}]}}"
235,235,2024-05-26 11:43:24+00:00,1130,LogAlways,.NET Runtime Optimization Service,Application,0,0,win7,1,,,,,,,,,,,,False,C:\Users\BRIANNA\OneDrive\Documents\GitHub\NSSECU3_MP2\win7_files\Logs\Application.evtx,0x80000000000000,0,"{""EventData"":{""Data"":"".NET Runtime Optimization Service (2.0.50727.5420) - Installed from repository: Microsoft.MediaCenter.Mheg"",""Binary"":""""}}"
7,7,2024-05-26 11:43:24.224484300+00:00,110,Info,Microsoft-Windows-Diagnosis-DPS,Microsoft-Windows-Diagnosis-DPS/Operational,1136,1280,win7,0,S-1-5-19,,,,,,,,,,,False,C:\Users\BRIANNA\OneDrive\Documents\GitHub\NSSECU3_MP2\win7_files\Logs\Microsoft-Windows-Diagnosis-DPS_4Operational.evtx,0x4000000800000000,0,"{""EventData"":{""Data"":[{""@Name"":""ScenarioId"",""#text"":""86432a0b-3c7d-4ddf-a89c-172faa90485d""},{""@Name"":""InstanceId"",""#text"":""0fc63b22-0b58-44a1-8dc3-27251cf19e22""},{""@Name"":""OriginalActivityId"",""#text"":""86432a0b-3c7d-4ddf-a89c-172faa90485d""},{""@Name"":""DiagnosticModuleImageName"",""#text"":""%SystemRoot%\\system32\\diagperf.dll""},{""@Name"":""DiagnosticModuleId"",""#text"":""c8544339-5be9-4f25-862e-485f1b1a6935""}]}}"
